4.7025 	DEBUG 	Fullscreen settings ignored as running in pilot mode.
4.7039 	INFO 	Loaded monitor calibration from ['2025_08_13 14:32']
4.9005 	EXP 	Created window1 = Window(allowGUI=False, allowStencil=False, autoLog=True, backendConf=UNKNOWN, backgroundFit=<method-wrapper '__getattribute__' of attributeSetter object at 0x7ff512707af0>, backgroundImage=<method-wrapper '__getattribute__' of attributeSetter object at 0x7ff512707a00>, bitsMode=UNKNOWN, blendMode='avg', bpc=(8, 8, 8), color=array([0, 0, 0]), colorSpace='rgb', depthBits=8, fullscr=False, gamma=None, gammaErrorPolicy='raise', infoMsg=UNKNOWN, lms=UNKNOWN, monitor=<psychopy.monitors.calibTools.Monitor object at 0x7ff512431580>, multiSample=False, name='window1', numSamples=2, pos=[320.0, 150.0], screen=0, size=array([1600, 1200]), stencilBits=0, stereo=False, title='PsychoPy', units='height', useFBO=True, useRetina=True, viewOri=0.0, viewPos=None, viewScale=None, waitBlanking=True, winType='pyglet')
4.9006 	EXP 	window1: backgroundImage = ''
4.9006 	EXP 	window1: backgroundFit = 'none'
4.9093 	DEBUG 	TextBox2 loaded 1 chars with 0 blanks and 1 valid
4.9107 	DEBUG 	TextBox2 loaded 1 chars with 0 blanks and 1 valid
4.9117 	DEBUG 	TextBox2 loaded 1 chars with 0 blanks and 1 valid
4.9127 	DEBUG 	TextBox2 loaded 1 chars with 0 blanks and 1 valid
4.9137 	DEBUG 	TextBox2 loaded 1 chars with 0 blanks and 1 valid
4.9143 	DEBUG 	TextBox2 loaded 1 chars with 0 blanks and 1 valid
4.9151 	DEBUG 	TextBox2 loaded 1 chars with 0 blanks and 1 valid
4.9162 	DEBUG 	TextBox2 loaded 1 chars with 0 blanks and 1 valid
4.9167 	DEBUG 	TextBox2 loaded 1 chars with 0 blanks and 1 valid
4.9172 	DEBUG 	TextBox2 loaded 1 chars with 0 blanks and 1 valid
4.9180 	DEBUG 	TextBox2 loaded 1 chars with 0 blanks and 1 valid
4.9194 	DEBUG 	TextBox2 loaded 1 chars with 0 blanks and 1 valid
4.9201 	DEBUG 	TextBox2 loaded 1 chars with 0 blanks and 1 valid
4.9209 	DEBUG 	TextBox2 loaded 1 chars with 0 blanks and 1 valid
4.9217 	DEBUG 	TextBox2 loaded 1 chars with 0 blanks and 1 valid
4.9225 	DEBUG 	TextBox2 loaded 1 chars with 0 blanks and 1 valid
4.9233 	DEBUG 	TextBox2 loaded 1 chars with 0 blanks and 1 valid
4.9239 	DEBUG 	TextBox2 loaded 1 chars with 0 blanks and 1 valid
4.9244 	DEBUG 	TextBox2 loaded 1 chars with 0 blanks and 1 valid
4.9255 	DEBUG 	TextBox2 loaded 1 chars with 0 blanks and 1 valid
4.9259 	DEBUG 	TextBox2 loaded 1 chars with 0 blanks and 1 valid
4.9261 	DEBUG 	Uploading Texture Font fontname to graphics card
4.9297 	DEBUG 	Upload of Texture Font fontname complete
4.9352 	DEBUG 	TextBox2 loaded 1 chars with 0 blanks and 1 valid
4.9363 	DEBUG 	TextBox2 loaded 1 chars with 0 blanks and 1 valid
4.9373 	DEBUG 	TextBox2 loaded 1 chars with 0 blanks and 1 valid
4.9375 	DEBUG 	Uploading Texture Font fontname to graphics card
4.9394 	DEBUG 	Upload of Texture Font fontname complete
4.9410 	EXP 	window1: Attempting to measure frame rate of screen (0) ...
4.9410 	EXP 	window1: recordFrameIntervals = False
5.1288 	EXP 	window1: recordFrameIntervals = True
5.9618 	WARNING 	Couldn't measure a consistent frame rate!
  - Is your graphics card set to sync to vertical blank?
  - Are you running other processes on your computer?

5.9707 	DEBUG 	TextBox2 loaded 1 chars with 0 blanks and 1 valid
5.9718 	DEBUG 	TextBox2 loaded 1 chars with 0 blanks and 1 valid
5.9733 	DEBUG 	TextBox2 loaded 1 chars with 0 blanks and 1 valid
5.9750 	DEBUG 	TextBox2 loaded 1 chars with 0 blanks and 1 valid
5.9767 	DEBUG 	TextBox2 loaded 1 chars with 0 blanks and 1 valid
5.9785 	DEBUG 	TextBox2 loaded 1 chars with 0 blanks and 1 valid
5.9795 	DEBUG 	TextBox2 loaded 1 chars with 0 blanks and 1 valid
5.9810 	DEBUG 	TextBox2 loaded 1 chars with 0 blanks and 1 valid
5.9826 	DEBUG 	TextBox2 loaded 1 chars with 0 blanks and 1 valid
5.9841 	DEBUG 	TextBox2 loaded 1 chars with 0 blanks and 1 valid
5.9845 	DEBUG 	Uploading Texture Font fontname to graphics card
5.9882 	DEBUG 	Upload of Texture Font fontname complete
6.0104 	WARNING 	launchHubServer: If using the iohub mouse or eyetracker devices, fullScr should be True.
9.6461 	INFO 	keyboard.Keyboard is using iohub backend.
9.6461 	INFO 	keyboard.Keyboard is using iohub backend.
9.6461 	INFO 	keyboard.Keyboard is using iohub backend.
9.6462 	INFO 	keyboard.Keyboard is using iohub backend.
9.6462 	INFO 	keyboard.Keyboard is using iohub backend.
9.6462 	INFO 	keyboard.Keyboard is using iohub backend.
9.6462 	INFO 	keyboard.Keyboard is using iohub backend.
9.6462 	INFO 	keyboard.Keyboard is using iohub backend.
9.6462 	INFO 	keyboard.Keyboard is using iohub backend.
9.6463 	INFO 	keyboard.Keyboard is using iohub backend.
9.6463 	INFO 	keyboard.Keyboard is using iohub backend.
9.6463 	EXP 	tilt_mocs: status = STARTED
9.6916 	EXP 	Created text_5 = TextStim(__class__=<class 'psychopy.visual.text.TextStim'>, alignHoriz=method-wrapper(...), alignText='center', alignVert=method-wrapper(...), anchorHoriz='center', anchorVert='center', antialias=True, autoDraw=False, autoLog=True, bold=False, color=array([1., 1., 1.]), colorSpace='rgb', contrast=1.0, depth=0.0, draggable=False, flipHoriz=False, flipVert=False, font='Arial', fontFiles=[], height=0.05, italic=False, languageStyle='LTR', name='text_5', opacity=1, ori=0.0, pos=array([0., 0.]), rgb=UNKNOWN, text=str(...), units='height', win=Window(...), wrapWidth=1)
9.6937 	EXP 	Created surround_practice_3 = GratingStim(__class__=<class 'psychopy.visual.grating.GratingStim'>, anchor='center', autoDraw=False, autoLog=True, blendmode='avg', color=array([1., 1., 1.]), colorSpace='rgb', contrast=1.0, depth=-1.0, draggable=False, interpolate=True, mask='circle', maskParams=None, name='surround_practice_3', opacity=1, ori=15.0, phase=array([1., 1.]), pos=array([0., 0.]), rgbPedestal=array([0., 0., 0.]), sf=array([2.5, 2.5]), size=array([6., 6.]), tex='sin', texRes=128.0, units='cm', win=Window(...))
9.6952 	EXP 	Created center_practice_3 = GratingStim(__class__=<class 'psychopy.visual.grating.GratingStim'>, anchor='center', autoDraw=False, autoLog=True, blendmode='avg', color=array([0.2, 0.2, 0.2]), colorSpace='rgb', contrast=0.2, depth=-2.0, draggable=False, interpolate=True, mask='circle', maskParams=None, name='center_practice_3', opacity=1, ori=15.0, phase=array([1., 1.]), pos=array([0., 0.]), rgbPedestal=array([0., 0., 0.]), sf=array([2.5, 2.5]), size=array([2., 2.]), tex='sin', texRes=128.0, units='cm', win=Window(...))
9.6966 	EXP 	Created surround_practice_4 = GratingStim(__class__=<class 'psychopy.visual.grating.GratingStim'>, anchor='center', autoDraw=False, autoLog=True, blendmode='avg', color=array([1., 1., 1.]), colorSpace='rgb', contrast=1.0, depth=-1.0, draggable=False, interpolate=True, mask='circle', maskParams=None, name='surround_practice_4', opacity=1, ori=15.0, phase=array([1., 1.]), pos=array([0., 0.]), rgbPedestal=array([0., 0., 0.]), sf=array([13., 13.]), size=array([0.9, 0.9]), tex='sin', texRes=128.0, units='height', win=Window(...))
9.6979 	EXP 	Created center_practice_4 = GratingStim(__class__=<class 'psychopy.visual.grating.GratingStim'>, anchor='center', autoDraw=False, autoLog=True, blendmode='avg', color=array([0.2, 0.2, 0.2]), colorSpace='rgb', contrast=0.2, depth=-2.0, draggable=False, interpolate=True, mask='circle', maskParams=None, name='center_practice_4', opacity=1, ori=15.0, phase=array([1., 1.]), pos=array([0., 0.]), rgbPedestal=array([0., 0., 0.]), sf=array([5., 5.]), size=array([0.3, 0.3]), tex='sin', texRes=128.0, units='height', win=Window(...))
9.7048 	EXP 	Created text_6 = TextStim(__class__=<class 'psychopy.visual.text.TextStim'>, alignHoriz=method-wrapper(...), alignText='center', alignVert=method-wrapper(...), anchorHoriz='center', anchorVert='center', antialias=True, autoDraw=False, autoLog=True, bold=False, color=array([1., 1., 1.]), colorSpace='rgb', contrast=1.0, depth=0.0, draggable=False, flipHoriz=False, flipVert=False, font='Arial', fontFiles=[], height=0.05, italic=False, languageStyle='LTR', name='text_6', opacity=1, ori=0.0, pos=array([0., 0.]), rgb=UNKNOWN, text=str(...), units='height', win=Window(...), wrapWidth=1)
9.7063 	EXP 	Created surround_practice = GratingStim(__class__=<class 'psychopy.visual.grating.GratingStim'>, anchor='center', autoDraw=False, autoLog=True, blendmode='avg', color=array([0.2, 0.2, 0.2]), colorSpace='rgb', contrast=0.2, depth=-1.0, draggable=False, interpolate=True, mask='circle', maskParams=None, name='surround_practice', opacity=1, ori=1.0, phase=array([1., 1.]), pos=array([0., 0.]), rgbPedestal=array([0., 0., 0.]), sf=array([2.5, 2.5]), size=array([6., 6.]), tex='sin', texRes=128.0, units='cm', win=Window(...))
9.7077 	EXP 	Created center_practice = GratingStim(__class__=<class 'psychopy.visual.grating.GratingStim'>, anchor='center', autoDraw=False, autoLog=True, blendmode='avg', color=array([1., 1., 1.]), colorSpace='rgb', contrast=1.0, depth=-2.0, draggable=False, interpolate=True, mask='circle', maskParams=None, name='center_practice', opacity=1, ori=1.0, phase=array([1., 1.]), pos=array([0., 0.]), rgbPedestal=array([0., 0., 0.]), sf=array([2.5, 2.5]), size=array([2., 2.]), tex='sin', texRes=128.0, units='cm', win=Window(...))
9.7111 	EXP 	Created text_11 = TextStim(__class__=<class 'psychopy.visual.text.TextStim'>, alignHoriz=method-wrapper(...), alignText='center', alignVert=method-wrapper(...), anchorHoriz='center', anchorVert='center', antialias=True, autoDraw=False, autoLog=True, bold=False, color=array([1., 1., 1.]), colorSpace='rgb', contrast=1.0, depth=-4.0, draggable=False, flipHoriz=False, flipVert=False, font='Arial', fontFiles=[], height=0.05, italic=False, languageStyle='LTR', name='text_11', opacity=1, ori=0.0, pos=array([0., 0.]), rgb=UNKNOWN, text=str(...), units='height', win=Window(...), wrapWidth=1)
9.7116 	EXP 	Created text_7 = TextStim(__class__=<class 'psychopy.visual.text.TextStim'>, alignHoriz=method-wrapper(...), alignText='center', alignVert=method-wrapper(...), anchorHoriz='center', anchorVert='center', antialias=True, autoDraw=False, autoLog=True, bold=False, color=array([1., 1., 1.]), colorSpace='rgb', contrast=1.0, depth=-1.0, draggable=False, flipHoriz=False, flipVert=False, font='Arial', fontFiles=[], height=0.05, italic=False, languageStyle='LTR', name='text_7', opacity=1, ori=0.0, pos=array([0., 0.]), rgb=UNKNOWN, text='', units='height', win=Window(...), wrapWidth=1)
9.7186 	EXP 	Created text_8 = TextStim(__class__=<class 'psychopy.visual.text.TextStim'>, alignHoriz=method-wrapper(...), alignText='center', alignVert=method-wrapper(...), anchorHoriz='center', anchorVert='center', antialias=True, autoDraw=False, autoLog=True, bold=False, color=array([1., 1., 1.]), colorSpace='rgb', contrast=1.0, depth=0.0, draggable=False, flipHoriz=False, flipVert=False, font='Arial', fontFiles=[], height=0.05, italic=False, languageStyle='LTR', name='text_8', opacity=1, ori=0.0, pos=array([0., 0.]), rgb=UNKNOWN, text=str(...), units='height', win=Window(...), wrapWidth=1)
9.7201 	EXP 	Created surround_practice_2 = GratingStim(__class__=<class 'psychopy.visual.grating.GratingStim'>, anchor='center', autoDraw=False, autoLog=True, blendmode='avg', color=array([0.2, 0.2, 0.2]), colorSpace='rgb', contrast=0.2, depth=0.0, draggable=False, interpolate=True, mask='circle', maskParams=None, name='surround_practice_2', opacity=1.0, ori=1.0, phase=array([0., 0.]), pos=array([0., 0.]), rgbPedestal=array([0., 0., 0.]), sf=array([2.5, 2.5]), size=array([6., 6.]), tex='sin', texRes=128.0, units='cm', win=Window(...))
9.7215 	EXP 	Created center_practice_2 = GratingStim(__class__=<class 'psychopy.visual.grating.GratingStim'>, anchor='center', autoDraw=False, autoLog=True, blendmode='avg', color=array([0.2, 0.2, 0.2]), colorSpace='rgb', contrast=0.2, depth=-1.0, draggable=False, interpolate=True, mask='circle', maskParams=None, name='center_practice_2', opacity=1, ori=1.0, phase=array([0., 0.]), pos=array([0., 0.]), rgbPedestal=array([0., 0., 0.]), sf=array([2.5, 2.5]), size=array([2., 2.]), tex='sin', texRes=128.0, units='cm', win=Window(...))
9.7239 	EXP 	Created text_12 = TextStim(__class__=<class 'psychopy.visual.text.TextStim'>, alignHoriz=method-wrapper(...), alignText='center', alignVert=method-wrapper(...), anchorHoriz='center', anchorVert='center', antialias=True, autoDraw=False, autoLog=True, bold=False, color=array([1., 1., 1.]), colorSpace='rgb', contrast=1.0, depth=-3.0, draggable=False, flipHoriz=False, flipVert=False, font='Arial', fontFiles=[], height=0.05, italic=False, languageStyle='LTR', name='text_12', opacity=1, ori=0.0, pos=array([0., 0.]), rgb=UNKNOWN, text=str(...), units='height', win=Window(...), wrapWidth=1)
9.7244 	EXP 	Created text_7 = TextStim(__class__=<class 'psychopy.visual.text.TextStim'>, alignHoriz=method-wrapper(...), alignText='center', alignVert=method-wrapper(...), anchorHoriz='center', anchorVert='center', antialias=True, autoDraw=False, autoLog=True, bold=False, color=array([1., 1., 1.]), colorSpace='rgb', contrast=1.0, depth=-1.0, draggable=False, flipHoriz=False, flipVert=False, font='Arial', fontFiles=[], height=0.05, italic=False, languageStyle='LTR', name='text_7', opacity=1, ori=0.0, pos=array([0., 0.]), rgb=UNKNOWN, text='', units='height', win=Window(...), wrapWidth=1)
9.7289 	EXP 	Created text_13 = TextStim(__class__=<class 'psychopy.visual.text.TextStim'>, alignHoriz=method-wrapper(...), alignText='center', alignVert=method-wrapper(...), anchorHoriz='center', anchorVert='center', antialias=True, autoDraw=False, autoLog=True, bold=False, color=array([1., 1., 1.]), colorSpace='rgb', contrast=1.0, depth=0.0, draggable=False, flipHoriz=False, flipVert=False, font='Arial', fontFiles=[], height=0.05, italic=False, languageStyle='LTR', name='text_13', opacity=1, ori=0.0, pos=array([0., 0.]), rgb=UNKNOWN, text=str(...), units='height', win=Window(...), wrapWidth=1)
9.7304 	EXP 	Created surround_grating = GratingStim(__class__=<class 'psychopy.visual.grating.GratingStim'>, anchor='center', autoDraw=False, autoLog=True, blendmode='avg', color=array([0.2, 0.2, 0.2]), colorSpace='rgb', contrast=0.2, depth=-1.0, draggable=False, interpolate=True, mask='circle', maskParams=None, name='surround_grating', opacity=1.0, ori=1.0, phase=array([1., 1.]), pos=array([0., 0.]), rgbPedestal=array([0., 0., 0.]), sf=array([2.5, 2.5]), size=array([6., 6.]), tex='sin', texRes=128.0, units='cm', win=Window(...))
9.7318 	EXP 	Created center_grating = GratingStim(__class__=<class 'psychopy.visual.grating.GratingStim'>, anchor='center', autoDraw=False, autoLog=True, blendmode='avg', color=array([0.2, 0.2, 0.2]), colorSpace='rgb', contrast=0.2, depth=-2.0, draggable=False, interpolate=True, mask='circle', maskParams=None, name='center_grating', opacity=1, ori=1.0, phase=array([1., 1.]), pos=array([0., 0.]), rgbPedestal=array([0., 0., 0.]), sf=array([2.5, 2.5]), size=array([2., 2.]), tex='sin', texRes=128.0, units='cm', win=Window(...))
9.7342 	EXP 	Created text_4 = TextStim(__class__=<class 'psychopy.visual.text.TextStim'>, alignHoriz=method-wrapper(...), alignText='center', alignVert=method-wrapper(...), anchorHoriz='center', anchorVert='center', antialias=True, autoDraw=False, autoLog=True, bold=False, color=array([1., 1., 1.]), colorSpace='rgb', contrast=1.0, depth=-4.0, draggable=False, flipHoriz=False, flipVert=False, font='Arial', fontFiles=[], height=0.05, italic=False, languageStyle='LTR', name='text_4', opacity=1, ori=0.0, pos=array([0., 0.]), rgb=UNKNOWN, text=str(...), units='height', win=Window(...), wrapWidth=1)
9.7361 	EXP 	Created text_14 = TextStim(__class__=<class 'psychopy.visual.text.TextStim'>, alignHoriz=method-wrapper(...), alignText='center', alignVert=method-wrapper(...), anchorHoriz='center', anchorVert='center', antialias=True, autoDraw=False, autoLog=True, bold=False, color=array([1., 1., 1.]), colorSpace='rgb', contrast=1.0, depth=0.0, draggable=False, flipHoriz=False, flipVert=False, font='Arial', fontFiles=[], height=0.05, italic=False, languageStyle='LTR', name='text_14', opacity=1, ori=0.0, pos=array([0., 0.]), rgb=UNKNOWN, text='thank you and have a pleasant day ', units='height', win=Window(...), wrapWidth=1)
0.0325 	INFO 	Keyboard events cleared
0.0322 	EXP 	text_5: autoDraw = True
0.5995 	DATA 	Keypress: space
0.6032 	INFO 	Keyboard events cleared
0.6029 	WARNING 	t of last frame was 48.54ms (=1/20)
0.6029 	EXP 	text_5: autoDraw = False
0.6029 	EXP 	surround_practice_3: phase = array([0., 0.])
0.6029 	EXP 	center_practice_3: phase = array([0., 0.])
0.6029 	EXP 	surround_practice_3: autoDraw = True
0.6029 	EXP 	center_practice_3: autoDraw = True
0.6029 	EXP 	surround_practice_3: tex = 'sin'
0.6029 	EXP 	center_practice_3: tex = 'sin'
1.5810 	DATA 	Keypress: space
1.5838 	INFO 	Keyboard events cleared
1.5834 	EXP 	surround_practice_3: autoDraw = False
1.5834 	EXP 	center_practice_3: autoDraw = False
1.5834 	EXP 	surround_practice_4: phase = array([0., 0.])
1.5834 	EXP 	center_practice_4: phase = array([0., 0.])
1.5834 	EXP 	surround_practice_4: autoDraw = True
1.5834 	EXP 	center_practice_4: autoDraw = True
1.5834 	EXP 	surround_practice_4: tex = 'sin'
1.5834 	EXP 	center_practice_4: tex = 'sin'
1.6042 	WARNING 	t of last frame was 20.71ms (=1/48)
10.6007 	WARNING 	t of last frame was 24.84ms (=1/40)
11.6552 	WARNING 	t of last frame was 23.96ms (=1/41)
12.8551 	WARNING 	Multiple dropped frames have occurred - I'll stop bothering you about them!
20.3008 	DATA 	Keypress: escape
20.4118 	EXP 	tilt_mocs: status = STOPPED
20.4207 	EXP 	surround_practice_4: autoDraw = False
20.4207 	EXP 	center_practice_4: autoDraw = False
20.4223 	EXP 	tilt_mocs: status = STOPPED
20.4250 	INFO 	saved data to '/Users/bwinsto2/Downloads/tilt_mocs/data/078074_tilt_mocs_2025-08-19_17h19.30.122.csv'
20.4256 	INFO 	saved data to /Users/bwinsto2/Downloads/tilt_mocs/data/078074_tilt_mocs_2025-08-19_17h19.30.122.psydat
20.6648 	DEBUG 	Saving data for tilt_mocs ExperimentHandler
