5.4142 	INFO 	Loaded monitor calibration from ['2025_01_25 22:17']
5.4235 	WARNING 	User requested fullscreen with size [1024  768], but screen is actually [1440, 900]. Using actual size
5.6085 	EXP 	Created window1 = Window(allowGUI=False, allowStencil=False, autoLog=True, backendConf=UNKNOWN, backgroundFit=<method-wrapper '__getattribute__' of attributeSetter object at 0x7fa521e56df0>, backgroundImage=<method-wrapper '__getattribute__' of attributeSetter object at 0x7fa521e56d30>, bitsMode=UNKNOWN, blendMode='avg', bpc=(8, 8, 8), color=array([0, 0, 0]), colorSpace='rgb', depthBits=8, fullscr=True, gamma=None, gammaErrorPolicy='raise', infoMsg=UNKNOWN, lms=UNKNOWN, monitor=<psychopy.monitors.calibTools.Monitor object at 0x7fa5218f1940>, multiSample=False, name='window1', numSamples=2, pos=[0.0, 0.0], screen=0, size=array([2880, 1800]), stencilBits=0, stereo=False, title='PsychoPy', units='height', useFBO=True, useRetina=True, viewOri=0.0, viewPos=None, viewScale=None, waitBlanking=True, winType='pyglet')
5.6085 	EXP 	window1: backgroundImage = ''
5.6085 	EXP 	window1: backgroundFit = 'none'
5.6566 	EXP 	window1: Attempting to measure frame rate of screen (0) ...
5.6566 	EXP 	window1: recordFrameIntervals = False
5.9089 	EXP 	window1: recordFrameIntervals = True
6.7429 	WARNING 	Couldn't measure a consistent frame rate!
  - Is your graphics card set to sync to vertical blank?
  - Are you running other processes on your computer?

10.3830 	INFO 	keyboard.Keyboard is using iohub backend.
10.3830 	INFO 	keyboard.Keyboard is using iohub backend.
10.3831 	INFO 	keyboard.Keyboard is using iohub backend.
10.3831 	INFO 	keyboard.Keyboard is using iohub backend.
10.3831 	INFO 	keyboard.Keyboard is using iohub backend.
10.3831 	INFO 	keyboard.Keyboard is using iohub backend.
10.3831 	INFO 	keyboard.Keyboard is using iohub backend.
10.3832 	INFO 	keyboard.Keyboard is using iohub backend.
10.3832 	INFO 	keyboard.Keyboard is using iohub backend.
10.3832 	EXP 	tilt_mocs: status = STARTED
10.4318 	EXP 	Created text_5 = TextStim(__class__=<class 'psychopy.visual.text.TextStim'>, alignHoriz=method-wrapper(...), alignText='center', alignVert=method-wrapper(...), anchorHoriz='center', anchorVert='center', antialias=True, autoDraw=False, autoLog=True, bold=False, color=array([1., 1., 1.]), colorSpace='rgb', contrast=1.0, depth=0.0, draggable=False, flipHoriz=False, flipVert=False, font='Arial', fontFiles=[], height=0.05, italic=False, languageStyle='LTR', name='text_5', opacity=1, ori=0.0, pos=array([0., 0.]), rgb=UNKNOWN, text=str(...), units='height', win=Window(...), wrapWidth=1)
10.4395 	EXP 	Created text_6 = TextStim(__class__=<class 'psychopy.visual.text.TextStim'>, alignHoriz=method-wrapper(...), alignText='center', alignVert=method-wrapper(...), anchorHoriz='center', anchorVert='center', antialias=True, autoDraw=False, autoLog=True, bold=False, color=array([1., 1., 1.]), colorSpace='rgb', contrast=1.0, depth=0.0, draggable=False, flipHoriz=False, flipVert=False, font='Arial', fontFiles=[], height=0.05, italic=False, languageStyle='LTR', name='text_6', opacity=1, ori=0.0, pos=array([0., 0.]), rgb=UNKNOWN, text=str(...), units='height', win=Window(...), wrapWidth=1)
10.4417 	EXP 	Created surround_practice = GratingStim(__class__=<class 'psychopy.visual.grating.GratingStim'>, anchor='center', autoDraw=False, autoLog=True, blendmode='avg', color=array([0.2, 0.2, 0.2]), colorSpace='rgb', contrast=0.2, depth=-1.0, draggable=False, interpolate=True, mask='circle', maskParams=None, name='surround_practice', opacity=1, ori=1.0, phase=array([1., 1.]), pos=array([0., 0.]), rgbPedestal=array([0., 0., 0.]), sf=array([2.5, 2.5]), size=array([6., 6.]), tex='sin', texRes=128.0, units='deg', win=Window(...))
10.4432 	EXP 	Created center_practice = GratingStim(__class__=<class 'psychopy.visual.grating.GratingStim'>, anchor='center', autoDraw=False, autoLog=True, blendmode='avg', color=array([1., 1., 1.]), colorSpace='rgb', contrast=1.0, depth=-2.0, draggable=False, interpolate=True, mask='circle', maskParams=None, name='center_practice', opacity=1, ori=1.0, phase=array([1., 1.]), pos=array([0., 0.]), rgbPedestal=array([0., 0., 0.]), sf=array([2.5, 2.5]), size=array([2., 2.]), tex='sin', texRes=128.0, units='deg', win=Window(...))
10.4467 	EXP 	Created text_11 = TextStim(__class__=<class 'psychopy.visual.text.TextStim'>, alignHoriz=method-wrapper(...), alignText='center', alignVert=method-wrapper(...), anchorHoriz='center', anchorVert='center', antialias=True, autoDraw=False, autoLog=True, bold=False, color=array([1., 1., 1.]), colorSpace='rgb', contrast=1.0, depth=-4.0, draggable=False, flipHoriz=False, flipVert=False, font='Arial', fontFiles=[], height=0.05, italic=False, languageStyle='LTR', name='text_11', opacity=1, ori=0.0, pos=array([0., 0.]), rgb=UNKNOWN, text=str(...), units='height', win=Window(...), wrapWidth=1)
10.4472 	EXP 	Created text_7 = TextStim(__class__=<class 'psychopy.visual.text.TextStim'>, alignHoriz=method-wrapper(...), alignText='center', alignVert=method-wrapper(...), anchorHoriz='center', anchorVert='center', antialias=True, autoDraw=False, autoLog=True, bold=False, color=array([1., 1., 1.]), colorSpace='rgb', contrast=1.0, depth=-1.0, draggable=False, flipHoriz=False, flipVert=False, font='Arial', fontFiles=[], height=0.05, italic=False, languageStyle='LTR', name='text_7', opacity=1, ori=0.0, pos=array([0., 0.]), rgb=UNKNOWN, text='', units='height', win=Window(...), wrapWidth=1)
10.4540 	EXP 	Created text_8 = TextStim(__class__=<class 'psychopy.visual.text.TextStim'>, alignHoriz=method-wrapper(...), alignText='center', alignVert=method-wrapper(...), anchorHoriz='center', anchorVert='center', antialias=True, autoDraw=False, autoLog=True, bold=False, color=array([1., 1., 1.]), colorSpace='rgb', contrast=1.0, depth=0.0, draggable=False, flipHoriz=False, flipVert=False, font='Arial', fontFiles=[], height=0.05, italic=False, languageStyle='LTR', name='text_8', opacity=1, ori=0.0, pos=array([0., 0.]), rgb=UNKNOWN, text=str(...), units='height', win=Window(...), wrapWidth=1)
10.4555 	EXP 	Created surround_practice_2 = GratingStim(__class__=<class 'psychopy.visual.grating.GratingStim'>, anchor='center', autoDraw=False, autoLog=True, blendmode='avg', color=array([0.2, 0.2, 0.2]), colorSpace='rgb', contrast=0.2, depth=0.0, draggable=False, interpolate=True, mask='circle', maskParams=None, name='surround_practice_2', opacity=1.0, ori=1.0, phase=array([0., 0.]), pos=array([0., 0.]), rgbPedestal=array([0., 0., 0.]), sf=array([2.5, 2.5]), size=array([6., 6.]), tex='sin', texRes=128.0, units='deg', win=Window(...))
10.4569 	EXP 	Created center_practice_2 = GratingStim(__class__=<class 'psychopy.visual.grating.GratingStim'>, anchor='center', autoDraw=False, autoLog=True, blendmode='avg', color=array([0.2, 0.2, 0.2]), colorSpace='rgb', contrast=0.2, depth=-1.0, draggable=False, interpolate=True, mask='circle', maskParams=None, name='center_practice_2', opacity=1, ori=1.0, phase=array([0., 0.]), pos=array([0., 0.]), rgbPedestal=array([0., 0., 0.]), sf=array([2.5, 2.5]), size=array([2., 2.]), tex='sin', texRes=128.0, units='deg', win=Window(...))
10.4592 	EXP 	Created text_12 = TextStim(__class__=<class 'psychopy.visual.text.TextStim'>, alignHoriz=method-wrapper(...), alignText='center', alignVert=method-wrapper(...), anchorHoriz='center', anchorVert='center', antialias=True, autoDraw=False, autoLog=True, bold=False, color=array([1., 1., 1.]), colorSpace='rgb', contrast=1.0, depth=-3.0, draggable=False, flipHoriz=False, flipVert=False, font='Arial', fontFiles=[], height=0.05, italic=False, languageStyle='LTR', name='text_12', opacity=1, ori=0.0, pos=array([0., 0.]), rgb=UNKNOWN, text=str(...), units='height', win=Window(...), wrapWidth=1)
10.4597 	EXP 	Created text_7 = TextStim(__class__=<class 'psychopy.visual.text.TextStim'>, alignHoriz=method-wrapper(...), alignText='center', alignVert=method-wrapper(...), anchorHoriz='center', anchorVert='center', antialias=True, autoDraw=False, autoLog=True, bold=False, color=array([1., 1., 1.]), colorSpace='rgb', contrast=1.0, depth=-1.0, draggable=False, flipHoriz=False, flipVert=False, font='Arial', fontFiles=[], height=0.05, italic=False, languageStyle='LTR', name='text_7', opacity=1, ori=0.0, pos=array([0., 0.]), rgb=UNKNOWN, text='', units='height', win=Window(...), wrapWidth=1)
10.4642 	EXP 	Created text_13 = TextStim(__class__=<class 'psychopy.visual.text.TextStim'>, alignHoriz=method-wrapper(...), alignText='center', alignVert=method-wrapper(...), anchorHoriz='center', anchorVert='center', antialias=True, autoDraw=False, autoLog=True, bold=False, color=array([1., 1., 1.]), colorSpace='rgb', contrast=1.0, depth=0.0, draggable=False, flipHoriz=False, flipVert=False, font='Arial', fontFiles=[], height=0.05, italic=False, languageStyle='LTR', name='text_13', opacity=1, ori=0.0, pos=array([0., 0.]), rgb=UNKNOWN, text=str(...), units='height', win=Window(...), wrapWidth=1)
10.4656 	EXP 	Created surround_grating = GratingStim(__class__=<class 'psychopy.visual.grating.GratingStim'>, anchor='center', autoDraw=False, autoLog=True, blendmode='avg', color=array([0.2, 0.2, 0.2]), colorSpace='rgb', contrast=0.2, depth=-2.0, draggable=False, interpolate=True, mask='circle', maskParams=None, name='surround_grating', opacity=1.0, ori=1.0, phase=array([1., 1.]), pos=array([0., 0.]), rgbPedestal=array([0., 0., 0.]), sf=array([2.5, 2.5]), size=array([6., 6.]), tex='sin', texRes=128.0, units='deg', win=Window(...))
10.4671 	EXP 	Created center_grating = GratingStim(__class__=<class 'psychopy.visual.grating.GratingStim'>, anchor='center', autoDraw=False, autoLog=True, blendmode='avg', color=array([0.2, 0.2, 0.2]), colorSpace='rgb', contrast=0.2, depth=-3.0, draggable=False, interpolate=True, mask='circle', maskParams=None, name='center_grating', opacity=1, ori=1.0, phase=array([1., 1.]), pos=array([0., 0.]), rgbPedestal=array([0., 0., 0.]), sf=array([2.5, 2.5]), size=array([2., 2.]), tex='sin', texRes=128.0, units='deg', win=Window(...))
10.4695 	EXP 	Created text_4 = TextStim(__class__=<class 'psychopy.visual.text.TextStim'>, alignHoriz=method-wrapper(...), alignText='center', alignVert=method-wrapper(...), anchorHoriz='center', anchorVert='center', antialias=True, autoDraw=False, autoLog=True, bold=False, color=array([1., 1., 1.]), colorSpace='rgb', contrast=1.0, depth=-5.0, draggable=False, flipHoriz=False, flipVert=False, font='Arial', fontFiles=[], height=0.05, italic=False, languageStyle='LTR', name='text_4', opacity=1, ori=0.0, pos=array([0., 0.]), rgb=UNKNOWN, text=str(...), units='height', win=Window(...), wrapWidth=1)
10.4712 	EXP 	Created text_14 = TextStim(__class__=<class 'psychopy.visual.text.TextStim'>, alignHoriz=method-wrapper(...), alignText='center', alignVert=method-wrapper(...), anchorHoriz='center', anchorVert='center', antialias=True, autoDraw=False, autoLog=True, bold=False, color=array([1., 1., 1.]), colorSpace='rgb', contrast=1.0, depth=0.0, draggable=False, flipHoriz=False, flipVert=False, font='Arial', fontFiles=[], height=0.05, italic=False, languageStyle='LTR', name='text_14', opacity=1, ori=0.0, pos=array([0., 0.]), rgb=UNKNOWN, text='thank you and have a pleasant day ', units='height', win=Window(...), wrapWidth=1)
0.0194 	INFO 	Keyboard events cleared
0.0191 	EXP 	text_5: autoDraw = True
1.3952 	WARNING 	t of last frame was 20.02ms (=1/49)
34.7626 	DATA 	Keypress: space
34.7704 	INFO 	Keyboard events cleared
34.7699 	WARNING 	t of last frame was 81.30ms (=1/12)
34.7699 	EXP 	text_5: autoDraw = False
34.7699 	EXP 	text_6: autoDraw = True
35.8021 	EXP 	Imported /Users/bwinsto2/Downloads/tilt_practice_1.csv as conditions, 4 conditions, 3 params
35.8064 	EXP 	New trial (rep=0, index=0): <Trial 0 (0 in rep 0) data={'center': 30, 'surround': 0, 'correct': 'right', 'thisN': 0, 'thisTrialN': 0, 'thisRepN': 0}>
35.8206 	DATA 	Keypress: space
35.8245 	INFO 	Keyboard events cleared
35.8240 	WARNING 	t of last frame was 52.74ms (=1/18)
35.8240 	EXP 	text_6: autoDraw = False
35.8240 	EXP 	surround_practice: ori = 0.0
35.8240 	EXP 	surround_practice: phase = array([0.20832609, 0.20832609])
35.8240 	EXP 	center_practice: ori = 30.0
35.8240 	EXP 	center_practice: phase = array([0.90647497, 0.90647497])
36.3454 	WARNING 	t of last frame was 89.78ms (=1/11)
36.3454 	EXP 	surround_practice: autoDraw = True
36.3454 	EXP 	center_practice: autoDraw = True
36.3454 	EXP 	surround_practice: tex = 'sin'
36.3454 	EXP 	center_practice: tex = 'sin'
37.2632 	EXP 	text_11: autoDraw = True
37.3384 	EXP 	surround_practice: autoDraw = False
37.3384 	EXP 	center_practice: autoDraw = False
37.7126 	WARNING 	Multiple dropped frames have occurred - I'll stop bothering you about them!
39.3485 	DATA 	Keypress: right
39.3533 	EXP 	surround_practice: autoDraw = False
39.3533 	EXP 	center_practice: autoDraw = False
39.3533 	EXP 	text_11: autoDraw = False
39.3533 	EXP 	text_7: height = 0.05
39.3533 	EXP 	text_7: height = 0.05
39.3533 	EXP 	text_7: height = 0.05
39.3533 	EXP 	text_7: text = 'Correct'
39.3533 	EXP 	text_7: autoDraw = True
40.6752 	EXP 	New trial (rep=0, index=1): <Trial 1 (1 in rep 0) data={'center': -30, 'surround': 0, 'correct': 'left', 'thisN': 1, 'thisTrialN': 1, 'thisRepN': 0}>
40.6890 	INFO 	Keyboard events cleared
40.6887 	EXP 	text_7: autoDraw = False
40.6887 	EXP 	surround_practice: ori = 0.0
40.6887 	EXP 	surround_practice: phase = array([0.30373862, 0.30373862])
40.6887 	EXP 	center_practice: ori = -30.0
40.6887 	EXP 	center_practice: phase = array([0.94459758, 0.94459758])
41.1707 	EXP 	surround_practice: autoDraw = True
41.1707 	EXP 	center_practice: autoDraw = True
42.1612 	EXP 	surround_practice: autoDraw = False
42.1612 	EXP 	center_practice: autoDraw = False
42.1720 	EXP 	text_11: autoDraw = True
42.6634 	DATA 	Keypress: left
42.6677 	EXP 	surround_practice: autoDraw = False
42.6677 	EXP 	center_practice: autoDraw = False
42.6677 	EXP 	text_11: autoDraw = False
42.6677 	EXP 	text_7: text = 'Correct'
42.6677 	EXP 	text_7: autoDraw = True
44.1566 	EXP 	New trial (rep=0, index=2): <Trial 2 (2 in rep 0) data={'center': 30, 'surround': 60, 'correct': 'right', 'thisN': 2, 'thisTrialN': 2, 'thisRepN': 0}>
44.1629 	INFO 	Keyboard events cleared
44.1625 	EXP 	text_7: autoDraw = False
44.1625 	EXP 	text_7: autoDraw = False
44.1625 	EXP 	surround_practice: ori = 60.0
44.1625 	EXP 	surround_practice: phase = array([0.86934336, 0.86934336])
44.1625 	EXP 	center_practice: ori = 30.0
44.1625 	EXP 	center_practice: phase = array([0.09714302, 0.09714302])
44.6552 	EXP 	surround_practice: autoDraw = True
44.6552 	EXP 	center_practice: autoDraw = True
45.1283 	DATA 	Keypress: right
45.1383 	EXP 	surround_practice: autoDraw = False
45.1383 	EXP 	center_practice: autoDraw = False
45.1383 	EXP 	text_11: autoDraw = False
45.1383 	EXP 	text_7: text = 'Correct'
45.1383 	EXP 	text_7: autoDraw = True
46.6233 	EXP 	New trial (rep=0, index=3): <Trial 3 (3 in rep 0) data={'center': -30, 'surround': -60, 'correct': 'left', 'thisN': 3, 'thisTrialN': 3, 'thisRepN': 0}>
46.6294 	INFO 	Keyboard events cleared
46.6290 	EXP 	text_7: autoDraw = False
46.6290 	EXP 	text_7: autoDraw = False
46.6290 	EXP 	surround_practice: ori = -60.0
46.6290 	EXP 	surround_practice: phase = array([0.28847337, 0.28847337])
46.6290 	EXP 	center_practice: ori = -30.0
46.6290 	EXP 	center_practice: phase = array([0.61486645, 0.61486645])
47.1298 	EXP 	surround_practice: autoDraw = True
47.1298 	EXP 	center_practice: autoDraw = True
48.1281 	EXP 	surround_practice: autoDraw = False
48.1281 	EXP 	center_practice: autoDraw = False
48.1281 	EXP 	text_11: autoDraw = True
48.1611 	DATA 	Keypress: left
48.1653 	EXP 	surround_practice: autoDraw = False
48.1653 	EXP 	center_practice: autoDraw = False
48.1653 	EXP 	text_11: autoDraw = False
48.1653 	EXP 	text_7: text = 'Correct'
48.1653 	EXP 	text_7: autoDraw = True
49.6618 	INFO 	Keyboard events cleared
49.6613 	EXP 	text_7: autoDraw = False
49.6613 	EXP 	text_7: autoDraw = False
49.6613 	EXP 	text_8: autoDraw = True
52.8445 	EXP 	Imported /Users/bwinsto2/Downloads/tilt_practice_2.csv as conditions, 6 conditions, 4 params
52.8448 	EXP 	New trial (rep=0, index=0): <Trial 0 (0 in rep 0) data={'center': -30, 'surround': -60, 'correct': 'left', 'opacity': 100, 'thisN': 0, 'thisTrialN': 0, 'thisRepN': 0}>
52.8474 	DATA 	Keypress: space
52.8520 	INFO 	Keyboard events cleared
52.8516 	EXP 	text_8: autoDraw = False
52.8516 	EXP 	surround_practice_2: ori = -60.0
52.8516 	EXP 	center_practice_2: ori = -30.0
53.3411 	EXP 	surround_practice_2: autoDraw = True
53.3411 	EXP 	center_practice_2: autoDraw = True
53.3411 	EXP 	surround_practice_2: tex = 'sin'
53.3411 	EXP 	center_practice_2: tex = 'sin'
53.4109 	EXP 	surround_practice_2: autoDraw = False
53.4109 	EXP 	center_practice_2: autoDraw = False
53.4109 	EXP 	text_12: autoDraw = True
55.5450 	DATA 	Keypress: escape
55.6238 	EXP 	tilt_mocs: status = STOPPED
55.6287 	EXP 	text_12: autoDraw = False
55.6288 	EXP 	tilt_mocs: status = STOPPED
55.6358 	INFO 	saved data to '/Users/bwinsto2/Downloads/tilt_mocs/data/145428_tilt_mocs_2025-08-16_11h15.21.337.csv'
55.6376 	INFO 	saved data to /Users/bwinsto2/Downloads/tilt_mocs/data/145428_tilt_mocs_2025-08-16_11h15.21.337.psydat
