8.0864 	DEBUG 	Fullscreen settings ignored as running in pilot mode.
8.0875 	INFO 	Loaded monitor calibration from ['2025_08_13 14:32']
8.3373 	EXP 	Created window1 = Window(allowGUI=False, allowStencil=False, autoLog=True, backendConf=UNKNOWN, backgroundFit=<method-wrapper '__getattribute__' of attributeSetter object at 0x7fd26a327b20>, backgroundImage=<method-wrapper '__getattribute__' of attributeSetter object at 0x7fd26a327a30>, bitsMode=UNKNOWN, blendMode='avg', bpc=(8, 8, 8), color=array([0, 0, 0]), colorSpace='rgb', depthBits=8, fullscr=False, gamma=None, gammaErrorPolicy='raise', infoMsg=UNKNOWN, lms=UNKNOWN, monitor=<psychopy.monitors.calibTools.Monitor object at 0x7fd258f795b0>, multiSample=False, name='window1', numSamples=2, pos=[320.0, 150.0], screen=0, size=array([1600, 1200]), stencilBits=0, stereo=False, title='PsychoPy', units='height', useFBO=True, useRetina=True, viewOri=0.0, viewPos=None, viewScale=None, waitBlanking=True, winType='pyglet')
8.3374 	EXP 	window1: backgroundImage = ''
8.3374 	EXP 	window1: backgroundFit = 'none'
8.3520 	DEBUG 	TextBox2 loaded 1 chars with 0 blanks and 1 valid
8.3528 	DEBUG 	TextBox2 loaded 1 chars with 0 blanks and 1 valid
8.3535 	DEBUG 	TextBox2 loaded 1 chars with 0 blanks and 1 valid
8.3544 	DEBUG 	TextBox2 loaded 1 chars with 0 blanks and 1 valid
8.3553 	DEBUG 	TextBox2 loaded 1 chars with 0 blanks and 1 valid
8.3558 	DEBUG 	TextBox2 loaded 1 chars with 0 blanks and 1 valid
8.3566 	DEBUG 	TextBox2 loaded 1 chars with 0 blanks and 1 valid
8.3575 	DEBUG 	TextBox2 loaded 1 chars with 0 blanks and 1 valid
8.3580 	DEBUG 	TextBox2 loaded 1 chars with 0 blanks and 1 valid
8.3583 	DEBUG 	TextBox2 loaded 1 chars with 0 blanks and 1 valid
8.3590 	DEBUG 	TextBox2 loaded 1 chars with 0 blanks and 1 valid
8.3597 	DEBUG 	TextBox2 loaded 1 chars with 0 blanks and 1 valid
8.3604 	DEBUG 	TextBox2 loaded 1 chars with 0 blanks and 1 valid
8.3611 	DEBUG 	TextBox2 loaded 1 chars with 0 blanks and 1 valid
8.3617 	DEBUG 	TextBox2 loaded 1 chars with 0 blanks and 1 valid
8.3625 	DEBUG 	TextBox2 loaded 1 chars with 0 blanks and 1 valid
8.3633 	DEBUG 	TextBox2 loaded 1 chars with 0 blanks and 1 valid
8.3638 	DEBUG 	TextBox2 loaded 1 chars with 0 blanks and 1 valid
8.3642 	DEBUG 	TextBox2 loaded 1 chars with 0 blanks and 1 valid
8.3652 	DEBUG 	TextBox2 loaded 1 chars with 0 blanks and 1 valid
8.3656 	DEBUG 	TextBox2 loaded 1 chars with 0 blanks and 1 valid
8.3659 	DEBUG 	Uploading Texture Font fontname to graphics card
8.3703 	DEBUG 	Upload of Texture Font fontname complete
8.3766 	DEBUG 	TextBox2 loaded 1 chars with 0 blanks and 1 valid
8.3776 	DEBUG 	TextBox2 loaded 1 chars with 0 blanks and 1 valid
8.3785 	DEBUG 	TextBox2 loaded 1 chars with 0 blanks and 1 valid
8.3787 	DEBUG 	Uploading Texture Font fontname to graphics card
8.3810 	DEBUG 	Upload of Texture Font fontname complete
8.3828 	EXP 	window1: Attempting to measure frame rate of screen (0) ...
8.3828 	EXP 	window1: recordFrameIntervals = False
8.6465 	EXP 	window1: recordFrameIntervals = True
9.4808 	WARNING 	Couldn't measure a consistent frame rate!
  - Is your graphics card set to sync to vertical blank?
  - Are you running other processes on your computer?

9.4889 	DEBUG 	TextBox2 loaded 1 chars with 0 blanks and 1 valid
9.4898 	DEBUG 	TextBox2 loaded 1 chars with 0 blanks and 1 valid
9.4911 	DEBUG 	TextBox2 loaded 1 chars with 0 blanks and 1 valid
9.4926 	DEBUG 	TextBox2 loaded 1 chars with 0 blanks and 1 valid
9.4940 	DEBUG 	TextBox2 loaded 1 chars with 0 blanks and 1 valid
9.4957 	DEBUG 	TextBox2 loaded 1 chars with 0 blanks and 1 valid
9.4971 	DEBUG 	TextBox2 loaded 1 chars with 0 blanks and 1 valid
9.5006 	DEBUG 	TextBox2 loaded 1 chars with 0 blanks and 1 valid
9.5020 	DEBUG 	TextBox2 loaded 1 chars with 0 blanks and 1 valid
9.5033 	DEBUG 	TextBox2 loaded 1 chars with 0 blanks and 1 valid
9.5036 	DEBUG 	Uploading Texture Font fontname to graphics card
9.5068 	DEBUG 	Upload of Texture Font fontname complete
9.5274 	WARNING 	launchHubServer: If using the iohub mouse or eyetracker devices, fullScr should be True.
13.4226 	INFO 	keyboard.Keyboard is using iohub backend.
13.4226 	INFO 	keyboard.Keyboard is using iohub backend.
13.4227 	INFO 	keyboard.Keyboard is using iohub backend.
13.4227 	INFO 	keyboard.Keyboard is using iohub backend.
13.4227 	INFO 	keyboard.Keyboard is using iohub backend.
13.4227 	INFO 	keyboard.Keyboard is using iohub backend.
13.4227 	INFO 	keyboard.Keyboard is using iohub backend.
13.4228 	INFO 	keyboard.Keyboard is using iohub backend.
13.4228 	INFO 	keyboard.Keyboard is using iohub backend.
13.4228 	INFO 	keyboard.Keyboard is using iohub backend.
13.4228 	INFO 	keyboard.Keyboard is using iohub backend.
13.4228 	EXP 	tilt_mocs: status = STARTED
13.4799 	EXP 	Created text_5 = TextStim(__class__=<class 'psychopy.visual.text.TextStim'>, alignHoriz=method-wrapper(...), alignText='center', alignVert=method-wrapper(...), anchorHoriz='center', anchorVert='center', antialias=True, autoDraw=False, autoLog=True, bold=False, color=array([1., 1., 1.]), colorSpace='rgb', contrast=1.0, depth=0.0, draggable=False, flipHoriz=False, flipVert=False, font='Arial', fontFiles=[], height=0.05, italic=False, languageStyle='LTR', name='text_5', opacity=1, ori=0.0, pos=array([0., 0.]), rgb=UNKNOWN, text=str(...), units='height', win=Window(...), wrapWidth=1)
13.4829 	EXP 	Created surround_practice_3 = GratingStim(__class__=<class 'psychopy.visual.grating.GratingStim'>, anchor='center', autoDraw=False, autoLog=True, blendmode='avg', color=array([1., 1., 1.]), colorSpace='rgb', contrast=1.0, depth=-1.0, draggable=False, interpolate=True, mask='circle', maskParams=None, name='surround_practice_3', opacity=1, ori=15.0, phase=array([1., 1.]), pos=array([0., 0.]), rgbPedestal=array([0., 0., 0.]), sf=array([2.5, 2.5]), size=array([6., 6.]), tex='sin', texRes=128.0, units='cm', win=Window(...))
13.4844 	EXP 	Created center_practice_3 = GratingStim(__class__=<class 'psychopy.visual.grating.GratingStim'>, anchor='center', autoDraw=False, autoLog=True, blendmode='avg', color=array([0.2, 0.2, 0.2]), colorSpace='rgb', contrast=0.2, depth=-2.0, draggable=False, interpolate=True, mask='circle', maskParams=None, name='center_practice_3', opacity=1, ori=0.0, phase=array([1., 1.]), pos=array([0., 0.]), rgbPedestal=array([0., 0., 0.]), sf=array([2.5, 2.5]), size=array([2., 2.]), tex='sin', texRes=128.0, units='cm', win=Window(...))
13.4858 	EXP 	Created surround_practice_4 = GratingStim(__class__=<class 'psychopy.visual.grating.GratingStim'>, anchor='center', autoDraw=False, autoLog=True, blendmode='avg', color=array([1., 1., 1.]), colorSpace='rgb', contrast=1.0, depth=-1.0, draggable=False, interpolate=True, mask='circle', maskParams=None, name='surround_practice_4', opacity=1, ori=15.0, phase=array([1., 1.]), pos=array([0., 0.]), rgbPedestal=array([0., 0., 0.]), sf=array([7.5, 7.5]), size=array([0.5, 0.5]), tex='sin', texRes=128.0, units='height', win=Window(...))
13.4872 	EXP 	Created center_practice_4 = GratingStim(__class__=<class 'psychopy.visual.grating.GratingStim'>, anchor='center', autoDraw=False, autoLog=True, blendmode='avg', color=array([0.2, 0.2, 0.2]), colorSpace='rgb', contrast=0.2, depth=-2.0, draggable=False, interpolate=True, mask='circle', maskParams=None, name='center_practice_4', opacity=1, ori=2.5, phase=array([1., 1.]), pos=array([0., 0.]), rgbPedestal=array([0., 0., 0.]), sf=array([2.5, 2.5]), size=array([0.25, 0.25]), tex='sin', texRes=128.0, units='height', win=Window(...))
13.4943 	EXP 	Created text_6 = TextStim(__class__=<class 'psychopy.visual.text.TextStim'>, alignHoriz=method-wrapper(...), alignText='center', alignVert=method-wrapper(...), anchorHoriz='center', anchorVert='center', antialias=True, autoDraw=False, autoLog=True, bold=False, color=array([1., 1., 1.]), colorSpace='rgb', contrast=1.0, depth=0.0, draggable=False, flipHoriz=False, flipVert=False, font='Arial', fontFiles=[], height=0.05, italic=False, languageStyle='LTR', name='text_6', opacity=1, ori=0.0, pos=array([0., 0.]), rgb=UNKNOWN, text=str(...), units='height', win=Window(...), wrapWidth=1)
13.4960 	EXP 	Created surround_practice = GratingStim(__class__=<class 'psychopy.visual.grating.GratingStim'>, anchor='center', autoDraw=False, autoLog=True, blendmode='avg', color=array([0.2, 0.2, 0.2]), colorSpace='rgb', contrast=0.2, depth=-1.0, draggable=False, interpolate=True, mask='circle', maskParams=None, name='surround_practice', opacity=1, ori=1.0, phase=array([1., 1.]), pos=array([0., 0.]), rgbPedestal=array([0., 0., 0.]), sf=array([2.5, 2.5]), size=array([6., 6.]), tex='sin', texRes=128.0, units='cm', win=Window(...))
13.4974 	EXP 	Created center_practice = GratingStim(__class__=<class 'psychopy.visual.grating.GratingStim'>, anchor='center', autoDraw=False, autoLog=True, blendmode='avg', color=array([1., 1., 1.]), colorSpace='rgb', contrast=1.0, depth=-2.0, draggable=False, interpolate=True, mask='circle', maskParams=None, name='center_practice', opacity=1, ori=1.0, phase=array([1., 1.]), pos=array([0., 0.]), rgbPedestal=array([0., 0., 0.]), sf=array([2.5, 2.5]), size=array([2., 2.]), tex='sin', texRes=128.0, units='cm', win=Window(...))
13.5009 	EXP 	Created text_11 = TextStim(__class__=<class 'psychopy.visual.text.TextStim'>, alignHoriz=method-wrapper(...), alignText='center', alignVert=method-wrapper(...), anchorHoriz='center', anchorVert='center', antialias=True, autoDraw=False, autoLog=True, bold=False, color=array([1., 1., 1.]), colorSpace='rgb', contrast=1.0, depth=-4.0, draggable=False, flipHoriz=False, flipVert=False, font='Arial', fontFiles=[], height=0.05, italic=False, languageStyle='LTR', name='text_11', opacity=1, ori=0.0, pos=array([0., 0.]), rgb=UNKNOWN, text=str(...), units='height', win=Window(...), wrapWidth=1)
13.5014 	EXP 	Created text_7 = TextStim(__class__=<class 'psychopy.visual.text.TextStim'>, alignHoriz=method-wrapper(...), alignText='center', alignVert=method-wrapper(...), anchorHoriz='center', anchorVert='center', antialias=True, autoDraw=False, autoLog=True, bold=False, color=array([1., 1., 1.]), colorSpace='rgb', contrast=1.0, depth=-1.0, draggable=False, flipHoriz=False, flipVert=False, font='Arial', fontFiles=[], height=0.05, italic=False, languageStyle='LTR', name='text_7', opacity=1, ori=0.0, pos=array([0., 0.]), rgb=UNKNOWN, text='', units='height', win=Window(...), wrapWidth=1)
13.5083 	EXP 	Created text_8 = TextStim(__class__=<class 'psychopy.visual.text.TextStim'>, alignHoriz=method-wrapper(...), alignText='center', alignVert=method-wrapper(...), anchorHoriz='center', anchorVert='center', antialias=True, autoDraw=False, autoLog=True, bold=False, color=array([1., 1., 1.]), colorSpace='rgb', contrast=1.0, depth=0.0, draggable=False, flipHoriz=False, flipVert=False, font='Arial', fontFiles=[], height=0.05, italic=False, languageStyle='LTR', name='text_8', opacity=1, ori=0.0, pos=array([0., 0.]), rgb=UNKNOWN, text=str(...), units='height', win=Window(...), wrapWidth=1)
13.5098 	EXP 	Created surround_practice_2 = GratingStim(__class__=<class 'psychopy.visual.grating.GratingStim'>, anchor='center', autoDraw=False, autoLog=True, blendmode='avg', color=array([0.2, 0.2, 0.2]), colorSpace='rgb', contrast=0.2, depth=0.0, draggable=False, interpolate=True, mask='circle', maskParams=None, name='surround_practice_2', opacity=1.0, ori=1.0, phase=array([0., 0.]), pos=array([0., 0.]), rgbPedestal=array([0., 0., 0.]), sf=array([2.5, 2.5]), size=array([6., 6.]), tex='sin', texRes=128.0, units='cm', win=Window(...))
13.5112 	EXP 	Created center_practice_2 = GratingStim(__class__=<class 'psychopy.visual.grating.GratingStim'>, anchor='center', autoDraw=False, autoLog=True, blendmode='avg', color=array([0.2, 0.2, 0.2]), colorSpace='rgb', contrast=0.2, depth=-1.0, draggable=False, interpolate=True, mask='circle', maskParams=None, name='center_practice_2', opacity=1, ori=1.0, phase=array([0., 0.]), pos=array([0., 0.]), rgbPedestal=array([0., 0., 0.]), sf=array([2.5, 2.5]), size=array([2., 2.]), tex='sin', texRes=128.0, units='cm', win=Window(...))
13.5136 	EXP 	Created text_12 = TextStim(__class__=<class 'psychopy.visual.text.TextStim'>, alignHoriz=method-wrapper(...), alignText='center', alignVert=method-wrapper(...), anchorHoriz='center', anchorVert='center', antialias=True, autoDraw=False, autoLog=True, bold=False, color=array([1., 1., 1.]), colorSpace='rgb', contrast=1.0, depth=-3.0, draggable=False, flipHoriz=False, flipVert=False, font='Arial', fontFiles=[], height=0.05, italic=False, languageStyle='LTR', name='text_12', opacity=1, ori=0.0, pos=array([0., 0.]), rgb=UNKNOWN, text=str(...), units='height', win=Window(...), wrapWidth=1)
13.5141 	EXP 	Created text_7 = TextStim(__class__=<class 'psychopy.visual.text.TextStim'>, alignHoriz=method-wrapper(...), alignText='center', alignVert=method-wrapper(...), anchorHoriz='center', anchorVert='center', antialias=True, autoDraw=False, autoLog=True, bold=False, color=array([1., 1., 1.]), colorSpace='rgb', contrast=1.0, depth=-1.0, draggable=False, flipHoriz=False, flipVert=False, font='Arial', fontFiles=[], height=0.05, italic=False, languageStyle='LTR', name='text_7', opacity=1, ori=0.0, pos=array([0., 0.]), rgb=UNKNOWN, text='', units='height', win=Window(...), wrapWidth=1)
13.5190 	EXP 	Created text_13 = TextStim(__class__=<class 'psychopy.visual.text.TextStim'>, alignHoriz=method-wrapper(...), alignText='center', alignVert=method-wrapper(...), anchorHoriz='center', anchorVert='center', antialias=True, autoDraw=False, autoLog=True, bold=False, color=array([1., 1., 1.]), colorSpace='rgb', contrast=1.0, depth=0.0, draggable=False, flipHoriz=False, flipVert=False, font='Arial', fontFiles=[], height=0.05, italic=False, languageStyle='LTR', name='text_13', opacity=1, ori=0.0, pos=array([0., 0.]), rgb=UNKNOWN, text=str(...), units='height', win=Window(...), wrapWidth=1)
13.5207 	EXP 	Created surround_grating = GratingStim(__class__=<class 'psychopy.visual.grating.GratingStim'>, anchor='center', autoDraw=False, autoLog=True, blendmode='avg', color=array([0.2, 0.2, 0.2]), colorSpace='rgb', contrast=0.2, depth=-1.0, draggable=False, interpolate=True, mask='circle', maskParams=None, name='surround_grating', opacity=1.0, ori=1.0, phase=array([1., 1.]), pos=array([0., 0.]), rgbPedestal=array([0., 0., 0.]), sf=array([2.5, 2.5]), size=array([6., 6.]), tex='sin', texRes=128.0, units='cm', win=Window(...))
13.5222 	EXP 	Created center_grating = GratingStim(__class__=<class 'psychopy.visual.grating.GratingStim'>, anchor='center', autoDraw=False, autoLog=True, blendmode='avg', color=array([0.2, 0.2, 0.2]), colorSpace='rgb', contrast=0.2, depth=-2.0, draggable=False, interpolate=True, mask='circle', maskParams=None, name='center_grating', opacity=1, ori=1.0, phase=array([1., 1.]), pos=array([0., 0.]), rgbPedestal=array([0., 0., 0.]), sf=array([2.5, 2.5]), size=array([2., 2.]), tex='sin', texRes=128.0, units='cm', win=Window(...))
13.5246 	EXP 	Created text_4 = TextStim(__class__=<class 'psychopy.visual.text.TextStim'>, alignHoriz=method-wrapper(...), alignText='center', alignVert=method-wrapper(...), anchorHoriz='center', anchorVert='center', antialias=True, autoDraw=False, autoLog=True, bold=False, color=array([1., 1., 1.]), colorSpace='rgb', contrast=1.0, depth=-4.0, draggable=False, flipHoriz=False, flipVert=False, font='Arial', fontFiles=[], height=0.05, italic=False, languageStyle='LTR', name='text_4', opacity=1, ori=0.0, pos=array([0., 0.]), rgb=UNKNOWN, text=str(...), units='height', win=Window(...), wrapWidth=1)
13.5265 	EXP 	Created text_14 = TextStim(__class__=<class 'psychopy.visual.text.TextStim'>, alignHoriz=method-wrapper(...), alignText='center', alignVert=method-wrapper(...), anchorHoriz='center', anchorVert='center', antialias=True, autoDraw=False, autoLog=True, bold=False, color=array([1., 1., 1.]), colorSpace='rgb', contrast=1.0, depth=0.0, draggable=False, flipHoriz=False, flipVert=False, font='Arial', fontFiles=[], height=0.05, italic=False, languageStyle='LTR', name='text_14', opacity=1, ori=0.0, pos=array([0., 0.]), rgb=UNKNOWN, text='thank you and have a pleasant day ', units='height', win=Window(...), wrapWidth=1)
0.0346 	INFO 	Keyboard events cleared
0.0343 	EXP 	text_5: autoDraw = True
0.8447 	DATA 	Keypress: space
0.8488 	INFO 	Keyboard events cleared
0.8484 	WARNING 	t of last frame was 45.20ms (=1/22)
0.8484 	EXP 	text_5: autoDraw = False
0.8484 	EXP 	surround_practice_3: phase = array([0.48544547, 0.48544547])
0.8484 	EXP 	center_practice_3: phase = array([0.72188579, 0.72188579])
0.8484 	EXP 	surround_practice_3: autoDraw = True
0.8484 	EXP 	center_practice_3: autoDraw = True
0.8484 	EXP 	surround_practice_3: tex = 'sin'
0.8484 	EXP 	center_practice_3: tex = 'sin'
2.2100 	WARNING 	t of last frame was 49.39ms (=1/20)
2.2447 	WARNING 	t of last frame was 34.76ms (=1/28)
16.0447 	DATA 	Mouse: Left button down, pos=(432,480)
16.1444 	DATA 	Mouse:  Left button up, pos=(432,480)
16.4016 	DATA 	Keypress: space
16.4043 	INFO 	Keyboard events cleared
16.4041 	EXP 	surround_practice_3: autoDraw = False
16.4041 	EXP 	center_practice_3: autoDraw = False
16.4041 	EXP 	surround_practice_4: phase = array([0.30333302, 0.30333302])
16.4041 	EXP 	center_practice_4: phase = array([0.8847722, 0.8847722])
16.4041 	EXP 	surround_practice_4: autoDraw = True
16.4041 	EXP 	center_practice_4: autoDraw = True
16.4041 	EXP 	surround_practice_4: tex = 'sin'
16.4041 	EXP 	center_practice_4: tex = 'sin'
18.9325 	DATA 	Keypress: escape
18.9355 	WARNING 	t of last frame was 60.60ms (=1/16)
19.0219 	EXP 	tilt_mocs: status = STOPPED
19.0240 	EXP 	surround_practice_4: autoDraw = False
19.0240 	EXP 	center_practice_4: autoDraw = False
19.0253 	EXP 	tilt_mocs: status = STOPPED
19.0276 	INFO 	saved data to '/Users/bwinsto2/Downloads/tilt_mocs/data/196611_tilt_mocs_2025-08-19_17h05.52.433.csv'
19.0284 	INFO 	saved data to /Users/bwinsto2/Downloads/tilt_mocs/data/196611_tilt_mocs_2025-08-19_17h05.52.433.psydat
19.5540 	DEBUG 	Saving data for tilt_mocs ExperimentHandler
