5.5549 	INFO 	Loaded monitor calibration from ['2025_08_13 14:32']
5.7881 	EXP 	Created window1 = Window(allowGUI=False, allowStencil=False, autoLog=True, backendConf=UNKNOWN, backgroundFit=<method-wrapper '__getattribute__' of attributeSetter object at 0x7fd988bfebe0>, backgroundImage=<method-wrapper '__getattribute__' of attributeSetter object at 0x7fd988bfeb20>, bitsMode=UNKNOWN, blendMode='avg', bpc=(8, 8, 8), color=array([0, 0, 0]), colorSpace='rgb', depthBits=8, fullscr=True, gamma=None, gammaErrorPolicy='raise', infoMsg=UNKNOWN, lms=UNKNOWN, monitor=<psychopy.monitors.calibTools.Monitor object at 0x7fd991a79610>, multiSample=False, name='window1', numSamples=2, pos=[0.0, 0.0], screen=0, size=array([2880, 1800]), stencilBits=0, stereo=False, title='PsychoPy', units='height', useFBO=True, useRetina=True, viewOri=0.0, viewPos=None, viewScale=None, waitBlanking=True, winType='pyglet')
5.7882 	EXP 	window1: backgroundImage = ''
5.7882 	EXP 	window1: backgroundFit = 'none'
5.8690 	EXP 	window1: Attempting to measure frame rate of screen (0) ...
5.8691 	EXP 	window1: recordFrameIntervals = False
6.1171 	EXP 	window1: recordFrameIntervals = True
6.9526 	WARNING 	Couldn't measure a consistent frame rate!
  - Is your graphics card set to sync to vertical blank?
  - Are you running other processes on your computer?

10.2989 	INFO 	keyboard.Keyboard is using iohub backend.
10.2989 	INFO 	keyboard.Keyboard is using iohub backend.
10.2989 	INFO 	keyboard.Keyboard is using iohub backend.
10.2990 	INFO 	keyboard.Keyboard is using iohub backend.
10.2990 	INFO 	keyboard.Keyboard is using iohub backend.
10.2990 	INFO 	keyboard.Keyboard is using iohub backend.
10.2990 	INFO 	keyboard.Keyboard is using iohub backend.
10.2990 	INFO 	keyboard.Keyboard is using iohub backend.
10.2990 	INFO 	keyboard.Keyboard is using iohub backend.
10.2991 	EXP 	tilt_mocs: status = STARTED
10.3450 	EXP 	Created text_5 = TextStim(__class__=<class 'psychopy.visual.text.TextStim'>, alignHoriz=method-wrapper(...), alignText='center', alignVert=method-wrapper(...), anchorHoriz='center', anchorVert='center', antialias=True, autoDraw=False, autoLog=True, bold=False, color=array([1., 1., 1.]), colorSpace='rgb', contrast=1.0, depth=0.0, draggable=False, flipHoriz=False, flipVert=False, font='Arial', fontFiles=[], height=0.05, italic=False, languageStyle='LTR', name='text_5', opacity=1, ori=0.0, pos=array([0., 0.]), rgb=UNKNOWN, text=str(...), units='height', win=Window(...), wrapWidth=1)
10.3516 	EXP 	Created text_6 = TextStim(__class__=<class 'psychopy.visual.text.TextStim'>, alignHoriz=method-wrapper(...), alignText='center', alignVert=method-wrapper(...), anchorHoriz='center', anchorVert='center', antialias=True, autoDraw=False, autoLog=True, bold=False, color=array([1., 1., 1.]), colorSpace='rgb', contrast=1.0, depth=0.0, draggable=False, flipHoriz=False, flipVert=False, font='Arial', fontFiles=[], height=0.05, italic=False, languageStyle='LTR', name='text_6', opacity=1, ori=0.0, pos=array([0., 0.]), rgb=UNKNOWN, text=str(...), units='height', win=Window(...), wrapWidth=1)
10.3537 	EXP 	Created surround_practice = GratingStim(__class__=<class 'psychopy.visual.grating.GratingStim'>, anchor='center', autoDraw=False, autoLog=True, blendmode='avg', color=array([0.2, 0.2, 0.2]), colorSpace='rgb', contrast=0.2, depth=-1.0, draggable=False, interpolate=True, mask='circle', maskParams=None, name='surround_practice', opacity=1, ori=1.0, phase=array([1., 1.]), pos=array([0., 0.]), rgbPedestal=array([0., 0., 0.]), sf=array([2.5, 2.5]), size=array([6., 6.]), tex='sin', texRes=128.0, units='cm', win=Window(...))
10.3551 	EXP 	Created center_practice = GratingStim(__class__=<class 'psychopy.visual.grating.GratingStim'>, anchor='center', autoDraw=False, autoLog=True, blendmode='avg', color=array([1., 1., 1.]), colorSpace='rgb', contrast=1.0, depth=-2.0, draggable=False, interpolate=True, mask='circle', maskParams=None, name='center_practice', opacity=1, ori=1.0, phase=array([1., 1.]), pos=array([0., 0.]), rgbPedestal=array([0., 0., 0.]), sf=array([2.5, 2.5]), size=array([2., 2.]), tex='sin', texRes=128.0, units='cm', win=Window(...))
10.3586 	EXP 	Created text_11 = TextStim(__class__=<class 'psychopy.visual.text.TextStim'>, alignHoriz=method-wrapper(...), alignText='center', alignVert=method-wrapper(...), anchorHoriz='center', anchorVert='center', antialias=True, autoDraw=False, autoLog=True, bold=False, color=array([1., 1., 1.]), colorSpace='rgb', contrast=1.0, depth=-4.0, draggable=False, flipHoriz=False, flipVert=False, font='Arial', fontFiles=[], height=0.05, italic=False, languageStyle='LTR', name='text_11', opacity=1, ori=0.0, pos=array([0., 0.]), rgb=UNKNOWN, text=str(...), units='height', win=Window(...), wrapWidth=1)
10.3591 	EXP 	Created text_7 = TextStim(__class__=<class 'psychopy.visual.text.TextStim'>, alignHoriz=method-wrapper(...), alignText='center', alignVert=method-wrapper(...), anchorHoriz='center', anchorVert='center', antialias=True, autoDraw=False, autoLog=True, bold=False, color=array([1., 1., 1.]), colorSpace='rgb', contrast=1.0, depth=-1.0, draggable=False, flipHoriz=False, flipVert=False, font='Arial', fontFiles=[], height=0.05, italic=False, languageStyle='LTR', name='text_7', opacity=1, ori=0.0, pos=array([0., 0.]), rgb=UNKNOWN, text='', units='height', win=Window(...), wrapWidth=1)
10.3660 	EXP 	Created text_8 = TextStim(__class__=<class 'psychopy.visual.text.TextStim'>, alignHoriz=method-wrapper(...), alignText='center', alignVert=method-wrapper(...), anchorHoriz='center', anchorVert='center', antialias=True, autoDraw=False, autoLog=True, bold=False, color=array([1., 1., 1.]), colorSpace='rgb', contrast=1.0, depth=0.0, draggable=False, flipHoriz=False, flipVert=False, font='Arial', fontFiles=[], height=0.05, italic=False, languageStyle='LTR', name='text_8', opacity=1, ori=0.0, pos=array([0., 0.]), rgb=UNKNOWN, text=str(...), units='height', win=Window(...), wrapWidth=1)
10.3674 	EXP 	Created surround_practice_2 = GratingStim(__class__=<class 'psychopy.visual.grating.GratingStim'>, anchor='center', autoDraw=False, autoLog=True, blendmode='avg', color=array([0.2, 0.2, 0.2]), colorSpace='rgb', contrast=0.2, depth=0.0, draggable=False, interpolate=True, mask='circle', maskParams=None, name='surround_practice_2', opacity=1.0, ori=1.0, phase=array([0., 0.]), pos=array([0., 0.]), rgbPedestal=array([0., 0., 0.]), sf=array([2.5, 2.5]), size=array([6., 6.]), tex='sin', texRes=128.0, units='cm', win=Window(...))
10.3688 	EXP 	Created center_practice_2 = GratingStim(__class__=<class 'psychopy.visual.grating.GratingStim'>, anchor='center', autoDraw=False, autoLog=True, blendmode='avg', color=array([0.2, 0.2, 0.2]), colorSpace='rgb', contrast=0.2, depth=-1.0, draggable=False, interpolate=True, mask='circle', maskParams=None, name='center_practice_2', opacity=1, ori=1.0, phase=array([0., 0.]), pos=array([0., 0.]), rgbPedestal=array([0., 0., 0.]), sf=array([2.5, 2.5]), size=array([2., 2.]), tex='sin', texRes=128.0, units='cm', win=Window(...))
10.3712 	EXP 	Created text_12 = TextStim(__class__=<class 'psychopy.visual.text.TextStim'>, alignHoriz=method-wrapper(...), alignText='center', alignVert=method-wrapper(...), anchorHoriz='center', anchorVert='center', antialias=True, autoDraw=False, autoLog=True, bold=False, color=array([1., 1., 1.]), colorSpace='rgb', contrast=1.0, depth=-3.0, draggable=False, flipHoriz=False, flipVert=False, font='Arial', fontFiles=[], height=0.05, italic=False, languageStyle='LTR', name='text_12', opacity=1, ori=0.0, pos=array([0., 0.]), rgb=UNKNOWN, text=str(...), units='height', win=Window(...), wrapWidth=1)
10.3716 	EXP 	Created text_7 = TextStim(__class__=<class 'psychopy.visual.text.TextStim'>, alignHoriz=method-wrapper(...), alignText='center', alignVert=method-wrapper(...), anchorHoriz='center', anchorVert='center', antialias=True, autoDraw=False, autoLog=True, bold=False, color=array([1., 1., 1.]), colorSpace='rgb', contrast=1.0, depth=-1.0, draggable=False, flipHoriz=False, flipVert=False, font='Arial', fontFiles=[], height=0.05, italic=False, languageStyle='LTR', name='text_7', opacity=1, ori=0.0, pos=array([0., 0.]), rgb=UNKNOWN, text='', units='height', win=Window(...), wrapWidth=1)
10.3760 	EXP 	Created text_13 = TextStim(__class__=<class 'psychopy.visual.text.TextStim'>, alignHoriz=method-wrapper(...), alignText='center', alignVert=method-wrapper(...), anchorHoriz='center', anchorVert='center', antialias=True, autoDraw=False, autoLog=True, bold=False, color=array([1., 1., 1.]), colorSpace='rgb', contrast=1.0, depth=0.0, draggable=False, flipHoriz=False, flipVert=False, font='Arial', fontFiles=[], height=0.05, italic=False, languageStyle='LTR', name='text_13', opacity=1, ori=0.0, pos=array([0., 0.]), rgb=UNKNOWN, text=str(...), units='height', win=Window(...), wrapWidth=1)
10.3775 	EXP 	Created surround_grating = GratingStim(__class__=<class 'psychopy.visual.grating.GratingStim'>, anchor='center', autoDraw=False, autoLog=True, blendmode='avg', color=array([0.2, 0.2, 0.2]), colorSpace='rgb', contrast=0.2, depth=-1.0, draggable=False, interpolate=True, mask='circle', maskParams=None, name='surround_grating', opacity=1.0, ori=1.0, phase=array([1., 1.]), pos=array([0., 0.]), rgbPedestal=array([0., 0., 0.]), sf=array([2.5, 2.5]), size=array([6., 6.]), tex='sin', texRes=128.0, units='cm', win=Window(...))
10.3790 	EXP 	Created center_grating = GratingStim(__class__=<class 'psychopy.visual.grating.GratingStim'>, anchor='center', autoDraw=False, autoLog=True, blendmode='avg', color=array([0.2, 0.2, 0.2]), colorSpace='rgb', contrast=0.2, depth=-2.0, draggable=False, interpolate=True, mask='circle', maskParams=None, name='center_grating', opacity=1, ori=1.0, phase=array([1., 1.]), pos=array([0., 0.]), rgbPedestal=array([0., 0., 0.]), sf=array([2.5, 2.5]), size=array([2., 2.]), tex='sin', texRes=128.0, units='cm', win=Window(...))
10.3813 	EXP 	Created text_4 = TextStim(__class__=<class 'psychopy.visual.text.TextStim'>, alignHoriz=method-wrapper(...), alignText='center', alignVert=method-wrapper(...), anchorHoriz='center', anchorVert='center', antialias=True, autoDraw=False, autoLog=True, bold=False, color=array([1., 1., 1.]), colorSpace='rgb', contrast=1.0, depth=-4.0, draggable=False, flipHoriz=False, flipVert=False, font='Arial', fontFiles=[], height=0.05, italic=False, languageStyle='LTR', name='text_4', opacity=1, ori=0.0, pos=array([0., 0.]), rgb=UNKNOWN, text=str(...), units='height', win=Window(...), wrapWidth=1)
10.3831 	EXP 	Created text_14 = TextStim(__class__=<class 'psychopy.visual.text.TextStim'>, alignHoriz=method-wrapper(...), alignText='center', alignVert=method-wrapper(...), anchorHoriz='center', anchorVert='center', antialias=True, autoDraw=False, autoLog=True, bold=False, color=array([1., 1., 1.]), colorSpace='rgb', contrast=1.0, depth=0.0, draggable=False, flipHoriz=False, flipVert=False, font='Arial', fontFiles=[], height=0.05, italic=False, languageStyle='LTR', name='text_14', opacity=1, ori=0.0, pos=array([0., 0.]), rgb=UNKNOWN, text='thank you and have a pleasant day ', units='height', win=Window(...), wrapWidth=1)
0.0207 	INFO 	Keyboard events cleared
0.0204 	EXP 	text_5: autoDraw = True
0.5599 	DATA 	Keypress: space
0.5644 	INFO 	Keyboard events cleared
0.5639 	WARNING 	t of last frame was 35.14ms (=1/28)
0.5639 	EXP 	text_5: autoDraw = False
0.5639 	EXP 	text_6: autoDraw = True
0.7401 	EXP 	Imported /Users/bwinsto2/Downloads/tilt_practice_1.csv as conditions, 4 conditions, 3 params
0.7458 	DATA 	Keypress: space
0.7512 	INFO 	Keyboard events cleared
0.7509 	EXP 	text_6: autoDraw = False
0.7509 	EXP 	text_8: autoDraw = True
7.2569 	EXP 	Imported /Users/bwinsto2/Downloads/tilt_practice_2.csv as conditions, 6 conditions, 4 params
7.2619 	DATA 	Keypress: space
7.2669 	INFO 	Keyboard events cleared
7.2665 	EXP 	text_8: autoDraw = False
7.2665 	EXP 	text_13: autoDraw = True
16.6247 	EXP 	Imported practice_stims.csv as conditions, 60 conditions, 5 params
16.6258 	EXP 	New trial (rep=0, index=0): <Trial 0 (0 in rep 0) data={'center': -1.5, 'surround': -15, 'type': 'p1', 'surr_type': 'negs', 'surr_opacity': 100, 'thisN': 0, 'thisTrialN': 0, 'thisRepN': 0}>
16.6300 	DATA 	Keypress: space
16.6351 	INFO 	Keyboard events cleared
16.6347 	WARNING 	t of last frame was 21.65ms (=1/46)
16.6347 	EXP 	text_13: autoDraw = False
16.6347 	EXP 	surround_grating: ori = -15.0
16.6347 	EXP 	surround_grating: phase = array([0.61406216, 0.61406216])
16.6347 	EXP 	center_grating: ori = -1.5
16.6347 	EXP 	center_grating: phase = array([0.27971401, 0.27971401])
17.1168 	EXP 	surround_grating: autoDraw = True
17.1168 	EXP 	center_grating: autoDraw = True
17.1168 	EXP 	surround_grating: tex = 'sin'
17.1168 	EXP 	center_grating: tex = 'sin'
17.1858 	EXP 	surround_grating: autoDraw = False
17.1858 	EXP 	center_grating: autoDraw = False
17.1858 	EXP 	text_4: autoDraw = True
17.7982 	EXP 	New trial (rep=0, index=1): <Trial 1 (1 in rep 0) data={'center': 3.5, 'surround': 15, 'type': 'p2', 'surr_type': 'poss', 'surr_opacity': 100, 'thisN': 1, 'thisTrialN': 1, 'thisRepN': 0}>
17.8739 	DATA 	Keypress: right
17.8783 	INFO 	Keyboard events cleared
17.8778 	WARNING 	t of last frame was 81.13ms (=1/12)
17.8778 	EXP 	surround_grating: autoDraw = False
17.8778 	EXP 	center_grating: autoDraw = False
17.8778 	EXP 	text_4: autoDraw = False
17.8778 	EXP 	surround_grating: ori = 15.0
17.8778 	EXP 	surround_grating: phase = array([0.76022486, 0.76022486])
17.8778 	EXP 	center_grating: ori = 3.5
17.8778 	EXP 	center_grating: phase = array([0.07129347, 0.07129347])
18.2965 	EXP 	surround_grating: autoDraw = True
18.2965 	EXP 	center_grating: autoDraw = True
18.3676 	EXP 	surround_grating: autoDraw = False
18.3676 	EXP 	center_grating: autoDraw = False
18.3676 	EXP 	text_4: autoDraw = True
19.2825 	EXP 	New trial (rep=0, index=2): <Trial 2 (2 in rep 0) data={'center': -1.5, 'surround': 0, 'type': 'p1', 'surr_type': 'noss', 'surr_opacity': 0, 'thisN': 2, 'thisTrialN': 2, 'thisRepN': 0}>
19.2867 	DATA 	Keypress: right
19.2914 	INFO 	Keyboard events cleared
19.2910 	EXP 	surround_grating: autoDraw = False
19.2910 	EXP 	center_grating: autoDraw = False
19.2910 	EXP 	text_4: autoDraw = False
19.2910 	EXP 	surround_grating: ori = 0.0
19.2910 	EXP 	surround_grating: phase = array([0.37214292, 0.37214292])
19.2910 	EXP 	center_grating: ori = -1.5
19.2910 	EXP 	center_grating: phase = array([0.79729678, 0.79729678])
19.7797 	EXP 	surround_grating: autoDraw = True
19.7797 	EXP 	center_grating: autoDraw = True
19.8508 	EXP 	surround_grating: autoDraw = False
19.8508 	EXP 	center_grating: autoDraw = False
19.8508 	EXP 	text_4: autoDraw = True
20.2702 	EXP 	New trial (rep=0, index=3): <Trial 3 (3 in rep 0) data={'center': 1.5, 'surround': 0, 'type': 'm1', 'surr_type': 'noss', 'surr_opacity': 0, 'thisN': 3, 'thisTrialN': 3, 'thisRepN': 0}>
20.2740 	DATA 	Keypress: left
20.2790 	INFO 	Keyboard events cleared
20.2786 	EXP 	surround_grating: autoDraw = False
20.2786 	EXP 	center_grating: autoDraw = False
20.2786 	EXP 	text_4: autoDraw = False
20.2786 	EXP 	surround_grating: ori = 0.0
20.2786 	EXP 	surround_grating: phase = array([0.09838273, 0.09838273])
20.2786 	EXP 	center_grating: ori = 1.5
20.2786 	EXP 	center_grating: phase = array([0.24866153, 0.24866153])
20.7687 	EXP 	surround_grating: autoDraw = True
20.7687 	EXP 	center_grating: autoDraw = True
20.8463 	EXP 	surround_grating: autoDraw = False
20.8463 	EXP 	center_grating: autoDraw = False
20.8463 	EXP 	text_4: autoDraw = True
21.2488 	EXP 	New trial (rep=0, index=4): <Trial 4 (4 in rep 0) data={'center': 2.0, 'surround': 15, 'type': 'PSE', 'surr_type': 'poss', 'surr_opacity': 100, 'thisN': 4, 'thisTrialN': 4, 'thisRepN': 0}>
21.2524 	DATA 	Keypress: right
21.2572 	INFO 	Keyboard events cleared
21.2567 	EXP 	surround_grating: autoDraw = False
21.2567 	EXP 	center_grating: autoDraw = False
21.2567 	EXP 	text_4: autoDraw = False
21.2567 	EXP 	surround_grating: ori = 15.0
21.2567 	EXP 	surround_grating: phase = array([0.05384184, 0.05384184])
21.2567 	EXP 	center_grating: ori = 2.0
21.2567 	EXP 	center_grating: phase = array([0.67624451, 0.67624451])
21.7463 	EXP 	surround_grating: autoDraw = True
21.7463 	EXP 	center_grating: autoDraw = True
21.8169 	EXP 	surround_grating: autoDraw = False
21.8169 	EXP 	center_grating: autoDraw = False
21.8169 	EXP 	text_4: autoDraw = True
22.9375 	EXP 	New trial (rep=0, index=5): <Trial 5 (5 in rep 0) data={'center': 0.5, 'surround': 0, 'type': 'm2', 'surr_type': 'noss', 'surr_opacity': 0, 'thisN': 5, 'thisTrialN': 5, 'thisRepN': 0}>
22.9412 	DATA 	Keypress: right
22.9460 	INFO 	Keyboard events cleared
22.9456 	EXP 	surround_grating: autoDraw = False
22.9456 	EXP 	center_grating: autoDraw = False
22.9456 	EXP 	text_4: autoDraw = False
22.9456 	EXP 	surround_grating: ori = 0.0
22.9456 	EXP 	surround_grating: phase = array([0.39163384, 0.39163384])
22.9456 	EXP 	center_grating: ori = 0.5
22.9456 	EXP 	center_grating: phase = array([0.72891324, 0.72891324])
23.4374 	EXP 	surround_grating: autoDraw = True
23.4374 	EXP 	center_grating: autoDraw = True
23.5122 	EXP 	surround_grating: autoDraw = False
23.5122 	EXP 	center_grating: autoDraw = False
23.5122 	EXP 	text_4: autoDraw = True
24.3826 	EXP 	New trial (rep=0, index=6): <Trial 6 (6 in rep 0) data={'center': 2.5, 'surround': 0, 'type': 'p1', 'surr_type': 'noss', 'surr_opacity': 0, 'thisN': 6, 'thisTrialN': 6, 'thisRepN': 0}>
24.3869 	DATA 	Keypress: right
24.3916 	INFO 	Keyboard events cleared
24.3912 	EXP 	surround_grating: autoDraw = False
24.3912 	EXP 	center_grating: autoDraw = False
24.3912 	EXP 	text_4: autoDraw = False
24.3912 	EXP 	surround_grating: ori = 0.0
24.3912 	EXP 	surround_grating: phase = array([0.3672104, 0.3672104])
24.3912 	EXP 	center_grating: ori = 2.5
24.3912 	EXP 	center_grating: phase = array([0.06010652, 0.06010652])
24.8786 	EXP 	surround_grating: autoDraw = True
24.8786 	EXP 	center_grating: autoDraw = True
24.9525 	EXP 	surround_grating: autoDraw = False
24.9525 	EXP 	center_grating: autoDraw = False
24.9525 	EXP 	text_4: autoDraw = True
25.3487 	EXP 	New trial (rep=0, index=7): <Trial 7 (7 in rep 0) data={'center': -2.0, 'surround': -15, 'type': 'PSE', 'surr_type': 'negs', 'surr_opacity': 100, 'thisN': 7, 'thisTrialN': 7, 'thisRepN': 0}>
25.3529 	DATA 	Keypress: right
25.3575 	INFO 	Keyboard events cleared
25.3572 	EXP 	surround_grating: autoDraw = False
25.3572 	EXP 	center_grating: autoDraw = False
25.3572 	EXP 	text_4: autoDraw = False
25.3572 	EXP 	surround_grating: ori = -15.0
25.3572 	EXP 	surround_grating: phase = array([0.77594436, 0.77594436])
25.3572 	EXP 	center_grating: ori = -2.0
25.3572 	EXP 	center_grating: phase = array([0.48319572, 0.48319572])
25.8467 	EXP 	surround_grating: autoDraw = True
25.8467 	EXP 	center_grating: autoDraw = True
25.9177 	EXP 	surround_grating: autoDraw = False
25.9177 	EXP 	center_grating: autoDraw = False
25.9177 	EXP 	text_4: autoDraw = True
26.4154 	EXP 	New trial (rep=0, index=8): <Trial 8 (8 in rep 0) data={'center': 0.5, 'surround': 15, 'type': 'm2', 'surr_type': 'poss', 'surr_opacity': 100, 'thisN': 8, 'thisTrialN': 8, 'thisRepN': 0}>
26.4186 	DATA 	Keypress: right
26.4230 	INFO 	Keyboard events cleared
26.4227 	EXP 	surround_grating: autoDraw = False
26.4227 	EXP 	center_grating: autoDraw = False
26.4227 	EXP 	text_4: autoDraw = False
26.4227 	EXP 	surround_grating: ori = 15.0
26.4227 	EXP 	surround_grating: phase = array([0.36666565, 0.36666565])
26.4227 	EXP 	center_grating: ori = 0.5
26.4227 	EXP 	center_grating: phase = array([0.35731905, 0.35731905])
26.9129 	EXP 	surround_grating: autoDraw = True
26.9129 	EXP 	center_grating: autoDraw = True
26.9636 	WARNING 	t of last frame was 27.83ms (=1/35)
26.9863 	EXP 	surround_grating: autoDraw = False
26.9863 	EXP 	center_grating: autoDraw = False
26.9863 	EXP 	text_4: autoDraw = True
27.3989 	EXP 	New trial (rep=0, index=9): <Trial 9 (9 in rep 0) data={'center': 2.5, 'surround': 15, 'type': 'p1', 'surr_type': 'poss', 'surr_opacity': 100, 'thisN': 9, 'thisTrialN': 9, 'thisRepN': 0}>
27.4031 	DATA 	Keypress: left
27.4080 	INFO 	Keyboard events cleared
27.4076 	EXP 	surround_grating: autoDraw = False
27.4076 	EXP 	center_grating: autoDraw = False
27.4076 	EXP 	text_4: autoDraw = False
27.4076 	EXP 	surround_grating: ori = 15.0
27.4076 	EXP 	surround_grating: phase = array([0.97640353, 0.97640353])
27.4076 	EXP 	center_grating: ori = 2.5
27.4076 	EXP 	center_grating: phase = array([0.06810015, 0.06810015])
27.8963 	EXP 	surround_grating: autoDraw = True
27.8963 	EXP 	center_grating: autoDraw = True
27.9699 	EXP 	surround_grating: autoDraw = False
27.9699 	EXP 	center_grating: autoDraw = False
27.9699 	EXP 	text_4: autoDraw = True
28.4019 	DATA 	Keypress: right
28.4073 	EXP 	New trial (rep=0, index=10): <Trial 10 (10 in rep 0) data={'center': 3.5, 'surround': 0, 'type': 'p2', 'surr_type': 'noss', 'surr_opacity': 0, 'thisN': 10, 'thisTrialN': 10, 'thisRepN': 0}>
28.4130 	INFO 	Keyboard events cleared
28.4126 	EXP 	surround_grating: autoDraw = False
28.4126 	EXP 	center_grating: autoDraw = False
28.4126 	EXP 	text_4: autoDraw = False
28.4126 	EXP 	surround_grating: ori = 0.0
28.4126 	EXP 	surround_grating: phase = array([0.43546267, 0.43546267])
28.4126 	EXP 	center_grating: ori = 3.5
28.4126 	EXP 	center_grating: phase = array([0.76039648, 0.76039648])
28.9049 	EXP 	surround_grating: autoDraw = True
28.9049 	EXP 	center_grating: autoDraw = True
28.9797 	EXP 	surround_grating: autoDraw = False
28.9797 	EXP 	center_grating: autoDraw = False
28.9860 	EXP 	text_4: autoDraw = True
29.4208 	EXP 	New trial (rep=0, index=11): <Trial 11 (11 in rep 0) data={'center': -2.5, 'surround': -15, 'type': 'm1', 'surr_type': 'negs', 'surr_opacity': 100, 'thisN': 11, 'thisTrialN': 11, 'thisRepN': 0}>
29.4242 	DATA 	Keypress: right
29.4291 	INFO 	Keyboard events cleared
29.4287 	EXP 	surround_grating: autoDraw = False
29.4287 	EXP 	center_grating: autoDraw = False
29.4287 	EXP 	text_4: autoDraw = False
29.4287 	EXP 	surround_grating: ori = -15.0
29.4287 	EXP 	surround_grating: phase = array([0.26870729, 0.26870729])
29.4287 	EXP 	center_grating: ori = -2.5
29.4287 	EXP 	center_grating: phase = array([0.16246295, 0.16246295])
29.9211 	EXP 	surround_grating: autoDraw = True
29.9211 	EXP 	center_grating: autoDraw = True
29.9963 	EXP 	surround_grating: autoDraw = False
29.9963 	EXP 	center_grating: autoDraw = False
29.9963 	EXP 	text_4: autoDraw = True
30.5650 	EXP 	New trial (rep=0, index=12): <Trial 12 (12 in rep 0) data={'center': -2.0, 'surround': 0, 'type': 'PSE', 'surr_type': 'noss', 'surr_opacity': 0, 'thisN': 12, 'thisTrialN': 12, 'thisRepN': 0}>
30.5685 	DATA 	Keypress: right
30.5730 	INFO 	Keyboard events cleared
30.5727 	EXP 	surround_grating: autoDraw = False
30.5727 	EXP 	center_grating: autoDraw = False
30.5727 	EXP 	text_4: autoDraw = False
30.5727 	EXP 	surround_grating: ori = 0.0
30.5727 	EXP 	surround_grating: phase = array([0.81223253, 0.81223253])
30.5727 	EXP 	center_grating: ori = -2.0
30.5727 	EXP 	center_grating: phase = array([0.11010242, 0.11010242])
31.0630 	EXP 	surround_grating: autoDraw = True
31.0630 	EXP 	center_grating: autoDraw = True
31.1356 	EXP 	surround_grating: autoDraw = False
31.1356 	EXP 	center_grating: autoDraw = False
31.1356 	EXP 	text_4: autoDraw = True
31.5822 	EXP 	New trial (rep=0, index=13): <Trial 13 (13 in rep 0) data={'center': -2.0, 'surround': 0, 'type': 'PSE', 'surr_type': 'noss', 'surr_opacity': 0, 'thisN': 13, 'thisTrialN': 13, 'thisRepN': 0}>
31.5864 	DATA 	Keypress: left
31.5911 	INFO 	Keyboard events cleared
31.5907 	EXP 	surround_grating: autoDraw = False
31.5907 	EXP 	center_grating: autoDraw = False
31.5907 	EXP 	text_4: autoDraw = False
31.5907 	EXP 	surround_grating: ori = 0.0
31.5907 	EXP 	surround_grating: phase = array([0.76057255, 0.76057255])
31.5907 	EXP 	center_grating: ori = -2.0
31.5907 	EXP 	center_grating: phase = array([0.5617655, 0.5617655])
32.0786 	EXP 	surround_grating: autoDraw = True
32.0786 	EXP 	center_grating: autoDraw = True
32.1506 	EXP 	surround_grating: autoDraw = False
32.1506 	EXP 	center_grating: autoDraw = False
32.1506 	EXP 	text_4: autoDraw = True
32.5814 	EXP 	New trial (rep=0, index=14): <Trial 14 (14 in rep 0) data={'center': -2.5, 'surround': 0, 'type': 'm1', 'surr_type': 'noss', 'surr_opacity': 0, 'thisN': 14, 'thisTrialN': 14, 'thisRepN': 0}>
32.5855 	DATA 	Keypress: left
32.5894 	INFO 	Keyboard events cleared
32.5890 	EXP 	surround_grating: autoDraw = False
32.5890 	EXP 	center_grating: autoDraw = False
32.5890 	EXP 	text_4: autoDraw = False
32.5890 	EXP 	surround_grating: ori = 0.0
32.5890 	EXP 	surround_grating: phase = array([0.03034409, 0.03034409])
32.5890 	EXP 	center_grating: ori = -2.5
32.5890 	EXP 	center_grating: phase = array([0.54570439, 0.54570439])
33.0786 	EXP 	surround_grating: autoDraw = True
33.0786 	EXP 	center_grating: autoDraw = True
33.1507 	EXP 	surround_grating: autoDraw = False
33.1507 	EXP 	center_grating: autoDraw = False
33.1507 	EXP 	text_4: autoDraw = True
33.7690 	EXP 	New trial (rep=0, index=15): <Trial 15 (15 in rep 0) data={'center': -2.5, 'surround': -15, 'type': 'm1', 'surr_type': 'negs', 'surr_opacity': 100, 'thisN': 15, 'thisTrialN': 15, 'thisRepN': 0}>
33.7722 	DATA 	Keypress: left
33.7792 	INFO 	Keyboard events cleared
33.7788 	EXP 	surround_grating: autoDraw = False
33.7788 	EXP 	center_grating: autoDraw = False
33.7788 	EXP 	text_4: autoDraw = False
33.7788 	EXP 	surround_grating: ori = -15.0
33.7788 	EXP 	surround_grating: phase = array([0.90754326, 0.90754326])
33.7788 	EXP 	center_grating: ori = -2.5
33.7788 	EXP 	center_grating: phase = array([0.63540039, 0.63540039])
34.2713 	EXP 	surround_grating: autoDraw = True
34.2713 	EXP 	center_grating: autoDraw = True
34.3466 	EXP 	surround_grating: autoDraw = False
34.3466 	EXP 	center_grating: autoDraw = False
34.3466 	EXP 	text_4: autoDraw = True
34.8652 	EXP 	New trial (rep=0, index=16): <Trial 16 (16 in rep 0) data={'center': -2.5, 'surround': -15, 'type': 'm1', 'surr_type': 'negs', 'surr_opacity': 100, 'thisN': 16, 'thisTrialN': 16, 'thisRepN': 0}>
34.8687 	DATA 	Keypress: right
34.8733 	INFO 	Keyboard events cleared
34.8729 	EXP 	surround_grating: autoDraw = False
34.8729 	EXP 	center_grating: autoDraw = False
34.8729 	EXP 	text_4: autoDraw = False
34.8729 	EXP 	surround_grating: ori = -15.0
34.8729 	EXP 	surround_grating: phase = array([0.02802778, 0.02802778])
34.8729 	EXP 	center_grating: ori = -2.5
34.8729 	EXP 	center_grating: phase = array([0.43466179, 0.43466179])
35.3633 	EXP 	surround_grating: autoDraw = True
35.3633 	EXP 	center_grating: autoDraw = True
35.4359 	EXP 	surround_grating: autoDraw = False
35.4359 	EXP 	center_grating: autoDraw = False
35.4359 	EXP 	text_4: autoDraw = True
37.6646 	EXP 	New trial (rep=0, index=17): <Trial 17 (17 in rep 0) data={'center': 3.5, 'surround': 15, 'type': 'p2', 'surr_type': 'poss', 'surr_opacity': 100, 'thisN': 17, 'thisTrialN': 17, 'thisRepN': 0}>
37.6680 	DATA 	Keypress: right
37.6725 	INFO 	Keyboard events cleared
37.6722 	EXP 	surround_grating: autoDraw = False
37.6722 	EXP 	center_grating: autoDraw = False
37.6722 	EXP 	text_4: autoDraw = False
37.6722 	EXP 	surround_grating: ori = 15.0
37.6722 	EXP 	surround_grating: phase = array([0.80566023, 0.80566023])
37.6722 	EXP 	center_grating: ori = 3.5
37.6722 	EXP 	center_grating: phase = array([0.33388591, 0.33388591])
38.1632 	EXP 	surround_grating: autoDraw = True
38.1632 	EXP 	center_grating: autoDraw = True
38.2359 	EXP 	surround_grating: autoDraw = False
38.2359 	EXP 	center_grating: autoDraw = False
38.2359 	EXP 	text_4: autoDraw = True
38.7529 	EXP 	New trial (rep=0, index=18): <Trial 18 (18 in rep 0) data={'center': 1.5, 'surround': 15, 'type': 'm1', 'surr_type': 'poss', 'surr_opacity': 100, 'thisN': 18, 'thisTrialN': 18, 'thisRepN': 0}>
38.7545 	DATA 	Keypress: right
38.7620 	INFO 	Keyboard events cleared
38.7618 	EXP 	surround_grating: autoDraw = False
38.7618 	EXP 	center_grating: autoDraw = False
38.7618 	EXP 	text_4: autoDraw = False
38.7618 	EXP 	surround_grating: ori = 15.0
38.7618 	EXP 	surround_grating: phase = array([0.88997265, 0.88997265])
38.7618 	EXP 	center_grating: ori = 1.5
38.7618 	EXP 	center_grating: phase = array([0.60330778, 0.60330778])
39.2511 	EXP 	surround_grating: autoDraw = True
39.2511 	EXP 	center_grating: autoDraw = True
39.3289 	EXP 	surround_grating: autoDraw = False
39.3289 	EXP 	center_grating: autoDraw = False
39.3289 	EXP 	text_4: autoDraw = True
39.7480 	EXP 	New trial (rep=0, index=19): <Trial 19 (19 in rep 0) data={'center': -1.5, 'surround': -15, 'type': 'p1', 'surr_type': 'negs', 'surr_opacity': 100, 'thisN': 19, 'thisTrialN': 19, 'thisRepN': 0}>
39.7514 	DATA 	Keypress: left
39.7556 	INFO 	Keyboard events cleared
39.7552 	EXP 	surround_grating: autoDraw = False
39.7552 	EXP 	center_grating: autoDraw = False
39.7552 	EXP 	text_4: autoDraw = False
39.7552 	EXP 	surround_grating: ori = -15.0
39.7552 	EXP 	surround_grating: phase = array([0.54083337, 0.54083337])
39.7552 	EXP 	center_grating: ori = -1.5
39.7552 	EXP 	center_grating: phase = array([0.25084404, 0.25084404])
40.2464 	EXP 	surround_grating: autoDraw = True
40.2464 	EXP 	center_grating: autoDraw = True
40.3170 	EXP 	surround_grating: autoDraw = False
40.3170 	EXP 	center_grating: autoDraw = False
40.3170 	EXP 	text_4: autoDraw = True
40.8185 	EXP 	New trial (rep=0, index=20): <Trial 20 (20 in rep 0) data={'center': -0.5, 'surround': -15, 'type': 'p2', 'surr_type': 'negs', 'surr_opacity': 100, 'thisN': 20, 'thisTrialN': 20, 'thisRepN': 0}>
40.8218 	DATA 	Keypress: right
40.8297 	INFO 	Keyboard events cleared
40.8293 	EXP 	surround_grating: autoDraw = False
40.8293 	EXP 	center_grating: autoDraw = False
40.8293 	EXP 	text_4: autoDraw = False
40.8293 	EXP 	surround_grating: ori = -15.0
40.8293 	EXP 	surround_grating: phase = array([0.68981847, 0.68981847])
40.8293 	EXP 	center_grating: ori = -0.5
40.8293 	EXP 	center_grating: phase = array([0.65405464, 0.65405464])
41.3133 	EXP 	surround_grating: autoDraw = True
41.3133 	EXP 	center_grating: autoDraw = True
41.3837 	EXP 	surround_grating: autoDraw = False
41.3837 	EXP 	center_grating: autoDraw = False
41.3969 	EXP 	text_4: autoDraw = True
41.8152 	EXP 	New trial (rep=0, index=21): <Trial 21 (21 in rep 0) data={'center': -3.5, 'surround': -15, 'type': 'm2', 'surr_type': 'negs', 'surr_opacity': 100, 'thisN': 21, 'thisTrialN': 21, 'thisRepN': 0}>
41.8190 	DATA 	Keypress: right
41.8237 	INFO 	Keyboard events cleared
41.8233 	EXP 	surround_grating: autoDraw = False
41.8233 	EXP 	center_grating: autoDraw = False
41.8233 	EXP 	text_4: autoDraw = False
41.8233 	EXP 	surround_grating: ori = -15.0
41.8233 	EXP 	surround_grating: phase = array([0.40924883, 0.40924883])
41.8233 	EXP 	center_grating: ori = -3.5
41.8233 	EXP 	center_grating: phase = array([0.47057835, 0.47057835])
42.3130 	EXP 	surround_grating: autoDraw = True
42.3130 	EXP 	center_grating: autoDraw = True
42.3858 	EXP 	surround_grating: autoDraw = False
42.3858 	EXP 	center_grating: autoDraw = False
42.3858 	EXP 	text_4: autoDraw = True
42.8186 	EXP 	New trial (rep=0, index=22): <Trial 22 (22 in rep 0) data={'center': -2.5, 'surround': -15, 'type': 'm1', 'surr_type': 'negs', 'surr_opacity': 100, 'thisN': 22, 'thisTrialN': 22, 'thisRepN': 0}>
42.8218 	DATA 	Keypress: right
42.8297 	INFO 	Keyboard events cleared
42.8294 	EXP 	surround_grating: autoDraw = False
42.8294 	EXP 	center_grating: autoDraw = False
42.8294 	EXP 	text_4: autoDraw = False
42.8294 	EXP 	surround_grating: ori = -15.0
42.8294 	EXP 	surround_grating: phase = array([0.75991061, 0.75991061])
42.8294 	EXP 	center_grating: ori = -2.5
42.8294 	EXP 	center_grating: phase = array([0.66367908, 0.66367908])
43.3129 	EXP 	surround_grating: autoDraw = True
43.3129 	EXP 	center_grating: autoDraw = True
43.3855 	EXP 	surround_grating: autoDraw = False
43.3855 	EXP 	center_grating: autoDraw = False
43.3964 	EXP 	text_4: autoDraw = True
46.4710 	EXP 	New trial (rep=0, index=23): <Trial 23 (23 in rep 0) data={'center': -0.5, 'surround': 0, 'type': 'p2', 'surr_type': 'noss', 'surr_opacity': 0, 'thisN': 23, 'thisTrialN': 23, 'thisRepN': 0}>
46.4744 	DATA 	Keypress: left
46.4793 	INFO 	Keyboard events cleared
46.4789 	EXP 	surround_grating: autoDraw = False
46.4789 	EXP 	center_grating: autoDraw = False
46.4789 	EXP 	text_4: autoDraw = False
46.4789 	EXP 	surround_grating: ori = 0.0
46.4789 	EXP 	surround_grating: phase = array([0.51173447, 0.51173447])
46.4789 	EXP 	center_grating: ori = -0.5
46.4789 	EXP 	center_grating: phase = array([0.52481031, 0.52481031])
46.9712 	EXP 	surround_grating: autoDraw = True
46.9712 	EXP 	center_grating: autoDraw = True
47.0461 	EXP 	surround_grating: autoDraw = False
47.0461 	EXP 	center_grating: autoDraw = False
47.0461 	EXP 	text_4: autoDraw = True
47.9720 	DATA 	Keypress: left
47.9812 	EXP 	New trial (rep=0, index=24): <Trial 24 (24 in rep 0) data={'center': -3.5, 'surround': -15, 'type': 'm2', 'surr_type': 'negs', 'surr_opacity': 100, 'thisN': 24, 'thisTrialN': 24, 'thisRepN': 0}>
47.9860 	INFO 	Keyboard events cleared
47.9856 	EXP 	surround_grating: autoDraw = False
47.9856 	EXP 	center_grating: autoDraw = False
47.9856 	EXP 	text_4: autoDraw = False
47.9856 	EXP 	surround_grating: ori = -15.0
47.9856 	EXP 	surround_grating: phase = array([0.89558295, 0.89558295])
47.9856 	EXP 	center_grating: ori = -3.5
47.9856 	EXP 	center_grating: phase = array([0.80096007, 0.80096007])
48.4786 	EXP 	surround_grating: autoDraw = True
48.4786 	EXP 	center_grating: autoDraw = True
48.5527 	EXP 	surround_grating: autoDraw = False
48.5527 	EXP 	center_grating: autoDraw = False
48.5527 	EXP 	text_4: autoDraw = True
51.1313 	EXP 	New trial (rep=0, index=25): <Trial 25 (25 in rep 0) data={'center': 0.5, 'surround': 15, 'type': 'm2', 'surr_type': 'poss', 'surr_opacity': 100, 'thisN': 25, 'thisTrialN': 25, 'thisRepN': 0}>
51.1347 	DATA 	Keypress: left
51.1391 	INFO 	Keyboard events cleared
51.1387 	EXP 	surround_grating: autoDraw = False
51.1387 	EXP 	center_grating: autoDraw = False
51.1387 	EXP 	text_4: autoDraw = False
51.1387 	EXP 	surround_grating: ori = 15.0
51.1387 	EXP 	surround_grating: phase = array([0.65505613, 0.65505613])
51.1387 	EXP 	center_grating: ori = 0.5
51.1387 	EXP 	center_grating: phase = array([0.1556756, 0.1556756])
51.6295 	EXP 	surround_grating: autoDraw = True
51.6295 	EXP 	center_grating: autoDraw = True
51.7002 	EXP 	surround_grating: autoDraw = False
51.7002 	EXP 	center_grating: autoDraw = False
51.7002 	EXP 	text_4: autoDraw = True
52.2658 	EXP 	New trial (rep=0, index=26): <Trial 26 (26 in rep 0) data={'center': -2.0, 'surround': -15, 'type': 'PSE', 'surr_type': 'negs', 'surr_opacity': 100, 'thisN': 26, 'thisTrialN': 26, 'thisRepN': 0}>
52.2702 	DATA 	Keypress: left
52.2749 	INFO 	Keyboard events cleared
52.2745 	EXP 	surround_grating: autoDraw = False
52.2745 	EXP 	center_grating: autoDraw = False
52.2745 	EXP 	text_4: autoDraw = False
52.2745 	EXP 	surround_grating: ori = -15.0
52.2745 	EXP 	surround_grating: phase = array([0.91674533, 0.91674533])
52.2745 	EXP 	center_grating: ori = -2.0
52.2745 	EXP 	center_grating: phase = array([0.54764948, 0.54764948])
52.7628 	EXP 	surround_grating: autoDraw = True
52.7628 	EXP 	center_grating: autoDraw = True
52.8350 	EXP 	surround_grating: autoDraw = False
52.8350 	EXP 	center_grating: autoDraw = False
52.8350 	EXP 	text_4: autoDraw = True
53.2840 	DATA 	Keypress: right
53.2901 	EXP 	New trial (rep=0, index=27): <Trial 27 (27 in rep 0) data={'center': 0.5, 'surround': 15, 'type': 'm2', 'surr_type': 'poss', 'surr_opacity': 100, 'thisN': 27, 'thisTrialN': 27, 'thisRepN': 0}>
53.2958 	INFO 	Keyboard events cleared
53.2953 	EXP 	surround_grating: autoDraw = False
53.2953 	EXP 	center_grating: autoDraw = False
53.2953 	EXP 	text_4: autoDraw = False
53.2953 	EXP 	surround_grating: ori = 15.0
53.2953 	EXP 	surround_grating: phase = array([0.72349555, 0.72349555])
53.2953 	EXP 	center_grating: ori = 0.5
53.2953 	EXP 	center_grating: phase = array([0.6952529, 0.6952529])
53.7867 	EXP 	surround_grating: autoDraw = True
53.7867 	EXP 	center_grating: autoDraw = True
53.8636 	EXP 	surround_grating: autoDraw = False
53.8636 	EXP 	center_grating: autoDraw = False
53.8694 	EXP 	text_4: autoDraw = True
54.3028 	DATA 	Keypress: left
54.3083 	EXP 	New trial (rep=0, index=28): <Trial 28 (28 in rep 0) data={'center': 2.5, 'surround': 15, 'type': 'p1', 'surr_type': 'poss', 'surr_opacity': 100, 'thisN': 28, 'thisTrialN': 28, 'thisRepN': 0}>
54.3300 	INFO 	Keyboard events cleared
54.3300 	WARNING 	Multiple dropped frames have occurred - I'll stop bothering you about them!
54.3296 	EXP 	surround_grating: autoDraw = False
54.3296 	EXP 	center_grating: autoDraw = False
54.3296 	EXP 	text_4: autoDraw = False
54.3296 	EXP 	surround_grating: ori = 15.0
54.3296 	EXP 	surround_grating: phase = array([0.47243541, 0.47243541])
54.3296 	EXP 	center_grating: ori = 2.5
54.3296 	EXP 	center_grating: phase = array([0.1251142, 0.1251142])
54.8026 	EXP 	surround_grating: autoDraw = True
54.8026 	EXP 	center_grating: autoDraw = True
54.8796 	EXP 	surround_grating: autoDraw = False
54.8796 	EXP 	center_grating: autoDraw = False
54.8858 	EXP 	text_4: autoDraw = True
55.2855 	EXP 	New trial (rep=0, index=29): <Trial 29 (29 in rep 0) data={'center': 2.5, 'surround': 15, 'type': 'p1', 'surr_type': 'poss', 'surr_opacity': 100, 'thisN': 29, 'thisTrialN': 29, 'thisRepN': 0}>
55.2886 	DATA 	Keypress: right
55.2967 	INFO 	Keyboard events cleared
55.2962 	EXP 	surround_grating: autoDraw = False
55.2962 	EXP 	center_grating: autoDraw = False
55.2962 	EXP 	text_4: autoDraw = False
55.2962 	EXP 	surround_grating: ori = 15.0
55.2962 	EXP 	surround_grating: phase = array([0.66233235, 0.66233235])
55.2962 	EXP 	center_grating: ori = 2.5
55.2962 	EXP 	center_grating: phase = array([0.3028, 0.3028])
55.7861 	EXP 	surround_grating: autoDraw = True
55.7861 	EXP 	center_grating: autoDraw = True
55.8630 	EXP 	surround_grating: autoDraw = False
55.8630 	EXP 	center_grating: autoDraw = False
55.8630 	EXP 	text_4: autoDraw = True
56.6323 	EXP 	New trial (rep=0, index=30): <Trial 30 (30 in rep 0) data={'center': 2.5, 'surround': 15, 'type': 'p1', 'surr_type': 'poss', 'surr_opacity': 100, 'thisN': 30, 'thisTrialN': 30, 'thisRepN': 0}>
56.6363 	DATA 	Keypress: right
56.6411 	INFO 	Keyboard events cleared
56.6406 	EXP 	surround_grating: autoDraw = False
56.6406 	EXP 	center_grating: autoDraw = False
56.6406 	EXP 	text_4: autoDraw = False
56.6406 	EXP 	surround_grating: ori = 15.0
56.6406 	EXP 	surround_grating: phase = array([0.53967688, 0.53967688])
56.6406 	EXP 	center_grating: ori = 2.5
56.6406 	EXP 	center_grating: phase = array([0.51792814, 0.51792814])
57.1295 	EXP 	surround_grating: autoDraw = True
57.1295 	EXP 	center_grating: autoDraw = True
57.2017 	EXP 	surround_grating: autoDraw = False
57.2017 	EXP 	center_grating: autoDraw = False
57.2017 	EXP 	text_4: autoDraw = True
58.0517 	EXP 	New trial (rep=0, index=31): <Trial 31 (31 in rep 0) data={'center': -1.5, 'surround': -15, 'type': 'p1', 'surr_type': 'negs', 'surr_opacity': 100, 'thisN': 31, 'thisTrialN': 31, 'thisRepN': 0}>
58.0551 	DATA 	Keypress: right
58.0629 	INFO 	Keyboard events cleared
58.0627 	EXP 	surround_grating: autoDraw = False
58.0627 	EXP 	center_grating: autoDraw = False
58.0627 	EXP 	text_4: autoDraw = False
58.0627 	EXP 	surround_grating: ori = -15.0
58.0627 	EXP 	surround_grating: phase = array([0.16937619, 0.16937619])
58.0627 	EXP 	center_grating: ori = -1.5
58.0627 	EXP 	center_grating: phase = array([0.32894118, 0.32894118])
58.5455 	EXP 	surround_grating: autoDraw = True
58.5455 	EXP 	center_grating: autoDraw = True
58.6172 	EXP 	surround_grating: autoDraw = False
58.6172 	EXP 	center_grating: autoDraw = False
58.6297 	EXP 	text_4: autoDraw = True
59.1481 	EXP 	New trial (rep=0, index=32): <Trial 32 (32 in rep 0) data={'center': 0.5, 'surround': 15, 'type': 'm2', 'surr_type': 'poss', 'surr_opacity': 100, 'thisN': 32, 'thisTrialN': 32, 'thisRepN': 0}>
59.1511 	DATA 	Keypress: right
59.1556 	INFO 	Keyboard events cleared
59.1553 	EXP 	surround_grating: autoDraw = False
59.1553 	EXP 	center_grating: autoDraw = False
59.1553 	EXP 	text_4: autoDraw = False
59.1553 	EXP 	surround_grating: ori = 15.0
59.1553 	EXP 	surround_grating: phase = array([0.05033593, 0.05033593])
59.1553 	EXP 	center_grating: ori = 0.5
59.1553 	EXP 	center_grating: phase = array([0.93367504, 0.93367504])
59.6460 	EXP 	surround_grating: autoDraw = True
59.6460 	EXP 	center_grating: autoDraw = True
59.7188 	EXP 	surround_grating: autoDraw = False
59.7188 	EXP 	center_grating: autoDraw = False
59.7188 	EXP 	text_4: autoDraw = True
60.1687 	EXP 	New trial (rep=0, index=33): <Trial 33 (33 in rep 0) data={'center': -0.5, 'surround': 0, 'type': 'p2', 'surr_type': 'noss', 'surr_opacity': 0, 'thisN': 33, 'thisTrialN': 33, 'thisRepN': 0}>
60.1721 	DATA 	Keypress: left
60.1790 	INFO 	Keyboard events cleared
60.1786 	EXP 	surround_grating: autoDraw = False
60.1786 	EXP 	center_grating: autoDraw = False
60.1786 	EXP 	text_4: autoDraw = False
60.1786 	EXP 	surround_grating: ori = 0.0
60.1786 	EXP 	surround_grating: phase = array([0.31188936, 0.31188936])
60.1786 	EXP 	center_grating: ori = -0.5
60.1786 	EXP 	center_grating: phase = array([0.95552784, 0.95552784])
60.6705 	EXP 	surround_grating: autoDraw = True
60.6705 	EXP 	center_grating: autoDraw = True
60.7461 	EXP 	surround_grating: autoDraw = False
60.7461 	EXP 	center_grating: autoDraw = False
60.7461 	EXP 	text_4: autoDraw = True
62.5323 	EXP 	New trial (rep=0, index=34): <Trial 34 (34 in rep 0) data={'center': 3.5, 'surround': 0, 'type': 'p2', 'surr_type': 'noss', 'surr_opacity': 0, 'thisN': 34, 'thisTrialN': 34, 'thisRepN': 0}>
62.5361 	DATA 	Keypress: left
62.5409 	INFO 	Keyboard events cleared
62.5404 	EXP 	surround_grating: autoDraw = False
62.5404 	EXP 	center_grating: autoDraw = False
62.5404 	EXP 	text_4: autoDraw = False
62.5404 	EXP 	surround_grating: ori = 0.0
62.5404 	EXP 	surround_grating: phase = array([0.26427498, 0.26427498])
62.5404 	EXP 	center_grating: ori = 3.5
62.5404 	EXP 	center_grating: phase = array([0.88150347, 0.88150347])
63.0297 	EXP 	surround_grating: autoDraw = True
63.0297 	EXP 	center_grating: autoDraw = True
63.1021 	EXP 	surround_grating: autoDraw = False
63.1021 	EXP 	center_grating: autoDraw = False
63.1021 	EXP 	text_4: autoDraw = True
63.4684 	DATA 	Keypress: right
63.4737 	EXP 	New trial (rep=0, index=35): <Trial 35 (35 in rep 0) data={'center': -3.5, 'surround': 0, 'type': 'm2', 'surr_type': 'noss', 'surr_opacity': 0, 'thisN': 35, 'thisTrialN': 35, 'thisRepN': 0}>
63.4793 	INFO 	Keyboard events cleared
63.4789 	EXP 	surround_grating: autoDraw = False
63.4789 	EXP 	center_grating: autoDraw = False
63.4789 	EXP 	text_4: autoDraw = False
63.4789 	EXP 	surround_grating: ori = 0.0
63.4789 	EXP 	surround_grating: phase = array([0.21191927, 0.21191927])
63.4789 	EXP 	center_grating: ori = -3.5
63.4789 	EXP 	center_grating: phase = array([0.48729919, 0.48729919])
63.9723 	EXP 	surround_grating: autoDraw = True
63.9723 	EXP 	center_grating: autoDraw = True
64.0454 	EXP 	surround_grating: autoDraw = False
64.0454 	EXP 	center_grating: autoDraw = False
64.0454 	EXP 	text_4: autoDraw = True
64.4322 	EXP 	New trial (rep=0, index=36): <Trial 36 (36 in rep 0) data={'center': 2.0, 'surround': 15, 'type': 'PSE', 'surr_type': 'poss', 'surr_opacity': 100, 'thisN': 36, 'thisTrialN': 36, 'thisRepN': 0}>
64.4361 	DATA 	Keypress: left
64.4406 	INFO 	Keyboard events cleared
64.4402 	EXP 	surround_grating: autoDraw = False
64.4402 	EXP 	center_grating: autoDraw = False
64.4402 	EXP 	text_4: autoDraw = False
64.4402 	EXP 	surround_grating: ori = 15.0
64.4402 	EXP 	surround_grating: phase = array([0.95513016, 0.95513016])
64.4402 	EXP 	center_grating: ori = 2.0
64.4402 	EXP 	center_grating: phase = array([0.1589933, 0.1589933])
64.9297 	EXP 	surround_grating: autoDraw = True
64.9297 	EXP 	center_grating: autoDraw = True
65.0021 	EXP 	surround_grating: autoDraw = False
65.0021 	EXP 	center_grating: autoDraw = False
65.0021 	EXP 	text_4: autoDraw = True
65.9518 	DATA 	Keypress: left
65.9571 	EXP 	New trial (rep=0, index=37): <Trial 37 (37 in rep 0) data={'center': 1.5, 'surround': 0, 'type': 'm1', 'surr_type': 'noss', 'surr_opacity': 0, 'thisN': 37, 'thisTrialN': 37, 'thisRepN': 0}>
65.9627 	INFO 	Keyboard events cleared
65.9623 	EXP 	surround_grating: autoDraw = False
65.9623 	EXP 	center_grating: autoDraw = False
65.9623 	EXP 	text_4: autoDraw = False
65.9623 	EXP 	surround_grating: ori = 0.0
65.9623 	EXP 	surround_grating: phase = array([0.38455068, 0.38455068])
65.9623 	EXP 	center_grating: ori = 1.5
65.9623 	EXP 	center_grating: phase = array([0.56854896, 0.56854896])
66.4552 	EXP 	surround_grating: autoDraw = True
66.4552 	EXP 	center_grating: autoDraw = True
66.5297 	EXP 	surround_grating: autoDraw = False
66.5297 	EXP 	center_grating: autoDraw = False
66.5297 	EXP 	text_4: autoDraw = True
66.9820 	EXP 	New trial (rep=0, index=38): <Trial 38 (38 in rep 0) data={'center': 2.5, 'surround': 0, 'type': 'p1', 'surr_type': 'noss', 'surr_opacity': 0, 'thisN': 38, 'thisTrialN': 38, 'thisRepN': 0}>
66.9855 	DATA 	Keypress: right
66.9899 	INFO 	Keyboard events cleared
66.9896 	EXP 	surround_grating: autoDraw = False
66.9896 	EXP 	center_grating: autoDraw = False
66.9896 	EXP 	text_4: autoDraw = False
66.9896 	EXP 	surround_grating: ori = 0.0
66.9896 	EXP 	surround_grating: phase = array([0.73487931, 0.73487931])
66.9896 	EXP 	center_grating: ori = 2.5
66.9896 	EXP 	center_grating: phase = array([0.28637634, 0.28637634])
67.4799 	EXP 	surround_grating: autoDraw = True
67.4799 	EXP 	center_grating: autoDraw = True
67.5529 	EXP 	surround_grating: autoDraw = False
67.5529 	EXP 	center_grating: autoDraw = False
67.5529 	EXP 	text_4: autoDraw = True
67.9147 	EXP 	New trial (rep=0, index=39): <Trial 39 (39 in rep 0) data={'center': -0.5, 'surround': -15, 'type': 'p2', 'surr_type': 'negs', 'surr_opacity': 100, 'thisN': 39, 'thisTrialN': 39, 'thisRepN': 0}>
67.9182 	DATA 	Keypress: right
67.9227 	INFO 	Keyboard events cleared
67.9224 	EXP 	surround_grating: autoDraw = False
67.9224 	EXP 	center_grating: autoDraw = False
67.9224 	EXP 	text_4: autoDraw = False
67.9224 	EXP 	surround_grating: ori = -15.0
67.9224 	EXP 	surround_grating: phase = array([0.81335253, 0.81335253])
67.9224 	EXP 	center_grating: ori = -0.5
67.9224 	EXP 	center_grating: phase = array([0.21118261, 0.21118261])
68.4119 	EXP 	surround_grating: autoDraw = True
68.4119 	EXP 	center_grating: autoDraw = True
68.4856 	EXP 	surround_grating: autoDraw = False
68.4856 	EXP 	center_grating: autoDraw = False
68.4856 	EXP 	text_4: autoDraw = True
68.9377 	EXP 	New trial (rep=0, index=40): <Trial 40 (40 in rep 0) data={'center': -0.5, 'surround': -15, 'type': 'p2', 'surr_type': 'negs', 'surr_opacity': 100, 'thisN': 40, 'thisTrialN': 40, 'thisRepN': 0}>
68.9412 	DATA 	Keypress: right
68.9459 	INFO 	Keyboard events cleared
68.9455 	EXP 	surround_grating: autoDraw = False
68.9455 	EXP 	center_grating: autoDraw = False
68.9455 	EXP 	text_4: autoDraw = False
68.9455 	EXP 	surround_grating: ori = -15.0
68.9455 	EXP 	surround_grating: phase = array([0.81725945, 0.81725945])
68.9455 	EXP 	center_grating: ori = -0.5
68.9455 	EXP 	center_grating: phase = array([0.19009812, 0.19009812])
69.4382 	EXP 	surround_grating: autoDraw = True
69.4382 	EXP 	center_grating: autoDraw = True
69.5130 	EXP 	surround_grating: autoDraw = False
69.5130 	EXP 	center_grating: autoDraw = False
69.5130 	EXP 	text_4: autoDraw = True
69.9484 	EXP 	New trial (rep=0, index=41): <Trial 41 (41 in rep 0) data={'center': 2.0, 'surround': 15, 'type': 'PSE', 'surr_type': 'poss', 'surr_opacity': 100, 'thisN': 41, 'thisTrialN': 41, 'thisRepN': 0}>
69.9517 	DATA 	Keypress: right
69.9563 	INFO 	Keyboard events cleared
69.9560 	EXP 	surround_grating: autoDraw = False
69.9560 	EXP 	center_grating: autoDraw = False
69.9560 	EXP 	text_4: autoDraw = False
69.9560 	EXP 	surround_grating: ori = 15.0
69.9560 	EXP 	surround_grating: phase = array([0.70020624, 0.70020624])
69.9560 	EXP 	center_grating: ori = 2.0
69.9560 	EXP 	center_grating: phase = array([0.04655372, 0.04655372])
70.4453 	EXP 	surround_grating: autoDraw = True
70.4453 	EXP 	center_grating: autoDraw = True
70.5194 	EXP 	surround_grating: autoDraw = False
70.5194 	EXP 	center_grating: autoDraw = False
70.5194 	EXP 	text_4: autoDraw = True
70.9882 	EXP 	New trial (rep=0, index=42): <Trial 42 (42 in rep 0) data={'center': 3.5, 'surround': 15, 'type': 'p2', 'surr_type': 'poss', 'surr_opacity': 100, 'thisN': 42, 'thisTrialN': 42, 'thisRepN': 0}>
70.9916 	DATA 	Keypress: left
70.9963 	INFO 	Keyboard events cleared
70.9959 	EXP 	surround_grating: autoDraw = False
70.9959 	EXP 	center_grating: autoDraw = False
70.9959 	EXP 	text_4: autoDraw = False
70.9959 	EXP 	surround_grating: ori = 15.0
70.9959 	EXP 	surround_grating: phase = array([0.87932158, 0.87932158])
70.9959 	EXP 	center_grating: ori = 3.5
70.9959 	EXP 	center_grating: phase = array([0.74351387, 0.74351387])
71.4882 	EXP 	surround_grating: autoDraw = True
71.4882 	EXP 	center_grating: autoDraw = True
71.5634 	EXP 	surround_grating: autoDraw = False
71.5634 	EXP 	center_grating: autoDraw = False
71.5634 	EXP 	text_4: autoDraw = True
72.0321 	EXP 	New trial (rep=0, index=43): <Trial 43 (43 in rep 0) data={'center': 2.0, 'surround': 0, 'type': 'PSE', 'surr_type': 'noss', 'surr_opacity': 0, 'thisN': 43, 'thisTrialN': 43, 'thisRepN': 0}>
72.0359 	DATA 	Keypress: right
72.0406 	INFO 	Keyboard events cleared
72.0402 	EXP 	surround_grating: autoDraw = False
72.0402 	EXP 	center_grating: autoDraw = False
72.0402 	EXP 	text_4: autoDraw = False
72.0402 	EXP 	surround_grating: ori = 0.0
72.0402 	EXP 	surround_grating: phase = array([0.69882174, 0.69882174])
72.0402 	EXP 	center_grating: ori = 2.0
72.0402 	EXP 	center_grating: phase = array([0.33964255, 0.33964255])
72.5285 	EXP 	surround_grating: autoDraw = True
72.5285 	EXP 	center_grating: autoDraw = True
72.6027 	EXP 	surround_grating: autoDraw = False
72.6027 	EXP 	center_grating: autoDraw = False
72.6027 	EXP 	text_4: autoDraw = True
73.0153 	EXP 	New trial (rep=0, index=44): <Trial 44 (44 in rep 0) data={'center': -1.5, 'surround': -15, 'type': 'p1', 'surr_type': 'negs', 'surr_opacity': 100, 'thisN': 44, 'thisTrialN': 44, 'thisRepN': 0}>
73.0188 	DATA 	Keypress: right
73.0234 	INFO 	Keyboard events cleared
73.0230 	EXP 	surround_grating: autoDraw = False
73.0230 	EXP 	center_grating: autoDraw = False
73.0230 	EXP 	text_4: autoDraw = False
73.0230 	EXP 	surround_grating: ori = -15.0
73.0230 	EXP 	surround_grating: phase = array([0.89362037, 0.89362037])
73.0230 	EXP 	center_grating: ori = -1.5
73.0230 	EXP 	center_grating: phase = array([0.15331993, 0.15331993])
73.5119 	EXP 	surround_grating: autoDraw = True
73.5119 	EXP 	center_grating: autoDraw = True
73.5860 	EXP 	surround_grating: autoDraw = False
73.5860 	EXP 	center_grating: autoDraw = False
73.5860 	EXP 	text_4: autoDraw = True
73.9701 	EXP 	New trial (rep=0, index=45): <Trial 45 (45 in rep 0) data={'center': 2.0, 'surround': 15, 'type': 'PSE', 'surr_type': 'poss', 'surr_opacity': 100, 'thisN': 45, 'thisTrialN': 45, 'thisRepN': 0}>
73.9733 	DATA 	Keypress: right
73.9788 	INFO 	Keyboard events cleared
73.9785 	EXP 	surround_grating: autoDraw = False
73.9785 	EXP 	center_grating: autoDraw = False
73.9785 	EXP 	text_4: autoDraw = False
73.9785 	EXP 	surround_grating: ori = 15.0
73.9785 	EXP 	surround_grating: phase = array([0.37633748, 0.37633748])
73.9785 	EXP 	center_grating: ori = 2.0
73.9785 	EXP 	center_grating: phase = array([0.3638381, 0.3638381])
74.4720 	EXP 	surround_grating: autoDraw = True
74.4720 	EXP 	center_grating: autoDraw = True
74.5463 	EXP 	surround_grating: autoDraw = False
74.5463 	EXP 	center_grating: autoDraw = False
74.5463 	EXP 	text_4: autoDraw = True
75.0644 	EXP 	New trial (rep=0, index=46): <Trial 46 (46 in rep 0) data={'center': 1.5, 'surround': 15, 'type': 'm1', 'surr_type': 'poss', 'surr_opacity': 100, 'thisN': 46, 'thisTrialN': 46, 'thisRepN': 0}>
75.0677 	DATA 	Keypress: right
75.0716 	INFO 	Keyboard events cleared
75.0712 	EXP 	surround_grating: autoDraw = False
75.0712 	EXP 	center_grating: autoDraw = False
75.0712 	EXP 	text_4: autoDraw = False
75.0712 	EXP 	surround_grating: ori = 15.0
75.0712 	EXP 	surround_grating: phase = array([0.99883693, 0.99883693])
75.0712 	EXP 	center_grating: ori = 1.5
75.0712 	EXP 	center_grating: phase = array([0.40160481, 0.40160481])
75.5632 	EXP 	surround_grating: autoDraw = True
75.5632 	EXP 	center_grating: autoDraw = True
75.6360 	EXP 	surround_grating: autoDraw = False
75.6360 	EXP 	center_grating: autoDraw = False
75.6360 	EXP 	text_4: autoDraw = True
77.6521 	EXP 	New trial (rep=0, index=47): <Trial 47 (47 in rep 0) data={'center': -1.5, 'surround': 0, 'type': 'p1', 'surr_type': 'noss', 'surr_opacity': 0, 'thisN': 47, 'thisTrialN': 47, 'thisRepN': 0}>
77.6555 	DATA 	Keypress: left
77.6622 	INFO 	Keyboard events cleared
77.6619 	EXP 	surround_grating: autoDraw = False
77.6619 	EXP 	center_grating: autoDraw = False
77.6619 	EXP 	text_4: autoDraw = False
77.6619 	EXP 	surround_grating: ori = 0.0
77.6619 	EXP 	surround_grating: phase = array([0.00232952, 0.00232952])
77.6619 	EXP 	center_grating: ori = -1.5
77.6619 	EXP 	center_grating: phase = array([0.8197676, 0.8197676])
78.1465 	EXP 	surround_grating: autoDraw = True
78.1465 	EXP 	center_grating: autoDraw = True
78.2177 	EXP 	surround_grating: autoDraw = False
78.2177 	EXP 	center_grating: autoDraw = False
78.2300 	EXP 	text_4: autoDraw = True
78.5997 	EXP 	New trial (rep=0, index=48): <Trial 48 (48 in rep 0) data={'center': -0.5, 'surround': -15, 'type': 'p2', 'surr_type': 'negs', 'surr_opacity': 100, 'thisN': 48, 'thisTrialN': 48, 'thisRepN': 0}>
78.6031 	DATA 	Keypress: left
78.6076 	INFO 	Keyboard events cleared
78.6072 	EXP 	surround_grating: autoDraw = False
78.6072 	EXP 	center_grating: autoDraw = False
78.6072 	EXP 	text_4: autoDraw = False
78.6072 	EXP 	surround_grating: ori = -15.0
78.6072 	EXP 	surround_grating: phase = array([0.91230642, 0.91230642])
78.6072 	EXP 	center_grating: ori = -0.5
78.6072 	EXP 	center_grating: phase = array([0.04204753, 0.04204753])
79.0964 	EXP 	surround_grating: autoDraw = True
79.0964 	EXP 	center_grating: autoDraw = True
79.1693 	EXP 	surround_grating: autoDraw = False
79.1693 	EXP 	center_grating: autoDraw = False
79.1693 	EXP 	text_4: autoDraw = True
79.5518 	DATA 	Keypress: right
79.5571 	EXP 	New trial (rep=0, index=49): <Trial 49 (49 in rep 0) data={'center': -3.5, 'surround': -15, 'type': 'm2', 'surr_type': 'negs', 'surr_opacity': 100, 'thisN': 49, 'thisTrialN': 49, 'thisRepN': 0}>
79.5627 	INFO 	Keyboard events cleared
79.5623 	EXP 	surround_grating: autoDraw = False
79.5623 	EXP 	center_grating: autoDraw = False
79.5623 	EXP 	text_4: autoDraw = False
79.5623 	EXP 	surround_grating: ori = -15.0
79.5623 	EXP 	surround_grating: phase = array([0.11273013, 0.11273013])
79.5623 	EXP 	center_grating: ori = -3.5
79.5623 	EXP 	center_grating: phase = array([0.74227557, 0.74227557])
80.0541 	EXP 	surround_grating: autoDraw = True
80.0541 	EXP 	center_grating: autoDraw = True
80.1295 	EXP 	surround_grating: autoDraw = False
80.1295 	EXP 	center_grating: autoDraw = False
80.1350 	EXP 	text_4: autoDraw = True
80.9485 	EXP 	New trial (rep=0, index=50): <Trial 50 (50 in rep 0) data={'center': -2.5, 'surround': 0, 'type': 'm1', 'surr_type': 'noss', 'surr_opacity': 0, 'thisN': 50, 'thisTrialN': 50, 'thisRepN': 0}>
80.9527 	DATA 	Keypress: right
80.9574 	INFO 	Keyboard events cleared
80.9569 	EXP 	surround_grating: autoDraw = False
80.9569 	EXP 	center_grating: autoDraw = False
80.9569 	EXP 	text_4: autoDraw = False
80.9569 	EXP 	surround_grating: ori = 0.0
80.9569 	EXP 	surround_grating: phase = array([0.22194127, 0.22194127])
80.9569 	EXP 	center_grating: ori = -2.5
80.9569 	EXP 	center_grating: phase = array([0.64654778, 0.64654778])
81.4452 	EXP 	surround_grating: autoDraw = True
81.4452 	EXP 	center_grating: autoDraw = True
81.5197 	EXP 	surround_grating: autoDraw = False
81.5197 	EXP 	center_grating: autoDraw = False
81.5197 	EXP 	text_4: autoDraw = True
81.9374 	EXP 	New trial (rep=0, index=51): <Trial 51 (51 in rep 0) data={'center': 1.5, 'surround': 15, 'type': 'm1', 'surr_type': 'poss', 'surr_opacity': 100, 'thisN': 51, 'thisTrialN': 51, 'thisRepN': 0}>
81.9407 	DATA 	Keypress: left
81.9453 	INFO 	Keyboard events cleared
81.9450 	EXP 	surround_grating: autoDraw = False
81.9450 	EXP 	center_grating: autoDraw = False
81.9450 	EXP 	text_4: autoDraw = False
81.9450 	EXP 	surround_grating: ori = 15.0
81.9450 	EXP 	surround_grating: phase = array([0.14809028, 0.14809028])
81.9450 	EXP 	center_grating: ori = 1.5
81.9450 	EXP 	center_grating: phase = array([0.86640727, 0.86640727])
82.4389 	EXP 	surround_grating: autoDraw = True
82.4389 	EXP 	center_grating: autoDraw = True
82.5130 	EXP 	surround_grating: autoDraw = False
82.5130 	EXP 	center_grating: autoDraw = False
82.5130 	EXP 	text_4: autoDraw = True
82.9508 	DATA 	Keypress: left
82.9567 	EXP 	New trial (rep=0, index=52): <Trial 52 (52 in rep 0) data={'center': -3.5, 'surround': -15, 'type': 'm2', 'surr_type': 'negs', 'surr_opacity': 100, 'thisN': 52, 'thisTrialN': 52, 'thisRepN': 0}>
82.9624 	INFO 	Keyboard events cleared
82.9620 	EXP 	surround_grating: autoDraw = False
82.9620 	EXP 	center_grating: autoDraw = False
82.9620 	EXP 	text_4: autoDraw = False
82.9620 	EXP 	surround_grating: ori = -15.0
82.9620 	EXP 	surround_grating: phase = array([0.87767627, 0.87767627])
82.9620 	EXP 	center_grating: ori = -3.5
82.9620 	EXP 	center_grating: phase = array([0.93028713, 0.93028713])
83.4558 	EXP 	surround_grating: autoDraw = True
83.4558 	EXP 	center_grating: autoDraw = True
83.5300 	EXP 	surround_grating: autoDraw = False
83.5300 	EXP 	center_grating: autoDraw = False
83.5300 	EXP 	text_4: autoDraw = True
84.1833 	EXP 	New trial (rep=0, index=53): <Trial 53 (53 in rep 0) data={'center': -2.0, 'surround': -15, 'type': 'PSE', 'surr_type': 'negs', 'surr_opacity': 100, 'thisN': 53, 'thisTrialN': 53, 'thisRepN': 0}>
84.1865 	DATA 	Keypress: left
84.1911 	INFO 	Keyboard events cleared
84.1908 	EXP 	surround_grating: autoDraw = False
84.1908 	EXP 	center_grating: autoDraw = False
84.1908 	EXP 	text_4: autoDraw = False
84.1908 	EXP 	surround_grating: ori = -15.0
84.1908 	EXP 	surround_grating: phase = array([0.65042866, 0.65042866])
84.1908 	EXP 	center_grating: ori = -2.0
84.1908 	EXP 	center_grating: phase = array([0.21279765, 0.21279765])
84.6795 	EXP 	surround_grating: autoDraw = True
84.6795 	EXP 	center_grating: autoDraw = True
84.7516 	EXP 	surround_grating: autoDraw = False
84.7516 	EXP 	center_grating: autoDraw = False
84.7516 	EXP 	text_4: autoDraw = True
85.1678 	DATA 	Keypress: right
85.1738 	EXP 	New trial (rep=0, index=54): <Trial 54 (54 in rep 0) data={'center': 0.5, 'surround': 0, 'type': 'm2', 'surr_type': 'noss', 'surr_opacity': 0, 'thisN': 54, 'thisTrialN': 54, 'thisRepN': 0}>
85.1794 	INFO 	Keyboard events cleared
85.1790 	EXP 	surround_grating: autoDraw = False
85.1790 	EXP 	center_grating: autoDraw = False
85.1790 	EXP 	text_4: autoDraw = False
85.1790 	EXP 	surround_grating: ori = 0.0
85.1790 	EXP 	surround_grating: phase = array([0.97778839, 0.97778839])
85.1790 	EXP 	center_grating: ori = 0.5
85.1790 	EXP 	center_grating: phase = array([0.78633011, 0.78633011])
85.6718 	EXP 	surround_grating: autoDraw = True
85.6718 	EXP 	center_grating: autoDraw = True
85.7532 	EXP 	surround_grating: autoDraw = False
85.7532 	EXP 	center_grating: autoDraw = False
85.7532 	EXP 	text_4: autoDraw = True
86.3211 	EXP 	New trial (rep=0, index=55): <Trial 55 (55 in rep 0) data={'center': 1.5, 'surround': 15, 'type': 'm1', 'surr_type': 'poss', 'surr_opacity': 100, 'thisN': 55, 'thisTrialN': 55, 'thisRepN': 0}>
86.3247 	DATA 	Keypress: right
86.3295 	INFO 	Keyboard events cleared
86.3291 	EXP 	surround_grating: autoDraw = False
86.3291 	EXP 	center_grating: autoDraw = False
86.3291 	EXP 	text_4: autoDraw = False
86.3291 	EXP 	surround_grating: ori = 15.0
86.3291 	EXP 	surround_grating: phase = array([0.73894017, 0.73894017])
86.3291 	EXP 	center_grating: ori = 1.5
86.3291 	EXP 	center_grating: phase = array([0.75724718, 0.75724718])
86.8210 	EXP 	surround_grating: autoDraw = True
86.8210 	EXP 	center_grating: autoDraw = True
86.8953 	EXP 	surround_grating: autoDraw = False
86.8953 	EXP 	center_grating: autoDraw = False
86.8953 	EXP 	text_4: autoDraw = True
87.6482 	EXP 	New trial (rep=0, index=56): <Trial 56 (56 in rep 0) data={'center': -3.5, 'surround': 0, 'type': 'm2', 'surr_type': 'noss', 'surr_opacity': 0, 'thisN': 56, 'thisTrialN': 56, 'thisRepN': 0}>
87.6517 	DATA 	Keypress: left
87.6565 	INFO 	Keyboard events cleared
87.6560 	EXP 	surround_grating: autoDraw = False
87.6560 	EXP 	center_grating: autoDraw = False
87.6560 	EXP 	text_4: autoDraw = False
87.6560 	EXP 	surround_grating: ori = 0.0
87.6560 	EXP 	surround_grating: phase = array([0.94742495, 0.94742495])
87.6560 	EXP 	center_grating: ori = -3.5
87.6560 	EXP 	center_grating: phase = array([0.2538037, 0.2538037])
88.1464 	EXP 	surround_grating: autoDraw = True
88.1464 	EXP 	center_grating: autoDraw = True
88.2193 	EXP 	surround_grating: autoDraw = False
88.2193 	EXP 	center_grating: autoDraw = False
88.2193 	EXP 	text_4: autoDraw = True
88.5982 	EXP 	New trial (rep=0, index=57): <Trial 57 (57 in rep 0) data={'center': 2.0, 'surround': 0, 'type': 'PSE', 'surr_type': 'noss', 'surr_opacity': 0, 'thisN': 57, 'thisTrialN': 57, 'thisRepN': 0}>
88.6016 	DATA 	Keypress: left
88.6062 	INFO 	Keyboard events cleared
88.6058 	EXP 	surround_grating: autoDraw = False
88.6058 	EXP 	center_grating: autoDraw = False
88.6058 	EXP 	text_4: autoDraw = False
88.6058 	EXP 	surround_grating: ori = 0.0
88.6058 	EXP 	surround_grating: phase = array([0.89478741, 0.89478741])
88.6058 	EXP 	center_grating: ori = 2.0
88.6058 	EXP 	center_grating: phase = array([0.06130381, 0.06130381])
89.0961 	EXP 	surround_grating: autoDraw = True
89.0961 	EXP 	center_grating: autoDraw = True
89.1672 	EXP 	surround_grating: autoDraw = False
89.1672 	EXP 	center_grating: autoDraw = False
89.1672 	EXP 	text_4: autoDraw = True
89.4987 	EXP 	New trial (rep=0, index=58): <Trial 58 (58 in rep 0) data={'center': -2.0, 'surround': -15, 'type': 'PSE', 'surr_type': 'negs', 'surr_opacity': 100, 'thisN': 58, 'thisTrialN': 58, 'thisRepN': 0}>
89.5024 	DATA 	Keypress: right
89.5072 	INFO 	Keyboard events cleared
89.5067 	EXP 	surround_grating: autoDraw = False
89.5067 	EXP 	center_grating: autoDraw = False
89.5067 	EXP 	text_4: autoDraw = False
89.5067 	EXP 	surround_grating: ori = -15.0
89.5067 	EXP 	surround_grating: phase = array([0.05724655, 0.05724655])
89.5067 	EXP 	center_grating: ori = -2.0
89.5067 	EXP 	center_grating: phase = array([0.57788781, 0.57788781])
89.9962 	EXP 	surround_grating: autoDraw = True
89.9962 	EXP 	center_grating: autoDraw = True
90.0690 	EXP 	surround_grating: autoDraw = False
90.0690 	EXP 	center_grating: autoDraw = False
90.0690 	EXP 	text_4: autoDraw = True
90.6225 	DATA 	Keypress: right
90.6294 	EXP 	New trial (rep=0, index=59): <Trial 59 (59 in rep 0) data={'center': 3.5, 'surround': 15, 'type': 'p2', 'surr_type': 'poss', 'surr_opacity': 100, 'thisN': 59, 'thisTrialN': 59, 'thisRepN': 0}>
90.6377 	INFO 	Keyboard events cleared
90.6374 	EXP 	surround_grating: autoDraw = False
90.6374 	EXP 	center_grating: autoDraw = False
90.6374 	EXP 	text_4: autoDraw = False
90.6374 	EXP 	surround_grating: ori = 15.0
90.6374 	EXP 	surround_grating: phase = array([0.78748985, 0.78748985])
90.6374 	EXP 	center_grating: ori = 3.5
90.6374 	EXP 	center_grating: phase = array([0.29738986, 0.29738986])
91.1208 	EXP 	surround_grating: autoDraw = True
91.1208 	EXP 	center_grating: autoDraw = True
91.1963 	EXP 	surround_grating: autoDraw = False
91.1963 	EXP 	center_grating: autoDraw = False
91.2020 	EXP 	text_4: autoDraw = True
91.6184 	DATA 	Keypress: right
91.6230 	INFO 	Keyboard events cleared
91.6226 	EXP 	surround_grating: autoDraw = False
91.6226 	EXP 	center_grating: autoDraw = False
91.6226 	EXP 	text_4: autoDraw = False
91.6226 	EXP 	text_14: autoDraw = True
92.8198 	DATA 	Keypress: right
92.8297 	EXP 	text_14: autoDraw = False
92.8298 	EXP 	tilt_mocs: status = STOPPED
92.8534 	INFO 	saved data to '/Users/bwinsto2/Downloads/tilt_mocs/data/272487_tilt_mocs_2025-08-16_12h05.33.078.csv'
92.8556 	INFO 	saved data to /Users/bwinsto2/Downloads/tilt_mocs/data/272487_tilt_mocs_2025-08-16_12h05.33.078.psydat
