6.0984 	DEBUG 	Fullscreen settings ignored as running in pilot mode.
6.0998 	INFO 	Loaded monitor calibration from ['2025_08_13 14:32']
6.2938 	EXP 	Created window1 = Window(allowGUI=False, allowStencil=False, autoLog=True, backendConf=UNKNOWN, backgroundFit=<method-wrapper '__getattribute__' of attributeSetter object at 0x7fd7d1d80b50>, backgroundImage=<method-wrapper '__getattribute__' of attributeSetter object at 0x7fd7d1d80a60>, bitsMode=UNKNOWN, blendMode='avg', bpc=(8, 8, 8), color=array([0, 0, 0]), colorSpace='rgb', depthBits=8, fullscr=False, gamma=None, gammaErrorPolicy='raise', infoMsg=UNKNOWN, lms=UNKNOWN, monitor=<psychopy.monitors.calibTools.Monitor object at 0x7fd7d1c0a5b0>, multiSample=False, name='window1', numSamples=2, pos=[320.0, 150.0], screen=0, size=array([1600, 1200]), stencilBits=0, stereo=False, title='PsychoPy', units='height', useFBO=True, useRetina=True, viewOri=0.0, viewPos=None, viewScale=None, waitBlanking=True, winType='pyglet')
6.2938 	EXP 	window1: backgroundImage = ''
6.2939 	EXP 	window1: backgroundFit = 'none'
6.3029 	DEBUG 	TextBox2 loaded 1 chars with 0 blanks and 1 valid
6.3038 	DEBUG 	TextBox2 loaded 1 chars with 0 blanks and 1 valid
6.3068 	DEBUG 	TextBox2 loaded 1 chars with 0 blanks and 1 valid
6.3083 	DEBUG 	TextBox2 loaded 1 chars with 0 blanks and 1 valid
6.3093 	DEBUG 	TextBox2 loaded 1 chars with 0 blanks and 1 valid
6.3102 	DEBUG 	TextBox2 loaded 1 chars with 0 blanks and 1 valid
6.3110 	DEBUG 	TextBox2 loaded 1 chars with 0 blanks and 1 valid
6.3120 	DEBUG 	TextBox2 loaded 1 chars with 0 blanks and 1 valid
6.3124 	DEBUG 	TextBox2 loaded 1 chars with 0 blanks and 1 valid
6.3128 	DEBUG 	TextBox2 loaded 1 chars with 0 blanks and 1 valid
6.3135 	DEBUG 	TextBox2 loaded 1 chars with 0 blanks and 1 valid
6.3143 	DEBUG 	TextBox2 loaded 1 chars with 0 blanks and 1 valid
6.3149 	DEBUG 	TextBox2 loaded 1 chars with 0 blanks and 1 valid
6.3157 	DEBUG 	TextBox2 loaded 1 chars with 0 blanks and 1 valid
6.3164 	DEBUG 	TextBox2 loaded 1 chars with 0 blanks and 1 valid
6.3172 	DEBUG 	TextBox2 loaded 1 chars with 0 blanks and 1 valid
6.3179 	DEBUG 	TextBox2 loaded 1 chars with 0 blanks and 1 valid
6.3184 	DEBUG 	TextBox2 loaded 1 chars with 0 blanks and 1 valid
6.3189 	DEBUG 	TextBox2 loaded 1 chars with 0 blanks and 1 valid
6.3198 	DEBUG 	TextBox2 loaded 1 chars with 0 blanks and 1 valid
6.3203 	DEBUG 	TextBox2 loaded 1 chars with 0 blanks and 1 valid
6.3205 	DEBUG 	Uploading Texture Font fontname to graphics card
6.3243 	DEBUG 	Upload of Texture Font fontname complete
6.3296 	DEBUG 	TextBox2 loaded 1 chars with 0 blanks and 1 valid
6.3307 	DEBUG 	TextBox2 loaded 1 chars with 0 blanks and 1 valid
6.3317 	DEBUG 	TextBox2 loaded 1 chars with 0 blanks and 1 valid
6.3318 	DEBUG 	Uploading Texture Font fontname to graphics card
6.3337 	DEBUG 	Upload of Texture Font fontname complete
6.3353 	EXP 	window1: Attempting to measure frame rate of screen (0) ...
6.3354 	EXP 	window1: recordFrameIntervals = False
6.5462 	EXP 	window1: recordFrameIntervals = True
7.3806 	WARNING 	Couldn't measure a consistent frame rate!
  - Is your graphics card set to sync to vertical blank?
  - Are you running other processes on your computer?

7.3895 	DEBUG 	TextBox2 loaded 1 chars with 0 blanks and 1 valid
7.3940 	DEBUG 	TextBox2 loaded 1 chars with 0 blanks and 1 valid
7.4009 	DEBUG 	TextBox2 loaded 1 chars with 0 blanks and 1 valid
7.4063 	DEBUG 	TextBox2 loaded 1 chars with 0 blanks and 1 valid
7.4081 	DEBUG 	TextBox2 loaded 1 chars with 0 blanks and 1 valid
7.4110 	DEBUG 	TextBox2 loaded 1 chars with 0 blanks and 1 valid
7.4118 	DEBUG 	TextBox2 loaded 1 chars with 0 blanks and 1 valid
7.4135 	DEBUG 	TextBox2 loaded 1 chars with 0 blanks and 1 valid
7.4177 	DEBUG 	TextBox2 loaded 1 chars with 0 blanks and 1 valid
7.4222 	DEBUG 	TextBox2 loaded 1 chars with 0 blanks and 1 valid
7.4226 	DEBUG 	Uploading Texture Font fontname to graphics card
7.4270 	DEBUG 	Upload of Texture Font fontname complete
7.4517 	WARNING 	launchHubServer: If using the iohub mouse or eyetracker devices, fullScr should be True.
11.2686 	INFO 	keyboard.Keyboard is using iohub backend.
11.2687 	INFO 	keyboard.Keyboard is using iohub backend.
11.2687 	INFO 	keyboard.Keyboard is using iohub backend.
11.2687 	INFO 	keyboard.Keyboard is using iohub backend.
11.2688 	INFO 	keyboard.Keyboard is using iohub backend.
11.2688 	INFO 	keyboard.Keyboard is using iohub backend.
11.2688 	INFO 	keyboard.Keyboard is using iohub backend.
11.2688 	INFO 	keyboard.Keyboard is using iohub backend.
11.2688 	INFO 	keyboard.Keyboard is using iohub backend.
11.2688 	INFO 	keyboard.Keyboard is using iohub backend.
11.2689 	INFO 	keyboard.Keyboard is using iohub backend.
11.2689 	EXP 	tilt_mocs: status = STARTED
11.3142 	EXP 	Created text_5 = TextStim(__class__=<class 'psychopy.visual.text.TextStim'>, alignHoriz=method-wrapper(...), alignText='center', alignVert=method-wrapper(...), anchorHoriz='center', anchorVert='center', antialias=True, autoDraw=False, autoLog=True, bold=False, color=array([1., 1., 1.]), colorSpace='rgb', contrast=1.0, depth=0.0, draggable=False, flipHoriz=False, flipVert=False, font='Arial', fontFiles=[], height=0.05, italic=False, languageStyle='LTR', name='text_5', opacity=1, ori=0.0, pos=array([0., 0.]), rgb=UNKNOWN, text=str(...), units='height', win=Window(...), wrapWidth=1)
11.3164 	EXP 	Created surround_practice_3 = GratingStim(__class__=<class 'psychopy.visual.grating.GratingStim'>, anchor='center', autoDraw=False, autoLog=True, blendmode='avg', color=array([1., 1., 1.]), colorSpace='rgb', contrast=1.0, depth=-1.0, draggable=False, interpolate=True, mask='circle', maskParams=None, name='surround_practice_3', opacity=1, ori=15.0, phase=array([1., 1.]), pos=array([0., 0.]), rgbPedestal=array([0., 0., 0.]), sf=array([2.5, 2.5]), size=array([6., 6.]), tex='sin', texRes=128.0, units='cm', win=Window(...))
11.3179 	EXP 	Created center_practice_3 = GratingStim(__class__=<class 'psychopy.visual.grating.GratingStim'>, anchor='center', autoDraw=False, autoLog=True, blendmode='avg', color=array([0.2, 0.2, 0.2]), colorSpace='rgb', contrast=0.2, depth=-2.0, draggable=False, interpolate=True, mask='circle', maskParams=None, name='center_practice_3', opacity=1, ori=0.0, phase=array([1., 1.]), pos=array([0., 0.]), rgbPedestal=array([0., 0., 0.]), sf=array([2.5, 2.5]), size=array([2., 2.]), tex='sin', texRes=128.0, units='cm', win=Window(...))
11.3194 	EXP 	Created surround_practice_4 = GratingStim(__class__=<class 'psychopy.visual.grating.GratingStim'>, anchor='center', autoDraw=False, autoLog=True, blendmode='avg', color=array([1., 1., 1.]), colorSpace='rgb', contrast=1.0, depth=-1.0, draggable=False, interpolate=True, mask='circle', maskParams=None, name='surround_practice_4', opacity=1, ori=15.0, phase=array([1., 1.]), pos=array([0., 0.]), rgbPedestal=array([0., 0., 0.]), sf=array([11., 11.]), size=array([0.9, 0.9]), tex='sin', texRes=128.0, units='height', win=Window(...))
11.3208 	EXP 	Created center_practice_4 = GratingStim(__class__=<class 'psychopy.visual.grating.GratingStim'>, anchor='center', autoDraw=False, autoLog=True, blendmode='avg', color=array([0.2, 0.2, 0.2]), colorSpace='rgb', contrast=0.2, depth=-2.0, draggable=False, interpolate=True, mask='circle', maskParams=None, name='center_practice_4', opacity=1, ori=2.5, phase=array([1., 1.]), pos=array([0., 0.]), rgbPedestal=array([0., 0., 0.]), sf=array([5., 5.]), size=array([0.3, 0.3]), tex='sin', texRes=128.0, units='height', win=Window(...))
11.3277 	EXP 	Created text_6 = TextStim(__class__=<class 'psychopy.visual.text.TextStim'>, alignHoriz=method-wrapper(...), alignText='center', alignVert=method-wrapper(...), anchorHoriz='center', anchorVert='center', antialias=True, autoDraw=False, autoLog=True, bold=False, color=array([1., 1., 1.]), colorSpace='rgb', contrast=1.0, depth=0.0, draggable=False, flipHoriz=False, flipVert=False, font='Arial', fontFiles=[], height=0.05, italic=False, languageStyle='LTR', name='text_6', opacity=1, ori=0.0, pos=array([0., 0.]), rgb=UNKNOWN, text=str(...), units='height', win=Window(...), wrapWidth=1)
11.3291 	EXP 	Created surround_practice = GratingStim(__class__=<class 'psychopy.visual.grating.GratingStim'>, anchor='center', autoDraw=False, autoLog=True, blendmode='avg', color=array([0.2, 0.2, 0.2]), colorSpace='rgb', contrast=0.2, depth=-1.0, draggable=False, interpolate=True, mask='circle', maskParams=None, name='surround_practice', opacity=1, ori=1.0, phase=array([1., 1.]), pos=array([0., 0.]), rgbPedestal=array([0., 0., 0.]), sf=array([2.5, 2.5]), size=array([6., 6.]), tex='sin', texRes=128.0, units='cm', win=Window(...))
11.3306 	EXP 	Created center_practice = GratingStim(__class__=<class 'psychopy.visual.grating.GratingStim'>, anchor='center', autoDraw=False, autoLog=True, blendmode='avg', color=array([1., 1., 1.]), colorSpace='rgb', contrast=1.0, depth=-2.0, draggable=False, interpolate=True, mask='circle', maskParams=None, name='center_practice', opacity=1, ori=1.0, phase=array([1., 1.]), pos=array([0., 0.]), rgbPedestal=array([0., 0., 0.]), sf=array([2.5, 2.5]), size=array([2., 2.]), tex='sin', texRes=128.0, units='cm', win=Window(...))
11.3340 	EXP 	Created text_11 = TextStim(__class__=<class 'psychopy.visual.text.TextStim'>, alignHoriz=method-wrapper(...), alignText='center', alignVert=method-wrapper(...), anchorHoriz='center', anchorVert='center', antialias=True, autoDraw=False, autoLog=True, bold=False, color=array([1., 1., 1.]), colorSpace='rgb', contrast=1.0, depth=-4.0, draggable=False, flipHoriz=False, flipVert=False, font='Arial', fontFiles=[], height=0.05, italic=False, languageStyle='LTR', name='text_11', opacity=1, ori=0.0, pos=array([0., 0.]), rgb=UNKNOWN, text=str(...), units='height', win=Window(...), wrapWidth=1)
11.3344 	EXP 	Created text_7 = TextStim(__class__=<class 'psychopy.visual.text.TextStim'>, alignHoriz=method-wrapper(...), alignText='center', alignVert=method-wrapper(...), anchorHoriz='center', anchorVert='center', antialias=True, autoDraw=False, autoLog=True, bold=False, color=array([1., 1., 1.]), colorSpace='rgb', contrast=1.0, depth=-1.0, draggable=False, flipHoriz=False, flipVert=False, font='Arial', fontFiles=[], height=0.05, italic=False, languageStyle='LTR', name='text_7', opacity=1, ori=0.0, pos=array([0., 0.]), rgb=UNKNOWN, text='', units='height', win=Window(...), wrapWidth=1)
11.3413 	EXP 	Created text_8 = TextStim(__class__=<class 'psychopy.visual.text.TextStim'>, alignHoriz=method-wrapper(...), alignText='center', alignVert=method-wrapper(...), anchorHoriz='center', anchorVert='center', antialias=True, autoDraw=False, autoLog=True, bold=False, color=array([1., 1., 1.]), colorSpace='rgb', contrast=1.0, depth=0.0, draggable=False, flipHoriz=False, flipVert=False, font='Arial', fontFiles=[], height=0.05, italic=False, languageStyle='LTR', name='text_8', opacity=1, ori=0.0, pos=array([0., 0.]), rgb=UNKNOWN, text=str(...), units='height', win=Window(...), wrapWidth=1)
11.3429 	EXP 	Created surround_practice_2 = GratingStim(__class__=<class 'psychopy.visual.grating.GratingStim'>, anchor='center', autoDraw=False, autoLog=True, blendmode='avg', color=array([0.2, 0.2, 0.2]), colorSpace='rgb', contrast=0.2, depth=0.0, draggable=False, interpolate=True, mask='circle', maskParams=None, name='surround_practice_2', opacity=1.0, ori=1.0, phase=array([0., 0.]), pos=array([0., 0.]), rgbPedestal=array([0., 0., 0.]), sf=array([2.5, 2.5]), size=array([6., 6.]), tex='sin', texRes=128.0, units='cm', win=Window(...))
11.3442 	EXP 	Created center_practice_2 = GratingStim(__class__=<class 'psychopy.visual.grating.GratingStim'>, anchor='center', autoDraw=False, autoLog=True, blendmode='avg', color=array([0.2, 0.2, 0.2]), colorSpace='rgb', contrast=0.2, depth=-1.0, draggable=False, interpolate=True, mask='circle', maskParams=None, name='center_practice_2', opacity=1, ori=1.0, phase=array([0., 0.]), pos=array([0., 0.]), rgbPedestal=array([0., 0., 0.]), sf=array([2.5, 2.5]), size=array([2., 2.]), tex='sin', texRes=128.0, units='cm', win=Window(...))
11.3466 	EXP 	Created text_12 = TextStim(__class__=<class 'psychopy.visual.text.TextStim'>, alignHoriz=method-wrapper(...), alignText='center', alignVert=method-wrapper(...), anchorHoriz='center', anchorVert='center', antialias=True, autoDraw=False, autoLog=True, bold=False, color=array([1., 1., 1.]), colorSpace='rgb', contrast=1.0, depth=-3.0, draggable=False, flipHoriz=False, flipVert=False, font='Arial', fontFiles=[], height=0.05, italic=False, languageStyle='LTR', name='text_12', opacity=1, ori=0.0, pos=array([0., 0.]), rgb=UNKNOWN, text=str(...), units='height', win=Window(...), wrapWidth=1)
11.3471 	EXP 	Created text_7 = TextStim(__class__=<class 'psychopy.visual.text.TextStim'>, alignHoriz=method-wrapper(...), alignText='center', alignVert=method-wrapper(...), anchorHoriz='center', anchorVert='center', antialias=True, autoDraw=False, autoLog=True, bold=False, color=array([1., 1., 1.]), colorSpace='rgb', contrast=1.0, depth=-1.0, draggable=False, flipHoriz=False, flipVert=False, font='Arial', fontFiles=[], height=0.05, italic=False, languageStyle='LTR', name='text_7', opacity=1, ori=0.0, pos=array([0., 0.]), rgb=UNKNOWN, text='', units='height', win=Window(...), wrapWidth=1)
11.3518 	EXP 	Created text_13 = TextStim(__class__=<class 'psychopy.visual.text.TextStim'>, alignHoriz=method-wrapper(...), alignText='center', alignVert=method-wrapper(...), anchorHoriz='center', anchorVert='center', antialias=True, autoDraw=False, autoLog=True, bold=False, color=array([1., 1., 1.]), colorSpace='rgb', contrast=1.0, depth=0.0, draggable=False, flipHoriz=False, flipVert=False, font='Arial', fontFiles=[], height=0.05, italic=False, languageStyle='LTR', name='text_13', opacity=1, ori=0.0, pos=array([0., 0.]), rgb=UNKNOWN, text=str(...), units='height', win=Window(...), wrapWidth=1)
11.3533 	EXP 	Created surround_grating = GratingStim(__class__=<class 'psychopy.visual.grating.GratingStim'>, anchor='center', autoDraw=False, autoLog=True, blendmode='avg', color=array([0.2, 0.2, 0.2]), colorSpace='rgb', contrast=0.2, depth=-1.0, draggable=False, interpolate=True, mask='circle', maskParams=None, name='surround_grating', opacity=1.0, ori=1.0, phase=array([1., 1.]), pos=array([0., 0.]), rgbPedestal=array([0., 0., 0.]), sf=array([2.5, 2.5]), size=array([6., 6.]), tex='sin', texRes=128.0, units='cm', win=Window(...))
11.3548 	EXP 	Created center_grating = GratingStim(__class__=<class 'psychopy.visual.grating.GratingStim'>, anchor='center', autoDraw=False, autoLog=True, blendmode='avg', color=array([0.2, 0.2, 0.2]), colorSpace='rgb', contrast=0.2, depth=-2.0, draggable=False, interpolate=True, mask='circle', maskParams=None, name='center_grating', opacity=1, ori=1.0, phase=array([1., 1.]), pos=array([0., 0.]), rgbPedestal=array([0., 0., 0.]), sf=array([2.5, 2.5]), size=array([2., 2.]), tex='sin', texRes=128.0, units='cm', win=Window(...))
11.3571 	EXP 	Created text_4 = TextStim(__class__=<class 'psychopy.visual.text.TextStim'>, alignHoriz=method-wrapper(...), alignText='center', alignVert=method-wrapper(...), anchorHoriz='center', anchorVert='center', antialias=True, autoDraw=False, autoLog=True, bold=False, color=array([1., 1., 1.]), colorSpace='rgb', contrast=1.0, depth=-4.0, draggable=False, flipHoriz=False, flipVert=False, font='Arial', fontFiles=[], height=0.05, italic=False, languageStyle='LTR', name='text_4', opacity=1, ori=0.0, pos=array([0., 0.]), rgb=UNKNOWN, text=str(...), units='height', win=Window(...), wrapWidth=1)
11.3590 	EXP 	Created text_14 = TextStim(__class__=<class 'psychopy.visual.text.TextStim'>, alignHoriz=method-wrapper(...), alignText='center', alignVert=method-wrapper(...), anchorHoriz='center', anchorVert='center', antialias=True, autoDraw=False, autoLog=True, bold=False, color=array([1., 1., 1.]), colorSpace='rgb', contrast=1.0, depth=0.0, draggable=False, flipHoriz=False, flipVert=False, font='Arial', fontFiles=[], height=0.05, italic=False, languageStyle='LTR', name='text_14', opacity=1, ori=0.0, pos=array([0., 0.]), rgb=UNKNOWN, text='thank you and have a pleasant day ', units='height', win=Window(...), wrapWidth=1)
0.0324 	INFO 	Keyboard events cleared
0.0321 	EXP 	text_5: autoDraw = True
5.9495 	DATA 	Keypress: space
5.9538 	INFO 	Keyboard events cleared
5.9535 	WARNING 	t of last frame was 49.85ms (=1/20)
5.9535 	EXP 	text_5: autoDraw = False
5.9535 	EXP 	surround_practice_3: phase = array([0.32524022, 0.32524022])
5.9535 	EXP 	center_practice_3: phase = array([0.24453095, 0.24453095])
5.9535 	EXP 	surround_practice_3: autoDraw = True
5.9535 	EXP 	center_practice_3: autoDraw = True
5.9535 	EXP 	surround_practice_3: tex = 'sin'
5.9535 	EXP 	center_practice_3: tex = 'sin'
7.1087 	WARNING 	t of last frame was 21.64ms (=1/46)
11.7147 	WARNING 	t of last frame was 21.51ms (=1/46)
12.6689 	DATA 	Keypress: space
12.6720 	INFO 	Keyboard events cleared
12.6716 	EXP 	surround_practice_3: autoDraw = False
12.6716 	EXP 	center_practice_3: autoDraw = False
12.6716 	EXP 	surround_practice_4: phase = array([0.64267587, 0.64267587])
12.6716 	EXP 	center_practice_4: phase = array([0.32785429, 0.32785429])
12.6716 	EXP 	surround_practice_4: autoDraw = True
12.6716 	EXP 	center_practice_4: autoDraw = True
12.6716 	EXP 	surround_practice_4: tex = 'sin'
12.6716 	EXP 	center_practice_4: tex = 'sin'
34.0959 	DATA 	Keypress: escape
34.0988 	WARNING 	t of last frame was 28.43ms (=1/35)
34.1891 	EXP 	tilt_mocs: status = STOPPED
34.1915 	EXP 	surround_practice_4: autoDraw = False
34.1915 	EXP 	center_practice_4: autoDraw = False
34.1929 	EXP 	tilt_mocs: status = STOPPED
34.1953 	INFO 	saved data to '/Users/bwinsto2/Downloads/tilt_mocs/data/357378_tilt_mocs_2025-08-19_17h08.31.251.csv'
34.1966 	INFO 	saved data to /Users/bwinsto2/Downloads/tilt_mocs/data/357378_tilt_mocs_2025-08-19_17h08.31.251.psydat
34.7739 	DEBUG 	Saving data for tilt_mocs ExperimentHandler
