6.2391 	DEBUG 	Fullscreen settings ignored as running in pilot mode.
6.2402 	INFO 	Loaded monitor calibration from ['2025_08_13 14:32']
6.4376 	EXP 	Created window1 = Window(allowGUI=False, allowStencil=False, autoLog=True, backendConf=UNKNOWN, backgroundFit=<method-wrapper '__getattribute__' of attributeSetter object at 0x7ff232a2ec40>, backgroundImage=<method-wrapper '__getattribute__' of attributeSetter object at 0x7ff232a2eb50>, bitsMode=UNKNOWN, blendMode='avg', bpc=(8, 8, 8), color=array([0, 0, 0]), colorSpace='rgb', depthBits=8, fullscr=False, gamma=None, gammaErrorPolicy='raise', infoMsg=UNKNOWN, lms=UNKNOWN, monitor=<psychopy.monitors.calibTools.Monitor object at 0x7ff248f8a6a0>, multiSample=False, name='window1', numSamples=2, pos=[320.0, 150.0], screen=0, size=array([1600, 1200]), stencilBits=0, stereo=False, title='PsychoPy', units='height', useFBO=True, useRetina=True, viewOri=0.0, viewPos=None, viewScale=None, waitBlanking=True, winType='pyglet')
6.4377 	EXP 	window1: backgroundImage = ''
6.4377 	EXP 	window1: backgroundFit = 'none'
6.4477 	DEBUG 	TextBox2 loaded 1 chars with 0 blanks and 1 valid
6.4500 	DEBUG 	TextBox2 loaded 1 chars with 0 blanks and 1 valid
6.4508 	DEBUG 	TextBox2 loaded 1 chars with 0 blanks and 1 valid
6.4517 	DEBUG 	TextBox2 loaded 1 chars with 0 blanks and 1 valid
6.4525 	DEBUG 	TextBox2 loaded 1 chars with 0 blanks and 1 valid
6.4530 	DEBUG 	TextBox2 loaded 1 chars with 0 blanks and 1 valid
6.4538 	DEBUG 	TextBox2 loaded 1 chars with 0 blanks and 1 valid
6.4547 	DEBUG 	TextBox2 loaded 1 chars with 0 blanks and 1 valid
6.4552 	DEBUG 	TextBox2 loaded 1 chars with 0 blanks and 1 valid
6.4555 	DEBUG 	TextBox2 loaded 1 chars with 0 blanks and 1 valid
6.4562 	DEBUG 	TextBox2 loaded 1 chars with 0 blanks and 1 valid
6.4569 	DEBUG 	TextBox2 loaded 1 chars with 0 blanks and 1 valid
6.4576 	DEBUG 	TextBox2 loaded 1 chars with 0 blanks and 1 valid
6.4583 	DEBUG 	TextBox2 loaded 1 chars with 0 blanks and 1 valid
6.4590 	DEBUG 	TextBox2 loaded 1 chars with 0 blanks and 1 valid
6.4598 	DEBUG 	TextBox2 loaded 1 chars with 0 blanks and 1 valid
6.4607 	DEBUG 	TextBox2 loaded 1 chars with 0 blanks and 1 valid
6.4612 	DEBUG 	TextBox2 loaded 1 chars with 0 blanks and 1 valid
6.4618 	DEBUG 	TextBox2 loaded 1 chars with 0 blanks and 1 valid
6.4628 	DEBUG 	TextBox2 loaded 1 chars with 0 blanks and 1 valid
6.4633 	DEBUG 	TextBox2 loaded 1 chars with 0 blanks and 1 valid
6.4636 	DEBUG 	Uploading Texture Font fontname to graphics card
6.4672 	DEBUG 	Upload of Texture Font fontname complete
6.4727 	DEBUG 	TextBox2 loaded 1 chars with 0 blanks and 1 valid
6.4739 	DEBUG 	TextBox2 loaded 1 chars with 0 blanks and 1 valid
6.4749 	DEBUG 	TextBox2 loaded 1 chars with 0 blanks and 1 valid
6.4750 	DEBUG 	Uploading Texture Font fontname to graphics card
6.4771 	DEBUG 	Upload of Texture Font fontname complete
6.4787 	EXP 	window1: Attempting to measure frame rate of screen (0) ...
6.4787 	EXP 	window1: recordFrameIntervals = False
6.6720 	EXP 	window1: recordFrameIntervals = True
7.5055 	WARNING 	Couldn't measure a consistent frame rate!
  - Is your graphics card set to sync to vertical blank?
  - Are you running other processes on your computer?

7.5110 	DEBUG 	TextBox2 loaded 1 chars with 0 blanks and 1 valid
7.5117 	DEBUG 	TextBox2 loaded 1 chars with 0 blanks and 1 valid
7.5129 	DEBUG 	TextBox2 loaded 1 chars with 0 blanks and 1 valid
7.5141 	DEBUG 	TextBox2 loaded 1 chars with 0 blanks and 1 valid
7.5153 	DEBUG 	TextBox2 loaded 1 chars with 0 blanks and 1 valid
7.5163 	DEBUG 	TextBox2 loaded 1 chars with 0 blanks and 1 valid
7.5169 	DEBUG 	TextBox2 loaded 1 chars with 0 blanks and 1 valid
7.5179 	DEBUG 	TextBox2 loaded 1 chars with 0 blanks and 1 valid
7.5190 	DEBUG 	TextBox2 loaded 1 chars with 0 blanks and 1 valid
7.5199 	DEBUG 	TextBox2 loaded 1 chars with 0 blanks and 1 valid
7.5202 	DEBUG 	Uploading Texture Font fontname to graphics card
7.5227 	DEBUG 	Upload of Texture Font fontname complete
7.5413 	WARNING 	launchHubServer: If using the iohub mouse or eyetracker devices, fullScr should be True.
11.1688 	INFO 	keyboard.Keyboard is using iohub backend.
11.1689 	INFO 	keyboard.Keyboard is using iohub backend.
11.1689 	INFO 	keyboard.Keyboard is using iohub backend.
11.1689 	INFO 	keyboard.Keyboard is using iohub backend.
11.1689 	INFO 	keyboard.Keyboard is using iohub backend.
11.1690 	INFO 	keyboard.Keyboard is using iohub backend.
11.1690 	INFO 	keyboard.Keyboard is using iohub backend.
11.1690 	INFO 	keyboard.Keyboard is using iohub backend.
11.1690 	INFO 	keyboard.Keyboard is using iohub backend.
11.1690 	INFO 	keyboard.Keyboard is using iohub backend.
11.1690 	INFO 	keyboard.Keyboard is using iohub backend.
11.1691 	EXP 	tilt_mocs: status = STARTED
11.2209 	EXP 	Created text_5 = TextStim(__class__=<class 'psychopy.visual.text.TextStim'>, alignHoriz=method-wrapper(...), alignText='center', alignVert=method-wrapper(...), anchorHoriz='center', anchorVert='center', antialias=True, autoDraw=False, autoLog=True, bold=False, color=array([1., 1., 1.]), colorSpace='rgb', contrast=1.0, depth=0.0, draggable=False, flipHoriz=False, flipVert=False, font='Arial', fontFiles=[], height=0.05, italic=False, languageStyle='LTR', name='text_5', opacity=1, ori=0.0, pos=array([0., 0.]), rgb=UNKNOWN, text=str(...), units='height', win=Window(...), wrapWidth=1)
11.2232 	EXP 	Created surround_practice_3 = GratingStim(__class__=<class 'psychopy.visual.grating.GratingStim'>, anchor='center', autoDraw=False, autoLog=True, blendmode='avg', color=array([1., 1., 1.]), colorSpace='rgb', contrast=1.0, depth=-1.0, draggable=False, interpolate=True, mask='circle', maskParams=None, name='surround_practice_3', opacity=1, ori=15.0, phase=array([1., 1.]), pos=array([0., 0.]), rgbPedestal=array([0., 0., 0.]), sf=array([2.5, 2.5]), size=array([6., 6.]), tex='sin', texRes=128.0, units='cm', win=Window(...))
11.2248 	EXP 	Created center_practice_3 = GratingStim(__class__=<class 'psychopy.visual.grating.GratingStim'>, anchor='center', autoDraw=False, autoLog=True, blendmode='avg', color=array([0.2, 0.2, 0.2]), colorSpace='rgb', contrast=0.2, depth=-2.0, draggable=False, interpolate=True, mask='circle', maskParams=None, name='center_practice_3', opacity=1, ori=2.5, phase=array([1., 1.]), pos=array([0., 0.]), rgbPedestal=array([0., 0., 0.]), sf=array([2.5, 2.5]), size=array([2., 2.]), tex='sin', texRes=128.0, units='cm', win=Window(...))
11.2262 	EXP 	Created surround_practice_4 = GratingStim(__class__=<class 'psychopy.visual.grating.GratingStim'>, anchor='center', autoDraw=False, autoLog=True, blendmode='avg', color=array([1., 1., 1.]), colorSpace='rgb', contrast=1.0, depth=0.0, draggable=False, interpolate=True, mask='circle', maskParams=None, name='surround_practice_4', opacity=1, ori=15.0, phase=array([1., 1.]), pos=array([0., 0.]), rgbPedestal=array([0., 0., 0.]), sf=array([2.5, 2.5]), size=array([0.25, 0.25]), tex='sin', texRes=128.0, units='norm', win=Window(...))
11.2276 	EXP 	Created center_practice_4 = GratingStim(__class__=<class 'psychopy.visual.grating.GratingStim'>, anchor='center', autoDraw=False, autoLog=True, blendmode='avg', color=array([0.2, 0.2, 0.2]), colorSpace='rgb', contrast=0.2, depth=-1.0, draggable=False, interpolate=True, mask='circle', maskParams=None, name='center_practice_4', opacity=1, ori=2.5, phase=array([1., 1.]), pos=array([0., 0.]), rgbPedestal=array([0., 0., 0.]), sf=array([2.5, 2.5]), size=array([0.1, 0.1]), tex='sin', texRes=128.0, units='cm', win=Window(...))
11.2345 	EXP 	Created text_6 = TextStim(__class__=<class 'psychopy.visual.text.TextStim'>, alignHoriz=method-wrapper(...), alignText='center', alignVert=method-wrapper(...), anchorHoriz='center', anchorVert='center', antialias=True, autoDraw=False, autoLog=True, bold=False, color=array([1., 1., 1.]), colorSpace='rgb', contrast=1.0, depth=0.0, draggable=False, flipHoriz=False, flipVert=False, font='Arial', fontFiles=[], height=0.05, italic=False, languageStyle='LTR', name='text_6', opacity=1, ori=0.0, pos=array([0., 0.]), rgb=UNKNOWN, text=str(...), units='height', win=Window(...), wrapWidth=1)
11.2359 	EXP 	Created surround_practice = GratingStim(__class__=<class 'psychopy.visual.grating.GratingStim'>, anchor='center', autoDraw=False, autoLog=True, blendmode='avg', color=array([0.2, 0.2, 0.2]), colorSpace='rgb', contrast=0.2, depth=-1.0, draggable=False, interpolate=True, mask='circle', maskParams=None, name='surround_practice', opacity=1, ori=1.0, phase=array([1., 1.]), pos=array([0., 0.]), rgbPedestal=array([0., 0., 0.]), sf=array([2.5, 2.5]), size=array([6., 6.]), tex='sin', texRes=128.0, units='cm', win=Window(...))
11.2373 	EXP 	Created center_practice = GratingStim(__class__=<class 'psychopy.visual.grating.GratingStim'>, anchor='center', autoDraw=False, autoLog=True, blendmode='avg', color=array([1., 1., 1.]), colorSpace='rgb', contrast=1.0, depth=-2.0, draggable=False, interpolate=True, mask='circle', maskParams=None, name='center_practice', opacity=1, ori=1.0, phase=array([1., 1.]), pos=array([0., 0.]), rgbPedestal=array([0., 0., 0.]), sf=array([2.5, 2.5]), size=array([2., 2.]), tex='sin', texRes=128.0, units='cm', win=Window(...))
11.2408 	EXP 	Created text_11 = TextStim(__class__=<class 'psychopy.visual.text.TextStim'>, alignHoriz=method-wrapper(...), alignText='center', alignVert=method-wrapper(...), anchorHoriz='center', anchorVert='center', antialias=True, autoDraw=False, autoLog=True, bold=False, color=array([1., 1., 1.]), colorSpace='rgb', contrast=1.0, depth=-4.0, draggable=False, flipHoriz=False, flipVert=False, font='Arial', fontFiles=[], height=0.05, italic=False, languageStyle='LTR', name='text_11', opacity=1, ori=0.0, pos=array([0., 0.]), rgb=UNKNOWN, text=str(...), units='height', win=Window(...), wrapWidth=1)
11.2413 	EXP 	Created text_7 = TextStim(__class__=<class 'psychopy.visual.text.TextStim'>, alignHoriz=method-wrapper(...), alignText='center', alignVert=method-wrapper(...), anchorHoriz='center', anchorVert='center', antialias=True, autoDraw=False, autoLog=True, bold=False, color=array([1., 1., 1.]), colorSpace='rgb', contrast=1.0, depth=-1.0, draggable=False, flipHoriz=False, flipVert=False, font='Arial', fontFiles=[], height=0.05, italic=False, languageStyle='LTR', name='text_7', opacity=1, ori=0.0, pos=array([0., 0.]), rgb=UNKNOWN, text='', units='height', win=Window(...), wrapWidth=1)
11.2481 	EXP 	Created text_8 = TextStim(__class__=<class 'psychopy.visual.text.TextStim'>, alignHoriz=method-wrapper(...), alignText='center', alignVert=method-wrapper(...), anchorHoriz='center', anchorVert='center', antialias=True, autoDraw=False, autoLog=True, bold=False, color=array([1., 1., 1.]), colorSpace='rgb', contrast=1.0, depth=0.0, draggable=False, flipHoriz=False, flipVert=False, font='Arial', fontFiles=[], height=0.05, italic=False, languageStyle='LTR', name='text_8', opacity=1, ori=0.0, pos=array([0., 0.]), rgb=UNKNOWN, text=str(...), units='height', win=Window(...), wrapWidth=1)
11.2496 	EXP 	Created surround_practice_2 = GratingStim(__class__=<class 'psychopy.visual.grating.GratingStim'>, anchor='center', autoDraw=False, autoLog=True, blendmode='avg', color=array([0.2, 0.2, 0.2]), colorSpace='rgb', contrast=0.2, depth=0.0, draggable=False, interpolate=True, mask='circle', maskParams=None, name='surround_practice_2', opacity=1.0, ori=1.0, phase=array([0., 0.]), pos=array([0., 0.]), rgbPedestal=array([0., 0., 0.]), sf=array([2.5, 2.5]), size=array([6., 6.]), tex='sin', texRes=128.0, units='cm', win=Window(...))
11.2510 	EXP 	Created center_practice_2 = GratingStim(__class__=<class 'psychopy.visual.grating.GratingStim'>, anchor='center', autoDraw=False, autoLog=True, blendmode='avg', color=array([0.2, 0.2, 0.2]), colorSpace='rgb', contrast=0.2, depth=-1.0, draggable=False, interpolate=True, mask='circle', maskParams=None, name='center_practice_2', opacity=1, ori=1.0, phase=array([0., 0.]), pos=array([0., 0.]), rgbPedestal=array([0., 0., 0.]), sf=array([2.5, 2.5]), size=array([2., 2.]), tex='sin', texRes=128.0, units='cm', win=Window(...))
11.2534 	EXP 	Created text_12 = TextStim(__class__=<class 'psychopy.visual.text.TextStim'>, alignHoriz=method-wrapper(...), alignText='center', alignVert=method-wrapper(...), anchorHoriz='center', anchorVert='center', antialias=True, autoDraw=False, autoLog=True, bold=False, color=array([1., 1., 1.]), colorSpace='rgb', contrast=1.0, depth=-3.0, draggable=False, flipHoriz=False, flipVert=False, font='Arial', fontFiles=[], height=0.05, italic=False, languageStyle='LTR', name='text_12', opacity=1, ori=0.0, pos=array([0., 0.]), rgb=UNKNOWN, text=str(...), units='height', win=Window(...), wrapWidth=1)
11.2538 	EXP 	Created text_7 = TextStim(__class__=<class 'psychopy.visual.text.TextStim'>, alignHoriz=method-wrapper(...), alignText='center', alignVert=method-wrapper(...), anchorHoriz='center', anchorVert='center', antialias=True, autoDraw=False, autoLog=True, bold=False, color=array([1., 1., 1.]), colorSpace='rgb', contrast=1.0, depth=-1.0, draggable=False, flipHoriz=False, flipVert=False, font='Arial', fontFiles=[], height=0.05, italic=False, languageStyle='LTR', name='text_7', opacity=1, ori=0.0, pos=array([0., 0.]), rgb=UNKNOWN, text='', units='height', win=Window(...), wrapWidth=1)
11.2584 	EXP 	Created text_13 = TextStim(__class__=<class 'psychopy.visual.text.TextStim'>, alignHoriz=method-wrapper(...), alignText='center', alignVert=method-wrapper(...), anchorHoriz='center', anchorVert='center', antialias=True, autoDraw=False, autoLog=True, bold=False, color=array([1., 1., 1.]), colorSpace='rgb', contrast=1.0, depth=0.0, draggable=False, flipHoriz=False, flipVert=False, font='Arial', fontFiles=[], height=0.05, italic=False, languageStyle='LTR', name='text_13', opacity=1, ori=0.0, pos=array([0., 0.]), rgb=UNKNOWN, text=str(...), units='height', win=Window(...), wrapWidth=1)
11.2598 	EXP 	Created surround_grating = GratingStim(__class__=<class 'psychopy.visual.grating.GratingStim'>, anchor='center', autoDraw=False, autoLog=True, blendmode='avg', color=array([0.2, 0.2, 0.2]), colorSpace='rgb', contrast=0.2, depth=-1.0, draggable=False, interpolate=True, mask='circle', maskParams=None, name='surround_grating', opacity=1.0, ori=1.0, phase=array([1., 1.]), pos=array([0., 0.]), rgbPedestal=array([0., 0., 0.]), sf=array([2.5, 2.5]), size=array([6., 6.]), tex='sin', texRes=128.0, units='cm', win=Window(...))
11.2613 	EXP 	Created center_grating = GratingStim(__class__=<class 'psychopy.visual.grating.GratingStim'>, anchor='center', autoDraw=False, autoLog=True, blendmode='avg', color=array([0.2, 0.2, 0.2]), colorSpace='rgb', contrast=0.2, depth=-2.0, draggable=False, interpolate=True, mask='circle', maskParams=None, name='center_grating', opacity=1, ori=1.0, phase=array([1., 1.]), pos=array([0., 0.]), rgbPedestal=array([0., 0., 0.]), sf=array([2.5, 2.5]), size=array([2., 2.]), tex='sin', texRes=128.0, units='cm', win=Window(...))
11.2637 	EXP 	Created text_4 = TextStim(__class__=<class 'psychopy.visual.text.TextStim'>, alignHoriz=method-wrapper(...), alignText='center', alignVert=method-wrapper(...), anchorHoriz='center', anchorVert='center', antialias=True, autoDraw=False, autoLog=True, bold=False, color=array([1., 1., 1.]), colorSpace='rgb', contrast=1.0, depth=-4.0, draggable=False, flipHoriz=False, flipVert=False, font='Arial', fontFiles=[], height=0.05, italic=False, languageStyle='LTR', name='text_4', opacity=1, ori=0.0, pos=array([0., 0.]), rgb=UNKNOWN, text=str(...), units='height', win=Window(...), wrapWidth=1)
11.2656 	EXP 	Created text_14 = TextStim(__class__=<class 'psychopy.visual.text.TextStim'>, alignHoriz=method-wrapper(...), alignText='center', alignVert=method-wrapper(...), anchorHoriz='center', anchorVert='center', antialias=True, autoDraw=False, autoLog=True, bold=False, color=array([1., 1., 1.]), colorSpace='rgb', contrast=1.0, depth=0.0, draggable=False, flipHoriz=False, flipVert=False, font='Arial', fontFiles=[], height=0.05, italic=False, languageStyle='LTR', name='text_14', opacity=1, ori=0.0, pos=array([0., 0.]), rgb=UNKNOWN, text='thank you and have a pleasant day ', units='height', win=Window(...), wrapWidth=1)
0.2372 	INFO 	Keyboard events cleared
0.2369 	WARNING 	t of last frame was 230.58ms (=1/4)
0.2369 	EXP 	text_5: autoDraw = True
2.4276 	DATA 	Keypress: space
2.4317 	INFO 	Keyboard events cleared
2.4313 	WARNING 	t of last frame was 53.78ms (=1/18)
2.4313 	EXP 	text_5: autoDraw = False
2.4313 	EXP 	surround_practice_3: phase = array([0.3816178, 0.3816178])
2.4313 	EXP 	center_practice_3: phase = array([0.92529056, 0.92529056])
2.4313 	EXP 	surround_practice_3: autoDraw = True
2.4313 	EXP 	center_practice_3: autoDraw = True
2.4313 	EXP 	surround_practice_3: tex = 'sin'
2.4313 	EXP 	center_practice_3: tex = 'sin'
4.9970 	WARNING 	t of last frame was 40.39ms (=1/24)
7.0851 	WARNING 	t of last frame was 45.09ms (=1/22)
7.1128 	WARNING 	Multiple dropped frames have occurred - I'll stop bothering you about them!
16.0981 	INFO 	Keyboard events cleared
16.0978 	EXP 	surround_practice_3: autoDraw = False
16.0978 	EXP 	center_practice_3: autoDraw = False
16.0978 	EXP 	surround_practice_4: phase = array([0.3816178, 0.3816178])
16.0978 	EXP 	center_practice_4: phase = array([0.92529056, 0.92529056])
16.0978 	EXP 	surround_practice_4: autoDraw = True
16.0978 	EXP 	center_practice_4: autoDraw = True
16.0978 	EXP 	surround_practice_4: tex = 'sin'
16.0978 	EXP 	center_practice_4: tex = 'sin'
17.3401 	INFO 	Keyboard events cleared
17.3398 	EXP 	surround_practice_4: autoDraw = False
17.3398 	EXP 	center_practice_4: autoDraw = False
17.3398 	EXP 	text_6: autoDraw = True
17.9476 	DEBUG 	Read csv file with pandas: /Users/bwinsto2/Downloads/tilt_practice_1.csv
17.9491 	DEBUG 	Clearing unnamed columns from /Users/bwinsto2/Downloads/tilt_practice_1.csv
17.9496 	EXP 	Imported /Users/bwinsto2/Downloads/tilt_practice_1.csv as conditions, 4 conditions, 3 params
17.9540 	INFO 	Keyboard events cleared
17.9537 	EXP 	text_6: autoDraw = False
17.9537 	EXP 	text_8: autoDraw = True
18.3114 	DEBUG 	Read csv file with pandas: /Users/bwinsto2/Downloads/tilt_practice_2.csv
18.3119 	DEBUG 	Clearing unnamed columns from /Users/bwinsto2/Downloads/tilt_practice_2.csv
18.3123 	EXP 	Imported /Users/bwinsto2/Downloads/tilt_practice_2.csv as conditions, 6 conditions, 4 params
18.3157 	INFO 	Keyboard events cleared
18.3155 	EXP 	text_8: autoDraw = False
18.3155 	EXP 	text_13: autoDraw = True
18.7170 	DEBUG 	Read csv file with pandas: stims/brian_stims.csv
18.7177 	DEBUG 	Clearing unnamed columns from stims/brian_stims.csv
18.7225 	EXP 	Imported stims/brian_stims.csv as conditions, 238 conditions, 5 params
18.7245 	EXP 	New trial (rep=0, index=0): <Trial 0 (0 in rep 0) data={'center': -0.8611111111111112, 'surround': 0.0, 'type': 'p2', 'surr_type': 'noss', 'surr_opacity': 0, 'thisN': 0, 'thisTrialN': 0, 'thisRepN': 0}>
18.7279 	INFO 	Keyboard events cleared
18.7277 	EXP 	text_13: autoDraw = False
18.7277 	EXP 	surround_grating: ori = 0.0
18.7277 	EXP 	surround_grating: phase = array([0.50183556, 0.50183556])
18.7277 	EXP 	center_grating: ori = -0.8611111111111112
18.7277 	EXP 	center_grating: phase = array([0.94234478, 0.94234478])
19.2132 	EXP 	surround_grating: autoDraw = True
19.2132 	EXP 	center_grating: autoDraw = True
19.2132 	EXP 	surround_grating: tex = 'sin'
19.2132 	EXP 	center_grating: tex = 'sin'
19.2897 	EXP 	surround_grating: autoDraw = False
19.2897 	EXP 	center_grating: autoDraw = False
19.2897 	EXP 	text_4: autoDraw = True
21.6644 	EXP 	New trial (rep=0, index=1): <Trial 1 (1 in rep 0) data={'center': -1.6388888888888888, 'surround': 0.0, 'type': 'm3', 'surr_type': 'noss', 'surr_opacity': 0, 'thisN': 1, 'thisTrialN': 1, 'thisRepN': 0}>
21.6734 	INFO 	Keyboard events cleared
21.6732 	EXP 	surround_grating: autoDraw = False
21.6732 	EXP 	center_grating: autoDraw = False
21.6732 	EXP 	text_4: autoDraw = False
21.6732 	EXP 	surround_grating: ori = 0.0
21.6732 	EXP 	surround_grating: phase = array([0.76616345, 0.76616345])
21.6732 	EXP 	center_grating: ori = -1.6388888888888888
21.6732 	EXP 	center_grating: phase = array([0.82025988, 0.82025988])
22.1613 	EXP 	surround_grating: autoDraw = True
22.1613 	EXP 	center_grating: autoDraw = True
22.2398 	EXP 	surround_grating: autoDraw = False
22.2398 	EXP 	center_grating: autoDraw = False
22.2398 	EXP 	text_4: autoDraw = True
22.8475 	EXP 	New trial (rep=0, index=2): <Trial 2 (2 in rep 0) data={'center': -2.2222222222222228, 'surround': -15.0, 'type': 'p1', 'surr_type': 'negs', 'surr_opacity': 100, 'thisN': 2, 'thisTrialN': 2, 'thisRepN': 0}>
22.8568 	INFO 	Keyboard events cleared
22.8565 	EXP 	surround_grating: autoDraw = False
22.8565 	EXP 	center_grating: autoDraw = False
22.8565 	EXP 	text_4: autoDraw = False
22.8565 	EXP 	surround_grating: ori = -15.0
22.8565 	EXP 	surround_grating: phase = array([0.83176261, 0.83176261])
22.8565 	EXP 	center_grating: ori = -2.2222222222222228
22.8565 	EXP 	center_grating: phase = array([0.35084331, 0.35084331])
23.3447 	EXP 	surround_grating: autoDraw = True
23.3447 	EXP 	center_grating: autoDraw = True
23.4231 	EXP 	surround_grating: autoDraw = False
23.4231 	EXP 	center_grating: autoDraw = False
23.4231 	EXP 	text_4: autoDraw = True
25.0923 	EXP 	tilt_mocs: status = STOPPED
25.0943 	EXP 	text_4: autoDraw = False
25.0959 	EXP 	tilt_mocs: status = STOPPED
25.0996 	INFO 	saved data to '/Users/bwinsto2/Downloads/tilt_mocs/data/425789_tilt_mocs_2025-08-19_16h53.49.084.csv'
25.1022 	INFO 	saved data to /Users/bwinsto2/Downloads/tilt_mocs/data/425789_tilt_mocs_2025-08-19_16h53.49.084.psydat
25.7033 	DEBUG 	Saving data for tilt_mocs ExperimentHandler
