5.4526 	DEBUG 	Fullscreen settings ignored as running in pilot mode.
5.4541 	INFO 	Loaded monitor calibration from ['2025_08_13 14:32']
5.6543 	EXP 	Created window1 = Window(allowGUI=False, allowStencil=False, autoLog=True, backendConf=UNKNOWN, backgroundFit=<method-wrapper '__getattribute__' of attributeSetter object at 0x7ff142087ac0>, backgroundImage=<method-wrapper '__getattribute__' of attributeSetter object at 0x7ff1420879d0>, bitsMode=UNKNOWN, blendMode='avg', bpc=(8, 8, 8), color=array([0, 0, 0]), colorSpace='rgb', depthBits=8, fullscr=False, gamma=None, gammaErrorPolicy='raise', infoMsg=UNKNOWN, lms=UNKNOWN, monitor=<psychopy.monitors.calibTools.Monitor object at 0x7ff141d10520>, multiSample=False, name='window1', numSamples=2, pos=[320.0, 150.0], screen=0, size=array([1600, 1200]), stencilBits=0, stereo=False, title='PsychoPy', units='height', useFBO=True, useRetina=True, viewOri=0.0, viewPos=None, viewScale=None, waitBlanking=True, winType='pyglet')
5.6544 	EXP 	window1: backgroundImage = ''
5.6544 	EXP 	window1: backgroundFit = 'none'
5.6626 	DEBUG 	TextBox2 loaded 1 chars with 0 blanks and 1 valid
5.6634 	DEBUG 	TextBox2 loaded 1 chars with 0 blanks and 1 valid
5.6643 	DEBUG 	TextBox2 loaded 1 chars with 0 blanks and 1 valid
5.6653 	DEBUG 	TextBox2 loaded 1 chars with 0 blanks and 1 valid
5.6663 	DEBUG 	TextBox2 loaded 1 chars with 0 blanks and 1 valid
5.6669 	DEBUG 	TextBox2 loaded 1 chars with 0 blanks and 1 valid
5.6676 	DEBUG 	TextBox2 loaded 1 chars with 0 blanks and 1 valid
5.6686 	DEBUG 	TextBox2 loaded 1 chars with 0 blanks and 1 valid
5.6691 	DEBUG 	TextBox2 loaded 1 chars with 0 blanks and 1 valid
5.6696 	DEBUG 	TextBox2 loaded 1 chars with 0 blanks and 1 valid
5.6704 	DEBUG 	TextBox2 loaded 1 chars with 0 blanks and 1 valid
5.6712 	DEBUG 	TextBox2 loaded 1 chars with 0 blanks and 1 valid
5.6719 	DEBUG 	TextBox2 loaded 1 chars with 0 blanks and 1 valid
5.6727 	DEBUG 	TextBox2 loaded 1 chars with 0 blanks and 1 valid
5.6734 	DEBUG 	TextBox2 loaded 1 chars with 0 blanks and 1 valid
5.6744 	DEBUG 	TextBox2 loaded 1 chars with 0 blanks and 1 valid
5.6752 	DEBUG 	TextBox2 loaded 1 chars with 0 blanks and 1 valid
5.6757 	DEBUG 	TextBox2 loaded 1 chars with 0 blanks and 1 valid
5.6763 	DEBUG 	TextBox2 loaded 1 chars with 0 blanks and 1 valid
5.6773 	DEBUG 	TextBox2 loaded 1 chars with 0 blanks and 1 valid
5.6779 	DEBUG 	TextBox2 loaded 1 chars with 0 blanks and 1 valid
5.6781 	DEBUG 	Uploading Texture Font fontname to graphics card
5.6817 	DEBUG 	Upload of Texture Font fontname complete
5.6871 	DEBUG 	TextBox2 loaded 1 chars with 0 blanks and 1 valid
5.6882 	DEBUG 	TextBox2 loaded 1 chars with 0 blanks and 1 valid
5.6892 	DEBUG 	TextBox2 loaded 1 chars with 0 blanks and 1 valid
5.6894 	DEBUG 	Uploading Texture Font fontname to graphics card
5.6915 	DEBUG 	Upload of Texture Font fontname complete
5.6931 	EXP 	window1: Attempting to measure frame rate of screen (0) ...
5.6931 	EXP 	window1: recordFrameIntervals = False
5.8854 	EXP 	window1: recordFrameIntervals = True
6.7197 	WARNING 	Couldn't measure a consistent frame rate!
  - Is your graphics card set to sync to vertical blank?
  - Are you running other processes on your computer?

6.7290 	DEBUG 	TextBox2 loaded 1 chars with 0 blanks and 1 valid
6.7301 	DEBUG 	TextBox2 loaded 1 chars with 0 blanks and 1 valid
6.7315 	DEBUG 	TextBox2 loaded 1 chars with 0 blanks and 1 valid
6.7333 	DEBUG 	TextBox2 loaded 1 chars with 0 blanks and 1 valid
6.7350 	DEBUG 	TextBox2 loaded 1 chars with 0 blanks and 1 valid
6.7366 	DEBUG 	TextBox2 loaded 1 chars with 0 blanks and 1 valid
6.7375 	DEBUG 	TextBox2 loaded 1 chars with 0 blanks and 1 valid
6.7389 	DEBUG 	TextBox2 loaded 1 chars with 0 blanks and 1 valid
6.7405 	DEBUG 	TextBox2 loaded 1 chars with 0 blanks and 1 valid
6.7420 	DEBUG 	TextBox2 loaded 1 chars with 0 blanks and 1 valid
6.7424 	DEBUG 	Uploading Texture Font fontname to graphics card
6.7461 	DEBUG 	Upload of Texture Font fontname complete
6.7692 	WARNING 	launchHubServer: If using the iohub mouse or eyetracker devices, fullScr should be True.
10.4184 	INFO 	keyboard.Keyboard is using iohub backend.
10.4184 	INFO 	keyboard.Keyboard is using iohub backend.
10.4184 	INFO 	keyboard.Keyboard is using iohub backend.
10.4184 	INFO 	keyboard.Keyboard is using iohub backend.
10.4184 	INFO 	keyboard.Keyboard is using iohub backend.
10.4185 	INFO 	keyboard.Keyboard is using iohub backend.
10.4185 	INFO 	keyboard.Keyboard is using iohub backend.
10.4185 	INFO 	keyboard.Keyboard is using iohub backend.
10.4185 	INFO 	keyboard.Keyboard is using iohub backend.
10.4185 	INFO 	keyboard.Keyboard is using iohub backend.
10.4186 	INFO 	keyboard.Keyboard is using iohub backend.
10.4186 	EXP 	tilt_mocs: status = STARTED
10.4650 	EXP 	Created text_5 = TextStim(__class__=<class 'psychopy.visual.text.TextStim'>, alignHoriz=method-wrapper(...), alignText='center', alignVert=method-wrapper(...), anchorHoriz='center', anchorVert='center', antialias=True, autoDraw=False, autoLog=True, bold=False, color=array([1., 1., 1.]), colorSpace='rgb', contrast=1.0, depth=0.0, draggable=False, flipHoriz=False, flipVert=False, font='Arial', fontFiles=[], height=0.05, italic=False, languageStyle='LTR', name='text_5', opacity=1, ori=0.0, pos=array([0., 0.]), rgb=UNKNOWN, text=str(...), units='height', win=Window(...), wrapWidth=1)
10.4672 	EXP 	Created surround_practice_3 = GratingStim(__class__=<class 'psychopy.visual.grating.GratingStim'>, anchor='center', autoDraw=False, autoLog=True, blendmode='avg', color=array([1., 1., 1.]), colorSpace='rgb', contrast=1.0, depth=-1.0, draggable=False, interpolate=True, mask='circle', maskParams=None, name='surround_practice_3', opacity=1, ori=15.0, phase=array([1., 1.]), pos=array([0., 0.]), rgbPedestal=array([0., 0., 0.]), sf=array([2.5, 2.5]), size=array([6., 6.]), tex='sin', texRes=128.0, units='cm', win=Window(...))
10.4686 	EXP 	Created center_practice_3 = GratingStim(__class__=<class 'psychopy.visual.grating.GratingStim'>, anchor='center', autoDraw=False, autoLog=True, blendmode='avg', color=array([0.2, 0.2, 0.2]), colorSpace='rgb', contrast=0.2, depth=-2.0, draggable=False, interpolate=True, mask='circle', maskParams=None, name='center_practice_3', opacity=1, ori=15.0, phase=array([1., 1.]), pos=array([0., 0.]), rgbPedestal=array([0., 0., 0.]), sf=array([2.5, 2.5]), size=array([2., 2.]), tex='sin', texRes=128.0, units='cm', win=Window(...))
10.4699 	EXP 	Created surround_practice_4 = GratingStim(__class__=<class 'psychopy.visual.grating.GratingStim'>, anchor='center', autoDraw=False, autoLog=True, blendmode='avg', color=array([1., 1., 1.]), colorSpace='rgb', contrast=1.0, depth=-1.0, draggable=False, interpolate=True, mask='circle', maskParams=None, name='surround_practice_4', opacity=1, ori=15.0, phase=array([1., 1.]), pos=array([0., 0.]), rgbPedestal=array([0., 0., 0.]), sf=array([11., 11.]), size=array([0.9, 0.9]), tex='sin', texRes=128.0, units='height', win=Window(...))
10.4713 	EXP 	Created center_practice_4 = GratingStim(__class__=<class 'psychopy.visual.grating.GratingStim'>, anchor='center', autoDraw=False, autoLog=True, blendmode='avg', color=array([0.2, 0.2, 0.2]), colorSpace='rgb', contrast=0.2, depth=-2.0, draggable=False, interpolate=True, mask='circle', maskParams=None, name='center_practice_4', opacity=1, ori=15.0, phase=array([1., 1.]), pos=array([0., 0.]), rgbPedestal=array([0., 0., 0.]), sf=array([5., 5.]), size=array([0.3, 0.3]), tex='sin', texRes=128.0, units='height', win=Window(...))
10.4781 	EXP 	Created text_6 = TextStim(__class__=<class 'psychopy.visual.text.TextStim'>, alignHoriz=method-wrapper(...), alignText='center', alignVert=method-wrapper(...), anchorHoriz='center', anchorVert='center', antialias=True, autoDraw=False, autoLog=True, bold=False, color=array([1., 1., 1.]), colorSpace='rgb', contrast=1.0, depth=0.0, draggable=False, flipHoriz=False, flipVert=False, font='Arial', fontFiles=[], height=0.05, italic=False, languageStyle='LTR', name='text_6', opacity=1, ori=0.0, pos=array([0., 0.]), rgb=UNKNOWN, text=str(...), units='height', win=Window(...), wrapWidth=1)
10.4795 	EXP 	Created surround_practice = GratingStim(__class__=<class 'psychopy.visual.grating.GratingStim'>, anchor='center', autoDraw=False, autoLog=True, blendmode='avg', color=array([0.2, 0.2, 0.2]), colorSpace='rgb', contrast=0.2, depth=-1.0, draggable=False, interpolate=True, mask='circle', maskParams=None, name='surround_practice', opacity=1, ori=1.0, phase=array([1., 1.]), pos=array([0., 0.]), rgbPedestal=array([0., 0., 0.]), sf=array([2.5, 2.5]), size=array([6., 6.]), tex='sin', texRes=128.0, units='cm', win=Window(...))
10.4809 	EXP 	Created center_practice = GratingStim(__class__=<class 'psychopy.visual.grating.GratingStim'>, anchor='center', autoDraw=False, autoLog=True, blendmode='avg', color=array([1., 1., 1.]), colorSpace='rgb', contrast=1.0, depth=-2.0, draggable=False, interpolate=True, mask='circle', maskParams=None, name='center_practice', opacity=1, ori=1.0, phase=array([1., 1.]), pos=array([0., 0.]), rgbPedestal=array([0., 0., 0.]), sf=array([2.5, 2.5]), size=array([2., 2.]), tex='sin', texRes=128.0, units='cm', win=Window(...))
10.4842 	EXP 	Created text_11 = TextStim(__class__=<class 'psychopy.visual.text.TextStim'>, alignHoriz=method-wrapper(...), alignText='center', alignVert=method-wrapper(...), anchorHoriz='center', anchorVert='center', antialias=True, autoDraw=False, autoLog=True, bold=False, color=array([1., 1., 1.]), colorSpace='rgb', contrast=1.0, depth=-4.0, draggable=False, flipHoriz=False, flipVert=False, font='Arial', fontFiles=[], height=0.05, italic=False, languageStyle='LTR', name='text_11', opacity=1, ori=0.0, pos=array([0., 0.]), rgb=UNKNOWN, text=str(...), units='height', win=Window(...), wrapWidth=1)
10.4847 	EXP 	Created text_7 = TextStim(__class__=<class 'psychopy.visual.text.TextStim'>, alignHoriz=method-wrapper(...), alignText='center', alignVert=method-wrapper(...), anchorHoriz='center', anchorVert='center', antialias=True, autoDraw=False, autoLog=True, bold=False, color=array([1., 1., 1.]), colorSpace='rgb', contrast=1.0, depth=-1.0, draggable=False, flipHoriz=False, flipVert=False, font='Arial', fontFiles=[], height=0.05, italic=False, languageStyle='LTR', name='text_7', opacity=1, ori=0.0, pos=array([0., 0.]), rgb=UNKNOWN, text='', units='height', win=Window(...), wrapWidth=1)
10.4918 	EXP 	Created text_8 = TextStim(__class__=<class 'psychopy.visual.text.TextStim'>, alignHoriz=method-wrapper(...), alignText='center', alignVert=method-wrapper(...), anchorHoriz='center', anchorVert='center', antialias=True, autoDraw=False, autoLog=True, bold=False, color=array([1., 1., 1.]), colorSpace='rgb', contrast=1.0, depth=0.0, draggable=False, flipHoriz=False, flipVert=False, font='Arial', fontFiles=[], height=0.05, italic=False, languageStyle='LTR', name='text_8', opacity=1, ori=0.0, pos=array([0., 0.]), rgb=UNKNOWN, text=str(...), units='height', win=Window(...), wrapWidth=1)
10.4934 	EXP 	Created surround_practice_2 = GratingStim(__class__=<class 'psychopy.visual.grating.GratingStim'>, anchor='center', autoDraw=False, autoLog=True, blendmode='avg', color=array([0.2, 0.2, 0.2]), colorSpace='rgb', contrast=0.2, depth=0.0, draggable=False, interpolate=True, mask='circle', maskParams=None, name='surround_practice_2', opacity=1.0, ori=1.0, phase=array([0., 0.]), pos=array([0., 0.]), rgbPedestal=array([0., 0., 0.]), sf=array([2.5, 2.5]), size=array([6., 6.]), tex='sin', texRes=128.0, units='cm', win=Window(...))
10.4949 	EXP 	Created center_practice_2 = GratingStim(__class__=<class 'psychopy.visual.grating.GratingStim'>, anchor='center', autoDraw=False, autoLog=True, blendmode='avg', color=array([0.2, 0.2, 0.2]), colorSpace='rgb', contrast=0.2, depth=-1.0, draggable=False, interpolate=True, mask='circle', maskParams=None, name='center_practice_2', opacity=1, ori=1.0, phase=array([0., 0.]), pos=array([0., 0.]), rgbPedestal=array([0., 0., 0.]), sf=array([2.5, 2.5]), size=array([2., 2.]), tex='sin', texRes=128.0, units='cm', win=Window(...))
10.4973 	EXP 	Created text_12 = TextStim(__class__=<class 'psychopy.visual.text.TextStim'>, alignHoriz=method-wrapper(...), alignText='center', alignVert=method-wrapper(...), anchorHoriz='center', anchorVert='center', antialias=True, autoDraw=False, autoLog=True, bold=False, color=array([1., 1., 1.]), colorSpace='rgb', contrast=1.0, depth=-3.0, draggable=False, flipHoriz=False, flipVert=False, font='Arial', fontFiles=[], height=0.05, italic=False, languageStyle='LTR', name='text_12', opacity=1, ori=0.0, pos=array([0., 0.]), rgb=UNKNOWN, text=str(...), units='height', win=Window(...), wrapWidth=1)
10.4978 	EXP 	Created text_7 = TextStim(__class__=<class 'psychopy.visual.text.TextStim'>, alignHoriz=method-wrapper(...), alignText='center', alignVert=method-wrapper(...), anchorHoriz='center', anchorVert='center', antialias=True, autoDraw=False, autoLog=True, bold=False, color=array([1., 1., 1.]), colorSpace='rgb', contrast=1.0, depth=-1.0, draggable=False, flipHoriz=False, flipVert=False, font='Arial', fontFiles=[], height=0.05, italic=False, languageStyle='LTR', name='text_7', opacity=1, ori=0.0, pos=array([0., 0.]), rgb=UNKNOWN, text='', units='height', win=Window(...), wrapWidth=1)
10.5025 	EXP 	Created text_13 = TextStim(__class__=<class 'psychopy.visual.text.TextStim'>, alignHoriz=method-wrapper(...), alignText='center', alignVert=method-wrapper(...), anchorHoriz='center', anchorVert='center', antialias=True, autoDraw=False, autoLog=True, bold=False, color=array([1., 1., 1.]), colorSpace='rgb', contrast=1.0, depth=0.0, draggable=False, flipHoriz=False, flipVert=False, font='Arial', fontFiles=[], height=0.05, italic=False, languageStyle='LTR', name='text_13', opacity=1, ori=0.0, pos=array([0., 0.]), rgb=UNKNOWN, text=str(...), units='height', win=Window(...), wrapWidth=1)
10.5040 	EXP 	Created surround_grating = GratingStim(__class__=<class 'psychopy.visual.grating.GratingStim'>, anchor='center', autoDraw=False, autoLog=True, blendmode='avg', color=array([0.2, 0.2, 0.2]), colorSpace='rgb', contrast=0.2, depth=-1.0, draggable=False, interpolate=True, mask='circle', maskParams=None, name='surround_grating', opacity=1.0, ori=1.0, phase=array([1., 1.]), pos=array([0., 0.]), rgbPedestal=array([0., 0., 0.]), sf=array([2.5, 2.5]), size=array([6., 6.]), tex='sin', texRes=128.0, units='cm', win=Window(...))
10.5055 	EXP 	Created center_grating = GratingStim(__class__=<class 'psychopy.visual.grating.GratingStim'>, anchor='center', autoDraw=False, autoLog=True, blendmode='avg', color=array([0.2, 0.2, 0.2]), colorSpace='rgb', contrast=0.2, depth=-2.0, draggable=False, interpolate=True, mask='circle', maskParams=None, name='center_grating', opacity=1, ori=1.0, phase=array([1., 1.]), pos=array([0., 0.]), rgbPedestal=array([0., 0., 0.]), sf=array([2.5, 2.5]), size=array([2., 2.]), tex='sin', texRes=128.0, units='cm', win=Window(...))
10.5079 	EXP 	Created text_4 = TextStim(__class__=<class 'psychopy.visual.text.TextStim'>, alignHoriz=method-wrapper(...), alignText='center', alignVert=method-wrapper(...), anchorHoriz='center', anchorVert='center', antialias=True, autoDraw=False, autoLog=True, bold=False, color=array([1., 1., 1.]), colorSpace='rgb', contrast=1.0, depth=-4.0, draggable=False, flipHoriz=False, flipVert=False, font='Arial', fontFiles=[], height=0.05, italic=False, languageStyle='LTR', name='text_4', opacity=1, ori=0.0, pos=array([0., 0.]), rgb=UNKNOWN, text=str(...), units='height', win=Window(...), wrapWidth=1)
10.5099 	EXP 	Created text_14 = TextStim(__class__=<class 'psychopy.visual.text.TextStim'>, alignHoriz=method-wrapper(...), alignText='center', alignVert=method-wrapper(...), anchorHoriz='center', anchorVert='center', antialias=True, autoDraw=False, autoLog=True, bold=False, color=array([1., 1., 1.]), colorSpace='rgb', contrast=1.0, depth=0.0, draggable=False, flipHoriz=False, flipVert=False, font='Arial', fontFiles=[], height=0.05, italic=False, languageStyle='LTR', name='text_14', opacity=1, ori=0.0, pos=array([0., 0.]), rgb=UNKNOWN, text='thank you and have a pleasant day ', units='height', win=Window(...), wrapWidth=1)
0.0185 	INFO 	Keyboard events cleared
0.0182 	EXP 	text_5: autoDraw = True
0.4901 	DATA 	Keypress: space
0.4938 	INFO 	Keyboard events cleared
0.4934 	WARNING 	t of last frame was 46.76ms (=1/21)
0.4934 	EXP 	text_5: autoDraw = False
0.4934 	EXP 	surround_practice_3: phase = array([0., 0.])
0.4934 	EXP 	center_practice_3: phase = array([0., 0.])
0.4934 	EXP 	surround_practice_3: autoDraw = True
0.4934 	EXP 	center_practice_3: autoDraw = True
0.4934 	EXP 	surround_practice_3: tex = 'sin'
0.4934 	EXP 	center_practice_3: tex = 'sin'
9.2369 	DATA 	Keypress: space
9.2399 	INFO 	Keyboard events cleared
9.2396 	EXP 	surround_practice_3: autoDraw = False
9.2396 	EXP 	center_practice_3: autoDraw = False
9.2396 	EXP 	surround_practice_4: phase = array([0., 0.])
9.2396 	EXP 	center_practice_4: phase = array([0., 0.])
9.2396 	EXP 	surround_practice_4: autoDraw = True
9.2396 	EXP 	center_practice_4: autoDraw = True
9.2396 	EXP 	surround_practice_4: tex = 'sin'
9.2396 	EXP 	center_practice_4: tex = 'sin'
16.4301 	DATA 	Keypress: escape
16.4332 	WARNING 	t of last frame was 24.27ms (=1/41)
16.5317 	EXP 	tilt_mocs: status = STOPPED
16.5421 	EXP 	surround_practice_4: autoDraw = False
16.5421 	EXP 	center_practice_4: autoDraw = False
16.5436 	EXP 	tilt_mocs: status = STOPPED
16.5459 	INFO 	saved data to '/Users/bwinsto2/Downloads/tilt_mocs/data/447989_tilt_mocs_2025-08-19_17h13.20.911.csv'
16.5463 	INFO 	saved data to /Users/bwinsto2/Downloads/tilt_mocs/data/447989_tilt_mocs_2025-08-19_17h13.20.911.psydat
16.7121 	DEBUG 	Saving data for tilt_mocs ExperimentHandler
