6.3515 	DEBUG 	Fullscreen settings ignored as running in pilot mode.
6.3526 	INFO 	Loaded monitor calibration from ['2025_08_13 14:32']
6.5448 	EXP 	Created window1 = Window(allowGUI=False, allowStencil=False, autoLog=True, backendConf=UNKNOWN, backgroundFit=<method-wrapper '__getattribute__' of attributeSetter object at 0x7fb7293d4cd0>, backgroundImage=<method-wrapper '__getattribute__' of attributeSetter object at 0x7fb7293d4be0>, bitsMode=UNKNOWN, blendMode='avg', bpc=(8, 8, 8), color=array([0, 0, 0]), colorSpace='rgb', depthBits=8, fullscr=False, gamma=None, gammaErrorPolicy='raise', infoMsg=UNKNOWN, lms=UNKNOWN, monitor=<psychopy.monitors.calibTools.Monitor object at 0x7fb729249730>, multiSample=False, name='window1', numSamples=2, pos=[320.0, 150.0], screen=0, size=array([1600, 1200]), stencilBits=0, stereo=False, title='PsychoPy', units='height', useFBO=True, useRetina=True, viewOri=0.0, viewPos=None, viewScale=None, waitBlanking=True, winType='pyglet')
6.5449 	EXP 	window1: backgroundImage = ''
6.5449 	EXP 	window1: backgroundFit = 'none'
6.5536 	DEBUG 	TextBox2 loaded 1 chars with 0 blanks and 1 valid
6.5545 	DEBUG 	TextBox2 loaded 1 chars with 0 blanks and 1 valid
6.5553 	DEBUG 	TextBox2 loaded 1 chars with 0 blanks and 1 valid
6.5563 	DEBUG 	TextBox2 loaded 1 chars with 0 blanks and 1 valid
6.5573 	DEBUG 	TextBox2 loaded 1 chars with 0 blanks and 1 valid
6.5579 	DEBUG 	TextBox2 loaded 1 chars with 0 blanks and 1 valid
6.5587 	DEBUG 	TextBox2 loaded 1 chars with 0 blanks and 1 valid
6.5598 	DEBUG 	TextBox2 loaded 1 chars with 0 blanks and 1 valid
6.5603 	DEBUG 	TextBox2 loaded 1 chars with 0 blanks and 1 valid
6.5608 	DEBUG 	TextBox2 loaded 1 chars with 0 blanks and 1 valid
6.5616 	DEBUG 	TextBox2 loaded 1 chars with 0 blanks and 1 valid
6.5624 	DEBUG 	TextBox2 loaded 1 chars with 0 blanks and 1 valid
6.5632 	DEBUG 	TextBox2 loaded 1 chars with 0 blanks and 1 valid
6.5643 	DEBUG 	TextBox2 loaded 1 chars with 0 blanks and 1 valid
6.5650 	DEBUG 	TextBox2 loaded 1 chars with 0 blanks and 1 valid
6.5657 	DEBUG 	TextBox2 loaded 1 chars with 0 blanks and 1 valid
6.5665 	DEBUG 	TextBox2 loaded 1 chars with 0 blanks and 1 valid
6.5669 	DEBUG 	TextBox2 loaded 1 chars with 0 blanks and 1 valid
6.5673 	DEBUG 	TextBox2 loaded 1 chars with 0 blanks and 1 valid
6.5683 	DEBUG 	TextBox2 loaded 1 chars with 0 blanks and 1 valid
6.5687 	DEBUG 	TextBox2 loaded 1 chars with 0 blanks and 1 valid
6.5689 	DEBUG 	Uploading Texture Font fontname to graphics card
6.5727 	DEBUG 	Upload of Texture Font fontname complete
6.5783 	DEBUG 	TextBox2 loaded 1 chars with 0 blanks and 1 valid
6.5793 	DEBUG 	TextBox2 loaded 1 chars with 0 blanks and 1 valid
6.5803 	DEBUG 	TextBox2 loaded 1 chars with 0 blanks and 1 valid
6.5805 	DEBUG 	Uploading Texture Font fontname to graphics card
6.5824 	DEBUG 	Upload of Texture Font fontname complete
6.5841 	EXP 	window1: Attempting to measure frame rate of screen (0) ...
6.5841 	EXP 	window1: recordFrameIntervals = False
6.7717 	EXP 	window1: recordFrameIntervals = True
7.6050 	WARNING 	Couldn't measure a consistent frame rate!
  - Is your graphics card set to sync to vertical blank?
  - Are you running other processes on your computer?

7.6102 	DEBUG 	TextBox2 loaded 1 chars with 0 blanks and 1 valid
7.6109 	DEBUG 	TextBox2 loaded 1 chars with 0 blanks and 1 valid
7.6119 	DEBUG 	TextBox2 loaded 1 chars with 0 blanks and 1 valid
7.6131 	DEBUG 	TextBox2 loaded 1 chars with 0 blanks and 1 valid
7.6141 	DEBUG 	TextBox2 loaded 1 chars with 0 blanks and 1 valid
7.6152 	DEBUG 	TextBox2 loaded 1 chars with 0 blanks and 1 valid
7.6158 	DEBUG 	TextBox2 loaded 1 chars with 0 blanks and 1 valid
7.6167 	DEBUG 	TextBox2 loaded 1 chars with 0 blanks and 1 valid
7.6178 	DEBUG 	TextBox2 loaded 1 chars with 0 blanks and 1 valid
7.6187 	DEBUG 	TextBox2 loaded 1 chars with 0 blanks and 1 valid
7.6190 	DEBUG 	Uploading Texture Font fontname to graphics card
7.6214 	DEBUG 	Upload of Texture Font fontname complete
7.6382 	WARNING 	launchHubServer: If using the iohub mouse or eyetracker devices, fullScr should be True.
10.9984 	INFO 	keyboard.Keyboard is using iohub backend.
10.9985 	INFO 	keyboard.Keyboard is using iohub backend.
10.9985 	INFO 	keyboard.Keyboard is using iohub backend.
10.9985 	INFO 	keyboard.Keyboard is using iohub backend.
10.9985 	INFO 	keyboard.Keyboard is using iohub backend.
10.9986 	INFO 	keyboard.Keyboard is using iohub backend.
10.9986 	INFO 	keyboard.Keyboard is using iohub backend.
10.9986 	INFO 	keyboard.Keyboard is using iohub backend.
10.9986 	INFO 	keyboard.Keyboard is using iohub backend.
10.9986 	INFO 	keyboard.Keyboard is using iohub backend.
10.9987 	INFO 	keyboard.Keyboard is using iohub backend.
10.9987 	EXP 	tilt_mocs: status = STARTED
11.0608 	EXP 	Created text_5 = TextStim(__class__=<class 'psychopy.visual.text.TextStim'>, alignHoriz=method-wrapper(...), alignText='center', alignVert=method-wrapper(...), anchorHoriz='center', anchorVert='center', antialias=True, autoDraw=False, autoLog=True, bold=False, color=array([1., 1., 1.]), colorSpace='rgb', contrast=1.0, depth=0.0, draggable=False, flipHoriz=False, flipVert=False, font='Arial', fontFiles=[], height=0.05, italic=False, languageStyle='LTR', name='text_5', opacity=1, ori=0.0, pos=array([0., 0.]), rgb=UNKNOWN, text=str(...), units='height', win=Window(...), wrapWidth=1)
11.0669 	EXP 	Created surround_practice_3 = GratingStim(__class__=<class 'psychopy.visual.grating.GratingStim'>, anchor='center', autoDraw=False, autoLog=True, blendmode='avg', color=array([1., 1., 1.]), colorSpace='rgb', contrast=1.0, depth=-1.0, draggable=False, interpolate=True, mask='circle', maskParams=None, name='surround_practice_3', opacity=1, ori=15.0, phase=array([1., 1.]), pos=array([0., 0.]), rgbPedestal=array([0., 0., 0.]), sf=array([2.5, 2.5]), size=array([6., 6.]), tex='sin', texRes=128.0, units='cm', win=Window(...))
11.0689 	EXP 	Created center_practice_3 = GratingStim(__class__=<class 'psychopy.visual.grating.GratingStim'>, anchor='center', autoDraw=False, autoLog=True, blendmode='avg', color=array([0.2, 0.2, 0.2]), colorSpace='rgb', contrast=0.2, depth=-2.0, draggable=False, interpolate=True, mask='circle', maskParams=None, name='center_practice_3', opacity=1, ori=0.0, phase=array([1., 1.]), pos=array([0., 0.]), rgbPedestal=array([0., 0., 0.]), sf=array([2.5, 2.5]), size=array([2., 2.]), tex='sin', texRes=128.0, units='cm', win=Window(...))
11.0708 	EXP 	Created surround_practice_4 = GratingStim(__class__=<class 'psychopy.visual.grating.GratingStim'>, anchor='center', autoDraw=False, autoLog=True, blendmode='avg', color=array([1., 1., 1.]), colorSpace='rgb', contrast=1.0, depth=-1.0, draggable=False, interpolate=True, mask='circle', maskParams=None, name='surround_practice_4', opacity=1, ori=15.0, phase=array([1., 1.]), pos=array([0., 0.]), rgbPedestal=array([0., 0., 0.]), sf=array([7.5, 7.5]), size=array([0.7, 0.7]), tex='sin', texRes=128.0, units='height', win=Window(...))
11.0729 	EXP 	Created center_practice_4 = GratingStim(__class__=<class 'psychopy.visual.grating.GratingStim'>, anchor='center', autoDraw=False, autoLog=True, blendmode='avg', color=array([0.2, 0.2, 0.2]), colorSpace='rgb', contrast=0.2, depth=-2.0, draggable=False, interpolate=True, mask='circle', maskParams=None, name='center_practice_4', opacity=1, ori=2.5, phase=array([1., 1.]), pos=array([0., 0.]), rgbPedestal=array([0., 0., 0.]), sf=array([2.5, 2.5]), size=array([0.4, 0.4]), tex='sin', texRes=128.0, units='height', win=Window(...))
11.0842 	EXP 	Created text_6 = TextStim(__class__=<class 'psychopy.visual.text.TextStim'>, alignHoriz=method-wrapper(...), alignText='center', alignVert=method-wrapper(...), anchorHoriz='center', anchorVert='center', antialias=True, autoDraw=False, autoLog=True, bold=False, color=array([1., 1., 1.]), colorSpace='rgb', contrast=1.0, depth=0.0, draggable=False, flipHoriz=False, flipVert=False, font='Arial', fontFiles=[], height=0.05, italic=False, languageStyle='LTR', name='text_6', opacity=1, ori=0.0, pos=array([0., 0.]), rgb=UNKNOWN, text=str(...), units='height', win=Window(...), wrapWidth=1)
11.0864 	EXP 	Created surround_practice = GratingStim(__class__=<class 'psychopy.visual.grating.GratingStim'>, anchor='center', autoDraw=False, autoLog=True, blendmode='avg', color=array([0.2, 0.2, 0.2]), colorSpace='rgb', contrast=0.2, depth=-1.0, draggable=False, interpolate=True, mask='circle', maskParams=None, name='surround_practice', opacity=1, ori=1.0, phase=array([1., 1.]), pos=array([0., 0.]), rgbPedestal=array([0., 0., 0.]), sf=array([2.5, 2.5]), size=array([6., 6.]), tex='sin', texRes=128.0, units='cm', win=Window(...))
11.0880 	EXP 	Created center_practice = GratingStim(__class__=<class 'psychopy.visual.grating.GratingStim'>, anchor='center', autoDraw=False, autoLog=True, blendmode='avg', color=array([1., 1., 1.]), colorSpace='rgb', contrast=1.0, depth=-2.0, draggable=False, interpolate=True, mask='circle', maskParams=None, name='center_practice', opacity=1, ori=1.0, phase=array([1., 1.]), pos=array([0., 0.]), rgbPedestal=array([0., 0., 0.]), sf=array([2.5, 2.5]), size=array([2., 2.]), tex='sin', texRes=128.0, units='cm', win=Window(...))
11.0922 	EXP 	Created text_11 = TextStim(__class__=<class 'psychopy.visual.text.TextStim'>, alignHoriz=method-wrapper(...), alignText='center', alignVert=method-wrapper(...), anchorHoriz='center', anchorVert='center', antialias=True, autoDraw=False, autoLog=True, bold=False, color=array([1., 1., 1.]), colorSpace='rgb', contrast=1.0, depth=-4.0, draggable=False, flipHoriz=False, flipVert=False, font='Arial', fontFiles=[], height=0.05, italic=False, languageStyle='LTR', name='text_11', opacity=1, ori=0.0, pos=array([0., 0.]), rgb=UNKNOWN, text=str(...), units='height', win=Window(...), wrapWidth=1)
11.0928 	EXP 	Created text_7 = TextStim(__class__=<class 'psychopy.visual.text.TextStim'>, alignHoriz=method-wrapper(...), alignText='center', alignVert=method-wrapper(...), anchorHoriz='center', anchorVert='center', antialias=True, autoDraw=False, autoLog=True, bold=False, color=array([1., 1., 1.]), colorSpace='rgb', contrast=1.0, depth=-1.0, draggable=False, flipHoriz=False, flipVert=False, font='Arial', fontFiles=[], height=0.05, italic=False, languageStyle='LTR', name='text_7', opacity=1, ori=0.0, pos=array([0., 0.]), rgb=UNKNOWN, text='', units='height', win=Window(...), wrapWidth=1)
11.1006 	EXP 	Created text_8 = TextStim(__class__=<class 'psychopy.visual.text.TextStim'>, alignHoriz=method-wrapper(...), alignText='center', alignVert=method-wrapper(...), anchorHoriz='center', anchorVert='center', antialias=True, autoDraw=False, autoLog=True, bold=False, color=array([1., 1., 1.]), colorSpace='rgb', contrast=1.0, depth=0.0, draggable=False, flipHoriz=False, flipVert=False, font='Arial', fontFiles=[], height=0.05, italic=False, languageStyle='LTR', name='text_8', opacity=1, ori=0.0, pos=array([0., 0.]), rgb=UNKNOWN, text=str(...), units='height', win=Window(...), wrapWidth=1)
11.1023 	EXP 	Created surround_practice_2 = GratingStim(__class__=<class 'psychopy.visual.grating.GratingStim'>, anchor='center', autoDraw=False, autoLog=True, blendmode='avg', color=array([0.2, 0.2, 0.2]), colorSpace='rgb', contrast=0.2, depth=0.0, draggable=False, interpolate=True, mask='circle', maskParams=None, name='surround_practice_2', opacity=1.0, ori=1.0, phase=array([0., 0.]), pos=array([0., 0.]), rgbPedestal=array([0., 0., 0.]), sf=array([2.5, 2.5]), size=array([6., 6.]), tex='sin', texRes=128.0, units='cm', win=Window(...))
11.1038 	EXP 	Created center_practice_2 = GratingStim(__class__=<class 'psychopy.visual.grating.GratingStim'>, anchor='center', autoDraw=False, autoLog=True, blendmode='avg', color=array([0.2, 0.2, 0.2]), colorSpace='rgb', contrast=0.2, depth=-1.0, draggable=False, interpolate=True, mask='circle', maskParams=None, name='center_practice_2', opacity=1, ori=1.0, phase=array([0., 0.]), pos=array([0., 0.]), rgbPedestal=array([0., 0., 0.]), sf=array([2.5, 2.5]), size=array([2., 2.]), tex='sin', texRes=128.0, units='cm', win=Window(...))
11.1063 	EXP 	Created text_12 = TextStim(__class__=<class 'psychopy.visual.text.TextStim'>, alignHoriz=method-wrapper(...), alignText='center', alignVert=method-wrapper(...), anchorHoriz='center', anchorVert='center', antialias=True, autoDraw=False, autoLog=True, bold=False, color=array([1., 1., 1.]), colorSpace='rgb', contrast=1.0, depth=-3.0, draggable=False, flipHoriz=False, flipVert=False, font='Arial', fontFiles=[], height=0.05, italic=False, languageStyle='LTR', name='text_12', opacity=1, ori=0.0, pos=array([0., 0.]), rgb=UNKNOWN, text=str(...), units='height', win=Window(...), wrapWidth=1)
11.1068 	EXP 	Created text_7 = TextStim(__class__=<class 'psychopy.visual.text.TextStim'>, alignHoriz=method-wrapper(...), alignText='center', alignVert=method-wrapper(...), anchorHoriz='center', anchorVert='center', antialias=True, autoDraw=False, autoLog=True, bold=False, color=array([1., 1., 1.]), colorSpace='rgb', contrast=1.0, depth=-1.0, draggable=False, flipHoriz=False, flipVert=False, font='Arial', fontFiles=[], height=0.05, italic=False, languageStyle='LTR', name='text_7', opacity=1, ori=0.0, pos=array([0., 0.]), rgb=UNKNOWN, text='', units='height', win=Window(...), wrapWidth=1)
11.1120 	EXP 	Created text_13 = TextStim(__class__=<class 'psychopy.visual.text.TextStim'>, alignHoriz=method-wrapper(...), alignText='center', alignVert=method-wrapper(...), anchorHoriz='center', anchorVert='center', antialias=True, autoDraw=False, autoLog=True, bold=False, color=array([1., 1., 1.]), colorSpace='rgb', contrast=1.0, depth=0.0, draggable=False, flipHoriz=False, flipVert=False, font='Arial', fontFiles=[], height=0.05, italic=False, languageStyle='LTR', name='text_13', opacity=1, ori=0.0, pos=array([0., 0.]), rgb=UNKNOWN, text=str(...), units='height', win=Window(...), wrapWidth=1)
11.1138 	EXP 	Created surround_grating = GratingStim(__class__=<class 'psychopy.visual.grating.GratingStim'>, anchor='center', autoDraw=False, autoLog=True, blendmode='avg', color=array([0.2, 0.2, 0.2]), colorSpace='rgb', contrast=0.2, depth=-1.0, draggable=False, interpolate=True, mask='circle', maskParams=None, name='surround_grating', opacity=1.0, ori=1.0, phase=array([1., 1.]), pos=array([0., 0.]), rgbPedestal=array([0., 0., 0.]), sf=array([2.5, 2.5]), size=array([6., 6.]), tex='sin', texRes=128.0, units='cm', win=Window(...))
11.1155 	EXP 	Created center_grating = GratingStim(__class__=<class 'psychopy.visual.grating.GratingStim'>, anchor='center', autoDraw=False, autoLog=True, blendmode='avg', color=array([0.2, 0.2, 0.2]), colorSpace='rgb', contrast=0.2, depth=-2.0, draggable=False, interpolate=True, mask='circle', maskParams=None, name='center_grating', opacity=1, ori=1.0, phase=array([1., 1.]), pos=array([0., 0.]), rgbPedestal=array([0., 0., 0.]), sf=array([2.5, 2.5]), size=array([2., 2.]), tex='sin', texRes=128.0, units='cm', win=Window(...))
11.1182 	EXP 	Created text_4 = TextStim(__class__=<class 'psychopy.visual.text.TextStim'>, alignHoriz=method-wrapper(...), alignText='center', alignVert=method-wrapper(...), anchorHoriz='center', anchorVert='center', antialias=True, autoDraw=False, autoLog=True, bold=False, color=array([1., 1., 1.]), colorSpace='rgb', contrast=1.0, depth=-4.0, draggable=False, flipHoriz=False, flipVert=False, font='Arial', fontFiles=[], height=0.05, italic=False, languageStyle='LTR', name='text_4', opacity=1, ori=0.0, pos=array([0., 0.]), rgb=UNKNOWN, text=str(...), units='height', win=Window(...), wrapWidth=1)
11.1204 	EXP 	Created text_14 = TextStim(__class__=<class 'psychopy.visual.text.TextStim'>, alignHoriz=method-wrapper(...), alignText='center', alignVert=method-wrapper(...), anchorHoriz='center', anchorVert='center', antialias=True, autoDraw=False, autoLog=True, bold=False, color=array([1., 1., 1.]), colorSpace='rgb', contrast=1.0, depth=0.0, draggable=False, flipHoriz=False, flipVert=False, font='Arial', fontFiles=[], height=0.05, italic=False, languageStyle='LTR', name='text_14', opacity=1, ori=0.0, pos=array([0., 0.]), rgb=UNKNOWN, text='thank you and have a pleasant day ', units='height', win=Window(...), wrapWidth=1)
0.0317 	INFO 	Keyboard events cleared
0.0314 	EXP 	text_5: autoDraw = True
0.0516 	WARNING 	t of last frame was 20.17ms (=1/49)
3.7090 	DATA 	Mouse: Left button down, pos=(333,346)
3.8575 	DATA 	Mouse:  Left button up, pos=(333,346)
4.1125 	DATA 	Keypress: space
4.1157 	INFO 	Keyboard events cleared
4.1154 	WARNING 	t of last frame was 41.55ms (=1/24)
4.1154 	EXP 	text_5: autoDraw = False
4.1154 	EXP 	surround_practice_3: phase = array([0.65292994, 0.65292994])
4.1154 	EXP 	center_practice_3: phase = array([0.44766976, 0.44766976])
4.1154 	EXP 	surround_practice_3: autoDraw = True
4.1154 	EXP 	center_practice_3: autoDraw = True
4.1154 	EXP 	surround_practice_3: tex = 'sin'
4.1154 	EXP 	center_practice_3: tex = 'sin'
18.8114 	DATA 	Keypress: space
18.8142 	INFO 	Keyboard events cleared
18.8139 	EXP 	surround_practice_3: autoDraw = False
18.8139 	EXP 	center_practice_3: autoDraw = False
18.8139 	EXP 	surround_practice_4: phase = array([0.96961888, 0.96961888])
18.8139 	EXP 	center_practice_4: phase = array([0.43886112, 0.43886112])
18.8139 	EXP 	surround_practice_4: autoDraw = True
18.8139 	EXP 	center_practice_4: autoDraw = True
18.8139 	EXP 	surround_practice_4: tex = 'sin'
18.8139 	EXP 	center_practice_4: tex = 'sin'
27.2408 	WARNING 	t of last frame was 22.70ms (=1/44)
29.8081 	DATA 	Mouse: Left button down, pos=(568,451)
29.9408 	DATA 	Mouse:  Left button up, pos=(568,451)
32.1466 	DATA 	Keypress: escape
32.1494 	WARNING 	t of last frame was 27.18ms (=1/36)
32.2244 	EXP 	tilt_mocs: status = STOPPED
32.2345 	EXP 	surround_practice_4: autoDraw = False
32.2345 	EXP 	center_practice_4: autoDraw = False
32.2360 	EXP 	tilt_mocs: status = STOPPED
32.2393 	INFO 	saved data to '/Users/bwinsto2/Downloads/tilt_mocs/data/450160_tilt_mocs_2025-08-19_17h07.18.081.csv'
32.2399 	INFO 	saved data to /Users/bwinsto2/Downloads/tilt_mocs/data/450160_tilt_mocs_2025-08-19_17h07.18.081.psydat
32.6632 	DEBUG 	Saving data for tilt_mocs ExperimentHandler
