4.9947 	DEBUG 	Fullscreen settings ignored as running in pilot mode.
4.9957 	INFO 	Loaded monitor calibration from ['2025_08_13 14:32']
5.1921 	EXP 	Created window1 = Window(allowGUI=False, allowStencil=False, autoLog=True, backendConf=UNKNOWN, backgroundFit=<method-wrapper '__getattribute__' of attributeSetter object at 0x7fa5f32a6af0>, backgroundImage=<method-wrapper '__getattribute__' of attributeSetter object at 0x7fa5f32a6a00>, bitsMode=UNKNOWN, blendMode='avg', bpc=(8, 8, 8), color=array([0, 0, 0]), colorSpace='rgb', depthBits=8, fullscr=False, gamma=None, gammaErrorPolicy='raise', infoMsg=UNKNOWN, lms=UNKNOWN, monitor=<psychopy.monitors.calibTools.Monitor object at 0x7fa5e89c7550>, multiSample=False, name='window1', numSamples=2, pos=[320.0, 150.0], screen=0, size=array([1600, 1200]), stencilBits=0, stereo=False, title='PsychoPy', units='height', useFBO=True, useRetina=True, viewOri=0.0, viewPos=None, viewScale=None, waitBlanking=True, winType='pyglet')
5.1922 	EXP 	window1: backgroundImage = ''
5.1922 	EXP 	window1: backgroundFit = 'none'
5.2012 	DEBUG 	TextBox2 loaded 1 chars with 0 blanks and 1 valid
5.2021 	DEBUG 	TextBox2 loaded 1 chars with 0 blanks and 1 valid
5.2029 	DEBUG 	TextBox2 loaded 1 chars with 0 blanks and 1 valid
5.2040 	DEBUG 	TextBox2 loaded 1 chars with 0 blanks and 1 valid
5.2049 	DEBUG 	TextBox2 loaded 1 chars with 0 blanks and 1 valid
5.2055 	DEBUG 	TextBox2 loaded 1 chars with 0 blanks and 1 valid
5.2063 	DEBUG 	TextBox2 loaded 1 chars with 0 blanks and 1 valid
5.2074 	DEBUG 	TextBox2 loaded 1 chars with 0 blanks and 1 valid
5.2078 	DEBUG 	TextBox2 loaded 1 chars with 0 blanks and 1 valid
5.2082 	DEBUG 	TextBox2 loaded 1 chars with 0 blanks and 1 valid
5.2090 	DEBUG 	TextBox2 loaded 1 chars with 0 blanks and 1 valid
5.2097 	DEBUG 	TextBox2 loaded 1 chars with 0 blanks and 1 valid
5.2104 	DEBUG 	TextBox2 loaded 1 chars with 0 blanks and 1 valid
5.2111 	DEBUG 	TextBox2 loaded 1 chars with 0 blanks and 1 valid
5.2118 	DEBUG 	TextBox2 loaded 1 chars with 0 blanks and 1 valid
5.2125 	DEBUG 	TextBox2 loaded 1 chars with 0 blanks and 1 valid
5.2133 	DEBUG 	TextBox2 loaded 1 chars with 0 blanks and 1 valid
5.2138 	DEBUG 	TextBox2 loaded 1 chars with 0 blanks and 1 valid
5.2143 	DEBUG 	TextBox2 loaded 1 chars with 0 blanks and 1 valid
5.2153 	DEBUG 	TextBox2 loaded 1 chars with 0 blanks and 1 valid
5.2158 	DEBUG 	TextBox2 loaded 1 chars with 0 blanks and 1 valid
5.2160 	DEBUG 	Uploading Texture Font fontname to graphics card
5.2199 	DEBUG 	Upload of Texture Font fontname complete
5.2263 	DEBUG 	TextBox2 loaded 1 chars with 0 blanks and 1 valid
5.2273 	DEBUG 	TextBox2 loaded 1 chars with 0 blanks and 1 valid
5.2281 	DEBUG 	TextBox2 loaded 1 chars with 0 blanks and 1 valid
5.2283 	DEBUG 	Uploading Texture Font fontname to graphics card
5.2304 	DEBUG 	Upload of Texture Font fontname complete
5.2321 	EXP 	window1: Attempting to measure frame rate of screen (0) ...
5.2321 	EXP 	window1: recordFrameIntervals = False
5.4256 	EXP 	window1: recordFrameIntervals = True
6.2620 	WARNING 	Couldn't measure a consistent frame rate!
  - Is your graphics card set to sync to vertical blank?
  - Are you running other processes on your computer?

6.2685 	DEBUG 	TextBox2 loaded 1 chars with 0 blanks and 1 valid
6.2695 	DEBUG 	TextBox2 loaded 1 chars with 0 blanks and 1 valid
6.2707 	DEBUG 	TextBox2 loaded 1 chars with 0 blanks and 1 valid
6.2721 	DEBUG 	TextBox2 loaded 1 chars with 0 blanks and 1 valid
6.2736 	DEBUG 	TextBox2 loaded 1 chars with 0 blanks and 1 valid
6.2748 	DEBUG 	TextBox2 loaded 1 chars with 0 blanks and 1 valid
6.2756 	DEBUG 	TextBox2 loaded 1 chars with 0 blanks and 1 valid
6.2768 	DEBUG 	TextBox2 loaded 1 chars with 0 blanks and 1 valid
6.2781 	DEBUG 	TextBox2 loaded 1 chars with 0 blanks and 1 valid
6.2793 	DEBUG 	TextBox2 loaded 1 chars with 0 blanks and 1 valid
6.2796 	DEBUG 	Uploading Texture Font fontname to graphics card
6.2824 	DEBUG 	Upload of Texture Font fontname complete
6.3010 	WARNING 	launchHubServer: If using the iohub mouse or eyetracker devices, fullScr should be True.
9.9250 	INFO 	keyboard.Keyboard is using iohub backend.
9.9250 	INFO 	keyboard.Keyboard is using iohub backend.
9.9250 	INFO 	keyboard.Keyboard is using iohub backend.
9.9250 	INFO 	keyboard.Keyboard is using iohub backend.
9.9251 	INFO 	keyboard.Keyboard is using iohub backend.
9.9251 	INFO 	keyboard.Keyboard is using iohub backend.
9.9251 	INFO 	keyboard.Keyboard is using iohub backend.
9.9251 	INFO 	keyboard.Keyboard is using iohub backend.
9.9251 	INFO 	keyboard.Keyboard is using iohub backend.
9.9252 	INFO 	keyboard.Keyboard is using iohub backend.
9.9252 	INFO 	keyboard.Keyboard is using iohub backend.
9.9252 	EXP 	tilt_mocs: status = STARTED
9.9741 	EXP 	Created text_5 = TextStim(__class__=<class 'psychopy.visual.text.TextStim'>, alignHoriz=method-wrapper(...), alignText='center', alignVert=method-wrapper(...), anchorHoriz='center', anchorVert='center', antialias=True, autoDraw=False, autoLog=True, bold=False, color=array([1., 1., 1.]), colorSpace='rgb', contrast=1.0, depth=0.0, draggable=False, flipHoriz=False, flipVert=False, font='Arial', fontFiles=[], height=0.05, italic=False, languageStyle='LTR', name='text_5', opacity=1, ori=0.0, pos=array([0., 0.]), rgb=UNKNOWN, text=str(...), units='height', win=Window(...), wrapWidth=1)
9.9763 	EXP 	Created surround_practice_3 = GratingStim(__class__=<class 'psychopy.visual.grating.GratingStim'>, anchor='center', autoDraw=False, autoLog=True, blendmode='avg', color=array([1., 1., 1.]), colorSpace='rgb', contrast=1.0, depth=-1.0, draggable=False, interpolate=True, mask='circle', maskParams=None, name='surround_practice_3', opacity=1, ori=15.0, phase=array([1., 1.]), pos=array([0., 0.]), rgbPedestal=array([0., 0., 0.]), sf=array([2.5, 2.5]), size=array([6., 6.]), tex='sin', texRes=128.0, units='cm', win=Window(...))
9.9778 	EXP 	Created center_practice_3 = GratingStim(__class__=<class 'psychopy.visual.grating.GratingStim'>, anchor='center', autoDraw=False, autoLog=True, blendmode='avg', color=array([0.2, 0.2, 0.2]), colorSpace='rgb', contrast=0.2, depth=-2.0, draggable=False, interpolate=True, mask='circle', maskParams=None, name='center_practice_3', opacity=1, ori=15.0, phase=array([1., 1.]), pos=array([0., 0.]), rgbPedestal=array([0., 0., 0.]), sf=array([2.5, 2.5]), size=array([2., 2.]), tex='sin', texRes=128.0, units='cm', win=Window(...))
9.9792 	EXP 	Created surround_practice_4 = GratingStim(__class__=<class 'psychopy.visual.grating.GratingStim'>, anchor='center', autoDraw=False, autoLog=True, blendmode='avg', color=array([1., 1., 1.]), colorSpace='rgb', contrast=1.0, depth=-1.0, draggable=False, interpolate=True, mask='circle', maskParams=None, name='surround_practice_4', opacity=1, ori=15.0, phase=array([1., 1.]), pos=array([0., 0.]), rgbPedestal=array([0., 0., 0.]), sf=array([12., 12.]), size=array([0.9, 0.9]), tex='sin', texRes=128.0, units='height', win=Window(...))
9.9805 	EXP 	Created center_practice_4 = GratingStim(__class__=<class 'psychopy.visual.grating.GratingStim'>, anchor='center', autoDraw=False, autoLog=True, blendmode='avg', color=array([0.2, 0.2, 0.2]), colorSpace='rgb', contrast=0.2, depth=-2.0, draggable=False, interpolate=True, mask='circle', maskParams=None, name='center_practice_4', opacity=1, ori=15.0, phase=array([1., 1.]), pos=array([0., 0.]), rgbPedestal=array([0., 0., 0.]), sf=array([5., 5.]), size=array([0.3, 0.3]), tex='sin', texRes=128.0, units='height', win=Window(...))
9.9875 	EXP 	Created text_6 = TextStim(__class__=<class 'psychopy.visual.text.TextStim'>, alignHoriz=method-wrapper(...), alignText='center', alignVert=method-wrapper(...), anchorHoriz='center', anchorVert='center', antialias=True, autoDraw=False, autoLog=True, bold=False, color=array([1., 1., 1.]), colorSpace='rgb', contrast=1.0, depth=0.0, draggable=False, flipHoriz=False, flipVert=False, font='Arial', fontFiles=[], height=0.05, italic=False, languageStyle='LTR', name='text_6', opacity=1, ori=0.0, pos=array([0., 0.]), rgb=UNKNOWN, text=str(...), units='height', win=Window(...), wrapWidth=1)
9.9891 	EXP 	Created surround_practice = GratingStim(__class__=<class 'psychopy.visual.grating.GratingStim'>, anchor='center', autoDraw=False, autoLog=True, blendmode='avg', color=array([0.2, 0.2, 0.2]), colorSpace='rgb', contrast=0.2, depth=-1.0, draggable=False, interpolate=True, mask='circle', maskParams=None, name='surround_practice', opacity=1, ori=1.0, phase=array([1., 1.]), pos=array([0., 0.]), rgbPedestal=array([0., 0., 0.]), sf=array([2.5, 2.5]), size=array([6., 6.]), tex='sin', texRes=128.0, units='cm', win=Window(...))
9.9905 	EXP 	Created center_practice = GratingStim(__class__=<class 'psychopy.visual.grating.GratingStim'>, anchor='center', autoDraw=False, autoLog=True, blendmode='avg', color=array([1., 1., 1.]), colorSpace='rgb', contrast=1.0, depth=-2.0, draggable=False, interpolate=True, mask='circle', maskParams=None, name='center_practice', opacity=1, ori=1.0, phase=array([1., 1.]), pos=array([0., 0.]), rgbPedestal=array([0., 0., 0.]), sf=array([2.5, 2.5]), size=array([2., 2.]), tex='sin', texRes=128.0, units='cm', win=Window(...))
9.9939 	EXP 	Created text_11 = TextStim(__class__=<class 'psychopy.visual.text.TextStim'>, alignHoriz=method-wrapper(...), alignText='center', alignVert=method-wrapper(...), anchorHoriz='center', anchorVert='center', antialias=True, autoDraw=False, autoLog=True, bold=False, color=array([1., 1., 1.]), colorSpace='rgb', contrast=1.0, depth=-4.0, draggable=False, flipHoriz=False, flipVert=False, font='Arial', fontFiles=[], height=0.05, italic=False, languageStyle='LTR', name='text_11', opacity=1, ori=0.0, pos=array([0., 0.]), rgb=UNKNOWN, text=str(...), units='height', win=Window(...), wrapWidth=1)
9.9944 	EXP 	Created text_7 = TextStim(__class__=<class 'psychopy.visual.text.TextStim'>, alignHoriz=method-wrapper(...), alignText='center', alignVert=method-wrapper(...), anchorHoriz='center', anchorVert='center', antialias=True, autoDraw=False, autoLog=True, bold=False, color=array([1., 1., 1.]), colorSpace='rgb', contrast=1.0, depth=-1.0, draggable=False, flipHoriz=False, flipVert=False, font='Arial', fontFiles=[], height=0.05, italic=False, languageStyle='LTR', name='text_7', opacity=1, ori=0.0, pos=array([0., 0.]), rgb=UNKNOWN, text='', units='height', win=Window(...), wrapWidth=1)
10.0013 	EXP 	Created text_8 = TextStim(__class__=<class 'psychopy.visual.text.TextStim'>, alignHoriz=method-wrapper(...), alignText='center', alignVert=method-wrapper(...), anchorHoriz='center', anchorVert='center', antialias=True, autoDraw=False, autoLog=True, bold=False, color=array([1., 1., 1.]), colorSpace='rgb', contrast=1.0, depth=0.0, draggable=False, flipHoriz=False, flipVert=False, font='Arial', fontFiles=[], height=0.05, italic=False, languageStyle='LTR', name='text_8', opacity=1, ori=0.0, pos=array([0., 0.]), rgb=UNKNOWN, text=str(...), units='height', win=Window(...), wrapWidth=1)
10.0029 	EXP 	Created surround_practice_2 = GratingStim(__class__=<class 'psychopy.visual.grating.GratingStim'>, anchor='center', autoDraw=False, autoLog=True, blendmode='avg', color=array([0.2, 0.2, 0.2]), colorSpace='rgb', contrast=0.2, depth=0.0, draggable=False, interpolate=True, mask='circle', maskParams=None, name='surround_practice_2', opacity=1.0, ori=1.0, phase=array([0., 0.]), pos=array([0., 0.]), rgbPedestal=array([0., 0., 0.]), sf=array([2.5, 2.5]), size=array([6., 6.]), tex='sin', texRes=128.0, units='cm', win=Window(...))
10.0043 	EXP 	Created center_practice_2 = GratingStim(__class__=<class 'psychopy.visual.grating.GratingStim'>, anchor='center', autoDraw=False, autoLog=True, blendmode='avg', color=array([0.2, 0.2, 0.2]), colorSpace='rgb', contrast=0.2, depth=-1.0, draggable=False, interpolate=True, mask='circle', maskParams=None, name='center_practice_2', opacity=1, ori=1.0, phase=array([0., 0.]), pos=array([0., 0.]), rgbPedestal=array([0., 0., 0.]), sf=array([2.5, 2.5]), size=array([2., 2.]), tex='sin', texRes=128.0, units='cm', win=Window(...))
10.0067 	EXP 	Created text_12 = TextStim(__class__=<class 'psychopy.visual.text.TextStim'>, alignHoriz=method-wrapper(...), alignText='center', alignVert=method-wrapper(...), anchorHoriz='center', anchorVert='center', antialias=True, autoDraw=False, autoLog=True, bold=False, color=array([1., 1., 1.]), colorSpace='rgb', contrast=1.0, depth=-3.0, draggable=False, flipHoriz=False, flipVert=False, font='Arial', fontFiles=[], height=0.05, italic=False, languageStyle='LTR', name='text_12', opacity=1, ori=0.0, pos=array([0., 0.]), rgb=UNKNOWN, text=str(...), units='height', win=Window(...), wrapWidth=1)
10.0071 	EXP 	Created text_7 = TextStim(__class__=<class 'psychopy.visual.text.TextStim'>, alignHoriz=method-wrapper(...), alignText='center', alignVert=method-wrapper(...), anchorHoriz='center', anchorVert='center', antialias=True, autoDraw=False, autoLog=True, bold=False, color=array([1., 1., 1.]), colorSpace='rgb', contrast=1.0, depth=-1.0, draggable=False, flipHoriz=False, flipVert=False, font='Arial', fontFiles=[], height=0.05, italic=False, languageStyle='LTR', name='text_7', opacity=1, ori=0.0, pos=array([0., 0.]), rgb=UNKNOWN, text='', units='height', win=Window(...), wrapWidth=1)
10.0117 	EXP 	Created text_13 = TextStim(__class__=<class 'psychopy.visual.text.TextStim'>, alignHoriz=method-wrapper(...), alignText='center', alignVert=method-wrapper(...), anchorHoriz='center', anchorVert='center', antialias=True, autoDraw=False, autoLog=True, bold=False, color=array([1., 1., 1.]), colorSpace='rgb', contrast=1.0, depth=0.0, draggable=False, flipHoriz=False, flipVert=False, font='Arial', fontFiles=[], height=0.05, italic=False, languageStyle='LTR', name='text_13', opacity=1, ori=0.0, pos=array([0., 0.]), rgb=UNKNOWN, text=str(...), units='height', win=Window(...), wrapWidth=1)
10.0132 	EXP 	Created surround_grating = GratingStim(__class__=<class 'psychopy.visual.grating.GratingStim'>, anchor='center', autoDraw=False, autoLog=True, blendmode='avg', color=array([0.2, 0.2, 0.2]), colorSpace='rgb', contrast=0.2, depth=-1.0, draggable=False, interpolate=True, mask='circle', maskParams=None, name='surround_grating', opacity=1.0, ori=1.0, phase=array([1., 1.]), pos=array([0., 0.]), rgbPedestal=array([0., 0., 0.]), sf=array([2.5, 2.5]), size=array([6., 6.]), tex='sin', texRes=128.0, units='cm', win=Window(...))
10.0146 	EXP 	Created center_grating = GratingStim(__class__=<class 'psychopy.visual.grating.GratingStim'>, anchor='center', autoDraw=False, autoLog=True, blendmode='avg', color=array([0.2, 0.2, 0.2]), colorSpace='rgb', contrast=0.2, depth=-2.0, draggable=False, interpolate=True, mask='circle', maskParams=None, name='center_grating', opacity=1, ori=1.0, phase=array([1., 1.]), pos=array([0., 0.]), rgbPedestal=array([0., 0., 0.]), sf=array([2.5, 2.5]), size=array([2., 2.]), tex='sin', texRes=128.0, units='cm', win=Window(...))
10.0169 	EXP 	Created text_4 = TextStim(__class__=<class 'psychopy.visual.text.TextStim'>, alignHoriz=method-wrapper(...), alignText='center', alignVert=method-wrapper(...), anchorHoriz='center', anchorVert='center', antialias=True, autoDraw=False, autoLog=True, bold=False, color=array([1., 1., 1.]), colorSpace='rgb', contrast=1.0, depth=-4.0, draggable=False, flipHoriz=False, flipVert=False, font='Arial', fontFiles=[], height=0.05, italic=False, languageStyle='LTR', name='text_4', opacity=1, ori=0.0, pos=array([0., 0.]), rgb=UNKNOWN, text=str(...), units='height', win=Window(...), wrapWidth=1)
10.0188 	EXP 	Created text_14 = TextStim(__class__=<class 'psychopy.visual.text.TextStim'>, alignHoriz=method-wrapper(...), alignText='center', alignVert=method-wrapper(...), anchorHoriz='center', anchorVert='center', antialias=True, autoDraw=False, autoLog=True, bold=False, color=array([1., 1., 1.]), colorSpace='rgb', contrast=1.0, depth=0.0, draggable=False, flipHoriz=False, flipVert=False, font='Arial', fontFiles=[], height=0.05, italic=False, languageStyle='LTR', name='text_14', opacity=1, ori=0.0, pos=array([0., 0.]), rgb=UNKNOWN, text='thank you and have a pleasant day ', units='height', win=Window(...), wrapWidth=1)
0.0209 	INFO 	Keyboard events cleared
0.0206 	EXP 	text_5: autoDraw = True
0.6230 	DATA 	Keypress: space
0.6266 	INFO 	Keyboard events cleared
0.6263 	WARNING 	t of last frame was 36.23ms (=1/27)
0.6263 	EXP 	text_5: autoDraw = False
0.6263 	EXP 	surround_practice_3: phase = array([0., 0.])
0.6263 	EXP 	center_practice_3: phase = array([0., 0.])
0.6263 	EXP 	surround_practice_3: autoDraw = True
0.6263 	EXP 	center_practice_3: autoDraw = True
0.6263 	EXP 	surround_practice_3: tex = 'sin'
0.6263 	EXP 	center_practice_3: tex = 'sin'
1.5743 	DATA 	Keypress: space
1.5773 	DATA 	Keypress: f
1.5799 	INFO 	Keyboard events cleared
1.5796 	EXP 	surround_practice_3: autoDraw = False
1.5796 	EXP 	center_practice_3: autoDraw = False
1.5796 	EXP 	surround_practice_4: phase = array([0., 0.])
1.5796 	EXP 	center_practice_4: phase = array([0., 0.])
1.5796 	EXP 	surround_practice_4: autoDraw = True
1.5796 	EXP 	center_practice_4: autoDraw = True
1.5796 	EXP 	surround_practice_4: tex = 'sin'
1.5796 	EXP 	center_practice_4: tex = 'sin'
13.6687 	WARNING 	t of last frame was 45.20ms (=1/22)
14.8791 	WARNING 	t of last frame was 22.35ms (=1/44)
18.8684 	WARNING 	t of last frame was 20.35ms (=1/49)
19.3029 	WARNING 	Multiple dropped frames have occurred - I'll stop bothering you about them!
19.6485 	DATA 	Keypress: escape
19.7467 	EXP 	tilt_mocs: status = STOPPED
19.7568 	EXP 	surround_practice_4: autoDraw = False
19.7568 	EXP 	center_practice_4: autoDraw = False
19.7585 	EXP 	tilt_mocs: status = STOPPED
19.7612 	INFO 	saved data to '/Users/bwinsto2/Downloads/tilt_mocs/data/620840_tilt_mocs_2025-08-19_17h18.52.975.csv'
19.7621 	INFO 	saved data to /Users/bwinsto2/Downloads/tilt_mocs/data/620840_tilt_mocs_2025-08-19_17h18.52.975.psydat
20.2685 	DEBUG 	Saving data for tilt_mocs ExperimentHandler
