9.4319 	DEBUG 	Fullscreen settings ignored as running in pilot mode.
9.4331 	INFO 	Loaded monitor calibration from ['2025_08_13 14:32']
9.6934 	EXP 	Created window1 = Window(allowGUI=False, allowStencil=False, autoLog=True, backendConf=UNKNOWN, backgroundFit=<method-wrapper '__getattribute__' of attributeSetter object at 0x7faf82087a30>, backgroundImage=<method-wrapper '__getattribute__' of attributeSetter object at 0x7faf82087940>, bitsMode=UNKNOWN, blendMode='avg', bpc=(8, 8, 8), color=array([0, 0, 0]), colorSpace='rgb', depthBits=8, fullscr=False, gamma=None, gammaErrorPolicy='raise', infoMsg=UNKNOWN, lms=UNKNOWN, monitor=<psychopy.monitors.calibTools.Monitor object at 0x7faf81e72520>, multiSample=False, name='window1', numSamples=2, pos=[320.0, 150.0], screen=0, size=array([1600, 1200]), stencilBits=0, stereo=False, title='PsychoPy', units='height', useFBO=True, useRetina=True, viewOri=0.0, viewPos=None, viewScale=None, waitBlanking=True, winType='pyglet')
9.6935 	EXP 	window1: backgroundImage = ''
9.6935 	EXP 	window1: backgroundFit = 'none'
9.7090 	DEBUG 	TextBox2 loaded 1 chars with 0 blanks and 1 valid
9.7100 	DEBUG 	TextBox2 loaded 1 chars with 0 blanks and 1 valid
9.7110 	DEBUG 	TextBox2 loaded 1 chars with 0 blanks and 1 valid
9.7120 	DEBUG 	TextBox2 loaded 1 chars with 0 blanks and 1 valid
9.7130 	DEBUG 	TextBox2 loaded 1 chars with 0 blanks and 1 valid
9.7136 	DEBUG 	TextBox2 loaded 1 chars with 0 blanks and 1 valid
9.7144 	DEBUG 	TextBox2 loaded 1 chars with 0 blanks and 1 valid
9.7155 	DEBUG 	TextBox2 loaded 1 chars with 0 blanks and 1 valid
9.7161 	DEBUG 	TextBox2 loaded 1 chars with 0 blanks and 1 valid
9.7166 	DEBUG 	TextBox2 loaded 1 chars with 0 blanks and 1 valid
9.7174 	DEBUG 	TextBox2 loaded 1 chars with 0 blanks and 1 valid
9.7182 	DEBUG 	TextBox2 loaded 1 chars with 0 blanks and 1 valid
9.7189 	DEBUG 	TextBox2 loaded 1 chars with 0 blanks and 1 valid
9.7197 	DEBUG 	TextBox2 loaded 1 chars with 0 blanks and 1 valid
9.7205 	DEBUG 	TextBox2 loaded 1 chars with 0 blanks and 1 valid
9.7213 	DEBUG 	TextBox2 loaded 1 chars with 0 blanks and 1 valid
9.7221 	DEBUG 	TextBox2 loaded 1 chars with 0 blanks and 1 valid
9.7226 	DEBUG 	TextBox2 loaded 1 chars with 0 blanks and 1 valid
9.7232 	DEBUG 	TextBox2 loaded 1 chars with 0 blanks and 1 valid
9.7242 	DEBUG 	TextBox2 loaded 1 chars with 0 blanks and 1 valid
9.7248 	DEBUG 	TextBox2 loaded 1 chars with 0 blanks and 1 valid
9.7250 	DEBUG 	Uploading Texture Font fontname to graphics card
9.7299 	DEBUG 	Upload of Texture Font fontname complete
9.7359 	DEBUG 	TextBox2 loaded 1 chars with 0 blanks and 1 valid
9.7371 	DEBUG 	TextBox2 loaded 1 chars with 0 blanks and 1 valid
9.7381 	DEBUG 	TextBox2 loaded 1 chars with 0 blanks and 1 valid
9.7383 	DEBUG 	Uploading Texture Font fontname to graphics card
9.7404 	DEBUG 	Upload of Texture Font fontname complete
9.7421 	EXP 	window1: Attempting to measure frame rate of screen (0) ...
9.7421 	EXP 	window1: recordFrameIntervals = False
9.9958 	EXP 	window1: recordFrameIntervals = True
10.8293 	WARNING 	Couldn't measure a consistent frame rate!
  - Is your graphics card set to sync to vertical blank?
  - Are you running other processes on your computer?

10.8346 	DEBUG 	TextBox2 loaded 1 chars with 0 blanks and 1 valid
10.8354 	DEBUG 	TextBox2 loaded 1 chars with 0 blanks and 1 valid
10.8364 	DEBUG 	TextBox2 loaded 1 chars with 0 blanks and 1 valid
10.8376 	DEBUG 	TextBox2 loaded 1 chars with 0 blanks and 1 valid
10.8387 	DEBUG 	TextBox2 loaded 1 chars with 0 blanks and 1 valid
10.8397 	DEBUG 	TextBox2 loaded 1 chars with 0 blanks and 1 valid
10.8403 	DEBUG 	TextBox2 loaded 1 chars with 0 blanks and 1 valid
10.8413 	DEBUG 	TextBox2 loaded 1 chars with 0 blanks and 1 valid
10.8423 	DEBUG 	TextBox2 loaded 1 chars with 0 blanks and 1 valid
10.8433 	DEBUG 	TextBox2 loaded 1 chars with 0 blanks and 1 valid
10.8435 	DEBUG 	Uploading Texture Font fontname to graphics card
10.8458 	DEBUG 	Upload of Texture Font fontname complete
10.8639 	WARNING 	launchHubServer: If using the iohub mouse or eyetracker devices, fullScr should be True.
14.7371 	INFO 	keyboard.Keyboard is using iohub backend.
14.7371 	INFO 	keyboard.Keyboard is using iohub backend.
14.7372 	INFO 	keyboard.Keyboard is using iohub backend.
14.7372 	INFO 	keyboard.Keyboard is using iohub backend.
14.7372 	INFO 	keyboard.Keyboard is using iohub backend.
14.7372 	INFO 	keyboard.Keyboard is using iohub backend.
14.7372 	INFO 	keyboard.Keyboard is using iohub backend.
14.7373 	INFO 	keyboard.Keyboard is using iohub backend.
14.7373 	INFO 	keyboard.Keyboard is using iohub backend.
14.7373 	INFO 	keyboard.Keyboard is using iohub backend.
14.7373 	INFO 	keyboard.Keyboard is using iohub backend.
14.7373 	EXP 	tilt_mocs: status = STARTED
14.7434 	EXP 	Created surround_practice_3 = GratingStim(__class__=<class 'psychopy.visual.grating.GratingStim'>, anchor='center', autoDraw=False, autoLog=True, blendmode='avg', color=array([1., 1., 1.]), colorSpace='rgb', contrast=1.0, depth=-1.0, draggable=False, interpolate=True, mask='circle', maskParams=None, name='surround_practice_3', opacity=1, ori=15.0, phase=array([1., 1.]), pos=array([0., 0.]), rgbPedestal=array([0., 0., 0.]), sf=array([2.5, 2.5]), size=array([6., 6.]), tex='sin', texRes=128.0, units='cm', win=Window(...))
14.7608 	DEBUG 	Saving data for tilt_mocs ExperimentHandler
14.7614 	INFO 	saved data to /Users/bwinsto2/Downloads/tilt_mocs/data/747718_tilt_mocs_2025-08-19_16h52.21.283.psydat
14.7617 	INFO 	saved data to '/Users/bwinsto2/Downloads/tilt_mocs/data/747718_tilt_mocs_2025-08-19_16h52.21.283.csv'
