5.4694 	DEBUG 	Fullscreen settings ignored as running in pilot mode.
5.4709 	INFO 	Loaded monitor calibration from ['2025_08_13 14:32']
5.6739 	EXP 	Created window1 = Window(allowGUI=False, allowStencil=False, autoLog=True, backendConf=UNKNOWN, backgroundFit=<method-wrapper '__getattribute__' of attributeSetter object at 0x7fbb2a845b20>, backgroundImage=<method-wrapper '__getattribute__' of attributeSetter object at 0x7fbb2a845a30>, bitsMode=UNKNOWN, blendMode='avg', bpc=(8, 8, 8), color=array([0, 0, 0]), colorSpace='rgb', depthBits=8, fullscr=False, gamma=None, gammaErrorPolicy='raise', infoMsg=UNKNOWN, lms=UNKNOWN, monitor=<psychopy.monitors.calibTools.Monitor object at 0x7fbb2a5b2580>, multiSample=False, name='window1', numSamples=2, pos=[320.0, 150.0], screen=0, size=array([1600, 1200]), stencilBits=0, stereo=False, title='PsychoPy', units='height', useFBO=True, useRetina=True, viewOri=0.0, viewPos=None, viewScale=None, waitBlanking=True, winType='pyglet')
5.6740 	EXP 	window1: backgroundImage = ''
5.6740 	EXP 	window1: backgroundFit = 'none'
5.6823 	DEBUG 	TextBox2 loaded 1 chars with 0 blanks and 1 valid
5.6832 	DEBUG 	TextBox2 loaded 1 chars with 0 blanks and 1 valid
5.6839 	DEBUG 	TextBox2 loaded 1 chars with 0 blanks and 1 valid
5.6849 	DEBUG 	TextBox2 loaded 1 chars with 0 blanks and 1 valid
5.6858 	DEBUG 	TextBox2 loaded 1 chars with 0 blanks and 1 valid
5.6863 	DEBUG 	TextBox2 loaded 1 chars with 0 blanks and 1 valid
5.6871 	DEBUG 	TextBox2 loaded 1 chars with 0 blanks and 1 valid
5.6881 	DEBUG 	TextBox2 loaded 1 chars with 0 blanks and 1 valid
5.6885 	DEBUG 	TextBox2 loaded 1 chars with 0 blanks and 1 valid
5.6889 	DEBUG 	TextBox2 loaded 1 chars with 0 blanks and 1 valid
5.6897 	DEBUG 	TextBox2 loaded 1 chars with 0 blanks and 1 valid
5.6905 	DEBUG 	TextBox2 loaded 1 chars with 0 blanks and 1 valid
5.6912 	DEBUG 	TextBox2 loaded 1 chars with 0 blanks and 1 valid
5.6920 	DEBUG 	TextBox2 loaded 1 chars with 0 blanks and 1 valid
5.6927 	DEBUG 	TextBox2 loaded 1 chars with 0 blanks and 1 valid
5.6935 	DEBUG 	TextBox2 loaded 1 chars with 0 blanks and 1 valid
5.6943 	DEBUG 	TextBox2 loaded 1 chars with 0 blanks and 1 valid
5.6949 	DEBUG 	TextBox2 loaded 1 chars with 0 blanks and 1 valid
5.6956 	DEBUG 	TextBox2 loaded 1 chars with 0 blanks and 1 valid
5.6966 	DEBUG 	TextBox2 loaded 1 chars with 0 blanks and 1 valid
5.6971 	DEBUG 	TextBox2 loaded 1 chars with 0 blanks and 1 valid
5.6973 	DEBUG 	Uploading Texture Font fontname to graphics card
5.7009 	DEBUG 	Upload of Texture Font fontname complete
5.7063 	DEBUG 	TextBox2 loaded 1 chars with 0 blanks and 1 valid
5.7073 	DEBUG 	TextBox2 loaded 1 chars with 0 blanks and 1 valid
5.7083 	DEBUG 	TextBox2 loaded 1 chars with 0 blanks and 1 valid
5.7085 	DEBUG 	Uploading Texture Font fontname to graphics card
5.7105 	DEBUG 	Upload of Texture Font fontname complete
5.7121 	EXP 	window1: Attempting to measure frame rate of screen (0) ...
5.7121 	EXP 	window1: recordFrameIntervals = False
5.9055 	EXP 	window1: recordFrameIntervals = True
6.7400 	WARNING 	Couldn't measure a consistent frame rate!
  - Is your graphics card set to sync to vertical blank?
  - Are you running other processes on your computer?

6.7494 	DEBUG 	TextBox2 loaded 1 chars with 0 blanks and 1 valid
6.7505 	DEBUG 	TextBox2 loaded 1 chars with 0 blanks and 1 valid
6.7519 	DEBUG 	TextBox2 loaded 1 chars with 0 blanks and 1 valid
6.7537 	DEBUG 	TextBox2 loaded 1 chars with 0 blanks and 1 valid
6.7554 	DEBUG 	TextBox2 loaded 1 chars with 0 blanks and 1 valid
6.7573 	DEBUG 	TextBox2 loaded 1 chars with 0 blanks and 1 valid
6.7583 	DEBUG 	TextBox2 loaded 1 chars with 0 blanks and 1 valid
6.7600 	DEBUG 	TextBox2 loaded 1 chars with 0 blanks and 1 valid
6.7618 	DEBUG 	TextBox2 loaded 1 chars with 0 blanks and 1 valid
6.7636 	DEBUG 	TextBox2 loaded 1 chars with 0 blanks and 1 valid
6.7640 	DEBUG 	Uploading Texture Font fontname to graphics card
6.7684 	DEBUG 	Upload of Texture Font fontname complete
6.7934 	WARNING 	launchHubServer: If using the iohub mouse or eyetracker devices, fullScr should be True.
10.4224 	INFO 	keyboard.Keyboard is using iohub backend.
10.4224 	INFO 	keyboard.Keyboard is using iohub backend.
10.4224 	INFO 	keyboard.Keyboard is using iohub backend.
10.4225 	INFO 	keyboard.Keyboard is using iohub backend.
10.4225 	INFO 	keyboard.Keyboard is using iohub backend.
10.4225 	INFO 	keyboard.Keyboard is using iohub backend.
10.4225 	INFO 	keyboard.Keyboard is using iohub backend.
10.4225 	INFO 	keyboard.Keyboard is using iohub backend.
10.4226 	INFO 	keyboard.Keyboard is using iohub backend.
10.4226 	INFO 	keyboard.Keyboard is using iohub backend.
10.4226 	INFO 	keyboard.Keyboard is using iohub backend.
10.4226 	EXP 	tilt_mocs: status = STARTED
10.4680 	EXP 	Created text_5 = TextStim(__class__=<class 'psychopy.visual.text.TextStim'>, alignHoriz=method-wrapper(...), alignText='center', alignVert=method-wrapper(...), anchorHoriz='center', anchorVert='center', antialias=True, autoDraw=False, autoLog=True, bold=False, color=array([1., 1., 1.]), colorSpace='rgb', contrast=1.0, depth=0.0, draggable=False, flipHoriz=False, flipVert=False, font='Arial', fontFiles=[], height=0.05, italic=False, languageStyle='LTR', name='text_5', opacity=1, ori=0.0, pos=array([0., 0.]), rgb=UNKNOWN, text=str(...), units='height', win=Window(...), wrapWidth=1)
10.4701 	EXP 	Created surround_practice_3 = GratingStim(__class__=<class 'psychopy.visual.grating.GratingStim'>, anchor='center', autoDraw=False, autoLog=True, blendmode='avg', color=array([1., 1., 1.]), colorSpace='rgb', contrast=1.0, depth=-1.0, draggable=False, interpolate=True, mask='circle', maskParams=None, name='surround_practice_3', opacity=1, ori=15.0, phase=array([1., 1.]), pos=array([0., 0.]), rgbPedestal=array([0., 0., 0.]), sf=array([2.5, 2.5]), size=array([6., 6.]), tex='sin', texRes=128.0, units='cm', win=Window(...))
10.4716 	EXP 	Created center_practice_3 = GratingStim(__class__=<class 'psychopy.visual.grating.GratingStim'>, anchor='center', autoDraw=False, autoLog=True, blendmode='avg', color=array([0.2, 0.2, 0.2]), colorSpace='rgb', contrast=0.2, depth=-2.0, draggable=False, interpolate=True, mask='circle', maskParams=None, name='center_practice_3', opacity=1, ori=15.0, phase=array([1., 1.]), pos=array([0., 0.]), rgbPedestal=array([0., 0., 0.]), sf=array([2.5, 2.5]), size=array([2., 2.]), tex='sin', texRes=128.0, units='cm', win=Window(...))
10.4729 	EXP 	Created surround_practice_4 = GratingStim(__class__=<class 'psychopy.visual.grating.GratingStim'>, anchor='center', autoDraw=False, autoLog=True, blendmode='avg', color=array([1., 1., 1.]), colorSpace='rgb', contrast=1.0, depth=-1.0, draggable=False, interpolate=True, mask='circle', maskParams=None, name='surround_practice_4', opacity=1, ori=15.0, phase=array([1., 1.]), pos=array([0., 0.]), rgbPedestal=array([0., 0., 0.]), sf=array([14., 14.]), size=array([0.9, 0.9]), tex='sin', texRes=128.0, units='height', win=Window(...))
10.4743 	EXP 	Created center_practice_4 = GratingStim(__class__=<class 'psychopy.visual.grating.GratingStim'>, anchor='center', autoDraw=False, autoLog=True, blendmode='avg', color=array([0.2, 0.2, 0.2]), colorSpace='rgb', contrast=0.2, depth=-2.0, draggable=False, interpolate=True, mask='circle', maskParams=None, name='center_practice_4', opacity=1, ori=15.0, phase=array([1., 1.]), pos=array([0., 0.]), rgbPedestal=array([0., 0., 0.]), sf=array([5., 5.]), size=array([0.3, 0.3]), tex='sin', texRes=128.0, units='height', win=Window(...))
10.4811 	EXP 	Created text_6 = TextStim(__class__=<class 'psychopy.visual.text.TextStim'>, alignHoriz=method-wrapper(...), alignText='center', alignVert=method-wrapper(...), anchorHoriz='center', anchorVert='center', antialias=True, autoDraw=False, autoLog=True, bold=False, color=array([1., 1., 1.]), colorSpace='rgb', contrast=1.0, depth=0.0, draggable=False, flipHoriz=False, flipVert=False, font='Arial', fontFiles=[], height=0.05, italic=False, languageStyle='LTR', name='text_6', opacity=1, ori=0.0, pos=array([0., 0.]), rgb=UNKNOWN, text=str(...), units='height', win=Window(...), wrapWidth=1)
10.4826 	EXP 	Created surround_practice = GratingStim(__class__=<class 'psychopy.visual.grating.GratingStim'>, anchor='center', autoDraw=False, autoLog=True, blendmode='avg', color=array([0.2, 0.2, 0.2]), colorSpace='rgb', contrast=0.2, depth=-1.0, draggable=False, interpolate=True, mask='circle', maskParams=None, name='surround_practice', opacity=1, ori=1.0, phase=array([1., 1.]), pos=array([0., 0.]), rgbPedestal=array([0., 0., 0.]), sf=array([2.5, 2.5]), size=array([6., 6.]), tex='sin', texRes=128.0, units='cm', win=Window(...))
10.4839 	EXP 	Created center_practice = GratingStim(__class__=<class 'psychopy.visual.grating.GratingStim'>, anchor='center', autoDraw=False, autoLog=True, blendmode='avg', color=array([1., 1., 1.]), colorSpace='rgb', contrast=1.0, depth=-2.0, draggable=False, interpolate=True, mask='circle', maskParams=None, name='center_practice', opacity=1, ori=1.0, phase=array([1., 1.]), pos=array([0., 0.]), rgbPedestal=array([0., 0., 0.]), sf=array([2.5, 2.5]), size=array([2., 2.]), tex='sin', texRes=128.0, units='cm', win=Window(...))
10.4873 	EXP 	Created text_11 = TextStim(__class__=<class 'psychopy.visual.text.TextStim'>, alignHoriz=method-wrapper(...), alignText='center', alignVert=method-wrapper(...), anchorHoriz='center', anchorVert='center', antialias=True, autoDraw=False, autoLog=True, bold=False, color=array([1., 1., 1.]), colorSpace='rgb', contrast=1.0, depth=-4.0, draggable=False, flipHoriz=False, flipVert=False, font='Arial', fontFiles=[], height=0.05, italic=False, languageStyle='LTR', name='text_11', opacity=1, ori=0.0, pos=array([0., 0.]), rgb=UNKNOWN, text=str(...), units='height', win=Window(...), wrapWidth=1)
10.4878 	EXP 	Created text_7 = TextStim(__class__=<class 'psychopy.visual.text.TextStim'>, alignHoriz=method-wrapper(...), alignText='center', alignVert=method-wrapper(...), anchorHoriz='center', anchorVert='center', antialias=True, autoDraw=False, autoLog=True, bold=False, color=array([1., 1., 1.]), colorSpace='rgb', contrast=1.0, depth=-1.0, draggable=False, flipHoriz=False, flipVert=False, font='Arial', fontFiles=[], height=0.05, italic=False, languageStyle='LTR', name='text_7', opacity=1, ori=0.0, pos=array([0., 0.]), rgb=UNKNOWN, text='', units='height', win=Window(...), wrapWidth=1)
10.4947 	EXP 	Created text_8 = TextStim(__class__=<class 'psychopy.visual.text.TextStim'>, alignHoriz=method-wrapper(...), alignText='center', alignVert=method-wrapper(...), anchorHoriz='center', anchorVert='center', antialias=True, autoDraw=False, autoLog=True, bold=False, color=array([1., 1., 1.]), colorSpace='rgb', contrast=1.0, depth=0.0, draggable=False, flipHoriz=False, flipVert=False, font='Arial', fontFiles=[], height=0.05, italic=False, languageStyle='LTR', name='text_8', opacity=1, ori=0.0, pos=array([0., 0.]), rgb=UNKNOWN, text=str(...), units='height', win=Window(...), wrapWidth=1)
10.4962 	EXP 	Created surround_practice_2 = GratingStim(__class__=<class 'psychopy.visual.grating.GratingStim'>, anchor='center', autoDraw=False, autoLog=True, blendmode='avg', color=array([0.2, 0.2, 0.2]), colorSpace='rgb', contrast=0.2, depth=0.0, draggable=False, interpolate=True, mask='circle', maskParams=None, name='surround_practice_2', opacity=1.0, ori=1.0, phase=array([0., 0.]), pos=array([0., 0.]), rgbPedestal=array([0., 0., 0.]), sf=array([2.5, 2.5]), size=array([6., 6.]), tex='sin', texRes=128.0, units='cm', win=Window(...))
10.4976 	EXP 	Created center_practice_2 = GratingStim(__class__=<class 'psychopy.visual.grating.GratingStim'>, anchor='center', autoDraw=False, autoLog=True, blendmode='avg', color=array([0.2, 0.2, 0.2]), colorSpace='rgb', contrast=0.2, depth=-1.0, draggable=False, interpolate=True, mask='circle', maskParams=None, name='center_practice_2', opacity=1, ori=1.0, phase=array([0., 0.]), pos=array([0., 0.]), rgbPedestal=array([0., 0., 0.]), sf=array([2.5, 2.5]), size=array([2., 2.]), tex='sin', texRes=128.0, units='cm', win=Window(...))
10.4999 	EXP 	Created text_12 = TextStim(__class__=<class 'psychopy.visual.text.TextStim'>, alignHoriz=method-wrapper(...), alignText='center', alignVert=method-wrapper(...), anchorHoriz='center', anchorVert='center', antialias=True, autoDraw=False, autoLog=True, bold=False, color=array([1., 1., 1.]), colorSpace='rgb', contrast=1.0, depth=-3.0, draggable=False, flipHoriz=False, flipVert=False, font='Arial', fontFiles=[], height=0.05, italic=False, languageStyle='LTR', name='text_12', opacity=1, ori=0.0, pos=array([0., 0.]), rgb=UNKNOWN, text=str(...), units='height', win=Window(...), wrapWidth=1)
10.5004 	EXP 	Created text_7 = TextStim(__class__=<class 'psychopy.visual.text.TextStim'>, alignHoriz=method-wrapper(...), alignText='center', alignVert=method-wrapper(...), anchorHoriz='center', anchorVert='center', antialias=True, autoDraw=False, autoLog=True, bold=False, color=array([1., 1., 1.]), colorSpace='rgb', contrast=1.0, depth=-1.0, draggable=False, flipHoriz=False, flipVert=False, font='Arial', fontFiles=[], height=0.05, italic=False, languageStyle='LTR', name='text_7', opacity=1, ori=0.0, pos=array([0., 0.]), rgb=UNKNOWN, text='', units='height', win=Window(...), wrapWidth=1)
10.5050 	EXP 	Created text_13 = TextStim(__class__=<class 'psychopy.visual.text.TextStim'>, alignHoriz=method-wrapper(...), alignText='center', alignVert=method-wrapper(...), anchorHoriz='center', anchorVert='center', antialias=True, autoDraw=False, autoLog=True, bold=False, color=array([1., 1., 1.]), colorSpace='rgb', contrast=1.0, depth=0.0, draggable=False, flipHoriz=False, flipVert=False, font='Arial', fontFiles=[], height=0.05, italic=False, languageStyle='LTR', name='text_13', opacity=1, ori=0.0, pos=array([0., 0.]), rgb=UNKNOWN, text=str(...), units='height', win=Window(...), wrapWidth=1)
10.5064 	EXP 	Created surround_grating = GratingStim(__class__=<class 'psychopy.visual.grating.GratingStim'>, anchor='center', autoDraw=False, autoLog=True, blendmode='avg', color=array([0.2, 0.2, 0.2]), colorSpace='rgb', contrast=0.2, depth=-1.0, draggable=False, interpolate=True, mask='circle', maskParams=None, name='surround_grating', opacity=1.0, ori=1.0, phase=array([1., 1.]), pos=array([0., 0.]), rgbPedestal=array([0., 0., 0.]), sf=array([2.5, 2.5]), size=array([6., 6.]), tex='sin', texRes=128.0, units='cm', win=Window(...))
10.5078 	EXP 	Created center_grating = GratingStim(__class__=<class 'psychopy.visual.grating.GratingStim'>, anchor='center', autoDraw=False, autoLog=True, blendmode='avg', color=array([0.2, 0.2, 0.2]), colorSpace='rgb', contrast=0.2, depth=-2.0, draggable=False, interpolate=True, mask='circle', maskParams=None, name='center_grating', opacity=1, ori=1.0, phase=array([1., 1.]), pos=array([0., 0.]), rgbPedestal=array([0., 0., 0.]), sf=array([2.5, 2.5]), size=array([2., 2.]), tex='sin', texRes=128.0, units='cm', win=Window(...))
10.5102 	EXP 	Created text_4 = TextStim(__class__=<class 'psychopy.visual.text.TextStim'>, alignHoriz=method-wrapper(...), alignText='center', alignVert=method-wrapper(...), anchorHoriz='center', anchorVert='center', antialias=True, autoDraw=False, autoLog=True, bold=False, color=array([1., 1., 1.]), colorSpace='rgb', contrast=1.0, depth=-4.0, draggable=False, flipHoriz=False, flipVert=False, font='Arial', fontFiles=[], height=0.05, italic=False, languageStyle='LTR', name='text_4', opacity=1, ori=0.0, pos=array([0., 0.]), rgb=UNKNOWN, text=str(...), units='height', win=Window(...), wrapWidth=1)
10.5121 	EXP 	Created text_14 = TextStim(__class__=<class 'psychopy.visual.text.TextStim'>, alignHoriz=method-wrapper(...), alignText='center', alignVert=method-wrapper(...), anchorHoriz='center', anchorVert='center', antialias=True, autoDraw=False, autoLog=True, bold=False, color=array([1., 1., 1.]), colorSpace='rgb', contrast=1.0, depth=0.0, draggable=False, flipHoriz=False, flipVert=False, font='Arial', fontFiles=[], height=0.05, italic=False, languageStyle='LTR', name='text_14', opacity=1, ori=0.0, pos=array([0., 0.]), rgb=UNKNOWN, text='thank you and have a pleasant day ', units='height', win=Window(...), wrapWidth=1)
0.0179 	INFO 	Keyboard events cleared
0.0176 	EXP 	text_5: autoDraw = True
1.1315 	DATA 	Keypress: space
1.1351 	INFO 	Keyboard events cleared
1.1348 	WARNING 	t of last frame was 40.13ms (=1/24)
1.1348 	EXP 	text_5: autoDraw = False
1.1348 	EXP 	surround_practice_3: phase = array([0., 0.])
1.1348 	EXP 	center_practice_3: phase = array([0., 0.])
1.1348 	EXP 	surround_practice_3: autoDraw = True
1.1348 	EXP 	center_practice_3: autoDraw = True
1.1348 	EXP 	surround_practice_3: tex = 'sin'
1.1348 	EXP 	center_practice_3: tex = 'sin'
2.4502 	DATA 	Keypress: space
2.4529 	INFO 	Keyboard events cleared
2.4527 	EXP 	surround_practice_3: autoDraw = False
2.4527 	EXP 	center_practice_3: autoDraw = False
2.4527 	EXP 	surround_practice_4: phase = array([0., 0.])
2.4527 	EXP 	center_practice_4: phase = array([0., 0.])
2.4527 	EXP 	surround_practice_4: autoDraw = True
2.4527 	EXP 	center_practice_4: autoDraw = True
2.4527 	EXP 	surround_practice_4: tex = 'sin'
2.4527 	EXP 	center_practice_4: tex = 'sin'
18.8349 	DATA 	Keypress: escape
18.8379 	WARNING 	t of last frame was 26.26ms (=1/38)
18.9926 	EXP 	tilt_mocs: status = STOPPED
18.9947 	EXP 	surround_practice_4: autoDraw = False
18.9947 	EXP 	center_practice_4: autoDraw = False
18.9962 	EXP 	tilt_mocs: status = STOPPED
18.9982 	INFO 	saved data to '/Users/bwinsto2/Downloads/tilt_mocs/data/807138_tilt_mocs_2025-08-19_17h20.08.317.csv'
18.9986 	INFO 	saved data to /Users/bwinsto2/Downloads/tilt_mocs/data/807138_tilt_mocs_2025-08-19_17h20.08.317.psydat
19.2663 	DEBUG 	Saving data for tilt_mocs ExperimentHandler
