14.2721 	DEBUG 	Fullscreen settings ignored as running in pilot mode.
14.2773 	INFO 	Loaded monitor calibration from ['2025_08_13 14:32']
14.5516 	EXP 	Created window1 = Window(allowGUI=False, allowStencil=False, autoLog=True, backendConf=UNKNOWN, backgroundFit=<method-wrapper '__getattribute__' of attributeSetter object at 0x7f8e0226ccd0>, backgroundImage=<method-wrapper '__getattribute__' of attributeSetter object at 0x7f8e0226cbe0>, bitsMode=UNKNOWN, blendMode='avg', bpc=(8, 8, 8), color=array([0, 0, 0]), colorSpace='rgb', depthBits=8, fullscr=False, gamma=None, gammaErrorPolicy='raise', infoMsg=UNKNOWN, lms=UNKNOWN, monitor=<psychopy.monitors.calibTools.Monitor object at 0x7f8df1df0700>, multiSample=False, name='window1', numSamples=2, pos=[320.0, 150.0], screen=0, size=array([1600, 1200]), stencilBits=0, stereo=False, title='PsychoPy', units='height', useFBO=True, useRetina=True, viewOri=0.0, viewPos=None, viewScale=None, waitBlanking=True, winType='pyglet')
14.5517 	EXP 	window1: backgroundImage = ''
14.5517 	EXP 	window1: backgroundFit = 'none'
14.5672 	DEBUG 	TextBox2 loaded 1 chars with 0 blanks and 1 valid
14.5680 	DEBUG 	TextBox2 loaded 1 chars with 0 blanks and 1 valid
14.5688 	DEBUG 	TextBox2 loaded 1 chars with 0 blanks and 1 valid
14.5698 	DEBUG 	TextBox2 loaded 1 chars with 0 blanks and 1 valid
14.5707 	DEBUG 	TextBox2 loaded 1 chars with 0 blanks and 1 valid
14.5712 	DEBUG 	TextBox2 loaded 1 chars with 0 blanks and 1 valid
14.5719 	DEBUG 	TextBox2 loaded 1 chars with 0 blanks and 1 valid
14.5729 	DEBUG 	TextBox2 loaded 1 chars with 0 blanks and 1 valid
14.5732 	DEBUG 	TextBox2 loaded 1 chars with 0 blanks and 1 valid
14.5736 	DEBUG 	TextBox2 loaded 1 chars with 0 blanks and 1 valid
14.5743 	DEBUG 	TextBox2 loaded 1 chars with 0 blanks and 1 valid
14.5751 	DEBUG 	TextBox2 loaded 1 chars with 0 blanks and 1 valid
14.5757 	DEBUG 	TextBox2 loaded 1 chars with 0 blanks and 1 valid
14.5764 	DEBUG 	TextBox2 loaded 1 chars with 0 blanks and 1 valid
14.5771 	DEBUG 	TextBox2 loaded 1 chars with 0 blanks and 1 valid
14.5778 	DEBUG 	TextBox2 loaded 1 chars with 0 blanks and 1 valid
14.5785 	DEBUG 	TextBox2 loaded 1 chars with 0 blanks and 1 valid
14.5789 	DEBUG 	TextBox2 loaded 1 chars with 0 blanks and 1 valid
14.5794 	DEBUG 	TextBox2 loaded 1 chars with 0 blanks and 1 valid
14.5803 	DEBUG 	TextBox2 loaded 1 chars with 0 blanks and 1 valid
14.5807 	DEBUG 	TextBox2 loaded 1 chars with 0 blanks and 1 valid
14.5810 	DEBUG 	Uploading Texture Font fontname to graphics card
14.5847 	DEBUG 	Upload of Texture Font fontname complete
14.5902 	DEBUG 	TextBox2 loaded 1 chars with 0 blanks and 1 valid
14.5912 	DEBUG 	TextBox2 loaded 1 chars with 0 blanks and 1 valid
14.5921 	DEBUG 	TextBox2 loaded 1 chars with 0 blanks and 1 valid
14.5923 	DEBUG 	Uploading Texture Font fontname to graphics card
14.5943 	DEBUG 	Upload of Texture Font fontname complete
14.5960 	EXP 	window1: Attempting to measure frame rate of screen (0) ...
14.5960 	EXP 	window1: recordFrameIntervals = False
14.8589 	EXP 	window1: recordFrameIntervals = True
15.6929 	WARNING 	Couldn't measure a consistent frame rate!
  - Is your graphics card set to sync to vertical blank?
  - Are you running other processes on your computer?

15.6997 	DEBUG 	TextBox2 loaded 1 chars with 0 blanks and 1 valid
15.7004 	DEBUG 	TextBox2 loaded 1 chars with 0 blanks and 1 valid
15.7014 	DEBUG 	TextBox2 loaded 1 chars with 0 blanks and 1 valid
15.7025 	DEBUG 	TextBox2 loaded 1 chars with 0 blanks and 1 valid
15.7035 	DEBUG 	TextBox2 loaded 1 chars with 0 blanks and 1 valid
15.7046 	DEBUG 	TextBox2 loaded 1 chars with 0 blanks and 1 valid
15.7052 	DEBUG 	TextBox2 loaded 1 chars with 0 blanks and 1 valid
15.7062 	DEBUG 	TextBox2 loaded 1 chars with 0 blanks and 1 valid
15.7072 	DEBUG 	TextBox2 loaded 1 chars with 0 blanks and 1 valid
15.7082 	DEBUG 	TextBox2 loaded 1 chars with 0 blanks and 1 valid
15.7084 	DEBUG 	Uploading Texture Font fontname to graphics card
15.7107 	DEBUG 	Upload of Texture Font fontname complete
15.7786 	WARNING 	launchHubServer: If using the iohub mouse or eyetracker devices, fullScr should be True.
22.2611 	INFO 	keyboard.Keyboard is using iohub backend.
22.2611 	INFO 	keyboard.Keyboard is using iohub backend.
22.2611 	INFO 	keyboard.Keyboard is using iohub backend.
22.2612 	INFO 	keyboard.Keyboard is using iohub backend.
22.2612 	INFO 	keyboard.Keyboard is using iohub backend.
22.2612 	INFO 	keyboard.Keyboard is using iohub backend.
22.2612 	INFO 	keyboard.Keyboard is using iohub backend.
22.2612 	INFO 	keyboard.Keyboard is using iohub backend.
22.2613 	INFO 	keyboard.Keyboard is using iohub backend.
22.2613 	INFO 	keyboard.Keyboard is using iohub backend.
22.2613 	INFO 	keyboard.Keyboard is using iohub backend.
22.2613 	EXP 	tilt_mocs: status = STARTED
22.3482 	EXP 	Created text_5 = TextStim(__class__=<class 'psychopy.visual.text.TextStim'>, alignHoriz=method-wrapper(...), alignText='center', alignVert=method-wrapper(...), anchorHoriz='center', anchorVert='center', antialias=True, autoDraw=False, autoLog=True, bold=False, color=array([1., 1., 1.]), colorSpace='rgb', contrast=1.0, depth=0.0, draggable=False, flipHoriz=False, flipVert=False, font='Arial', fontFiles=[], height=0.05, italic=False, languageStyle='LTR', name='text_5', opacity=1, ori=0.0, pos=array([0., 0.]), rgb=UNKNOWN, text=str(...), units='height', win=Window(...), wrapWidth=1)
22.3504 	EXP 	Created surround_practice_3 = GratingStim(__class__=<class 'psychopy.visual.grating.GratingStim'>, anchor='center', autoDraw=False, autoLog=True, blendmode='avg', color=array([1., 1., 1.]), colorSpace='rgb', contrast=1.0, depth=-1.0, draggable=False, interpolate=True, mask='circle', maskParams=None, name='surround_practice_3', opacity=1, ori=15.0, phase=array([1., 1.]), pos=array([0., 0.]), rgbPedestal=array([0., 0., 0.]), sf=array([2.5, 2.5]), size=array([6., 6.]), tex='sin', texRes=128.0, units='cm', win=Window(...))
22.3519 	EXP 	Created center_practice_3 = GratingStim(__class__=<class 'psychopy.visual.grating.GratingStim'>, anchor='center', autoDraw=False, autoLog=True, blendmode='avg', color=array([0.2, 0.2, 0.2]), colorSpace='rgb', contrast=0.2, depth=-2.0, draggable=False, interpolate=True, mask='circle', maskParams=None, name='center_practice_3', opacity=1, ori=15.0, phase=array([1., 1.]), pos=array([0., 0.]), rgbPedestal=array([0., 0., 0.]), sf=array([2.5, 2.5]), size=array([2., 2.]), tex='sin', texRes=128.0, units='cm', win=Window(...))
22.3533 	EXP 	Created surround_practice_4 = GratingStim(__class__=<class 'psychopy.visual.grating.GratingStim'>, anchor='center', autoDraw=False, autoLog=True, blendmode='avg', color=array([1., 1., 1.]), colorSpace='rgb', contrast=1.0, depth=-1.0, draggable=False, interpolate=True, mask='circle', maskParams=None, name='surround_practice_4', opacity=1, ori=15.0, phase=array([1., 1.]), pos=array([0., 0.]), rgbPedestal=array([0., 0., 0.]), sf=array([10., 10.]), size=array([0.9, 0.9]), tex='sin', texRes=128.0, units='height', win=Window(...))
22.3547 	EXP 	Created center_practice_4 = GratingStim(__class__=<class 'psychopy.visual.grating.GratingStim'>, anchor='center', autoDraw=False, autoLog=True, blendmode='avg', color=array([0.2, 0.2, 0.2]), colorSpace='rgb', contrast=0.2, depth=-2.0, draggable=False, interpolate=True, mask='circle', maskParams=None, name='center_practice_4', opacity=1, ori=15.0, phase=array([1., 1.]), pos=array([0., 0.]), rgbPedestal=array([0., 0., 0.]), sf=array([7., 7.]), size=array([0.3, 0.3]), tex='sin', texRes=128.0, units='height', win=Window(...))
22.3620 	EXP 	Created text_6 = TextStim(__class__=<class 'psychopy.visual.text.TextStim'>, alignHoriz=method-wrapper(...), alignText='center', alignVert=method-wrapper(...), anchorHoriz='center', anchorVert='center', antialias=True, autoDraw=False, autoLog=True, bold=False, color=array([1., 1., 1.]), colorSpace='rgb', contrast=1.0, depth=0.0, draggable=False, flipHoriz=False, flipVert=False, font='Arial', fontFiles=[], height=0.05, italic=False, languageStyle='LTR', name='text_6', opacity=1, ori=0.0, pos=array([0., 0.]), rgb=UNKNOWN, text=str(...), units='height', win=Window(...), wrapWidth=1)
22.3635 	EXP 	Created surround_practice = GratingStim(__class__=<class 'psychopy.visual.grating.GratingStim'>, anchor='center', autoDraw=False, autoLog=True, blendmode='avg', color=array([0.2, 0.2, 0.2]), colorSpace='rgb', contrast=0.2, depth=-1.0, draggable=False, interpolate=True, mask='circle', maskParams=None, name='surround_practice', opacity=1, ori=1.0, phase=array([1., 1.]), pos=array([0., 0.]), rgbPedestal=array([0., 0., 0.]), sf=array([2.5, 2.5]), size=array([6., 6.]), tex='sin', texRes=128.0, units='cm', win=Window(...))
22.3650 	EXP 	Created center_practice = GratingStim(__class__=<class 'psychopy.visual.grating.GratingStim'>, anchor='center', autoDraw=False, autoLog=True, blendmode='avg', color=array([1., 1., 1.]), colorSpace='rgb', contrast=1.0, depth=-2.0, draggable=False, interpolate=True, mask='circle', maskParams=None, name='center_practice', opacity=1, ori=1.0, phase=array([1., 1.]), pos=array([0., 0.]), rgbPedestal=array([0., 0., 0.]), sf=array([2.5, 2.5]), size=array([2., 2.]), tex='sin', texRes=128.0, units='cm', win=Window(...))
22.3686 	EXP 	Created text_11 = TextStim(__class__=<class 'psychopy.visual.text.TextStim'>, alignHoriz=method-wrapper(...), alignText='center', alignVert=method-wrapper(...), anchorHoriz='center', anchorVert='center', antialias=True, autoDraw=False, autoLog=True, bold=False, color=array([1., 1., 1.]), colorSpace='rgb', contrast=1.0, depth=-4.0, draggable=False, flipHoriz=False, flipVert=False, font='Arial', fontFiles=[], height=0.05, italic=False, languageStyle='LTR', name='text_11', opacity=1, ori=0.0, pos=array([0., 0.]), rgb=UNKNOWN, text=str(...), units='height', win=Window(...), wrapWidth=1)
22.3691 	EXP 	Created text_7 = TextStim(__class__=<class 'psychopy.visual.text.TextStim'>, alignHoriz=method-wrapper(...), alignText='center', alignVert=method-wrapper(...), anchorHoriz='center', anchorVert='center', antialias=True, autoDraw=False, autoLog=True, bold=False, color=array([1., 1., 1.]), colorSpace='rgb', contrast=1.0, depth=-1.0, draggable=False, flipHoriz=False, flipVert=False, font='Arial', fontFiles=[], height=0.05, italic=False, languageStyle='LTR', name='text_7', opacity=1, ori=0.0, pos=array([0., 0.]), rgb=UNKNOWN, text='', units='height', win=Window(...), wrapWidth=1)
22.3765 	EXP 	Created text_8 = TextStim(__class__=<class 'psychopy.visual.text.TextStim'>, alignHoriz=method-wrapper(...), alignText='center', alignVert=method-wrapper(...), anchorHoriz='center', anchorVert='center', antialias=True, autoDraw=False, autoLog=True, bold=False, color=array([1., 1., 1.]), colorSpace='rgb', contrast=1.0, depth=0.0, draggable=False, flipHoriz=False, flipVert=False, font='Arial', fontFiles=[], height=0.05, italic=False, languageStyle='LTR', name='text_8', opacity=1, ori=0.0, pos=array([0., 0.]), rgb=UNKNOWN, text=str(...), units='height', win=Window(...), wrapWidth=1)
22.3781 	EXP 	Created surround_practice_2 = GratingStim(__class__=<class 'psychopy.visual.grating.GratingStim'>, anchor='center', autoDraw=False, autoLog=True, blendmode='avg', color=array([0.2, 0.2, 0.2]), colorSpace='rgb', contrast=0.2, depth=0.0, draggable=False, interpolate=True, mask='circle', maskParams=None, name='surround_practice_2', opacity=1.0, ori=1.0, phase=array([0., 0.]), pos=array([0., 0.]), rgbPedestal=array([0., 0., 0.]), sf=array([2.5, 2.5]), size=array([6., 6.]), tex='sin', texRes=128.0, units='cm', win=Window(...))
22.3796 	EXP 	Created center_practice_2 = GratingStim(__class__=<class 'psychopy.visual.grating.GratingStim'>, anchor='center', autoDraw=False, autoLog=True, blendmode='avg', color=array([0.2, 0.2, 0.2]), colorSpace='rgb', contrast=0.2, depth=-1.0, draggable=False, interpolate=True, mask='circle', maskParams=None, name='center_practice_2', opacity=1, ori=1.0, phase=array([0., 0.]), pos=array([0., 0.]), rgbPedestal=array([0., 0., 0.]), sf=array([2.5, 2.5]), size=array([2., 2.]), tex='sin', texRes=128.0, units='cm', win=Window(...))
22.3820 	EXP 	Created text_12 = TextStim(__class__=<class 'psychopy.visual.text.TextStim'>, alignHoriz=method-wrapper(...), alignText='center', alignVert=method-wrapper(...), anchorHoriz='center', anchorVert='center', antialias=True, autoDraw=False, autoLog=True, bold=False, color=array([1., 1., 1.]), colorSpace='rgb', contrast=1.0, depth=-3.0, draggable=False, flipHoriz=False, flipVert=False, font='Arial', fontFiles=[], height=0.05, italic=False, languageStyle='LTR', name='text_12', opacity=1, ori=0.0, pos=array([0., 0.]), rgb=UNKNOWN, text=str(...), units='height', win=Window(...), wrapWidth=1)
22.3826 	EXP 	Created text_7 = TextStim(__class__=<class 'psychopy.visual.text.TextStim'>, alignHoriz=method-wrapper(...), alignText='center', alignVert=method-wrapper(...), anchorHoriz='center', anchorVert='center', antialias=True, autoDraw=False, autoLog=True, bold=False, color=array([1., 1., 1.]), colorSpace='rgb', contrast=1.0, depth=-1.0, draggable=False, flipHoriz=False, flipVert=False, font='Arial', fontFiles=[], height=0.05, italic=False, languageStyle='LTR', name='text_7', opacity=1, ori=0.0, pos=array([0., 0.]), rgb=UNKNOWN, text='', units='height', win=Window(...), wrapWidth=1)
22.3873 	EXP 	Created text_13 = TextStim(__class__=<class 'psychopy.visual.text.TextStim'>, alignHoriz=method-wrapper(...), alignText='center', alignVert=method-wrapper(...), anchorHoriz='center', anchorVert='center', antialias=True, autoDraw=False, autoLog=True, bold=False, color=array([1., 1., 1.]), colorSpace='rgb', contrast=1.0, depth=0.0, draggable=False, flipHoriz=False, flipVert=False, font='Arial', fontFiles=[], height=0.05, italic=False, languageStyle='LTR', name='text_13', opacity=1, ori=0.0, pos=array([0., 0.]), rgb=UNKNOWN, text=str(...), units='height', win=Window(...), wrapWidth=1)
22.3888 	EXP 	Created surround_grating = GratingStim(__class__=<class 'psychopy.visual.grating.GratingStim'>, anchor='center', autoDraw=False, autoLog=True, blendmode='avg', color=array([0.2, 0.2, 0.2]), colorSpace='rgb', contrast=0.2, depth=-1.0, draggable=False, interpolate=True, mask='circle', maskParams=None, name='surround_grating', opacity=1.0, ori=1.0, phase=array([1., 1.]), pos=array([0., 0.]), rgbPedestal=array([0., 0., 0.]), sf=array([2.5, 2.5]), size=array([6., 6.]), tex='sin', texRes=128.0, units='cm', win=Window(...))
22.3903 	EXP 	Created center_grating = GratingStim(__class__=<class 'psychopy.visual.grating.GratingStim'>, anchor='center', autoDraw=False, autoLog=True, blendmode='avg', color=array([0.2, 0.2, 0.2]), colorSpace='rgb', contrast=0.2, depth=-2.0, draggable=False, interpolate=True, mask='circle', maskParams=None, name='center_grating', opacity=1, ori=1.0, phase=array([1., 1.]), pos=array([0., 0.]), rgbPedestal=array([0., 0., 0.]), sf=array([2.5, 2.5]), size=array([2., 2.]), tex='sin', texRes=128.0, units='cm', win=Window(...))
22.3927 	EXP 	Created text_4 = TextStim(__class__=<class 'psychopy.visual.text.TextStim'>, alignHoriz=method-wrapper(...), alignText='center', alignVert=method-wrapper(...), anchorHoriz='center', anchorVert='center', antialias=True, autoDraw=False, autoLog=True, bold=False, color=array([1., 1., 1.]), colorSpace='rgb', contrast=1.0, depth=-4.0, draggable=False, flipHoriz=False, flipVert=False, font='Arial', fontFiles=[], height=0.05, italic=False, languageStyle='LTR', name='text_4', opacity=1, ori=0.0, pos=array([0., 0.]), rgb=UNKNOWN, text=str(...), units='height', win=Window(...), wrapWidth=1)
22.3946 	EXP 	Created text_14 = TextStim(__class__=<class 'psychopy.visual.text.TextStim'>, alignHoriz=method-wrapper(...), alignText='center', alignVert=method-wrapper(...), anchorHoriz='center', anchorVert='center', antialias=True, autoDraw=False, autoLog=True, bold=False, color=array([1., 1., 1.]), colorSpace='rgb', contrast=1.0, depth=0.0, draggable=False, flipHoriz=False, flipVert=False, font='Arial', fontFiles=[], height=0.05, italic=False, languageStyle='LTR', name='text_14', opacity=1, ori=0.0, pos=array([0., 0.]), rgb=UNKNOWN, text='thank you and have a pleasant day ', units='height', win=Window(...), wrapWidth=1)
0.0366 	INFO 	Keyboard events cleared
0.0363 	WARNING 	t of last frame was 30.88ms (=1/32)
0.0363 	EXP 	text_5: autoDraw = True
0.7320 	DATA 	Keypress: space
0.7363 	INFO 	Keyboard events cleared
0.7360 	WARNING 	t of last frame was 38.29ms (=1/26)
0.7360 	EXP 	text_5: autoDraw = False
0.7360 	EXP 	surround_practice_3: phase = array([0., 0.])
0.7360 	EXP 	center_practice_3: phase = array([0., 0.])
0.7360 	EXP 	surround_practice_3: autoDraw = True
0.7360 	EXP 	center_practice_3: autoDraw = True
0.7360 	EXP 	surround_practice_3: tex = 'sin'
0.7360 	EXP 	center_practice_3: tex = 'sin'
2.1565 	DATA 	Keypress: space
2.1597 	INFO 	Keyboard events cleared
2.1593 	EXP 	surround_practice_3: autoDraw = False
2.1593 	EXP 	center_practice_3: autoDraw = False
2.1593 	EXP 	surround_practice_4: phase = array([0., 0.])
2.1593 	EXP 	center_practice_4: phase = array([0., 0.])
2.1593 	EXP 	surround_practice_4: autoDraw = True
2.1593 	EXP 	center_practice_4: autoDraw = True
2.1593 	EXP 	surround_practice_4: tex = 'sin'
2.1593 	EXP 	center_practice_4: tex = 'sin'
11.1067 	WARNING 	t of last frame was 25.35ms (=1/39)
11.3055 	WARNING 	t of last frame was 23.40ms (=1/42)
12.6694 	WARNING 	Multiple dropped frames have occurred - I'll stop bothering you about them!
36.1339 	DATA 	Keypress: escape
36.2663 	EXP 	tilt_mocs: status = STOPPED
36.2690 	EXP 	surround_practice_4: autoDraw = False
36.2690 	EXP 	center_practice_4: autoDraw = False
36.2705 	EXP 	tilt_mocs: status = STOPPED
36.2744 	INFO 	saved data to '/Users/bwinsto2/Downloads/tilt_mocs/data/932559_tilt_mocs_2025-08-19_17h16.39.087.csv'
36.2750 	INFO 	saved data to /Users/bwinsto2/Downloads/tilt_mocs/data/932559_tilt_mocs_2025-08-19_17h16.39.087.psydat
36.4962 	DEBUG 	Saving data for tilt_mocs ExperimentHandler
