6.6666 	DEBUG 	Fullscreen settings ignored as running in pilot mode.
6.6683 	INFO 	Loaded monitor calibration from ['2025_08_13 14:32']
6.8656 	EXP 	Created window1 = Window(allowGUI=False, allowStencil=False, autoLog=True, backendConf=UNKNOWN, backgroundFit=<method-wrapper '__getattribute__' of attributeSetter object at 0x7fddb1be7bb0>, backgroundImage=<method-wrapper '__getattribute__' of attributeSetter object at 0x7fddb1be7ac0>, bitsMode=UNKNOWN, blendMode='avg', bpc=(8, 8, 8), color=array([0, 0, 0]), colorSpace='rgb', depthBits=8, fullscr=False, gamma=None, gammaErrorPolicy='raise', infoMsg=UNKNOWN, lms=UNKNOWN, monitor=<psychopy.monitors.calibTools.Monitor object at 0x7fddb1c11550>, multiSample=False, name='window1', numSamples=2, pos=[320.0, 150.0], screen=0, size=array([1600, 1200]), stencilBits=0, stereo=False, title='PsychoPy', units='deg', useFBO=True, useRetina=True, viewOri=0.0, viewPos=None, viewScale=None, waitBlanking=True, winType='pyglet')
6.8657 	EXP 	window1: backgroundImage = ''
6.8657 	EXP 	window1: backgroundFit = 'none'
6.8940 	DEBUG 	TextBox2 loaded 1 chars with 0 blanks and 1 valid
6.8949 	DEBUG 	TextBox2 loaded 1 chars with 0 blanks and 1 valid
6.8958 	DEBUG 	TextBox2 loaded 1 chars with 0 blanks and 1 valid
6.8968 	DEBUG 	TextBox2 loaded 1 chars with 0 blanks and 1 valid
6.8977 	DEBUG 	TextBox2 loaded 1 chars with 0 blanks and 1 valid
6.8983 	DEBUG 	TextBox2 loaded 1 chars with 0 blanks and 1 valid
6.8991 	DEBUG 	TextBox2 loaded 1 chars with 0 blanks and 1 valid
6.9000 	DEBUG 	TextBox2 loaded 1 chars with 0 blanks and 1 valid
6.9007 	DEBUG 	TextBox2 loaded 1 chars with 0 blanks and 1 valid
6.9011 	DEBUG 	TextBox2 loaded 1 chars with 0 blanks and 1 valid
6.9019 	DEBUG 	TextBox2 loaded 1 chars with 0 blanks and 1 valid
6.9027 	DEBUG 	TextBox2 loaded 1 chars with 0 blanks and 1 valid
6.9074 	DEBUG 	TextBox2 loaded 1 chars with 0 blanks and 1 valid
6.9083 	DEBUG 	TextBox2 loaded 1 chars with 0 blanks and 1 valid
6.9090 	DEBUG 	TextBox2 loaded 1 chars with 0 blanks and 1 valid
6.9098 	DEBUG 	TextBox2 loaded 1 chars with 0 blanks and 1 valid
6.9106 	DEBUG 	TextBox2 loaded 1 chars with 0 blanks and 1 valid
6.9112 	DEBUG 	TextBox2 loaded 1 chars with 0 blanks and 1 valid
6.9117 	DEBUG 	TextBox2 loaded 1 chars with 0 blanks and 1 valid
6.9128 	DEBUG 	TextBox2 loaded 1 chars with 0 blanks and 1 valid
6.9133 	DEBUG 	TextBox2 loaded 1 chars with 0 blanks and 1 valid
6.9138 	DEBUG 	Uploading Texture Font fontname to graphics card
6.9181 	DEBUG 	Upload of Texture Font fontname complete
6.9244 	DEBUG 	TextBox2 loaded 1 chars with 0 blanks and 1 valid
6.9254 	DEBUG 	TextBox2 loaded 1 chars with 0 blanks and 1 valid
6.9264 	DEBUG 	TextBox2 loaded 1 chars with 0 blanks and 1 valid
6.9266 	DEBUG 	Uploading Texture Font fontname to graphics card
6.9287 	DEBUG 	Upload of Texture Font fontname complete
6.9303 	EXP 	window1: Attempting to measure frame rate of screen (0) ...
6.9303 	EXP 	window1: recordFrameIntervals = False
7.2437 	EXP 	window1: recordFrameIntervals = True
8.0775 	WARNING 	Couldn't measure a consistent frame rate!
  - Is your graphics card set to sync to vertical blank?
  - Are you running other processes on your computer?

8.0866 	DEBUG 	TextBox2 loaded 1 chars with 0 blanks and 1 valid
8.0877 	DEBUG 	TextBox2 loaded 1 chars with 0 blanks and 1 valid
8.0892 	DEBUG 	TextBox2 loaded 1 chars with 0 blanks and 1 valid
8.0975 	DEBUG 	TextBox2 loaded 1 chars with 0 blanks and 1 valid
8.0995 	DEBUG 	TextBox2 loaded 1 chars with 0 blanks and 1 valid
8.1011 	DEBUG 	TextBox2 loaded 1 chars with 0 blanks and 1 valid
8.1019 	DEBUG 	TextBox2 loaded 1 chars with 0 blanks and 1 valid
8.1037 	DEBUG 	TextBox2 loaded 1 chars with 0 blanks and 1 valid
8.1052 	DEBUG 	TextBox2 loaded 1 chars with 0 blanks and 1 valid
8.1067 	DEBUG 	TextBox2 loaded 1 chars with 0 blanks and 1 valid
8.1071 	DEBUG 	Uploading Texture Font fontname to graphics card
8.1111 	DEBUG 	Upload of Texture Font fontname complete
8.1820 	WARNING 	launchHubServer: If using the iohub mouse or eyetracker devices, fullScr should be True.
18.5993 	INFO 	keyboard.Keyboard is using iohub backend.
18.5993 	INFO 	keyboard.Keyboard is using iohub backend.
18.5993 	INFO 	keyboard.Keyboard is using iohub backend.
18.5994 	EXP 	tilt_staircase: status = STARTED
18.6081 	EXP 	Created surround = GratingStim(__class__=<class 'psychopy.visual.grating.GratingStim'>, anchor='center', autoDraw=False, autoLog=True, blendmode='avg', color=array([1., 1., 1.]), colorSpace='rgb', contrast=1.0, depth=-1.0, draggable=False, interpolate=True, mask='circle', maskParams=None, name='surround', opacity=1, ori=1.0, phase=array([0., 0.]), pos=array([0., 0.]), rgbPedestal=array([0., 0., 0.]), sf=array([1.5, 1.5]), size=array([5., 5.]), tex='sin', texRes=128.0, units='deg', win=Window(...))
18.6097 	EXP 	Created center = GratingStim(__class__=<class 'psychopy.visual.grating.GratingStim'>, anchor='center', autoDraw=False, autoLog=True, blendmode='avg', color=array([1., 1., 1.]), colorSpace='rgb', contrast=1.0, depth=-2.0, draggable=False, interpolate=True, mask='circle', maskParams=None, name='center', opacity=1, ori=1.0, phase=array([0., 0.]), pos=array([0., 0.]), rgbPedestal=array([0., 0., 0.]), sf=array([1.5, 1.5]), size=array([2., 2.]), tex='sin', texRes=128.0, units='deg', win=Window(...))
18.7295 	EXP 	Created text_2 = TextStim(__class__=<class 'psychopy.visual.text.TextStim'>, alignHoriz=method-wrapper(...), alignText='center', alignVert=method-wrapper(...), anchorHoriz='center', anchorVert='center', antialias=True, autoDraw=False, autoLog=True, bold=False, color=array([1., 1., 1.]), colorSpace='rgb', contrast=1.0, depth=-4.0, draggable=False, flipHoriz=False, flipVert=False, font='Arial', fontFiles=[], height=0.05, italic=False, languageStyle='LTR', name='text_2', opacity=1, ori=0.0, pos=array([0., 0.]), rgb=UNKNOWN, text='+', units='deg', win=Window(...), wrapWidth=15.0)
18.7380 	EXP 	Created text_3 = TextStim(__class__=<class 'psychopy.visual.text.TextStim'>, alignHoriz=method-wrapper(...), alignText='center', alignVert=method-wrapper(...), anchorHoriz='center', anchorVert='center', antialias=True, autoDraw=False, autoLog=True, bold=False, color=array([1., 1., 1.]), colorSpace='rgb', contrast=1.0, depth=-5.0, draggable=False, flipHoriz=False, flipVert=False, font='Arial', fontFiles=[], height=0.05, italic=False, languageStyle='LTR', name='text_3', opacity=1, ori=0.0, pos=array([0., 0.]), rgb=UNKNOWN, text=str(...), units='deg', win=Window(...), wrapWidth=15.0)
18.7433 	EXP 	Created text_4 = TextStim(__class__=<class 'psychopy.visual.text.TextStim'>, alignHoriz=method-wrapper(...), alignText='center', alignVert=method-wrapper(...), anchorHoriz='center', anchorVert='center', antialias=True, autoDraw=False, autoLog=True, bold=False, color=array([1., 1., 1.]), colorSpace='rgb', contrast=1.0, depth=0.0, draggable=False, flipHoriz=False, flipVert=False, font='Arial', fontFiles=[], height=0.05, italic=False, languageStyle='LTR', name='text_4', opacity=1, ori=0.0, pos=array([0., 0.]), rgb=UNKNOWN, text='thank you and have a pleasant day ', units='deg', win=Window(...), wrapWidth=15.0)
0.0718 	DEBUG 	Read csv file with pandas: tilt_staircase.csv
0.0747 	DEBUG 	Clearing unnamed columns from tilt_staircase.csv
0.0753 	EXP 	Imported tilt_staircase.csv as conditions, 2 conditions, 10 params
0.1792 	DEBUG 	Using /Applications/PsychoPy.app/Contents/Resources/lib/python3.8/psychopy/data/staircase.py as origin file
0.1794 	DEBUG 	Using /Applications/PsychoPy.app/Contents/Resources/lib/python3.8/psychopy/data/staircase.py as origin file
0.1956 	INFO 	Keyboard events cleared
0.1943 	WARNING 	t of last frame was 167.95ms (=1/5)
0.1943 	EXP 	surround: ori = 50.0
0.1943 	EXP 	center: ori = 20.0
0.1943 	EXP 	text_2: autoDraw = True
0.4938 	EXP 	surround: autoDraw = True
0.4938 	EXP 	center: autoDraw = True
0.4938 	EXP 	surround: tex = 'sin'
0.4938 	EXP 	center: tex = 'sin'
0.5722 	EXP 	surround: autoDraw = False
0.5722 	EXP 	center: autoDraw = False
0.5722 	EXP 	text_3: autoDraw = True
0.6896 	EXP 	text_2: autoDraw = False
4.1591 	DATA 	Keypress: left
4.1638 	INFO 	Keyboard events cleared
4.1635 	WARNING 	t of last frame was 162.15ms (=1/6)
4.1635 	EXP 	surround: autoDraw = False
4.1635 	EXP 	center: autoDraw = False
4.1635 	EXP 	text_2: autoDraw = False
4.1635 	EXP 	text_3: autoDraw = False
4.1635 	EXP 	surround: ori = 10.0
4.1635 	EXP 	center: ori = -20.0
4.1635 	EXP 	text_2: autoDraw = True
4.1837 	WARNING 	t of last frame was 20.20ms (=1/49)
4.5384 	EXP 	surround: autoDraw = True
4.5384 	EXP 	center: autoDraw = True
4.6171 	EXP 	surround: autoDraw = False
4.6171 	EXP 	center: autoDraw = False
4.6218 	EXP 	text_3: autoDraw = True
4.6547 	EXP 	text_2: autoDraw = False
5.5270 	WARNING 	t of last frame was 20.55ms (=1/48)
6.5410 	DATA 	Keypress: escape
7.2005 	DATA 	Keypress: escape
7.3028 	EXP 	tilt_staircase: status = STOPPED
7.3053 	EXP 	text_3: autoDraw = False
7.3067 	EXP 	tilt_staircase: status = STOPPED
7.3083 	INFO 	saved data to '/Users/bwinsto2/Downloads/data/048549_tilt_staircase_2025-08-13_14h49.11.178.csv'
7.3096 	INFO 	saved data to /Users/bwinsto2/Downloads/data/048549_tilt_staircase_2025-08-13_14h49.11.178.psydat
7.4351 	DEBUG 	Saving data for tilt_staircase ExperimentHandler
