17.7433 	DEBUG 	Fullscreen settings ignored as running in pilot mode.
17.7444 	INFO 	Loaded monitor calibration from ['2025_08_13 14:32']
18.0845 	EXP 	Created window1 = Window(allowGUI=False, allowStencil=False, autoLog=True, backendConf=UNKNOWN, backgroundFit=<method-wrapper '__getattribute__' of attributeSetter object at 0x7f9000fe9a60>, backgroundImage=<method-wrapper '__getattribute__' of attributeSetter object at 0x7f9000fe9970>, bitsMode=UNKNOWN, blendMode='avg', bpc=(8, 8, 8), color=array([0, 0, 0]), colorSpace='rgb', depthBits=8, fullscr=False, gamma=None, gammaErrorPolicy='raise', infoMsg=UNKNOWN, lms=UNKNOWN, monitor=<psychopy.monitors.calibTools.Monitor object at 0x7f8ff415d4c0>, multiSample=False, name='window1', numSamples=2, pos=[320.0, 150.0], screen=0, size=array([1600, 1200]), stencilBits=0, stereo=False, title='PsychoPy', units='height', useFBO=True, useRetina=True, viewOri=0.0, viewPos=None, viewScale=None, waitBlanking=True, winType='pyglet')
18.0845 	EXP 	window1: backgroundImage = ''
18.0846 	EXP 	window1: backgroundFit = 'none'
18.1049 	DEBUG 	TextBox2 loaded 1 chars with 0 blanks and 1 valid
18.1130 	DEBUG 	TextBox2 loaded 1 chars with 0 blanks and 1 valid
18.1139 	DEBUG 	TextBox2 loaded 1 chars with 0 blanks and 1 valid
18.1149 	DEBUG 	TextBox2 loaded 1 chars with 0 blanks and 1 valid
18.1158 	DEBUG 	TextBox2 loaded 1 chars with 0 blanks and 1 valid
18.1164 	DEBUG 	TextBox2 loaded 1 chars with 0 blanks and 1 valid
18.1170 	DEBUG 	TextBox2 loaded 1 chars with 0 blanks and 1 valid
18.1180 	DEBUG 	TextBox2 loaded 1 chars with 0 blanks and 1 valid
18.1186 	DEBUG 	TextBox2 loaded 1 chars with 0 blanks and 1 valid
18.1197 	DEBUG 	TextBox2 loaded 1 chars with 0 blanks and 1 valid
18.1214 	DEBUG 	TextBox2 loaded 1 chars with 0 blanks and 1 valid
18.1221 	DEBUG 	TextBox2 loaded 1 chars with 0 blanks and 1 valid
18.1228 	DEBUG 	TextBox2 loaded 1 chars with 0 blanks and 1 valid
18.1235 	DEBUG 	TextBox2 loaded 1 chars with 0 blanks and 1 valid
18.1241 	DEBUG 	TextBox2 loaded 1 chars with 0 blanks and 1 valid
18.1249 	DEBUG 	TextBox2 loaded 1 chars with 0 blanks and 1 valid
18.1257 	DEBUG 	TextBox2 loaded 1 chars with 0 blanks and 1 valid
18.1261 	DEBUG 	TextBox2 loaded 1 chars with 0 blanks and 1 valid
18.1268 	DEBUG 	TextBox2 loaded 1 chars with 0 blanks and 1 valid
18.1278 	DEBUG 	TextBox2 loaded 1 chars with 0 blanks and 1 valid
18.1283 	DEBUG 	TextBox2 loaded 1 chars with 0 blanks and 1 valid
18.1287 	DEBUG 	Uploading Texture Font fontname to graphics card
18.1329 	DEBUG 	Upload of Texture Font fontname complete
18.1386 	DEBUG 	TextBox2 loaded 1 chars with 0 blanks and 1 valid
18.1396 	DEBUG 	TextBox2 loaded 1 chars with 0 blanks and 1 valid
18.1406 	DEBUG 	TextBox2 loaded 1 chars with 0 blanks and 1 valid
18.1407 	DEBUG 	Uploading Texture Font fontname to graphics card
18.1428 	DEBUG 	Upload of Texture Font fontname complete
18.1444 	EXP 	window1: Attempting to measure frame rate of screen (0) ...
18.1444 	EXP 	window1: recordFrameIntervals = False
18.4213 	EXP 	window1: recordFrameIntervals = True
19.2542 	WARNING 	Couldn't measure a consistent frame rate!
  - Is your graphics card set to sync to vertical blank?
  - Are you running other processes on your computer?

19.2603 	DEBUG 	TextBox2 loaded 1 chars with 0 blanks and 1 valid
19.2611 	DEBUG 	TextBox2 loaded 1 chars with 0 blanks and 1 valid
19.2622 	DEBUG 	TextBox2 loaded 1 chars with 0 blanks and 1 valid
19.2634 	DEBUG 	TextBox2 loaded 1 chars with 0 blanks and 1 valid
19.2646 	DEBUG 	TextBox2 loaded 1 chars with 0 blanks and 1 valid
19.2659 	DEBUG 	TextBox2 loaded 1 chars with 0 blanks and 1 valid
19.2666 	DEBUG 	TextBox2 loaded 1 chars with 0 blanks and 1 valid
19.2677 	DEBUG 	TextBox2 loaded 1 chars with 0 blanks and 1 valid
19.2688 	DEBUG 	TextBox2 loaded 1 chars with 0 blanks and 1 valid
19.2700 	DEBUG 	TextBox2 loaded 1 chars with 0 blanks and 1 valid
19.2702 	DEBUG 	Uploading Texture Font fontname to graphics card
19.2726 	DEBUG 	Upload of Texture Font fontname complete
19.3302 	WARNING 	launchHubServer: If using the iohub mouse or eyetracker devices, fullScr should be True.
28.5733 	INFO 	keyboard.Keyboard is using iohub backend.
28.5733 	INFO 	keyboard.Keyboard is using iohub backend.
28.5733 	INFO 	keyboard.Keyboard is using iohub backend.
28.5734 	INFO 	keyboard.Keyboard is using iohub backend.
28.5734 	INFO 	keyboard.Keyboard is using iohub backend.
28.5734 	INFO 	keyboard.Keyboard is using iohub backend.
28.5734 	INFO 	keyboard.Keyboard is using iohub backend.
28.5734 	INFO 	keyboard.Keyboard is using iohub backend.
28.5735 	INFO 	keyboard.Keyboard is using iohub backend.
28.5735 	INFO 	keyboard.Keyboard is using iohub backend.
28.5735 	EXP 	tilt_staircase: status = STARTED
28.7098 	EXP 	Created text_5 = TextStim(__class__=<class 'psychopy.visual.text.TextStim'>, alignHoriz=method-wrapper(...), alignText='center', alignVert=method-wrapper(...), anchorHoriz='center', anchorVert='center', antialias=True, autoDraw=False, autoLog=True, bold=False, color=array([1., 1., 1.]), colorSpace='rgb', contrast=1.0, depth=0.0, draggable=False, flipHoriz=False, flipVert=False, font='Arial', fontFiles=[], height=0.05, italic=False, languageStyle='LTR', name='text_5', opacity=1, ori=0.0, pos=array([0., 0.]), rgb=UNKNOWN, text=str(...), units='height', win=Window(...), wrapWidth=1)
28.7174 	EXP 	Created text_6 = TextStim(__class__=<class 'psychopy.visual.text.TextStim'>, alignHoriz=method-wrapper(...), alignText='center', alignVert=method-wrapper(...), anchorHoriz='center', anchorVert='center', antialias=True, autoDraw=False, autoLog=True, bold=False, color=array([1., 1., 1.]), colorSpace='rgb', contrast=1.0, depth=0.0, draggable=False, flipHoriz=False, flipVert=False, font='Arial', fontFiles=[], height=0.05, italic=False, languageStyle='LTR', name='text_6', opacity=1, ori=0.0, pos=array([0., 0.]), rgb=UNKNOWN, text=str(...), units='height', win=Window(...), wrapWidth=1)
28.7205 	EXP 	Created surround_practice_3 = GratingStim(__class__=<class 'psychopy.visual.grating.GratingStim'>, anchor='center', autoDraw=False, autoLog=True, blendmode='avg', color=array([0.5, 0.5, 0.5]), colorSpace='rgb', contrast=0.5, depth=-1.0, draggable=False, interpolate=True, mask='circle', maskParams=None, name='surround_practice_3', opacity=1, ori=20.0, phase=array([1., 1.]), pos=array([0., 0.]), rgbPedestal=array([0., 0., 0.]), sf=array([2.5, 2.5]), size=array([6., 6.]), tex='sin', texRes=128.0, units='deg', win=Window(...))
28.7221 	EXP 	Created center_practice_3 = GratingStim(__class__=<class 'psychopy.visual.grating.GratingStim'>, anchor='center', autoDraw=False, autoLog=True, blendmode='avg', color=array([0.5, 0.5, 0.5]), colorSpace='rgb', contrast=0.5, depth=-2.0, draggable=False, interpolate=True, mask='circle', maskParams=None, name='center_practice_3', opacity=1, ori=0.0, phase=array([1., 1.]), pos=array([0., 0.]), rgbPedestal=array([0., 0., 0.]), sf=array([2.5, 2.5]), size=array([2., 2.]), tex='sin', texRes=128.0, units='deg', win=Window(...))
28.7236 	EXP 	Created surround_practice = GratingStim(__class__=<class 'psychopy.visual.grating.GratingStim'>, anchor='center', autoDraw=False, autoLog=True, blendmode='avg', color=array([0.4, 0.4, 0.4]), colorSpace='rgb', contrast=0.4, depth=0.0, draggable=False, interpolate=True, mask='circle', maskParams=None, name='surround_practice', opacity=1, ori=1.0, phase=array([1., 1.]), pos=array([0., 0.]), rgbPedestal=array([0., 0., 0.]), sf=array([2.5, 2.5]), size=array([6., 6.]), tex='sin', texRes=128.0, units='deg', win=Window(...))
28.7251 	EXP 	Created center_practice = GratingStim(__class__=<class 'psychopy.visual.grating.GratingStim'>, anchor='center', autoDraw=False, autoLog=True, blendmode='avg', color=array([1., 1., 1.]), colorSpace='rgb', contrast=1.0, depth=-1.0, draggable=False, interpolate=True, mask='circle', maskParams=None, name='center_practice', opacity=1, ori=1.0, phase=array([1., 1.]), pos=array([0., 0.]), rgbPedestal=array([0., 0., 0.]), sf=array([2.5, 2.5]), size=array([2., 2.]), tex='sin', texRes=128.0, units='deg', win=Window(...))
28.7268 	EXP 	Created text_9 = TextStim(__class__=<class 'psychopy.visual.text.TextStim'>, alignHoriz=method-wrapper(...), alignText='center', alignVert=method-wrapper(...), anchorHoriz='center', anchorVert='center', antialias=True, autoDraw=False, autoLog=True, bold=False, color=array([1., 1., 1.]), colorSpace='rgb', contrast=1.0, depth=-3.0, draggable=False, flipHoriz=False, flipVert=False, font='Arial', fontFiles=[], height=0.05, italic=False, languageStyle='LTR', name='text_9', opacity=1, ori=0.0, pos=array([0., 0.]), rgb=UNKNOWN, text='+', units='height', win=Window(...), wrapWidth=1)
28.7303 	EXP 	Created text_11 = TextStim(__class__=<class 'psychopy.visual.text.TextStim'>, alignHoriz=method-wrapper(...), alignText='center', alignVert=method-wrapper(...), anchorHoriz='center', anchorVert='center', antialias=True, autoDraw=False, autoLog=True, bold=False, color=array([1., 1., 1.]), colorSpace='rgb', contrast=1.0, depth=-4.0, draggable=False, flipHoriz=False, flipVert=False, font='Arial', fontFiles=[], height=0.05, italic=False, languageStyle='LTR', name='text_11', opacity=1, ori=0.0, pos=array([0., 0.]), rgb=UNKNOWN, text=str(...), units='height', win=Window(...), wrapWidth=1)
28.7308 	EXP 	Created text_7 = TextStim(__class__=<class 'psychopy.visual.text.TextStim'>, alignHoriz=method-wrapper(...), alignText='center', alignVert=method-wrapper(...), anchorHoriz='center', anchorVert='center', antialias=True, autoDraw=False, autoLog=True, bold=False, color=array([1., 1., 1.]), colorSpace='rgb', contrast=1.0, depth=-1.0, draggable=False, flipHoriz=False, flipVert=False, font='Arial', fontFiles=[], height=0.05, italic=False, languageStyle='LTR', name='text_7', opacity=1, ori=0.0, pos=array([0., 0.]), rgb=UNKNOWN, text='', units='height', win=Window(...), wrapWidth=1)
28.7377 	EXP 	Created text_8 = TextStim(__class__=<class 'psychopy.visual.text.TextStim'>, alignHoriz=method-wrapper(...), alignText='center', alignVert=method-wrapper(...), anchorHoriz='center', anchorVert='center', antialias=True, autoDraw=False, autoLog=True, bold=False, color=array([1., 1., 1.]), colorSpace='rgb', contrast=1.0, depth=0.0, draggable=False, flipHoriz=False, flipVert=False, font='Arial', fontFiles=[], height=0.05, italic=False, languageStyle='LTR', name='text_8', opacity=1, ori=0.0, pos=array([0., 0.]), rgb=UNKNOWN, text=str(...), units='height', win=Window(...), wrapWidth=1)
28.7393 	EXP 	Created surround_practice_2 = GratingStim(__class__=<class 'psychopy.visual.grating.GratingStim'>, anchor='center', autoDraw=False, autoLog=True, blendmode='avg', color=array([0.4, 0.4, 0.4]), colorSpace='rgb', contrast=0.4, depth=0.0, draggable=False, interpolate=True, mask='circle', maskParams=None, name='surround_practice_2', opacity=1.0, ori=1.0, phase=array([0., 0.]), pos=array([0., 0.]), rgbPedestal=array([0., 0., 0.]), sf=array([2.5, 2.5]), size=array([6., 6.]), tex='sin', texRes=128.0, units='deg', win=Window(...))
28.7407 	EXP 	Created center_practice_2 = GratingStim(__class__=<class 'psychopy.visual.grating.GratingStim'>, anchor='center', autoDraw=False, autoLog=True, blendmode='avg', color=array([0.4, 0.4, 0.4]), colorSpace='rgb', contrast=0.4, depth=-1.0, draggable=False, interpolate=True, mask='circle', maskParams=None, name='center_practice_2', opacity=1, ori=1.0, phase=array([0., 0.]), pos=array([0., 0.]), rgbPedestal=array([0., 0., 0.]), sf=array([2.5, 2.5]), size=array([2., 2.]), tex='sin', texRes=128.0, units='deg', win=Window(...))
28.7419 	EXP 	Created text_10 = TextStim(__class__=<class 'psychopy.visual.text.TextStim'>, alignHoriz=method-wrapper(...), alignText='center', alignVert=method-wrapper(...), anchorHoriz='center', anchorVert='center', antialias=True, autoDraw=False, autoLog=True, bold=False, color=array([1., 1., 1.]), colorSpace='rgb', contrast=1.0, depth=-3.0, draggable=False, flipHoriz=False, flipVert=False, font='Arial', fontFiles=[], height=0.05, italic=False, languageStyle='LTR', name='text_10', opacity=1, ori=0.0, pos=array([0., 0.]), rgb=UNKNOWN, text='+', units='height', win=Window(...), wrapWidth=1)
28.7443 	EXP 	Created text_12 = TextStim(__class__=<class 'psychopy.visual.text.TextStim'>, alignHoriz=method-wrapper(...), alignText='center', alignVert=method-wrapper(...), anchorHoriz='center', anchorVert='center', antialias=True, autoDraw=False, autoLog=True, bold=False, color=array([1., 1., 1.]), colorSpace='rgb', contrast=1.0, depth=-4.0, draggable=False, flipHoriz=False, flipVert=False, font='Arial', fontFiles=[], height=0.05, italic=False, languageStyle='LTR', name='text_12', opacity=1, ori=0.0, pos=array([0., 0.]), rgb=UNKNOWN, text=str(...), units='height', win=Window(...), wrapWidth=1)
28.7448 	EXP 	Created text_7 = TextStim(__class__=<class 'psychopy.visual.text.TextStim'>, alignHoriz=method-wrapper(...), alignText='center', alignVert=method-wrapper(...), anchorHoriz='center', anchorVert='center', antialias=True, autoDraw=False, autoLog=True, bold=False, color=array([1., 1., 1.]), colorSpace='rgb', contrast=1.0, depth=-1.0, draggable=False, flipHoriz=False, flipVert=False, font='Arial', fontFiles=[], height=0.05, italic=False, languageStyle='LTR', name='text_7', opacity=1, ori=0.0, pos=array([0., 0.]), rgb=UNKNOWN, text='', units='height', win=Window(...), wrapWidth=1)
28.7494 	EXP 	Created text_13 = TextStim(__class__=<class 'psychopy.visual.text.TextStim'>, alignHoriz=method-wrapper(...), alignText='center', alignVert=method-wrapper(...), anchorHoriz='center', anchorVert='center', antialias=True, autoDraw=False, autoLog=True, bold=False, color=array([1., 1., 1.]), colorSpace='rgb', contrast=1.0, depth=0.0, draggable=False, flipHoriz=False, flipVert=False, font='Arial', fontFiles=[], height=0.05, italic=False, languageStyle='LTR', name='text_13', opacity=1, ori=0.0, pos=array([0., 0.]), rgb=UNKNOWN, text=str(...), units='height', win=Window(...), wrapWidth=1)
28.7509 	EXP 	Created surround_grating = GratingStim(__class__=<class 'psychopy.visual.grating.GratingStim'>, anchor='center', autoDraw=False, autoLog=True, blendmode='avg', color=array([0.4, 0.4, 0.4]), colorSpace='rgb', contrast=0.4, depth=-2.0, draggable=False, interpolate=True, mask='circle', maskParams=None, name='surround_grating', opacity=1.0, ori=1.0, phase=array([1., 1.]), pos=array([0., 0.]), rgbPedestal=array([0., 0., 0.]), sf=array([2.5, 2.5]), size=array([6., 6.]), tex='sin', texRes=128.0, units='deg', win=Window(...))
28.7523 	EXP 	Created center_grating = GratingStim(__class__=<class 'psychopy.visual.grating.GratingStim'>, anchor='center', autoDraw=False, autoLog=True, blendmode='avg', color=array([0.4, 0.4, 0.4]), colorSpace='rgb', contrast=0.4, depth=-3.0, draggable=False, interpolate=True, mask='circle', maskParams=None, name='center_grating', opacity=1, ori=1.0, phase=array([1., 1.]), pos=array([0., 0.]), rgbPedestal=array([0., 0., 0.]), sf=array([2.5, 2.5]), size=array([2., 2.]), tex='sin', texRes=128.0, units='deg', win=Window(...))
28.7535 	EXP 	Created text_2 = TextStim(__class__=<class 'psychopy.visual.text.TextStim'>, alignHoriz=method-wrapper(...), alignText='center', alignVert=method-wrapper(...), anchorHoriz='center', anchorVert='center', antialias=True, autoDraw=False, autoLog=True, bold=False, color=array([1., 1., 1.]), colorSpace='rgb', contrast=1.0, depth=-5.0, draggable=False, flipHoriz=False, flipVert=False, font='Arial', fontFiles=[], height=0.05, italic=False, languageStyle='LTR', name='text_2', opacity=1, ori=0.0, pos=array([0., 0.]), rgb=UNKNOWN, text='+', units='height', win=Window(...), wrapWidth=1)
28.7558 	EXP 	Created text_3 = TextStim(__class__=<class 'psychopy.visual.text.TextStim'>, alignHoriz=method-wrapper(...), alignText='center', alignVert=method-wrapper(...), anchorHoriz='center', anchorVert='center', antialias=True, autoDraw=False, autoLog=True, bold=False, color=array([1., 1., 1.]), colorSpace='rgb', contrast=1.0, depth=-6.0, draggable=False, flipHoriz=False, flipVert=False, font='Arial', fontFiles=[], height=0.05, italic=False, languageStyle='LTR', name='text_3', opacity=1, ori=0.0, pos=array([0., 0.]), rgb=UNKNOWN, text=str(...), units='height', win=Window(...), wrapWidth=1)
28.7583 	EXP 	Created text_4 = TextStim(__class__=<class 'psychopy.visual.text.TextStim'>, alignHoriz=method-wrapper(...), alignText='center', alignVert=method-wrapper(...), anchorHoriz='center', anchorVert='center', antialias=True, autoDraw=False, autoLog=True, bold=False, color=array([1., 1., 1.]), colorSpace='rgb', contrast=1.0, depth=0.0, draggable=False, flipHoriz=False, flipVert=False, font='Arial', fontFiles=[], height=0.05, italic=False, languageStyle='LTR', name='text_4', opacity=1, ori=0.0, pos=array([0., 0.]), rgb=UNKNOWN, text='thank you and have a pleasant day ', units='height', win=Window(...), wrapWidth=1)
0.0318 	INFO 	Keyboard events cleared
0.0315 	WARNING 	t of last frame was 27.70ms (=1/36)
0.0315 	EXP 	text_5: autoDraw = True
1.0939 	DATA 	Keypress: space
1.0989 	INFO 	Keyboard events cleared
1.0985 	WARNING 	t of last frame was 65.06ms (=1/15)
1.0985 	EXP 	text_5: autoDraw = False
1.0985 	EXP 	text_6: autoDraw = True
1.4990 	DATA 	Keypress: space
1.5019 	INFO 	Keyboard events cleared
1.5016 	WARNING 	t of last frame was 24.08ms (=1/41)
1.5016 	EXP 	text_6: autoDraw = False
1.5016 	EXP 	surround_practice_3: phase = array([0.39041665, 0.39041665])
1.5016 	EXP 	center_practice_3: phase = array([0.55947714, 0.55947714])
1.5016 	EXP 	surround_practice_3: autoDraw = True
1.5016 	EXP 	center_practice_3: autoDraw = True
1.5016 	EXP 	surround_practice_3: tex = 'sin'
1.5016 	EXP 	center_practice_3: tex = 'sin'
11.7688 	WARNING 	t of last frame was 21.03ms (=1/47)
26.4733 	WARNING 	Multiple dropped frames have occurred - I'll stop bothering you about them!
48.1874 	DATA 	Keypress: escape
48.2787 	EXP 	tilt_staircase: status = STOPPED
48.2813 	EXP 	surround_practice_3: autoDraw = False
48.2813 	EXP 	center_practice_3: autoDraw = False
48.2830 	EXP 	tilt_staircase: status = STOPPED
48.2861 	INFO 	saved data to '/Users/bwinsto2/Downloads/data/052673_tilt_staircase_2025-08-14_16h32.51.133.csv'
48.2867 	INFO 	saved data to /Users/bwinsto2/Downloads/data/052673_tilt_staircase_2025-08-14_16h32.51.133.psydat
48.6042 	DEBUG 	Saving data for tilt_staircase ExperimentHandler
