4.8429 	INFO 	Loaded monitor calibration from ['2025_08_13 14:32']
5.0384 	EXP 	Created window1 = Window(allowGUI=True, allowStencil=False, autoLog=True, backendConf=UNKNOWN, backgroundFit=<method-wrapper '__getattribute__' of attributeSetter object at 0x7f8a41898be0>, backgroundImage=<method-wrapper '__getattribute__' of attributeSetter object at 0x7f8a41898ac0>, bitsMode=UNKNOWN, blendMode='avg', bpc=(8, 8, 8), color=array([0, 0, 0]), colorSpace='rgb', depthBits=8, fullscr=False, gamma=None, gammaErrorPolicy='raise', infoMsg=UNKNOWN, lms=UNKNOWN, monitor=<psychopy.monitors.calibTools.Monitor object at 0x7f8a40dac550>, multiSample=False, name='window1', numSamples=2, pos=[320.0, 150.0], screen=0, size=array([1600, 1200]), stencilBits=0, stereo=False, title='PsychoPy', units='height', useFBO=True, useRetina=True, viewOri=0.0, viewPos=None, viewScale=None, waitBlanking=True, winType='pyglet')
5.0385 	EXP 	window1: backgroundImage = ''
5.0385 	EXP 	window1: backgroundFit = 'none'
5.0474 	DEBUG 	TextBox2 loaded 1 chars with 0 blanks and 1 valid
5.0482 	DEBUG 	TextBox2 loaded 1 chars with 0 blanks and 1 valid
5.0491 	DEBUG 	TextBox2 loaded 1 chars with 0 blanks and 1 valid
5.0501 	DEBUG 	TextBox2 loaded 1 chars with 0 blanks and 1 valid
5.0511 	DEBUG 	TextBox2 loaded 1 chars with 0 blanks and 1 valid
5.0517 	DEBUG 	TextBox2 loaded 1 chars with 0 blanks and 1 valid
5.0525 	DEBUG 	TextBox2 loaded 1 chars with 0 blanks and 1 valid
5.0535 	DEBUG 	TextBox2 loaded 1 chars with 0 blanks and 1 valid
5.0540 	DEBUG 	TextBox2 loaded 1 chars with 0 blanks and 1 valid
5.0545 	DEBUG 	TextBox2 loaded 1 chars with 0 blanks and 1 valid
5.0553 	DEBUG 	TextBox2 loaded 1 chars with 0 blanks and 1 valid
5.0561 	DEBUG 	TextBox2 loaded 1 chars with 0 blanks and 1 valid
5.0568 	DEBUG 	TextBox2 loaded 1 chars with 0 blanks and 1 valid
5.0576 	DEBUG 	TextBox2 loaded 1 chars with 0 blanks and 1 valid
5.0583 	DEBUG 	TextBox2 loaded 1 chars with 0 blanks and 1 valid
5.0591 	DEBUG 	TextBox2 loaded 1 chars with 0 blanks and 1 valid
5.0599 	DEBUG 	TextBox2 loaded 1 chars with 0 blanks and 1 valid
5.0604 	DEBUG 	TextBox2 loaded 1 chars with 0 blanks and 1 valid
5.0609 	DEBUG 	TextBox2 loaded 1 chars with 0 blanks and 1 valid
5.0620 	DEBUG 	TextBox2 loaded 1 chars with 0 blanks and 1 valid
5.0625 	DEBUG 	TextBox2 loaded 1 chars with 0 blanks and 1 valid
5.0627 	DEBUG 	Uploading Texture Font fontname to graphics card
5.0666 	DEBUG 	Upload of Texture Font fontname complete
5.0734 	DEBUG 	TextBox2 loaded 1 chars with 0 blanks and 1 valid
5.0745 	DEBUG 	TextBox2 loaded 1 chars with 0 blanks and 1 valid
5.0755 	DEBUG 	TextBox2 loaded 1 chars with 0 blanks and 1 valid
5.0757 	DEBUG 	Uploading Texture Font fontname to graphics card
5.0779 	DEBUG 	Upload of Texture Font fontname complete
5.0794 	EXP 	window1: Attempting to measure frame rate of screen (0) ...
5.0794 	EXP 	window1: recordFrameIntervals = False
5.2770 	EXP 	window1: recordFrameIntervals = True
6.1155 	WARNING 	Couldn't measure a consistent frame rate!
  - Is your graphics card set to sync to vertical blank?
  - Are you running other processes on your computer?

6.1224 	DEBUG 	TextBox2 loaded 1 chars with 0 blanks and 1 valid
6.1233 	DEBUG 	TextBox2 loaded 1 chars with 0 blanks and 1 valid
6.1260 	DEBUG 	TextBox2 loaded 1 chars with 0 blanks and 1 valid
6.1284 	DEBUG 	TextBox2 loaded 1 chars with 0 blanks and 1 valid
6.1298 	DEBUG 	TextBox2 loaded 1 chars with 0 blanks and 1 valid
6.1311 	DEBUG 	TextBox2 loaded 1 chars with 0 blanks and 1 valid
6.1317 	DEBUG 	TextBox2 loaded 1 chars with 0 blanks and 1 valid
6.1327 	DEBUG 	TextBox2 loaded 1 chars with 0 blanks and 1 valid
6.1340 	DEBUG 	TextBox2 loaded 1 chars with 0 blanks and 1 valid
6.1352 	DEBUG 	TextBox2 loaded 1 chars with 0 blanks and 1 valid
6.1354 	DEBUG 	Uploading Texture Font fontname to graphics card
6.1379 	DEBUG 	Upload of Texture Font fontname complete
6.1574 	WARNING 	launchHubServer: If using the iohub mouse or eyetracker devices, fullScr should be True.
9.7630 	INFO 	keyboard.Keyboard is using iohub backend.
9.7630 	INFO 	keyboard.Keyboard is using iohub backend.
9.7630 	INFO 	keyboard.Keyboard is using iohub backend.
9.7630 	INFO 	keyboard.Keyboard is using iohub backend.
9.7631 	INFO 	keyboard.Keyboard is using iohub backend.
9.7631 	INFO 	keyboard.Keyboard is using iohub backend.
9.7631 	INFO 	keyboard.Keyboard is using iohub backend.
9.7631 	INFO 	keyboard.Keyboard is using iohub backend.
9.7631 	INFO 	keyboard.Keyboard is using iohub backend.
9.7632 	EXP 	tilt_staircase: status = STARTED
9.8084 	EXP 	Created text_5 = TextStim(__class__=<class 'psychopy.visual.text.TextStim'>, alignHoriz=method-wrapper(...), alignText='center', alignVert=method-wrapper(...), anchorHoriz='center', anchorVert='center', antialias=True, autoDraw=False, autoLog=True, bold=False, color=array([1., 1., 1.]), colorSpace='rgb', contrast=1.0, depth=0.0, draggable=False, flipHoriz=False, flipVert=False, font='Arial', fontFiles=[], height=0.05, italic=False, languageStyle='LTR', name='text_5', opacity=1, ori=0.0, pos=array([0., 0.]), rgb=UNKNOWN, text=str(...), units='height', win=Window(...), wrapWidth=1)
9.8152 	EXP 	Created text_6 = TextStim(__class__=<class 'psychopy.visual.text.TextStim'>, alignHoriz=method-wrapper(...), alignText='center', alignVert=method-wrapper(...), anchorHoriz='center', anchorVert='center', antialias=True, autoDraw=False, autoLog=True, bold=False, color=array([1., 1., 1.]), colorSpace='rgb', contrast=1.0, depth=0.0, draggable=False, flipHoriz=False, flipVert=False, font='Arial', fontFiles=[], height=0.05, italic=False, languageStyle='LTR', name='text_6', opacity=1, ori=0.0, pos=array([0., 0.]), rgb=UNKNOWN, text=str(...), units='height', win=Window(...), wrapWidth=1)
9.8173 	EXP 	Created surround_practice = GratingStim(__class__=<class 'psychopy.visual.grating.GratingStim'>, anchor='center', autoDraw=False, autoLog=True, blendmode='avg', color=array([1., 1., 1.]), colorSpace='rgb', contrast=1.0, depth=0.0, draggable=False, interpolate=True, mask='circle', maskParams=None, name='surround_practice', opacity=1, ori=1.0, phase=array([0., 0.]), pos=array([0., 0.]), rgbPedestal=array([0., 0., 0.]), sf=array([7., 7.]), size=array([0.8, 0.8]), tex='sin', texRes=128.0, units='height', win=Window(...))
9.8188 	EXP 	Created center_practice = GratingStim(__class__=<class 'psychopy.visual.grating.GratingStim'>, anchor='center', autoDraw=False, autoLog=True, blendmode='avg', color=array([1., 1., 1.]), colorSpace='rgb', contrast=1.0, depth=-1.0, draggable=False, interpolate=True, mask='circle', maskParams=None, name='center_practice', opacity=1, ori=1.0, phase=array([0., 0.]), pos=array([0., 0.]), rgbPedestal=array([0., 0., 0.]), sf=array([3.5, 3.5]), size=array([0.25, 0.25]), tex='sin', texRes=128.0, units='height', win=Window(...))
9.8204 	EXP 	Created text_9 = TextStim(__class__=<class 'psychopy.visual.text.TextStim'>, alignHoriz=method-wrapper(...), alignText='center', alignVert=method-wrapper(...), anchorHoriz='center', anchorVert='center', antialias=True, autoDraw=False, autoLog=True, bold=False, color=array([1., 1., 1.]), colorSpace='rgb', contrast=1.0, depth=-3.0, draggable=False, flipHoriz=False, flipVert=False, font='Arial', fontFiles=[], height=0.05, italic=False, languageStyle='LTR', name='text_9', opacity=1, ori=0.0, pos=array([0., 0.]), rgb=UNKNOWN, text='+', units='height', win=Window(...), wrapWidth=1)
9.8238 	EXP 	Created text_11 = TextStim(__class__=<class 'psychopy.visual.text.TextStim'>, alignHoriz=method-wrapper(...), alignText='center', alignVert=method-wrapper(...), anchorHoriz='center', anchorVert='center', antialias=True, autoDraw=False, autoLog=True, bold=False, color=array([1., 1., 1.]), colorSpace='rgb', contrast=1.0, depth=-4.0, draggable=False, flipHoriz=False, flipVert=False, font='Arial', fontFiles=[], height=0.05, italic=False, languageStyle='LTR', name='text_11', opacity=1, ori=0.0, pos=array([0., 0.]), rgb=UNKNOWN, text=str(...), units='height', win=Window(...), wrapWidth=1)
9.8243 	EXP 	Created text_7 = TextStim(__class__=<class 'psychopy.visual.text.TextStim'>, alignHoriz=method-wrapper(...), alignText='center', alignVert=method-wrapper(...), anchorHoriz='center', anchorVert='center', antialias=True, autoDraw=False, autoLog=True, bold=False, color=array([1., 1., 1.]), colorSpace='rgb', contrast=1.0, depth=-1.0, draggable=False, flipHoriz=False, flipVert=False, font='Arial', fontFiles=[], height=0.05, italic=False, languageStyle='LTR', name='text_7', opacity=1, ori=0.0, pos=array([0., 0.]), rgb=UNKNOWN, text='', units='height', win=Window(...), wrapWidth=1)
9.8311 	EXP 	Created text_8 = TextStim(__class__=<class 'psychopy.visual.text.TextStim'>, alignHoriz=method-wrapper(...), alignText='center', alignVert=method-wrapper(...), anchorHoriz='center', anchorVert='center', antialias=True, autoDraw=False, autoLog=True, bold=False, color=array([1., 1., 1.]), colorSpace='rgb', contrast=1.0, depth=0.0, draggable=False, flipHoriz=False, flipVert=False, font='Arial', fontFiles=[], height=0.05, italic=False, languageStyle='LTR', name='text_8', opacity=1, ori=0.0, pos=array([0., 0.]), rgb=UNKNOWN, text=str(...), units='height', win=Window(...), wrapWidth=1)
9.8326 	EXP 	Created surround_practice_2 = GratingStim(__class__=<class 'psychopy.visual.grating.GratingStim'>, anchor='center', autoDraw=False, autoLog=True, blendmode='avg', color=array([1., 1., 1.]), colorSpace='rgb', contrast=1.0, depth=0.0, draggable=False, interpolate=True, mask='circle', maskParams=None, name='surround_practice_2', opacity=1.0, ori=1.0, phase=array([0., 0.]), pos=array([0., 0.]), rgbPedestal=array([0., 0., 0.]), sf=array([2.5, 2.5]), size=array([5., 5.]), tex='sin', texRes=128.0, units='cm', win=Window(...))
9.8340 	EXP 	Created center_practice_2 = GratingStim(__class__=<class 'psychopy.visual.grating.GratingStim'>, anchor='center', autoDraw=False, autoLog=True, blendmode='avg', color=array([1., 1., 1.]), colorSpace='rgb', contrast=1.0, depth=-1.0, draggable=False, interpolate=True, mask='circle', maskParams=None, name='center_practice_2', opacity=1, ori=1.0, phase=array([0., 0.]), pos=array([0., 0.]), rgbPedestal=array([0., 0., 0.]), sf=array([2.5, 2.5]), size=array([1.25, 1.25]), tex='sin', texRes=128.0, units='cm', win=Window(...))
9.8352 	EXP 	Created text_10 = TextStim(__class__=<class 'psychopy.visual.text.TextStim'>, alignHoriz=method-wrapper(...), alignText='center', alignVert=method-wrapper(...), anchorHoriz='center', anchorVert='center', antialias=True, autoDraw=False, autoLog=True, bold=False, color=array([1., 1., 1.]), colorSpace='rgb', contrast=1.0, depth=-3.0, draggable=False, flipHoriz=False, flipVert=False, font='Arial', fontFiles=[], height=0.05, italic=False, languageStyle='LTR', name='text_10', opacity=1, ori=0.0, pos=array([0., 0.]), rgb=UNKNOWN, text='+', units='height', win=Window(...), wrapWidth=1)
9.8377 	EXP 	Created text_12 = TextStim(__class__=<class 'psychopy.visual.text.TextStim'>, alignHoriz=method-wrapper(...), alignText='center', alignVert=method-wrapper(...), anchorHoriz='center', anchorVert='center', antialias=True, autoDraw=False, autoLog=True, bold=False, color=array([1., 1., 1.]), colorSpace='rgb', contrast=1.0, depth=-4.0, draggable=False, flipHoriz=False, flipVert=False, font='Arial', fontFiles=[], height=0.05, italic=False, languageStyle='LTR', name='text_12', opacity=1, ori=0.0, pos=array([0., 0.]), rgb=UNKNOWN, text=str(...), units='height', win=Window(...), wrapWidth=1)
9.8382 	EXP 	Created text_7 = TextStim(__class__=<class 'psychopy.visual.text.TextStim'>, alignHoriz=method-wrapper(...), alignText='center', alignVert=method-wrapper(...), anchorHoriz='center', anchorVert='center', antialias=True, autoDraw=False, autoLog=True, bold=False, color=array([1., 1., 1.]), colorSpace='rgb', contrast=1.0, depth=-1.0, draggable=False, flipHoriz=False, flipVert=False, font='Arial', fontFiles=[], height=0.05, italic=False, languageStyle='LTR', name='text_7', opacity=1, ori=0.0, pos=array([0., 0.]), rgb=UNKNOWN, text='', units='height', win=Window(...), wrapWidth=1)
9.8426 	EXP 	Created text_13 = TextStim(__class__=<class 'psychopy.visual.text.TextStim'>, alignHoriz=method-wrapper(...), alignText='center', alignVert=method-wrapper(...), anchorHoriz='center', anchorVert='center', antialias=True, autoDraw=False, autoLog=True, bold=False, color=array([1., 1., 1.]), colorSpace='rgb', contrast=1.0, depth=0.0, draggable=False, flipHoriz=False, flipVert=False, font='Arial', fontFiles=[], height=0.05, italic=False, languageStyle='LTR', name='text_13', opacity=1, ori=0.0, pos=array([0., 0.]), rgb=UNKNOWN, text=str(...), units='height', win=Window(...), wrapWidth=1)
9.8441 	EXP 	Created surround_grating = GratingStim(__class__=<class 'psychopy.visual.grating.GratingStim'>, anchor='center', autoDraw=False, autoLog=True, blendmode='avg', color=array([1., 1., 1.]), colorSpace='rgb', contrast=1.0, depth=-1.0, draggable=False, interpolate=True, mask='circle', maskParams=None, name='surround_grating', opacity=1.0, ori=1.0, phase=array([0., 0.]), pos=array([0., 0.]), rgbPedestal=array([0., 0., 0.]), sf=array([2.5, 2.5]), size=array([5., 5.]), tex='sin', texRes=128.0, units='cm', win=Window(...))
9.8454 	EXP 	Created center_grating = GratingStim(__class__=<class 'psychopy.visual.grating.GratingStim'>, anchor='center', autoDraw=False, autoLog=True, blendmode='avg', color=array([1., 1., 1.]), colorSpace='rgb', contrast=1.0, depth=-2.0, draggable=False, interpolate=True, mask='circle', maskParams=None, name='center_grating', opacity=1, ori=1.0, phase=array([0., 0.]), pos=array([0., 0.]), rgbPedestal=array([0., 0., 0.]), sf=array([2.5, 2.5]), size=array([1.25, 1.25]), tex='sin', texRes=128.0, units='cm', win=Window(...))
9.8466 	EXP 	Created text_2 = TextStim(__class__=<class 'psychopy.visual.text.TextStim'>, alignHoriz=method-wrapper(...), alignText='center', alignVert=method-wrapper(...), anchorHoriz='center', anchorVert='center', antialias=True, autoDraw=False, autoLog=True, bold=False, color=array([1., 1., 1.]), colorSpace='rgb', contrast=1.0, depth=-4.0, draggable=False, flipHoriz=False, flipVert=False, font='Arial', fontFiles=[], height=0.05, italic=False, languageStyle='LTR', name='text_2', opacity=1, ori=0.0, pos=array([0., 0.]), rgb=UNKNOWN, text='+', units='height', win=Window(...), wrapWidth=1)
9.8490 	EXP 	Created text_3 = TextStim(__class__=<class 'psychopy.visual.text.TextStim'>, alignHoriz=method-wrapper(...), alignText='center', alignVert=method-wrapper(...), anchorHoriz='center', anchorVert='center', antialias=True, autoDraw=False, autoLog=True, bold=False, color=array([1., 1., 1.]), colorSpace='rgb', contrast=1.0, depth=-5.0, draggable=False, flipHoriz=False, flipVert=False, font='Arial', fontFiles=[], height=0.05, italic=False, languageStyle='LTR', name='text_3', opacity=1, ori=0.0, pos=array([0., 0.]), rgb=UNKNOWN, text=str(...), units='height', win=Window(...), wrapWidth=1)
9.8508 	EXP 	Created text_4 = TextStim(__class__=<class 'psychopy.visual.text.TextStim'>, alignHoriz=method-wrapper(...), alignText='center', alignVert=method-wrapper(...), anchorHoriz='center', anchorVert='center', antialias=True, autoDraw=False, autoLog=True, bold=False, color=array([1., 1., 1.]), colorSpace='rgb', contrast=1.0, depth=0.0, draggable=False, flipHoriz=False, flipVert=False, font='Arial', fontFiles=[], height=0.05, italic=False, languageStyle='LTR', name='text_4', opacity=1, ori=0.0, pos=array([0., 0.]), rgb=UNKNOWN, text='thank you and have a pleasant day ', units='height', win=Window(...), wrapWidth=1)
0.0196 	INFO 	Keyboard events cleared
0.0194 	EXP 	text_5: autoDraw = True
0.5316 	DATA 	Keypress: space
0.5352 	INFO 	Keyboard events cleared
0.5349 	WARNING 	t of last frame was 37.92ms (=1/26)
0.5349 	EXP 	text_5: autoDraw = False
0.5349 	EXP 	text_6: autoDraw = True
0.8489 	DEBUG 	Read csv file with pandas: tilt_practice_1.csv
0.8498 	DEBUG 	Clearing unnamed columns from tilt_practice_1.csv
0.8510 	EXP 	Imported tilt_practice_1.csv as conditions, 4 conditions, 3 params
0.8513 	EXP 	New trial (rep=0, index=0): <Trial 0 (0 in rep 0) data={'center': 30, 'surround': 0, 'correct': 'right', 'thisN': 0, 'thisTrialN': 0, 'thisRepN': 0}>
0.8590 	DATA 	Keypress: space
0.8619 	INFO 	Keyboard events cleared
0.8616 	EXP 	text_6: autoDraw = False
0.8616 	EXP 	surround_practice: ori = 0.0
0.8616 	EXP 	center_practice: ori = 30.0
0.8616 	EXP 	text_9: autoDraw = True
1.3429 	EXP 	surround_practice: autoDraw = True
1.3429 	EXP 	center_practice: autoDraw = True
1.3429 	EXP 	surround_practice: tex = 'sin'
1.3429 	EXP 	center_practice: tex = 'sin'
1.3595 	EXP 	text_9: autoDraw = False
2.3309 	EXP 	surround_practice: autoDraw = False
2.3309 	EXP 	center_practice: autoDraw = False
2.3427 	EXP 	text_11: autoDraw = True
3.9072 	DATA 	Keypress: right
3.9189 	WARNING 	t of last frame was 59.44ms (=1/16)
3.9189 	EXP 	surround_practice: autoDraw = False
3.9189 	EXP 	center_practice: autoDraw = False
3.9189 	EXP 	text_9: autoDraw = False
3.9189 	EXP 	text_11: autoDraw = False
3.9189 	EXP 	text_7: height = 0.05
3.9189 	EXP 	text_7: height = 0.05
3.9189 	EXP 	text_7: height = 0.05
3.9189 	EXP 	text_7: text = 'Correct. Press Spacebar.'
3.9189 	EXP 	text_7: autoDraw = True
5.3653 	EXP 	New trial (rep=0, index=1): <Trial 1 (1 in rep 0) data={'center': -30, 'surround': 0, 'correct': 'left', 'thisN': 1, 'thisTrialN': 1, 'thisRepN': 0}>
5.3763 	INFO 	Keyboard events cleared
5.3760 	EXP 	text_7: autoDraw = False
5.3760 	EXP 	surround_practice: ori = 0.0
5.3760 	EXP 	center_practice: ori = -30.0
5.3760 	EXP 	text_9: autoDraw = True
5.8594 	EXP 	surround_practice: autoDraw = True
5.8594 	EXP 	center_practice: autoDraw = True
5.8640 	EXP 	text_9: autoDraw = False
6.6348 	DATA 	Keypress: left
6.6428 	EXP 	surround_practice: autoDraw = False
6.6428 	EXP 	center_practice: autoDraw = False
6.6428 	EXP 	text_9: autoDraw = False
6.6428 	EXP 	text_11: autoDraw = False
6.6428 	EXP 	text_7: text = 'Correct. Press Spacebar.'
6.6428 	EXP 	text_7: autoDraw = True
8.1282 	EXP 	New trial (rep=0, index=2): <Trial 2 (2 in rep 0) data={'center': 30, 'surround': 60, 'correct': 'right', 'thisN': 2, 'thisTrialN': 2, 'thisRepN': 0}>
8.1309 	INFO 	Keyboard events cleared
8.1306 	EXP 	text_7: autoDraw = False
8.1306 	EXP 	text_7: autoDraw = False
8.1306 	EXP 	surround_practice: ori = 60.0
8.1306 	EXP 	center_practice: ori = 30.0
8.1306 	EXP 	text_9: autoDraw = True
8.6261 	EXP 	text_9: autoDraw = False
8.6308 	EXP 	surround_practice: autoDraw = True
8.6308 	EXP 	center_practice: autoDraw = True
9.6260 	EXP 	surround_practice: autoDraw = False
9.6260 	EXP 	center_practice: autoDraw = False
9.6304 	EXP 	text_11: autoDraw = True
10.1801 	DATA 	Keypress: right
10.1824 	EXP 	surround_practice: autoDraw = False
10.1824 	EXP 	center_practice: autoDraw = False
10.1824 	EXP 	text_9: autoDraw = False
10.1824 	EXP 	text_11: autoDraw = False
10.1824 	EXP 	text_7: text = 'Correct. Press Spacebar.'
10.1824 	EXP 	text_7: autoDraw = True
11.6783 	EXP 	New trial (rep=0, index=3): <Trial 3 (3 in rep 0) data={'center': -30, 'surround': -60, 'correct': 'left', 'thisN': 3, 'thisTrialN': 3, 'thisRepN': 0}>
11.6811 	INFO 	Keyboard events cleared
11.6809 	EXP 	text_7: autoDraw = False
11.6809 	EXP 	text_7: autoDraw = False
11.6809 	EXP 	surround_practice: ori = -60.0
11.6809 	EXP 	center_practice: ori = -30.0
11.6809 	EXP 	text_9: autoDraw = True
12.1760 	EXP 	surround_practice: autoDraw = True
12.1760 	EXP 	center_practice: autoDraw = True
12.1760 	EXP 	text_9: autoDraw = False
13.1636 	EXP 	surround_practice: autoDraw = False
13.1636 	EXP 	center_practice: autoDraw = False
13.1760 	EXP 	text_11: autoDraw = True
14.3511 	DATA 	Keypress: left
14.3594 	EXP 	surround_practice: autoDraw = False
14.3594 	EXP 	center_practice: autoDraw = False
14.3594 	EXP 	text_9: autoDraw = False
14.3594 	EXP 	text_11: autoDraw = False
14.3594 	EXP 	text_7: text = 'Correct. Press Spacebar.'
14.3594 	EXP 	text_7: autoDraw = True
15.8482 	INFO 	Keyboard events cleared
15.8480 	EXP 	text_7: autoDraw = False
15.8480 	EXP 	text_7: autoDraw = False
15.8480 	EXP 	text_8: autoDraw = True
23.3822 	DEBUG 	Read csv file with pandas: tilt_practice_2.csv
23.3827 	DEBUG 	Clearing unnamed columns from tilt_practice_2.csv
23.3831 	EXP 	Imported tilt_practice_2.csv as conditions, 6 conditions, 4 params
23.3833 	EXP 	New trial (rep=0, index=0): <Trial 0 (0 in rep 0) data={'center': -30, 'surround': -60, 'correct': 'left', 'opacity': 100, 'thisN': 0, 'thisTrialN': 0, 'thisRepN': 0}>
23.3859 	DATA 	Keypress: space
23.3887 	INFO 	Keyboard events cleared
23.3884 	EXP 	text_8: autoDraw = False
23.3884 	EXP 	surround_practice_2: ori = -60.0
23.3884 	EXP 	center_practice_2: ori = -30.0
23.3884 	EXP 	text_10: autoDraw = True
23.8760 	EXP 	surround_practice_2: autoDraw = True
23.8760 	EXP 	center_practice_2: autoDraw = True
23.8760 	EXP 	surround_practice_2: tex = 'sin'
23.8760 	EXP 	center_practice_2: tex = 'sin'
23.8806 	EXP 	text_10: autoDraw = False
23.9476 	EXP 	surround_practice_2: autoDraw = False
23.9476 	EXP 	center_practice_2: autoDraw = False
23.9476 	EXP 	text_12: autoDraw = True
25.2135 	DATA 	Keypress: left
25.2158 	EXP 	surround_practice_2: autoDraw = False
25.2158 	EXP 	center_practice_2: autoDraw = False
25.2158 	EXP 	text_10: autoDraw = False
25.2158 	EXP 	text_12: autoDraw = False
25.2158 	EXP 	text_7: text = 'Correct. Press Spacebar.'
25.2158 	EXP 	text_7: autoDraw = True
26.7006 	EXP 	New trial (rep=0, index=1): <Trial 1 (1 in rep 0) data={'center': -30, 'surround': 0, 'correct': 'left', 'opacity': 100, 'thisN': 1, 'thisTrialN': 1, 'thisRepN': 0}>
26.7106 	INFO 	Keyboard events cleared
26.7103 	EXP 	text_7: autoDraw = False
26.7103 	EXP 	text_7: autoDraw = False
26.7103 	EXP 	surround_practice_2: ori = 0.0
26.7103 	EXP 	center_practice_2: ori = -30.0
26.7103 	EXP 	text_10: autoDraw = True
27.1986 	EXP 	text_10: autoDraw = False
27.2097 	EXP 	surround_practice_2: autoDraw = True
27.2097 	EXP 	center_practice_2: autoDraw = True
27.2806 	EXP 	surround_practice_2: autoDraw = False
27.2806 	EXP 	center_practice_2: autoDraw = False
27.2806 	EXP 	text_12: autoDraw = True
27.9803 	DATA 	Keypress: left
27.9825 	EXP 	surround_practice_2: autoDraw = False
27.9825 	EXP 	center_practice_2: autoDraw = False
27.9825 	EXP 	text_10: autoDraw = False
27.9825 	EXP 	text_12: autoDraw = False
27.9825 	EXP 	text_7: text = 'Correct. Press Spacebar.'
27.9825 	EXP 	text_7: autoDraw = True
29.4783 	EXP 	New trial (rep=0, index=2): <Trial 2 (2 in rep 0) data={'center': 30, 'surround': 60, 'correct': 'right', 'opacity': 100, 'thisN': 2, 'thisTrialN': 2, 'thisRepN': 0}>
29.4812 	INFO 	Keyboard events cleared
29.4809 	EXP 	text_7: autoDraw = False
29.4809 	EXP 	text_7: autoDraw = False
29.4809 	EXP 	surround_practice_2: ori = 60.0
29.4809 	EXP 	center_practice_2: ori = 30.0
29.4809 	EXP 	text_10: autoDraw = True
29.9760 	EXP 	surround_practice_2: autoDraw = True
29.9760 	EXP 	center_practice_2: autoDraw = True
29.9760 	EXP 	text_10: autoDraw = False
30.0472 	EXP 	surround_practice_2: autoDraw = False
30.0472 	EXP 	center_practice_2: autoDraw = False
30.0472 	EXP 	text_12: autoDraw = True
30.7303 	DATA 	Keypress: right
30.7326 	EXP 	surround_practice_2: autoDraw = False
30.7326 	EXP 	center_practice_2: autoDraw = False
30.7326 	EXP 	text_10: autoDraw = False
30.7326 	EXP 	text_12: autoDraw = False
30.7326 	EXP 	text_7: text = 'Correct. Press Spacebar.'
30.7326 	EXP 	text_7: autoDraw = True
32.2174 	EXP 	New trial (rep=0, index=3): <Trial 3 (3 in rep 0) data={'center': 30, 'surround': 0, 'correct': 'right', 'opacity': 100, 'thisN': 3, 'thisTrialN': 3, 'thisRepN': 0}>
32.2269 	INFO 	Keyboard events cleared
32.2266 	EXP 	text_7: autoDraw = False
32.2266 	EXP 	text_7: autoDraw = False
32.2266 	EXP 	surround_practice_2: ori = 0.0
32.2266 	EXP 	center_practice_2: ori = 30.0
32.2266 	EXP 	text_10: autoDraw = True
32.7142 	EXP 	text_10: autoDraw = False
32.7260 	EXP 	surround_practice_2: autoDraw = True
32.7260 	EXP 	center_practice_2: autoDraw = True
32.7969 	EXP 	surround_practice_2: autoDraw = False
32.7969 	EXP 	center_practice_2: autoDraw = False
32.7969 	EXP 	text_12: autoDraw = True
33.3683 	DATA 	Keypress: right
33.3761 	EXP 	surround_practice_2: autoDraw = False
33.3761 	EXP 	center_practice_2: autoDraw = False
33.3761 	EXP 	text_10: autoDraw = False
33.3761 	EXP 	text_12: autoDraw = False
33.3761 	EXP 	text_7: text = 'Correct. Press Spacebar.'
33.3761 	EXP 	text_7: autoDraw = True
34.8614 	EXP 	New trial (rep=0, index=4): <Trial 4 (4 in rep 0) data={'center': -30, 'surround': 69, 'correct': 'left', 'opacity': 0, 'thisN': 4, 'thisTrialN': 4, 'thisRepN': 0}>
34.8642 	INFO 	Keyboard events cleared
34.8639 	EXP 	text_7: autoDraw = False
34.8639 	EXP 	text_7: autoDraw = False
34.8639 	EXP 	surround_practice_2: ori = 69.0
34.8639 	EXP 	center_practice_2: ori = -30.0
34.8639 	EXP 	text_10: autoDraw = True
35.3595 	EXP 	text_10: autoDraw = False
35.3650 	EXP 	surround_practice_2: autoDraw = True
35.3650 	EXP 	center_practice_2: autoDraw = True
35.4426 	EXP 	surround_practice_2: autoDraw = False
35.4426 	EXP 	center_practice_2: autoDraw = False
35.4426 	EXP 	text_12: autoDraw = True
36.5181 	DATA 	Keypress: left
36.5260 	EXP 	surround_practice_2: autoDraw = False
36.5260 	EXP 	center_practice_2: autoDraw = False
36.5260 	EXP 	text_10: autoDraw = False
36.5260 	EXP 	text_12: autoDraw = False
36.5260 	EXP 	text_7: text = 'Correct. Press Spacebar.'
36.5260 	EXP 	text_7: autoDraw = True
38.0113 	EXP 	New trial (rep=0, index=5): <Trial 5 (5 in rep 0) data={'center': 30, 'surround': 69, 'correct': 'right', 'opacity': 0, 'thisN': 5, 'thisTrialN': 5, 'thisRepN': 0}>
38.0140 	INFO 	Keyboard events cleared
38.0137 	EXP 	text_7: autoDraw = False
38.0137 	EXP 	text_7: autoDraw = False
38.0137 	EXP 	surround_practice_2: ori = 69.0
38.0137 	EXP 	center_practice_2: ori = 30.0
38.0137 	EXP 	text_10: autoDraw = True
38.5093 	EXP 	text_10: autoDraw = False
38.5142 	EXP 	surround_practice_2: autoDraw = True
38.5142 	EXP 	center_practice_2: autoDraw = True
38.5927 	EXP 	surround_practice_2: autoDraw = False
38.5927 	EXP 	center_practice_2: autoDraw = False
38.5927 	EXP 	text_12: autoDraw = True
39.0131 	DATA 	Keypress: right
39.0154 	EXP 	surround_practice_2: autoDraw = False
39.0154 	EXP 	center_practice_2: autoDraw = False
39.0154 	EXP 	text_10: autoDraw = False
39.0154 	EXP 	text_12: autoDraw = False
39.0154 	EXP 	text_7: text = 'Correct. Press Spacebar.'
39.0154 	EXP 	text_7: autoDraw = True
40.5098 	INFO 	Keyboard events cleared
40.5096 	EXP 	text_7: autoDraw = False
40.5096 	EXP 	text_7: autoDraw = False
40.5096 	EXP 	text_13: autoDraw = True
41.3164 	DEBUG 	Read csv file with pandas: tilt_staircase.csv
41.3171 	DEBUG 	Clearing unnamed columns from tilt_staircase.csv
41.3181 	EXP 	Imported tilt_staircase.csv as conditions, 6 conditions, 10 params
41.4075 	DEBUG 	Using /Applications/PsychoPy.app/Contents/Resources/lib/python3.8/psychopy/data/staircase.py as origin file
41.4078 	DEBUG 	Using /Applications/PsychoPy.app/Contents/Resources/lib/python3.8/psychopy/data/staircase.py as origin file
41.4080 	DEBUG 	Using /Applications/PsychoPy.app/Contents/Resources/lib/python3.8/psychopy/data/staircase.py as origin file
41.4081 	DEBUG 	Using /Applications/PsychoPy.app/Contents/Resources/lib/python3.8/psychopy/data/staircase.py as origin file
41.4083 	DEBUG 	Using /Applications/PsychoPy.app/Contents/Resources/lib/python3.8/psychopy/data/staircase.py as origin file
41.4085 	DEBUG 	Using /Applications/PsychoPy.app/Contents/Resources/lib/python3.8/psychopy/data/staircase.py as origin file
41.4110 	DATA 	Keypress: space
41.4138 	INFO 	Keyboard events cleared
41.4136 	WARNING 	t of last frame was 104.24ms (=1/9)
41.4136 	EXP 	text_13: autoDraw = False
41.4136 	EXP 	surround_grating: ori = -30.0
41.4136 	EXP 	center_grating: ori = 15.0
41.4136 	EXP 	text_2: autoDraw = True
41.5042 	WARNING 	t of last frame was 44.82ms (=1/22)
41.8093 	EXP 	surround_grating: autoDraw = True
41.8093 	EXP 	center_grating: autoDraw = True
41.8093 	EXP 	surround_grating: tex = 'sin'
41.8093 	EXP 	center_grating: tex = 'sin'
41.8813 	EXP 	surround_grating: autoDraw = False
41.8813 	EXP 	center_grating: autoDraw = False
41.8813 	EXP 	text_3: autoDraw = True
41.9092 	EXP 	text_2: autoDraw = False
42.3712 	DATA 	Keypress: right
42.3824 	INFO 	Keyboard events cleared
42.3822 	EXP 	surround_grating: autoDraw = False
42.3822 	EXP 	center_grating: autoDraw = False
42.3822 	EXP 	text_2: autoDraw = False
42.3822 	EXP 	text_3: autoDraw = False
42.3822 	EXP 	surround_grating: ori = 69.0
42.3822 	EXP 	center_grating: ori = -15.0
42.3822 	EXP 	text_2: autoDraw = True
42.8760 	EXP 	surround_grating: autoDraw = True
42.8760 	EXP 	center_grating: autoDraw = True
42.8807 	EXP 	text_2: autoDraw = False
42.9472 	EXP 	surround_grating: autoDraw = False
42.9472 	EXP 	center_grating: autoDraw = False
42.9472 	EXP 	text_3: autoDraw = True
43.0511 	DATA 	Keypress: escape
43.1831 	EXP 	tilt_staircase: status = STOPPED
43.1927 	EXP 	text_3: autoDraw = False
43.1945 	EXP 	tilt_staircase: status = STOPPED
43.2019 	INFO 	saved data to '/Users/bwinsto2/Downloads/data/081125_tilt_staircase_2025-08-14_14h45.14.434.csv'
43.2036 	INFO 	saved data to /Users/bwinsto2/Downloads/data/081125_tilt_staircase_2025-08-14_14h45.14.434.psydat
43.6843 	DEBUG 	Saving data for tilt_staircase ExperimentHandler
