5.5861 	DEBUG 	Fullscreen settings ignored as running in pilot mode.
5.5875 	INFO 	Loaded monitor calibration from ['2025_08_13 14:32']
5.8293 	EXP 	Created window1 = Window(allowGUI=False, allowStencil=False, autoLog=True, backendConf=UNKNOWN, backgroundFit=<method-wrapper '__getattribute__' of attributeSetter object at 0x7fea40fb0b80>, backgroundImage=<method-wrapper '__getattribute__' of attributeSetter object at 0x7fea40fb0a90>, bitsMode=UNKNOWN, blendMode='avg', bpc=(8, 8, 8), color=array([0, 0, 0]), colorSpace='rgb', depthBits=8, fullscr=False, gamma=None, gammaErrorPolicy='raise', infoMsg=UNKNOWN, lms=UNKNOWN, monitor=<psychopy.monitors.calibTools.Monitor object at 0x7fea4093e610>, multiSample=False, name='window1', numSamples=2, pos=[320.0, 150.0], screen=0, size=array([1600, 1200]), stencilBits=0, stereo=False, title='PsychoPy', units='height', useFBO=True, useRetina=True, viewOri=0.0, viewPos=None, viewScale=None, waitBlanking=True, winType='pyglet')
5.8294 	EXP 	window1: backgroundImage = ''
5.8294 	EXP 	window1: backgroundFit = 'none'
5.8425 	DEBUG 	TextBox2 loaded 1 chars with 0 blanks and 1 valid
5.8434 	DEBUG 	TextBox2 loaded 1 chars with 0 blanks and 1 valid
5.8442 	DEBUG 	TextBox2 loaded 1 chars with 0 blanks and 1 valid
5.8452 	DEBUG 	TextBox2 loaded 1 chars with 0 blanks and 1 valid
5.8462 	DEBUG 	TextBox2 loaded 1 chars with 0 blanks and 1 valid
5.8467 	DEBUG 	TextBox2 loaded 1 chars with 0 blanks and 1 valid
5.8474 	DEBUG 	TextBox2 loaded 1 chars with 0 blanks and 1 valid
5.8484 	DEBUG 	TextBox2 loaded 1 chars with 0 blanks and 1 valid
5.8491 	DEBUG 	TextBox2 loaded 1 chars with 0 blanks and 1 valid
5.8495 	DEBUG 	TextBox2 loaded 1 chars with 0 blanks and 1 valid
5.8503 	DEBUG 	TextBox2 loaded 1 chars with 0 blanks and 1 valid
5.8510 	DEBUG 	TextBox2 loaded 1 chars with 0 blanks and 1 valid
5.8518 	DEBUG 	TextBox2 loaded 1 chars with 0 blanks and 1 valid
5.8525 	DEBUG 	TextBox2 loaded 1 chars with 0 blanks and 1 valid
5.8532 	DEBUG 	TextBox2 loaded 1 chars with 0 blanks and 1 valid
5.8540 	DEBUG 	TextBox2 loaded 1 chars with 0 blanks and 1 valid
5.8547 	DEBUG 	TextBox2 loaded 1 chars with 0 blanks and 1 valid
5.8552 	DEBUG 	TextBox2 loaded 1 chars with 0 blanks and 1 valid
5.8558 	DEBUG 	TextBox2 loaded 1 chars with 0 blanks and 1 valid
5.8567 	DEBUG 	TextBox2 loaded 1 chars with 0 blanks and 1 valid
5.8572 	DEBUG 	TextBox2 loaded 1 chars with 0 blanks and 1 valid
5.8577 	DEBUG 	Uploading Texture Font fontname to graphics card
5.8615 	DEBUG 	Upload of Texture Font fontname complete
5.8669 	DEBUG 	TextBox2 loaded 1 chars with 0 blanks and 1 valid
5.8678 	DEBUG 	TextBox2 loaded 1 chars with 0 blanks and 1 valid
5.8687 	DEBUG 	TextBox2 loaded 1 chars with 0 blanks and 1 valid
5.8688 	DEBUG 	Uploading Texture Font fontname to graphics card
5.8707 	DEBUG 	Upload of Texture Font fontname complete
5.8723 	EXP 	window1: Attempting to measure frame rate of screen (0) ...
5.8723 	EXP 	window1: recordFrameIntervals = False
6.0853 	EXP 	window1: recordFrameIntervals = True
6.9189 	WARNING 	Couldn't measure a consistent frame rate!
  - Is your graphics card set to sync to vertical blank?
  - Are you running other processes on your computer?

6.9239 	DEBUG 	TextBox2 loaded 1 chars with 0 blanks and 1 valid
6.9245 	DEBUG 	TextBox2 loaded 1 chars with 0 blanks and 1 valid
6.9254 	DEBUG 	TextBox2 loaded 1 chars with 0 blanks and 1 valid
6.9264 	DEBUG 	TextBox2 loaded 1 chars with 0 blanks and 1 valid
6.9274 	DEBUG 	TextBox2 loaded 1 chars with 0 blanks and 1 valid
6.9285 	DEBUG 	TextBox2 loaded 1 chars with 0 blanks and 1 valid
6.9291 	DEBUG 	TextBox2 loaded 1 chars with 0 blanks and 1 valid
6.9300 	DEBUG 	TextBox2 loaded 1 chars with 0 blanks and 1 valid
6.9310 	DEBUG 	TextBox2 loaded 1 chars with 0 blanks and 1 valid
6.9319 	DEBUG 	TextBox2 loaded 1 chars with 0 blanks and 1 valid
6.9321 	DEBUG 	Uploading Texture Font fontname to graphics card
6.9344 	DEBUG 	Upload of Texture Font fontname complete
6.9511 	WARNING 	launchHubServer: If using the iohub mouse or eyetracker devices, fullScr should be True.
10.9826 	INFO 	keyboard.Keyboard is using iohub backend.
10.9826 	INFO 	keyboard.Keyboard is using iohub backend.
10.9827 	INFO 	keyboard.Keyboard is using iohub backend.
10.9827 	INFO 	keyboard.Keyboard is using iohub backend.
10.9827 	INFO 	keyboard.Keyboard is using iohub backend.
10.9827 	INFO 	keyboard.Keyboard is using iohub backend.
10.9827 	INFO 	keyboard.Keyboard is using iohub backend.
10.9827 	INFO 	keyboard.Keyboard is using iohub backend.
10.9828 	INFO 	keyboard.Keyboard is using iohub backend.
10.9828 	INFO 	keyboard.Keyboard is using iohub backend.
10.9828 	EXP 	tilt_staircase: status = STARTED
11.0806 	EXP 	Created text_5 = TextStim(__class__=<class 'psychopy.visual.text.TextStim'>, alignHoriz=method-wrapper(...), alignText='center', alignVert=method-wrapper(...), anchorHoriz='center', anchorVert='center', antialias=True, autoDraw=False, autoLog=True, bold=False, color=array([1., 1., 1.]), colorSpace='rgb', contrast=1.0, depth=0.0, draggable=False, flipHoriz=False, flipVert=False, font='Arial', fontFiles=[], height=0.05, italic=False, languageStyle='LTR', name='text_5', opacity=1, ori=0.0, pos=array([0., 0.]), rgb=UNKNOWN, text=str(...), units='height', win=Window(...), wrapWidth=1)
11.0883 	EXP 	Created text_6 = TextStim(__class__=<class 'psychopy.visual.text.TextStim'>, alignHoriz=method-wrapper(...), alignText='center', alignVert=method-wrapper(...), anchorHoriz='center', anchorVert='center', antialias=True, autoDraw=False, autoLog=True, bold=False, color=array([1., 1., 1.]), colorSpace='rgb', contrast=1.0, depth=0.0, draggable=False, flipHoriz=False, flipVert=False, font='Arial', fontFiles=[], height=0.05, italic=False, languageStyle='LTR', name='text_6', opacity=1, ori=0.0, pos=array([0., 0.]), rgb=UNKNOWN, text=str(...), units='height', win=Window(...), wrapWidth=1)
11.0914 	EXP 	Created surround_practice_3 = GratingStim(__class__=<class 'psychopy.visual.grating.GratingStim'>, anchor='center', autoDraw=False, autoLog=True, blendmode='avg', color=array([1., 1., 1.]), colorSpace='rgb', contrast=1.0, depth=-1.0, draggable=False, interpolate=True, mask='circle', maskParams=None, name='surround_practice_3', opacity=1, ori=30.0, phase=array([1., 1.]), pos=array([0., 0.]), rgbPedestal=array([0., 0., 0.]), sf=array([2.5, 2.5]), size=array([6., 6.]), tex='sin', texRes=128.0, units='deg', win=Window(...))
11.0930 	EXP 	Created center_practice_3 = GratingStim(__class__=<class 'psychopy.visual.grating.GratingStim'>, anchor='center', autoDraw=False, autoLog=True, blendmode='avg', color=array([0.05, 0.05, 0.05]), colorSpace='rgb', contrast=0.05, depth=-2.0, draggable=False, interpolate=True, mask='circle', maskParams=None, name='center_practice_3', opacity=1, ori=0.0, phase=array([1., 1.]), pos=array([0., 0.]), rgbPedestal=array([0., 0., 0.]), sf=array([2.5, 2.5]), size=array([2., 2.]), tex='sin', texRes=128.0, units='deg', win=Window(...))
11.0945 	EXP 	Created surround_practice = GratingStim(__class__=<class 'psychopy.visual.grating.GratingStim'>, anchor='center', autoDraw=False, autoLog=True, blendmode='avg', color=array([0.05, 0.05, 0.05]), colorSpace='rgb', contrast=0.05, depth=0.0, draggable=False, interpolate=True, mask='circle', maskParams=None, name='surround_practice', opacity=1, ori=1.0, phase=array([1., 1.]), pos=array([0., 0.]), rgbPedestal=array([0., 0., 0.]), sf=array([2.5, 2.5]), size=array([6., 6.]), tex='sin', texRes=128.0, units='deg', win=Window(...))
11.0958 	EXP 	Created center_practice = GratingStim(__class__=<class 'psychopy.visual.grating.GratingStim'>, anchor='center', autoDraw=False, autoLog=True, blendmode='avg', color=array([1., 1., 1.]), colorSpace='rgb', contrast=1.0, depth=-1.0, draggable=False, interpolate=True, mask='circle', maskParams=None, name='center_practice', opacity=1, ori=1.0, phase=array([1., 1.]), pos=array([0., 0.]), rgbPedestal=array([0., 0., 0.]), sf=array([2.5, 2.5]), size=array([2., 2.]), tex='sin', texRes=128.0, units='deg', win=Window(...))
11.0977 	EXP 	Created text_9 = TextStim(__class__=<class 'psychopy.visual.text.TextStim'>, alignHoriz=method-wrapper(...), alignText='center', alignVert=method-wrapper(...), anchorHoriz='center', anchorVert='center', antialias=True, autoDraw=False, autoLog=True, bold=False, color=array([1., 1., 1.]), colorSpace='rgb', contrast=1.0, depth=-3.0, draggable=False, flipHoriz=False, flipVert=False, font='Arial', fontFiles=[], height=0.05, italic=False, languageStyle='LTR', name='text_9', opacity=1, ori=0.0, pos=array([0., 0.]), rgb=UNKNOWN, text='+', units='height', win=Window(...), wrapWidth=1)
11.1017 	EXP 	Created text_11 = TextStim(__class__=<class 'psychopy.visual.text.TextStim'>, alignHoriz=method-wrapper(...), alignText='center', alignVert=method-wrapper(...), anchorHoriz='center', anchorVert='center', antialias=True, autoDraw=False, autoLog=True, bold=False, color=array([1., 1., 1.]), colorSpace='rgb', contrast=1.0, depth=-4.0, draggable=False, flipHoriz=False, flipVert=False, font='Arial', fontFiles=[], height=0.05, italic=False, languageStyle='LTR', name='text_11', opacity=1, ori=0.0, pos=array([0., 0.]), rgb=UNKNOWN, text=str(...), units='height', win=Window(...), wrapWidth=1)
11.1023 	EXP 	Created text_7 = TextStim(__class__=<class 'psychopy.visual.text.TextStim'>, alignHoriz=method-wrapper(...), alignText='center', alignVert=method-wrapper(...), anchorHoriz='center', anchorVert='center', antialias=True, autoDraw=False, autoLog=True, bold=False, color=array([1., 1., 1.]), colorSpace='rgb', contrast=1.0, depth=-1.0, draggable=False, flipHoriz=False, flipVert=False, font='Arial', fontFiles=[], height=0.05, italic=False, languageStyle='LTR', name='text_7', opacity=1, ori=0.0, pos=array([0., 0.]), rgb=UNKNOWN, text='', units='height', win=Window(...), wrapWidth=1)
11.1096 	EXP 	Created text_8 = TextStim(__class__=<class 'psychopy.visual.text.TextStim'>, alignHoriz=method-wrapper(...), alignText='center', alignVert=method-wrapper(...), anchorHoriz='center', anchorVert='center', antialias=True, autoDraw=False, autoLog=True, bold=False, color=array([1., 1., 1.]), colorSpace='rgb', contrast=1.0, depth=0.0, draggable=False, flipHoriz=False, flipVert=False, font='Arial', fontFiles=[], height=0.05, italic=False, languageStyle='LTR', name='text_8', opacity=1, ori=0.0, pos=array([0., 0.]), rgb=UNKNOWN, text=str(...), units='height', win=Window(...), wrapWidth=1)
11.1113 	EXP 	Created surround_practice_2 = GratingStim(__class__=<class 'psychopy.visual.grating.GratingStim'>, anchor='center', autoDraw=False, autoLog=True, blendmode='avg', color=array([0.05, 0.05, 0.05]), colorSpace='rgb', contrast=0.05, depth=0.0, draggable=False, interpolate=True, mask='circle', maskParams=None, name='surround_practice_2', opacity=1.0, ori=1.0, phase=array([0., 0.]), pos=array([0., 0.]), rgbPedestal=array([0., 0., 0.]), sf=array([2.5, 2.5]), size=array([6., 6.]), tex='sin', texRes=128.0, units='deg', win=Window(...))
11.1128 	EXP 	Created center_practice_2 = GratingStim(__class__=<class 'psychopy.visual.grating.GratingStim'>, anchor='center', autoDraw=False, autoLog=True, blendmode='avg', color=array([0.05, 0.05, 0.05]), colorSpace='rgb', contrast=0.05, depth=-1.0, draggable=False, interpolate=True, mask='circle', maskParams=None, name='center_practice_2', opacity=1, ori=1.0, phase=array([0., 0.]), pos=array([0., 0.]), rgbPedestal=array([0., 0., 0.]), sf=array([2.5, 2.5]), size=array([2., 2.]), tex='sin', texRes=128.0, units='deg', win=Window(...))
11.1142 	EXP 	Created text_10 = TextStim(__class__=<class 'psychopy.visual.text.TextStim'>, alignHoriz=method-wrapper(...), alignText='center', alignVert=method-wrapper(...), anchorHoriz='center', anchorVert='center', antialias=True, autoDraw=False, autoLog=True, bold=False, color=array([1., 1., 1.]), colorSpace='rgb', contrast=1.0, depth=-3.0, draggable=False, flipHoriz=False, flipVert=False, font='Arial', fontFiles=[], height=0.05, italic=False, languageStyle='LTR', name='text_10', opacity=1, ori=0.0, pos=array([0., 0.]), rgb=UNKNOWN, text='+', units='height', win=Window(...), wrapWidth=1)
11.1169 	EXP 	Created text_12 = TextStim(__class__=<class 'psychopy.visual.text.TextStim'>, alignHoriz=method-wrapper(...), alignText='center', alignVert=method-wrapper(...), anchorHoriz='center', anchorVert='center', antialias=True, autoDraw=False, autoLog=True, bold=False, color=array([1., 1., 1.]), colorSpace='rgb', contrast=1.0, depth=-4.0, draggable=False, flipHoriz=False, flipVert=False, font='Arial', fontFiles=[], height=0.05, italic=False, languageStyle='LTR', name='text_12', opacity=1, ori=0.0, pos=array([0., 0.]), rgb=UNKNOWN, text=str(...), units='height', win=Window(...), wrapWidth=1)
11.1175 	EXP 	Created text_7 = TextStim(__class__=<class 'psychopy.visual.text.TextStim'>, alignHoriz=method-wrapper(...), alignText='center', alignVert=method-wrapper(...), anchorHoriz='center', anchorVert='center', antialias=True, autoDraw=False, autoLog=True, bold=False, color=array([1., 1., 1.]), colorSpace='rgb', contrast=1.0, depth=-1.0, draggable=False, flipHoriz=False, flipVert=False, font='Arial', fontFiles=[], height=0.05, italic=False, languageStyle='LTR', name='text_7', opacity=1, ori=0.0, pos=array([0., 0.]), rgb=UNKNOWN, text='', units='height', win=Window(...), wrapWidth=1)
11.1225 	EXP 	Created text_13 = TextStim(__class__=<class 'psychopy.visual.text.TextStim'>, alignHoriz=method-wrapper(...), alignText='center', alignVert=method-wrapper(...), anchorHoriz='center', anchorVert='center', antialias=True, autoDraw=False, autoLog=True, bold=False, color=array([1., 1., 1.]), colorSpace='rgb', contrast=1.0, depth=0.0, draggable=False, flipHoriz=False, flipVert=False, font='Arial', fontFiles=[], height=0.05, italic=False, languageStyle='LTR', name='text_13', opacity=1, ori=0.0, pos=array([0., 0.]), rgb=UNKNOWN, text=str(...), units='height', win=Window(...), wrapWidth=1)
11.1243 	EXP 	Created surround_grating = GratingStim(__class__=<class 'psychopy.visual.grating.GratingStim'>, anchor='center', autoDraw=False, autoLog=True, blendmode='avg', color=array([0.05, 0.05, 0.05]), colorSpace='rgb', contrast=0.05, depth=-2.0, draggable=False, interpolate=True, mask='circle', maskParams=None, name='surround_grating', opacity=1.0, ori=1.0, phase=array([1., 1.]), pos=array([0., 0.]), rgbPedestal=array([0., 0., 0.]), sf=array([2.5, 2.5]), size=array([6., 6.]), tex='sin', texRes=128.0, units='deg', win=Window(...))
11.1258 	EXP 	Created center_grating = GratingStim(__class__=<class 'psychopy.visual.grating.GratingStim'>, anchor='center', autoDraw=False, autoLog=True, blendmode='avg', color=array([0.05, 0.05, 0.05]), colorSpace='rgb', contrast=0.05, depth=-3.0, draggable=False, interpolate=True, mask='circle', maskParams=None, name='center_grating', opacity=1, ori=1.0, phase=array([1., 1.]), pos=array([0., 0.]), rgbPedestal=array([0., 0., 0.]), sf=array([2.5, 2.5]), size=array([2., 2.]), tex='sin', texRes=128.0, units='deg', win=Window(...))
11.1271 	EXP 	Created text_2 = TextStim(__class__=<class 'psychopy.visual.text.TextStim'>, alignHoriz=method-wrapper(...), alignText='center', alignVert=method-wrapper(...), anchorHoriz='center', anchorVert='center', antialias=True, autoDraw=False, autoLog=True, bold=False, color=array([1., 1., 1.]), colorSpace='rgb', contrast=1.0, depth=-5.0, draggable=False, flipHoriz=False, flipVert=False, font='Arial', fontFiles=[], height=0.05, italic=False, languageStyle='LTR', name='text_2', opacity=1, ori=0.0, pos=array([0., 0.]), rgb=UNKNOWN, text='+', units='height', win=Window(...), wrapWidth=1)
11.1297 	EXP 	Created text_3 = TextStim(__class__=<class 'psychopy.visual.text.TextStim'>, alignHoriz=method-wrapper(...), alignText='center', alignVert=method-wrapper(...), anchorHoriz='center', anchorVert='center', antialias=True, autoDraw=False, autoLog=True, bold=False, color=array([1., 1., 1.]), colorSpace='rgb', contrast=1.0, depth=-6.0, draggable=False, flipHoriz=False, flipVert=False, font='Arial', fontFiles=[], height=0.05, italic=False, languageStyle='LTR', name='text_3', opacity=1, ori=0.0, pos=array([0., 0.]), rgb=UNKNOWN, text=str(...), units='height', win=Window(...), wrapWidth=1)
11.1318 	EXP 	Created text_4 = TextStim(__class__=<class 'psychopy.visual.text.TextStim'>, alignHoriz=method-wrapper(...), alignText='center', alignVert=method-wrapper(...), anchorHoriz='center', anchorVert='center', antialias=True, autoDraw=False, autoLog=True, bold=False, color=array([1., 1., 1.]), colorSpace='rgb', contrast=1.0, depth=0.0, draggable=False, flipHoriz=False, flipVert=False, font='Arial', fontFiles=[], height=0.05, italic=False, languageStyle='LTR', name='text_4', opacity=1, ori=0.0, pos=array([0., 0.]), rgb=UNKNOWN, text='thank you and have a pleasant day ', units='height', win=Window(...), wrapWidth=1)
0.0489 	INFO 	Keyboard events cleared
0.0486 	EXP 	text_5: autoDraw = True
0.5968 	INFO 	Keyboard events cleared
0.5966 	WARNING 	t of last frame was 29.12ms (=1/34)
0.5966 	EXP 	text_5: autoDraw = False
0.5966 	EXP 	text_6: autoDraw = True
0.6802 	WARNING 	t of last frame was 23.83ms (=1/41)
0.7011 	WARNING 	t of last frame was 20.92ms (=1/47)
1.9150 	INFO 	Keyboard events cleared
1.9147 	WARNING 	t of last frame was 25.99ms (=1/38)
1.9147 	EXP 	text_6: autoDraw = False
1.9147 	EXP 	surround_practice_3: phase = array([0.10817708, 0.10817708])
1.9147 	EXP 	center_practice_3: phase = array([0.35264555, 0.35264555])
1.9147 	EXP 	surround_practice_3: autoDraw = True
1.9147 	EXP 	center_practice_3: autoDraw = True
1.9147 	EXP 	surround_practice_3: tex = 'sin'
1.9147 	EXP 	center_practice_3: tex = 'sin'
10.2515 	WARNING 	Multiple dropped frames have occurred - I'll stop bothering you about them!
22.8269 	DATA 	Keypress: escape
22.9075 	EXP 	tilt_staircase: status = STOPPED
22.9175 	EXP 	surround_practice_3: autoDraw = False
22.9175 	EXP 	center_practice_3: autoDraw = False
22.9192 	EXP 	tilt_staircase: status = STOPPED
22.9224 	INFO 	saved data to '/Users/bwinsto2/Downloads/data/097198_tilt_staircase_2025-08-14_16h38.25.245.csv'
22.9238 	INFO 	saved data to /Users/bwinsto2/Downloads/data/097198_tilt_staircase_2025-08-14_16h38.25.245.psydat
23.1125 	DEBUG 	Saving data for tilt_staircase ExperimentHandler
