5.3167 	DEBUG 	Fullscreen settings ignored as running in pilot mode.
5.3179 	INFO 	Loaded monitor calibration from ['2025_01_25 22:17']
5.5035 	EXP 	Created window1 = Window(allowGUI=False, allowStencil=False, autoLog=True, backendConf=UNKNOWN, backgroundFit=<method-wrapper '__getattribute__' of attributeSetter object at 0x7fe1799bea30>, backgroundImage=<method-wrapper '__getattribute__' of attributeSetter object at 0x7fe1799be940>, bitsMode=UNKNOWN, blendMode='avg', bpc=(8, 8, 8), color=array([0, 0, 0]), colorSpace='rgb', depthBits=8, fullscr=False, gamma=None, gammaErrorPolicy='raise', infoMsg=UNKNOWN, lms=UNKNOWN, monitor=<psychopy.monitors.calibTools.Monitor object at 0x7fe1799eb460>, multiSample=False, name='window1', numSamples=2, pos=[1320.0, 420.0], screen=1, size=array([800, 600]), stencilBits=0, stereo=False, title='PsychoPy', units='height', useFBO=True, useRetina=False, viewOri=0.0, viewPos=None, viewScale=None, waitBlanking=True, winType='pyglet')
5.5036 	EXP 	window1: backgroundImage = ''
5.5036 	EXP 	window1: backgroundFit = 'none'
5.5127 	DEBUG 	TextBox2 loaded 1 chars with 0 blanks and 1 valid
5.5135 	DEBUG 	TextBox2 loaded 1 chars with 0 blanks and 1 valid
5.5143 	DEBUG 	TextBox2 loaded 1 chars with 0 blanks and 1 valid
5.5153 	DEBUG 	TextBox2 loaded 1 chars with 0 blanks and 1 valid
5.5163 	DEBUG 	TextBox2 loaded 1 chars with 0 blanks and 1 valid
5.5168 	DEBUG 	TextBox2 loaded 1 chars with 0 blanks and 1 valid
5.5176 	DEBUG 	TextBox2 loaded 1 chars with 0 blanks and 1 valid
5.5186 	DEBUG 	TextBox2 loaded 1 chars with 0 blanks and 1 valid
5.5191 	DEBUG 	TextBox2 loaded 1 chars with 0 blanks and 1 valid
5.5195 	DEBUG 	TextBox2 loaded 1 chars with 0 blanks and 1 valid
5.5203 	DEBUG 	TextBox2 loaded 1 chars with 0 blanks and 1 valid
5.5212 	DEBUG 	TextBox2 loaded 1 chars with 0 blanks and 1 valid
5.5220 	DEBUG 	TextBox2 loaded 1 chars with 0 blanks and 1 valid
5.5227 	DEBUG 	TextBox2 loaded 1 chars with 0 blanks and 1 valid
5.5234 	DEBUG 	TextBox2 loaded 1 chars with 0 blanks and 1 valid
5.5241 	DEBUG 	TextBox2 loaded 1 chars with 0 blanks and 1 valid
5.5249 	DEBUG 	TextBox2 loaded 1 chars with 0 blanks and 1 valid
5.5255 	DEBUG 	TextBox2 loaded 1 chars with 0 blanks and 1 valid
5.5261 	DEBUG 	TextBox2 loaded 1 chars with 0 blanks and 1 valid
5.5271 	DEBUG 	TextBox2 loaded 1 chars with 0 blanks and 1 valid
5.5276 	DEBUG 	TextBox2 loaded 1 chars with 0 blanks and 1 valid
5.5278 	DEBUG 	Uploading Texture Font fontname to graphics card
5.5313 	DEBUG 	Upload of Texture Font fontname complete
5.5370 	DEBUG 	TextBox2 loaded 1 chars with 0 blanks and 1 valid
5.5381 	DEBUG 	TextBox2 loaded 1 chars with 0 blanks and 1 valid
5.5391 	DEBUG 	TextBox2 loaded 1 chars with 0 blanks and 1 valid
5.5393 	DEBUG 	Uploading Texture Font fontname to graphics card
5.5412 	DEBUG 	Upload of Texture Font fontname complete
5.5428 	EXP 	window1: Attempting to measure frame rate of screen (1) ...
5.5428 	EXP 	window1: recordFrameIntervals = False
5.7350 	EXP 	window1: recordFrameIntervals = True
6.1066 	EXP 	Screen (1) actual frame rate measured at 59.96Hz
6.1067 	EXP 	window1: recordFrameIntervals = False
6.1151 	DEBUG 	TextBox2 loaded 1 chars with 0 blanks and 1 valid
6.1166 	DEBUG 	TextBox2 loaded 1 chars with 0 blanks and 1 valid
6.1179 	DEBUG 	TextBox2 loaded 1 chars with 0 blanks and 1 valid
6.1196 	DEBUG 	TextBox2 loaded 1 chars with 0 blanks and 1 valid
6.1209 	DEBUG 	TextBox2 loaded 1 chars with 0 blanks and 1 valid
6.1224 	DEBUG 	TextBox2 loaded 1 chars with 0 blanks and 1 valid
6.1231 	DEBUG 	TextBox2 loaded 1 chars with 0 blanks and 1 valid
6.1245 	DEBUG 	TextBox2 loaded 1 chars with 0 blanks and 1 valid
6.1259 	DEBUG 	TextBox2 loaded 1 chars with 0 blanks and 1 valid
6.1279 	DEBUG 	TextBox2 loaded 1 chars with 0 blanks and 1 valid
6.1282 	DEBUG 	Uploading Texture Font fontname to graphics card
6.1314 	DEBUG 	Upload of Texture Font fontname complete
6.1516 	WARNING 	launchHubServer: If using the iohub mouse or eyetracker devices, fullScr should be True.
9.7819 	INFO 	keyboard.Keyboard is using iohub backend.
9.7820 	INFO 	keyboard.Keyboard is using iohub backend.
9.7820 	EXP 	tilt_staircase: status = STARTED
9.8045 	EXP 	Created surround = GratingStim(__class__=<class 'psychopy.visual.grating.GratingStim'>, anchor='center', autoDraw=False, autoLog=True, blendmode='avg', color=array([1., 1., 1.]), colorSpace='rgb', contrast=1.0, depth=-1.0, draggable=False, interpolate=True, mask='circle', maskParams=None, name='surround', opacity=1, ori=1.0, phase=array([0., 0.]), pos=array([0., 0.]), rgbPedestal=array([0., 0., 0.]), sf=array([7., 7.]), size=array([0.75, 0.75]), tex='sin', texRes=128.0, units='height', win=Window(...))
9.8153 	EXP 	Created center = GratingStim(__class__=<class 'psychopy.visual.grating.GratingStim'>, anchor='center', autoDraw=False, autoLog=True, blendmode='avg', color=array([1., 1., 1.]), colorSpace='rgb', contrast=1.0, depth=-2.0, draggable=False, interpolate=True, mask='circle', maskParams=None, name='center', opacity=1, ori=1.0, phase=array([0., 0.]), pos=array([0., 0.]), rgbPedestal=array([0., 0., 0.]), sf=array([2., 2.]), size=array([0.3, 0.3]), tex='sin', texRes=128.0, units='height', win=Window(...))
9.8328 	EXP 	Created text = TextStim(__class__=<class 'psychopy.visual.text.TextStim'>, alignHoriz=method-wrapper(...), alignText='center', alignVert=method-wrapper(...), anchorHoriz='center', anchorVert='center', antialias=True, autoDraw=False, autoLog=True, bold=False, color=array([ 1., -1., -1.]), colorSpace='rgb', contrast=1.0, depth=-4.0, draggable=False, flipHoriz=False, flipVert=False, font='Arial', fontFiles=[], height=0.05, italic=False, languageStyle='LTR', name='text', opacity=1, ori=0.0, pos=array([0., 0.]), rgb=UNKNOWN, text='', units='height', win=Window(...), wrapWidth=1)
9.8336 	EXP 	Created text_2 = TextStim(__class__=<class 'psychopy.visual.text.TextStim'>, alignHoriz=method-wrapper(...), alignText='center', alignVert=method-wrapper(...), anchorHoriz='center', anchorVert='center', antialias=True, autoDraw=False, autoLog=True, bold=False, color=array([1., 1., 1.]), colorSpace='rgb', contrast=1.0, depth=-5.0, draggable=False, flipHoriz=False, flipVert=False, font='Arial', fontFiles=[], height=0.05, italic=False, languageStyle='LTR', name='text_2', opacity=1, ori=0.0, pos=array([ 0., -1.]), rgb=UNKNOWN, text='', units='height', win=Window(...), wrapWidth=1)
0.0833 	DEBUG 	Saving data for tilt_staircase ExperimentHandler
0.0843 	INFO 	saved data to /Users/bwinsto2/Downloads/data/103004_tilt_staircase_2025-08-11_12h59.40.231.psydat
0.0852 	INFO 	saved data to '/Users/bwinsto2/Downloads/data/103004_tilt_staircase_2025-08-11_12h59.40.231.csv'
