4.7965 	DEBUG 	Fullscreen settings ignored as running in pilot mode.
4.7980 	INFO 	Loaded monitor calibration from ['2025_01_25 22:17']
4.9873 	EXP 	Created window1 = Window(allowGUI=False, allowStencil=False, autoLog=True, backendConf=UNKNOWN, backgroundFit=<method-wrapper '__getattribute__' of attributeSetter object at 0x7f9603ab1d30>, backgroundImage=<method-wrapper '__getattribute__' of attributeSetter object at 0x7f9603ab1c40>, bitsMode=UNKNOWN, blendMode='avg', bpc=(8, 8, 8), color=array([0, 0, 0]), colorSpace='rgb', depthBits=8, fullscr=False, gamma=None, gammaErrorPolicy='raise', infoMsg=UNKNOWN, lms=UNKNOWN, monitor=<psychopy.monitors.calibTools.Monitor object at 0x7f9603ae1730>, multiSample=False, name='window1', numSamples=2, pos=[1320.0, 420.0], screen=1, size=array([800, 600]), stencilBits=0, stereo=False, title='PsychoPy', units='height', useFBO=True, useRetina=False, viewOri=0.0, viewPos=None, viewScale=None, waitBlanking=True, winType='pyglet')
4.9873 	EXP 	window1: backgroundImage = ''
4.9873 	EXP 	window1: backgroundFit = 'none'
4.9952 	DEBUG 	TextBox2 loaded 1 chars with 0 blanks and 1 valid
4.9960 	DEBUG 	TextBox2 loaded 1 chars with 0 blanks and 1 valid
4.9969 	DEBUG 	TextBox2 loaded 1 chars with 0 blanks and 1 valid
4.9979 	DEBUG 	TextBox2 loaded 1 chars with 0 blanks and 1 valid
4.9989 	DEBUG 	TextBox2 loaded 1 chars with 0 blanks and 1 valid
4.9997 	DEBUG 	TextBox2 loaded 1 chars with 0 blanks and 1 valid
5.0005 	DEBUG 	TextBox2 loaded 1 chars with 0 blanks and 1 valid
5.0015 	DEBUG 	TextBox2 loaded 1 chars with 0 blanks and 1 valid
5.0020 	DEBUG 	TextBox2 loaded 1 chars with 0 blanks and 1 valid
5.0025 	DEBUG 	TextBox2 loaded 1 chars with 0 blanks and 1 valid
5.0033 	DEBUG 	TextBox2 loaded 1 chars with 0 blanks and 1 valid
5.0041 	DEBUG 	TextBox2 loaded 1 chars with 0 blanks and 1 valid
5.0049 	DEBUG 	TextBox2 loaded 1 chars with 0 blanks and 1 valid
5.0057 	DEBUG 	TextBox2 loaded 1 chars with 0 blanks and 1 valid
5.0064 	DEBUG 	TextBox2 loaded 1 chars with 0 blanks and 1 valid
5.0072 	DEBUG 	TextBox2 loaded 1 chars with 0 blanks and 1 valid
5.0080 	DEBUG 	TextBox2 loaded 1 chars with 0 blanks and 1 valid
5.0085 	DEBUG 	TextBox2 loaded 1 chars with 0 blanks and 1 valid
5.0091 	DEBUG 	TextBox2 loaded 1 chars with 0 blanks and 1 valid
5.0101 	DEBUG 	TextBox2 loaded 1 chars with 0 blanks and 1 valid
5.0107 	DEBUG 	TextBox2 loaded 1 chars with 0 blanks and 1 valid
5.0109 	DEBUG 	Uploading Texture Font fontname to graphics card
5.0147 	DEBUG 	Upload of Texture Font fontname complete
5.0207 	DEBUG 	TextBox2 loaded 1 chars with 0 blanks and 1 valid
5.0219 	DEBUG 	TextBox2 loaded 1 chars with 0 blanks and 1 valid
5.0229 	DEBUG 	TextBox2 loaded 1 chars with 0 blanks and 1 valid
5.0230 	DEBUG 	Uploading Texture Font fontname to graphics card
5.0250 	DEBUG 	Upload of Texture Font fontname complete
5.0267 	EXP 	window1: Attempting to measure frame rate of screen (1) ...
5.0267 	EXP 	window1: recordFrameIntervals = False
5.2519 	EXP 	window1: recordFrameIntervals = True
5.7421 	WARNING 	t of last frame was 20.40ms (=1/49)
5.7751 	WARNING 	t of last frame was 20.21ms (=1/49)
5.8096 	WARNING 	t of last frame was 21.09ms (=1/47)
6.1690 	WARNING 	Couldn't measure a consistent frame rate!
  - Is your graphics card set to sync to vertical blank?
  - Are you running other processes on your computer?

6.1752 	DEBUG 	TextBox2 loaded 1 chars with 0 blanks and 1 valid
6.1758 	DEBUG 	TextBox2 loaded 1 chars with 0 blanks and 1 valid
6.1768 	DEBUG 	TextBox2 loaded 1 chars with 0 blanks and 1 valid
6.1780 	DEBUG 	TextBox2 loaded 1 chars with 0 blanks and 1 valid
6.1793 	DEBUG 	TextBox2 loaded 1 chars with 0 blanks and 1 valid
6.1806 	DEBUG 	TextBox2 loaded 1 chars with 0 blanks and 1 valid
6.1812 	DEBUG 	TextBox2 loaded 1 chars with 0 blanks and 1 valid
6.1823 	DEBUG 	TextBox2 loaded 1 chars with 0 blanks and 1 valid
6.1834 	DEBUG 	TextBox2 loaded 1 chars with 0 blanks and 1 valid
6.1843 	DEBUG 	TextBox2 loaded 1 chars with 0 blanks and 1 valid
6.1846 	DEBUG 	Uploading Texture Font fontname to graphics card
6.1872 	DEBUG 	Upload of Texture Font fontname complete
6.2048 	WARNING 	launchHubServer: If using the iohub mouse or eyetracker devices, fullScr should be True.
9.5541 	INFO 	keyboard.Keyboard is using iohub backend.
9.5541 	INFO 	keyboard.Keyboard is using iohub backend.
9.5542 	EXP 	tilt_staircase: status = STARTED
9.5597 	EXP 	Created surround = GratingStim(__class__=<class 'psychopy.visual.grating.GratingStim'>, anchor='center', autoDraw=False, autoLog=True, blendmode='avg', color=array([1., 1., 1.]), colorSpace='rgb', contrast=1.0, depth=-1.0, draggable=False, interpolate=True, mask='circle', maskParams=None, name='surround', opacity=1, ori=1.0, phase=array([0., 0.]), pos=array([0., 0.]), rgbPedestal=array([0., 0., 0.]), sf=array([7., 7.]), size=array([0.75, 0.75]), tex='sin', texRes=128.0, units='height', win=Window(...))
9.5611 	EXP 	Created center = GratingStim(__class__=<class 'psychopy.visual.grating.GratingStim'>, anchor='center', autoDraw=False, autoLog=True, blendmode='avg', color=array([1., 1., 1.]), colorSpace='rgb', contrast=1.0, depth=-2.0, draggable=False, interpolate=True, mask='circle', maskParams=None, name='center', opacity=1, ori=1.0, phase=array([0., 0.]), pos=array([0., 0.]), rgbPedestal=array([0., 0., 0.]), sf=array([2., 2.]), size=array([0.3, 0.3]), tex='sin', texRes=128.0, units='height', win=Window(...))
9.5831 	EXP 	Created text_2 = TextStim(__class__=<class 'psychopy.visual.text.TextStim'>, alignHoriz=method-wrapper(...), alignText='center', alignVert=method-wrapper(...), anchorHoriz='center', anchorVert='center', antialias=True, autoDraw=False, autoLog=True, bold=False, color=array([1., 1., 1.]), colorSpace='rgb', contrast=1.0, depth=-4.0, draggable=False, flipHoriz=False, flipVert=False, font='Arial', fontFiles=[], height=0.05, italic=False, languageStyle='LTR', name='text_2', opacity=1, ori=0.0, pos=array([0., 0.]), rgb=UNKNOWN, text='+', units='height', win=Window(...), wrapWidth=1)
9.5899 	EXP 	Created text_3 = TextStim(__class__=<class 'psychopy.visual.text.TextStim'>, alignHoriz=method-wrapper(...), alignText='center', alignVert=method-wrapper(...), anchorHoriz='center', anchorVert='center', antialias=True, autoDraw=False, autoLog=True, bold=False, color=array([1., 1., 1.]), colorSpace='rgb', contrast=1.0, depth=-5.0, draggable=False, flipHoriz=False, flipVert=False, font='Arial', fontFiles=[], height=0.05, italic=False, languageStyle='LTR', name='text_3', opacity=1, ori=0.0, pos=array([ 0.  , -0.75]), rgb=UNKNOWN, text=str(...), units='height', win=Window(...), wrapWidth=1)
0.0159 	DEBUG 	Read csv file with pandas: tilt_staircase.csv
0.0169 	DEBUG 	Clearing unnamed columns from tilt_staircase.csv
0.0176 	EXP 	Imported tilt_staircase.csv as conditions, 2 conditions, 10 params
0.0970 	DEBUG 	Using /Applications/PsychoPy.app/Contents/Resources/lib/python3.8/psychopy/data/staircase.py as origin file
0.0972 	DEBUG 	Using /Applications/PsychoPy.app/Contents/Resources/lib/python3.8/psychopy/data/staircase.py as origin file
0.1024 	INFO 	Keyboard events cleared
0.1022 	WARNING 	t of last frame was 96.15ms (=1/10)
0.1022 	EXP 	surround: ori = 10.0
0.1022 	EXP 	center: ori = -20.0
0.1022 	EXP 	text_2: autoDraw = True
0.4974 	EXP 	surround: autoDraw = True
0.4974 	EXP 	center: autoDraw = True
0.4974 	EXP 	surround: tex = 'sin'
0.4974 	EXP 	center: tex = 'sin'
0.5840 	EXP 	surround: autoDraw = False
0.5840 	EXP 	center: autoDraw = False
0.5975 	EXP 	text_3: autoDraw = True
0.6010 	EXP 	text_2: autoDraw = False
4.5494 	DATA 	Keypress: left
4.5521 	INFO 	Keyboard events cleared
4.5521 	WARNING 	Multiple dropped frames have occurred - I'll stop bothering you about them!
4.5518 	EXP 	surround: autoDraw = False
4.5518 	EXP 	center: autoDraw = False
4.5518 	EXP 	text_2: autoDraw = False
4.5518 	EXP 	text_3: autoDraw = False
4.5518 	EXP 	surround: ori = 50.0
4.5518 	EXP 	center: ori = 20.0
4.5518 	EXP 	text_2: autoDraw = True
4.9995 	EXP 	surround: autoDraw = True
4.9995 	EXP 	center: autoDraw = True
5.0495 	EXP 	text_2: autoDraw = False
5.0859 	EXP 	surround: autoDraw = False
5.0859 	EXP 	center: autoDraw = False
5.0995 	EXP 	text_3: autoDraw = True
8.1215 	DATA 	Keypress: escape
8.1700 	EXP 	tilt_staircase: status = STOPPED
8.1713 	EXP 	text_3: autoDraw = False
8.1730 	EXP 	tilt_staircase: status = STOPPED
8.1752 	INFO 	saved data to '/Users/bwinsto2/Downloads/data/109644_tilt_staircase_2025-08-11_14h24.46.666.csv'
8.1762 	INFO 	saved data to /Users/bwinsto2/Downloads/data/109644_tilt_staircase_2025-08-11_14h24.46.666.psydat
8.6966 	DEBUG 	Saving data for tilt_staircase ExperimentHandler
