5.2394 	INFO 	Loaded monitor calibration from ['2025_08_13 14:32']
5.4365 	EXP 	Created window1 = Window(allowGUI=True, allowStencil=False, autoLog=True, backendConf=UNKNOWN, backgroundFit=<method-wrapper '__getattribute__' of attributeSetter object at 0x7fbad37d7df0>, backgroundImage=<method-wrapper '__getattribute__' of attributeSetter object at 0x7fbad37d7d00>, bitsMode=UNKNOWN, blendMode='avg', bpc=(8, 8, 8), color=array([0, 0, 0]), colorSpace='rgb', depthBits=8, fullscr=False, gamma=None, gammaErrorPolicy='raise', infoMsg=UNKNOWN, lms=UNKNOWN, monitor=<psychopy.monitors.calibTools.Monitor object at 0x7fbb019b4760>, multiSample=False, name='window1', numSamples=2, pos=[320.0, 150.0], screen=0, size=array([1600, 1200]), stencilBits=0, stereo=False, title='PsychoPy', units='height', useFBO=True, useRetina=True, viewOri=0.0, viewPos=None, viewScale=None, waitBlanking=True, winType='pyglet')
5.4365 	EXP 	window1: backgroundImage = ''
5.4365 	EXP 	window1: backgroundFit = 'none'
5.4449 	DEBUG 	TextBox2 loaded 1 chars with 0 blanks and 1 valid
5.4456 	DEBUG 	TextBox2 loaded 1 chars with 0 blanks and 1 valid
5.4463 	DEBUG 	TextBox2 loaded 1 chars with 0 blanks and 1 valid
5.4472 	DEBUG 	TextBox2 loaded 1 chars with 0 blanks and 1 valid
5.4482 	DEBUG 	TextBox2 loaded 1 chars with 0 blanks and 1 valid
5.4488 	DEBUG 	TextBox2 loaded 1 chars with 0 blanks and 1 valid
5.4496 	DEBUG 	TextBox2 loaded 1 chars with 0 blanks and 1 valid
5.4506 	DEBUG 	TextBox2 loaded 1 chars with 0 blanks and 1 valid
5.4510 	DEBUG 	TextBox2 loaded 1 chars with 0 blanks and 1 valid
5.4515 	DEBUG 	TextBox2 loaded 1 chars with 0 blanks and 1 valid
5.4522 	DEBUG 	TextBox2 loaded 1 chars with 0 blanks and 1 valid
5.4530 	DEBUG 	TextBox2 loaded 1 chars with 0 blanks and 1 valid
5.4537 	DEBUG 	TextBox2 loaded 1 chars with 0 blanks and 1 valid
5.4545 	DEBUG 	TextBox2 loaded 1 chars with 0 blanks and 1 valid
5.4552 	DEBUG 	TextBox2 loaded 1 chars with 0 blanks and 1 valid
5.4560 	DEBUG 	TextBox2 loaded 1 chars with 0 blanks and 1 valid
5.4568 	DEBUG 	TextBox2 loaded 1 chars with 0 blanks and 1 valid
5.4573 	DEBUG 	TextBox2 loaded 1 chars with 0 blanks and 1 valid
5.4577 	DEBUG 	TextBox2 loaded 1 chars with 0 blanks and 1 valid
5.4587 	DEBUG 	TextBox2 loaded 1 chars with 0 blanks and 1 valid
5.4592 	DEBUG 	TextBox2 loaded 1 chars with 0 blanks and 1 valid
5.4594 	DEBUG 	Uploading Texture Font fontname to graphics card
5.4629 	DEBUG 	Upload of Texture Font fontname complete
5.4684 	DEBUG 	TextBox2 loaded 1 chars with 0 blanks and 1 valid
5.4695 	DEBUG 	TextBox2 loaded 1 chars with 0 blanks and 1 valid
5.4704 	DEBUG 	TextBox2 loaded 1 chars with 0 blanks and 1 valid
5.4706 	DEBUG 	Uploading Texture Font fontname to graphics card
5.4726 	DEBUG 	Upload of Texture Font fontname complete
5.4741 	EXP 	window1: Attempting to measure frame rate of screen (0) ...
5.4741 	EXP 	window1: recordFrameIntervals = False
5.6786 	EXP 	window1: recordFrameIntervals = True
6.5129 	WARNING 	Couldn't measure a consistent frame rate!
  - Is your graphics card set to sync to vertical blank?
  - Are you running other processes on your computer?

6.5238 	DEBUG 	TextBox2 loaded 1 chars with 0 blanks and 1 valid
6.5249 	DEBUG 	TextBox2 loaded 1 chars with 0 blanks and 1 valid
6.5266 	DEBUG 	TextBox2 loaded 1 chars with 0 blanks and 1 valid
6.5286 	DEBUG 	TextBox2 loaded 1 chars with 0 blanks and 1 valid
6.5304 	DEBUG 	TextBox2 loaded 1 chars with 0 blanks and 1 valid
6.5323 	DEBUG 	TextBox2 loaded 1 chars with 0 blanks and 1 valid
6.5332 	DEBUG 	TextBox2 loaded 1 chars with 0 blanks and 1 valid
6.5349 	DEBUG 	TextBox2 loaded 1 chars with 0 blanks and 1 valid
6.5367 	DEBUG 	TextBox2 loaded 1 chars with 0 blanks and 1 valid
6.5383 	DEBUG 	TextBox2 loaded 1 chars with 0 blanks and 1 valid
6.5388 	DEBUG 	Uploading Texture Font fontname to graphics card
6.5436 	DEBUG 	Upload of Texture Font fontname complete
6.5700 	WARNING 	launchHubServer: If using the iohub mouse or eyetracker devices, fullScr should be True.
10.1508 	INFO 	keyboard.Keyboard is using iohub backend.
10.1508 	INFO 	keyboard.Keyboard is using iohub backend.
10.1509 	INFO 	keyboard.Keyboard is using iohub backend.
10.1509 	INFO 	keyboard.Keyboard is using iohub backend.
10.1509 	INFO 	keyboard.Keyboard is using iohub backend.
10.1509 	INFO 	keyboard.Keyboard is using iohub backend.
10.1509 	INFO 	keyboard.Keyboard is using iohub backend.
10.1510 	INFO 	keyboard.Keyboard is using iohub backend.
10.1510 	INFO 	keyboard.Keyboard is using iohub backend.
10.1510 	EXP 	tilt_staircase: status = STARTED
10.1969 	EXP 	Created text_5 = TextStim(__class__=<class 'psychopy.visual.text.TextStim'>, alignHoriz=method-wrapper(...), alignText='center', alignVert=method-wrapper(...), anchorHoriz='center', anchorVert='center', antialias=True, autoDraw=False, autoLog=True, bold=False, color=array([1., 1., 1.]), colorSpace='rgb', contrast=1.0, depth=0.0, draggable=False, flipHoriz=False, flipVert=False, font='Arial', fontFiles=[], height=0.05, italic=False, languageStyle='LTR', name='text_5', opacity=1, ori=0.0, pos=array([0., 0.]), rgb=UNKNOWN, text=str(...), units='height', win=Window(...), wrapWidth=1)
10.2037 	EXP 	Created text_6 = TextStim(__class__=<class 'psychopy.visual.text.TextStim'>, alignHoriz=method-wrapper(...), alignText='center', alignVert=method-wrapper(...), anchorHoriz='center', anchorVert='center', antialias=True, autoDraw=False, autoLog=True, bold=False, color=array([1., 1., 1.]), colorSpace='rgb', contrast=1.0, depth=0.0, draggable=False, flipHoriz=False, flipVert=False, font='Arial', fontFiles=[], height=0.05, italic=False, languageStyle='LTR', name='text_6', opacity=1, ori=0.0, pos=array([0., 0.]), rgb=UNKNOWN, text=str(...), units='height', win=Window(...), wrapWidth=1)
10.2058 	EXP 	Created surround_practice = GratingStim(__class__=<class 'psychopy.visual.grating.GratingStim'>, anchor='center', autoDraw=False, autoLog=True, blendmode='avg', color=array([1., 1., 1.]), colorSpace='rgb', contrast=1.0, depth=0.0, draggable=False, interpolate=True, mask='circle', maskParams=None, name='surround_practice', opacity=1, ori=1.0, phase=array([0., 0.]), pos=array([0., 0.]), rgbPedestal=array([0., 0., 0.]), sf=array([8., 8.]), size=array([0.8, 0.8]), tex='sin', texRes=128.0, units='height', win=Window(...))
10.2072 	EXP 	Created center_practice = GratingStim(__class__=<class 'psychopy.visual.grating.GratingStim'>, anchor='center', autoDraw=False, autoLog=True, blendmode='avg', color=array([1., 1., 1.]), colorSpace='rgb', contrast=1.0, depth=-1.0, draggable=False, interpolate=True, mask='circle', maskParams=None, name='center_practice', opacity=1, ori=1.0, phase=array([0., 0.]), pos=array([0., 0.]), rgbPedestal=array([0., 0., 0.]), sf=array([4., 4.]), size=array([0.25, 0.25]), tex='sin', texRes=128.0, units='height', win=Window(...))
10.2088 	EXP 	Created text_9 = TextStim(__class__=<class 'psychopy.visual.text.TextStim'>, alignHoriz=method-wrapper(...), alignText='center', alignVert=method-wrapper(...), anchorHoriz='center', anchorVert='center', antialias=True, autoDraw=False, autoLog=True, bold=False, color=array([1., 1., 1.]), colorSpace='rgb', contrast=1.0, depth=-3.0, draggable=False, flipHoriz=False, flipVert=False, font='Arial', fontFiles=[], height=0.05, italic=False, languageStyle='LTR', name='text_9', opacity=1, ori=0.0, pos=array([0., 0.]), rgb=UNKNOWN, text='+', units='height', win=Window(...), wrapWidth=1)
10.2122 	EXP 	Created text_11 = TextStim(__class__=<class 'psychopy.visual.text.TextStim'>, alignHoriz=method-wrapper(...), alignText='center', alignVert=method-wrapper(...), anchorHoriz='center', anchorVert='center', antialias=True, autoDraw=False, autoLog=True, bold=False, color=array([1., 1., 1.]), colorSpace='rgb', contrast=1.0, depth=-4.0, draggable=False, flipHoriz=False, flipVert=False, font='Arial', fontFiles=[], height=0.05, italic=False, languageStyle='LTR', name='text_11', opacity=1, ori=0.0, pos=array([0., 0.]), rgb=UNKNOWN, text=str(...), units='height', win=Window(...), wrapWidth=1)
10.2127 	EXP 	Created text_7 = TextStim(__class__=<class 'psychopy.visual.text.TextStim'>, alignHoriz=method-wrapper(...), alignText='center', alignVert=method-wrapper(...), anchorHoriz='center', anchorVert='center', antialias=True, autoDraw=False, autoLog=True, bold=False, color=array([1., 1., 1.]), colorSpace='rgb', contrast=1.0, depth=-1.0, draggable=False, flipHoriz=False, flipVert=False, font='Arial', fontFiles=[], height=0.05, italic=False, languageStyle='LTR', name='text_7', opacity=1, ori=0.0, pos=array([0., 0.]), rgb=UNKNOWN, text='', units='height', win=Window(...), wrapWidth=1)
10.2195 	EXP 	Created text_8 = TextStim(__class__=<class 'psychopy.visual.text.TextStim'>, alignHoriz=method-wrapper(...), alignText='center', alignVert=method-wrapper(...), anchorHoriz='center', anchorVert='center', antialias=True, autoDraw=False, autoLog=True, bold=False, color=array([1., 1., 1.]), colorSpace='rgb', contrast=1.0, depth=0.0, draggable=False, flipHoriz=False, flipVert=False, font='Arial', fontFiles=[], height=0.05, italic=False, languageStyle='LTR', name='text_8', opacity=1, ori=0.0, pos=array([0., 0.]), rgb=UNKNOWN, text=str(...), units='height', win=Window(...), wrapWidth=1)
10.2210 	EXP 	Created surround_practice_2 = GratingStim(__class__=<class 'psychopy.visual.grating.GratingStim'>, anchor='center', autoDraw=False, autoLog=True, blendmode='avg', color=array([1., 1., 1.]), colorSpace='rgb', contrast=1.0, depth=0.0, draggable=False, interpolate=True, mask='circle', maskParams=None, name='surround_practice_2', opacity=1.0, ori=1.0, phase=array([0., 0.]), pos=array([0., 0.]), rgbPedestal=array([0., 0., 0.]), sf=array([2.5, 2.5]), size=array([5., 5.]), tex='sin', texRes=128.0, units='cm', win=Window(...))
10.2224 	EXP 	Created center_practice_2 = GratingStim(__class__=<class 'psychopy.visual.grating.GratingStim'>, anchor='center', autoDraw=False, autoLog=True, blendmode='avg', color=array([1., 1., 1.]), colorSpace='rgb', contrast=1.0, depth=-1.0, draggable=False, interpolate=True, mask='circle', maskParams=None, name='center_practice_2', opacity=1, ori=1.0, phase=array([0., 0.]), pos=array([0., 0.]), rgbPedestal=array([0., 0., 0.]), sf=array([2.5, 2.5]), size=array([1.25, 1.25]), tex='sin', texRes=128.0, units='cm', win=Window(...))
10.2235 	EXP 	Created text_10 = TextStim(__class__=<class 'psychopy.visual.text.TextStim'>, alignHoriz=method-wrapper(...), alignText='center', alignVert=method-wrapper(...), anchorHoriz='center', anchorVert='center', antialias=True, autoDraw=False, autoLog=True, bold=False, color=array([1., 1., 1.]), colorSpace='rgb', contrast=1.0, depth=-3.0, draggable=False, flipHoriz=False, flipVert=False, font='Arial', fontFiles=[], height=0.05, italic=False, languageStyle='LTR', name='text_10', opacity=1, ori=0.0, pos=array([0., 0.]), rgb=UNKNOWN, text='+', units='height', win=Window(...), wrapWidth=1)
10.2259 	EXP 	Created text_12 = TextStim(__class__=<class 'psychopy.visual.text.TextStim'>, alignHoriz=method-wrapper(...), alignText='center', alignVert=method-wrapper(...), anchorHoriz='center', anchorVert='center', antialias=True, autoDraw=False, autoLog=True, bold=False, color=array([1., 1., 1.]), colorSpace='rgb', contrast=1.0, depth=-4.0, draggable=False, flipHoriz=False, flipVert=False, font='Arial', fontFiles=[], height=0.05, italic=False, languageStyle='LTR', name='text_12', opacity=1, ori=0.0, pos=array([0., 0.]), rgb=UNKNOWN, text=str(...), units='height', win=Window(...), wrapWidth=1)
10.2264 	EXP 	Created text_7 = TextStim(__class__=<class 'psychopy.visual.text.TextStim'>, alignHoriz=method-wrapper(...), alignText='center', alignVert=method-wrapper(...), anchorHoriz='center', anchorVert='center', antialias=True, autoDraw=False, autoLog=True, bold=False, color=array([1., 1., 1.]), colorSpace='rgb', contrast=1.0, depth=-1.0, draggable=False, flipHoriz=False, flipVert=False, font='Arial', fontFiles=[], height=0.05, italic=False, languageStyle='LTR', name='text_7', opacity=1, ori=0.0, pos=array([0., 0.]), rgb=UNKNOWN, text='', units='height', win=Window(...), wrapWidth=1)
10.2308 	EXP 	Created text_13 = TextStim(__class__=<class 'psychopy.visual.text.TextStim'>, alignHoriz=method-wrapper(...), alignText='center', alignVert=method-wrapper(...), anchorHoriz='center', anchorVert='center', antialias=True, autoDraw=False, autoLog=True, bold=False, color=array([1., 1., 1.]), colorSpace='rgb', contrast=1.0, depth=0.0, draggable=False, flipHoriz=False, flipVert=False, font='Arial', fontFiles=[], height=0.05, italic=False, languageStyle='LTR', name='text_13', opacity=1, ori=0.0, pos=array([0., 0.]), rgb=UNKNOWN, text=str(...), units='height', win=Window(...), wrapWidth=1)
10.2323 	EXP 	Created surround_grating = GratingStim(__class__=<class 'psychopy.visual.grating.GratingStim'>, anchor='center', autoDraw=False, autoLog=True, blendmode='avg', color=array([1., 1., 1.]), colorSpace='rgb', contrast=1.0, depth=-1.0, draggable=False, interpolate=True, mask='circle', maskParams=None, name='surround_grating', opacity=1.0, ori=1.0, phase=array([0., 0.]), pos=array([0., 0.]), rgbPedestal=array([0., 0., 0.]), sf=array([2.5, 2.5]), size=array([5., 5.]), tex='sin', texRes=128.0, units='cm', win=Window(...))
10.2337 	EXP 	Created center_grating = GratingStim(__class__=<class 'psychopy.visual.grating.GratingStim'>, anchor='center', autoDraw=False, autoLog=True, blendmode='avg', color=array([1., 1., 1.]), colorSpace='rgb', contrast=1.0, depth=-2.0, draggable=False, interpolate=True, mask='circle', maskParams=None, name='center_grating', opacity=1, ori=1.0, phase=array([0., 0.]), pos=array([0., 0.]), rgbPedestal=array([0., 0., 0.]), sf=array([2.5, 2.5]), size=array([1.25, 1.25]), tex='sin', texRes=128.0, units='cm', win=Window(...))
10.2349 	EXP 	Created text_2 = TextStim(__class__=<class 'psychopy.visual.text.TextStim'>, alignHoriz=method-wrapper(...), alignText='center', alignVert=method-wrapper(...), anchorHoriz='center', anchorVert='center', antialias=True, autoDraw=False, autoLog=True, bold=False, color=array([1., 1., 1.]), colorSpace='rgb', contrast=1.0, depth=-4.0, draggable=False, flipHoriz=False, flipVert=False, font='Arial', fontFiles=[], height=0.05, italic=False, languageStyle='LTR', name='text_2', opacity=1, ori=0.0, pos=array([0., 0.]), rgb=UNKNOWN, text='+', units='height', win=Window(...), wrapWidth=1)
10.2373 	EXP 	Created text_3 = TextStim(__class__=<class 'psychopy.visual.text.TextStim'>, alignHoriz=method-wrapper(...), alignText='center', alignVert=method-wrapper(...), anchorHoriz='center', anchorVert='center', antialias=True, autoDraw=False, autoLog=True, bold=False, color=array([1., 1., 1.]), colorSpace='rgb', contrast=1.0, depth=-5.0, draggable=False, flipHoriz=False, flipVert=False, font='Arial', fontFiles=[], height=0.05, italic=False, languageStyle='LTR', name='text_3', opacity=1, ori=0.0, pos=array([0., 0.]), rgb=UNKNOWN, text=str(...), units='height', win=Window(...), wrapWidth=1)
10.2391 	EXP 	Created text_4 = TextStim(__class__=<class 'psychopy.visual.text.TextStim'>, alignHoriz=method-wrapper(...), alignText='center', alignVert=method-wrapper(...), anchorHoriz='center', anchorVert='center', antialias=True, autoDraw=False, autoLog=True, bold=False, color=array([1., 1., 1.]), colorSpace='rgb', contrast=1.0, depth=0.0, draggable=False, flipHoriz=False, flipVert=False, font='Arial', fontFiles=[], height=0.05, italic=False, languageStyle='LTR', name='text_4', opacity=1, ori=0.0, pos=array([0., 0.]), rgb=UNKNOWN, text='thank you and have a pleasant day ', units='height', win=Window(...), wrapWidth=1)
0.0219 	INFO 	Keyboard events cleared
0.0217 	EXP 	text_5: autoDraw = True
1.0501 	DATA 	Keypress: space
1.0539 	INFO 	Keyboard events cleared
1.0536 	WARNING 	t of last frame was 47.31ms (=1/21)
1.0536 	EXP 	text_5: autoDraw = False
1.0536 	EXP 	text_6: autoDraw = True
1.4182 	DEBUG 	Read csv file with pandas: tilt_practice_1.csv
1.4192 	DEBUG 	Clearing unnamed columns from tilt_practice_1.csv
1.4196 	EXP 	Imported tilt_practice_1.csv as conditions, 4 conditions, 3 params
1.4199 	EXP 	New trial (rep=0, index=0): <Trial 0 (0 in rep 0) data={'center': 30, 'surround': 0, 'correct': 'right', 'thisN': 0, 'thisTrialN': 0, 'thisRepN': 0}>
1.4273 	DATA 	Keypress: space
1.4300 	INFO 	Keyboard events cleared
1.4297 	EXP 	text_6: autoDraw = False
1.4297 	EXP 	surround_practice: ori = 0.0
1.4297 	EXP 	center_practice: ori = 30.0
1.4297 	EXP 	text_9: autoDraw = True
1.9162 	EXP 	surround_practice: autoDraw = True
1.9162 	EXP 	center_practice: autoDraw = True
1.9162 	EXP 	surround_practice: tex = 'sin'
1.9162 	EXP 	center_practice: tex = 'sin'
1.9228 	EXP 	text_9: autoDraw = False
2.9113 	EXP 	surround_practice: autoDraw = False
2.9113 	EXP 	center_practice: autoDraw = False
2.9113 	EXP 	text_11: autoDraw = True
3.4348 	DATA 	Keypress: escape
3.4488 	WARNING 	t of last frame was 42.49ms (=1/23)
3.5462 	EXP 	tilt_staircase: status = STOPPED
3.5562 	EXP 	text_11: autoDraw = False
3.5578 	EXP 	tilt_staircase: status = STOPPED
3.5608 	INFO 	saved data to '/Users/bwinsto2/Downloads/data/132039_tilt_staircase_2025-08-14_14h48.48.877.csv'
3.5619 	INFO 	saved data to /Users/bwinsto2/Downloads/data/132039_tilt_staircase_2025-08-14_14h48.48.877.psydat
3.6998 	DEBUG 	Saving data for tilt_staircase ExperimentHandler
