4.9599 	DEBUG 	Fullscreen settings ignored as running in pilot mode.
4.9614 	INFO 	Loaded monitor calibration from ['2025_01_25 22:17']
5.1563 	EXP 	Created window1 = Window(allowGUI=False, allowStencil=False, autoLog=True, backendConf=UNKNOWN, backgroundFit=<method-wrapper '__getattribute__' of attributeSetter object at 0x7fb34b75fac0>, backgroundImage=<method-wrapper '__getattribute__' of attributeSetter object at 0x7fb34b75f9a0>, bitsMode=UNKNOWN, blendMode='avg', bpc=(8, 8, 8), color=array([0, 0, 0]), colorSpace='rgb', depthBits=8, fullscr=False, gamma=None, gammaErrorPolicy='raise', infoMsg=UNKNOWN, lms=UNKNOWN, monitor=<psychopy.monitors.calibTools.Monitor object at 0x7fb34b78a4f0>, multiSample=False, name='window1', numSamples=2, pos=[1320.0, 420.0], screen=1, size=array([800, 600]), stencilBits=0, stereo=False, title='PsychoPy', units='height', useFBO=True, useRetina=False, viewOri=0.0, viewPos=None, viewScale=None, waitBlanking=True, winType='pyglet')
5.1564 	EXP 	window1: backgroundImage = ''
5.1564 	EXP 	window1: backgroundFit = 'none'
5.1646 	DEBUG 	TextBox2 loaded 1 chars with 0 blanks and 1 valid
5.1654 	DEBUG 	TextBox2 loaded 1 chars with 0 blanks and 1 valid
5.1663 	DEBUG 	TextBox2 loaded 1 chars with 0 blanks and 1 valid
5.1673 	DEBUG 	TextBox2 loaded 1 chars with 0 blanks and 1 valid
5.1683 	DEBUG 	TextBox2 loaded 1 chars with 0 blanks and 1 valid
5.1688 	DEBUG 	TextBox2 loaded 1 chars with 0 blanks and 1 valid
5.1696 	DEBUG 	TextBox2 loaded 1 chars with 0 blanks and 1 valid
5.1706 	DEBUG 	TextBox2 loaded 1 chars with 0 blanks and 1 valid
5.1710 	DEBUG 	TextBox2 loaded 1 chars with 0 blanks and 1 valid
5.1715 	DEBUG 	TextBox2 loaded 1 chars with 0 blanks and 1 valid
5.1723 	DEBUG 	TextBox2 loaded 1 chars with 0 blanks and 1 valid
5.1731 	DEBUG 	TextBox2 loaded 1 chars with 0 blanks and 1 valid
5.1738 	DEBUG 	TextBox2 loaded 1 chars with 0 blanks and 1 valid
5.1746 	DEBUG 	TextBox2 loaded 1 chars with 0 blanks and 1 valid
5.1752 	DEBUG 	TextBox2 loaded 1 chars with 0 blanks and 1 valid
5.1761 	DEBUG 	TextBox2 loaded 1 chars with 0 blanks and 1 valid
5.1769 	DEBUG 	TextBox2 loaded 1 chars with 0 blanks and 1 valid
5.1774 	DEBUG 	TextBox2 loaded 1 chars with 0 blanks and 1 valid
5.1780 	DEBUG 	TextBox2 loaded 1 chars with 0 blanks and 1 valid
5.1789 	DEBUG 	TextBox2 loaded 1 chars with 0 blanks and 1 valid
5.1794 	DEBUG 	TextBox2 loaded 1 chars with 0 blanks and 1 valid
5.1796 	DEBUG 	Uploading Texture Font fontname to graphics card
5.1832 	DEBUG 	Upload of Texture Font fontname complete
5.1886 	DEBUG 	TextBox2 loaded 1 chars with 0 blanks and 1 valid
5.1897 	DEBUG 	TextBox2 loaded 1 chars with 0 blanks and 1 valid
5.1907 	DEBUG 	TextBox2 loaded 1 chars with 0 blanks and 1 valid
5.1909 	DEBUG 	Uploading Texture Font fontname to graphics card
5.1928 	DEBUG 	Upload of Texture Font fontname complete
5.1944 	EXP 	window1: Attempting to measure frame rate of screen (1) ...
5.1945 	EXP 	window1: recordFrameIntervals = False
5.3867 	EXP 	window1: recordFrameIntervals = True
6.2209 	WARNING 	Couldn't measure a consistent frame rate!
  - Is your graphics card set to sync to vertical blank?
  - Are you running other processes on your computer?

6.2311 	DEBUG 	TextBox2 loaded 1 chars with 0 blanks and 1 valid
6.2322 	DEBUG 	TextBox2 loaded 1 chars with 0 blanks and 1 valid
6.2339 	DEBUG 	TextBox2 loaded 1 chars with 0 blanks and 1 valid
6.2359 	DEBUG 	TextBox2 loaded 1 chars with 0 blanks and 1 valid
6.2377 	DEBUG 	TextBox2 loaded 1 chars with 0 blanks and 1 valid
6.2396 	DEBUG 	TextBox2 loaded 1 chars with 0 blanks and 1 valid
6.2406 	DEBUG 	TextBox2 loaded 1 chars with 0 blanks and 1 valid
6.2423 	DEBUG 	TextBox2 loaded 1 chars with 0 blanks and 1 valid
6.2441 	DEBUG 	TextBox2 loaded 1 chars with 0 blanks and 1 valid
6.2458 	DEBUG 	TextBox2 loaded 1 chars with 0 blanks and 1 valid
6.2463 	DEBUG 	Uploading Texture Font fontname to graphics card
6.2507 	DEBUG 	Upload of Texture Font fontname complete
6.2750 	WARNING 	launchHubServer: If using the iohub mouse or eyetracker devices, fullScr should be True.
9.6433 	INFO 	keyboard.Keyboard is using iohub backend.
9.6434 	INFO 	keyboard.Keyboard is using iohub backend.
9.6434 	EXP 	tilt_staircase: status = STARTED
9.6486 	EXP 	Created surround = GratingStim(__class__=<class 'psychopy.visual.grating.GratingStim'>, anchor='center', autoDraw=False, autoLog=True, blendmode='avg', color=array([1., 1., 1.]), colorSpace='rgb', contrast=1.0, depth=-1.0, draggable=False, interpolate=True, mask='circle', maskParams=None, name='surround', opacity=1, ori=1.0, phase=array([0., 0.]), pos=array([0., 0.]), rgbPedestal=array([0., 0., 0.]), sf=array([7., 7.]), size=array([0.75, 0.75]), tex='sin', texRes=128.0, units='height', win=Window(...))
9.6500 	EXP 	Created center = GratingStim(__class__=<class 'psychopy.visual.grating.GratingStim'>, anchor='center', autoDraw=False, autoLog=True, blendmode='avg', color=array([1., 1., 1.]), colorSpace='rgb', contrast=1.0, depth=-2.0, draggable=False, interpolate=True, mask='circle', maskParams=None, name='center', opacity=1, ori=1.0, phase=array([0., 0.]), pos=array([0., 0.]), rgbPedestal=array([0., 0., 0.]), sf=array([2., 2.]), size=array([0.3, 0.3]), tex='sin', texRes=128.0, units='height', win=Window(...))
9.6558 	EXP 	Created text = TextStim(__class__=<class 'psychopy.visual.text.TextStim'>, alignHoriz=method-wrapper(...), alignText='center', alignVert=method-wrapper(...), anchorHoriz='center', anchorVert='center', antialias=True, autoDraw=False, autoLog=True, bold=False, color=array([ 1., -1., -1.]), colorSpace='rgb', contrast=1.0, depth=-3.0, draggable=False, flipHoriz=False, flipVert=False, font='Arial', fontFiles=[], height=0.05, italic=False, languageStyle='LTR', name='text', opacity=1, ori=0.0, pos=array([0., 0.]), rgb=UNKNOWN, text='', units='height', win=Window(...), wrapWidth=1)
9.6637 	DEBUG 	Saving data for tilt_staircase ExperimentHandler
9.6640 	INFO 	saved data to /Users/bwinsto2/Downloads/data/134596_tilt_staircase_2025-08-11_11h58.10.458.psydat
9.6643 	INFO 	saved data to '/Users/bwinsto2/Downloads/data/134596_tilt_staircase_2025-08-11_11h58.10.458.csv'
