8.1297 	INFO 	Loaded monitor calibration from ['2025_08_13 14:32']
8.3361 	EXP 	Created window1 = Window(allowGUI=True, allowStencil=False, autoLog=True, backendConf=UNKNOWN, backgroundFit=<method-wrapper '__getattribute__' of attributeSetter object at 0x7fc78af879d0>, backgroundImage=<method-wrapper '__getattribute__' of attributeSetter object at 0x7fc78af878e0>, bitsMode=UNKNOWN, blendMode='avg', bpc=(8, 8, 8), color=array([0, 0, 0]), colorSpace='rgb', depthBits=8, fullscr=False, gamma=None, gammaErrorPolicy='raise', infoMsg=UNKNOWN, lms=UNKNOWN, monitor=<psychopy.monitors.calibTools.Monitor object at 0x7fc78ac75250>, multiSample=False, name='window1', numSamples=2, pos=[320.0, 150.0], screen=0, size=array([1600, 1200]), stencilBits=0, stereo=False, title='PsychoPy', units='height', useFBO=True, useRetina=True, viewOri=0.0, viewPos=None, viewScale=None, waitBlanking=True, winType='pyglet')
8.3361 	EXP 	window1: backgroundImage = ''
8.3361 	EXP 	window1: backgroundFit = 'none'
8.3452 	DEBUG 	TextBox2 loaded 1 chars with 0 blanks and 1 valid
8.3460 	DEBUG 	TextBox2 loaded 1 chars with 0 blanks and 1 valid
8.3469 	DEBUG 	TextBox2 loaded 1 chars with 0 blanks and 1 valid
8.3479 	DEBUG 	TextBox2 loaded 1 chars with 0 blanks and 1 valid
8.3487 	DEBUG 	TextBox2 loaded 1 chars with 0 blanks and 1 valid
8.3493 	DEBUG 	TextBox2 loaded 1 chars with 0 blanks and 1 valid
8.3501 	DEBUG 	TextBox2 loaded 1 chars with 0 blanks and 1 valid
8.3511 	DEBUG 	TextBox2 loaded 1 chars with 0 blanks and 1 valid
8.3515 	DEBUG 	TextBox2 loaded 1 chars with 0 blanks and 1 valid
8.3520 	DEBUG 	TextBox2 loaded 1 chars with 0 blanks and 1 valid
8.3527 	DEBUG 	TextBox2 loaded 1 chars with 0 blanks and 1 valid
8.3535 	DEBUG 	TextBox2 loaded 1 chars with 0 blanks and 1 valid
8.3542 	DEBUG 	TextBox2 loaded 1 chars with 0 blanks and 1 valid
8.3550 	DEBUG 	TextBox2 loaded 1 chars with 0 blanks and 1 valid
8.3558 	DEBUG 	TextBox2 loaded 1 chars with 0 blanks and 1 valid
8.3566 	DEBUG 	TextBox2 loaded 1 chars with 0 blanks and 1 valid
8.3574 	DEBUG 	TextBox2 loaded 1 chars with 0 blanks and 1 valid
8.3579 	DEBUG 	TextBox2 loaded 1 chars with 0 blanks and 1 valid
8.3583 	DEBUG 	TextBox2 loaded 1 chars with 0 blanks and 1 valid
8.3591 	DEBUG 	TextBox2 loaded 1 chars with 0 blanks and 1 valid
8.3596 	DEBUG 	TextBox2 loaded 1 chars with 0 blanks and 1 valid
8.3598 	DEBUG 	Uploading Texture Font fontname to graphics card
8.3634 	DEBUG 	Upload of Texture Font fontname complete
8.3689 	DEBUG 	TextBox2 loaded 1 chars with 0 blanks and 1 valid
8.3699 	DEBUG 	TextBox2 loaded 1 chars with 0 blanks and 1 valid
8.3709 	DEBUG 	TextBox2 loaded 1 chars with 0 blanks and 1 valid
8.3710 	DEBUG 	Uploading Texture Font fontname to graphics card
8.3730 	DEBUG 	Upload of Texture Font fontname complete
8.3746 	EXP 	window1: Attempting to measure frame rate of screen (0) ...
8.3746 	EXP 	window1: recordFrameIntervals = False
8.5622 	EXP 	window1: recordFrameIntervals = True
9.3969 	WARNING 	Couldn't measure a consistent frame rate!
  - Is your graphics card set to sync to vertical blank?
  - Are you running other processes on your computer?

9.4074 	DEBUG 	TextBox2 loaded 1 chars with 0 blanks and 1 valid
9.4086 	DEBUG 	TextBox2 loaded 1 chars with 0 blanks and 1 valid
9.4103 	DEBUG 	TextBox2 loaded 1 chars with 0 blanks and 1 valid
9.4124 	DEBUG 	TextBox2 loaded 1 chars with 0 blanks and 1 valid
9.4144 	DEBUG 	TextBox2 loaded 1 chars with 0 blanks and 1 valid
9.4165 	DEBUG 	TextBox2 loaded 1 chars with 0 blanks and 1 valid
9.4175 	DEBUG 	TextBox2 loaded 1 chars with 0 blanks and 1 valid
9.4193 	DEBUG 	TextBox2 loaded 1 chars with 0 blanks and 1 valid
9.4212 	DEBUG 	TextBox2 loaded 1 chars with 0 blanks and 1 valid
9.4229 	DEBUG 	TextBox2 loaded 1 chars with 0 blanks and 1 valid
9.4233 	DEBUG 	Uploading Texture Font fontname to graphics card
9.4279 	DEBUG 	Upload of Texture Font fontname complete
9.4527 	WARNING 	launchHubServer: If using the iohub mouse or eyetracker devices, fullScr should be True.
13.0485 	INFO 	keyboard.Keyboard is using iohub backend.
13.0485 	INFO 	keyboard.Keyboard is using iohub backend.
13.0485 	INFO 	keyboard.Keyboard is using iohub backend.
13.0486 	INFO 	keyboard.Keyboard is using iohub backend.
13.0486 	INFO 	keyboard.Keyboard is using iohub backend.
13.0486 	INFO 	keyboard.Keyboard is using iohub backend.
13.0486 	INFO 	keyboard.Keyboard is using iohub backend.
13.0486 	INFO 	keyboard.Keyboard is using iohub backend.
13.0486 	INFO 	keyboard.Keyboard is using iohub backend.
13.0487 	INFO 	keyboard.Keyboard is using iohub backend.
13.0487 	EXP 	tilt_staircase: status = STARTED
13.0938 	EXP 	Created text_5 = TextStim(__class__=<class 'psychopy.visual.text.TextStim'>, alignHoriz=method-wrapper(...), alignText='center', alignVert=method-wrapper(...), anchorHoriz='center', anchorVert='center', antialias=True, autoDraw=False, autoLog=True, bold=False, color=array([1., 1., 1.]), colorSpace='rgb', contrast=1.0, depth=0.0, draggable=False, flipHoriz=False, flipVert=False, font='Arial', fontFiles=[], height=0.05, italic=False, languageStyle='LTR', name='text_5', opacity=1, ori=0.0, pos=array([0., 0.]), rgb=UNKNOWN, text=str(...), units='height', win=Window(...), wrapWidth=1)
13.1007 	EXP 	Created text_6 = TextStim(__class__=<class 'psychopy.visual.text.TextStim'>, alignHoriz=method-wrapper(...), alignText='center', alignVert=method-wrapper(...), anchorHoriz='center', anchorVert='center', antialias=True, autoDraw=False, autoLog=True, bold=False, color=array([1., 1., 1.]), colorSpace='rgb', contrast=1.0, depth=0.0, draggable=False, flipHoriz=False, flipVert=False, font='Arial', fontFiles=[], height=0.05, italic=False, languageStyle='LTR', name='text_6', opacity=1, ori=0.0, pos=array([0., 0.]), rgb=UNKNOWN, text=str(...), units='height', win=Window(...), wrapWidth=1)
13.1029 	EXP 	Created surround_practice = GratingStim(__class__=<class 'psychopy.visual.grating.GratingStim'>, anchor='center', autoDraw=False, autoLog=True, blendmode='avg', color=array([1., 1., 1.]), colorSpace='rgb', contrast=1.0, depth=0.0, draggable=False, interpolate=True, mask='circle', maskParams=None, name='surround_practice', opacity=1, ori=1.0, phase=array([0., 0.]), pos=array([0., 0.]), rgbPedestal=array([0., 0., 0.]), sf=array([2.5, 2.5]), size=array([5., 5.]), tex='sin', texRes=128.0, units='cm', win=Window(...))
13.1044 	EXP 	Created center_practice = GratingStim(__class__=<class 'psychopy.visual.grating.GratingStim'>, anchor='center', autoDraw=False, autoLog=True, blendmode='avg', color=array([1., 1., 1.]), colorSpace='rgb', contrast=1.0, depth=-1.0, draggable=False, interpolate=True, mask='circle', maskParams=None, name='center_practice', opacity=1, ori=1.0, phase=array([0., 0.]), pos=array([0., 0.]), rgbPedestal=array([0., 0., 0.]), sf=array([2.5, 2.5]), size=array([1.25, 1.25]), tex='sin', texRes=128.0, units='cm', win=Window(...))
13.1061 	EXP 	Created text_9 = TextStim(__class__=<class 'psychopy.visual.text.TextStim'>, alignHoriz=method-wrapper(...), alignText='center', alignVert=method-wrapper(...), anchorHoriz='center', anchorVert='center', antialias=True, autoDraw=False, autoLog=True, bold=False, color=array([1., 1., 1.]), colorSpace='rgb', contrast=1.0, depth=-3.0, draggable=False, flipHoriz=False, flipVert=False, font='Arial', fontFiles=[], height=0.05, italic=False, languageStyle='LTR', name='text_9', opacity=1, ori=0.0, pos=array([0., 0.]), rgb=UNKNOWN, text='+', units='height', win=Window(...), wrapWidth=1)
13.1094 	EXP 	Created text_11 = TextStim(__class__=<class 'psychopy.visual.text.TextStim'>, alignHoriz=method-wrapper(...), alignText='center', alignVert=method-wrapper(...), anchorHoriz='center', anchorVert='center', antialias=True, autoDraw=False, autoLog=True, bold=False, color=array([1., 1., 1.]), colorSpace='rgb', contrast=1.0, depth=-4.0, draggable=False, flipHoriz=False, flipVert=False, font='Arial', fontFiles=[], height=0.05, italic=False, languageStyle='LTR', name='text_11', opacity=1, ori=0.0, pos=array([0., 0.]), rgb=UNKNOWN, text=str(...), units='height', win=Window(...), wrapWidth=1)
13.1099 	EXP 	Created text_7 = TextStim(__class__=<class 'psychopy.visual.text.TextStim'>, alignHoriz=method-wrapper(...), alignText='center', alignVert=method-wrapper(...), anchorHoriz='center', anchorVert='center', antialias=True, autoDraw=False, autoLog=True, bold=False, color=array([1., 1., 1.]), colorSpace='rgb', contrast=1.0, depth=-1.0, draggable=False, flipHoriz=False, flipVert=False, font='Arial', fontFiles=[], height=0.05, italic=False, languageStyle='LTR', name='text_7', opacity=1, ori=0.0, pos=array([0., 0.]), rgb=UNKNOWN, text='', units='height', win=Window(...), wrapWidth=1)
13.1137 	EXP 	Created text_8 = TextStim(__class__=<class 'psychopy.visual.text.TextStim'>, alignHoriz=method-wrapper(...), alignText='center', alignVert=method-wrapper(...), anchorHoriz='center', anchorVert='center', antialias=True, autoDraw=False, autoLog=True, bold=False, color=array([1., 1., 1.]), colorSpace='rgb', contrast=1.0, depth=0.0, draggable=False, flipHoriz=False, flipVert=False, font='Arial', fontFiles=[], height=0.05, italic=False, languageStyle='LTR', name='text_8', opacity=1, ori=0.0, pos=array([0., 0.]), rgb=UNKNOWN, text=str(...), units='height', win=Window(...), wrapWidth=1)
13.1152 	EXP 	Created surround_practice_2 = GratingStim(__class__=<class 'psychopy.visual.grating.GratingStim'>, anchor='center', autoDraw=False, autoLog=True, blendmode='avg', color=array([1., 1., 1.]), colorSpace='rgb', contrast=1.0, depth=0.0, draggable=False, interpolate=True, mask='circle', maskParams=None, name='surround_practice_2', opacity=1, ori=1.0, phase=array([0., 0.]), pos=array([0., 0.]), rgbPedestal=array([0., 0., 0.]), sf=array([2.5, 2.5]), size=array([6., 6.]), tex='sin', texRes=128.0, units='deg', win=Window(...))
13.1167 	EXP 	Created center_practice_2 = GratingStim(__class__=<class 'psychopy.visual.grating.GratingStim'>, anchor='center', autoDraw=False, autoLog=True, blendmode='avg', color=array([1., 1., 1.]), colorSpace='rgb', contrast=1.0, depth=-1.0, draggable=False, interpolate=True, mask='circle', maskParams=None, name='center_practice_2', opacity=1, ori=1.0, phase=array([0., 0.]), pos=array([0., 0.]), rgbPedestal=array([0., 0., 0.]), sf=array([2.5, 2.5]), size=array([1.25, 1.25]), tex='sin', texRes=128.0, units='cm', win=Window(...))
13.1178 	EXP 	Created text_10 = TextStim(__class__=<class 'psychopy.visual.text.TextStim'>, alignHoriz=method-wrapper(...), alignText='center', alignVert=method-wrapper(...), anchorHoriz='center', anchorVert='center', antialias=True, autoDraw=False, autoLog=True, bold=False, color=array([1., 1., 1.]), colorSpace='rgb', contrast=1.0, depth=-3.0, draggable=False, flipHoriz=False, flipVert=False, font='Arial', fontFiles=[], height=0.05, italic=False, languageStyle='LTR', name='text_10', opacity=1, ori=0.0, pos=array([0., 0.]), rgb=UNKNOWN, text='+', units='height', win=Window(...), wrapWidth=1)
13.1202 	EXP 	Created text_12 = TextStim(__class__=<class 'psychopy.visual.text.TextStim'>, alignHoriz=method-wrapper(...), alignText='center', alignVert=method-wrapper(...), anchorHoriz='center', anchorVert='center', antialias=True, autoDraw=False, autoLog=True, bold=False, color=array([1., 1., 1.]), colorSpace='rgb', contrast=1.0, depth=-4.0, draggable=False, flipHoriz=False, flipVert=False, font='Arial', fontFiles=[], height=0.05, italic=False, languageStyle='LTR', name='text_12', opacity=1, ori=0.0, pos=array([0., 0.]), rgb=UNKNOWN, text=str(...), units='height', win=Window(...), wrapWidth=1)
13.1207 	EXP 	Created text_7 = TextStim(__class__=<class 'psychopy.visual.text.TextStim'>, alignHoriz=method-wrapper(...), alignText='center', alignVert=method-wrapper(...), anchorHoriz='center', anchorVert='center', antialias=True, autoDraw=False, autoLog=True, bold=False, color=array([1., 1., 1.]), colorSpace='rgb', contrast=1.0, depth=-1.0, draggable=False, flipHoriz=False, flipVert=False, font='Arial', fontFiles=[], height=0.05, italic=False, languageStyle='LTR', name='text_7', opacity=1, ori=0.0, pos=array([0., 0.]), rgb=UNKNOWN, text='', units='height', win=Window(...), wrapWidth=1)
13.1252 	EXP 	Created text_13 = TextStim(__class__=<class 'psychopy.visual.text.TextStim'>, alignHoriz=method-wrapper(...), alignText='center', alignVert=method-wrapper(...), anchorHoriz='center', anchorVert='center', antialias=True, autoDraw=False, autoLog=True, bold=False, color=array([1., 1., 1.]), colorSpace='rgb', contrast=1.0, depth=0.0, draggable=False, flipHoriz=False, flipVert=False, font='Arial', fontFiles=[], height=0.05, italic=False, languageStyle='LTR', name='text_13', opacity=1, ori=0.0, pos=array([0., 0.]), rgb=UNKNOWN, text=str(...), units='height', win=Window(...), wrapWidth=1)
13.1266 	EXP 	Created surround_grating = GratingStim(__class__=<class 'psychopy.visual.grating.GratingStim'>, anchor='center', autoDraw=False, autoLog=True, blendmode='avg', color=array([1., 1., 1.]), colorSpace='rgb', contrast=1.0, depth=-1.0, draggable=False, interpolate=True, mask='circle', maskParams=None, name='surround_grating', opacity=1, ori=1.0, phase=array([0., 0.]), pos=array([0., 0.]), rgbPedestal=array([0., 0., 0.]), sf=array([2.5, 2.5]), size=array([6., 6.]), tex='sin', texRes=128.0, units='deg', win=Window(...))
13.1280 	EXP 	Created center_grating = GratingStim(__class__=<class 'psychopy.visual.grating.GratingStim'>, anchor='center', autoDraw=False, autoLog=True, blendmode='avg', color=array([1., 1., 1.]), colorSpace='rgb', contrast=1.0, depth=-2.0, draggable=False, interpolate=True, mask='circle', maskParams=None, name='center_grating', opacity=1, ori=1.0, phase=array([0., 0.]), pos=array([0., 0.]), rgbPedestal=array([0., 0., 0.]), sf=array([2.5, 2.5]), size=array([1.25, 1.25]), tex='sin', texRes=128.0, units='cm', win=Window(...))
13.1291 	EXP 	Created text_2 = TextStim(__class__=<class 'psychopy.visual.text.TextStim'>, alignHoriz=method-wrapper(...), alignText='center', alignVert=method-wrapper(...), anchorHoriz='center', anchorVert='center', antialias=True, autoDraw=False, autoLog=True, bold=False, color=array([1., 1., 1.]), colorSpace='rgb', contrast=1.0, depth=-4.0, draggable=False, flipHoriz=False, flipVert=False, font='Arial', fontFiles=[], height=0.05, italic=False, languageStyle='LTR', name='text_2', opacity=1, ori=0.0, pos=array([0., 0.]), rgb=UNKNOWN, text='+', units='height', win=Window(...), wrapWidth=1)
13.1316 	EXP 	Created text_3 = TextStim(__class__=<class 'psychopy.visual.text.TextStim'>, alignHoriz=method-wrapper(...), alignText='center', alignVert=method-wrapper(...), anchorHoriz='center', anchorVert='center', antialias=True, autoDraw=False, autoLog=True, bold=False, color=array([1., 1., 1.]), colorSpace='rgb', contrast=1.0, depth=-5.0, draggable=False, flipHoriz=False, flipVert=False, font='Arial', fontFiles=[], height=0.05, italic=False, languageStyle='LTR', name='text_3', opacity=1, ori=0.0, pos=array([0., 0.]), rgb=UNKNOWN, text=str(...), units='height', win=Window(...), wrapWidth=1)
13.1334 	EXP 	Created text_4 = TextStim(__class__=<class 'psychopy.visual.text.TextStim'>, alignHoriz=method-wrapper(...), alignText='center', alignVert=method-wrapper(...), anchorHoriz='center', anchorVert='center', antialias=True, autoDraw=False, autoLog=True, bold=False, color=array([1., 1., 1.]), colorSpace='rgb', contrast=1.0, depth=0.0, draggable=False, flipHoriz=False, flipVert=False, font='Arial', fontFiles=[], height=0.05, italic=False, languageStyle='LTR', name='text_4', opacity=1, ori=0.0, pos=array([0., 0.]), rgb=UNKNOWN, text='thank you and have a pleasant day ', units='height', win=Window(...), wrapWidth=1)
0.0223 	INFO 	Keyboard events cleared
0.0220 	EXP 	text_5: autoDraw = True
0.9240 	DATA 	Keypress: space
0.9274 	INFO 	Keyboard events cleared
0.9272 	WARNING 	t of last frame was 35.51ms (=1/28)
0.9272 	EXP 	text_5: autoDraw = False
0.9272 	EXP 	text_6: autoDraw = True
1.2699 	DEBUG 	Read csv file with pandas: tilt_practice_1.csv
1.2709 	DEBUG 	Clearing unnamed columns from tilt_practice_1.csv
1.2714 	EXP 	Imported tilt_practice_1.csv as conditions, 4 conditions, 3 params
1.2717 	EXP 	New trial (rep=0, index=0): <Trial 0 (0 in rep 0) data={'center': 30, 'surround': 0, 'correct': 'right', 'thisN': 0, 'thisTrialN': 0, 'thisRepN': 0}>
1.2792 	DATA 	Keypress: space
1.2821 	INFO 	Keyboard events cleared
1.2818 	EXP 	text_6: autoDraw = False
1.2818 	EXP 	surround_practice: ori = 0.0
1.2818 	EXP 	center_practice: ori = 30.0
1.2818 	EXP 	text_9: autoDraw = True
1.7693 	EXP 	surround_practice: autoDraw = True
1.7693 	EXP 	center_practice: autoDraw = True
1.7693 	EXP 	surround_practice: tex = 'sin'
1.7693 	EXP 	center_practice: tex = 'sin'
1.7749 	EXP 	text_9: autoDraw = False
2.7632 	EXP 	surround_practice: autoDraw = False
2.7632 	EXP 	center_practice: autoDraw = False
2.7632 	EXP 	text_11: autoDraw = True
3.4041 	DATA 	Keypress: right
3.4161 	INFO 	Keyboard events cleared
3.4158 	WARNING 	t of last frame was 57.60ms (=1/17)
3.4158 	EXP 	surround_practice: autoDraw = False
3.4158 	EXP 	center_practice: autoDraw = False
3.4158 	EXP 	text_9: autoDraw = False
3.4158 	EXP 	text_11: autoDraw = False
3.4158 	EXP 	text_7: height = 0.05
3.4158 	EXP 	text_7: height = 0.05
3.4158 	EXP 	text_7: height = 0.05
3.4158 	EXP 	text_7: text = 'Correct. Press Spacebar.'
3.4158 	EXP 	text_7: autoDraw = True
3.5371 	WARNING 	t of last frame was 62.24ms (=1/16)
4.4181 	EXP 	New trial (rep=0, index=1): <Trial 1 (1 in rep 0) data={'center': -30, 'surround': 0, 'correct': 'left', 'thisN': 1, 'thisTrialN': 1, 'thisRepN': 0}>
4.4208 	DATA 	Keypress: space
4.4252 	INFO 	Keyboard events cleared
4.4250 	EXP 	text_7: autoDraw = False
4.4250 	EXP 	surround_practice: ori = 0.0
4.4250 	EXP 	center_practice: ori = -30.0
4.4250 	EXP 	text_9: autoDraw = True
4.9133 	EXP 	surround_practice: autoDraw = True
4.9133 	EXP 	center_practice: autoDraw = True
4.9133 	EXP 	text_9: autoDraw = False
5.9085 	EXP 	surround_practice: autoDraw = False
5.9085 	EXP 	center_practice: autoDraw = False
5.9135 	EXP 	text_11: autoDraw = True
6.4622 	DATA 	Keypress: left
6.4647 	INFO 	Keyboard events cleared
6.4645 	EXP 	surround_practice: autoDraw = False
6.4645 	EXP 	center_practice: autoDraw = False
6.4645 	EXP 	text_9: autoDraw = False
6.4645 	EXP 	text_11: autoDraw = False
6.4645 	EXP 	text_7: text = 'Correct. Press Spacebar.'
6.4645 	EXP 	text_7: autoDraw = True
6.9777 	EXP 	New trial (rep=0, index=2): <Trial 2 (2 in rep 0) data={'center': 30, 'surround': 60, 'correct': 'right', 'thisN': 2, 'thisTrialN': 2, 'thisRepN': 0}>
6.9796 	DATA 	Keypress: space
6.9823 	INFO 	Keyboard events cleared
6.9821 	EXP 	text_7: autoDraw = False
6.9821 	EXP 	surround_practice: ori = 60.0
6.9821 	EXP 	center_practice: ori = 30.0
6.9821 	EXP 	text_9: autoDraw = True
7.4750 	EXP 	surround_practice: autoDraw = True
7.4750 	EXP 	center_practice: autoDraw = True
7.4798 	EXP 	text_9: autoDraw = False
8.4505 	DATA 	Keypress: right
8.4586 	INFO 	Keyboard events cleared
8.4583 	EXP 	surround_practice: autoDraw = False
8.4583 	EXP 	center_practice: autoDraw = False
8.4583 	EXP 	text_9: autoDraw = False
8.4583 	EXP 	text_11: autoDraw = False
8.4583 	EXP 	text_7: text = 'Correct. Press Spacebar.'
8.4583 	EXP 	text_7: autoDraw = True
8.8612 	EXP 	New trial (rep=0, index=3): <Trial 3 (3 in rep 0) data={'center': -30, 'surround': -60, 'correct': 'left', 'thisN': 3, 'thisTrialN': 3, 'thisRepN': 0}>
8.8630 	DATA 	Keypress: space
8.8657 	INFO 	Keyboard events cleared
8.8655 	EXP 	text_7: autoDraw = False
8.8655 	EXP 	surround_practice: ori = -60.0
8.8655 	EXP 	center_practice: ori = -30.0
8.8655 	EXP 	text_9: autoDraw = True
9.3583 	EXP 	surround_practice: autoDraw = True
9.3583 	EXP 	center_practice: autoDraw = True
9.3629 	EXP 	text_9: autoDraw = False
10.3463 	EXP 	surround_practice: autoDraw = False
10.3463 	EXP 	center_practice: autoDraw = False
10.3582 	EXP 	text_11: autoDraw = True
11.0131 	DATA 	Keypress: left
11.0159 	INFO 	Keyboard events cleared
11.0156 	EXP 	surround_practice: autoDraw = False
11.0156 	EXP 	center_practice: autoDraw = False
11.0156 	EXP 	text_9: autoDraw = False
11.0156 	EXP 	text_11: autoDraw = False
11.0156 	EXP 	text_7: text = 'Correct. Press Spacebar.'
11.0156 	EXP 	text_7: autoDraw = True
11.6513 	DATA 	Keypress: space
11.6586 	INFO 	Keyboard events cleared
11.6583 	EXP 	text_7: autoDraw = False
11.6583 	EXP 	text_8: autoDraw = True
13.3682 	DEBUG 	Read csv file with pandas: tilt_practice_2.csv
13.3689 	DEBUG 	Clearing unnamed columns from tilt_practice_2.csv
13.3692 	EXP 	Imported tilt_practice_2.csv as conditions, 4 conditions, 3 params
13.3694 	EXP 	New trial (rep=0, index=0): <Trial 0 (0 in rep 0) data={'center': -30, 'surround': -60, 'correct': 'left', 'thisN': 0, 'thisTrialN': 0, 'thisRepN': 0}>
13.3718 	DATA 	Keypress: space
13.3751 	INFO 	Keyboard events cleared
13.3749 	EXP 	text_8: autoDraw = False
13.3749 	EXP 	surround_practice_2: ori = -60.0
13.3749 	EXP 	center_practice_2: ori = -30.0
13.3749 	EXP 	text_10: autoDraw = True
13.8657 	EXP 	surround_practice_2: autoDraw = True
13.8657 	EXP 	center_practice_2: autoDraw = True
13.8657 	EXP 	text_10: autoDraw = False
13.8657 	EXP 	surround_practice_2: tex = 'sin'
13.8657 	EXP 	center_practice_2: tex = 'sin'
13.9417 	EXP 	surround_practice_2: autoDraw = False
13.9417 	EXP 	center_practice_2: autoDraw = False
13.9417 	EXP 	text_12: autoDraw = True
15.5793 	DATA 	Keypress: left
15.5819 	INFO 	Keyboard events cleared
15.5816 	EXP 	surround_practice_2: autoDraw = False
15.5816 	EXP 	center_practice_2: autoDraw = False
15.5816 	EXP 	text_10: autoDraw = False
15.5816 	EXP 	text_12: autoDraw = False
15.5816 	EXP 	text_7: text = 'Correct. Press Spacebar.'
15.5816 	EXP 	text_7: autoDraw = True
15.9782 	EXP 	New trial (rep=0, index=1): <Trial 1 (1 in rep 0) data={'center': -30, 'surround': 0, 'correct': 'left', 'thisN': 1, 'thisTrialN': 1, 'thisRepN': 0}>
15.9802 	DATA 	Keypress: space
15.9833 	INFO 	Keyboard events cleared
15.9830 	EXP 	text_7: autoDraw = False
15.9830 	EXP 	surround_practice_2: ori = 0.0
15.9830 	EXP 	center_practice_2: ori = -30.0
15.9830 	EXP 	text_10: autoDraw = True
16.4749 	EXP 	surround_practice_2: autoDraw = True
16.4749 	EXP 	center_practice_2: autoDraw = True
16.4794 	EXP 	text_10: autoDraw = False
16.5463 	EXP 	surround_practice_2: autoDraw = False
16.5463 	EXP 	center_practice_2: autoDraw = False
16.5463 	EXP 	text_12: autoDraw = True
17.0622 	DATA 	Keypress: left
17.0648 	INFO 	Keyboard events cleared
17.0645 	EXP 	surround_practice_2: autoDraw = False
17.0645 	EXP 	center_practice_2: autoDraw = False
17.0645 	EXP 	text_10: autoDraw = False
17.0645 	EXP 	text_12: autoDraw = False
17.0645 	EXP 	text_7: text = 'Correct. Press Spacebar.'
17.0645 	EXP 	text_7: autoDraw = True
17.5316 	EXP 	New trial (rep=0, index=2): <Trial 2 (2 in rep 0) data={'center': 30, 'surround': 60, 'correct': 'right', 'thisN': 2, 'thisTrialN': 2, 'thisRepN': 0}>
17.5333 	DATA 	Keypress: space
17.5418 	INFO 	Keyboard events cleared
17.5415 	EXP 	text_7: autoDraw = False
17.5415 	EXP 	surround_practice_2: ori = 60.0
17.5415 	EXP 	center_practice_2: ori = 30.0
17.5415 	EXP 	text_10: autoDraw = True
18.0299 	EXP 	surround_practice_2: autoDraw = True
18.0299 	EXP 	center_practice_2: autoDraw = True
18.0299 	EXP 	text_10: autoDraw = False
18.1083 	EXP 	surround_practice_2: autoDraw = False
18.1083 	EXP 	center_practice_2: autoDraw = False
18.1083 	EXP 	text_12: autoDraw = True
18.5836 	DATA 	Keypress: right
18.5918 	INFO 	Keyboard events cleared
18.5916 	EXP 	surround_practice_2: autoDraw = False
18.5916 	EXP 	center_practice_2: autoDraw = False
18.5916 	EXP 	text_10: autoDraw = False
18.5916 	EXP 	text_12: autoDraw = False
18.5916 	EXP 	text_7: text = 'Correct. Press Spacebar.'
18.5916 	EXP 	text_7: autoDraw = True
18.8832 	DATA 	Keypress: space
18.8942 	EXP 	New trial (rep=0, index=3): <Trial 3 (3 in rep 0) data={'center': 30, 'surround': 0, 'correct': 'right', 'thisN': 3, 'thisTrialN': 3, 'thisRepN': 0}>
18.8971 	INFO 	Keyboard events cleared
18.8967 	EXP 	text_7: autoDraw = False
18.8967 	EXP 	surround_practice_2: ori = 0.0
18.8967 	EXP 	center_practice_2: ori = 30.0
18.8967 	EXP 	text_10: autoDraw = True
19.3916 	EXP 	surround_practice_2: autoDraw = True
19.3916 	EXP 	center_practice_2: autoDraw = True
19.3916 	EXP 	text_10: autoDraw = False
19.4634 	EXP 	surround_practice_2: autoDraw = False
19.4634 	EXP 	center_practice_2: autoDraw = False
19.4634 	EXP 	text_12: autoDraw = True
19.9790 	DATA 	Keypress: right
19.9822 	INFO 	Keyboard events cleared
19.9816 	EXP 	surround_practice_2: autoDraw = False
19.9816 	EXP 	center_practice_2: autoDraw = False
19.9816 	EXP 	text_10: autoDraw = False
19.9816 	EXP 	text_12: autoDraw = False
19.9816 	EXP 	text_7: text = 'Correct. Press Spacebar.'
19.9816 	EXP 	text_7: autoDraw = True
20.3303 	DATA 	Keypress: space
20.3331 	INFO 	Keyboard events cleared
20.3328 	EXP 	text_7: autoDraw = False
20.3328 	EXP 	text_13: autoDraw = True
21.9353 	DEBUG 	Read csv file with pandas: tilt_staircase.csv
21.9358 	DEBUG 	Clearing unnamed columns from tilt_staircase.csv
21.9365 	EXP 	Imported tilt_staircase.csv as conditions, 2 conditions, 10 params
22.0234 	DEBUG 	Using /Applications/PsychoPy.app/Contents/Resources/lib/python3.8/psychopy/data/staircase.py as origin file
22.0237 	DEBUG 	Using /Applications/PsychoPy.app/Contents/Resources/lib/python3.8/psychopy/data/staircase.py as origin file
22.0264 	DATA 	Keypress: space
22.0293 	INFO 	Keyboard events cleared
22.0290 	WARNING 	t of last frame was 99.69ms (=1/10)
22.0290 	EXP 	text_13: autoDraw = False
22.0290 	EXP 	surround_grating: ori = 50.0
22.0290 	EXP 	center_grating: ori = 20.0
22.0290 	EXP 	text_2: autoDraw = True
22.4319 	EXP 	surround_grating: autoDraw = True
22.4319 	EXP 	center_grating: autoDraw = True
22.4319 	EXP 	surround_grating: tex = 'sin'
22.4319 	EXP 	center_grating: tex = 'sin'
22.5083 	EXP 	surround_grating: autoDraw = False
22.5083 	EXP 	center_grating: autoDraw = False
22.5083 	EXP 	text_3: autoDraw = True
22.5250 	EXP 	text_2: autoDraw = False
23.7506 	DATA 	Keypress: right
23.7584 	INFO 	Keyboard events cleared
23.7582 	EXP 	surround_grating: autoDraw = False
23.7582 	EXP 	center_grating: autoDraw = False
23.7582 	EXP 	text_2: autoDraw = False
23.7582 	EXP 	text_3: autoDraw = False
23.7582 	EXP 	surround_grating: ori = 10.0
23.7582 	EXP 	center_grating: ori = -20.0
23.7582 	EXP 	text_2: autoDraw = True
24.2464 	EXP 	surround_grating: autoDraw = True
24.2464 	EXP 	center_grating: autoDraw = True
24.2464 	EXP 	text_2: autoDraw = False
24.3249 	EXP 	surround_grating: autoDraw = False
24.3249 	EXP 	center_grating: autoDraw = False
24.3249 	EXP 	text_3: autoDraw = True
25.0168 	DATA 	Keypress: left
25.0251 	INFO 	Keyboard events cleared
25.0249 	EXP 	surround_grating: autoDraw = False
25.0249 	EXP 	center_grating: autoDraw = False
25.0249 	EXP 	text_2: autoDraw = False
25.0249 	EXP 	text_3: autoDraw = False
25.0249 	EXP 	surround_grating: ori = 15.0
25.0249 	EXP 	center_grating: ori = -15.0
25.0249 	EXP 	text_2: autoDraw = True
25.5132 	EXP 	surround_grating: autoDraw = True
25.5132 	EXP 	center_grating: autoDraw = True
25.5132 	EXP 	text_2: autoDraw = False
25.5916 	EXP 	surround_grating: autoDraw = False
25.5916 	EXP 	center_grating: autoDraw = False
25.5916 	EXP 	text_3: autoDraw = True
26.5621 	DATA 	Keypress: left
26.5646 	INFO 	Keyboard events cleared
26.5644 	EXP 	surround_grating: autoDraw = False
26.5644 	EXP 	center_grating: autoDraw = False
26.5644 	EXP 	text_2: autoDraw = False
26.5644 	EXP 	text_3: autoDraw = False
26.5644 	EXP 	surround_grating: ori = 45.0
26.5644 	EXP 	center_grating: ori = 15.0
26.5644 	EXP 	text_2: autoDraw = True
27.0582 	EXP 	surround_grating: autoDraw = True
27.0582 	EXP 	center_grating: autoDraw = True
27.0628 	EXP 	text_2: autoDraw = False
27.1293 	EXP 	surround_grating: autoDraw = False
27.1293 	EXP 	center_grating: autoDraw = False
27.1293 	EXP 	text_3: autoDraw = True
27.7006 	DATA 	Keypress: right
27.7086 	INFO 	Keyboard events cleared
27.7083 	EXP 	surround_grating: autoDraw = False
27.7083 	EXP 	center_grating: autoDraw = False
27.7083 	EXP 	text_2: autoDraw = False
27.7083 	EXP 	text_3: autoDraw = False
27.7083 	EXP 	surround_grating: ori = 20.0
27.7083 	EXP 	center_grating: ori = -10.0
27.7083 	EXP 	text_2: autoDraw = True
28.1966 	EXP 	surround_grating: autoDraw = True
28.1966 	EXP 	center_grating: autoDraw = True
28.1966 	EXP 	text_2: autoDraw = False
28.2748 	EXP 	surround_grating: autoDraw = False
28.2748 	EXP 	center_grating: autoDraw = False
28.2748 	EXP 	text_3: autoDraw = True
29.8461 	DATA 	Keypress: left
29.8486 	INFO 	Keyboard events cleared
29.8484 	EXP 	surround_grating: autoDraw = False
29.8484 	EXP 	center_grating: autoDraw = False
29.8484 	EXP 	text_2: autoDraw = False
29.8484 	EXP 	text_3: autoDraw = False
29.8484 	EXP 	surround_grating: ori = 40.0
29.8484 	EXP 	center_grating: ori = 10.0
29.8484 	EXP 	text_2: autoDraw = True
30.3416 	EXP 	surround_grating: autoDraw = True
30.3416 	EXP 	center_grating: autoDraw = True
30.3464 	EXP 	text_2: autoDraw = False
30.4127 	EXP 	surround_grating: autoDraw = False
30.4127 	EXP 	center_grating: autoDraw = False
30.4127 	EXP 	text_3: autoDraw = True
31.0791 	DATA 	Keypress: right
31.0816 	INFO 	Keyboard events cleared
31.0814 	EXP 	surround_grating: autoDraw = False
31.0814 	EXP 	center_grating: autoDraw = False
31.0814 	EXP 	text_2: autoDraw = False
31.0814 	EXP 	text_3: autoDraw = False
31.0814 	EXP 	surround_grating: ori = 25.0
31.0814 	EXP 	center_grating: ori = -5.0
31.0814 	EXP 	text_2: autoDraw = True
31.5749 	EXP 	surround_grating: autoDraw = True
31.5749 	EXP 	center_grating: autoDraw = True
31.5796 	EXP 	text_2: autoDraw = False
31.6461 	EXP 	surround_grating: autoDraw = False
31.6461 	EXP 	center_grating: autoDraw = False
31.6461 	EXP 	text_3: autoDraw = True
32.3170 	DATA 	Keypress: left
32.3252 	INFO 	Keyboard events cleared
32.3249 	EXP 	surround_grating: autoDraw = False
32.3249 	EXP 	center_grating: autoDraw = False
32.3249 	EXP 	text_2: autoDraw = False
32.3249 	EXP 	text_3: autoDraw = False
32.3249 	EXP 	surround_grating: ori = 35.0
32.3249 	EXP 	center_grating: ori = 5.0
32.3249 	EXP 	text_2: autoDraw = True
32.8135 	EXP 	surround_grating: autoDraw = True
32.8135 	EXP 	center_grating: autoDraw = True
32.8135 	EXP 	text_2: autoDraw = False
32.8916 	EXP 	surround_grating: autoDraw = False
32.8916 	EXP 	center_grating: autoDraw = False
32.8916 	EXP 	text_3: autoDraw = True
33.7497 	DATA 	Keypress: right
33.7585 	INFO 	Keyboard events cleared
33.7582 	EXP 	surround_grating: autoDraw = False
33.7582 	EXP 	center_grating: autoDraw = False
33.7582 	EXP 	text_2: autoDraw = False
33.7582 	EXP 	text_3: autoDraw = False
33.7582 	EXP 	surround_grating: ori = 30.0
33.7582 	EXP 	center_grating: ori = 0.0
33.7582 	EXP 	text_2: autoDraw = True
34.2463 	EXP 	surround_grating: autoDraw = True
34.2463 	EXP 	center_grating: autoDraw = True
34.2463 	EXP 	text_2: autoDraw = False
34.3249 	EXP 	surround_grating: autoDraw = False
34.3249 	EXP 	center_grating: autoDraw = False
34.3249 	EXP 	text_3: autoDraw = True
35.6840 	DATA 	Keypress: right
35.6918 	INFO 	Keyboard events cleared
35.6916 	EXP 	surround_grating: autoDraw = False
35.6916 	EXP 	center_grating: autoDraw = False
35.6916 	EXP 	text_2: autoDraw = False
35.6916 	EXP 	text_3: autoDraw = False
35.6916 	EXP 	surround_grating: ori = 30.0
35.6916 	EXP 	center_grating: ori = 0.0
35.6916 	EXP 	text_2: autoDraw = True
36.1798 	EXP 	surround_grating: autoDraw = True
36.1798 	EXP 	center_grating: autoDraw = True
36.1798 	EXP 	text_2: autoDraw = False
36.2582 	EXP 	surround_grating: autoDraw = False
36.2582 	EXP 	center_grating: autoDraw = False
36.2582 	EXP 	text_3: autoDraw = True
37.1292 	DATA 	Keypress: right
37.1318 	INFO 	Keyboard events cleared
37.1316 	EXP 	surround_grating: autoDraw = False
37.1316 	EXP 	center_grating: autoDraw = False
37.1316 	EXP 	text_2: autoDraw = False
37.1316 	EXP 	text_3: autoDraw = False
37.1316 	EXP 	surround_grating: ori = 25.0
37.1316 	EXP 	center_grating: ori = -5.0
37.1316 	EXP 	text_2: autoDraw = True
37.6249 	EXP 	surround_grating: autoDraw = True
37.6249 	EXP 	center_grating: autoDraw = True
37.6294 	EXP 	text_2: autoDraw = False
37.6957 	EXP 	surround_grating: autoDraw = False
37.6957 	EXP 	center_grating: autoDraw = False
37.6957 	EXP 	text_3: autoDraw = True
38.4189 	DATA 	Keypress: left
38.4250 	INFO 	Keyboard events cleared
38.4248 	EXP 	surround_grating: autoDraw = False
38.4248 	EXP 	center_grating: autoDraw = False
38.4248 	EXP 	text_2: autoDraw = False
38.4248 	EXP 	text_3: autoDraw = False
38.4248 	EXP 	surround_grating: ori = 28.0
38.4248 	EXP 	center_grating: ori = -2.0
38.4248 	EXP 	text_2: autoDraw = True
38.9134 	EXP 	surround_grating: autoDraw = True
38.9134 	EXP 	center_grating: autoDraw = True
38.9134 	EXP 	text_2: autoDraw = False
38.9915 	EXP 	surround_grating: autoDraw = False
38.9915 	EXP 	center_grating: autoDraw = False
38.9915 	EXP 	text_3: autoDraw = True
39.6337 	DATA 	Keypress: left
39.6418 	INFO 	Keyboard events cleared
39.6416 	EXP 	surround_grating: autoDraw = False
39.6416 	EXP 	center_grating: autoDraw = False
39.6416 	EXP 	text_2: autoDraw = False
39.6416 	EXP 	text_3: autoDraw = False
39.6416 	EXP 	surround_grating: ori = 29.0
39.6416 	EXP 	center_grating: ori = -1.0
39.6416 	EXP 	text_2: autoDraw = True
40.1297 	EXP 	surround_grating: autoDraw = True
40.1297 	EXP 	center_grating: autoDraw = True
40.1297 	EXP 	text_2: autoDraw = False
40.2082 	EXP 	surround_grating: autoDraw = False
40.2082 	EXP 	center_grating: autoDraw = False
40.2082 	EXP 	text_3: autoDraw = True
41.0293 	DATA 	Keypress: left
41.0318 	INFO 	Keyboard events cleared
41.0316 	EXP 	surround_grating: autoDraw = False
41.0316 	EXP 	center_grating: autoDraw = False
41.0316 	EXP 	text_2: autoDraw = False
41.0316 	EXP 	text_3: autoDraw = False
41.0316 	EXP 	surround_grating: ori = 27.0
41.0316 	EXP 	center_grating: ori = -3.0
41.0316 	EXP 	text_2: autoDraw = True
41.5249 	EXP 	surround_grating: autoDraw = True
41.5249 	EXP 	center_grating: autoDraw = True
41.5298 	EXP 	text_2: autoDraw = False
41.5966 	EXP 	surround_grating: autoDraw = False
41.5966 	EXP 	center_grating: autoDraw = False
41.5966 	EXP 	text_3: autoDraw = True
42.1663 	DATA 	Keypress: left
42.1752 	INFO 	Keyboard events cleared
42.1749 	EXP 	surround_grating: autoDraw = False
42.1749 	EXP 	center_grating: autoDraw = False
42.1749 	EXP 	text_2: autoDraw = False
42.1749 	EXP 	text_3: autoDraw = False
42.1749 	EXP 	surround_grating: ori = 30.0
42.1749 	EXP 	center_grating: ori = 0.0
42.1749 	EXP 	text_2: autoDraw = True
42.6642 	EXP 	surround_grating: autoDraw = True
42.6642 	EXP 	center_grating: autoDraw = True
42.6642 	EXP 	text_2: autoDraw = False
42.7421 	EXP 	surround_grating: autoDraw = False
42.7421 	EXP 	center_grating: autoDraw = False
42.7421 	EXP 	text_3: autoDraw = True
43.3627 	DATA 	Keypress: left
43.3653 	INFO 	Keyboard events cleared
43.3651 	EXP 	surround_grating: autoDraw = False
43.3651 	EXP 	center_grating: autoDraw = False
43.3651 	EXP 	text_2: autoDraw = False
43.3651 	EXP 	text_3: autoDraw = False
43.3651 	EXP 	surround_grating: ori = 29.0
43.3651 	EXP 	center_grating: ori = -1.0
43.3651 	EXP 	text_2: autoDraw = True
43.8582 	EXP 	surround_grating: autoDraw = True
43.8582 	EXP 	center_grating: autoDraw = True
43.8628 	EXP 	text_2: autoDraw = False
43.9293 	EXP 	surround_grating: autoDraw = False
43.9293 	EXP 	center_grating: autoDraw = False
43.9293 	EXP 	text_3: autoDraw = True
44.4791 	DATA 	Keypress: left
44.4816 	INFO 	Keyboard events cleared
44.4814 	EXP 	surround_grating: autoDraw = False
44.4814 	EXP 	center_grating: autoDraw = False
44.4814 	EXP 	text_2: autoDraw = False
44.4814 	EXP 	text_3: autoDraw = False
44.4814 	EXP 	surround_grating: ori = 31.0
44.4814 	EXP 	center_grating: ori = 1.0
44.4814 	EXP 	text_2: autoDraw = True
44.9749 	EXP 	surround_grating: autoDraw = True
44.9749 	EXP 	center_grating: autoDraw = True
44.9795 	EXP 	text_2: autoDraw = False
45.0459 	EXP 	surround_grating: autoDraw = False
45.0459 	EXP 	center_grating: autoDraw = False
45.0459 	EXP 	text_3: autoDraw = True
46.0454 	DATA 	Keypress: left
46.0481 	INFO 	Keyboard events cleared
46.0478 	EXP 	surround_grating: autoDraw = False
46.0478 	EXP 	center_grating: autoDraw = False
46.0478 	EXP 	text_2: autoDraw = False
46.0478 	EXP 	text_3: autoDraw = False
46.0478 	EXP 	surround_grating: ori = 31.0
46.0478 	EXP 	center_grating: ori = 1.0
46.0478 	EXP 	text_2: autoDraw = True
46.5414 	EXP 	surround_grating: autoDraw = True
46.5414 	EXP 	center_grating: autoDraw = True
46.5458 	EXP 	text_2: autoDraw = False
46.6126 	EXP 	surround_grating: autoDraw = False
46.6126 	EXP 	center_grating: autoDraw = False
46.6126 	EXP 	text_3: autoDraw = True
47.6170 	DATA 	Keypress: left
47.6251 	INFO 	Keyboard events cleared
47.6249 	EXP 	surround_grating: autoDraw = False
47.6249 	EXP 	center_grating: autoDraw = False
47.6249 	EXP 	text_2: autoDraw = False
47.6249 	EXP 	text_3: autoDraw = False
47.6249 	EXP 	surround_grating: ori = 33.0
47.6249 	EXP 	center_grating: ori = 3.0
47.6249 	EXP 	text_2: autoDraw = True
48.1132 	EXP 	surround_grating: autoDraw = True
48.1132 	EXP 	center_grating: autoDraw = True
48.1132 	EXP 	text_2: autoDraw = False
48.1916 	EXP 	surround_grating: autoDraw = False
48.1916 	EXP 	center_grating: autoDraw = False
48.1916 	EXP 	text_3: autoDraw = True
48.8136 	DATA 	Keypress: right
48.8162 	INFO 	Keyboard events cleared
48.8159 	EXP 	surround_grating: autoDraw = False
48.8159 	EXP 	center_grating: autoDraw = False
48.8159 	EXP 	text_2: autoDraw = False
48.8159 	EXP 	text_3: autoDraw = False
48.8159 	EXP 	surround_grating: ori = 32.0
48.8159 	EXP 	center_grating: ori = 2.0
48.8159 	EXP 	text_2: autoDraw = True
49.3082 	EXP 	surround_grating: autoDraw = True
49.3082 	EXP 	center_grating: autoDraw = True
49.3129 	EXP 	text_2: autoDraw = False
49.3795 	EXP 	surround_grating: autoDraw = False
49.3795 	EXP 	center_grating: autoDraw = False
49.3795 	EXP 	text_3: autoDraw = True
50.0014 	DATA 	Keypress: right
50.0085 	INFO 	Keyboard events cleared
50.0082 	EXP 	surround_grating: autoDraw = False
50.0082 	EXP 	center_grating: autoDraw = False
50.0082 	EXP 	text_2: autoDraw = False
50.0082 	EXP 	text_3: autoDraw = False
50.0082 	EXP 	surround_grating: ori = 31.5
50.0082 	EXP 	center_grating: ori = 1.5
50.0082 	EXP 	text_2: autoDraw = True
50.4964 	EXP 	surround_grating: autoDraw = True
50.4964 	EXP 	center_grating: autoDraw = True
50.4964 	EXP 	text_2: autoDraw = False
50.5749 	EXP 	surround_grating: autoDraw = False
50.5749 	EXP 	center_grating: autoDraw = False
50.5749 	EXP 	text_3: autoDraw = True
51.2166 	DATA 	Keypress: right
51.2252 	INFO 	Keyboard events cleared
51.2249 	EXP 	surround_grating: autoDraw = False
51.2249 	EXP 	center_grating: autoDraw = False
51.2249 	EXP 	text_2: autoDraw = False
51.2249 	EXP 	text_3: autoDraw = False
51.2249 	EXP 	surround_grating: ori = 32.0
51.2249 	EXP 	center_grating: ori = 2.0
51.2249 	EXP 	text_2: autoDraw = True
51.7133 	EXP 	surround_grating: autoDraw = True
51.7133 	EXP 	center_grating: autoDraw = True
51.7133 	EXP 	text_2: autoDraw = False
51.7914 	EXP 	surround_grating: autoDraw = False
51.7914 	EXP 	center_grating: autoDraw = False
51.7914 	EXP 	text_3: autoDraw = True
52.3836 	DATA 	Keypress: right
52.3918 	INFO 	Keyboard events cleared
52.3916 	EXP 	surround_grating: autoDraw = False
52.3916 	EXP 	center_grating: autoDraw = False
52.3916 	EXP 	text_2: autoDraw = False
52.3916 	EXP 	text_3: autoDraw = False
52.3916 	EXP 	surround_grating: ori = 31.0
52.3916 	EXP 	center_grating: ori = 1.0
52.3916 	EXP 	text_2: autoDraw = True
52.4771 	WARNING 	Multiple dropped frames have occurred - I'll stop bothering you about them!
52.8802 	EXP 	surround_grating: autoDraw = True
52.8802 	EXP 	center_grating: autoDraw = True
52.8802 	EXP 	text_2: autoDraw = False
52.9583 	EXP 	surround_grating: autoDraw = False
52.9583 	EXP 	center_grating: autoDraw = False
52.9583 	EXP 	text_3: autoDraw = True
53.5148 	DATA 	Keypress: right
53.5186 	INFO 	Keyboard events cleared
53.5184 	EXP 	surround_grating: autoDraw = False
53.5184 	EXP 	center_grating: autoDraw = False
53.5184 	EXP 	text_2: autoDraw = False
53.5184 	EXP 	text_3: autoDraw = False
53.5184 	EXP 	surround_grating: ori = 31.0
53.5184 	EXP 	center_grating: ori = 1.0
53.5184 	EXP 	text_2: autoDraw = True
54.0082 	EXP 	surround_grating: autoDraw = True
54.0082 	EXP 	center_grating: autoDraw = True
54.0128 	EXP 	text_2: autoDraw = False
54.0793 	EXP 	surround_grating: autoDraw = False
54.0793 	EXP 	center_grating: autoDraw = False
54.0915 	EXP 	text_3: autoDraw = True
54.7457 	DATA 	Keypress: right
54.7482 	INFO 	Keyboard events cleared
54.7479 	EXP 	surround_grating: autoDraw = False
54.7479 	EXP 	center_grating: autoDraw = False
54.7479 	EXP 	text_2: autoDraw = False
54.7479 	EXP 	text_3: autoDraw = False
54.7479 	EXP 	surround_grating: ori = 30.0
54.7479 	EXP 	center_grating: ori = 0.0
54.7479 	EXP 	text_2: autoDraw = True
55.2415 	EXP 	surround_grating: autoDraw = True
55.2415 	EXP 	center_grating: autoDraw = True
55.2461 	EXP 	text_2: autoDraw = False
55.3126 	EXP 	surround_grating: autoDraw = False
55.3126 	EXP 	center_grating: autoDraw = False
55.3126 	EXP 	text_3: autoDraw = True
55.9003 	DATA 	Keypress: left
55.9085 	INFO 	Keyboard events cleared
55.9082 	EXP 	surround_grating: autoDraw = False
55.9082 	EXP 	center_grating: autoDraw = False
55.9082 	EXP 	text_2: autoDraw = False
55.9082 	EXP 	text_3: autoDraw = False
55.9082 	EXP 	surround_grating: ori = 30.5
55.9082 	EXP 	center_grating: ori = 0.5
55.9082 	EXP 	text_2: autoDraw = True
56.3965 	EXP 	surround_grating: autoDraw = True
56.3965 	EXP 	center_grating: autoDraw = True
56.3965 	EXP 	text_2: autoDraw = False
56.4749 	EXP 	surround_grating: autoDraw = False
56.4749 	EXP 	center_grating: autoDraw = False
56.4749 	EXP 	text_3: autoDraw = True
57.3789 	DATA 	Keypress: left
57.3814 	INFO 	Keyboard events cleared
57.3812 	EXP 	surround_grating: autoDraw = False
57.3812 	EXP 	center_grating: autoDraw = False
57.3812 	EXP 	text_2: autoDraw = False
57.3812 	EXP 	text_3: autoDraw = False
57.3812 	EXP 	surround_grating: ori = 30.5
57.3812 	EXP 	center_grating: ori = 0.5
57.3812 	EXP 	text_2: autoDraw = True
57.8749 	EXP 	surround_grating: autoDraw = True
57.8749 	EXP 	center_grating: autoDraw = True
57.8794 	EXP 	text_2: autoDraw = False
57.9462 	EXP 	surround_grating: autoDraw = False
57.9462 	EXP 	center_grating: autoDraw = False
57.9462 	EXP 	text_3: autoDraw = True
58.6672 	DATA 	Keypress: right
58.6751 	INFO 	Keyboard events cleared
58.6749 	EXP 	surround_grating: autoDraw = False
58.6749 	EXP 	center_grating: autoDraw = False
58.6749 	EXP 	text_2: autoDraw = False
58.6749 	EXP 	text_3: autoDraw = False
58.6749 	EXP 	surround_grating: ori = 30.75
58.6749 	EXP 	center_grating: ori = 0.75
58.6749 	EXP 	text_2: autoDraw = True
59.1630 	EXP 	surround_grating: autoDraw = True
59.1630 	EXP 	center_grating: autoDraw = True
59.1630 	EXP 	text_2: autoDraw = False
59.2415 	EXP 	surround_grating: autoDraw = False
59.2415 	EXP 	center_grating: autoDraw = False
59.2415 	EXP 	text_3: autoDraw = True
59.9787 	DATA 	Keypress: right
59.9813 	INFO 	Keyboard events cleared
59.9810 	EXP 	surround_grating: autoDraw = False
59.9810 	EXP 	center_grating: autoDraw = False
59.9810 	EXP 	text_2: autoDraw = False
59.9810 	EXP 	text_3: autoDraw = False
59.9810 	EXP 	surround_grating: ori = 30.25
59.9810 	EXP 	center_grating: ori = 0.25
59.9810 	EXP 	text_2: autoDraw = True
60.4749 	EXP 	surround_grating: autoDraw = True
60.4749 	EXP 	center_grating: autoDraw = True
60.4795 	EXP 	text_2: autoDraw = False
60.5460 	EXP 	surround_grating: autoDraw = False
60.5460 	EXP 	center_grating: autoDraw = False
60.5460 	EXP 	text_3: autoDraw = True
62.1458 	DATA 	Keypress: right
62.1483 	INFO 	Keyboard events cleared
62.1481 	EXP 	surround_grating: autoDraw = False
62.1481 	EXP 	center_grating: autoDraw = False
62.1481 	EXP 	text_2: autoDraw = False
62.1481 	EXP 	text_3: autoDraw = False
62.1481 	EXP 	surround_grating: ori = 30.65
62.1481 	EXP 	center_grating: ori = 0.65
62.1481 	EXP 	text_2: autoDraw = True
62.6415 	EXP 	surround_grating: autoDraw = True
62.6415 	EXP 	center_grating: autoDraw = True
62.6460 	EXP 	text_2: autoDraw = False
62.7129 	EXP 	surround_grating: autoDraw = False
62.7129 	EXP 	center_grating: autoDraw = False
62.7129 	EXP 	text_3: autoDraw = True
63.5167 	DATA 	Keypress: right
63.5251 	INFO 	Keyboard events cleared
63.5249 	EXP 	surround_grating: autoDraw = False
63.5249 	EXP 	center_grating: autoDraw = False
63.5249 	EXP 	text_2: autoDraw = False
63.5249 	EXP 	text_3: autoDraw = False
63.5249 	EXP 	surround_grating: ori = 30.55
63.5249 	EXP 	center_grating: ori = 0.55
63.5249 	EXP 	text_2: autoDraw = True
64.0136 	EXP 	surround_grating: autoDraw = True
64.0136 	EXP 	center_grating: autoDraw = True
64.0136 	EXP 	text_2: autoDraw = False
64.0915 	EXP 	surround_grating: autoDraw = False
64.0915 	EXP 	center_grating: autoDraw = False
64.0915 	EXP 	text_3: autoDraw = True
64.9005 	DATA 	Keypress: right
64.9084 	INFO 	Keyboard events cleared
64.9082 	EXP 	surround_grating: autoDraw = False
64.9082 	EXP 	center_grating: autoDraw = False
64.9082 	EXP 	text_2: autoDraw = False
64.9082 	EXP 	text_3: autoDraw = False
64.9082 	EXP 	surround_grating: ori = 30.0
64.9082 	EXP 	center_grating: ori = 0.0
64.9082 	EXP 	text_2: autoDraw = True
65.3964 	EXP 	surround_grating: autoDraw = True
65.3964 	EXP 	center_grating: autoDraw = True
65.3964 	EXP 	text_2: autoDraw = False
65.4748 	EXP 	surround_grating: autoDraw = False
65.4748 	EXP 	center_grating: autoDraw = False
65.4748 	EXP 	text_3: autoDraw = True
66.2790 	DATA 	Keypress: right
66.2816 	INFO 	Keyboard events cleared
66.2813 	EXP 	surround_grating: autoDraw = False
66.2813 	EXP 	center_grating: autoDraw = False
66.2813 	EXP 	text_2: autoDraw = False
66.2813 	EXP 	text_3: autoDraw = False
66.2813 	EXP 	surround_grating: ori = 29.75
66.2813 	EXP 	center_grating: ori = -0.25
66.2813 	EXP 	text_2: autoDraw = True
66.7747 	EXP 	surround_grating: autoDraw = True
66.7747 	EXP 	center_grating: autoDraw = True
66.7795 	EXP 	text_2: autoDraw = False
66.8464 	EXP 	surround_grating: autoDraw = False
66.8464 	EXP 	center_grating: autoDraw = False
66.8464 	EXP 	text_3: autoDraw = True
67.4315 	DATA 	Keypress: left
67.4356 	INFO 	Keyboard events cleared
67.4353 	EXP 	surround_grating: autoDraw = False
67.4353 	EXP 	center_grating: autoDraw = False
67.4353 	EXP 	text_2: autoDraw = False
67.4353 	EXP 	text_3: autoDraw = False
67.4353 	EXP 	surround_grating: ori = 30.45
67.4353 	EXP 	center_grating: ori = 0.45000000000000007
67.4353 	EXP 	text_2: autoDraw = True
67.9248 	EXP 	surround_grating: autoDraw = True
67.9248 	EXP 	center_grating: autoDraw = True
67.9293 	EXP 	text_2: autoDraw = False
67.9961 	EXP 	surround_grating: autoDraw = False
67.9961 	EXP 	center_grating: autoDraw = False
68.0082 	EXP 	text_3: autoDraw = True
68.5959 	DATA 	Keypress: left
68.5985 	INFO 	Keyboard events cleared
68.5982 	EXP 	surround_grating: autoDraw = False
68.5982 	EXP 	center_grating: autoDraw = False
68.5982 	EXP 	text_2: autoDraw = False
68.5982 	EXP 	text_3: autoDraw = False
68.5982 	EXP 	surround_grating: ori = 29.85
68.5982 	EXP 	center_grating: ori = -0.15
68.5982 	EXP 	text_2: autoDraw = True
69.0914 	EXP 	surround_grating: autoDraw = True
69.0914 	EXP 	center_grating: autoDraw = True
69.0960 	EXP 	text_2: autoDraw = False
69.1626 	EXP 	surround_grating: autoDraw = False
69.1626 	EXP 	center_grating: autoDraw = False
69.1626 	EXP 	text_3: autoDraw = True
69.8681 	DATA 	Keypress: left
69.8751 	INFO 	Keyboard events cleared
69.8748 	EXP 	surround_grating: autoDraw = False
69.8748 	EXP 	center_grating: autoDraw = False
69.8748 	EXP 	text_2: autoDraw = False
69.8748 	EXP 	text_3: autoDraw = False
69.8748 	EXP 	surround_grating: ori = 30.55
69.8748 	EXP 	center_grating: ori = 0.55
69.8748 	EXP 	text_2: autoDraw = True
70.3629 	EXP 	surround_grating: autoDraw = True
70.3629 	EXP 	center_grating: autoDraw = True
70.3629 	EXP 	text_2: autoDraw = False
70.4415 	EXP 	surround_grating: autoDraw = False
70.4415 	EXP 	center_grating: autoDraw = False
70.4415 	EXP 	text_3: autoDraw = True
71.0958 	DATA 	Keypress: left
71.0983 	INFO 	Keyboard events cleared
71.0981 	EXP 	surround_grating: autoDraw = False
71.0981 	EXP 	center_grating: autoDraw = False
71.0981 	EXP 	text_2: autoDraw = False
71.0981 	EXP 	text_3: autoDraw = False
71.0981 	EXP 	surround_grating: ori = 29.95
71.0981 	EXP 	center_grating: ori = -0.04999999999999999
71.0981 	EXP 	text_2: autoDraw = True
71.5915 	EXP 	surround_grating: autoDraw = True
71.5915 	EXP 	center_grating: autoDraw = True
71.5961 	EXP 	text_2: autoDraw = False
71.6625 	EXP 	surround_grating: autoDraw = False
71.6625 	EXP 	center_grating: autoDraw = False
71.6625 	EXP 	text_3: autoDraw = True
72.1666 	DATA 	Keypress: left
72.1751 	INFO 	Keyboard events cleared
72.1749 	EXP 	surround_grating: autoDraw = False
72.1749 	EXP 	center_grating: autoDraw = False
72.1749 	EXP 	text_2: autoDraw = False
72.1749 	EXP 	text_3: autoDraw = False
72.1749 	EXP 	surround_grating: ori = 30.65
72.1749 	EXP 	center_grating: ori = 0.65
72.1749 	EXP 	text_2: autoDraw = True
72.6632 	EXP 	surround_grating: autoDraw = True
72.6632 	EXP 	center_grating: autoDraw = True
72.6632 	EXP 	text_2: autoDraw = False
72.7414 	EXP 	surround_grating: autoDraw = False
72.7414 	EXP 	center_grating: autoDraw = False
72.7414 	EXP 	text_3: autoDraw = True
73.3126 	DATA 	Keypress: left
73.3152 	INFO 	Keyboard events cleared
73.3149 	EXP 	surround_grating: autoDraw = False
73.3149 	EXP 	center_grating: autoDraw = False
73.3149 	EXP 	text_2: autoDraw = False
73.3149 	EXP 	text_3: autoDraw = False
73.3149 	EXP 	surround_grating: ori = 30.75
73.3149 	EXP 	center_grating: ori = 0.75
73.3149 	EXP 	text_2: autoDraw = True
73.8080 	EXP 	surround_grating: autoDraw = True
73.8080 	EXP 	center_grating: autoDraw = True
73.8126 	EXP 	text_2: autoDraw = False
73.8788 	EXP 	surround_grating: autoDraw = False
73.8788 	EXP 	center_grating: autoDraw = False
73.8788 	EXP 	text_3: autoDraw = True
74.8125 	DATA 	Keypress: left
74.8151 	INFO 	Keyboard events cleared
74.8148 	EXP 	surround_grating: autoDraw = False
74.8148 	EXP 	center_grating: autoDraw = False
74.8148 	EXP 	text_2: autoDraw = False
74.8148 	EXP 	text_3: autoDraw = False
74.8148 	EXP 	surround_grating: ori = 30.05
74.8148 	EXP 	center_grating: ori = 0.05000000000000002
74.8148 	EXP 	text_2: autoDraw = True
75.3082 	EXP 	surround_grating: autoDraw = True
75.3082 	EXP 	center_grating: autoDraw = True
75.3129 	EXP 	text_2: autoDraw = False
75.3795 	EXP 	surround_grating: autoDraw = False
75.3795 	EXP 	center_grating: autoDraw = False
75.3795 	EXP 	text_3: autoDraw = True
76.0120 	DATA 	Keypress: left
76.0147 	INFO 	Keyboard events cleared
76.0144 	EXP 	surround_grating: autoDraw = False
76.0144 	EXP 	center_grating: autoDraw = False
76.0144 	EXP 	text_2: autoDraw = False
76.0144 	EXP 	text_3: autoDraw = False
76.0144 	EXP 	surround_grating: ori = 30.85
76.0144 	EXP 	center_grating: ori = 0.85
76.0144 	EXP 	text_2: autoDraw = True
76.5081 	EXP 	surround_grating: autoDraw = True
76.5081 	EXP 	center_grating: autoDraw = True
76.5125 	EXP 	text_2: autoDraw = False
76.5792 	EXP 	surround_grating: autoDraw = False
76.5792 	EXP 	center_grating: autoDraw = False
76.5792 	EXP 	text_3: autoDraw = True
77.2164 	DATA 	Keypress: left
77.2251 	INFO 	Keyboard events cleared
77.2248 	EXP 	surround_grating: autoDraw = False
77.2248 	EXP 	center_grating: autoDraw = False
77.2248 	EXP 	text_2: autoDraw = False
77.2248 	EXP 	text_3: autoDraw = False
77.2248 	EXP 	surround_grating: ori = 30.15
77.2248 	EXP 	center_grating: ori = 0.15000000000000002
77.2248 	EXP 	text_2: autoDraw = True
77.7131 	EXP 	surround_grating: autoDraw = True
77.7131 	EXP 	center_grating: autoDraw = True
77.7131 	EXP 	text_2: autoDraw = False
77.7914 	EXP 	surround_grating: autoDraw = False
77.7914 	EXP 	center_grating: autoDraw = False
77.7914 	EXP 	text_3: autoDraw = True
79.2625 	DATA 	Keypress: left
79.2650 	INFO 	Keyboard events cleared
79.2648 	EXP 	surround_grating: autoDraw = False
79.2648 	EXP 	center_grating: autoDraw = False
79.2648 	EXP 	text_2: autoDraw = False
79.2648 	EXP 	text_3: autoDraw = False
79.2648 	EXP 	surround_grating: ori = 30.25
79.2648 	EXP 	center_grating: ori = 0.25
79.2648 	EXP 	text_2: autoDraw = True
79.7582 	EXP 	surround_grating: autoDraw = True
79.7582 	EXP 	center_grating: autoDraw = True
79.7628 	EXP 	text_2: autoDraw = False
79.8292 	EXP 	surround_grating: autoDraw = False
79.8292 	EXP 	center_grating: autoDraw = False
79.8292 	EXP 	text_3: autoDraw = True
81.2456 	DATA 	Keypress: left
81.2481 	INFO 	Keyboard events cleared
81.2479 	EXP 	surround_grating: autoDraw = False
81.2479 	EXP 	center_grating: autoDraw = False
81.2479 	EXP 	text_2: autoDraw = False
81.2479 	EXP 	text_3: autoDraw = False
81.2479 	EXP 	surround_grating: ori = 30.95
81.2479 	EXP 	center_grating: ori = 0.95
81.2479 	EXP 	text_2: autoDraw = True
81.7414 	EXP 	surround_grating: autoDraw = True
81.7414 	EXP 	center_grating: autoDraw = True
81.7461 	EXP 	text_2: autoDraw = False
81.8125 	EXP 	surround_grating: autoDraw = False
81.8125 	EXP 	center_grating: autoDraw = False
81.8125 	EXP 	text_3: autoDraw = True
82.8167 	DATA 	Keypress: left
82.8251 	INFO 	Keyboard events cleared
82.8248 	EXP 	surround_grating: autoDraw = False
82.8248 	EXP 	center_grating: autoDraw = False
82.8248 	EXP 	text_2: autoDraw = False
82.8248 	EXP 	text_3: autoDraw = False
82.8248 	EXP 	surround_grating: ori = 30.35
82.8248 	EXP 	center_grating: ori = 0.35
82.8248 	EXP 	text_2: autoDraw = True
83.3133 	EXP 	surround_grating: autoDraw = True
83.3133 	EXP 	center_grating: autoDraw = True
83.3133 	EXP 	text_2: autoDraw = False
83.3915 	EXP 	surround_grating: autoDraw = False
83.3915 	EXP 	center_grating: autoDraw = False
83.3915 	EXP 	text_3: autoDraw = True
84.0623 	DATA 	Keypress: right
84.0649 	INFO 	Keyboard events cleared
84.0647 	EXP 	surround_grating: autoDraw = False
84.0647 	EXP 	center_grating: autoDraw = False
84.0647 	EXP 	text_2: autoDraw = False
84.0647 	EXP 	text_3: autoDraw = False
84.0647 	EXP 	surround_grating: ori = 31.05
84.0647 	EXP 	center_grating: ori = 1.05
84.0647 	EXP 	text_2: autoDraw = True
84.5581 	EXP 	surround_grating: autoDraw = True
84.5581 	EXP 	center_grating: autoDraw = True
84.5627 	EXP 	text_2: autoDraw = False
84.6293 	EXP 	surround_grating: autoDraw = False
84.6293 	EXP 	center_grating: autoDraw = False
84.6293 	EXP 	text_3: autoDraw = True
85.8512 	DATA 	Keypress: right
85.8584 	INFO 	Keyboard events cleared
85.8582 	EXP 	surround_grating: autoDraw = False
85.8582 	EXP 	center_grating: autoDraw = False
85.8582 	EXP 	text_2: autoDraw = False
85.8582 	EXP 	text_3: autoDraw = False
85.8582 	EXP 	surround_grating: ori = 30.25
85.8582 	EXP 	center_grating: ori = 0.24999999999999997
85.8582 	EXP 	text_2: autoDraw = True
86.3464 	EXP 	surround_grating: autoDraw = True
86.3464 	EXP 	center_grating: autoDraw = True
86.3464 	EXP 	text_2: autoDraw = False
86.4247 	EXP 	surround_grating: autoDraw = False
86.4247 	EXP 	center_grating: autoDraw = False
86.4247 	EXP 	text_3: autoDraw = True
87.0672 	DATA 	Keypress: left
87.0750 	INFO 	Keyboard events cleared
87.0748 	EXP 	surround_grating: autoDraw = False
87.0748 	EXP 	center_grating: autoDraw = False
87.0748 	EXP 	text_2: autoDraw = False
87.0748 	EXP 	text_3: autoDraw = False
87.0748 	EXP 	surround_grating: ori = 30.95
87.0748 	EXP 	center_grating: ori = 0.9500000000000001
87.0748 	EXP 	text_2: autoDraw = True
87.5627 	EXP 	surround_grating: autoDraw = True
87.5627 	EXP 	center_grating: autoDraw = True
87.5627 	EXP 	text_2: autoDraw = False
87.6414 	EXP 	surround_grating: autoDraw = False
87.6414 	EXP 	center_grating: autoDraw = False
87.6414 	EXP 	text_3: autoDraw = True
88.1955 	DATA 	Keypress: right
88.1981 	INFO 	Keyboard events cleared
88.1978 	EXP 	surround_grating: autoDraw = False
88.1978 	EXP 	center_grating: autoDraw = False
88.1978 	EXP 	text_2: autoDraw = False
88.1978 	EXP 	text_3: autoDraw = False
88.1978 	EXP 	surround_grating: ori = 30.85
88.1978 	EXP 	center_grating: ori = 0.8500000000000001
88.1978 	EXP 	text_2: autoDraw = True
88.6914 	EXP 	surround_grating: autoDraw = True
88.6914 	EXP 	center_grating: autoDraw = True
88.6960 	EXP 	text_2: autoDraw = False
88.7623 	EXP 	surround_grating: autoDraw = False
88.7623 	EXP 	center_grating: autoDraw = False
88.7623 	EXP 	text_3: autoDraw = True
89.3524 	DATA 	Keypress: right
89.3585 	INFO 	Keyboard events cleared
89.3582 	EXP 	surround_grating: autoDraw = False
89.3582 	EXP 	center_grating: autoDraw = False
89.3582 	EXP 	text_2: autoDraw = False
89.3582 	EXP 	text_3: autoDraw = False
89.3582 	EXP 	surround_grating: ori = 30.35
89.3582 	EXP 	center_grating: ori = 0.35
89.3582 	EXP 	text_2: autoDraw = True
89.8463 	EXP 	surround_grating: autoDraw = True
89.8463 	EXP 	center_grating: autoDraw = True
89.8463 	EXP 	text_2: autoDraw = False
89.9246 	EXP 	surround_grating: autoDraw = False
89.9246 	EXP 	center_grating: autoDraw = False
89.9290 	EXP 	text_3: autoDraw = True
92.2133 	DATA 	Keypress: right
92.2159 	INFO 	Keyboard events cleared
92.2156 	EXP 	surround_grating: autoDraw = False
92.2156 	EXP 	center_grating: autoDraw = False
92.2156 	EXP 	text_2: autoDraw = False
92.2156 	EXP 	text_3: autoDraw = False
92.2156 	EXP 	text_4: autoDraw = True
93.2125 	DATA 	Keypress: space
93.2151 	EXP 	text_4: autoDraw = False
93.2169 	EXP 	tilt_staircase: status = STOPPED
93.2344 	INFO 	saved data to '/Users/bwinsto2/Downloads/data/135349_tilt_staircase_2025-08-14_12h04.43.850.csv'
93.2362 	INFO 	saved data to /Users/bwinsto2/Downloads/data/135349_tilt_staircase_2025-08-14_12h04.43.850.psydat
93.8345 	DEBUG 	Saving data for tilt_staircase ExperimentHandler
