9.8396 	DEBUG 	Fullscreen settings ignored as running in pilot mode.
9.8409 	INFO 	Loaded monitor calibration from ['2025_08_13 14:32']
10.0858 	EXP 	Created window1 = Window(allowGUI=False, allowStencil=False, autoLog=True, backendConf=UNKNOWN, backgroundFit=<method-wrapper '__getattribute__' of attributeSetter object at 0x7fb5d3608ac0>, backgroundImage=<method-wrapper '__getattribute__' of attributeSetter object at 0x7fb5d36089a0>, bitsMode=UNKNOWN, blendMode='avg', bpc=(8, 8, 8), color=array([0, 0, 0]), colorSpace='rgb', depthBits=8, fullscr=False, gamma=None, gammaErrorPolicy='raise', infoMsg=UNKNOWN, lms=UNKNOWN, monitor=<psychopy.monitors.calibTools.Monitor object at 0x7fb5d32654c0>, multiSample=False, name='window1', numSamples=2, pos=[320.0, 150.0], screen=0, size=array([1600, 1200]), stencilBits=0, stereo=False, title='PsychoPy', units='height', useFBO=True, useRetina=True, viewOri=0.0, viewPos=None, viewScale=None, waitBlanking=True, winType='pyglet')
10.0858 	EXP 	window1: backgroundImage = ''
10.0858 	EXP 	window1: backgroundFit = 'none'
10.0991 	DEBUG 	TextBox2 loaded 1 chars with 0 blanks and 1 valid
10.1001 	DEBUG 	TextBox2 loaded 1 chars with 0 blanks and 1 valid
10.1010 	DEBUG 	TextBox2 loaded 1 chars with 0 blanks and 1 valid
10.1021 	DEBUG 	TextBox2 loaded 1 chars with 0 blanks and 1 valid
10.1031 	DEBUG 	TextBox2 loaded 1 chars with 0 blanks and 1 valid
10.1038 	DEBUG 	TextBox2 loaded 1 chars with 0 blanks and 1 valid
10.1047 	DEBUG 	TextBox2 loaded 1 chars with 0 blanks and 1 valid
10.1058 	DEBUG 	TextBox2 loaded 1 chars with 0 blanks and 1 valid
10.1064 	DEBUG 	TextBox2 loaded 1 chars with 0 blanks and 1 valid
10.1068 	DEBUG 	TextBox2 loaded 1 chars with 0 blanks and 1 valid
10.1076 	DEBUG 	TextBox2 loaded 1 chars with 0 blanks and 1 valid
10.1085 	DEBUG 	TextBox2 loaded 1 chars with 0 blanks and 1 valid
10.1092 	DEBUG 	TextBox2 loaded 1 chars with 0 blanks and 1 valid
10.1100 	DEBUG 	TextBox2 loaded 1 chars with 0 blanks and 1 valid
10.1107 	DEBUG 	TextBox2 loaded 1 chars with 0 blanks and 1 valid
10.1115 	DEBUG 	TextBox2 loaded 1 chars with 0 blanks and 1 valid
10.1122 	DEBUG 	TextBox2 loaded 1 chars with 0 blanks and 1 valid
10.1127 	DEBUG 	TextBox2 loaded 1 chars with 0 blanks and 1 valid
10.1132 	DEBUG 	TextBox2 loaded 1 chars with 0 blanks and 1 valid
10.1142 	DEBUG 	TextBox2 loaded 1 chars with 0 blanks and 1 valid
10.1147 	DEBUG 	TextBox2 loaded 1 chars with 0 blanks and 1 valid
10.1149 	DEBUG 	Uploading Texture Font fontname to graphics card
10.1191 	DEBUG 	Upload of Texture Font fontname complete
10.1254 	DEBUG 	TextBox2 loaded 1 chars with 0 blanks and 1 valid
10.1265 	DEBUG 	TextBox2 loaded 1 chars with 0 blanks and 1 valid
10.1275 	DEBUG 	TextBox2 loaded 1 chars with 0 blanks and 1 valid
10.1277 	DEBUG 	Uploading Texture Font fontname to graphics card
10.1299 	DEBUG 	Upload of Texture Font fontname complete
10.1316 	EXP 	window1: Attempting to measure frame rate of screen (0) ...
10.1316 	EXP 	window1: recordFrameIntervals = False
10.4021 	EXP 	window1: recordFrameIntervals = True
11.2364 	WARNING 	Couldn't measure a consistent frame rate!
  - Is your graphics card set to sync to vertical blank?
  - Are you running other processes on your computer?

11.2467 	DEBUG 	TextBox2 loaded 1 chars with 0 blanks and 1 valid
11.2478 	DEBUG 	TextBox2 loaded 1 chars with 0 blanks and 1 valid
11.2493 	DEBUG 	TextBox2 loaded 1 chars with 0 blanks and 1 valid
11.2512 	DEBUG 	TextBox2 loaded 1 chars with 0 blanks and 1 valid
11.2529 	DEBUG 	TextBox2 loaded 1 chars with 0 blanks and 1 valid
11.2547 	DEBUG 	TextBox2 loaded 1 chars with 0 blanks and 1 valid
11.2555 	DEBUG 	TextBox2 loaded 1 chars with 0 blanks and 1 valid
11.2570 	DEBUG 	TextBox2 loaded 1 chars with 0 blanks and 1 valid
11.2587 	DEBUG 	TextBox2 loaded 1 chars with 0 blanks and 1 valid
11.2601 	DEBUG 	TextBox2 loaded 1 chars with 0 blanks and 1 valid
11.2604 	DEBUG 	Uploading Texture Font fontname to graphics card
11.2646 	DEBUG 	Upload of Texture Font fontname complete
11.2883 	WARNING 	launchHubServer: If using the iohub mouse or eyetracker devices, fullScr should be True.
15.1381 	INFO 	keyboard.Keyboard is using iohub backend.
15.1381 	INFO 	keyboard.Keyboard is using iohub backend.
15.1382 	INFO 	keyboard.Keyboard is using iohub backend.
15.1382 	INFO 	keyboard.Keyboard is using iohub backend.
15.1382 	INFO 	keyboard.Keyboard is using iohub backend.
15.1382 	INFO 	keyboard.Keyboard is using iohub backend.
15.1382 	INFO 	keyboard.Keyboard is using iohub backend.
15.1382 	INFO 	keyboard.Keyboard is using iohub backend.
15.1383 	INFO 	keyboard.Keyboard is using iohub backend.
15.1383 	EXP 	tilt_staircase: status = STARTED
15.1879 	EXP 	Created text_5 = TextStim(__class__=<class 'psychopy.visual.text.TextStim'>, alignHoriz=method-wrapper(...), alignText='center', alignVert=method-wrapper(...), anchorHoriz='center', anchorVert='center', antialias=True, autoDraw=False, autoLog=True, bold=False, color=array([1., 1., 1.]), colorSpace='rgb', contrast=1.0, depth=0.0, draggable=False, flipHoriz=False, flipVert=False, font='Arial', fontFiles=[], height=0.05, italic=False, languageStyle='LTR', name='text_5', opacity=1, ori=0.0, pos=array([0., 0.]), rgb=UNKNOWN, text=str(...), units='height', win=Window(...), wrapWidth=1)
15.1948 	EXP 	Created text_6 = TextStim(__class__=<class 'psychopy.visual.text.TextStim'>, alignHoriz=method-wrapper(...), alignText='center', alignVert=method-wrapper(...), anchorHoriz='center', anchorVert='center', antialias=True, autoDraw=False, autoLog=True, bold=False, color=array([1., 1., 1.]), colorSpace='rgb', contrast=1.0, depth=0.0, draggable=False, flipHoriz=False, flipVert=False, font='Arial', fontFiles=[], height=0.05, italic=False, languageStyle='LTR', name='text_6', opacity=1, ori=0.0, pos=array([0., 0.]), rgb=UNKNOWN, text=str(...), units='height', win=Window(...), wrapWidth=1)
15.1972 	EXP 	Created surround_practice = GratingStim(__class__=<class 'psychopy.visual.grating.GratingStim'>, anchor='center', autoDraw=False, autoLog=True, blendmode='avg', color=array([1., 1., 1.]), colorSpace='rgb', contrast=1.0, depth=0.0, draggable=False, interpolate=True, mask='circle', maskParams=None, name='surround_practice', opacity=1, ori=1.0, phase=array([0., 0.]), pos=array([0., 0.]), rgbPedestal=array([0., 0., 0.]), sf=array([8.5, 8.5]), size=array([0.8, 0.8]), tex='sin', texRes=128.0, units='height', win=Window(...))
15.1986 	EXP 	Created center_practice = GratingStim(__class__=<class 'psychopy.visual.grating.GratingStim'>, anchor='center', autoDraw=False, autoLog=True, blendmode='avg', color=array([1., 1., 1.]), colorSpace='rgb', contrast=1.0, depth=-1.0, draggable=False, interpolate=True, mask='circle', maskParams=None, name='center_practice', opacity=1, ori=1.0, phase=array([0., 0.]), pos=array([0., 0.]), rgbPedestal=array([0., 0., 0.]), sf=array([4., 4.]), size=array([0.25, 0.25]), tex='sin', texRes=128.0, units='height', win=Window(...))
15.2003 	EXP 	Created text_9 = TextStim(__class__=<class 'psychopy.visual.text.TextStim'>, alignHoriz=method-wrapper(...), alignText='center', alignVert=method-wrapper(...), anchorHoriz='center', anchorVert='center', antialias=True, autoDraw=False, autoLog=True, bold=False, color=array([1., 1., 1.]), colorSpace='rgb', contrast=1.0, depth=-3.0, draggable=False, flipHoriz=False, flipVert=False, font='Arial', fontFiles=[], height=0.05, italic=False, languageStyle='LTR', name='text_9', opacity=1, ori=0.0, pos=array([0., 0.]), rgb=UNKNOWN, text='+', units='height', win=Window(...), wrapWidth=1)
15.2037 	EXP 	Created text_11 = TextStim(__class__=<class 'psychopy.visual.text.TextStim'>, alignHoriz=method-wrapper(...), alignText='center', alignVert=method-wrapper(...), anchorHoriz='center', anchorVert='center', antialias=True, autoDraw=False, autoLog=True, bold=False, color=array([1., 1., 1.]), colorSpace='rgb', contrast=1.0, depth=-4.0, draggable=False, flipHoriz=False, flipVert=False, font='Arial', fontFiles=[], height=0.05, italic=False, languageStyle='LTR', name='text_11', opacity=1, ori=0.0, pos=array([0., 0.]), rgb=UNKNOWN, text=str(...), units='height', win=Window(...), wrapWidth=1)
15.2042 	EXP 	Created text_7 = TextStim(__class__=<class 'psychopy.visual.text.TextStim'>, alignHoriz=method-wrapper(...), alignText='center', alignVert=method-wrapper(...), anchorHoriz='center', anchorVert='center', antialias=True, autoDraw=False, autoLog=True, bold=False, color=array([1., 1., 1.]), colorSpace='rgb', contrast=1.0, depth=-1.0, draggable=False, flipHoriz=False, flipVert=False, font='Arial', fontFiles=[], height=0.05, italic=False, languageStyle='LTR', name='text_7', opacity=1, ori=0.0, pos=array([0., 0.]), rgb=UNKNOWN, text='', units='height', win=Window(...), wrapWidth=1)
15.2109 	EXP 	Created text_8 = TextStim(__class__=<class 'psychopy.visual.text.TextStim'>, alignHoriz=method-wrapper(...), alignText='center', alignVert=method-wrapper(...), anchorHoriz='center', anchorVert='center', antialias=True, autoDraw=False, autoLog=True, bold=False, color=array([1., 1., 1.]), colorSpace='rgb', contrast=1.0, depth=0.0, draggable=False, flipHoriz=False, flipVert=False, font='Arial', fontFiles=[], height=0.05, italic=False, languageStyle='LTR', name='text_8', opacity=1, ori=0.0, pos=array([0., 0.]), rgb=UNKNOWN, text=str(...), units='height', win=Window(...), wrapWidth=1)
15.2124 	EXP 	Created surround_practice_2 = GratingStim(__class__=<class 'psychopy.visual.grating.GratingStim'>, anchor='center', autoDraw=False, autoLog=True, blendmode='avg', color=array([1., 1., 1.]), colorSpace='rgb', contrast=1.0, depth=0.0, draggable=False, interpolate=True, mask='circle', maskParams=None, name='surround_practice_2', opacity=1.0, ori=1.0, phase=array([0., 0.]), pos=array([0., 0.]), rgbPedestal=array([0., 0., 0.]), sf=array([8.5, 8.5]), size=array([0.8, 0.8]), tex='sin', texRes=128.0, units='height', win=Window(...))
15.2138 	EXP 	Created center_practice_2 = GratingStim(__class__=<class 'psychopy.visual.grating.GratingStim'>, anchor='center', autoDraw=False, autoLog=True, blendmode='avg', color=array([1., 1., 1.]), colorSpace='rgb', contrast=1.0, depth=-1.0, draggable=False, interpolate=True, mask='circle', maskParams=None, name='center_practice_2', opacity=1, ori=1.0, phase=array([0., 0.]), pos=array([0., 0.]), rgbPedestal=array([0., 0., 0.]), sf=array([4., 4.]), size=array([0.25, 0.25]), tex='sin', texRes=128.0, units='height', win=Window(...))
15.2149 	EXP 	Created text_10 = TextStim(__class__=<class 'psychopy.visual.text.TextStim'>, alignHoriz=method-wrapper(...), alignText='center', alignVert=method-wrapper(...), anchorHoriz='center', anchorVert='center', antialias=True, autoDraw=False, autoLog=True, bold=False, color=array([1., 1., 1.]), colorSpace='rgb', contrast=1.0, depth=-3.0, draggable=False, flipHoriz=False, flipVert=False, font='Arial', fontFiles=[], height=0.05, italic=False, languageStyle='LTR', name='text_10', opacity=1, ori=0.0, pos=array([0., 0.]), rgb=UNKNOWN, text='+', units='height', win=Window(...), wrapWidth=1)
15.2173 	EXP 	Created text_12 = TextStim(__class__=<class 'psychopy.visual.text.TextStim'>, alignHoriz=method-wrapper(...), alignText='center', alignVert=method-wrapper(...), anchorHoriz='center', anchorVert='center', antialias=True, autoDraw=False, autoLog=True, bold=False, color=array([1., 1., 1.]), colorSpace='rgb', contrast=1.0, depth=-4.0, draggable=False, flipHoriz=False, flipVert=False, font='Arial', fontFiles=[], height=0.05, italic=False, languageStyle='LTR', name='text_12', opacity=1, ori=0.0, pos=array([0., 0.]), rgb=UNKNOWN, text=str(...), units='height', win=Window(...), wrapWidth=1)
15.2178 	EXP 	Created text_7 = TextStim(__class__=<class 'psychopy.visual.text.TextStim'>, alignHoriz=method-wrapper(...), alignText='center', alignVert=method-wrapper(...), anchorHoriz='center', anchorVert='center', antialias=True, autoDraw=False, autoLog=True, bold=False, color=array([1., 1., 1.]), colorSpace='rgb', contrast=1.0, depth=-1.0, draggable=False, flipHoriz=False, flipVert=False, font='Arial', fontFiles=[], height=0.05, italic=False, languageStyle='LTR', name='text_7', opacity=1, ori=0.0, pos=array([0., 0.]), rgb=UNKNOWN, text='', units='height', win=Window(...), wrapWidth=1)
15.2223 	EXP 	Created text_13 = TextStim(__class__=<class 'psychopy.visual.text.TextStim'>, alignHoriz=method-wrapper(...), alignText='center', alignVert=method-wrapper(...), anchorHoriz='center', anchorVert='center', antialias=True, autoDraw=False, autoLog=True, bold=False, color=array([1., 1., 1.]), colorSpace='rgb', contrast=1.0, depth=0.0, draggable=False, flipHoriz=False, flipVert=False, font='Arial', fontFiles=[], height=0.05, italic=False, languageStyle='LTR', name='text_13', opacity=1, ori=0.0, pos=array([0., 0.]), rgb=UNKNOWN, text=str(...), units='height', win=Window(...), wrapWidth=1)
15.2236 	EXP 	Created surround_grating = GratingStim(__class__=<class 'psychopy.visual.grating.GratingStim'>, anchor='center', autoDraw=False, autoLog=True, blendmode='avg', color=array([1., 1., 1.]), colorSpace='rgb', contrast=1.0, depth=-1.0, draggable=False, interpolate=True, mask='circle', maskParams=None, name='surround_grating', opacity=1.0, ori=1.0, phase=array([0., 0.]), pos=array([0., 0.]), rgbPedestal=array([0., 0., 0.]), sf=array([8.5, 8.5]), size=array([0.8, 0.8]), tex='sin', texRes=128.0, units='height', win=Window(...))
15.2250 	EXP 	Created center_grating = GratingStim(__class__=<class 'psychopy.visual.grating.GratingStim'>, anchor='center', autoDraw=False, autoLog=True, blendmode='avg', color=array([1., 1., 1.]), colorSpace='rgb', contrast=1.0, depth=-2.0, draggable=False, interpolate=True, mask='circle', maskParams=None, name='center_grating', opacity=1, ori=1.0, phase=array([0., 0.]), pos=array([0., 0.]), rgbPedestal=array([0., 0., 0.]), sf=array([4., 4.]), size=array([0.25, 0.25]), tex='sin', texRes=128.0, units='height', win=Window(...))
15.2262 	EXP 	Created text_2 = TextStim(__class__=<class 'psychopy.visual.text.TextStim'>, alignHoriz=method-wrapper(...), alignText='center', alignVert=method-wrapper(...), anchorHoriz='center', anchorVert='center', antialias=True, autoDraw=False, autoLog=True, bold=False, color=array([1., 1., 1.]), colorSpace='rgb', contrast=1.0, depth=-4.0, draggable=False, flipHoriz=False, flipVert=False, font='Arial', fontFiles=[], height=0.05, italic=False, languageStyle='LTR', name='text_2', opacity=1, ori=0.0, pos=array([0., 0.]), rgb=UNKNOWN, text='+', units='height', win=Window(...), wrapWidth=1)
15.2286 	EXP 	Created text_3 = TextStim(__class__=<class 'psychopy.visual.text.TextStim'>, alignHoriz=method-wrapper(...), alignText='center', alignVert=method-wrapper(...), anchorHoriz='center', anchorVert='center', antialias=True, autoDraw=False, autoLog=True, bold=False, color=array([1., 1., 1.]), colorSpace='rgb', contrast=1.0, depth=-5.0, draggable=False, flipHoriz=False, flipVert=False, font='Arial', fontFiles=[], height=0.05, italic=False, languageStyle='LTR', name='text_3', opacity=1, ori=0.0, pos=array([0., 0.]), rgb=UNKNOWN, text=str(...), units='height', win=Window(...), wrapWidth=1)
15.2303 	EXP 	Created text_4 = TextStim(__class__=<class 'psychopy.visual.text.TextStim'>, alignHoriz=method-wrapper(...), alignText='center', alignVert=method-wrapper(...), anchorHoriz='center', anchorVert='center', antialias=True, autoDraw=False, autoLog=True, bold=False, color=array([1., 1., 1.]), colorSpace='rgb', contrast=1.0, depth=0.0, draggable=False, flipHoriz=False, flipVert=False, font='Arial', fontFiles=[], height=0.05, italic=False, languageStyle='LTR', name='text_4', opacity=1, ori=0.0, pos=array([0., 0.]), rgb=UNKNOWN, text='thank you and have a pleasant day ', units='height', win=Window(...), wrapWidth=1)
0.0206 	INFO 	Keyboard events cleared
0.0203 	EXP 	text_5: autoDraw = True
0.5376 	DATA 	Keypress: space
0.5419 	INFO 	Keyboard events cleared
0.5416 	WARNING 	t of last frame was 48.72ms (=1/20)
0.5416 	EXP 	text_5: autoDraw = False
0.5416 	EXP 	text_6: autoDraw = True
0.9363 	DEBUG 	Read csv file with pandas: tilt_practice_1.csv
0.9376 	DEBUG 	Clearing unnamed columns from tilt_practice_1.csv
0.9381 	EXP 	Imported tilt_practice_1.csv as conditions, 4 conditions, 3 params
0.9389 	EXP 	New trial (rep=0, index=0): <Trial 0 (0 in rep 0) data={'center': 30, 'surround': 0, 'correct': 'right', 'thisN': 0, 'thisTrialN': 0, 'thisRepN': 0}>
0.9545 	DATA 	Keypress: space
0.9574 	INFO 	Keyboard events cleared
0.9571 	WARNING 	t of last frame was 29.71ms (=1/33)
0.9571 	EXP 	text_6: autoDraw = False
0.9571 	EXP 	surround_practice: ori = 0.0
0.9571 	EXP 	center_practice: ori = 30.0
0.9571 	EXP 	text_9: autoDraw = True
1.0580 	DATA 	Mouse: wheel shift=(0,0), pos=(335,99)
1.3645 	DATA 	Mouse: wheel shift=(0,0), pos=(335,99)
1.4354 	EXP 	surround_practice: autoDraw = True
1.4354 	EXP 	center_practice: autoDraw = True
1.4354 	EXP 	surround_practice: tex = 'sin'
1.4354 	EXP 	center_practice: tex = 'sin'
1.4551 	EXP 	text_9: autoDraw = False
2.4281 	EXP 	surround_practice: autoDraw = False
2.4281 	EXP 	center_practice: autoDraw = False
2.4281 	EXP 	text_11: autoDraw = True
3.9268 	DATA 	Keypress: right
3.9295 	WARNING 	t of last frame was 101.73ms (=1/9)
3.9295 	EXP 	surround_practice: autoDraw = False
3.9295 	EXP 	center_practice: autoDraw = False
3.9295 	EXP 	text_9: autoDraw = False
3.9295 	EXP 	text_11: autoDraw = False
3.9295 	EXP 	text_7: height = 0.05
3.9295 	EXP 	text_7: height = 0.05
3.9295 	EXP 	text_7: height = 0.05
3.9295 	EXP 	text_7: text = 'Correct'
3.9295 	EXP 	text_7: autoDraw = True
5.3404 	EXP 	New trial (rep=0, index=1): <Trial 1 (1 in rep 0) data={'center': -30, 'surround': 0, 'correct': 'left', 'thisN': 1, 'thisTrialN': 1, 'thisRepN': 0}>
5.3433 	INFO 	Keyboard events cleared
5.3431 	EXP 	text_7: autoDraw = False
5.3431 	EXP 	surround_practice: ori = 0.0
5.3431 	EXP 	center_practice: ori = -30.0
5.3431 	EXP 	text_9: autoDraw = True
5.8295 	EXP 	surround_practice: autoDraw = True
5.8295 	EXP 	center_practice: autoDraw = True
5.8392 	EXP 	text_9: autoDraw = False
6.5302 	DATA 	Keypress: left
6.5338 	EXP 	surround_practice: autoDraw = False
6.5338 	EXP 	center_practice: autoDraw = False
6.5338 	EXP 	text_9: autoDraw = False
6.5338 	EXP 	text_11: autoDraw = False
6.5338 	EXP 	text_7: text = 'Correct'
6.5338 	EXP 	text_7: autoDraw = True
8.0250 	EXP 	New trial (rep=0, index=2): <Trial 2 (2 in rep 0) data={'center': 30, 'surround': 60, 'correct': 'right', 'thisN': 2, 'thisTrialN': 2, 'thisRepN': 0}>
8.0291 	INFO 	Keyboard events cleared
8.0288 	EXP 	text_7: autoDraw = False
8.0288 	EXP 	text_7: autoDraw = False
8.0288 	EXP 	surround_practice: ori = 60.0
8.0288 	EXP 	center_practice: ori = 30.0
8.0288 	EXP 	text_9: autoDraw = True
8.5225 	EXP 	surround_practice: autoDraw = True
8.5225 	EXP 	center_practice: autoDraw = True
8.5225 	EXP 	text_9: autoDraw = False
9.5115 	EXP 	surround_practice: autoDraw = False
9.5115 	EXP 	center_practice: autoDraw = False
9.5225 	EXP 	text_11: autoDraw = True
10.8609 	DATA 	Keypress: right
10.8644 	EXP 	surround_practice: autoDraw = False
10.8644 	EXP 	center_practice: autoDraw = False
10.8644 	EXP 	text_9: autoDraw = False
10.8644 	EXP 	text_11: autoDraw = False
10.8644 	EXP 	text_7: text = 'Correct'
10.8644 	EXP 	text_7: autoDraw = True
11.4278 	DATA 	Keypress: escape
11.5927 	EXP 	tilt_staircase: status = STOPPED
11.5967 	EXP 	text_7: autoDraw = False
11.5986 	EXP 	tilt_staircase: status = STOPPED
11.6028 	INFO 	saved data to '/Users/bwinsto2/Downloads/data/137429_tilt_staircase_2025-08-14_15h08.53.066.csv'
11.6047 	INFO 	saved data to /Users/bwinsto2/Downloads/data/137429_tilt_staircase_2025-08-14_15h08.53.066.psydat
12.0502 	DEBUG 	Saving data for tilt_staircase ExperimentHandler
