56.7987 	DEBUG 	Fullscreen settings ignored as running in pilot mode.
56.8131 	INFO 	Loaded monitor calibration from ['2025_08_13 14:32']
57.1831 	EXP 	Created window1 = Window(allowGUI=False, allowStencil=False, autoLog=True, backendConf=UNKNOWN, backgroundFit=<method-wrapper '__getattribute__' of attributeSetter object at 0x7fdd3b9b9af0>, backgroundImage=<method-wrapper '__getattribute__' of attributeSetter object at 0x7fdd3b9b9a00>, bitsMode=UNKNOWN, blendMode='avg', bpc=(8, 8, 8), color=array([0, 0, 0]), colorSpace='rgb', depthBits=8, fullscr=False, gamma=None, gammaErrorPolicy='raise', infoMsg=UNKNOWN, lms=UNKNOWN, monitor=<psychopy.monitors.calibTools.Monitor object at 0x7fdd3b6e5520>, multiSample=False, name='window1', numSamples=2, pos=[320.0, 150.0], screen=0, size=array([1600, 1200]), stencilBits=0, stereo=False, title='PsychoPy', units='height', useFBO=True, useRetina=True, viewOri=0.0, viewPos=None, viewScale=None, waitBlanking=True, winType='pyglet')
57.1832 	EXP 	window1: backgroundImage = ''
57.1832 	EXP 	window1: backgroundFit = 'none'
57.2135 	DEBUG 	TextBox2 loaded 1 chars with 0 blanks and 1 valid
57.2146 	DEBUG 	TextBox2 loaded 1 chars with 0 blanks and 1 valid
57.2155 	DEBUG 	TextBox2 loaded 1 chars with 0 blanks and 1 valid
57.2166 	DEBUG 	TextBox2 loaded 1 chars with 0 blanks and 1 valid
57.2176 	DEBUG 	TextBox2 loaded 1 chars with 0 blanks and 1 valid
57.2182 	DEBUG 	TextBox2 loaded 1 chars with 0 blanks and 1 valid
57.2190 	DEBUG 	TextBox2 loaded 1 chars with 0 blanks and 1 valid
57.2200 	DEBUG 	TextBox2 loaded 1 chars with 0 blanks and 1 valid
57.2206 	DEBUG 	TextBox2 loaded 1 chars with 0 blanks and 1 valid
57.2210 	DEBUG 	TextBox2 loaded 1 chars with 0 blanks and 1 valid
57.2218 	DEBUG 	TextBox2 loaded 1 chars with 0 blanks and 1 valid
57.2225 	DEBUG 	TextBox2 loaded 1 chars with 0 blanks and 1 valid
57.2233 	DEBUG 	TextBox2 loaded 1 chars with 0 blanks and 1 valid
57.2241 	DEBUG 	TextBox2 loaded 1 chars with 0 blanks and 1 valid
57.2249 	DEBUG 	TextBox2 loaded 1 chars with 0 blanks and 1 valid
57.2257 	DEBUG 	TextBox2 loaded 1 chars with 0 blanks and 1 valid
57.2265 	DEBUG 	TextBox2 loaded 1 chars with 0 blanks and 1 valid
57.2270 	DEBUG 	TextBox2 loaded 1 chars with 0 blanks and 1 valid
57.2276 	DEBUG 	TextBox2 loaded 1 chars with 0 blanks and 1 valid
57.2286 	DEBUG 	TextBox2 loaded 1 chars with 0 blanks and 1 valid
57.2294 	DEBUG 	TextBox2 loaded 1 chars with 0 blanks and 1 valid
57.2305 	DEBUG 	Uploading Texture Font fontname to graphics card
57.2346 	DEBUG 	Upload of Texture Font fontname complete
57.2409 	DEBUG 	TextBox2 loaded 1 chars with 0 blanks and 1 valid
57.2421 	DEBUG 	TextBox2 loaded 1 chars with 0 blanks and 1 valid
57.2432 	DEBUG 	TextBox2 loaded 1 chars with 0 blanks and 1 valid
57.2434 	DEBUG 	Uploading Texture Font fontname to graphics card
57.2456 	DEBUG 	Upload of Texture Font fontname complete
57.2474 	EXP 	window1: Attempting to measure frame rate of screen (0) ...
57.2474 	EXP 	window1: recordFrameIntervals = False
57.6460 	EXP 	window1: recordFrameIntervals = True
58.4848 	WARNING 	Couldn't measure a consistent frame rate!
  - Is your graphics card set to sync to vertical blank?
  - Are you running other processes on your computer?

58.4956 	DEBUG 	TextBox2 loaded 1 chars with 0 blanks and 1 valid
58.4968 	DEBUG 	TextBox2 loaded 1 chars with 0 blanks and 1 valid
58.4984 	DEBUG 	TextBox2 loaded 1 chars with 0 blanks and 1 valid
58.5004 	DEBUG 	TextBox2 loaded 1 chars with 0 blanks and 1 valid
58.5023 	DEBUG 	TextBox2 loaded 1 chars with 0 blanks and 1 valid
58.5042 	DEBUG 	TextBox2 loaded 1 chars with 0 blanks and 1 valid
58.5052 	DEBUG 	TextBox2 loaded 1 chars with 0 blanks and 1 valid
58.5068 	DEBUG 	TextBox2 loaded 1 chars with 0 blanks and 1 valid
58.5086 	DEBUG 	TextBox2 loaded 1 chars with 0 blanks and 1 valid
58.5103 	DEBUG 	TextBox2 loaded 1 chars with 0 blanks and 1 valid
58.5107 	DEBUG 	Uploading Texture Font fontname to graphics card
58.5154 	DEBUG 	Upload of Texture Font fontname complete
58.5993 	WARNING 	launchHubServer: If using the iohub mouse or eyetracker devices, fullScr should be True.
68.3624 	INFO 	keyboard.Keyboard is using iohub backend.
68.3624 	INFO 	keyboard.Keyboard is using iohub backend.
68.3624 	INFO 	keyboard.Keyboard is using iohub backend.
68.3625 	INFO 	keyboard.Keyboard is using iohub backend.
68.3625 	INFO 	keyboard.Keyboard is using iohub backend.
68.3625 	INFO 	keyboard.Keyboard is using iohub backend.
68.3625 	INFO 	keyboard.Keyboard is using iohub backend.
68.3625 	INFO 	keyboard.Keyboard is using iohub backend.
68.3626 	INFO 	keyboard.Keyboard is using iohub backend.
68.3626 	INFO 	keyboard.Keyboard is using iohub backend.
68.3626 	EXP 	tilt_staircase: status = STARTED
68.5095 	EXP 	Created text_5 = TextStim(__class__=<class 'psychopy.visual.text.TextStim'>, alignHoriz=method-wrapper(...), alignText='center', alignVert=method-wrapper(...), anchorHoriz='center', anchorVert='center', antialias=True, autoDraw=False, autoLog=True, bold=False, color=array([1., 1., 1.]), colorSpace='rgb', contrast=1.0, depth=0.0, draggable=False, flipHoriz=False, flipVert=False, font='Arial', fontFiles=[], height=0.05, italic=False, languageStyle='LTR', name='text_5', opacity=1, ori=0.0, pos=array([0., 0.]), rgb=UNKNOWN, text=str(...), units='height', win=Window(...), wrapWidth=1)
68.5171 	EXP 	Created text_6 = TextStim(__class__=<class 'psychopy.visual.text.TextStim'>, alignHoriz=method-wrapper(...), alignText='center', alignVert=method-wrapper(...), anchorHoriz='center', anchorVert='center', antialias=True, autoDraw=False, autoLog=True, bold=False, color=array([1., 1., 1.]), colorSpace='rgb', contrast=1.0, depth=0.0, draggable=False, flipHoriz=False, flipVert=False, font='Arial', fontFiles=[], height=0.05, italic=False, languageStyle='LTR', name='text_6', opacity=1, ori=0.0, pos=array([0., 0.]), rgb=UNKNOWN, text=str(...), units='height', win=Window(...), wrapWidth=1)
68.5199 	EXP 	Created surround_practice_3 = GratingStim(__class__=<class 'psychopy.visual.grating.GratingStim'>, anchor='center', autoDraw=False, autoLog=True, blendmode='avg', color=array([0.05, 0.05, 0.05]), colorSpace='rgb', contrast=0.05, depth=0.0, draggable=False, interpolate=True, mask='circle', maskParams=None, name='surround_practice_3', opacity=1, ori=30.0, phase=array([0., 0.]), pos=array([0., 0.]), rgbPedestal=array([0., 0., 0.]), sf=array([8.5, 8.5]), size=array([0.8, 0.8]), tex='sin', texRes=128.0, units='height', win=Window(...))
68.5216 	EXP 	Created center_practice_3 = GratingStim(__class__=<class 'psychopy.visual.grating.GratingStim'>, anchor='center', autoDraw=False, autoLog=True, blendmode='avg', color=array([0.05, 0.05, 0.05]), colorSpace='rgb', contrast=0.05, depth=-1.0, draggable=False, interpolate=True, mask='circle', maskParams=None, name='center_practice_3', opacity=1, ori=0.0, phase=array([0., 0.]), pos=array([0., 0.]), rgbPedestal=array([0., 0., 0.]), sf=array([4., 4.]), size=array([0.25, 0.25]), tex='sin', texRes=128.0, units='height', win=Window(...))
68.5230 	EXP 	Created surround_practice = GratingStim(__class__=<class 'psychopy.visual.grating.GratingStim'>, anchor='center', autoDraw=False, autoLog=True, blendmode='avg', color=array([1., 1., 1.]), colorSpace='rgb', contrast=1.0, depth=0.0, draggable=False, interpolate=True, mask='circle', maskParams=None, name='surround_practice', opacity=1, ori=1.0, phase=array([0., 0.]), pos=array([0., 0.]), rgbPedestal=array([0., 0., 0.]), sf=array([8.5, 8.5]), size=array([0.8, 0.8]), tex='sin', texRes=128.0, units='height', win=Window(...))
68.5244 	EXP 	Created center_practice = GratingStim(__class__=<class 'psychopy.visual.grating.GratingStim'>, anchor='center', autoDraw=False, autoLog=True, blendmode='avg', color=array([1., 1., 1.]), colorSpace='rgb', contrast=1.0, depth=-1.0, draggable=False, interpolate=True, mask='circle', maskParams=None, name='center_practice', opacity=1, ori=1.0, phase=array([0., 0.]), pos=array([0., 0.]), rgbPedestal=array([0., 0., 0.]), sf=array([4., 4.]), size=array([0.25, 0.25]), tex='sin', texRes=128.0, units='height', win=Window(...))
68.5261 	EXP 	Created text_9 = TextStim(__class__=<class 'psychopy.visual.text.TextStim'>, alignHoriz=method-wrapper(...), alignText='center', alignVert=method-wrapper(...), anchorHoriz='center', anchorVert='center', antialias=True, autoDraw=False, autoLog=True, bold=False, color=array([1., 1., 1.]), colorSpace='rgb', contrast=1.0, depth=-3.0, draggable=False, flipHoriz=False, flipVert=False, font='Arial', fontFiles=[], height=0.05, italic=False, languageStyle='LTR', name='text_9', opacity=1, ori=0.0, pos=array([0., 0.]), rgb=UNKNOWN, text='+', units='height', win=Window(...), wrapWidth=1)
68.5296 	EXP 	Created text_11 = TextStim(__class__=<class 'psychopy.visual.text.TextStim'>, alignHoriz=method-wrapper(...), alignText='center', alignVert=method-wrapper(...), anchorHoriz='center', anchorVert='center', antialias=True, autoDraw=False, autoLog=True, bold=False, color=array([1., 1., 1.]), colorSpace='rgb', contrast=1.0, depth=-4.0, draggable=False, flipHoriz=False, flipVert=False, font='Arial', fontFiles=[], height=0.05, italic=False, languageStyle='LTR', name='text_11', opacity=1, ori=0.0, pos=array([0., 0.]), rgb=UNKNOWN, text=str(...), units='height', win=Window(...), wrapWidth=1)
68.5301 	EXP 	Created text_7 = TextStim(__class__=<class 'psychopy.visual.text.TextStim'>, alignHoriz=method-wrapper(...), alignText='center', alignVert=method-wrapper(...), anchorHoriz='center', anchorVert='center', antialias=True, autoDraw=False, autoLog=True, bold=False, color=array([1., 1., 1.]), colorSpace='rgb', contrast=1.0, depth=-1.0, draggable=False, flipHoriz=False, flipVert=False, font='Arial', fontFiles=[], height=0.05, italic=False, languageStyle='LTR', name='text_7', opacity=1, ori=0.0, pos=array([0., 0.]), rgb=UNKNOWN, text='', units='height', win=Window(...), wrapWidth=1)
68.5369 	EXP 	Created text_8 = TextStim(__class__=<class 'psychopy.visual.text.TextStim'>, alignHoriz=method-wrapper(...), alignText='center', alignVert=method-wrapper(...), anchorHoriz='center', anchorVert='center', antialias=True, autoDraw=False, autoLog=True, bold=False, color=array([1., 1., 1.]), colorSpace='rgb', contrast=1.0, depth=0.0, draggable=False, flipHoriz=False, flipVert=False, font='Arial', fontFiles=[], height=0.05, italic=False, languageStyle='LTR', name='text_8', opacity=1, ori=0.0, pos=array([0., 0.]), rgb=UNKNOWN, text=str(...), units='height', win=Window(...), wrapWidth=1)
68.5384 	EXP 	Created surround_practice_2 = GratingStim(__class__=<class 'psychopy.visual.grating.GratingStim'>, anchor='center', autoDraw=False, autoLog=True, blendmode='avg', color=array([1., 1., 1.]), colorSpace='rgb', contrast=1.0, depth=0.0, draggable=False, interpolate=True, mask='circle', maskParams=None, name='surround_practice_2', opacity=1.0, ori=1.0, phase=array([0., 0.]), pos=array([0., 0.]), rgbPedestal=array([0., 0., 0.]), sf=array([8.5, 8.5]), size=array([0.8, 0.8]), tex='sin', texRes=128.0, units='height', win=Window(...))
68.5398 	EXP 	Created center_practice_2 = GratingStim(__class__=<class 'psychopy.visual.grating.GratingStim'>, anchor='center', autoDraw=False, autoLog=True, blendmode='avg', color=array([1., 1., 1.]), colorSpace='rgb', contrast=1.0, depth=-1.0, draggable=False, interpolate=True, mask='circle', maskParams=None, name='center_practice_2', opacity=1, ori=1.0, phase=array([0., 0.]), pos=array([0., 0.]), rgbPedestal=array([0., 0., 0.]), sf=array([4., 4.]), size=array([0.25, 0.25]), tex='sin', texRes=128.0, units='height', win=Window(...))
68.5409 	EXP 	Created text_10 = TextStim(__class__=<class 'psychopy.visual.text.TextStim'>, alignHoriz=method-wrapper(...), alignText='center', alignVert=method-wrapper(...), anchorHoriz='center', anchorVert='center', antialias=True, autoDraw=False, autoLog=True, bold=False, color=array([1., 1., 1.]), colorSpace='rgb', contrast=1.0, depth=-3.0, draggable=False, flipHoriz=False, flipVert=False, font='Arial', fontFiles=[], height=0.05, italic=False, languageStyle='LTR', name='text_10', opacity=1, ori=0.0, pos=array([0., 0.]), rgb=UNKNOWN, text='+', units='height', win=Window(...), wrapWidth=1)
68.5433 	EXP 	Created text_12 = TextStim(__class__=<class 'psychopy.visual.text.TextStim'>, alignHoriz=method-wrapper(...), alignText='center', alignVert=method-wrapper(...), anchorHoriz='center', anchorVert='center', antialias=True, autoDraw=False, autoLog=True, bold=False, color=array([1., 1., 1.]), colorSpace='rgb', contrast=1.0, depth=-4.0, draggable=False, flipHoriz=False, flipVert=False, font='Arial', fontFiles=[], height=0.05, italic=False, languageStyle='LTR', name='text_12', opacity=1, ori=0.0, pos=array([0., 0.]), rgb=UNKNOWN, text=str(...), units='height', win=Window(...), wrapWidth=1)
68.5438 	EXP 	Created text_7 = TextStim(__class__=<class 'psychopy.visual.text.TextStim'>, alignHoriz=method-wrapper(...), alignText='center', alignVert=method-wrapper(...), anchorHoriz='center', anchorVert='center', antialias=True, autoDraw=False, autoLog=True, bold=False, color=array([1., 1., 1.]), colorSpace='rgb', contrast=1.0, depth=-1.0, draggable=False, flipHoriz=False, flipVert=False, font='Arial', fontFiles=[], height=0.05, italic=False, languageStyle='LTR', name='text_7', opacity=1, ori=0.0, pos=array([0., 0.]), rgb=UNKNOWN, text='', units='height', win=Window(...), wrapWidth=1)
68.5483 	EXP 	Created text_13 = TextStim(__class__=<class 'psychopy.visual.text.TextStim'>, alignHoriz=method-wrapper(...), alignText='center', alignVert=method-wrapper(...), anchorHoriz='center', anchorVert='center', antialias=True, autoDraw=False, autoLog=True, bold=False, color=array([1., 1., 1.]), colorSpace='rgb', contrast=1.0, depth=0.0, draggable=False, flipHoriz=False, flipVert=False, font='Arial', fontFiles=[], height=0.05, italic=False, languageStyle='LTR', name='text_13', opacity=1, ori=0.0, pos=array([0., 0.]), rgb=UNKNOWN, text=str(...), units='height', win=Window(...), wrapWidth=1)
68.5497 	EXP 	Created surround_grating = GratingStim(__class__=<class 'psychopy.visual.grating.GratingStim'>, anchor='center', autoDraw=False, autoLog=True, blendmode='avg', color=array([1., 1., 1.]), colorSpace='rgb', contrast=1.0, depth=-1.0, draggable=False, interpolate=True, mask='circle', maskParams=None, name='surround_grating', opacity=1.0, ori=1.0, phase=array([0., 0.]), pos=array([0., 0.]), rgbPedestal=array([0., 0., 0.]), sf=array([8.5, 8.5]), size=array([0.8, 0.8]), tex='sin', texRes=128.0, units='height', win=Window(...))
68.5511 	EXP 	Created center_grating = GratingStim(__class__=<class 'psychopy.visual.grating.GratingStim'>, anchor='center', autoDraw=False, autoLog=True, blendmode='avg', color=array([1., 1., 1.]), colorSpace='rgb', contrast=1.0, depth=-2.0, draggable=False, interpolate=True, mask='circle', maskParams=None, name='center_grating', opacity=1, ori=1.0, phase=array([0., 0.]), pos=array([0., 0.]), rgbPedestal=array([0., 0., 0.]), sf=array([4., 4.]), size=array([0.25, 0.25]), tex='sin', texRes=128.0, units='height', win=Window(...))
68.5523 	EXP 	Created text_2 = TextStim(__class__=<class 'psychopy.visual.text.TextStim'>, alignHoriz=method-wrapper(...), alignText='center', alignVert=method-wrapper(...), anchorHoriz='center', anchorVert='center', antialias=True, autoDraw=False, autoLog=True, bold=False, color=array([1., 1., 1.]), colorSpace='rgb', contrast=1.0, depth=-4.0, draggable=False, flipHoriz=False, flipVert=False, font='Arial', fontFiles=[], height=0.05, italic=False, languageStyle='LTR', name='text_2', opacity=1, ori=0.0, pos=array([0., 0.]), rgb=UNKNOWN, text='+', units='height', win=Window(...), wrapWidth=1)
68.5546 	EXP 	Created text_3 = TextStim(__class__=<class 'psychopy.visual.text.TextStim'>, alignHoriz=method-wrapper(...), alignText='center', alignVert=method-wrapper(...), anchorHoriz='center', anchorVert='center', antialias=True, autoDraw=False, autoLog=True, bold=False, color=array([1., 1., 1.]), colorSpace='rgb', contrast=1.0, depth=-5.0, draggable=False, flipHoriz=False, flipVert=False, font='Arial', fontFiles=[], height=0.05, italic=False, languageStyle='LTR', name='text_3', opacity=1, ori=0.0, pos=array([0., 0.]), rgb=UNKNOWN, text=str(...), units='height', win=Window(...), wrapWidth=1)
68.5564 	EXP 	Created text_4 = TextStim(__class__=<class 'psychopy.visual.text.TextStim'>, alignHoriz=method-wrapper(...), alignText='center', alignVert=method-wrapper(...), anchorHoriz='center', anchorVert='center', antialias=True, autoDraw=False, autoLog=True, bold=False, color=array([1., 1., 1.]), colorSpace='rgb', contrast=1.0, depth=0.0, draggable=False, flipHoriz=False, flipVert=False, font='Arial', fontFiles=[], height=0.05, italic=False, languageStyle='LTR', name='text_4', opacity=1, ori=0.0, pos=array([0., 0.]), rgb=UNKNOWN, text='thank you and have a pleasant day ', units='height', win=Window(...), wrapWidth=1)
0.0325 	INFO 	Keyboard events cleared
0.0323 	WARNING 	t of last frame was 24.86ms (=1/40)
0.0323 	EXP 	text_5: autoDraw = True
0.9065 	DATA 	Keypress: space
0.9114 	INFO 	Keyboard events cleared
0.9111 	WARNING 	t of last frame was 53.97ms (=1/18)
0.9111 	EXP 	text_5: autoDraw = False
0.9111 	EXP 	text_6: autoDraw = True
1.0414 	DATA 	Keypress: space
1.0443 	INFO 	Keyboard events cleared
1.0440 	WARNING 	t of last frame was 20.98ms (=1/47)
1.0440 	EXP 	text_6: autoDraw = False
1.0440 	EXP 	surround_practice_3: autoDraw = True
1.0440 	EXP 	center_practice_3: autoDraw = True
1.0440 	EXP 	surround_practice_3: tex = 'sin'
1.0440 	EXP 	center_practice_3: tex = 'sin'
4.5196 	DATA 	Keypress: escape
4.6934 	EXP 	tilt_staircase: status = STOPPED
4.6969 	EXP 	surround_practice_3: autoDraw = False
4.6969 	EXP 	center_practice_3: autoDraw = False
4.6990 	EXP 	tilt_staircase: status = STOPPED
4.7024 	INFO 	saved data to '/Users/bwinsto2/Downloads/data/142887_tilt_staircase_2025-08-14_15h21.10.811.csv'
4.7034 	INFO 	saved data to /Users/bwinsto2/Downloads/data/142887_tilt_staircase_2025-08-14_15h21.10.811.psydat
4.8756 	DEBUG 	Saving data for tilt_staircase ExperimentHandler
