4.9276 	INFO 	Loaded monitor calibration from ['2025_08_13 14:32']
5.1212 	EXP 	Created window1 = Window(allowGUI=True, allowStencil=False, autoLog=True, backendConf=UNKNOWN, backgroundFit=<method-wrapper '__getattribute__' of attributeSetter object at 0x7f8d2256acd0>, backgroundImage=<method-wrapper '__getattribute__' of attributeSetter object at 0x7f8d2256ac10>, bitsMode=UNKNOWN, blendMode='avg', bpc=(8, 8, 8), color=array([0, 0, 0]), colorSpace='rgb', depthBits=8, fullscr=False, gamma=None, gammaErrorPolicy='raise', infoMsg=UNKNOWN, lms=UNKNOWN, monitor=<psychopy.monitors.calibTools.Monitor object at 0x7f8d222d5670>, multiSample=False, name='window1', numSamples=2, pos=[320.0, 150.0], screen=0, size=array([1600, 1200]), stencilBits=0, stereo=False, title='PsychoPy', units='height', useFBO=True, useRetina=True, viewOri=0.0, viewPos=None, viewScale=None, waitBlanking=True, winType='pyglet')
5.1212 	EXP 	window1: backgroundImage = ''
5.1213 	EXP 	window1: backgroundFit = 'none'
5.1293 	DEBUG 	TextBox2 loaded 1 chars with 0 blanks and 1 valid
5.1302 	DEBUG 	TextBox2 loaded 1 chars with 0 blanks and 1 valid
5.1310 	DEBUG 	TextBox2 loaded 1 chars with 0 blanks and 1 valid
5.1320 	DEBUG 	TextBox2 loaded 1 chars with 0 blanks and 1 valid
5.1329 	DEBUG 	TextBox2 loaded 1 chars with 0 blanks and 1 valid
5.1335 	DEBUG 	TextBox2 loaded 1 chars with 0 blanks and 1 valid
5.1343 	DEBUG 	TextBox2 loaded 1 chars with 0 blanks and 1 valid
5.1352 	DEBUG 	TextBox2 loaded 1 chars with 0 blanks and 1 valid
5.1357 	DEBUG 	TextBox2 loaded 1 chars with 0 blanks and 1 valid
5.1361 	DEBUG 	TextBox2 loaded 1 chars with 0 blanks and 1 valid
5.1369 	DEBUG 	TextBox2 loaded 1 chars with 0 blanks and 1 valid
5.1377 	DEBUG 	TextBox2 loaded 1 chars with 0 blanks and 1 valid
5.1385 	DEBUG 	TextBox2 loaded 1 chars with 0 blanks and 1 valid
5.1393 	DEBUG 	TextBox2 loaded 1 chars with 0 blanks and 1 valid
5.1399 	DEBUG 	TextBox2 loaded 1 chars with 0 blanks and 1 valid
5.1407 	DEBUG 	TextBox2 loaded 1 chars with 0 blanks and 1 valid
5.1415 	DEBUG 	TextBox2 loaded 1 chars with 0 blanks and 1 valid
5.1421 	DEBUG 	TextBox2 loaded 1 chars with 0 blanks and 1 valid
5.1426 	DEBUG 	TextBox2 loaded 1 chars with 0 blanks and 1 valid
5.1436 	DEBUG 	TextBox2 loaded 1 chars with 0 blanks and 1 valid
5.1441 	DEBUG 	TextBox2 loaded 1 chars with 0 blanks and 1 valid
5.1443 	DEBUG 	Uploading Texture Font fontname to graphics card
5.1478 	DEBUG 	Upload of Texture Font fontname complete
5.1531 	DEBUG 	TextBox2 loaded 1 chars with 0 blanks and 1 valid
5.1542 	DEBUG 	TextBox2 loaded 1 chars with 0 blanks and 1 valid
5.1552 	DEBUG 	TextBox2 loaded 1 chars with 0 blanks and 1 valid
5.1553 	DEBUG 	Uploading Texture Font fontname to graphics card
5.1572 	DEBUG 	Upload of Texture Font fontname complete
5.1587 	EXP 	window1: Attempting to measure frame rate of screen (0) ...
5.1587 	EXP 	window1: recordFrameIntervals = False
5.3599 	EXP 	window1: recordFrameIntervals = True
6.1942 	WARNING 	Couldn't measure a consistent frame rate!
  - Is your graphics card set to sync to vertical blank?
  - Are you running other processes on your computer?

6.2073 	DEBUG 	TextBox2 loaded 1 chars with 0 blanks and 1 valid
6.2084 	DEBUG 	TextBox2 loaded 1 chars with 0 blanks and 1 valid
6.2108 	DEBUG 	TextBox2 loaded 1 chars with 0 blanks and 1 valid
6.2137 	DEBUG 	TextBox2 loaded 1 chars with 0 blanks and 1 valid
6.2155 	DEBUG 	TextBox2 loaded 1 chars with 0 blanks and 1 valid
6.2174 	DEBUG 	TextBox2 loaded 1 chars with 0 blanks and 1 valid
6.2183 	DEBUG 	TextBox2 loaded 1 chars with 0 blanks and 1 valid
6.2198 	DEBUG 	TextBox2 loaded 1 chars with 0 blanks and 1 valid
6.2216 	DEBUG 	TextBox2 loaded 1 chars with 0 blanks and 1 valid
6.2233 	DEBUG 	TextBox2 loaded 1 chars with 0 blanks and 1 valid
6.2238 	DEBUG 	Uploading Texture Font fontname to graphics card
6.2283 	DEBUG 	Upload of Texture Font fontname complete
6.2514 	WARNING 	launchHubServer: If using the iohub mouse or eyetracker devices, fullScr should be True.
9.6448 	INFO 	keyboard.Keyboard is using iohub backend.
9.6449 	INFO 	keyboard.Keyboard is using iohub backend.
9.6449 	INFO 	keyboard.Keyboard is using iohub backend.
9.6449 	INFO 	keyboard.Keyboard is using iohub backend.
9.6449 	INFO 	keyboard.Keyboard is using iohub backend.
9.6450 	INFO 	keyboard.Keyboard is using iohub backend.
9.6450 	INFO 	keyboard.Keyboard is using iohub backend.
9.6450 	INFO 	keyboard.Keyboard is using iohub backend.
9.6450 	INFO 	keyboard.Keyboard is using iohub backend.
9.6450 	INFO 	keyboard.Keyboard is using iohub backend.
9.6451 	EXP 	tilt_staircase: status = STARTED
9.6953 	EXP 	Created text_5 = TextStim(__class__=<class 'psychopy.visual.text.TextStim'>, alignHoriz=method-wrapper(...), alignText='center', alignVert=method-wrapper(...), anchorHoriz='center', anchorVert='center', antialias=True, autoDraw=False, autoLog=True, bold=False, color=array([1., 1., 1.]), colorSpace='rgb', contrast=1.0, depth=0.0, draggable=False, flipHoriz=False, flipVert=False, font='Arial', fontFiles=[], height=0.05, italic=False, languageStyle='LTR', name='text_5', opacity=1, ori=0.0, pos=array([0., 0.]), rgb=UNKNOWN, text=str(...), units='height', win=Window(...), wrapWidth=1)
9.7021 	EXP 	Created text_6 = TextStim(__class__=<class 'psychopy.visual.text.TextStim'>, alignHoriz=method-wrapper(...), alignText='center', alignVert=method-wrapper(...), anchorHoriz='center', anchorVert='center', antialias=True, autoDraw=False, autoLog=True, bold=False, color=array([1., 1., 1.]), colorSpace='rgb', contrast=1.0, depth=0.0, draggable=False, flipHoriz=False, flipVert=False, font='Arial', fontFiles=[], height=0.05, italic=False, languageStyle='LTR', name='text_6', opacity=1, ori=0.0, pos=array([0., 0.]), rgb=UNKNOWN, text=str(...), units='height', win=Window(...), wrapWidth=1)
9.7043 	EXP 	Created surround_practice = GratingStim(__class__=<class 'psychopy.visual.grating.GratingStim'>, anchor='center', autoDraw=False, autoLog=True, blendmode='avg', color=array([1., 1., 1.]), colorSpace='rgb', contrast=1.0, depth=0.0, draggable=False, interpolate=True, mask='circle', maskParams=None, name='surround_practice', opacity=1, ori=1.0, phase=array([0., 0.]), pos=array([0., 0.]), rgbPedestal=array([0., 0., 0.]), sf=array([1.5, 1.5]), size=array([6., 6.]), tex='sin', texRes=128.0, units='deg', win=Window(...))
9.7058 	EXP 	Created center_practice = GratingStim(__class__=<class 'psychopy.visual.grating.GratingStim'>, anchor='center', autoDraw=False, autoLog=True, blendmode='avg', color=array([1., 1., 1.]), colorSpace='rgb', contrast=1.0, depth=-1.0, draggable=False, interpolate=True, mask='circle', maskParams=None, name='center_practice', opacity=1, ori=1.0, phase=array([0., 0.]), pos=array([0., 0.]), rgbPedestal=array([0., 0., 0.]), sf=array([1.5, 1.5]), size=array([2., 2.]), tex='sin', texRes=128.0, units='deg', win=Window(...))
9.7073 	EXP 	Created text_9 = TextStim(__class__=<class 'psychopy.visual.text.TextStim'>, alignHoriz=method-wrapper(...), alignText='center', alignVert=method-wrapper(...), anchorHoriz='center', anchorVert='center', antialias=True, autoDraw=False, autoLog=True, bold=False, color=array([1., 1., 1.]), colorSpace='rgb', contrast=1.0, depth=-3.0, draggable=False, flipHoriz=False, flipVert=False, font='Arial', fontFiles=[], height=0.05, italic=False, languageStyle='LTR', name='text_9', opacity=1, ori=0.0, pos=array([0., 0.]), rgb=UNKNOWN, text='+', units='height', win=Window(...), wrapWidth=1)
9.7106 	EXP 	Created text_11 = TextStim(__class__=<class 'psychopy.visual.text.TextStim'>, alignHoriz=method-wrapper(...), alignText='center', alignVert=method-wrapper(...), anchorHoriz='center', anchorVert='center', antialias=True, autoDraw=False, autoLog=True, bold=False, color=array([1., 1., 1.]), colorSpace='rgb', contrast=1.0, depth=-4.0, draggable=False, flipHoriz=False, flipVert=False, font='Arial', fontFiles=[], height=0.05, italic=False, languageStyle='LTR', name='text_11', opacity=1, ori=0.0, pos=array([0., 0.]), rgb=UNKNOWN, text=str(...), units='height', win=Window(...), wrapWidth=1)
9.7111 	EXP 	Created text_7 = TextStim(__class__=<class 'psychopy.visual.text.TextStim'>, alignHoriz=method-wrapper(...), alignText='center', alignVert=method-wrapper(...), anchorHoriz='center', anchorVert='center', antialias=True, autoDraw=False, autoLog=True, bold=False, color=array([1., 1., 1.]), colorSpace='rgb', contrast=1.0, depth=-1.0, draggable=False, flipHoriz=False, flipVert=False, font='Arial', fontFiles=[], height=0.05, italic=False, languageStyle='LTR', name='text_7', opacity=1, ori=0.0, pos=array([0., 0.]), rgb=UNKNOWN, text='', units='height', win=Window(...), wrapWidth=1)
9.7149 	EXP 	Created text_8 = TextStim(__class__=<class 'psychopy.visual.text.TextStim'>, alignHoriz=method-wrapper(...), alignText='center', alignVert=method-wrapper(...), anchorHoriz='center', anchorVert='center', antialias=True, autoDraw=False, autoLog=True, bold=False, color=array([1., 1., 1.]), colorSpace='rgb', contrast=1.0, depth=0.0, draggable=False, flipHoriz=False, flipVert=False, font='Arial', fontFiles=[], height=0.05, italic=False, languageStyle='LTR', name='text_8', opacity=1, ori=0.0, pos=array([0., 0.]), rgb=UNKNOWN, text=str(...), units='height', win=Window(...), wrapWidth=1)
9.7164 	EXP 	Created surround_practice_2 = GratingStim(__class__=<class 'psychopy.visual.grating.GratingStim'>, anchor='center', autoDraw=False, autoLog=True, blendmode='avg', color=array([1., 1., 1.]), colorSpace='rgb', contrast=1.0, depth=0.0, draggable=False, interpolate=True, mask='circle', maskParams=None, name='surround_practice_2', opacity=1, ori=1.0, phase=array([0., 0.]), pos=array([0., 0.]), rgbPedestal=array([0., 0., 0.]), sf=array([1.5, 1.5]), size=array([6., 6.]), tex='sin', texRes=128.0, units='deg', win=Window(...))
9.7178 	EXP 	Created center_practice_2 = GratingStim(__class__=<class 'psychopy.visual.grating.GratingStim'>, anchor='center', autoDraw=False, autoLog=True, blendmode='avg', color=array([1., 1., 1.]), colorSpace='rgb', contrast=1.0, depth=-1.0, draggable=False, interpolate=True, mask='circle', maskParams=None, name='center_practice_2', opacity=1, ori=1.0, phase=array([0., 0.]), pos=array([0., 0.]), rgbPedestal=array([0., 0., 0.]), sf=array([1.5, 1.5]), size=array([2., 2.]), tex='sin', texRes=128.0, units='deg', win=Window(...))
9.7190 	EXP 	Created text_10 = TextStim(__class__=<class 'psychopy.visual.text.TextStim'>, alignHoriz=method-wrapper(...), alignText='center', alignVert=method-wrapper(...), anchorHoriz='center', anchorVert='center', antialias=True, autoDraw=False, autoLog=True, bold=False, color=array([1., 1., 1.]), colorSpace='rgb', contrast=1.0, depth=-3.0, draggable=False, flipHoriz=False, flipVert=False, font='Arial', fontFiles=[], height=0.05, italic=False, languageStyle='LTR', name='text_10', opacity=1, ori=0.0, pos=array([0., 0.]), rgb=UNKNOWN, text='+', units='height', win=Window(...), wrapWidth=1)
9.7213 	EXP 	Created text_12 = TextStim(__class__=<class 'psychopy.visual.text.TextStim'>, alignHoriz=method-wrapper(...), alignText='center', alignVert=method-wrapper(...), anchorHoriz='center', anchorVert='center', antialias=True, autoDraw=False, autoLog=True, bold=False, color=array([1., 1., 1.]), colorSpace='rgb', contrast=1.0, depth=-4.0, draggable=False, flipHoriz=False, flipVert=False, font='Arial', fontFiles=[], height=0.05, italic=False, languageStyle='LTR', name='text_12', opacity=1, ori=0.0, pos=array([0., 0.]), rgb=UNKNOWN, text=str(...), units='height', win=Window(...), wrapWidth=1)
9.7218 	EXP 	Created text_7 = TextStim(__class__=<class 'psychopy.visual.text.TextStim'>, alignHoriz=method-wrapper(...), alignText='center', alignVert=method-wrapper(...), anchorHoriz='center', anchorVert='center', antialias=True, autoDraw=False, autoLog=True, bold=False, color=array([1., 1., 1.]), colorSpace='rgb', contrast=1.0, depth=-1.0, draggable=False, flipHoriz=False, flipVert=False, font='Arial', fontFiles=[], height=0.05, italic=False, languageStyle='LTR', name='text_7', opacity=1, ori=0.0, pos=array([0., 0.]), rgb=UNKNOWN, text='', units='height', win=Window(...), wrapWidth=1)
9.7263 	EXP 	Created text_13 = TextStim(__class__=<class 'psychopy.visual.text.TextStim'>, alignHoriz=method-wrapper(...), alignText='center', alignVert=method-wrapper(...), anchorHoriz='center', anchorVert='center', antialias=True, autoDraw=False, autoLog=True, bold=False, color=array([1., 1., 1.]), colorSpace='rgb', contrast=1.0, depth=0.0, draggable=False, flipHoriz=False, flipVert=False, font='Arial', fontFiles=[], height=0.05, italic=False, languageStyle='LTR', name='text_13', opacity=1, ori=0.0, pos=array([0., 0.]), rgb=UNKNOWN, text=str(...), units='height', win=Window(...), wrapWidth=1)
9.7277 	EXP 	Created surround_grating = GratingStim(__class__=<class 'psychopy.visual.grating.GratingStim'>, anchor='center', autoDraw=False, autoLog=True, blendmode='avg', color=array([1., 1., 1.]), colorSpace='rgb', contrast=1.0, depth=-1.0, draggable=False, interpolate=True, mask='circle', maskParams=None, name='surround_grating', opacity=1, ori=1.0, phase=array([0., 0.]), pos=array([0., 0.]), rgbPedestal=array([0., 0., 0.]), sf=array([1.5, 1.5]), size=array([6., 6.]), tex='sin', texRes=128.0, units='deg', win=Window(...))
9.7291 	EXP 	Created center_grating = GratingStim(__class__=<class 'psychopy.visual.grating.GratingStim'>, anchor='center', autoDraw=False, autoLog=True, blendmode='avg', color=array([1., 1., 1.]), colorSpace='rgb', contrast=1.0, depth=-2.0, draggable=False, interpolate=True, mask='circle', maskParams=None, name='center_grating', opacity=1, ori=1.0, phase=array([0., 0.]), pos=array([0., 0.]), rgbPedestal=array([0., 0., 0.]), sf=array([1.5, 1.5]), size=array([2., 2.]), tex='sin', texRes=128.0, units='deg', win=Window(...))
9.7302 	EXP 	Created text_2 = TextStim(__class__=<class 'psychopy.visual.text.TextStim'>, alignHoriz=method-wrapper(...), alignText='center', alignVert=method-wrapper(...), anchorHoriz='center', anchorVert='center', antialias=True, autoDraw=False, autoLog=True, bold=False, color=array([1., 1., 1.]), colorSpace='rgb', contrast=1.0, depth=-4.0, draggable=False, flipHoriz=False, flipVert=False, font='Arial', fontFiles=[], height=0.05, italic=False, languageStyle='LTR', name='text_2', opacity=1, ori=0.0, pos=array([0., 0.]), rgb=UNKNOWN, text='+', units='height', win=Window(...), wrapWidth=1)
9.7326 	EXP 	Created text_3 = TextStim(__class__=<class 'psychopy.visual.text.TextStim'>, alignHoriz=method-wrapper(...), alignText='center', alignVert=method-wrapper(...), anchorHoriz='center', anchorVert='center', antialias=True, autoDraw=False, autoLog=True, bold=False, color=array([1., 1., 1.]), colorSpace='rgb', contrast=1.0, depth=-5.0, draggable=False, flipHoriz=False, flipVert=False, font='Arial', fontFiles=[], height=0.05, italic=False, languageStyle='LTR', name='text_3', opacity=1, ori=0.0, pos=array([0., 0.]), rgb=UNKNOWN, text=str(...), units='height', win=Window(...), wrapWidth=1)
9.7344 	EXP 	Created text_4 = TextStim(__class__=<class 'psychopy.visual.text.TextStim'>, alignHoriz=method-wrapper(...), alignText='center', alignVert=method-wrapper(...), anchorHoriz='center', anchorVert='center', antialias=True, autoDraw=False, autoLog=True, bold=False, color=array([1., 1., 1.]), colorSpace='rgb', contrast=1.0, depth=0.0, draggable=False, flipHoriz=False, flipVert=False, font='Arial', fontFiles=[], height=0.05, italic=False, languageStyle='LTR', name='text_4', opacity=1, ori=0.0, pos=array([0., 0.]), rgb=UNKNOWN, text='thank you and have a pleasant day ', units='height', win=Window(...), wrapWidth=1)
0.0512 	INFO 	Keyboard events cleared
0.0509 	EXP 	text_5: autoDraw = True
0.7746 	DATA 	Keypress: space
0.7783 	INFO 	Keyboard events cleared
0.7779 	WARNING 	t of last frame was 51.50ms (=1/19)
0.7779 	EXP 	text_5: autoDraw = False
0.7779 	EXP 	text_6: autoDraw = True
1.0661 	DEBUG 	Read csv file with pandas: tilt_practice.csv
1.0672 	DEBUG 	Clearing unnamed columns from tilt_practice.csv
1.0676 	EXP 	Imported tilt_practice.csv as conditions, 4 conditions, 3 params
1.0679 	EXP 	New trial (rep=0, index=0): <Trial 0 (0 in rep 0) data={'center': 30, 'surround': 0, 'corrAns': 'right', 'thisN': 0, 'thisTrialN': 0, 'thisRepN': 0}>
1.0783 	DATA 	Keypress: space
1.0813 	INFO 	Keyboard events cleared
1.0810 	WARNING 	t of last frame was 22.25ms (=1/44)
1.0810 	EXP 	text_6: autoDraw = False
1.0810 	EXP 	surround_practice: ori = 0.0
1.0810 	EXP 	center_practice: ori = 30.0
1.0810 	EXP 	text_9: autoDraw = True
1.4463 	DATA 	Keypress: space
1.5586 	EXP 	surround_practice: autoDraw = True
1.5586 	EXP 	center_practice: autoDraw = True
1.5586 	EXP 	surround_practice: tex = 'sin'
1.5586 	EXP 	center_practice: tex = 'sin'
1.5797 	EXP 	text_9: autoDraw = False
2.2151 	DATA 	Keypress: right
2.2262 	INFO 	Keyboard events cleared
2.2257 	WARNING 	t of last frame was 77.11ms (=1/12)
2.2257 	EXP 	surround_practice: autoDraw = False
2.2257 	EXP 	center_practice: autoDraw = False
2.2257 	EXP 	text_9: autoDraw = False
2.2257 	EXP 	text_11: autoDraw = False
2.2257 	EXP 	text_7: height = 0.05
2.2257 	EXP 	text_7: height = 0.05
2.2257 	EXP 	text_7: height = 0.05
2.2257 	EXP 	text_7: text = 'Correct. Press Spacebar.'
2.2257 	EXP 	text_7: autoDraw = True
5.0123 	EXP 	New trial (rep=0, index=1): <Trial 1 (1 in rep 0) data={'center': -30, 'surround': 0, 'corrAns': 'left', 'thisN': 1, 'thisTrialN': 1, 'thisRepN': 0}>
5.0145 	DATA 	Keypress: space
5.0176 	INFO 	Keyboard events cleared
5.0173 	EXP 	text_7: autoDraw = False
5.0173 	EXP 	surround_practice: ori = 0.0
5.0173 	EXP 	center_practice: ori = -30.0
5.0173 	EXP 	text_9: autoDraw = True
5.5086 	EXP 	surround_practice: autoDraw = True
5.5086 	EXP 	center_practice: autoDraw = True
5.5134 	EXP 	text_9: autoDraw = False
6.0040 	DATA 	Keypress: left
6.0088 	INFO 	Keyboard events cleared
6.0086 	EXP 	surround_practice: autoDraw = False
6.0086 	EXP 	center_practice: autoDraw = False
6.0086 	EXP 	text_9: autoDraw = False
6.0086 	EXP 	text_11: autoDraw = False
6.0086 	EXP 	text_7: height = 0.05
6.0086 	EXP 	text_7: height = 0.05
6.0086 	EXP 	text_7: height = 0.05
6.0086 	EXP 	text_7: text = 'Incorrect. Press Spacebar.'
6.0086 	EXP 	text_7: autoDraw = True
6.7813 	DATA 	Keypress: escape
6.8682 	EXP 	tilt_staircase: status = STOPPED
6.8760 	EXP 	text_7: autoDraw = False
6.8780 	EXP 	tilt_staircase: status = STOPPED
6.8818 	INFO 	saved data to '/Users/bwinsto2/Downloads/data/186482_tilt_staircase_2025-08-13_16h52.15.221.csv'
6.8831 	INFO 	saved data to /Users/bwinsto2/Downloads/data/186482_tilt_staircase_2025-08-13_16h52.15.221.psydat
7.0198 	DEBUG 	Saving data for tilt_staircase ExperimentHandler
