16.1207 	DEBUG 	Fullscreen settings ignored as running in pilot mode.
16.1260 	INFO 	Loaded monitor calibration from ['2025_08_13 14:32']
16.4083 	EXP 	Created window1 = Window(allowGUI=False, allowStencil=False, autoLog=True, backendConf=UNKNOWN, backgroundFit=<method-wrapper '__getattribute__' of attributeSetter object at 0x7f9be40e2af0>, backgroundImage=<method-wrapper '__getattribute__' of attributeSetter object at 0x7f9be40e2a00>, bitsMode=UNKNOWN, blendMode='avg', bpc=(8, 8, 8), color=array([0, 0, 0]), colorSpace='rgb', depthBits=8, fullscr=False, gamma=None, gammaErrorPolicy='raise', infoMsg=UNKNOWN, lms=UNKNOWN, monitor=<psychopy.monitors.calibTools.Monitor object at 0x7f9be3da4520>, multiSample=False, name='window1', numSamples=2, pos=[320.0, 150.0], screen=0, size=array([1600, 1200]), stencilBits=0, stereo=False, title='PsychoPy', units='height', useFBO=True, useRetina=True, viewOri=0.0, viewPos=None, viewScale=None, waitBlanking=True, winType='pyglet')
16.4083 	EXP 	window1: backgroundImage = ''
16.4083 	EXP 	window1: backgroundFit = 'none'
16.4281 	DEBUG 	TextBox2 loaded 1 chars with 0 blanks and 1 valid
16.4289 	DEBUG 	TextBox2 loaded 1 chars with 0 blanks and 1 valid
16.4297 	DEBUG 	TextBox2 loaded 1 chars with 0 blanks and 1 valid
16.4307 	DEBUG 	TextBox2 loaded 1 chars with 0 blanks and 1 valid
16.4317 	DEBUG 	TextBox2 loaded 1 chars with 0 blanks and 1 valid
16.4323 	DEBUG 	TextBox2 loaded 1 chars with 0 blanks and 1 valid
16.4331 	DEBUG 	TextBox2 loaded 1 chars with 0 blanks and 1 valid
16.4340 	DEBUG 	TextBox2 loaded 1 chars with 0 blanks and 1 valid
16.4345 	DEBUG 	TextBox2 loaded 1 chars with 0 blanks and 1 valid
16.4349 	DEBUG 	TextBox2 loaded 1 chars with 0 blanks and 1 valid
16.4358 	DEBUG 	TextBox2 loaded 1 chars with 0 blanks and 1 valid
16.4367 	DEBUG 	TextBox2 loaded 1 chars with 0 blanks and 1 valid
16.4375 	DEBUG 	TextBox2 loaded 1 chars with 0 blanks and 1 valid
16.4384 	DEBUG 	TextBox2 loaded 1 chars with 0 blanks and 1 valid
16.4392 	DEBUG 	TextBox2 loaded 1 chars with 0 blanks and 1 valid
16.4401 	DEBUG 	TextBox2 loaded 1 chars with 0 blanks and 1 valid
16.4409 	DEBUG 	TextBox2 loaded 1 chars with 0 blanks and 1 valid
16.4413 	DEBUG 	TextBox2 loaded 1 chars with 0 blanks and 1 valid
16.4418 	DEBUG 	TextBox2 loaded 1 chars with 0 blanks and 1 valid
16.4427 	DEBUG 	TextBox2 loaded 1 chars with 0 blanks and 1 valid
16.4432 	DEBUG 	TextBox2 loaded 1 chars with 0 blanks and 1 valid
16.4435 	DEBUG 	Uploading Texture Font fontname to graphics card
16.4475 	DEBUG 	Upload of Texture Font fontname complete
16.4537 	DEBUG 	TextBox2 loaded 1 chars with 0 blanks and 1 valid
16.4547 	DEBUG 	TextBox2 loaded 1 chars with 0 blanks and 1 valid
16.4558 	DEBUG 	TextBox2 loaded 1 chars with 0 blanks and 1 valid
16.4559 	DEBUG 	Uploading Texture Font fontname to graphics card
16.4580 	DEBUG 	Upload of Texture Font fontname complete
16.4596 	EXP 	window1: Attempting to measure frame rate of screen (0) ...
16.4596 	EXP 	window1: recordFrameIntervals = False
16.6969 	EXP 	window1: recordFrameIntervals = True
16.9742 	WARNING 	t of last frame was 23.99ms (=1/41)
17.5349 	WARNING 	Couldn't measure a consistent frame rate!
  - Is your graphics card set to sync to vertical blank?
  - Are you running other processes on your computer?

17.5439 	DEBUG 	TextBox2 loaded 1 chars with 0 blanks and 1 valid
17.5450 	DEBUG 	TextBox2 loaded 1 chars with 0 blanks and 1 valid
17.5464 	DEBUG 	TextBox2 loaded 1 chars with 0 blanks and 1 valid
17.5482 	DEBUG 	TextBox2 loaded 1 chars with 0 blanks and 1 valid
17.5499 	DEBUG 	TextBox2 loaded 1 chars with 0 blanks and 1 valid
17.5516 	DEBUG 	TextBox2 loaded 1 chars with 0 blanks and 1 valid
17.5525 	DEBUG 	TextBox2 loaded 1 chars with 0 blanks and 1 valid
17.5540 	DEBUG 	TextBox2 loaded 1 chars with 0 blanks and 1 valid
17.5557 	DEBUG 	TextBox2 loaded 1 chars with 0 blanks and 1 valid
17.5572 	DEBUG 	TextBox2 loaded 1 chars with 0 blanks and 1 valid
17.5575 	DEBUG 	Uploading Texture Font fontname to graphics card
17.5612 	DEBUG 	Upload of Texture Font fontname complete
17.6363 	WARNING 	launchHubServer: If using the iohub mouse or eyetracker devices, fullScr should be True.
26.9405 	INFO 	keyboard.Keyboard is using iohub backend.
26.9405 	INFO 	keyboard.Keyboard is using iohub backend.
26.9406 	INFO 	keyboard.Keyboard is using iohub backend.
26.9406 	INFO 	keyboard.Keyboard is using iohub backend.
26.9406 	INFO 	keyboard.Keyboard is using iohub backend.
26.9406 	INFO 	keyboard.Keyboard is using iohub backend.
26.9406 	INFO 	keyboard.Keyboard is using iohub backend.
26.9407 	INFO 	keyboard.Keyboard is using iohub backend.
26.9407 	INFO 	keyboard.Keyboard is using iohub backend.
26.9407 	INFO 	keyboard.Keyboard is using iohub backend.
26.9407 	EXP 	tilt_staircase: status = STARTED
27.0740 	EXP 	Created text_5 = TextStim(__class__=<class 'psychopy.visual.text.TextStim'>, alignHoriz=method-wrapper(...), alignText='center', alignVert=method-wrapper(...), anchorHoriz='center', anchorVert='center', antialias=True, autoDraw=False, autoLog=True, bold=False, color=array([1., 1., 1.]), colorSpace='rgb', contrast=1.0, depth=0.0, draggable=False, flipHoriz=False, flipVert=False, font='Arial', fontFiles=[], height=0.05, italic=False, languageStyle='LTR', name='text_5', opacity=1, ori=0.0, pos=array([0., 0.]), rgb=UNKNOWN, text=str(...), units='height', win=Window(...), wrapWidth=1)
27.0822 	EXP 	Created text_6 = TextStim(__class__=<class 'psychopy.visual.text.TextStim'>, alignHoriz=method-wrapper(...), alignText='center', alignVert=method-wrapper(...), anchorHoriz='center', anchorVert='center', antialias=True, autoDraw=False, autoLog=True, bold=False, color=array([1., 1., 1.]), colorSpace='rgb', contrast=1.0, depth=0.0, draggable=False, flipHoriz=False, flipVert=False, font='Arial', fontFiles=[], height=0.05, italic=False, languageStyle='LTR', name='text_6', opacity=1, ori=0.0, pos=array([0., 0.]), rgb=UNKNOWN, text=str(...), units='height', win=Window(...), wrapWidth=1)
27.0847 	EXP 	Created surround_practice_3 = GratingStim(__class__=<class 'psychopy.visual.grating.GratingStim'>, anchor='center', autoDraw=False, autoLog=True, blendmode='avg', color=array([0.5, 0.5, 0.5]), colorSpace='rgb', contrast=0.5, depth=0.0, draggable=False, interpolate=True, mask='circle', maskParams=None, name='surround_practice_3', opacity=1, ori=30.0, phase=array([0., 0.]), pos=array([0., 0.]), rgbPedestal=array([0., 0., 0.]), sf=array([9., 9.]), size=array([0.8, 0.8]), tex='sin', texRes=128.0, units='height', win=Window(...))
27.0863 	EXP 	Created center_practice_3 = GratingStim(__class__=<class 'psychopy.visual.grating.GratingStim'>, anchor='center', autoDraw=False, autoLog=True, blendmode='avg', color=array([0.5, 0.5, 0.5]), colorSpace='rgb', contrast=0.5, depth=-1.0, draggable=False, interpolate=True, mask='circle', maskParams=None, name='center_practice_3', opacity=1, ori=0.0, phase=array([0., 0.]), pos=array([0., 0.]), rgbPedestal=array([0., 0., 0.]), sf=array([4., 4.]), size=array([0.25, 0.25]), tex='sin', texRes=128.0, units='height', win=Window(...))
27.0878 	EXP 	Created surround_practice = GratingStim(__class__=<class 'psychopy.visual.grating.GratingStim'>, anchor='center', autoDraw=False, autoLog=True, blendmode='avg', color=array([1., 1., 1.]), colorSpace='rgb', contrast=1.0, depth=0.0, draggable=False, interpolate=True, mask='circle', maskParams=None, name='surround_practice', opacity=1, ori=1.0, phase=array([0., 0.]), pos=array([0., 0.]), rgbPedestal=array([0., 0., 0.]), sf=array([8.5, 8.5]), size=array([0.8, 0.8]), tex='sin', texRes=128.0, units='height', win=Window(...))
27.0893 	EXP 	Created center_practice = GratingStim(__class__=<class 'psychopy.visual.grating.GratingStim'>, anchor='center', autoDraw=False, autoLog=True, blendmode='avg', color=array([1., 1., 1.]), colorSpace='rgb', contrast=1.0, depth=-1.0, draggable=False, interpolate=True, mask='circle', maskParams=None, name='center_practice', opacity=1, ori=1.0, phase=array([0., 0.]), pos=array([0., 0.]), rgbPedestal=array([0., 0., 0.]), sf=array([4., 4.]), size=array([0.25, 0.25]), tex='sin', texRes=128.0, units='height', win=Window(...))
27.0911 	EXP 	Created text_9 = TextStim(__class__=<class 'psychopy.visual.text.TextStim'>, alignHoriz=method-wrapper(...), alignText='center', alignVert=method-wrapper(...), anchorHoriz='center', anchorVert='center', antialias=True, autoDraw=False, autoLog=True, bold=False, color=array([1., 1., 1.]), colorSpace='rgb', contrast=1.0, depth=-3.0, draggable=False, flipHoriz=False, flipVert=False, font='Arial', fontFiles=[], height=0.05, italic=False, languageStyle='LTR', name='text_9', opacity=1, ori=0.0, pos=array([0., 0.]), rgb=UNKNOWN, text='+', units='height', win=Window(...), wrapWidth=1)
27.0947 	EXP 	Created text_11 = TextStim(__class__=<class 'psychopy.visual.text.TextStim'>, alignHoriz=method-wrapper(...), alignText='center', alignVert=method-wrapper(...), anchorHoriz='center', anchorVert='center', antialias=True, autoDraw=False, autoLog=True, bold=False, color=array([1., 1., 1.]), colorSpace='rgb', contrast=1.0, depth=-4.0, draggable=False, flipHoriz=False, flipVert=False, font='Arial', fontFiles=[], height=0.05, italic=False, languageStyle='LTR', name='text_11', opacity=1, ori=0.0, pos=array([0., 0.]), rgb=UNKNOWN, text=str(...), units='height', win=Window(...), wrapWidth=1)
27.0952 	EXP 	Created text_7 = TextStim(__class__=<class 'psychopy.visual.text.TextStim'>, alignHoriz=method-wrapper(...), alignText='center', alignVert=method-wrapper(...), anchorHoriz='center', anchorVert='center', antialias=True, autoDraw=False, autoLog=True, bold=False, color=array([1., 1., 1.]), colorSpace='rgb', contrast=1.0, depth=-1.0, draggable=False, flipHoriz=False, flipVert=False, font='Arial', fontFiles=[], height=0.05, italic=False, languageStyle='LTR', name='text_7', opacity=1, ori=0.0, pos=array([0., 0.]), rgb=UNKNOWN, text='', units='height', win=Window(...), wrapWidth=1)
27.1022 	EXP 	Created text_8 = TextStim(__class__=<class 'psychopy.visual.text.TextStim'>, alignHoriz=method-wrapper(...), alignText='center', alignVert=method-wrapper(...), anchorHoriz='center', anchorVert='center', antialias=True, autoDraw=False, autoLog=True, bold=False, color=array([1., 1., 1.]), colorSpace='rgb', contrast=1.0, depth=0.0, draggable=False, flipHoriz=False, flipVert=False, font='Arial', fontFiles=[], height=0.05, italic=False, languageStyle='LTR', name='text_8', opacity=1, ori=0.0, pos=array([0., 0.]), rgb=UNKNOWN, text=str(...), units='height', win=Window(...), wrapWidth=1)
27.1037 	EXP 	Created surround_practice_2 = GratingStim(__class__=<class 'psychopy.visual.grating.GratingStim'>, anchor='center', autoDraw=False, autoLog=True, blendmode='avg', color=array([1., 1., 1.]), colorSpace='rgb', contrast=1.0, depth=0.0, draggable=False, interpolate=True, mask='circle', maskParams=None, name='surround_practice_2', opacity=1.0, ori=1.0, phase=array([0., 0.]), pos=array([0., 0.]), rgbPedestal=array([0., 0., 0.]), sf=array([8.5, 8.5]), size=array([0.8, 0.8]), tex='sin', texRes=128.0, units='height', win=Window(...))
27.1051 	EXP 	Created center_practice_2 = GratingStim(__class__=<class 'psychopy.visual.grating.GratingStim'>, anchor='center', autoDraw=False, autoLog=True, blendmode='avg', color=array([1., 1., 1.]), colorSpace='rgb', contrast=1.0, depth=-1.0, draggable=False, interpolate=True, mask='circle', maskParams=None, name='center_practice_2', opacity=1, ori=1.0, phase=array([0., 0.]), pos=array([0., 0.]), rgbPedestal=array([0., 0., 0.]), sf=array([4., 4.]), size=array([0.25, 0.25]), tex='sin', texRes=128.0, units='height', win=Window(...))
27.1063 	EXP 	Created text_10 = TextStim(__class__=<class 'psychopy.visual.text.TextStim'>, alignHoriz=method-wrapper(...), alignText='center', alignVert=method-wrapper(...), anchorHoriz='center', anchorVert='center', antialias=True, autoDraw=False, autoLog=True, bold=False, color=array([1., 1., 1.]), colorSpace='rgb', contrast=1.0, depth=-3.0, draggable=False, flipHoriz=False, flipVert=False, font='Arial', fontFiles=[], height=0.05, italic=False, languageStyle='LTR', name='text_10', opacity=1, ori=0.0, pos=array([0., 0.]), rgb=UNKNOWN, text='+', units='height', win=Window(...), wrapWidth=1)
27.1086 	EXP 	Created text_12 = TextStim(__class__=<class 'psychopy.visual.text.TextStim'>, alignHoriz=method-wrapper(...), alignText='center', alignVert=method-wrapper(...), anchorHoriz='center', anchorVert='center', antialias=True, autoDraw=False, autoLog=True, bold=False, color=array([1., 1., 1.]), colorSpace='rgb', contrast=1.0, depth=-4.0, draggable=False, flipHoriz=False, flipVert=False, font='Arial', fontFiles=[], height=0.05, italic=False, languageStyle='LTR', name='text_12', opacity=1, ori=0.0, pos=array([0., 0.]), rgb=UNKNOWN, text=str(...), units='height', win=Window(...), wrapWidth=1)
27.1091 	EXP 	Created text_7 = TextStim(__class__=<class 'psychopy.visual.text.TextStim'>, alignHoriz=method-wrapper(...), alignText='center', alignVert=method-wrapper(...), anchorHoriz='center', anchorVert='center', antialias=True, autoDraw=False, autoLog=True, bold=False, color=array([1., 1., 1.]), colorSpace='rgb', contrast=1.0, depth=-1.0, draggable=False, flipHoriz=False, flipVert=False, font='Arial', fontFiles=[], height=0.05, italic=False, languageStyle='LTR', name='text_7', opacity=1, ori=0.0, pos=array([0., 0.]), rgb=UNKNOWN, text='', units='height', win=Window(...), wrapWidth=1)
27.1138 	EXP 	Created text_13 = TextStim(__class__=<class 'psychopy.visual.text.TextStim'>, alignHoriz=method-wrapper(...), alignText='center', alignVert=method-wrapper(...), anchorHoriz='center', anchorVert='center', antialias=True, autoDraw=False, autoLog=True, bold=False, color=array([1., 1., 1.]), colorSpace='rgb', contrast=1.0, depth=0.0, draggable=False, flipHoriz=False, flipVert=False, font='Arial', fontFiles=[], height=0.05, italic=False, languageStyle='LTR', name='text_13', opacity=1, ori=0.0, pos=array([0., 0.]), rgb=UNKNOWN, text=str(...), units='height', win=Window(...), wrapWidth=1)
27.1154 	EXP 	Created surround_grating = GratingStim(__class__=<class 'psychopy.visual.grating.GratingStim'>, anchor='center', autoDraw=False, autoLog=True, blendmode='avg', color=array([1., 1., 1.]), colorSpace='rgb', contrast=1.0, depth=-1.0, draggable=False, interpolate=True, mask='circle', maskParams=None, name='surround_grating', opacity=1.0, ori=1.0, phase=array([0., 0.]), pos=array([0., 0.]), rgbPedestal=array([0., 0., 0.]), sf=array([8.5, 8.5]), size=array([0.8, 0.8]), tex='sin', texRes=128.0, units='height', win=Window(...))
27.1168 	EXP 	Created center_grating = GratingStim(__class__=<class 'psychopy.visual.grating.GratingStim'>, anchor='center', autoDraw=False, autoLog=True, blendmode='avg', color=array([1., 1., 1.]), colorSpace='rgb', contrast=1.0, depth=-2.0, draggable=False, interpolate=True, mask='circle', maskParams=None, name='center_grating', opacity=1, ori=1.0, phase=array([0., 0.]), pos=array([0., 0.]), rgbPedestal=array([0., 0., 0.]), sf=array([4., 4.]), size=array([0.25, 0.25]), tex='sin', texRes=128.0, units='height', win=Window(...))
27.1179 	EXP 	Created text_2 = TextStim(__class__=<class 'psychopy.visual.text.TextStim'>, alignHoriz=method-wrapper(...), alignText='center', alignVert=method-wrapper(...), anchorHoriz='center', anchorVert='center', antialias=True, autoDraw=False, autoLog=True, bold=False, color=array([1., 1., 1.]), colorSpace='rgb', contrast=1.0, depth=-4.0, draggable=False, flipHoriz=False, flipVert=False, font='Arial', fontFiles=[], height=0.05, italic=False, languageStyle='LTR', name='text_2', opacity=1, ori=0.0, pos=array([0., 0.]), rgb=UNKNOWN, text='+', units='height', win=Window(...), wrapWidth=1)
27.1203 	EXP 	Created text_3 = TextStim(__class__=<class 'psychopy.visual.text.TextStim'>, alignHoriz=method-wrapper(...), alignText='center', alignVert=method-wrapper(...), anchorHoriz='center', anchorVert='center', antialias=True, autoDraw=False, autoLog=True, bold=False, color=array([1., 1., 1.]), colorSpace='rgb', contrast=1.0, depth=-5.0, draggable=False, flipHoriz=False, flipVert=False, font='Arial', fontFiles=[], height=0.05, italic=False, languageStyle='LTR', name='text_3', opacity=1, ori=0.0, pos=array([0., 0.]), rgb=UNKNOWN, text=str(...), units='height', win=Window(...), wrapWidth=1)
27.1228 	EXP 	Created text_4 = TextStim(__class__=<class 'psychopy.visual.text.TextStim'>, alignHoriz=method-wrapper(...), alignText='center', alignVert=method-wrapper(...), anchorHoriz='center', anchorVert='center', antialias=True, autoDraw=False, autoLog=True, bold=False, color=array([1., 1., 1.]), colorSpace='rgb', contrast=1.0, depth=0.0, draggable=False, flipHoriz=False, flipVert=False, font='Arial', fontFiles=[], height=0.05, italic=False, languageStyle='LTR', name='text_4', opacity=1, ori=0.0, pos=array([0., 0.]), rgb=UNKNOWN, text='thank you and have a pleasant day ', units='height', win=Window(...), wrapWidth=1)
0.0257 	INFO 	Keyboard events cleared
0.0255 	EXP 	text_5: autoDraw = True
0.8518 	DATA 	Keypress: space
0.8553 	INFO 	Keyboard events cleared
0.8550 	WARNING 	t of last frame was 41.34ms (=1/24)
0.8550 	EXP 	text_5: autoDraw = False
0.8550 	EXP 	text_6: autoDraw = True
1.0249 	DATA 	Keypress: space
1.0277 	INFO 	Keyboard events cleared
1.0274 	EXP 	text_6: autoDraw = False
1.0274 	EXP 	surround_practice_3: autoDraw = True
1.0274 	EXP 	center_practice_3: autoDraw = True
1.0274 	EXP 	surround_practice_3: tex = 'sin'
1.0274 	EXP 	center_practice_3: tex = 'sin'
19.4763 	DATA 	Keypress: escape
19.4794 	WARNING 	t of last frame was 31.61ms (=1/31)
19.5268 	EXP 	tilt_staircase: status = STOPPED
19.5294 	EXP 	surround_practice_3: autoDraw = False
19.5294 	EXP 	center_practice_3: autoDraw = False
19.5311 	EXP 	tilt_staircase: status = STOPPED
19.5336 	INFO 	saved data to '/Users/bwinsto2/Downloads/data/190847_tilt_staircase_2025-08-14_16h03.17.003.csv'
19.5341 	INFO 	saved data to /Users/bwinsto2/Downloads/data/190847_tilt_staircase_2025-08-14_16h03.17.003.psydat
19.8062 	DEBUG 	Saving data for tilt_staircase ExperimentHandler
