17.4281 	DEBUG 	Fullscreen settings ignored as running in pilot mode.
17.4353 	INFO 	Loaded monitor calibration from ['2025_01_25 22:17']
17.7478 	EXP 	Created window1 = Window(allowGUI=False, allowStencil=False, autoLog=True, backendConf=UNKNOWN, backgroundFit=<method-wrapper '__getattribute__' of attributeSetter object at 0x7fed73f16b50>, backgroundImage=<method-wrapper '__getattribute__' of attributeSetter object at 0x7fed73f16a30>, bitsMode=UNKNOWN, blendMode='avg', bpc=(8, 8, 8), color=array([0, 0, 0]), colorSpace='rgb', depthBits=8, fullscr=False, gamma=None, gammaErrorPolicy='raise', infoMsg=UNKNOWN, lms=UNKNOWN, monitor=<psychopy.monitors.calibTools.Monitor object at 0x7fed73f42550>, multiSample=False, name='window1', numSamples=2, pos=[1320.0, 420.0], screen=1, size=array([800, 600]), stencilBits=0, stereo=False, title='PsychoPy', units='height', useFBO=True, useRetina=False, viewOri=0.0, viewPos=None, viewScale=None, waitBlanking=True, winType='pyglet')
17.7479 	EXP 	window1: backgroundImage = ''
17.7479 	EXP 	window1: backgroundFit = 'none'
17.7682 	DEBUG 	TextBox2 loaded 1 chars with 0 blanks and 1 valid
17.7691 	DEBUG 	TextBox2 loaded 1 chars with 0 blanks and 1 valid
17.7700 	DEBUG 	TextBox2 loaded 1 chars with 0 blanks and 1 valid
17.7711 	DEBUG 	TextBox2 loaded 1 chars with 0 blanks and 1 valid
17.7721 	DEBUG 	TextBox2 loaded 1 chars with 0 blanks and 1 valid
17.7727 	DEBUG 	TextBox2 loaded 1 chars with 0 blanks and 1 valid
17.7735 	DEBUG 	TextBox2 loaded 1 chars with 0 blanks and 1 valid
17.7746 	DEBUG 	TextBox2 loaded 1 chars with 0 blanks and 1 valid
17.7751 	DEBUG 	TextBox2 loaded 1 chars with 0 blanks and 1 valid
17.7755 	DEBUG 	TextBox2 loaded 1 chars with 0 blanks and 1 valid
17.7764 	DEBUG 	TextBox2 loaded 1 chars with 0 blanks and 1 valid
17.7772 	DEBUG 	TextBox2 loaded 1 chars with 0 blanks and 1 valid
17.7780 	DEBUG 	TextBox2 loaded 1 chars with 0 blanks and 1 valid
17.7789 	DEBUG 	TextBox2 loaded 1 chars with 0 blanks and 1 valid
17.7796 	DEBUG 	TextBox2 loaded 1 chars with 0 blanks and 1 valid
17.7805 	DEBUG 	TextBox2 loaded 1 chars with 0 blanks and 1 valid
17.7814 	DEBUG 	TextBox2 loaded 1 chars with 0 blanks and 1 valid
17.7819 	DEBUG 	TextBox2 loaded 1 chars with 0 blanks and 1 valid
17.7825 	DEBUG 	TextBox2 loaded 1 chars with 0 blanks and 1 valid
17.7836 	DEBUG 	TextBox2 loaded 1 chars with 0 blanks and 1 valid
17.7841 	DEBUG 	TextBox2 loaded 1 chars with 0 blanks and 1 valid
17.7844 	DEBUG 	Uploading Texture Font fontname to graphics card
17.7885 	DEBUG 	Upload of Texture Font fontname complete
17.7944 	DEBUG 	TextBox2 loaded 1 chars with 0 blanks and 1 valid
17.7956 	DEBUG 	TextBox2 loaded 1 chars with 0 blanks and 1 valid
17.7966 	DEBUG 	TextBox2 loaded 1 chars with 0 blanks and 1 valid
17.7968 	DEBUG 	Uploading Texture Font fontname to graphics card
17.7989 	DEBUG 	Upload of Texture Font fontname complete
17.8007 	EXP 	window1: Attempting to measure frame rate of screen (1) ...
17.8007 	EXP 	window1: recordFrameIntervals = False
18.0585 	EXP 	window1: recordFrameIntervals = True
18.8729 	WARNING 	t of last frame was 27.92ms (=1/35)
18.8950 	WARNING 	Couldn't measure a consistent frame rate!
  - Is your graphics card set to sync to vertical blank?
  - Are you running other processes on your computer?

18.9008 	DEBUG 	TextBox2 loaded 1 chars with 0 blanks and 1 valid
18.9015 	DEBUG 	TextBox2 loaded 1 chars with 0 blanks and 1 valid
18.9026 	DEBUG 	TextBox2 loaded 1 chars with 0 blanks and 1 valid
18.9038 	DEBUG 	TextBox2 loaded 1 chars with 0 blanks and 1 valid
18.9049 	DEBUG 	TextBox2 loaded 1 chars with 0 blanks and 1 valid
18.9061 	DEBUG 	TextBox2 loaded 1 chars with 0 blanks and 1 valid
18.9067 	DEBUG 	TextBox2 loaded 1 chars with 0 blanks and 1 valid
18.9076 	DEBUG 	TextBox2 loaded 1 chars with 0 blanks and 1 valid
18.9087 	DEBUG 	TextBox2 loaded 1 chars with 0 blanks and 1 valid
18.9098 	DEBUG 	TextBox2 loaded 1 chars with 0 blanks and 1 valid
18.9101 	DEBUG 	Uploading Texture Font fontname to graphics card
18.9123 	DEBUG 	Upload of Texture Font fontname complete
18.9741 	WARNING 	launchHubServer: If using the iohub mouse or eyetracker devices, fullScr should be True.
28.2481 	INFO 	keyboard.Keyboard is using iohub backend.
28.2482 	INFO 	keyboard.Keyboard is using iohub backend.
28.2482 	EXP 	tilt_staircase: status = STARTED
28.2542 	EXP 	Created surround = GratingStim(__class__=<class 'psychopy.visual.grating.GratingStim'>, anchor='center', autoDraw=False, autoLog=True, blendmode='avg', color=array([1., 1., 1.]), colorSpace='rgb', contrast=1.0, depth=-1.0, draggable=False, interpolate=True, mask='circle', maskParams=None, name='surround', opacity=1, ori=1.0, phase=array([0., 0.]), pos=array([0., 0.]), rgbPedestal=array([0., 0., 0.]), sf=array([7., 7.]), size=array([0.75, 0.75]), tex='sin', texRes=128.0, units='height', win=Window(...))
28.2559 	EXP 	Created center = GratingStim(__class__=<class 'psychopy.visual.grating.GratingStim'>, anchor='center', autoDraw=False, autoLog=True, blendmode='avg', color=array([1., 1., 1.]), colorSpace='rgb', contrast=1.0, depth=-2.0, draggable=False, interpolate=True, mask='circle', maskParams=None, name='center', opacity=1, ori=1.0, phase=array([0., 0.]), pos=array([0., 0.]), rgbPedestal=array([0., 0., 0.]), sf=array([2., 2.]), size=array([0.3, 0.3]), tex='sin', texRes=128.0, units='height', win=Window(...))
28.3722 	EXP 	Created text_2 = TextStim(__class__=<class 'psychopy.visual.text.TextStim'>, alignHoriz=method-wrapper(...), alignText='center', alignVert=method-wrapper(...), anchorHoriz='center', anchorVert='center', antialias=True, autoDraw=False, autoLog=True, bold=False, color=array([1., 1., 1.]), colorSpace='rgb', contrast=1.0, depth=-4.0, draggable=False, flipHoriz=False, flipVert=False, font='Arial', fontFiles=[], height=0.05, italic=False, languageStyle='LTR', name='text_2', opacity=1, ori=0.0, pos=array([0., 0.]), rgb=UNKNOWN, text='+', units='height', win=Window(...), wrapWidth=1)
28.3813 	EXP 	Created text_3 = TextStim(__class__=<class 'psychopy.visual.text.TextStim'>, alignHoriz=method-wrapper(...), alignText='center', alignVert=method-wrapper(...), anchorHoriz='center', anchorVert='center', antialias=True, autoDraw=False, autoLog=True, bold=False, color=array([1., 1., 1.]), colorSpace='rgb', contrast=1.0, depth=-5.0, draggable=False, flipHoriz=False, flipVert=False, font='Arial', fontFiles=[], height=0.05, italic=False, languageStyle='LTR', name='text_3', opacity=1, ori=0.0, pos=array([0., 0.]), rgb=UNKNOWN, text='<--       -->\nleft      right', units='height', win=Window(...), wrapWidth=1)
0.0372 	DEBUG 	Read csv file with pandas: tilt_staircase.csv
0.0382 	DEBUG 	Clearing unnamed columns from tilt_staircase.csv
0.0389 	EXP 	Imported tilt_staircase.csv as conditions, 2 conditions, 10 params
0.1227 	DEBUG 	Using /Applications/PsychoPy.app/Contents/Resources/lib/python3.8/psychopy/data/staircase.py as origin file
0.1229 	DEBUG 	Using /Applications/PsychoPy.app/Contents/Resources/lib/python3.8/psychopy/data/staircase.py as origin file
0.1280 	INFO 	Keyboard events cleared
0.1278 	WARNING 	t of last frame was 120.63ms (=1/8)
0.1278 	EXP 	surround: ori = 10.0
0.1278 	EXP 	center: ori = -20.0
0.1278 	EXP 	text_2: autoDraw = True
0.5018 	EXP 	surround: autoDraw = True
0.5018 	EXP 	center: autoDraw = True
0.5018 	EXP 	surround: tex = 'sin'
0.5018 	EXP 	center: tex = 'sin'
0.5988 	EXP 	text_3: autoDraw = True
0.6321 	EXP 	text_2: autoDraw = False
1.0990 	EXP 	surround: autoDraw = False
1.0990 	EXP 	center: autoDraw = False
6.8282 	DATA 	Keypress: escape
6.8307 	WARNING 	t of last frame was 92.55ms (=1/10)
6.8333 	EXP 	tilt_staircase: status = STOPPED
6.8348 	EXP 	text_3: autoDraw = False
6.8362 	EXP 	tilt_staircase: status = STOPPED
6.8377 	INFO 	saved data to '/Users/bwinsto2/Downloads/data/233221_tilt_staircase_2025-08-11_14h22.43.742.csv'
6.8388 	INFO 	saved data to /Users/bwinsto2/Downloads/data/233221_tilt_staircase_2025-08-11_14h22.43.742.psydat
7.1578 	DEBUG 	Saving data for tilt_staircase ExperimentHandler
