22.3760 	INFO 	Loaded monitor calibration from ['2025_08_13 14:32']
22.7327 	EXP 	Created window1 = Window(allowGUI=True, allowStencil=False, autoLog=True, backendConf=UNKNOWN, backgroundFit=<method-wrapper '__getattribute__' of attributeSetter object at 0x7fe74c2e7ca0>, backgroundImage=<method-wrapper '__getattribute__' of attributeSetter object at 0x7fe74c2e7bb0>, bitsMode=UNKNOWN, blendMode='avg', bpc=(8, 8, 8), color=array([0, 0, 0]), colorSpace='rgb', depthBits=8, fullscr=False, gamma=None, gammaErrorPolicy='raise', infoMsg=UNKNOWN, lms=UNKNOWN, monitor=<psychopy.monitors.calibTools.Monitor object at 0x7fe74c115640>, multiSample=False, name='window1', numSamples=2, pos=[320.0, 150.0], screen=0, size=array([1600, 1200]), stencilBits=0, stereo=False, title='PsychoPy', units='height', useFBO=True, useRetina=True, viewOri=0.0, viewPos=None, viewScale=None, waitBlanking=True, winType='pyglet')
22.7328 	EXP 	window1: backgroundImage = ''
22.7328 	EXP 	window1: backgroundFit = 'none'
22.7572 	DEBUG 	TextBox2 loaded 1 chars with 0 blanks and 1 valid
22.7581 	DEBUG 	TextBox2 loaded 1 chars with 0 blanks and 1 valid
22.7589 	DEBUG 	TextBox2 loaded 1 chars with 0 blanks and 1 valid
22.7599 	DEBUG 	TextBox2 loaded 1 chars with 0 blanks and 1 valid
22.7609 	DEBUG 	TextBox2 loaded 1 chars with 0 blanks and 1 valid
22.7614 	DEBUG 	TextBox2 loaded 1 chars with 0 blanks and 1 valid
22.7622 	DEBUG 	TextBox2 loaded 1 chars with 0 blanks and 1 valid
22.7631 	DEBUG 	TextBox2 loaded 1 chars with 0 blanks and 1 valid
22.7638 	DEBUG 	TextBox2 loaded 1 chars with 0 blanks and 1 valid
22.7642 	DEBUG 	TextBox2 loaded 1 chars with 0 blanks and 1 valid
22.7650 	DEBUG 	TextBox2 loaded 1 chars with 0 blanks and 1 valid
22.7657 	DEBUG 	TextBox2 loaded 1 chars with 0 blanks and 1 valid
22.7664 	DEBUG 	TextBox2 loaded 1 chars with 0 blanks and 1 valid
22.7672 	DEBUG 	TextBox2 loaded 1 chars with 0 blanks and 1 valid
22.7679 	DEBUG 	TextBox2 loaded 1 chars with 0 blanks and 1 valid
22.7687 	DEBUG 	TextBox2 loaded 1 chars with 0 blanks and 1 valid
22.7695 	DEBUG 	TextBox2 loaded 1 chars with 0 blanks and 1 valid
22.7700 	DEBUG 	TextBox2 loaded 1 chars with 0 blanks and 1 valid
22.7709 	DEBUG 	TextBox2 loaded 1 chars with 0 blanks and 1 valid
22.7718 	DEBUG 	TextBox2 loaded 1 chars with 0 blanks and 1 valid
22.7722 	DEBUG 	TextBox2 loaded 1 chars with 0 blanks and 1 valid
22.7724 	DEBUG 	Uploading Texture Font fontname to graphics card
22.7765 	DEBUG 	Upload of Texture Font fontname complete
22.7818 	DEBUG 	TextBox2 loaded 1 chars with 0 blanks and 1 valid
22.7829 	DEBUG 	TextBox2 loaded 1 chars with 0 blanks and 1 valid
22.7838 	DEBUG 	TextBox2 loaded 1 chars with 0 blanks and 1 valid
22.7839 	DEBUG 	Uploading Texture Font fontname to graphics card
22.7858 	DEBUG 	Upload of Texture Font fontname complete
22.7874 	EXP 	window1: Attempting to measure frame rate of screen (0) ...
22.7874 	EXP 	window1: recordFrameIntervals = False
23.0713 	EXP 	window1: recordFrameIntervals = True
23.9052 	WARNING 	Couldn't measure a consistent frame rate!
  - Is your graphics card set to sync to vertical blank?
  - Are you running other processes on your computer?

23.9139 	DEBUG 	TextBox2 loaded 1 chars with 0 blanks and 1 valid
23.9149 	DEBUG 	TextBox2 loaded 1 chars with 0 blanks and 1 valid
23.9162 	DEBUG 	TextBox2 loaded 1 chars with 0 blanks and 1 valid
23.9178 	DEBUG 	TextBox2 loaded 1 chars with 0 blanks and 1 valid
23.9193 	DEBUG 	TextBox2 loaded 1 chars with 0 blanks and 1 valid
23.9208 	DEBUG 	TextBox2 loaded 1 chars with 0 blanks and 1 valid
23.9216 	DEBUG 	TextBox2 loaded 1 chars with 0 blanks and 1 valid
23.9230 	DEBUG 	TextBox2 loaded 1 chars with 0 blanks and 1 valid
23.9245 	DEBUG 	TextBox2 loaded 1 chars with 0 blanks and 1 valid
23.9259 	DEBUG 	TextBox2 loaded 1 chars with 0 blanks and 1 valid
23.9262 	DEBUG 	Uploading Texture Font fontname to graphics card
23.9294 	DEBUG 	Upload of Texture Font fontname complete
23.9974 	WARNING 	launchHubServer: If using the iohub mouse or eyetracker devices, fullScr should be True.
32.2884 	INFO 	keyboard.Keyboard is using iohub backend.
32.2885 	INFO 	keyboard.Keyboard is using iohub backend.
32.2885 	INFO 	keyboard.Keyboard is using iohub backend.
32.2885 	INFO 	keyboard.Keyboard is using iohub backend.
32.2885 	INFO 	keyboard.Keyboard is using iohub backend.
32.2885 	INFO 	keyboard.Keyboard is using iohub backend.
32.2886 	INFO 	keyboard.Keyboard is using iohub backend.
32.2886 	INFO 	keyboard.Keyboard is using iohub backend.
32.2886 	INFO 	keyboard.Keyboard is using iohub backend.
32.2886 	INFO 	keyboard.Keyboard is using iohub backend.
32.2887 	EXP 	tilt_staircase: status = STARTED
32.4267 	EXP 	Created text_5 = TextStim(__class__=<class 'psychopy.visual.text.TextStim'>, alignHoriz=method-wrapper(...), alignText='center', alignVert=method-wrapper(...), anchorHoriz='center', anchorVert='center', antialias=True, autoDraw=False, autoLog=True, bold=False, color=array([1., 1., 1.]), colorSpace='rgb', contrast=1.0, depth=0.0, draggable=False, flipHoriz=False, flipVert=False, font='Arial', fontFiles=[], height=0.05, italic=False, languageStyle='LTR', name='text_5', opacity=1, ori=0.0, pos=array([0., 0.]), rgb=UNKNOWN, text=str(...), units='height', win=Window(...), wrapWidth=1)
32.4344 	EXP 	Created text_6 = TextStim(__class__=<class 'psychopy.visual.text.TextStim'>, alignHoriz=method-wrapper(...), alignText='center', alignVert=method-wrapper(...), anchorHoriz='center', anchorVert='center', antialias=True, autoDraw=False, autoLog=True, bold=False, color=array([1., 1., 1.]), colorSpace='rgb', contrast=1.0, depth=0.0, draggable=False, flipHoriz=False, flipVert=False, font='Arial', fontFiles=[], height=0.05, italic=False, languageStyle='LTR', name='text_6', opacity=1, ori=0.0, pos=array([0., 0.]), rgb=UNKNOWN, text=str(...), units='height', win=Window(...), wrapWidth=1)
32.4370 	EXP 	Created surround_practice = GratingStim(__class__=<class 'psychopy.visual.grating.GratingStim'>, anchor='center', autoDraw=False, autoLog=True, blendmode='avg', color=array([1., 1., 1.]), colorSpace='rgb', contrast=1.0, depth=0.0, draggable=False, interpolate=True, mask='circle', maskParams=None, name='surround_practice', opacity=1, ori=1.0, phase=array([0., 0.]), pos=array([0., 0.]), rgbPedestal=array([0., 0., 0.]), sf=array([2.5, 2.5]), size=array([5., 5.]), tex='sin', texRes=128.0, units='cm', win=Window(...))
32.4385 	EXP 	Created center_practice = GratingStim(__class__=<class 'psychopy.visual.grating.GratingStim'>, anchor='center', autoDraw=False, autoLog=True, blendmode='avg', color=array([1., 1., 1.]), colorSpace='rgb', contrast=1.0, depth=-1.0, draggable=False, interpolate=True, mask='circle', maskParams=None, name='center_practice', opacity=1, ori=1.0, phase=array([0., 0.]), pos=array([0., 0.]), rgbPedestal=array([0., 0., 0.]), sf=array([2.5, 2.5]), size=array([1.25, 1.25]), tex='sin', texRes=128.0, units='cm', win=Window(...))
32.4403 	EXP 	Created text_9 = TextStim(__class__=<class 'psychopy.visual.text.TextStim'>, alignHoriz=method-wrapper(...), alignText='center', alignVert=method-wrapper(...), anchorHoriz='center', anchorVert='center', antialias=True, autoDraw=False, autoLog=True, bold=False, color=array([1., 1., 1.]), colorSpace='rgb', contrast=1.0, depth=-3.0, draggable=False, flipHoriz=False, flipVert=False, font='Arial', fontFiles=[], height=0.05, italic=False, languageStyle='LTR', name='text_9', opacity=1, ori=0.0, pos=array([0., 0.]), rgb=UNKNOWN, text='+', units='height', win=Window(...), wrapWidth=1)
32.4439 	EXP 	Created text_11 = TextStim(__class__=<class 'psychopy.visual.text.TextStim'>, alignHoriz=method-wrapper(...), alignText='center', alignVert=method-wrapper(...), anchorHoriz='center', anchorVert='center', antialias=True, autoDraw=False, autoLog=True, bold=False, color=array([1., 1., 1.]), colorSpace='rgb', contrast=1.0, depth=-4.0, draggable=False, flipHoriz=False, flipVert=False, font='Arial', fontFiles=[], height=0.05, italic=False, languageStyle='LTR', name='text_11', opacity=1, ori=0.0, pos=array([0., 0.]), rgb=UNKNOWN, text=str(...), units='height', win=Window(...), wrapWidth=1)
32.4444 	EXP 	Created text_7 = TextStim(__class__=<class 'psychopy.visual.text.TextStim'>, alignHoriz=method-wrapper(...), alignText='center', alignVert=method-wrapper(...), anchorHoriz='center', anchorVert='center', antialias=True, autoDraw=False, autoLog=True, bold=False, color=array([1., 1., 1.]), colorSpace='rgb', contrast=1.0, depth=-1.0, draggable=False, flipHoriz=False, flipVert=False, font='Arial', fontFiles=[], height=0.05, italic=False, languageStyle='LTR', name='text_7', opacity=1, ori=0.0, pos=array([0., 0.]), rgb=UNKNOWN, text='', units='height', win=Window(...), wrapWidth=1)
32.4483 	EXP 	Created text_8 = TextStim(__class__=<class 'psychopy.visual.text.TextStim'>, alignHoriz=method-wrapper(...), alignText='center', alignVert=method-wrapper(...), anchorHoriz='center', anchorVert='center', antialias=True, autoDraw=False, autoLog=True, bold=False, color=array([1., 1., 1.]), colorSpace='rgb', contrast=1.0, depth=0.0, draggable=False, flipHoriz=False, flipVert=False, font='Arial', fontFiles=[], height=0.05, italic=False, languageStyle='LTR', name='text_8', opacity=1, ori=0.0, pos=array([0., 0.]), rgb=UNKNOWN, text=str(...), units='height', win=Window(...), wrapWidth=1)
32.4499 	EXP 	Created surround_practice_2 = GratingStim(__class__=<class 'psychopy.visual.grating.GratingStim'>, anchor='center', autoDraw=False, autoLog=True, blendmode='avg', color=array([1., 1., 1.]), colorSpace='rgb', contrast=1.0, depth=0.0, draggable=False, interpolate=True, mask='circle', maskParams=None, name='surround_practice_2', opacity=1, ori=1.0, phase=array([0., 0.]), pos=array([0., 0.]), rgbPedestal=array([0., 0., 0.]), sf=array([2.5, 2.5]), size=array([6., 6.]), tex='sin', texRes=128.0, units='deg', win=Window(...))
32.4513 	EXP 	Created center_practice_2 = GratingStim(__class__=<class 'psychopy.visual.grating.GratingStim'>, anchor='center', autoDraw=False, autoLog=True, blendmode='avg', color=array([1., 1., 1.]), colorSpace='rgb', contrast=1.0, depth=-1.0, draggable=False, interpolate=True, mask='circle', maskParams=None, name='center_practice_2', opacity=1, ori=1.0, phase=array([0., 0.]), pos=array([0., 0.]), rgbPedestal=array([0., 0., 0.]), sf=array([2.5, 2.5]), size=array([1.25, 1.25]), tex='sin', texRes=128.0, units='cm', win=Window(...))
32.4525 	EXP 	Created text_10 = TextStim(__class__=<class 'psychopy.visual.text.TextStim'>, alignHoriz=method-wrapper(...), alignText='center', alignVert=method-wrapper(...), anchorHoriz='center', anchorVert='center', antialias=True, autoDraw=False, autoLog=True, bold=False, color=array([1., 1., 1.]), colorSpace='rgb', contrast=1.0, depth=-3.0, draggable=False, flipHoriz=False, flipVert=False, font='Arial', fontFiles=[], height=0.05, italic=False, languageStyle='LTR', name='text_10', opacity=1, ori=0.0, pos=array([0., 0.]), rgb=UNKNOWN, text='+', units='height', win=Window(...), wrapWidth=1)
32.4549 	EXP 	Created text_12 = TextStim(__class__=<class 'psychopy.visual.text.TextStim'>, alignHoriz=method-wrapper(...), alignText='center', alignVert=method-wrapper(...), anchorHoriz='center', anchorVert='center', antialias=True, autoDraw=False, autoLog=True, bold=False, color=array([1., 1., 1.]), colorSpace='rgb', contrast=1.0, depth=-4.0, draggable=False, flipHoriz=False, flipVert=False, font='Arial', fontFiles=[], height=0.05, italic=False, languageStyle='LTR', name='text_12', opacity=1, ori=0.0, pos=array([0., 0.]), rgb=UNKNOWN, text=str(...), units='height', win=Window(...), wrapWidth=1)
32.4554 	EXP 	Created text_7 = TextStim(__class__=<class 'psychopy.visual.text.TextStim'>, alignHoriz=method-wrapper(...), alignText='center', alignVert=method-wrapper(...), anchorHoriz='center', anchorVert='center', antialias=True, autoDraw=False, autoLog=True, bold=False, color=array([1., 1., 1.]), colorSpace='rgb', contrast=1.0, depth=-1.0, draggable=False, flipHoriz=False, flipVert=False, font='Arial', fontFiles=[], height=0.05, italic=False, languageStyle='LTR', name='text_7', opacity=1, ori=0.0, pos=array([0., 0.]), rgb=UNKNOWN, text='', units='height', win=Window(...), wrapWidth=1)
32.4598 	EXP 	Created text_13 = TextStim(__class__=<class 'psychopy.visual.text.TextStim'>, alignHoriz=method-wrapper(...), alignText='center', alignVert=method-wrapper(...), anchorHoriz='center', anchorVert='center', antialias=True, autoDraw=False, autoLog=True, bold=False, color=array([1., 1., 1.]), colorSpace='rgb', contrast=1.0, depth=0.0, draggable=False, flipHoriz=False, flipVert=False, font='Arial', fontFiles=[], height=0.05, italic=False, languageStyle='LTR', name='text_13', opacity=1, ori=0.0, pos=array([0., 0.]), rgb=UNKNOWN, text=str(...), units='height', win=Window(...), wrapWidth=1)
32.4612 	EXP 	Created surround_grating = GratingStim(__class__=<class 'psychopy.visual.grating.GratingStim'>, anchor='center', autoDraw=False, autoLog=True, blendmode='avg', color=array([1., 1., 1.]), colorSpace='rgb', contrast=1.0, depth=-1.0, draggable=False, interpolate=True, mask='circle', maskParams=None, name='surround_grating', opacity=1.0, ori=1.0, phase=array([0., 0.]), pos=array([0., 0.]), rgbPedestal=array([0., 0., 0.]), sf=array([2.5, 2.5]), size=array([6., 6.]), tex='sin', texRes=128.0, units='deg', win=Window(...))
32.4626 	EXP 	Created center_grating = GratingStim(__class__=<class 'psychopy.visual.grating.GratingStim'>, anchor='center', autoDraw=False, autoLog=True, blendmode='avg', color=array([1., 1., 1.]), colorSpace='rgb', contrast=1.0, depth=-2.0, draggable=False, interpolate=True, mask='circle', maskParams=None, name='center_grating', opacity=1, ori=1.0, phase=array([0., 0.]), pos=array([0., 0.]), rgbPedestal=array([0., 0., 0.]), sf=array([2.5, 2.5]), size=array([1.25, 1.25]), tex='sin', texRes=128.0, units='cm', win=Window(...))
32.4638 	EXP 	Created text_2 = TextStim(__class__=<class 'psychopy.visual.text.TextStim'>, alignHoriz=method-wrapper(...), alignText='center', alignVert=method-wrapper(...), anchorHoriz='center', anchorVert='center', antialias=True, autoDraw=False, autoLog=True, bold=False, color=array([1., 1., 1.]), colorSpace='rgb', contrast=1.0, depth=-4.0, draggable=False, flipHoriz=False, flipVert=False, font='Arial', fontFiles=[], height=0.05, italic=False, languageStyle='LTR', name='text_2', opacity=1, ori=0.0, pos=array([0., 0.]), rgb=UNKNOWN, text='+', units='height', win=Window(...), wrapWidth=1)
32.4661 	EXP 	Created text_3 = TextStim(__class__=<class 'psychopy.visual.text.TextStim'>, alignHoriz=method-wrapper(...), alignText='center', alignVert=method-wrapper(...), anchorHoriz='center', anchorVert='center', antialias=True, autoDraw=False, autoLog=True, bold=False, color=array([1., 1., 1.]), colorSpace='rgb', contrast=1.0, depth=-5.0, draggable=False, flipHoriz=False, flipVert=False, font='Arial', fontFiles=[], height=0.05, italic=False, languageStyle='LTR', name='text_3', opacity=1, ori=0.0, pos=array([0., 0.]), rgb=UNKNOWN, text=str(...), units='height', win=Window(...), wrapWidth=1)
32.4666 	EXP 	Created text_14 = TextStim(__class__=<class 'psychopy.visual.text.TextStim'>, alignHoriz=method-wrapper(...), alignText='center', alignVert=method-wrapper(...), anchorHoriz='center', anchorVert='center', antialias=True, autoDraw=False, autoLog=True, bold=False, color=array([1., 1., 1.]), colorSpace='rgb', contrast=1.0, depth=-6.0, draggable=False, flipHoriz=False, flipVert=False, font='Arial', fontFiles=[], height=0.05, italic=False, languageStyle='LTR', name='text_14', opacity=1, ori=0.0, pos=array([ 0. , -0.3]), rgb=UNKNOWN, text='', units='height', win=Window(...), wrapWidth=1)
32.4684 	EXP 	Created text_4 = TextStim(__class__=<class 'psychopy.visual.text.TextStim'>, alignHoriz=method-wrapper(...), alignText='center', alignVert=method-wrapper(...), anchorHoriz='center', anchorVert='center', antialias=True, autoDraw=False, autoLog=True, bold=False, color=array([1., 1., 1.]), colorSpace='rgb', contrast=1.0, depth=0.0, draggable=False, flipHoriz=False, flipVert=False, font='Arial', fontFiles=[], height=0.05, italic=False, languageStyle='LTR', name='text_4', opacity=1, ori=0.0, pos=array([0., 0.]), rgb=UNKNOWN, text='thank you and have a pleasant day ', units='height', win=Window(...), wrapWidth=1)
0.0346 	INFO 	Keyboard events cleared
0.0341 	WARNING 	t of last frame was 27.28ms (=1/36)
0.0341 	EXP 	text_5: autoDraw = True
0.0973 	WARNING 	t of last frame was 44.47ms (=1/22)
0.7161 	DATA 	Keypress: space
0.7205 	INFO 	Keyboard events cleared
0.7202 	WARNING 	t of last frame was 44.61ms (=1/22)
0.7202 	EXP 	text_5: autoDraw = False
0.7202 	EXP 	text_6: autoDraw = True
1.0164 	DEBUG 	Read csv file with pandas: tilt_practice_1.csv
1.0184 	DEBUG 	Clearing unnamed columns from tilt_practice_1.csv
1.0188 	EXP 	Imported tilt_practice_1.csv as conditions, 4 conditions, 3 params
1.0195 	EXP 	New trial (rep=0, index=0): <Trial 0 (0 in rep 0) data={'center': 30, 'surround': 0, 'correct': 'right', 'thisN': 0, 'thisTrialN': 0, 'thisRepN': 0}>
1.0314 	DATA 	Keypress: space
1.0342 	INFO 	Keyboard events cleared
1.0339 	WARNING 	t of last frame was 25.30ms (=1/39)
1.0339 	EXP 	text_6: autoDraw = False
1.0339 	EXP 	surround_practice: ori = 0.0
1.0339 	EXP 	center_practice: ori = 30.0
1.0339 	EXP 	text_9: autoDraw = True
1.5134 	EXP 	surround_practice: autoDraw = True
1.5134 	EXP 	center_practice: autoDraw = True
1.5134 	EXP 	surround_practice: tex = 'sin'
1.5134 	EXP 	center_practice: tex = 'sin'
1.5239 	EXP 	text_9: autoDraw = False
2.5098 	EXP 	surround_practice: autoDraw = False
2.5098 	EXP 	center_practice: autoDraw = False
2.5098 	EXP 	text_11: autoDraw = True
2.6410 	DATA 	Keypress: right
2.6520 	INFO 	Keyboard events cleared
2.6520 	WARNING 	Multiple dropped frames have occurred - I'll stop bothering you about them!
2.6517 	EXP 	surround_practice: autoDraw = False
2.6517 	EXP 	center_practice: autoDraw = False
2.6517 	EXP 	text_9: autoDraw = False
2.6517 	EXP 	text_11: autoDraw = False
2.6517 	EXP 	text_7: height = 0.05
2.6517 	EXP 	text_7: height = 0.05
2.6517 	EXP 	text_7: height = 0.05
2.6517 	EXP 	text_7: text = 'Correct. Press Spacebar.'
2.6517 	EXP 	text_7: autoDraw = True
2.7218 	EXP 	New trial (rep=0, index=1): <Trial 1 (1 in rep 0) data={'center': -30, 'surround': 0, 'correct': 'left', 'thisN': 1, 'thisTrialN': 1, 'thisRepN': 0}>
2.7234 	DATA 	Keypress: space
2.7260 	INFO 	Keyboard events cleared
2.7258 	EXP 	text_7: autoDraw = False
2.7258 	EXP 	surround_practice: ori = 0.0
2.7258 	EXP 	center_practice: ori = -30.0
2.7258 	EXP 	text_9: autoDraw = True
3.2194 	EXP 	surround_practice: autoDraw = True
3.2194 	EXP 	center_practice: autoDraw = True
3.2245 	EXP 	text_9: autoDraw = False
4.2072 	EXP 	surround_practice: autoDraw = False
4.2072 	EXP 	center_practice: autoDraw = False
4.2196 	EXP 	text_11: autoDraw = True
4.7114 	DATA 	Keypress: left
4.7247 	INFO 	Keyboard events cleared
4.7244 	EXP 	surround_practice: autoDraw = False
4.7244 	EXP 	center_practice: autoDraw = False
4.7244 	EXP 	text_9: autoDraw = False
4.7244 	EXP 	text_11: autoDraw = False
4.7244 	EXP 	text_7: text = 'Correct. Press Spacebar.'
4.7244 	EXP 	text_7: autoDraw = True
5.5598 	EXP 	New trial (rep=0, index=2): <Trial 2 (2 in rep 0) data={'center': 30, 'surround': 60, 'correct': 'right', 'thisN': 2, 'thisTrialN': 2, 'thisRepN': 0}>
5.5615 	DATA 	Keypress: space
5.5697 	INFO 	Keyboard events cleared
5.5695 	EXP 	text_7: autoDraw = False
5.5695 	EXP 	surround_practice: ori = 60.0
5.5695 	EXP 	center_practice: ori = 30.0
5.5695 	EXP 	text_9: autoDraw = True
6.0579 	EXP 	surround_practice: autoDraw = True
6.0579 	EXP 	center_practice: autoDraw = True
6.0579 	EXP 	text_9: autoDraw = False
6.5777 	DATA 	Keypress: right
6.5864 	INFO 	Keyboard events cleared
6.5862 	EXP 	surround_practice: autoDraw = False
6.5862 	EXP 	center_practice: autoDraw = False
6.5862 	EXP 	text_9: autoDraw = False
6.5862 	EXP 	text_11: autoDraw = False
6.5862 	EXP 	text_7: text = 'Correct. Press Spacebar.'
6.5862 	EXP 	text_7: autoDraw = True
6.8262 	EXP 	New trial (rep=0, index=3): <Trial 3 (3 in rep 0) data={'center': -30, 'surround': -60, 'correct': 'left', 'thisN': 3, 'thisTrialN': 3, 'thisRepN': 0}>
6.8278 	DATA 	Keypress: space
6.8364 	INFO 	Keyboard events cleared
6.8361 	EXP 	text_7: autoDraw = False
6.8361 	EXP 	surround_practice: ori = -60.0
6.8361 	EXP 	center_practice: ori = -30.0
6.8361 	EXP 	text_9: autoDraw = True
7.3245 	EXP 	surround_practice: autoDraw = True
7.3245 	EXP 	center_practice: autoDraw = True
7.3245 	EXP 	text_9: autoDraw = False
7.9800 	DATA 	Keypress: left
7.9872 	INFO 	Keyboard events cleared
7.9870 	EXP 	surround_practice: autoDraw = False
7.9870 	EXP 	center_practice: autoDraw = False
7.9870 	EXP 	text_9: autoDraw = False
7.9870 	EXP 	text_11: autoDraw = False
7.9870 	EXP 	text_7: text = 'Correct. Press Spacebar.'
7.9870 	EXP 	text_7: autoDraw = True
8.4238 	DATA 	Keypress: left
9.0487 	DATA 	Keypress: space
9.0531 	INFO 	Keyboard events cleared
9.0528 	EXP 	text_7: autoDraw = False
9.0528 	EXP 	text_8: autoDraw = True
10.8745 	DEBUG 	Read csv file with pandas: tilt_practice_2.csv
10.8750 	DEBUG 	Clearing unnamed columns from tilt_practice_2.csv
10.8753 	EXP 	Imported tilt_practice_2.csv as conditions, 4 conditions, 3 params
10.8755 	EXP 	New trial (rep=0, index=0): <Trial 0 (0 in rep 0) data={'center': -30, 'surround': -60, 'correct': 'left', 'thisN': 0, 'thisTrialN': 0, 'thisRepN': 0}>
10.8779 	DATA 	Keypress: space
10.8806 	INFO 	Keyboard events cleared
10.8804 	EXP 	text_8: autoDraw = False
10.8804 	EXP 	surround_practice_2: ori = -60.0
10.8804 	EXP 	center_practice_2: ori = -30.0
10.8804 	EXP 	text_10: autoDraw = True
11.3694 	EXP 	surround_practice_2: autoDraw = True
11.3694 	EXP 	center_practice_2: autoDraw = True
11.3694 	EXP 	surround_practice_2: tex = 'sin'
11.3694 	EXP 	center_practice_2: tex = 'sin'
11.3739 	EXP 	text_10: autoDraw = False
11.4411 	EXP 	surround_practice_2: autoDraw = False
11.4411 	EXP 	center_practice_2: autoDraw = False
11.4411 	EXP 	text_12: autoDraw = True
11.9238 	DATA 	Keypress: left
11.9263 	INFO 	Keyboard events cleared
11.9261 	EXP 	surround_practice_2: autoDraw = False
11.9261 	EXP 	center_practice_2: autoDraw = False
11.9261 	EXP 	text_10: autoDraw = False
11.9261 	EXP 	text_12: autoDraw = False
11.9261 	EXP 	text_7: text = 'Correct. Press Spacebar.'
11.9261 	EXP 	text_7: autoDraw = True
12.2389 	EXP 	New trial (rep=0, index=1): <Trial 1 (1 in rep 0) data={'center': -30, 'surround': 0, 'correct': 'left', 'thisN': 1, 'thisTrialN': 1, 'thisRepN': 0}>
12.2407 	DATA 	Keypress: space
12.2434 	INFO 	Keyboard events cleared
12.2432 	EXP 	text_7: autoDraw = False
12.2432 	EXP 	surround_practice_2: ori = 0.0
12.2432 	EXP 	center_practice_2: ori = -30.0
12.2432 	EXP 	text_10: autoDraw = True
12.7362 	EXP 	surround_practice_2: autoDraw = True
12.7362 	EXP 	center_practice_2: autoDraw = True
12.7409 	EXP 	text_10: autoDraw = False
12.8075 	EXP 	surround_practice_2: autoDraw = False
12.8075 	EXP 	center_practice_2: autoDraw = False
12.8075 	EXP 	text_12: autoDraw = True
13.1277 	DATA 	Keypress: left
13.1364 	INFO 	Keyboard events cleared
13.1361 	EXP 	surround_practice_2: autoDraw = False
13.1361 	EXP 	center_practice_2: autoDraw = False
13.1361 	EXP 	text_10: autoDraw = False
13.1361 	EXP 	text_12: autoDraw = False
13.1361 	EXP 	text_7: text = 'Correct. Press Spacebar.'
13.1361 	EXP 	text_7: autoDraw = True
13.2931 	EXP 	New trial (rep=0, index=2): <Trial 2 (2 in rep 0) data={'center': 30, 'surround': 60, 'correct': 'right', 'thisN': 2, 'thisTrialN': 2, 'thisRepN': 0}>
13.2947 	DATA 	Keypress: space
13.3031 	INFO 	Keyboard events cleared
13.3028 	EXP 	text_7: autoDraw = False
13.3028 	EXP 	surround_practice_2: ori = 60.0
13.3028 	EXP 	center_practice_2: ori = 30.0
13.3028 	EXP 	text_10: autoDraw = True
13.7911 	EXP 	surround_practice_2: autoDraw = True
13.7911 	EXP 	center_practice_2: autoDraw = True
13.7911 	EXP 	text_10: autoDraw = False
13.8694 	EXP 	surround_practice_2: autoDraw = False
13.8694 	EXP 	center_practice_2: autoDraw = False
13.8694 	EXP 	text_12: autoDraw = True
14.2115 	DATA 	Keypress: right
14.2198 	INFO 	Keyboard events cleared
14.2195 	EXP 	surround_practice_2: autoDraw = False
14.2195 	EXP 	center_practice_2: autoDraw = False
14.2195 	EXP 	text_10: autoDraw = False
14.2195 	EXP 	text_12: autoDraw = False
14.2195 	EXP 	text_7: text = 'Correct. Press Spacebar.'
14.2195 	EXP 	text_7: autoDraw = True
14.3762 	EXP 	New trial (rep=0, index=3): <Trial 3 (3 in rep 0) data={'center': 30, 'surround': 0, 'correct': 'right', 'thisN': 3, 'thisTrialN': 3, 'thisRepN': 0}>
14.3778 	DATA 	Keypress: space
14.3864 	INFO 	Keyboard events cleared
14.3861 	EXP 	text_7: autoDraw = False
14.3861 	EXP 	surround_practice_2: ori = 0.0
14.3861 	EXP 	center_practice_2: ori = 30.0
14.3861 	EXP 	text_10: autoDraw = True
14.8743 	EXP 	surround_practice_2: autoDraw = True
14.8743 	EXP 	center_practice_2: autoDraw = True
14.8743 	EXP 	text_10: autoDraw = False
14.9528 	EXP 	surround_practice_2: autoDraw = False
14.9528 	EXP 	center_practice_2: autoDraw = False
14.9528 	EXP 	text_12: autoDraw = True
15.3445 	DATA 	Keypress: right
15.3530 	INFO 	Keyboard events cleared
15.3528 	EXP 	surround_practice_2: autoDraw = False
15.3528 	EXP 	center_practice_2: autoDraw = False
15.3528 	EXP 	text_10: autoDraw = False
15.3528 	EXP 	text_12: autoDraw = False
15.3528 	EXP 	text_7: text = 'Correct. Press Spacebar.'
15.3528 	EXP 	text_7: autoDraw = True
15.4788 	DATA 	Keypress: space
15.4864 	INFO 	Keyboard events cleared
15.4862 	EXP 	text_7: autoDraw = False
15.4862 	EXP 	text_13: autoDraw = True
18.1623 	DEBUG 	Read csv file with pandas: tilt_staircase.csv
18.1629 	DEBUG 	Clearing unnamed columns from tilt_staircase.csv
18.1639 	EXP 	Imported tilt_staircase.csv as conditions, 6 conditions, 10 params
18.2529 	DEBUG 	Using /Applications/PsychoPy.app/Contents/Resources/lib/python3.8/psychopy/data/staircase.py as origin file
18.2531 	DEBUG 	Using /Applications/PsychoPy.app/Contents/Resources/lib/python3.8/psychopy/data/staircase.py as origin file
18.2533 	DEBUG 	Using /Applications/PsychoPy.app/Contents/Resources/lib/python3.8/psychopy/data/staircase.py as origin file
18.2534 	DEBUG 	Using /Applications/PsychoPy.app/Contents/Resources/lib/python3.8/psychopy/data/staircase.py as origin file
18.2536 	DEBUG 	Using /Applications/PsychoPy.app/Contents/Resources/lib/python3.8/psychopy/data/staircase.py as origin file
18.2537 	DEBUG 	Using /Applications/PsychoPy.app/Contents/Resources/lib/python3.8/psychopy/data/staircase.py as origin file
18.2594 	DATA 	Keypress: space
18.2617 	INFO 	Keyboard events cleared
18.2614 	EXP 	text_13: autoDraw = False
18.2614 	EXP 	surround_grating: ori = 45.0
18.2614 	EXP 	center_grating: ori = 15.0
18.2614 	EXP 	text_14: height = 0.05
18.2614 	EXP 	text_14: height = 0.05
18.2614 	EXP 	text_14: height = 0.05
18.2614 	EXP 	text_14: text = 'posc_noss'
18.2614 	EXP 	text_2: autoDraw = True
18.6597 	EXP 	surround_grating: autoDraw = True
18.6597 	EXP 	center_grating: autoDraw = True
18.6597 	EXP 	surround_grating: tex = 'sin'
18.6597 	EXP 	center_grating: tex = 'sin'
18.7360 	EXP 	surround_grating: autoDraw = False
18.7360 	EXP 	center_grating: autoDraw = False
18.7360 	EXP 	text_3: autoDraw = True
18.7575 	EXP 	text_2: autoDraw = False
18.7575 	EXP 	text_14: autoDraw = True
22.2918 	DATA 	Keypress: right
22.2943 	INFO 	Keyboard events cleared
22.2941 	EXP 	surround_grating: autoDraw = False
22.2941 	EXP 	center_grating: autoDraw = False
22.2941 	EXP 	text_2: autoDraw = False
22.2941 	EXP 	text_3: autoDraw = False
22.2941 	EXP 	text_14: autoDraw = False
22.2941 	EXP 	surround_grating: ori = 15.0
22.2941 	EXP 	center_grating: ori = -15.0
22.2941 	EXP 	text_14: height = 0.05
22.2941 	EXP 	text_14: height = 0.05
22.2941 	EXP 	text_14: height = 0.05
22.2941 	EXP 	text_14: text = 'negc_poss'
22.2941 	EXP 	text_2: autoDraw = True
22.7859 	EXP 	surround_grating: autoDraw = True
22.7859 	EXP 	center_grating: autoDraw = True
22.7902 	EXP 	text_2: autoDraw = False
22.8576 	EXP 	surround_grating: autoDraw = False
22.8576 	EXP 	center_grating: autoDraw = False
22.8576 	EXP 	text_3: autoDraw = True
22.8859 	EXP 	text_14: autoDraw = True
24.4958 	DATA 	Keypress: left
24.5031 	INFO 	Keyboard events cleared
24.5028 	EXP 	surround_grating: autoDraw = False
24.5028 	EXP 	center_grating: autoDraw = False
24.5028 	EXP 	text_2: autoDraw = False
24.5028 	EXP 	text_3: autoDraw = False
24.5028 	EXP 	text_14: autoDraw = False
24.5028 	EXP 	surround_grating: ori = 15.0
24.5028 	EXP 	center_grating: ori = -15.0
24.5028 	EXP 	text_14: height = 0.05
24.5028 	EXP 	text_14: height = 0.05
24.5028 	EXP 	text_14: height = 0.05
24.5028 	EXP 	text_14: text = 'negc_negs'
24.5028 	EXP 	text_2: autoDraw = True
24.9910 	EXP 	surround_grating: autoDraw = True
24.9910 	EXP 	center_grating: autoDraw = True
24.9910 	EXP 	text_2: autoDraw = False
25.0693 	EXP 	surround_grating: autoDraw = False
25.0693 	EXP 	center_grating: autoDraw = False
25.0693 	EXP 	text_3: autoDraw = True
25.0906 	EXP 	text_14: autoDraw = True
27.5917 	DATA 	Keypress: left
27.5942 	INFO 	Keyboard events cleared
27.5940 	EXP 	surround_grating: autoDraw = False
27.5940 	EXP 	center_grating: autoDraw = False
27.5940 	EXP 	text_2: autoDraw = False
27.5940 	EXP 	text_3: autoDraw = False
27.5940 	EXP 	text_14: autoDraw = False
27.5940 	EXP 	surround_grating: ori = 45.0
27.5940 	EXP 	center_grating: ori = 15.0
27.5940 	EXP 	text_14: height = 0.05
27.5940 	EXP 	text_14: height = 0.05
27.5940 	EXP 	text_14: height = 0.05
27.5940 	EXP 	text_14: text = 'posc_poss'
27.5940 	EXP 	text_2: autoDraw = True
28.0861 	EXP 	surround_grating: autoDraw = True
28.0861 	EXP 	center_grating: autoDraw = True
28.0908 	EXP 	text_2: autoDraw = False
28.1572 	EXP 	surround_grating: autoDraw = False
28.1572 	EXP 	center_grating: autoDraw = False
28.1572 	EXP 	text_3: autoDraw = True
28.1861 	EXP 	text_14: autoDraw = True
29.5471 	DATA 	Keypress: right
29.5530 	INFO 	Keyboard events cleared
29.5527 	EXP 	surround_grating: autoDraw = False
29.5527 	EXP 	center_grating: autoDraw = False
29.5527 	EXP 	text_2: autoDraw = False
29.5527 	EXP 	text_3: autoDraw = False
29.5527 	EXP 	text_14: autoDraw = False
29.5527 	EXP 	surround_grating: ori = 15.0
29.5527 	EXP 	center_grating: ori = -15.0
29.5527 	EXP 	text_14: height = 0.05
29.5527 	EXP 	text_14: height = 0.05
29.5527 	EXP 	text_14: height = 0.05
29.5527 	EXP 	text_14: text = 'negc_noss'
29.5527 	EXP 	text_2: autoDraw = True
30.0408 	EXP 	surround_grating: autoDraw = True
30.0408 	EXP 	center_grating: autoDraw = True
30.0408 	EXP 	text_2: autoDraw = False
30.1194 	EXP 	surround_grating: autoDraw = False
30.1194 	EXP 	center_grating: autoDraw = False
30.1194 	EXP 	text_3: autoDraw = True
30.1404 	EXP 	text_14: autoDraw = True
31.3419 	DATA 	Keypress: left
31.3445 	INFO 	Keyboard events cleared
31.3442 	EXP 	surround_grating: autoDraw = False
31.3442 	EXP 	center_grating: autoDraw = False
31.3442 	EXP 	text_2: autoDraw = False
31.3442 	EXP 	text_3: autoDraw = False
31.3442 	EXP 	text_14: autoDraw = False
31.3442 	EXP 	surround_grating: ori = 45.0
31.3442 	EXP 	center_grating: ori = 15.0
31.3442 	EXP 	text_14: height = 0.05
31.3442 	EXP 	text_14: height = 0.05
31.3442 	EXP 	text_14: height = 0.05
31.3442 	EXP 	text_14: text = 'posc_negs'
31.3442 	EXP 	text_2: autoDraw = True
31.8361 	EXP 	surround_grating: autoDraw = True
31.8361 	EXP 	center_grating: autoDraw = True
31.8406 	EXP 	text_2: autoDraw = False
31.9072 	EXP 	surround_grating: autoDraw = False
31.9072 	EXP 	center_grating: autoDraw = False
31.9072 	EXP 	text_3: autoDraw = True
31.9361 	EXP 	text_14: autoDraw = True
34.0627 	DATA 	Keypress: right
34.0695 	INFO 	Keyboard events cleared
34.0693 	EXP 	surround_grating: autoDraw = False
34.0693 	EXP 	center_grating: autoDraw = False
34.0693 	EXP 	text_2: autoDraw = False
34.0693 	EXP 	text_3: autoDraw = False
34.0693 	EXP 	text_14: autoDraw = False
34.0693 	EXP 	surround_grating: ori = 20.0
34.0693 	EXP 	center_grating: ori = -10.0
34.0693 	EXP 	text_14: height = 0.05
34.0693 	EXP 	text_14: height = 0.05
34.0693 	EXP 	text_14: height = 0.05
34.0693 	EXP 	text_14: text = 'negc_negs'
34.0693 	EXP 	text_2: autoDraw = True
34.5577 	EXP 	surround_grating: autoDraw = True
34.5577 	EXP 	center_grating: autoDraw = True
34.5577 	EXP 	text_2: autoDraw = False
34.6361 	EXP 	surround_grating: autoDraw = False
34.6361 	EXP 	center_grating: autoDraw = False
34.6361 	EXP 	text_3: autoDraw = True
34.6572 	EXP 	text_14: autoDraw = True
35.9790 	DATA 	Keypress: left
35.9863 	INFO 	Keyboard events cleared
35.9861 	EXP 	surround_grating: autoDraw = False
35.9861 	EXP 	center_grating: autoDraw = False
35.9861 	EXP 	text_2: autoDraw = False
35.9861 	EXP 	text_3: autoDraw = False
35.9861 	EXP 	text_14: autoDraw = False
35.9861 	EXP 	surround_grating: ori = 40.0
35.9861 	EXP 	center_grating: ori = 10.0
35.9861 	EXP 	text_14: height = 0.05
35.9861 	EXP 	text_14: height = 0.05
35.9861 	EXP 	text_14: height = 0.05
35.9861 	EXP 	text_14: text = 'posc_noss'
35.9861 	EXP 	text_2: autoDraw = True
36.4744 	EXP 	surround_grating: autoDraw = True
36.4744 	EXP 	center_grating: autoDraw = True
36.4744 	EXP 	text_2: autoDraw = False
36.5527 	EXP 	surround_grating: autoDraw = False
36.5527 	EXP 	center_grating: autoDraw = False
36.5527 	EXP 	text_3: autoDraw = True
36.5739 	EXP 	text_14: autoDraw = True
37.6966 	DATA 	Keypress: right
37.7029 	INFO 	Keyboard events cleared
37.7027 	EXP 	surround_grating: autoDraw = False
37.7027 	EXP 	center_grating: autoDraw = False
37.7027 	EXP 	text_2: autoDraw = False
37.7027 	EXP 	text_3: autoDraw = False
37.7027 	EXP 	text_14: autoDraw = False
37.7027 	EXP 	surround_grating: ori = 20.0
37.7027 	EXP 	center_grating: ori = -10.0
37.7027 	EXP 	text_14: height = 0.05
37.7027 	EXP 	text_14: height = 0.05
37.7027 	EXP 	text_14: height = 0.05
37.7027 	EXP 	text_14: text = 'negc_poss'
37.7027 	EXP 	text_2: autoDraw = True
38.1910 	EXP 	surround_grating: autoDraw = True
38.1910 	EXP 	center_grating: autoDraw = True
38.1910 	EXP 	text_2: autoDraw = False
38.2694 	EXP 	surround_grating: autoDraw = False
38.2694 	EXP 	center_grating: autoDraw = False
38.2694 	EXP 	text_3: autoDraw = True
38.2906 	EXP 	text_14: autoDraw = True
40.1257 	DATA 	Keypress: left
40.1284 	INFO 	Keyboard events cleared
40.1281 	EXP 	surround_grating: autoDraw = False
40.1281 	EXP 	center_grating: autoDraw = False
40.1281 	EXP 	text_2: autoDraw = False
40.1281 	EXP 	text_3: autoDraw = False
40.1281 	EXP 	text_14: autoDraw = False
40.1281 	EXP 	surround_grating: ori = 40.0
40.1281 	EXP 	center_grating: ori = 10.0
40.1281 	EXP 	text_14: height = 0.05
40.1281 	EXP 	text_14: height = 0.05
40.1281 	EXP 	text_14: height = 0.05
40.1281 	EXP 	text_14: text = 'posc_negs'
40.1281 	EXP 	text_2: autoDraw = True
40.6194 	EXP 	surround_grating: autoDraw = True
40.6194 	EXP 	center_grating: autoDraw = True
40.6240 	EXP 	text_2: autoDraw = False
40.6908 	EXP 	surround_grating: autoDraw = False
40.6908 	EXP 	center_grating: autoDraw = False
40.6908 	EXP 	text_3: autoDraw = True
40.7193 	EXP 	text_14: autoDraw = True
42.3583 	DATA 	Keypress: right
42.3608 	INFO 	Keyboard events cleared
42.3606 	EXP 	surround_grating: autoDraw = False
42.3606 	EXP 	center_grating: autoDraw = False
42.3606 	EXP 	text_2: autoDraw = False
42.3606 	EXP 	text_3: autoDraw = False
42.3606 	EXP 	text_14: autoDraw = False
42.3606 	EXP 	surround_grating: ori = 20.0
42.3606 	EXP 	center_grating: ori = -10.0
42.3606 	EXP 	text_14: height = 0.05
42.3606 	EXP 	text_14: height = 0.05
42.3606 	EXP 	text_14: height = 0.05
42.3606 	EXP 	text_14: text = 'negc_noss'
42.3606 	EXP 	text_2: autoDraw = True
42.8526 	EXP 	surround_grating: autoDraw = True
42.8526 	EXP 	center_grating: autoDraw = True
42.8572 	EXP 	text_2: autoDraw = False
42.9237 	EXP 	surround_grating: autoDraw = False
42.9237 	EXP 	center_grating: autoDraw = False
42.9237 	EXP 	text_3: autoDraw = True
42.9527 	EXP 	text_14: autoDraw = True
43.8422 	DATA 	Keypress: left
43.8449 	INFO 	Keyboard events cleared
43.8446 	EXP 	surround_grating: autoDraw = False
43.8446 	EXP 	center_grating: autoDraw = False
43.8446 	EXP 	text_2: autoDraw = False
43.8446 	EXP 	text_3: autoDraw = False
43.8446 	EXP 	text_14: autoDraw = False
43.8446 	EXP 	surround_grating: ori = 40.0
43.8446 	EXP 	center_grating: ori = 10.0
43.8446 	EXP 	text_14: height = 0.05
43.8446 	EXP 	text_14: height = 0.05
43.8446 	EXP 	text_14: height = 0.05
43.8446 	EXP 	text_14: text = 'posc_poss'
43.8446 	EXP 	text_2: autoDraw = True
44.3361 	EXP 	surround_grating: autoDraw = True
44.3361 	EXP 	center_grating: autoDraw = True
44.3407 	EXP 	text_2: autoDraw = False
44.4072 	EXP 	surround_grating: autoDraw = False
44.4072 	EXP 	center_grating: autoDraw = False
44.4072 	EXP 	text_3: autoDraw = True
44.4360 	EXP 	text_14: autoDraw = True
46.2123 	DATA 	Keypress: right
46.2195 	INFO 	Keyboard events cleared
46.2193 	EXP 	surround_grating: autoDraw = False
46.2193 	EXP 	center_grating: autoDraw = False
46.2193 	EXP 	text_2: autoDraw = False
46.2193 	EXP 	text_3: autoDraw = False
46.2193 	EXP 	text_14: autoDraw = False
46.2193 	EXP 	surround_grating: ori = 25.0
46.2193 	EXP 	center_grating: ori = -5.0
46.2193 	EXP 	text_14: height = 0.05
46.2193 	EXP 	text_14: height = 0.05
46.2193 	EXP 	text_14: height = 0.05
46.2193 	EXP 	text_14: text = 'negc_noss'
46.2193 	EXP 	text_2: autoDraw = True
46.7075 	EXP 	surround_grating: autoDraw = True
46.7075 	EXP 	center_grating: autoDraw = True
46.7075 	EXP 	text_2: autoDraw = False
46.7861 	EXP 	surround_grating: autoDraw = False
46.7861 	EXP 	center_grating: autoDraw = False
46.7861 	EXP 	text_3: autoDraw = True
46.8071 	EXP 	text_14: autoDraw = True
47.5419 	DATA 	Keypress: left
47.5445 	INFO 	Keyboard events cleared
47.5442 	EXP 	surround_grating: autoDraw = False
47.5442 	EXP 	center_grating: autoDraw = False
47.5442 	EXP 	text_2: autoDraw = False
47.5442 	EXP 	text_3: autoDraw = False
47.5442 	EXP 	text_14: autoDraw = False
47.5442 	EXP 	surround_grating: ori = 35.0
47.5442 	EXP 	center_grating: ori = 5.0
47.5442 	EXP 	text_14: height = 0.05
47.5442 	EXP 	text_14: height = 0.05
47.5442 	EXP 	text_14: height = 0.05
47.5442 	EXP 	text_14: text = 'posc_poss'
47.5442 	EXP 	text_2: autoDraw = True
48.0361 	EXP 	surround_grating: autoDraw = True
48.0361 	EXP 	center_grating: autoDraw = True
48.0415 	EXP 	text_2: autoDraw = False
48.1075 	EXP 	surround_grating: autoDraw = False
48.1075 	EXP 	center_grating: autoDraw = False
48.1075 	EXP 	text_3: autoDraw = True
48.1361 	EXP 	text_14: autoDraw = True
49.1585 	DATA 	Keypress: right
49.1610 	INFO 	Keyboard events cleared
49.1607 	EXP 	surround_grating: autoDraw = False
49.1607 	EXP 	center_grating: autoDraw = False
49.1607 	EXP 	text_2: autoDraw = False
49.1607 	EXP 	text_3: autoDraw = False
49.1607 	EXP 	text_14: autoDraw = False
49.1607 	EXP 	surround_grating: ori = 35.0
49.1607 	EXP 	center_grating: ori = 5.0
49.1607 	EXP 	text_14: height = 0.05
49.1607 	EXP 	text_14: height = 0.05
49.1607 	EXP 	text_14: height = 0.05
49.1607 	EXP 	text_14: text = 'posc_negs'
49.1607 	EXP 	text_2: autoDraw = True
49.6527 	EXP 	surround_grating: autoDraw = True
49.6527 	EXP 	center_grating: autoDraw = True
49.6574 	EXP 	text_2: autoDraw = False
49.7238 	EXP 	surround_grating: autoDraw = False
49.7238 	EXP 	center_grating: autoDraw = False
49.7238 	EXP 	text_3: autoDraw = True
49.7527 	EXP 	text_14: autoDraw = True
50.8084 	DATA 	Keypress: right
50.8109 	INFO 	Keyboard events cleared
50.8107 	EXP 	surround_grating: autoDraw = False
50.8107 	EXP 	center_grating: autoDraw = False
50.8107 	EXP 	text_2: autoDraw = False
50.8107 	EXP 	text_3: autoDraw = False
50.8107 	EXP 	text_14: autoDraw = False
50.8107 	EXP 	surround_grating: ori = 25.0
50.8107 	EXP 	center_grating: ori = -5.0
50.8107 	EXP 	text_14: height = 0.05
50.8107 	EXP 	text_14: height = 0.05
50.8107 	EXP 	text_14: height = 0.05
50.8107 	EXP 	text_14: text = 'negc_poss'
50.8107 	EXP 	text_2: autoDraw = True
51.3027 	EXP 	surround_grating: autoDraw = True
51.3027 	EXP 	center_grating: autoDraw = True
51.3074 	EXP 	text_2: autoDraw = False
51.3744 	EXP 	surround_grating: autoDraw = False
51.3744 	EXP 	center_grating: autoDraw = False
51.3744 	EXP 	text_3: autoDraw = True
51.4026 	EXP 	text_14: autoDraw = True
52.9935 	DATA 	Keypress: left
52.9967 	INFO 	Keyboard events cleared
52.9964 	EXP 	surround_grating: autoDraw = False
52.9964 	EXP 	center_grating: autoDraw = False
52.9964 	EXP 	text_2: autoDraw = False
52.9964 	EXP 	text_3: autoDraw = False
52.9964 	EXP 	text_14: autoDraw = False
52.9964 	EXP 	surround_grating: ori = 35.0
52.9964 	EXP 	center_grating: ori = 5.0
52.9964 	EXP 	text_14: height = 0.05
52.9964 	EXP 	text_14: height = 0.05
52.9964 	EXP 	text_14: height = 0.05
52.9964 	EXP 	text_14: text = 'posc_noss'
52.9964 	EXP 	text_2: autoDraw = True
53.4861 	EXP 	surround_grating: autoDraw = True
53.4861 	EXP 	center_grating: autoDraw = True
53.4910 	EXP 	text_2: autoDraw = False
53.5580 	EXP 	surround_grating: autoDraw = False
53.5580 	EXP 	center_grating: autoDraw = False
53.5580 	EXP 	text_3: autoDraw = True
53.5864 	EXP 	text_14: autoDraw = True
54.2251 	DATA 	Keypress: right
54.2276 	INFO 	Keyboard events cleared
54.2273 	EXP 	surround_grating: autoDraw = False
54.2273 	EXP 	center_grating: autoDraw = False
54.2273 	EXP 	text_2: autoDraw = False
54.2273 	EXP 	text_3: autoDraw = False
54.2273 	EXP 	text_14: autoDraw = False
54.2273 	EXP 	surround_grating: ori = 25.0
54.2273 	EXP 	center_grating: ori = -5.0
54.2273 	EXP 	text_14: height = 0.05
54.2273 	EXP 	text_14: height = 0.05
54.2273 	EXP 	text_14: height = 0.05
54.2273 	EXP 	text_14: text = 'negc_negs'
54.2273 	EXP 	text_2: autoDraw = True
54.7194 	EXP 	surround_grating: autoDraw = True
54.7194 	EXP 	center_grating: autoDraw = True
54.7240 	EXP 	text_2: autoDraw = False
54.7907 	EXP 	surround_grating: autoDraw = False
54.7907 	EXP 	center_grating: autoDraw = False
54.7907 	EXP 	text_3: autoDraw = True
54.8193 	EXP 	text_14: autoDraw = True
57.9581 	DATA 	Keypress: left
57.9606 	INFO 	Keyboard events cleared
57.9604 	EXP 	surround_grating: autoDraw = False
57.9604 	EXP 	center_grating: autoDraw = False
57.9604 	EXP 	text_2: autoDraw = False
57.9604 	EXP 	text_3: autoDraw = False
57.9604 	EXP 	text_14: autoDraw = False
57.9604 	EXP 	surround_grating: ori = 30.0
57.9604 	EXP 	center_grating: ori = 0.0
57.9604 	EXP 	text_14: height = 0.05
57.9604 	EXP 	text_14: height = 0.05
57.9604 	EXP 	text_14: height = 0.05
57.9604 	EXP 	text_14: text = 'negc_noss'
57.9604 	EXP 	text_2: autoDraw = True
58.4526 	EXP 	surround_grating: autoDraw = True
58.4526 	EXP 	center_grating: autoDraw = True
58.4570 	EXP 	text_2: autoDraw = False
58.5235 	EXP 	surround_grating: autoDraw = False
58.5235 	EXP 	center_grating: autoDraw = False
58.5235 	EXP 	text_3: autoDraw = True
58.5527 	EXP 	text_14: autoDraw = True
60.9095 	DATA 	Keypress: left
60.9123 	INFO 	Keyboard events cleared
60.9120 	EXP 	surround_grating: autoDraw = False
60.9120 	EXP 	center_grating: autoDraw = False
60.9120 	EXP 	text_2: autoDraw = False
60.9120 	EXP 	text_3: autoDraw = False
60.9120 	EXP 	text_14: autoDraw = False
60.9120 	EXP 	surround_grating: ori = 30.0
60.9120 	EXP 	center_grating: ori = 0.0
60.9120 	EXP 	text_14: height = 0.05
60.9120 	EXP 	text_14: height = 0.05
60.9120 	EXP 	text_14: height = 0.05
60.9120 	EXP 	text_14: text = 'negc_poss'
60.9120 	EXP 	text_2: autoDraw = True
61.4027 	EXP 	surround_grating: autoDraw = True
61.4027 	EXP 	center_grating: autoDraw = True
61.4073 	EXP 	text_2: autoDraw = False
61.4743 	EXP 	surround_grating: autoDraw = False
61.4743 	EXP 	center_grating: autoDraw = False
61.4743 	EXP 	text_3: autoDraw = True
61.5026 	EXP 	text_14: autoDraw = True
64.3917 	DATA 	Keypress: left
64.3943 	INFO 	Keyboard events cleared
64.3940 	EXP 	surround_grating: autoDraw = False
64.3940 	EXP 	center_grating: autoDraw = False
64.3940 	EXP 	text_2: autoDraw = False
64.3940 	EXP 	text_3: autoDraw = False
64.3940 	EXP 	text_14: autoDraw = False
64.3940 	EXP 	surround_grating: ori = 30.0
64.3940 	EXP 	center_grating: ori = 0.0
64.3940 	EXP 	text_14: height = 0.05
64.3940 	EXP 	text_14: height = 0.05
64.3940 	EXP 	text_14: height = 0.05
64.3940 	EXP 	text_14: text = 'negc_negs'
64.3940 	EXP 	text_2: autoDraw = True
64.8860 	EXP 	surround_grating: autoDraw = True
64.8860 	EXP 	center_grating: autoDraw = True
64.8906 	EXP 	text_2: autoDraw = False
64.9568 	EXP 	surround_grating: autoDraw = False
64.9568 	EXP 	center_grating: autoDraw = False
64.9568 	EXP 	text_3: autoDraw = True
64.9859 	EXP 	text_14: autoDraw = True
73.7747 	DATA 	Keypress: escape
73.9896 	DATA 	Keypress: escape
74.0716 	EXP 	tilt_staircase: status = STOPPED
74.0739 	EXP 	text_3: autoDraw = False
74.0739 	EXP 	text_14: autoDraw = False
74.0755 	EXP 	tilt_staircase: status = STOPPED
74.0871 	INFO 	saved data to '/Users/bwinsto2/Downloads/data/233325_tilt_staircase_2025-08-14_13h13.10.359.csv'
74.0897 	INFO 	saved data to /Users/bwinsto2/Downloads/data/233325_tilt_staircase_2025-08-14_13h13.10.359.psydat
74.5220 	DEBUG 	Saving data for tilt_staircase ExperimentHandler
