5.2964 	INFO 	Loaded monitor calibration from ['2025_08_13 14:32']
5.4980 	EXP 	Created window1 = Window(allowGUI=True, allowStencil=False, autoLog=True, backendConf=UNKNOWN, backgroundFit=<method-wrapper '__getattribute__' of attributeSetter object at 0x7fba19c07af0>, backgroundImage=<method-wrapper '__getattribute__' of attributeSetter object at 0x7fba19c07a00>, bitsMode=UNKNOWN, blendMode='avg', bpc=(8, 8, 8), color=array([0, 0, 0]), colorSpace='rgb', depthBits=8, fullscr=False, gamma=None, gammaErrorPolicy='raise', infoMsg=UNKNOWN, lms=UNKNOWN, monitor=<psychopy.monitors.calibTools.Monitor object at 0x7fba18cfb490>, multiSample=False, name='window1', numSamples=2, pos=[320.0, 150.0], screen=0, size=array([1600, 1200]), stencilBits=0, stereo=False, title='PsychoPy', units='height', useFBO=True, useRetina=True, viewOri=0.0, viewPos=None, viewScale=None, waitBlanking=True, winType='pyglet')
5.4981 	EXP 	window1: backgroundImage = ''
5.4981 	EXP 	window1: backgroundFit = 'none'
5.5072 	DEBUG 	TextBox2 loaded 1 chars with 0 blanks and 1 valid
5.5080 	DEBUG 	TextBox2 loaded 1 chars with 0 blanks and 1 valid
5.5087 	DEBUG 	TextBox2 loaded 1 chars with 0 blanks and 1 valid
5.5096 	DEBUG 	TextBox2 loaded 1 chars with 0 blanks and 1 valid
5.5105 	DEBUG 	TextBox2 loaded 1 chars with 0 blanks and 1 valid
5.5110 	DEBUG 	TextBox2 loaded 1 chars with 0 blanks and 1 valid
5.5117 	DEBUG 	TextBox2 loaded 1 chars with 0 blanks and 1 valid
5.5126 	DEBUG 	TextBox2 loaded 1 chars with 0 blanks and 1 valid
5.5130 	DEBUG 	TextBox2 loaded 1 chars with 0 blanks and 1 valid
5.5133 	DEBUG 	TextBox2 loaded 1 chars with 0 blanks and 1 valid
5.5141 	DEBUG 	TextBox2 loaded 1 chars with 0 blanks and 1 valid
5.5147 	DEBUG 	TextBox2 loaded 1 chars with 0 blanks and 1 valid
5.5154 	DEBUG 	TextBox2 loaded 1 chars with 0 blanks and 1 valid
5.5161 	DEBUG 	TextBox2 loaded 1 chars with 0 blanks and 1 valid
5.5168 	DEBUG 	TextBox2 loaded 1 chars with 0 blanks and 1 valid
5.5175 	DEBUG 	TextBox2 loaded 1 chars with 0 blanks and 1 valid
5.5182 	DEBUG 	TextBox2 loaded 1 chars with 0 blanks and 1 valid
5.5186 	DEBUG 	TextBox2 loaded 1 chars with 0 blanks and 1 valid
5.5191 	DEBUG 	TextBox2 loaded 1 chars with 0 blanks and 1 valid
5.5200 	DEBUG 	TextBox2 loaded 1 chars with 0 blanks and 1 valid
5.5205 	DEBUG 	TextBox2 loaded 1 chars with 0 blanks and 1 valid
5.5207 	DEBUG 	Uploading Texture Font fontname to graphics card
5.5246 	DEBUG 	Upload of Texture Font fontname complete
5.5304 	DEBUG 	TextBox2 loaded 1 chars with 0 blanks and 1 valid
5.5314 	DEBUG 	TextBox2 loaded 1 chars with 0 blanks and 1 valid
5.5323 	DEBUG 	TextBox2 loaded 1 chars with 0 blanks and 1 valid
5.5324 	DEBUG 	Uploading Texture Font fontname to graphics card
5.5347 	DEBUG 	Upload of Texture Font fontname complete
5.5363 	EXP 	window1: Attempting to measure frame rate of screen (0) ...
5.5363 	EXP 	window1: recordFrameIntervals = False
5.7309 	EXP 	window1: recordFrameIntervals = True
6.5702 	WARNING 	Couldn't measure a consistent frame rate!
  - Is your graphics card set to sync to vertical blank?
  - Are you running other processes on your computer?

6.5790 	DEBUG 	TextBox2 loaded 1 chars with 0 blanks and 1 valid
6.5800 	DEBUG 	TextBox2 loaded 1 chars with 0 blanks and 1 valid
6.5812 	DEBUG 	TextBox2 loaded 1 chars with 0 blanks and 1 valid
6.5827 	DEBUG 	TextBox2 loaded 1 chars with 0 blanks and 1 valid
6.5844 	DEBUG 	TextBox2 loaded 1 chars with 0 blanks and 1 valid
6.5860 	DEBUG 	TextBox2 loaded 1 chars with 0 blanks and 1 valid
6.5870 	DEBUG 	TextBox2 loaded 1 chars with 0 blanks and 1 valid
6.5883 	DEBUG 	TextBox2 loaded 1 chars with 0 blanks and 1 valid
6.5896 	DEBUG 	TextBox2 loaded 1 chars with 0 blanks and 1 valid
6.5909 	DEBUG 	TextBox2 loaded 1 chars with 0 blanks and 1 valid
6.5912 	DEBUG 	Uploading Texture Font fontname to graphics card
6.5946 	DEBUG 	Upload of Texture Font fontname complete
6.6155 	WARNING 	launchHubServer: If using the iohub mouse or eyetracker devices, fullScr should be True.
9.9949 	INFO 	keyboard.Keyboard is using iohub backend.
9.9949 	INFO 	keyboard.Keyboard is using iohub backend.
9.9949 	INFO 	keyboard.Keyboard is using iohub backend.
9.9949 	INFO 	keyboard.Keyboard is using iohub backend.
9.9950 	INFO 	keyboard.Keyboard is using iohub backend.
9.9950 	INFO 	keyboard.Keyboard is using iohub backend.
9.9950 	INFO 	keyboard.Keyboard is using iohub backend.
9.9950 	INFO 	keyboard.Keyboard is using iohub backend.
9.9950 	INFO 	keyboard.Keyboard is using iohub backend.
9.9951 	INFO 	keyboard.Keyboard is using iohub backend.
9.9951 	EXP 	tilt_staircase: status = STARTED
10.0400 	EXP 	Created text_5 = TextStim(__class__=<class 'psychopy.visual.text.TextStim'>, alignHoriz=method-wrapper(...), alignText='center', alignVert=method-wrapper(...), anchorHoriz='center', anchorVert='center', antialias=True, autoDraw=False, autoLog=True, bold=False, color=array([1., 1., 1.]), colorSpace='rgb', contrast=1.0, depth=0.0, draggable=False, flipHoriz=False, flipVert=False, font='Arial', fontFiles=[], height=0.05, italic=False, languageStyle='LTR', name='text_5', opacity=1, ori=0.0, pos=array([0., 0.]), rgb=UNKNOWN, text=str(...), units='height', win=Window(...), wrapWidth=1)
10.0469 	EXP 	Created text_6 = TextStim(__class__=<class 'psychopy.visual.text.TextStim'>, alignHoriz=method-wrapper(...), alignText='center', alignVert=method-wrapper(...), anchorHoriz='center', anchorVert='center', antialias=True, autoDraw=False, autoLog=True, bold=False, color=array([1., 1., 1.]), colorSpace='rgb', contrast=1.0, depth=0.0, draggable=False, flipHoriz=False, flipVert=False, font='Arial', fontFiles=[], height=0.05, italic=False, languageStyle='LTR', name='text_6', opacity=1, ori=0.0, pos=array([0., 0.]), rgb=UNKNOWN, text=str(...), units='height', win=Window(...), wrapWidth=1)
10.0491 	EXP 	Created surround_practice = GratingStim(__class__=<class 'psychopy.visual.grating.GratingStim'>, anchor='center', autoDraw=False, autoLog=True, blendmode='avg', color=array([1., 1., 1.]), colorSpace='rgb', contrast=1.0, depth=0.0, draggable=False, interpolate=True, mask='circle', maskParams=None, name='surround_practice', opacity=1, ori=1.0, phase=array([0., 0.]), pos=array([0., 0.]), rgbPedestal=array([0., 0., 0.]), sf=array([1.5, 1.5]), size=array([6., 6.]), tex='sin', texRes=128.0, units='deg', win=Window(...))
10.0506 	EXP 	Created center_practice = GratingStim(__class__=<class 'psychopy.visual.grating.GratingStim'>, anchor='center', autoDraw=False, autoLog=True, blendmode='avg', color=array([1., 1., 1.]), colorSpace='rgb', contrast=1.0, depth=-1.0, draggable=False, interpolate=True, mask='circle', maskParams=None, name='center_practice', opacity=1, ori=1.0, phase=array([0., 0.]), pos=array([0., 0.]), rgbPedestal=array([0., 0., 0.]), sf=array([1.5, 1.5]), size=array([2., 2.]), tex='sin', texRes=128.0, units='deg', win=Window(...))
10.0523 	EXP 	Created text_9 = TextStim(__class__=<class 'psychopy.visual.text.TextStim'>, alignHoriz=method-wrapper(...), alignText='center', alignVert=method-wrapper(...), anchorHoriz='center', anchorVert='center', antialias=True, autoDraw=False, autoLog=True, bold=False, color=array([1., 1., 1.]), colorSpace='rgb', contrast=1.0, depth=-3.0, draggable=False, flipHoriz=False, flipVert=False, font='Arial', fontFiles=[], height=0.05, italic=False, languageStyle='LTR', name='text_9', opacity=1, ori=0.0, pos=array([0., 0.]), rgb=UNKNOWN, text='+', units='height', win=Window(...), wrapWidth=1)
10.0557 	EXP 	Created text_11 = TextStim(__class__=<class 'psychopy.visual.text.TextStim'>, alignHoriz=method-wrapper(...), alignText='center', alignVert=method-wrapper(...), anchorHoriz='center', anchorVert='center', antialias=True, autoDraw=False, autoLog=True, bold=False, color=array([1., 1., 1.]), colorSpace='rgb', contrast=1.0, depth=-4.0, draggable=False, flipHoriz=False, flipVert=False, font='Arial', fontFiles=[], height=0.05, italic=False, languageStyle='LTR', name='text_11', opacity=1, ori=0.0, pos=array([0., 0.]), rgb=UNKNOWN, text=str(...), units='height', win=Window(...), wrapWidth=1)
10.0562 	EXP 	Created text_7 = TextStim(__class__=<class 'psychopy.visual.text.TextStim'>, alignHoriz=method-wrapper(...), alignText='center', alignVert=method-wrapper(...), anchorHoriz='center', anchorVert='center', antialias=True, autoDraw=False, autoLog=True, bold=False, color=array([1., 1., 1.]), colorSpace='rgb', contrast=1.0, depth=-1.0, draggable=False, flipHoriz=False, flipVert=False, font='Arial', fontFiles=[], height=0.05, italic=False, languageStyle='LTR', name='text_7', opacity=1, ori=0.0, pos=array([0., 0.]), rgb=UNKNOWN, text='', units='height', win=Window(...), wrapWidth=1)
10.0600 	EXP 	Created text_8 = TextStim(__class__=<class 'psychopy.visual.text.TextStim'>, alignHoriz=method-wrapper(...), alignText='center', alignVert=method-wrapper(...), anchorHoriz='center', anchorVert='center', antialias=True, autoDraw=False, autoLog=True, bold=False, color=array([1., 1., 1.]), colorSpace='rgb', contrast=1.0, depth=0.0, draggable=False, flipHoriz=False, flipVert=False, font='Arial', fontFiles=[], height=0.05, italic=False, languageStyle='LTR', name='text_8', opacity=1, ori=0.0, pos=array([0., 0.]), rgb=UNKNOWN, text=str(...), units='height', win=Window(...), wrapWidth=1)
10.0615 	EXP 	Created surround_practice_2 = GratingStim(__class__=<class 'psychopy.visual.grating.GratingStim'>, anchor='center', autoDraw=False, autoLog=True, blendmode='avg', color=array([1., 1., 1.]), colorSpace='rgb', contrast=1.0, depth=0.0, draggable=False, interpolate=True, mask='circle', maskParams=None, name='surround_practice_2', opacity=1, ori=1.0, phase=array([0., 0.]), pos=array([0., 0.]), rgbPedestal=array([0., 0., 0.]), sf=array([1.5, 1.5]), size=array([6., 6.]), tex='sin', texRes=128.0, units='deg', win=Window(...))
10.0629 	EXP 	Created center_practice_2 = GratingStim(__class__=<class 'psychopy.visual.grating.GratingStim'>, anchor='center', autoDraw=False, autoLog=True, blendmode='avg', color=array([1., 1., 1.]), colorSpace='rgb', contrast=1.0, depth=-1.0, draggable=False, interpolate=True, mask='circle', maskParams=None, name='center_practice_2', opacity=1, ori=1.0, phase=array([0., 0.]), pos=array([0., 0.]), rgbPedestal=array([0., 0., 0.]), sf=array([1.5, 1.5]), size=array([2., 2.]), tex='sin', texRes=128.0, units='deg', win=Window(...))
10.0640 	EXP 	Created text_10 = TextStim(__class__=<class 'psychopy.visual.text.TextStim'>, alignHoriz=method-wrapper(...), alignText='center', alignVert=method-wrapper(...), anchorHoriz='center', anchorVert='center', antialias=True, autoDraw=False, autoLog=True, bold=False, color=array([1., 1., 1.]), colorSpace='rgb', contrast=1.0, depth=-3.0, draggable=False, flipHoriz=False, flipVert=False, font='Arial', fontFiles=[], height=0.05, italic=False, languageStyle='LTR', name='text_10', opacity=1, ori=0.0, pos=array([0., 0.]), rgb=UNKNOWN, text='+', units='height', win=Window(...), wrapWidth=1)
10.0665 	EXP 	Created text_12 = TextStim(__class__=<class 'psychopy.visual.text.TextStim'>, alignHoriz=method-wrapper(...), alignText='center', alignVert=method-wrapper(...), anchorHoriz='center', anchorVert='center', antialias=True, autoDraw=False, autoLog=True, bold=False, color=array([1., 1., 1.]), colorSpace='rgb', contrast=1.0, depth=-4.0, draggable=False, flipHoriz=False, flipVert=False, font='Arial', fontFiles=[], height=0.05, italic=False, languageStyle='LTR', name='text_12', opacity=1, ori=0.0, pos=array([0., 0.]), rgb=UNKNOWN, text=str(...), units='height', win=Window(...), wrapWidth=1)
10.0670 	EXP 	Created text_7 = TextStim(__class__=<class 'psychopy.visual.text.TextStim'>, alignHoriz=method-wrapper(...), alignText='center', alignVert=method-wrapper(...), anchorHoriz='center', anchorVert='center', antialias=True, autoDraw=False, autoLog=True, bold=False, color=array([1., 1., 1.]), colorSpace='rgb', contrast=1.0, depth=-1.0, draggable=False, flipHoriz=False, flipVert=False, font='Arial', fontFiles=[], height=0.05, italic=False, languageStyle='LTR', name='text_7', opacity=1, ori=0.0, pos=array([0., 0.]), rgb=UNKNOWN, text='', units='height', win=Window(...), wrapWidth=1)
10.0714 	EXP 	Created text_13 = TextStim(__class__=<class 'psychopy.visual.text.TextStim'>, alignHoriz=method-wrapper(...), alignText='center', alignVert=method-wrapper(...), anchorHoriz='center', anchorVert='center', antialias=True, autoDraw=False, autoLog=True, bold=False, color=array([1., 1., 1.]), colorSpace='rgb', contrast=1.0, depth=0.0, draggable=False, flipHoriz=False, flipVert=False, font='Arial', fontFiles=[], height=0.05, italic=False, languageStyle='LTR', name='text_13', opacity=1, ori=0.0, pos=array([0., 0.]), rgb=UNKNOWN, text=str(...), units='height', win=Window(...), wrapWidth=1)
10.0728 	EXP 	Created surround_grating = GratingStim(__class__=<class 'psychopy.visual.grating.GratingStim'>, anchor='center', autoDraw=False, autoLog=True, blendmode='avg', color=array([1., 1., 1.]), colorSpace='rgb', contrast=1.0, depth=-1.0, draggable=False, interpolate=True, mask='circle', maskParams=None, name='surround_grating', opacity=1, ori=1.0, phase=array([0., 0.]), pos=array([0., 0.]), rgbPedestal=array([0., 0., 0.]), sf=array([1.5, 1.5]), size=array([6., 6.]), tex='sin', texRes=128.0, units='deg', win=Window(...))
10.0743 	EXP 	Created center_grating = GratingStim(__class__=<class 'psychopy.visual.grating.GratingStim'>, anchor='center', autoDraw=False, autoLog=True, blendmode='avg', color=array([1., 1., 1.]), colorSpace='rgb', contrast=1.0, depth=-2.0, draggable=False, interpolate=True, mask='circle', maskParams=None, name='center_grating', opacity=1, ori=1.0, phase=array([0., 0.]), pos=array([0., 0.]), rgbPedestal=array([0., 0., 0.]), sf=array([1.5, 1.5]), size=array([2., 2.]), tex='sin', texRes=128.0, units='deg', win=Window(...))
10.0754 	EXP 	Created text_2 = TextStim(__class__=<class 'psychopy.visual.text.TextStim'>, alignHoriz=method-wrapper(...), alignText='center', alignVert=method-wrapper(...), anchorHoriz='center', anchorVert='center', antialias=True, autoDraw=False, autoLog=True, bold=False, color=array([1., 1., 1.]), colorSpace='rgb', contrast=1.0, depth=-4.0, draggable=False, flipHoriz=False, flipVert=False, font='Arial', fontFiles=[], height=0.05, italic=False, languageStyle='LTR', name='text_2', opacity=1, ori=0.0, pos=array([0., 0.]), rgb=UNKNOWN, text='+', units='height', win=Window(...), wrapWidth=1)
10.0778 	EXP 	Created text_3 = TextStim(__class__=<class 'psychopy.visual.text.TextStim'>, alignHoriz=method-wrapper(...), alignText='center', alignVert=method-wrapper(...), anchorHoriz='center', anchorVert='center', antialias=True, autoDraw=False, autoLog=True, bold=False, color=array([1., 1., 1.]), colorSpace='rgb', contrast=1.0, depth=-5.0, draggable=False, flipHoriz=False, flipVert=False, font='Arial', fontFiles=[], height=0.05, italic=False, languageStyle='LTR', name='text_3', opacity=1, ori=0.0, pos=array([0., 0.]), rgb=UNKNOWN, text=str(...), units='height', win=Window(...), wrapWidth=1)
10.0796 	EXP 	Created text_4 = TextStim(__class__=<class 'psychopy.visual.text.TextStim'>, alignHoriz=method-wrapper(...), alignText='center', alignVert=method-wrapper(...), anchorHoriz='center', anchorVert='center', antialias=True, autoDraw=False, autoLog=True, bold=False, color=array([1., 1., 1.]), colorSpace='rgb', contrast=1.0, depth=0.0, draggable=False, flipHoriz=False, flipVert=False, font='Arial', fontFiles=[], height=0.05, italic=False, languageStyle='LTR', name='text_4', opacity=1, ori=0.0, pos=array([0., 0.]), rgb=UNKNOWN, text='thank you and have a pleasant day ', units='height', win=Window(...), wrapWidth=1)
0.0248 	INFO 	Keyboard events cleared
0.0246 	EXP 	text_5: autoDraw = True
0.7788 	DATA 	Keypress: space
0.7823 	INFO 	Keyboard events cleared
0.7820 	WARNING 	t of last frame was 42.74ms (=1/23)
0.7820 	EXP 	text_5: autoDraw = False
0.7820 	EXP 	text_6: autoDraw = True
1.1130 	DEBUG 	Read csv file with pandas: tilt_practice_1.csv
1.1139 	DEBUG 	Clearing unnamed columns from tilt_practice_1.csv
1.1143 	EXP 	Imported tilt_practice_1.csv as conditions, 4 conditions, 3 params
1.1147 	EXP 	New trial (rep=0, index=0): <Trial 0 (0 in rep 0) data={'center': 30, 'surround': 0, 'correct': 'right', 'thisN': 0, 'thisTrialN': 0, 'thisRepN': 0}>
1.1217 	DATA 	Keypress: space
1.1248 	INFO 	Keyboard events cleared
1.1244 	EXP 	text_6: autoDraw = False
1.1244 	EXP 	surround_practice: ori = 0.0
1.1244 	EXP 	center_practice: ori = 30.0
1.1244 	EXP 	text_9: autoDraw = True
1.6104 	EXP 	surround_practice: autoDraw = True
1.6104 	EXP 	center_practice: autoDraw = True
1.6104 	EXP 	surround_practice: tex = 'sin'
1.6104 	EXP 	center_practice: tex = 'sin'
1.6177 	EXP 	text_9: autoDraw = False
2.6061 	EXP 	surround_practice: autoDraw = False
2.6061 	EXP 	center_practice: autoDraw = False
2.6061 	EXP 	text_11: autoDraw = True
2.8133 	DATA 	Keypress: right
2.8248 	INFO 	Keyboard events cleared
2.8243 	WARNING 	t of last frame was 56.48ms (=1/17)
2.8243 	EXP 	surround_practice: autoDraw = False
2.8243 	EXP 	center_practice: autoDraw = False
2.8243 	EXP 	text_9: autoDraw = False
2.8243 	EXP 	text_11: autoDraw = False
2.8243 	EXP 	text_7: height = 0.05
2.8243 	EXP 	text_7: height = 0.05
2.8243 	EXP 	text_7: height = 0.05
2.8243 	EXP 	text_7: text = 'Correct. Press Spacebar.'
2.8243 	EXP 	text_7: autoDraw = True
3.8373 	EXP 	New trial (rep=0, index=1): <Trial 1 (1 in rep 0) data={'center': -30, 'surround': 0, 'correct': 'left', 'thisN': 1, 'thisTrialN': 1, 'thisRepN': 0}>
3.8392 	DATA 	Keypress: space
3.8421 	INFO 	Keyboard events cleared
3.8418 	EXP 	text_7: autoDraw = False
3.8418 	EXP 	surround_practice: ori = 0.0
3.8418 	EXP 	center_practice: ori = -30.0
3.8418 	EXP 	text_9: autoDraw = True
4.3344 	EXP 	surround_practice: autoDraw = True
4.3344 	EXP 	center_practice: autoDraw = True
4.3391 	EXP 	text_9: autoDraw = False
4.7776 	DATA 	Keypress: left
4.7847 	INFO 	Keyboard events cleared
4.7845 	EXP 	surround_practice: autoDraw = False
4.7845 	EXP 	center_practice: autoDraw = False
4.7845 	EXP 	text_9: autoDraw = False
4.7845 	EXP 	text_11: autoDraw = False
4.7845 	EXP 	text_7: text = 'Correct. Press Spacebar.'
4.7845 	EXP 	text_7: autoDraw = True
5.2038 	EXP 	New trial (rep=0, index=2): <Trial 2 (2 in rep 0) data={'center': 30, 'surround': 60, 'correct': 'right', 'thisN': 2, 'thisTrialN': 2, 'thisRepN': 0}>
5.2054 	DATA 	Keypress: space
5.2081 	INFO 	Keyboard events cleared
5.2079 	EXP 	text_7: autoDraw = False
5.2079 	EXP 	surround_practice: ori = 60.0
5.2079 	EXP 	center_practice: ori = 30.0
5.2079 	EXP 	text_9: autoDraw = True
5.7012 	EXP 	surround_practice: autoDraw = True
5.7012 	EXP 	center_practice: autoDraw = True
5.7056 	EXP 	text_9: autoDraw = False
6.1049 	DATA 	Keypress: right
6.1075 	INFO 	Keyboard events cleared
6.1072 	EXP 	surround_practice: autoDraw = False
6.1072 	EXP 	center_practice: autoDraw = False
6.1072 	EXP 	text_9: autoDraw = False
6.1072 	EXP 	text_11: autoDraw = False
6.1072 	EXP 	text_7: text = 'Correct. Press Spacebar.'
6.1072 	EXP 	text_7: autoDraw = True
6.4036 	EXP 	New trial (rep=0, index=3): <Trial 3 (3 in rep 0) data={'center': -30, 'surround': -60, 'correct': 'left', 'thisN': 3, 'thisTrialN': 3, 'thisRepN': 0}>
6.4053 	DATA 	Keypress: space
6.4080 	INFO 	Keyboard events cleared
6.4078 	EXP 	text_7: autoDraw = False
6.4078 	EXP 	surround_practice: ori = -60.0
6.4078 	EXP 	center_practice: ori = -30.0
6.4078 	EXP 	text_9: autoDraw = True
6.9013 	EXP 	surround_practice: autoDraw = True
6.9013 	EXP 	center_practice: autoDraw = True
6.9060 	EXP 	text_9: autoDraw = False
7.2936 	DATA 	Keypress: left
7.3014 	INFO 	Keyboard events cleared
7.3012 	EXP 	surround_practice: autoDraw = False
7.3012 	EXP 	center_practice: autoDraw = False
7.3012 	EXP 	text_9: autoDraw = False
7.3012 	EXP 	text_11: autoDraw = False
7.3012 	EXP 	text_7: text = 'Correct. Press Spacebar.'
7.3012 	EXP 	text_7: autoDraw = True
7.4770 	DATA 	Keypress: space
7.4847 	INFO 	Keyboard events cleared
7.4845 	EXP 	text_7: autoDraw = False
7.4845 	EXP 	text_8: autoDraw = True
8.1280 	DEBUG 	Read csv file with pandas: tilt_practice_2.csv
8.1285 	DEBUG 	Clearing unnamed columns from tilt_practice_2.csv
8.1288 	EXP 	Imported tilt_practice_2.csv as conditions, 4 conditions, 3 params
8.1290 	EXP 	New trial (rep=0, index=0): <Trial 0 (0 in rep 0) data={'center': -30, 'surround': -60, 'correct': 'left', 'thisN': 0, 'thisTrialN': 0, 'thisRepN': 0}>
8.1314 	DATA 	Keypress: space
8.1345 	INFO 	Keyboard events cleared
8.1343 	EXP 	text_8: autoDraw = False
8.1343 	EXP 	surround_practice_2: ori = -60.0
8.1343 	EXP 	center_practice_2: ori = -30.0
8.1343 	EXP 	text_10: autoDraw = True
8.6249 	EXP 	surround_practice_2: autoDraw = True
8.6249 	EXP 	center_practice_2: autoDraw = True
8.6249 	EXP 	text_10: autoDraw = False
8.6249 	EXP 	surround_practice_2: tex = 'sin'
8.6249 	EXP 	center_practice_2: tex = 'sin'
8.7012 	EXP 	surround_practice_2: autoDraw = False
8.7012 	EXP 	center_practice_2: autoDraw = False
8.7012 	EXP 	text_12: autoDraw = True
9.0923 	DATA 	Keypress: left
9.1013 	INFO 	Keyboard events cleared
9.1012 	EXP 	surround_practice_2: autoDraw = False
9.1012 	EXP 	center_practice_2: autoDraw = False
9.1012 	EXP 	text_10: autoDraw = False
9.1012 	EXP 	text_12: autoDraw = False
9.1012 	EXP 	text_7: text = 'Correct. Press Spacebar.'
9.1012 	EXP 	text_7: autoDraw = True
9.3094 	DATA 	Keypress: space
9.3201 	EXP 	New trial (rep=0, index=1): <Trial 1 (1 in rep 0) data={'center': -30, 'surround': 0, 'correct': 'left', 'thisN': 1, 'thisTrialN': 1, 'thisRepN': 0}>
9.3227 	INFO 	Keyboard events cleared
9.3225 	EXP 	text_7: autoDraw = False
9.3225 	EXP 	surround_practice_2: ori = 0.0
9.3225 	EXP 	center_practice_2: ori = -30.0
9.3225 	EXP 	text_10: autoDraw = True
9.8178 	EXP 	surround_practice_2: autoDraw = True
9.8178 	EXP 	center_practice_2: autoDraw = True
9.8178 	EXP 	text_10: autoDraw = False
9.8888 	EXP 	surround_practice_2: autoDraw = False
9.8888 	EXP 	center_practice_2: autoDraw = False
9.8888 	EXP 	text_12: autoDraw = True
10.1928 	DATA 	Keypress: left
10.2015 	INFO 	Keyboard events cleared
10.2012 	EXP 	surround_practice_2: autoDraw = False
10.2012 	EXP 	center_practice_2: autoDraw = False
10.2012 	EXP 	text_10: autoDraw = False
10.2012 	EXP 	text_12: autoDraw = False
10.2012 	EXP 	text_7: text = 'Correct. Press Spacebar.'
10.2012 	EXP 	text_7: autoDraw = True
10.3374 	EXP 	New trial (rep=0, index=2): <Trial 2 (2 in rep 0) data={'center': 30, 'surround': 60, 'correct': 'right', 'thisN': 2, 'thisTrialN': 2, 'thisRepN': 0}>
10.3393 	DATA 	Keypress: space
10.3419 	INFO 	Keyboard events cleared
10.3417 	EXP 	text_7: autoDraw = False
10.3417 	EXP 	surround_practice_2: ori = 60.0
10.3417 	EXP 	center_practice_2: ori = 30.0
10.3417 	EXP 	text_10: autoDraw = True
10.8345 	EXP 	surround_practice_2: autoDraw = True
10.8345 	EXP 	center_practice_2: autoDraw = True
10.8389 	EXP 	text_10: autoDraw = False
10.9057 	EXP 	surround_practice_2: autoDraw = False
10.9057 	EXP 	center_practice_2: autoDraw = False
10.9057 	EXP 	text_12: autoDraw = True
11.2887 	DATA 	Keypress: right
11.2914 	INFO 	Keyboard events cleared
11.2911 	EXP 	surround_practice_2: autoDraw = False
11.2911 	EXP 	center_practice_2: autoDraw = False
11.2911 	EXP 	text_10: autoDraw = False
11.2911 	EXP 	text_12: autoDraw = False
11.2911 	EXP 	text_7: text = 'Correct. Press Spacebar.'
11.2911 	EXP 	text_7: autoDraw = True
11.4371 	EXP 	New trial (rep=0, index=3): <Trial 3 (3 in rep 0) data={'center': 30, 'surround': 0, 'correct': 'right', 'thisN': 3, 'thisTrialN': 3, 'thisRepN': 0}>
11.4388 	DATA 	Keypress: space
11.4415 	INFO 	Keyboard events cleared
11.4412 	EXP 	text_7: autoDraw = False
11.4412 	EXP 	surround_practice_2: ori = 0.0
11.4412 	EXP 	center_practice_2: ori = 30.0
11.4412 	EXP 	text_10: autoDraw = True
11.9345 	EXP 	surround_practice_2: autoDraw = True
11.9345 	EXP 	center_practice_2: autoDraw = True
11.9390 	EXP 	text_10: autoDraw = False
12.0062 	EXP 	surround_practice_2: autoDraw = False
12.0062 	EXP 	center_practice_2: autoDraw = False
12.0062 	EXP 	text_12: autoDraw = True
12.3386 	DATA 	Keypress: right
12.3411 	INFO 	Keyboard events cleared
12.3409 	EXP 	surround_practice_2: autoDraw = False
12.3409 	EXP 	center_practice_2: autoDraw = False
12.3409 	EXP 	text_10: autoDraw = False
12.3409 	EXP 	text_12: autoDraw = False
12.3409 	EXP 	text_7: text = 'Correct. Press Spacebar.'
12.3409 	EXP 	text_7: autoDraw = True
12.4897 	DATA 	Keypress: space
12.4924 	INFO 	Keyboard events cleared
12.4922 	EXP 	text_7: autoDraw = False
12.4922 	EXP 	text_13: autoDraw = True
16.0099 	DEBUG 	Read csv file with pandas: tilt_staircase.csv
16.0107 	DEBUG 	Clearing unnamed columns from tilt_staircase.csv
16.0116 	EXP 	Imported tilt_staircase.csv as conditions, 2 conditions, 10 params
16.1013 	DEBUG 	Using /Applications/PsychoPy.app/Contents/Resources/lib/python3.8/psychopy/data/staircase.py as origin file
16.1016 	DEBUG 	Using /Applications/PsychoPy.app/Contents/Resources/lib/python3.8/psychopy/data/staircase.py as origin file
16.1046 	DATA 	Keypress: space
16.1074 	INFO 	Keyboard events cleared
16.1071 	WARNING 	t of last frame was 118.29ms (=1/8)
16.1071 	EXP 	text_13: autoDraw = False
16.1071 	EXP 	surround_grating: ori = 10.0
16.1071 	EXP 	center_grating: ori = -20.0
16.1071 	EXP 	text_2: autoDraw = True
16.1766 	WARNING 	t of last frame was 42.16ms (=1/23)
16.4919 	EXP 	surround_grating: autoDraw = True
16.4919 	EXP 	center_grating: autoDraw = True
16.4919 	EXP 	surround_grating: tex = 'sin'
16.4919 	EXP 	center_grating: tex = 'sin'
16.5677 	EXP 	surround_grating: autoDraw = False
16.5677 	EXP 	center_grating: autoDraw = False
16.5677 	EXP 	text_3: autoDraw = True
16.6056 	EXP 	text_2: autoDraw = False
17.0460 	DATA 	Keypress: left
17.0514 	INFO 	Keyboard events cleared
17.0511 	EXP 	surround_grating: autoDraw = False
17.0511 	EXP 	center_grating: autoDraw = False
17.0511 	EXP 	text_2: autoDraw = False
17.0511 	EXP 	text_3: autoDraw = False
17.0511 	EXP 	surround_grating: ori = 50.0
17.0511 	EXP 	center_grating: ori = 20.0
17.0511 	EXP 	text_2: autoDraw = True
17.5409 	EXP 	surround_grating: autoDraw = True
17.5409 	EXP 	center_grating: autoDraw = True
17.5409 	EXP 	text_2: autoDraw = False
17.6187 	EXP 	surround_grating: autoDraw = False
17.6187 	EXP 	center_grating: autoDraw = False
17.6187 	EXP 	text_3: autoDraw = True
18.3286 	DATA 	Keypress: right
18.3353 	INFO 	Keyboard events cleared
18.3351 	EXP 	surround_grating: autoDraw = False
18.3351 	EXP 	center_grating: autoDraw = False
18.3351 	EXP 	text_2: autoDraw = False
18.3351 	EXP 	text_3: autoDraw = False
18.3351 	EXP 	surround_grating: ori = 15.0
18.3351 	EXP 	center_grating: ori = -15.0
18.3351 	EXP 	text_2: autoDraw = True
18.8225 	EXP 	surround_grating: autoDraw = True
18.8225 	EXP 	center_grating: autoDraw = True
18.8225 	EXP 	text_2: autoDraw = False
18.9011 	EXP 	surround_grating: autoDraw = False
18.9011 	EXP 	center_grating: autoDraw = False
18.9054 	EXP 	text_3: autoDraw = True
19.6387 	DATA 	Keypress: left
19.6413 	INFO 	Keyboard events cleared
19.6410 	EXP 	surround_grating: autoDraw = False
19.6410 	EXP 	center_grating: autoDraw = False
19.6410 	EXP 	text_2: autoDraw = False
19.6410 	EXP 	text_3: autoDraw = False
19.6410 	EXP 	surround_grating: ori = 45.0
19.6410 	EXP 	center_grating: ori = 15.0
19.6410 	EXP 	text_2: autoDraw = True
20.1345 	EXP 	surround_grating: autoDraw = True
20.1345 	EXP 	center_grating: autoDraw = True
20.1390 	EXP 	text_2: autoDraw = False
20.2057 	EXP 	surround_grating: autoDraw = False
20.2057 	EXP 	center_grating: autoDraw = False
20.2057 	EXP 	text_3: autoDraw = True
20.8721 	DATA 	Keypress: right
20.8747 	INFO 	Keyboard events cleared
20.8745 	EXP 	surround_grating: autoDraw = False
20.8745 	EXP 	center_grating: autoDraw = False
20.8745 	EXP 	text_2: autoDraw = False
20.8745 	EXP 	text_3: autoDraw = False
20.8745 	EXP 	surround_grating: ori = 40.0
20.8745 	EXP 	center_grating: ori = 10.0
20.8745 	EXP 	text_2: autoDraw = True
21.3678 	EXP 	surround_grating: autoDraw = True
21.3678 	EXP 	center_grating: autoDraw = True
21.3726 	EXP 	text_2: autoDraw = False
21.4395 	EXP 	surround_grating: autoDraw = False
21.4395 	EXP 	center_grating: autoDraw = False
21.4395 	EXP 	text_3: autoDraw = True
21.9408 	WARNING 	Multiple dropped frames have occurred - I'll stop bothering you about them!
22.1932 	DATA 	Keypress: right
22.2014 	INFO 	Keyboard events cleared
22.2012 	EXP 	surround_grating: autoDraw = False
22.2012 	EXP 	center_grating: autoDraw = False
22.2012 	EXP 	text_2: autoDraw = False
22.2012 	EXP 	text_3: autoDraw = False
22.2012 	EXP 	surround_grating: ori = 20.0
22.2012 	EXP 	center_grating: ori = -10.0
22.2012 	EXP 	text_2: autoDraw = True
22.6895 	EXP 	surround_grating: autoDraw = True
22.6895 	EXP 	center_grating: autoDraw = True
22.6895 	EXP 	text_2: autoDraw = False
22.7678 	EXP 	surround_grating: autoDraw = False
22.7678 	EXP 	center_grating: autoDraw = False
22.7678 	EXP 	text_3: autoDraw = True
23.5221 	DATA 	Keypress: left
23.5247 	INFO 	Keyboard events cleared
23.5244 	EXP 	surround_grating: autoDraw = False
23.5244 	EXP 	center_grating: autoDraw = False
23.5244 	EXP 	text_2: autoDraw = False
23.5244 	EXP 	text_3: autoDraw = False
23.5244 	EXP 	surround_grating: ori = 35.0
23.5244 	EXP 	center_grating: ori = 5.0
23.5244 	EXP 	text_2: autoDraw = True
24.0178 	EXP 	surround_grating: autoDraw = True
24.0178 	EXP 	center_grating: autoDraw = True
24.0225 	EXP 	text_2: autoDraw = False
24.0888 	EXP 	surround_grating: autoDraw = False
24.0888 	EXP 	center_grating: autoDraw = False
24.0888 	EXP 	text_3: autoDraw = True
24.9056 	DATA 	Keypress: right
24.9081 	INFO 	Keyboard events cleared
24.9079 	EXP 	surround_grating: autoDraw = False
24.9079 	EXP 	center_grating: autoDraw = False
24.9079 	EXP 	text_2: autoDraw = False
24.9079 	EXP 	text_3: autoDraw = False
24.9079 	EXP 	surround_grating: ori = 25.0
24.9079 	EXP 	center_grating: ori = -5.0
24.9079 	EXP 	text_2: autoDraw = True
25.4012 	EXP 	surround_grating: autoDraw = True
25.4012 	EXP 	center_grating: autoDraw = True
25.4060 	EXP 	text_2: autoDraw = False
25.4731 	EXP 	surround_grating: autoDraw = False
25.4731 	EXP 	center_grating: autoDraw = False
25.4731 	EXP 	text_3: autoDraw = True
26.0459 	DATA 	Keypress: left
26.0514 	INFO 	Keyboard events cleared
26.0511 	EXP 	surround_grating: autoDraw = False
26.0511 	EXP 	center_grating: autoDraw = False
26.0511 	EXP 	text_2: autoDraw = False
26.0511 	EXP 	text_3: autoDraw = False
26.0511 	EXP 	surround_grating: ori = 30.0
26.0511 	EXP 	center_grating: ori = 0.0
26.0511 	EXP 	text_2: autoDraw = True
26.5393 	EXP 	surround_grating: autoDraw = True
26.5393 	EXP 	center_grating: autoDraw = True
26.5393 	EXP 	text_2: autoDraw = False
26.6177 	EXP 	surround_grating: autoDraw = False
26.6177 	EXP 	center_grating: autoDraw = False
26.6224 	EXP 	text_3: autoDraw = True
28.1268 	DATA 	Keypress: right
28.1346 	INFO 	Keyboard events cleared
28.1344 	EXP 	surround_grating: autoDraw = False
28.1344 	EXP 	center_grating: autoDraw = False
28.1344 	EXP 	text_2: autoDraw = False
28.1344 	EXP 	text_3: autoDraw = False
28.1344 	EXP 	surround_grating: ori = 30.0
28.1344 	EXP 	center_grating: ori = 0.0
28.1344 	EXP 	text_2: autoDraw = True
28.6225 	EXP 	surround_grating: autoDraw = True
28.6225 	EXP 	center_grating: autoDraw = True
28.6225 	EXP 	text_2: autoDraw = False
28.7011 	EXP 	surround_grating: autoDraw = False
28.7011 	EXP 	center_grating: autoDraw = False
28.7011 	EXP 	text_3: autoDraw = True
31.3764 	DATA 	Keypress: right
31.3847 	INFO 	Keyboard events cleared
31.3844 	EXP 	surround_grating: autoDraw = False
31.3844 	EXP 	center_grating: autoDraw = False
31.3844 	EXP 	text_2: autoDraw = False
31.3844 	EXP 	text_3: autoDraw = False
31.3844 	EXP 	surround_grating: ori = 25.0
31.3844 	EXP 	center_grating: ori = -5.0
31.3844 	EXP 	text_2: autoDraw = True
31.8726 	EXP 	surround_grating: autoDraw = True
31.8726 	EXP 	center_grating: autoDraw = True
31.8726 	EXP 	text_2: autoDraw = False
31.9511 	EXP 	surround_grating: autoDraw = False
31.9511 	EXP 	center_grating: autoDraw = False
31.9511 	EXP 	text_3: autoDraw = True
32.6761 	DATA 	Keypress: left
32.6847 	INFO 	Keyboard events cleared
32.6845 	EXP 	surround_grating: autoDraw = False
32.6845 	EXP 	center_grating: autoDraw = False
32.6845 	EXP 	text_2: autoDraw = False
32.6845 	EXP 	text_3: autoDraw = False
32.6845 	EXP 	surround_grating: ori = 28.0
32.6845 	EXP 	center_grating: ori = -2.0
32.6845 	EXP 	text_2: autoDraw = True
33.1726 	EXP 	surround_grating: autoDraw = True
33.1726 	EXP 	center_grating: autoDraw = True
33.1726 	EXP 	text_2: autoDraw = False
33.2511 	EXP 	surround_grating: autoDraw = False
33.2511 	EXP 	center_grating: autoDraw = False
33.2511 	EXP 	text_3: autoDraw = True
33.9725 	DATA 	Keypress: left
33.9750 	INFO 	Keyboard events cleared
33.9748 	EXP 	surround_grating: autoDraw = False
33.9748 	EXP 	center_grating: autoDraw = False
33.9748 	EXP 	text_2: autoDraw = False
33.9748 	EXP 	text_3: autoDraw = False
33.9748 	EXP 	surround_grating: ori = 27.0
33.9748 	EXP 	center_grating: ori = -3.0
33.9748 	EXP 	text_2: autoDraw = True
34.4678 	EXP 	surround_grating: autoDraw = True
34.4678 	EXP 	center_grating: autoDraw = True
34.4722 	EXP 	text_2: autoDraw = False
34.5391 	EXP 	surround_grating: autoDraw = False
34.5391 	EXP 	center_grating: autoDraw = False
34.5391 	EXP 	text_3: autoDraw = True
35.2557 	DATA 	Keypress: left
35.2583 	INFO 	Keyboard events cleared
35.2580 	EXP 	surround_grating: autoDraw = False
35.2580 	EXP 	center_grating: autoDraw = False
35.2580 	EXP 	text_2: autoDraw = False
35.2580 	EXP 	text_3: autoDraw = False
35.2580 	EXP 	surround_grating: ori = 29.0
35.2580 	EXP 	center_grating: ori = -1.0
35.2580 	EXP 	text_2: autoDraw = True
35.7511 	EXP 	surround_grating: autoDraw = True
35.7511 	EXP 	center_grating: autoDraw = True
35.7559 	EXP 	text_2: autoDraw = False
35.8220 	EXP 	surround_grating: autoDraw = False
35.8220 	EXP 	center_grating: autoDraw = False
35.8220 	EXP 	text_3: autoDraw = True
36.5431 	DATA 	Keypress: left
36.5513 	INFO 	Keyboard events cleared
36.5511 	EXP 	surround_grating: autoDraw = False
36.5511 	EXP 	center_grating: autoDraw = False
36.5511 	EXP 	text_2: autoDraw = False
36.5511 	EXP 	text_3: autoDraw = False
36.5511 	EXP 	surround_grating: ori = 29.0
36.5511 	EXP 	center_grating: ori = -1.0
36.5511 	EXP 	text_2: autoDraw = True
37.0393 	EXP 	surround_grating: autoDraw = True
37.0393 	EXP 	center_grating: autoDraw = True
37.0393 	EXP 	text_2: autoDraw = False
37.1178 	EXP 	surround_grating: autoDraw = False
37.1178 	EXP 	center_grating: autoDraw = False
37.1178 	EXP 	text_3: autoDraw = True
37.7390 	DATA 	Keypress: left
37.7416 	INFO 	Keyboard events cleared
37.7413 	EXP 	surround_grating: autoDraw = False
37.7413 	EXP 	center_grating: autoDraw = False
37.7413 	EXP 	text_2: autoDraw = False
37.7413 	EXP 	text_3: autoDraw = False
37.7413 	EXP 	surround_grating: ori = 30.0
37.7413 	EXP 	center_grating: ori = 0.0
37.7413 	EXP 	text_2: autoDraw = True
38.2344 	EXP 	surround_grating: autoDraw = True
38.2344 	EXP 	center_grating: autoDraw = True
38.2390 	EXP 	text_2: autoDraw = False
38.3058 	EXP 	surround_grating: autoDraw = False
38.3058 	EXP 	center_grating: autoDraw = False
38.3058 	EXP 	text_3: autoDraw = True
40.7222 	DATA 	Keypress: right
40.7248 	INFO 	Keyboard events cleared
40.7245 	EXP 	surround_grating: autoDraw = False
40.7245 	EXP 	center_grating: autoDraw = False
40.7245 	EXP 	text_2: autoDraw = False
40.7245 	EXP 	text_3: autoDraw = False
40.7245 	EXP 	surround_grating: ori = 31.0
40.7245 	EXP 	center_grating: ori = 1.0
40.7245 	EXP 	text_2: autoDraw = True
41.2177 	EXP 	surround_grating: autoDraw = True
41.2177 	EXP 	center_grating: autoDraw = True
41.2224 	EXP 	text_2: autoDraw = False
41.2891 	EXP 	surround_grating: autoDraw = False
41.2891 	EXP 	center_grating: autoDraw = False
41.2891 	EXP 	text_3: autoDraw = True
42.9387 	DATA 	Keypress: left
42.9412 	INFO 	Keyboard events cleared
42.9410 	EXP 	surround_grating: autoDraw = False
42.9410 	EXP 	center_grating: autoDraw = False
42.9410 	EXP 	text_2: autoDraw = False
42.9410 	EXP 	text_3: autoDraw = False
42.9410 	EXP 	surround_grating: ori = 29.5
42.9410 	EXP 	center_grating: ori = -0.5
42.9410 	EXP 	text_2: autoDraw = True
43.4343 	EXP 	surround_grating: autoDraw = True
43.4343 	EXP 	center_grating: autoDraw = True
43.4391 	EXP 	text_2: autoDraw = False
43.5055 	EXP 	surround_grating: autoDraw = False
43.5055 	EXP 	center_grating: autoDraw = False
43.5055 	EXP 	text_3: autoDraw = True
44.1384 	DATA 	Keypress: left
44.1408 	INFO 	Keyboard events cleared
44.1406 	EXP 	surround_grating: autoDraw = False
44.1406 	EXP 	center_grating: autoDraw = False
44.1406 	EXP 	text_2: autoDraw = False
44.1406 	EXP 	text_3: autoDraw = False
44.1406 	EXP 	surround_grating: ori = 29.75
44.1406 	EXP 	center_grating: ori = -0.25
44.1406 	EXP 	text_2: autoDraw = True
44.6344 	EXP 	surround_grating: autoDraw = True
44.6344 	EXP 	center_grating: autoDraw = True
44.6389 	EXP 	text_2: autoDraw = False
44.7052 	EXP 	surround_grating: autoDraw = False
44.7052 	EXP 	center_grating: autoDraw = False
44.7052 	EXP 	text_3: autoDraw = True
45.3053 	DATA 	Keypress: left
45.3079 	INFO 	Keyboard events cleared
45.3076 	EXP 	surround_grating: autoDraw = False
45.3076 	EXP 	center_grating: autoDraw = False
45.3076 	EXP 	text_2: autoDraw = False
45.3076 	EXP 	text_3: autoDraw = False
45.3076 	EXP 	surround_grating: ori = 33.0
45.3076 	EXP 	center_grating: ori = 3.0
45.3076 	EXP 	text_2: autoDraw = True
45.8011 	EXP 	surround_grating: autoDraw = True
45.8011 	EXP 	center_grating: autoDraw = True
45.8055 	EXP 	text_2: autoDraw = False
45.8721 	EXP 	surround_grating: autoDraw = False
45.8721 	EXP 	center_grating: autoDraw = False
45.8721 	EXP 	text_3: autoDraw = True
46.5432 	DATA 	Keypress: right
46.5513 	INFO 	Keyboard events cleared
46.5510 	EXP 	surround_grating: autoDraw = False
46.5510 	EXP 	center_grating: autoDraw = False
46.5510 	EXP 	text_2: autoDraw = False
46.5510 	EXP 	text_3: autoDraw = False
46.5510 	EXP 	surround_grating: ori = 30.0
46.5510 	EXP 	center_grating: ori = 0.0
46.5510 	EXP 	text_2: autoDraw = True
47.0391 	EXP 	surround_grating: autoDraw = True
47.0391 	EXP 	center_grating: autoDraw = True
47.0391 	EXP 	text_2: autoDraw = False
47.1178 	EXP 	surround_grating: autoDraw = False
47.1178 	EXP 	center_grating: autoDraw = False
47.1178 	EXP 	text_3: autoDraw = True
47.8622 	DATA 	Keypress: right
47.8684 	INFO 	Keyboard events cleared
47.8681 	EXP 	surround_grating: autoDraw = False
47.8681 	EXP 	center_grating: autoDraw = False
47.8681 	EXP 	text_2: autoDraw = False
47.8681 	EXP 	text_3: autoDraw = False
47.8681 	EXP 	surround_grating: ori = 32.0
47.8681 	EXP 	center_grating: ori = 2.0
47.8681 	EXP 	text_2: autoDraw = True
48.3553 	EXP 	surround_grating: autoDraw = True
48.3553 	EXP 	center_grating: autoDraw = True
48.3553 	EXP 	text_2: autoDraw = False
48.4344 	EXP 	surround_grating: autoDraw = False
48.4344 	EXP 	center_grating: autoDraw = False
48.4388 	EXP 	text_3: autoDraw = True
49.0555 	DATA 	Keypress: right
49.0583 	INFO 	Keyboard events cleared
49.0580 	EXP 	surround_grating: autoDraw = False
49.0580 	EXP 	center_grating: autoDraw = False
49.0580 	EXP 	text_2: autoDraw = False
49.0580 	EXP 	text_3: autoDraw = False
49.0580 	EXP 	surround_grating: ori = 31.0
49.0580 	EXP 	center_grating: ori = 1.0
49.0580 	EXP 	text_2: autoDraw = True
49.5512 	EXP 	surround_grating: autoDraw = True
49.5512 	EXP 	center_grating: autoDraw = True
49.5560 	EXP 	text_2: autoDraw = False
49.6224 	EXP 	surround_grating: autoDraw = False
49.6224 	EXP 	center_grating: autoDraw = False
49.6224 	EXP 	text_3: autoDraw = True
50.2890 	DATA 	Keypress: right
50.2917 	INFO 	Keyboard events cleared
50.2914 	EXP 	surround_grating: autoDraw = False
50.2914 	EXP 	center_grating: autoDraw = False
50.2914 	EXP 	text_2: autoDraw = False
50.2914 	EXP 	text_3: autoDraw = False
50.2914 	EXP 	surround_grating: ori = 29.9
50.2914 	EXP 	center_grating: ori = -0.1
50.2914 	EXP 	text_2: autoDraw = True
50.7844 	EXP 	surround_grating: autoDraw = True
50.7844 	EXP 	center_grating: autoDraw = True
50.7889 	EXP 	text_2: autoDraw = False
50.8554 	EXP 	surround_grating: autoDraw = False
50.8554 	EXP 	center_grating: autoDraw = False
50.8554 	EXP 	text_3: autoDraw = True
55.1928 	DATA 	Keypress: right
55.2013 	INFO 	Keyboard events cleared
55.2011 	EXP 	surround_grating: autoDraw = False
55.2011 	EXP 	center_grating: autoDraw = False
55.2011 	EXP 	text_2: autoDraw = False
55.2011 	EXP 	text_3: autoDraw = False
55.2011 	EXP 	surround_grating: ori = 30.0
55.2011 	EXP 	center_grating: ori = 0.0
55.2011 	EXP 	text_2: autoDraw = True
55.6892 	EXP 	surround_grating: autoDraw = True
55.6892 	EXP 	center_grating: autoDraw = True
55.6892 	EXP 	text_2: autoDraw = False
55.7678 	EXP 	surround_grating: autoDraw = False
55.7678 	EXP 	center_grating: autoDraw = False
55.7678 	EXP 	text_3: autoDraw = True
56.5264 	DATA 	Keypress: left
56.5346 	INFO 	Keyboard events cleared
56.5344 	EXP 	surround_grating: autoDraw = False
56.5344 	EXP 	center_grating: autoDraw = False
56.5344 	EXP 	text_2: autoDraw = False
56.5344 	EXP 	text_3: autoDraw = False
56.5344 	EXP 	surround_grating: ori = 29.8
56.5344 	EXP 	center_grating: ori = -0.2
56.5344 	EXP 	text_2: autoDraw = True
57.0225 	EXP 	surround_grating: autoDraw = True
57.0225 	EXP 	center_grating: autoDraw = True
57.0225 	EXP 	text_2: autoDraw = False
57.1009 	EXP 	surround_grating: autoDraw = False
57.1009 	EXP 	center_grating: autoDraw = False
57.1009 	EXP 	text_3: autoDraw = True
57.6554 	DATA 	Keypress: left
57.6580 	INFO 	Keyboard events cleared
57.6577 	EXP 	surround_grating: autoDraw = False
57.6577 	EXP 	center_grating: autoDraw = False
57.6577 	EXP 	text_2: autoDraw = False
57.6577 	EXP 	text_3: autoDraw = False
57.6577 	EXP 	surround_grating: ori = 29.9
57.6577 	EXP 	center_grating: ori = -0.1
57.6577 	EXP 	text_2: autoDraw = True
58.1510 	EXP 	surround_grating: autoDraw = True
58.1510 	EXP 	center_grating: autoDraw = True
58.1556 	EXP 	text_2: autoDraw = False
58.2223 	EXP 	surround_grating: autoDraw = False
58.2223 	EXP 	center_grating: autoDraw = False
58.2223 	EXP 	text_3: autoDraw = True
59.4123 	DATA 	Keypress: left
59.4181 	INFO 	Keyboard events cleared
59.4179 	EXP 	surround_grating: autoDraw = False
59.4179 	EXP 	center_grating: autoDraw = False
59.4179 	EXP 	text_2: autoDraw = False
59.4179 	EXP 	text_3: autoDraw = False
59.4179 	EXP 	surround_grating: ori = 30.5
59.4179 	EXP 	center_grating: ori = 0.5
59.4179 	EXP 	text_2: autoDraw = True
59.9056 	EXP 	surround_grating: autoDraw = True
59.9056 	EXP 	center_grating: autoDraw = True
59.9056 	EXP 	text_2: autoDraw = False
59.9844 	EXP 	surround_grating: autoDraw = False
59.9844 	EXP 	center_grating: autoDraw = False
59.9887 	EXP 	text_3: autoDraw = True
61.8220 	DATA 	Keypress: left
61.8246 	INFO 	Keyboard events cleared
61.8243 	EXP 	surround_grating: autoDraw = False
61.8243 	EXP 	center_grating: autoDraw = False
61.8243 	EXP 	text_2: autoDraw = False
61.8243 	EXP 	text_3: autoDraw = False
61.8243 	EXP 	surround_grating: ori = 31.0
61.8243 	EXP 	center_grating: ori = 1.0
61.8243 	EXP 	text_2: autoDraw = True
62.3177 	EXP 	surround_grating: autoDraw = True
62.3177 	EXP 	center_grating: autoDraw = True
62.3223 	EXP 	text_2: autoDraw = False
62.3887 	EXP 	surround_grating: autoDraw = False
62.3887 	EXP 	center_grating: autoDraw = False
62.3887 	EXP 	text_3: autoDraw = True
64.1386 	DATA 	Keypress: right
64.1412 	INFO 	Keyboard events cleared
64.1409 	EXP 	surround_grating: autoDraw = False
64.1409 	EXP 	center_grating: autoDraw = False
64.1409 	EXP 	text_2: autoDraw = False
64.1409 	EXP 	text_3: autoDraw = False
64.1409 	EXP 	surround_grating: ori = 30.0
64.1409 	EXP 	center_grating: ori = 0.0
64.1409 	EXP 	text_2: autoDraw = True
64.6344 	EXP 	surround_grating: autoDraw = True
64.6344 	EXP 	center_grating: autoDraw = True
64.6389 	EXP 	text_2: autoDraw = False
64.7056 	EXP 	surround_grating: autoDraw = False
64.7056 	EXP 	center_grating: autoDraw = False
64.7056 	EXP 	text_3: autoDraw = True
65.4556 	DATA 	Keypress: right
65.4582 	INFO 	Keyboard events cleared
65.4580 	EXP 	surround_grating: autoDraw = False
65.4580 	EXP 	center_grating: autoDraw = False
65.4580 	EXP 	text_2: autoDraw = False
65.4580 	EXP 	text_3: autoDraw = False
65.4580 	EXP 	surround_grating: ori = 30.75
65.4580 	EXP 	center_grating: ori = 0.75
65.4580 	EXP 	text_2: autoDraw = True
65.9510 	EXP 	surround_grating: autoDraw = True
65.9510 	EXP 	center_grating: autoDraw = True
65.9555 	EXP 	text_2: autoDraw = False
66.0227 	EXP 	surround_grating: autoDraw = False
66.0227 	EXP 	center_grating: autoDraw = False
66.0227 	EXP 	text_3: autoDraw = True
66.6386 	DATA 	Keypress: right
66.6412 	INFO 	Keyboard events cleared
66.6409 	EXP 	surround_grating: autoDraw = False
66.6409 	EXP 	center_grating: autoDraw = False
66.6409 	EXP 	text_2: autoDraw = False
66.6409 	EXP 	text_3: autoDraw = False
66.6409 	EXP 	surround_grating: ori = 29.9
66.6409 	EXP 	center_grating: ori = -0.1
66.6409 	EXP 	text_2: autoDraw = True
67.1343 	EXP 	surround_grating: autoDraw = True
67.1343 	EXP 	center_grating: autoDraw = True
67.1392 	EXP 	text_2: autoDraw = False
67.2056 	EXP 	surround_grating: autoDraw = False
67.2056 	EXP 	center_grating: autoDraw = False
67.2056 	EXP 	text_3: autoDraw = True
68.9062 	DATA 	Keypress: right
68.9090 	INFO 	Keyboard events cleared
68.9087 	EXP 	surround_grating: autoDraw = False
68.9087 	EXP 	center_grating: autoDraw = False
68.9087 	EXP 	text_2: autoDraw = False
68.9087 	EXP 	text_3: autoDraw = False
68.9087 	EXP 	surround_grating: ori = 30.5
68.9087 	EXP 	center_grating: ori = 0.5
68.9087 	EXP 	text_2: autoDraw = True
69.4010 	EXP 	surround_grating: autoDraw = True
69.4010 	EXP 	center_grating: autoDraw = True
69.4060 	EXP 	text_2: autoDraw = False
69.4731 	EXP 	surround_grating: autoDraw = False
69.4731 	EXP 	center_grating: autoDraw = False
69.4731 	EXP 	text_3: autoDraw = True
70.3051 	DATA 	Keypress: right
70.3076 	INFO 	Keyboard events cleared
70.3074 	EXP 	surround_grating: autoDraw = False
70.3074 	EXP 	center_grating: autoDraw = False
70.3074 	EXP 	text_2: autoDraw = False
70.3074 	EXP 	text_3: autoDraw = False
70.3074 	EXP 	surround_grating: ori = 29.8
70.3074 	EXP 	center_grating: ori = -0.2
70.3074 	EXP 	text_2: autoDraw = True
70.8011 	EXP 	surround_grating: autoDraw = True
70.8011 	EXP 	center_grating: autoDraw = True
70.8058 	EXP 	text_2: autoDraw = False
70.8722 	EXP 	surround_grating: autoDraw = False
70.8722 	EXP 	center_grating: autoDraw = False
70.8722 	EXP 	text_3: autoDraw = True
71.6264 	DATA 	Keypress: left
71.6346 	INFO 	Keyboard events cleared
71.6343 	EXP 	surround_grating: autoDraw = False
71.6343 	EXP 	center_grating: autoDraw = False
71.6343 	EXP 	text_2: autoDraw = False
71.6343 	EXP 	text_3: autoDraw = False
71.6343 	EXP 	surround_grating: ori = 30.25
71.6343 	EXP 	center_grating: ori = 0.25
71.6343 	EXP 	text_2: autoDraw = True
72.1224 	EXP 	surround_grating: autoDraw = True
72.1224 	EXP 	center_grating: autoDraw = True
72.1224 	EXP 	text_2: autoDraw = False
72.2010 	EXP 	surround_grating: autoDraw = False
72.2010 	EXP 	center_grating: autoDraw = False
72.2010 	EXP 	text_3: autoDraw = True
73.0719 	DATA 	Keypress: right
73.0745 	INFO 	Keyboard events cleared
73.0742 	EXP 	surround_grating: autoDraw = False
73.0742 	EXP 	center_grating: autoDraw = False
73.0742 	EXP 	text_2: autoDraw = False
73.0742 	EXP 	text_3: autoDraw = False
73.0742 	EXP 	surround_grating: ori = 29.9
73.0742 	EXP 	center_grating: ori = -0.1
73.0742 	EXP 	text_2: autoDraw = True
73.5677 	EXP 	surround_grating: autoDraw = True
73.5677 	EXP 	center_grating: autoDraw = True
73.5724 	EXP 	text_2: autoDraw = False
73.6390 	EXP 	surround_grating: autoDraw = False
73.6390 	EXP 	center_grating: autoDraw = False
73.6390 	EXP 	text_3: autoDraw = True
74.6057 	DATA 	Keypress: right
74.6082 	INFO 	Keyboard events cleared
74.6080 	EXP 	surround_grating: autoDraw = False
74.6080 	EXP 	center_grating: autoDraw = False
74.6080 	EXP 	text_2: autoDraw = False
74.6080 	EXP 	text_3: autoDraw = False
74.6080 	EXP 	surround_grating: ori = 29.8
74.6080 	EXP 	center_grating: ori = -0.2
74.6080 	EXP 	text_2: autoDraw = True
75.1009 	EXP 	surround_grating: autoDraw = True
75.1009 	EXP 	center_grating: autoDraw = True
75.1054 	EXP 	text_2: autoDraw = False
75.1724 	EXP 	surround_grating: autoDraw = False
75.1724 	EXP 	center_grating: autoDraw = False
75.1724 	EXP 	text_3: autoDraw = True
76.1723 	DATA 	Keypress: right
76.1749 	INFO 	Keyboard events cleared
76.1747 	EXP 	surround_grating: autoDraw = False
76.1747 	EXP 	center_grating: autoDraw = False
76.1747 	EXP 	text_2: autoDraw = False
76.1747 	EXP 	text_3: autoDraw = False
76.1747 	EXP 	surround_grating: ori = 30.0
76.1747 	EXP 	center_grating: ori = 0.0
76.1747 	EXP 	text_2: autoDraw = True
76.6677 	EXP 	surround_grating: autoDraw = True
76.6677 	EXP 	center_grating: autoDraw = True
76.6727 	EXP 	text_2: autoDraw = False
76.7392 	EXP 	surround_grating: autoDraw = False
76.7392 	EXP 	center_grating: autoDraw = False
76.7392 	EXP 	text_3: autoDraw = True
77.4385 	DATA 	Keypress: right
77.4410 	INFO 	Keyboard events cleared
77.4407 	EXP 	surround_grating: autoDraw = False
77.4407 	EXP 	center_grating: autoDraw = False
77.4407 	EXP 	text_2: autoDraw = False
77.4407 	EXP 	text_3: autoDraw = False
77.4407 	EXP 	surround_grating: ori = 29.7
77.4407 	EXP 	center_grating: ori = -0.30000000000000004
77.4407 	EXP 	text_2: autoDraw = True
77.9343 	EXP 	surround_grating: autoDraw = True
77.9343 	EXP 	center_grating: autoDraw = True
77.9389 	EXP 	text_2: autoDraw = False
78.0051 	EXP 	surround_grating: autoDraw = False
78.0051 	EXP 	center_grating: autoDraw = False
78.0051 	EXP 	text_3: autoDraw = True
78.6595 	DATA 	Keypress: left
78.6678 	INFO 	Keyboard events cleared
78.6676 	EXP 	surround_grating: autoDraw = False
78.6676 	EXP 	center_grating: autoDraw = False
78.6676 	EXP 	text_2: autoDraw = False
78.6676 	EXP 	text_3: autoDraw = False
78.6676 	EXP 	surround_grating: ori = 29.75
78.6676 	EXP 	center_grating: ori = -0.25
78.6676 	EXP 	text_2: autoDraw = True
79.1556 	EXP 	surround_grating: autoDraw = True
79.1556 	EXP 	center_grating: autoDraw = True
79.1556 	EXP 	text_2: autoDraw = False
79.2343 	EXP 	surround_grating: autoDraw = False
79.2343 	EXP 	center_grating: autoDraw = False
79.2343 	EXP 	text_3: autoDraw = True
79.8221 	DATA 	Keypress: left
79.8246 	INFO 	Keyboard events cleared
79.8244 	EXP 	surround_grating: autoDraw = False
79.8244 	EXP 	center_grating: autoDraw = False
79.8244 	EXP 	text_2: autoDraw = False
79.8244 	EXP 	text_3: autoDraw = False
79.8244 	EXP 	surround_grating: ori = 29.85
79.8244 	EXP 	center_grating: ori = -0.15
79.8244 	EXP 	text_2: autoDraw = True
80.3176 	EXP 	surround_grating: autoDraw = True
80.3176 	EXP 	center_grating: autoDraw = True
80.3220 	EXP 	text_2: autoDraw = False
80.3890 	EXP 	surround_grating: autoDraw = False
80.3890 	EXP 	center_grating: autoDraw = False
80.3890 	EXP 	text_3: autoDraw = True
81.3387 	DATA 	Keypress: left
81.3412 	INFO 	Keyboard events cleared
81.3410 	EXP 	surround_grating: autoDraw = False
81.3410 	EXP 	center_grating: autoDraw = False
81.3410 	EXP 	text_2: autoDraw = False
81.3410 	EXP 	text_3: autoDraw = False
81.3410 	EXP 	surround_grating: ori = 29.8
81.3410 	EXP 	center_grating: ori = -0.20000000000000004
81.3410 	EXP 	text_2: autoDraw = True
81.8342 	EXP 	surround_grating: autoDraw = True
81.8342 	EXP 	center_grating: autoDraw = True
81.8389 	EXP 	text_2: autoDraw = False
81.9057 	EXP 	surround_grating: autoDraw = False
81.9057 	EXP 	center_grating: autoDraw = False
81.9057 	EXP 	text_3: autoDraw = True
82.9426 	DATA 	Keypress: left
82.9513 	INFO 	Keyboard events cleared
82.9510 	EXP 	surround_grating: autoDraw = False
82.9510 	EXP 	center_grating: autoDraw = False
82.9510 	EXP 	text_2: autoDraw = False
82.9510 	EXP 	text_3: autoDraw = False
82.9510 	EXP 	surround_grating: ori = 29.95
82.9510 	EXP 	center_grating: ori = -0.04999999999999999
82.9510 	EXP 	text_2: autoDraw = True
83.4389 	EXP 	surround_grating: autoDraw = True
83.4389 	EXP 	center_grating: autoDraw = True
83.4389 	EXP 	text_2: autoDraw = False
83.5176 	EXP 	surround_grating: autoDraw = False
83.5176 	EXP 	center_grating: autoDraw = False
83.5176 	EXP 	text_3: autoDraw = True
84.4224 	DATA 	Keypress: right
84.4251 	INFO 	Keyboard events cleared
84.4249 	EXP 	surround_grating: autoDraw = False
84.4249 	EXP 	center_grating: autoDraw = False
84.4249 	EXP 	text_2: autoDraw = False
84.4249 	EXP 	text_3: autoDraw = False
84.4249 	EXP 	surround_grating: ori = 29.9
84.4249 	EXP 	center_grating: ori = -0.10000000000000003
84.4249 	EXP 	text_2: autoDraw = True
84.9177 	EXP 	surround_grating: autoDraw = True
84.9177 	EXP 	center_grating: autoDraw = True
84.9221 	EXP 	text_2: autoDraw = False
84.9887 	EXP 	surround_grating: autoDraw = False
84.9887 	EXP 	center_grating: autoDraw = False
84.9887 	EXP 	text_3: autoDraw = True
85.8886 	DATA 	Keypress: left
85.8912 	INFO 	Keyboard events cleared
85.8909 	EXP 	surround_grating: autoDraw = False
85.8909 	EXP 	center_grating: autoDraw = False
85.8909 	EXP 	text_2: autoDraw = False
85.8909 	EXP 	text_3: autoDraw = False
85.8909 	EXP 	surround_grating: ori = 29.85
85.8909 	EXP 	center_grating: ori = -0.15
85.8909 	EXP 	text_2: autoDraw = True
86.3844 	EXP 	surround_grating: autoDraw = True
86.3844 	EXP 	center_grating: autoDraw = True
86.3891 	EXP 	text_2: autoDraw = False
86.4556 	EXP 	surround_grating: autoDraw = False
86.4556 	EXP 	center_grating: autoDraw = False
86.4556 	EXP 	text_3: autoDraw = True
88.1553 	DATA 	Keypress: left
88.1579 	INFO 	Keyboard events cleared
88.1577 	EXP 	surround_grating: autoDraw = False
88.1577 	EXP 	center_grating: autoDraw = False
88.1577 	EXP 	text_2: autoDraw = False
88.1577 	EXP 	text_3: autoDraw = False
88.1577 	EXP 	surround_grating: ori = 30.0
88.1577 	EXP 	center_grating: ori = -2.7755575615628914e-17
88.1577 	EXP 	text_2: autoDraw = True
88.6510 	EXP 	surround_grating: autoDraw = True
88.6510 	EXP 	center_grating: autoDraw = True
88.6558 	EXP 	text_2: autoDraw = False
88.7220 	EXP 	surround_grating: autoDraw = False
88.7220 	EXP 	center_grating: autoDraw = False
88.7220 	EXP 	text_3: autoDraw = True
90.3884 	DATA 	Keypress: right
90.3910 	INFO 	Keyboard events cleared
90.3907 	EXP 	surround_grating: autoDraw = False
90.3907 	EXP 	center_grating: autoDraw = False
90.3907 	EXP 	text_2: autoDraw = False
90.3907 	EXP 	text_3: autoDraw = False
90.3907 	EXP 	surround_grating: ori = 29.95
90.3907 	EXP 	center_grating: ori = -0.04999999999999999
90.3907 	EXP 	text_2: autoDraw = True
90.8843 	EXP 	surround_grating: autoDraw = True
90.8843 	EXP 	center_grating: autoDraw = True
90.8888 	EXP 	text_2: autoDraw = False
90.9553 	EXP 	surround_grating: autoDraw = False
90.9553 	EXP 	center_grating: autoDraw = False
90.9553 	EXP 	text_3: autoDraw = True
92.1895 	DATA 	Keypress: left
92.1923 	INFO 	Keyboard events cleared
92.1920 	EXP 	surround_grating: autoDraw = False
92.1920 	EXP 	center_grating: autoDraw = False
92.1920 	EXP 	text_2: autoDraw = False
92.1920 	EXP 	text_3: autoDraw = False
92.1920 	EXP 	surround_grating: ori = 29.9
92.1920 	EXP 	center_grating: ori = -0.10000000000000003
92.1920 	EXP 	text_2: autoDraw = True
92.6842 	EXP 	surround_grating: autoDraw = True
92.6842 	EXP 	center_grating: autoDraw = True
92.6890 	EXP 	text_2: autoDraw = False
92.7561 	EXP 	surround_grating: autoDraw = False
92.7561 	EXP 	center_grating: autoDraw = False
92.7561 	EXP 	text_3: autoDraw = True
93.3903 	DATA 	Keypress: left
93.3942 	INFO 	Keyboard events cleared
93.3939 	EXP 	surround_grating: autoDraw = False
93.3939 	EXP 	center_grating: autoDraw = False
93.3939 	EXP 	text_2: autoDraw = False
93.3939 	EXP 	text_3: autoDraw = False
93.3939 	EXP 	surround_grating: ori = 30.05
93.3939 	EXP 	center_grating: ori = 0.05000000000000002
93.3939 	EXP 	text_2: autoDraw = True
93.8842 	EXP 	surround_grating: autoDraw = True
93.8842 	EXP 	center_grating: autoDraw = True
93.8891 	EXP 	text_2: autoDraw = False
93.9555 	EXP 	surround_grating: autoDraw = False
93.9555 	EXP 	center_grating: autoDraw = False
93.9555 	EXP 	text_3: autoDraw = True
94.7551 	DATA 	Keypress: right
94.7577 	INFO 	Keyboard events cleared
94.7574 	EXP 	surround_grating: autoDraw = False
94.7574 	EXP 	center_grating: autoDraw = False
94.7574 	EXP 	text_2: autoDraw = False
94.7574 	EXP 	text_3: autoDraw = False
94.7574 	EXP 	surround_grating: ori = 30.0
94.7574 	EXP 	center_grating: ori = -2.7755575615628914e-17
94.7574 	EXP 	text_2: autoDraw = True
95.2509 	EXP 	surround_grating: autoDraw = True
95.2509 	EXP 	center_grating: autoDraw = True
95.2553 	EXP 	text_2: autoDraw = False
95.3220 	EXP 	surround_grating: autoDraw = False
95.3220 	EXP 	center_grating: autoDraw = False
95.3220 	EXP 	text_3: autoDraw = True
96.0558 	DATA 	Keypress: right
96.0583 	INFO 	Keyboard events cleared
96.0581 	EXP 	surround_grating: autoDraw = False
96.0581 	EXP 	center_grating: autoDraw = False
96.0581 	EXP 	text_2: autoDraw = False
96.0581 	EXP 	text_3: autoDraw = False
96.0581 	EXP 	text_4: autoDraw = True
97.1218 	DATA 	Keypress: space
97.1243 	EXP 	text_4: autoDraw = False
97.1260 	EXP 	tilt_staircase: status = STOPPED
97.1437 	INFO 	saved data to '/Users/bwinsto2/Downloads/data/238300_tilt_staircase_2025-08-14_11h35.44.693.csv'
97.1465 	INFO 	saved data to /Users/bwinsto2/Downloads/data/238300_tilt_staircase_2025-08-14_11h35.44.693.psydat
97.7088 	DEBUG 	Saving data for tilt_staircase ExperimentHandler
