4.8428 	DEBUG 	Fullscreen settings ignored as running in pilot mode.
4.8441 	INFO 	Loaded monitor calibration from ['2025_08_13 14:32']
5.0354 	EXP 	Created window1 = Window(allowGUI=False, allowStencil=False, autoLog=True, backendConf=UNKNOWN, backgroundFit=<method-wrapper '__getattribute__' of attributeSetter object at 0x7f799a461b80>, backgroundImage=<method-wrapper '__getattribute__' of attributeSetter object at 0x7f799a461ac0>, bitsMode=UNKNOWN, blendMode='avg', bpc=(8, 8, 8), color=array([0, 0, 0]), colorSpace='rgb', depthBits=8, fullscr=False, gamma=None, gammaErrorPolicy='raise', infoMsg=UNKNOWN, lms=UNKNOWN, monitor=<psychopy.monitors.calibTools.Monitor object at 0x7f799a0e65b0>, multiSample=False, name='window1', numSamples=2, pos=[320.0, 150.0], screen=0, size=array([1600, 1200]), stencilBits=0, stereo=False, title='PsychoPy', units='height', useFBO=True, useRetina=True, viewOri=0.0, viewPos=None, viewScale=None, waitBlanking=True, winType='pyglet')
5.0354 	EXP 	window1: backgroundImage = ''
5.0355 	EXP 	window1: backgroundFit = 'none'
5.0436 	DEBUG 	TextBox2 loaded 1 chars with 0 blanks and 1 valid
5.0444 	DEBUG 	TextBox2 loaded 1 chars with 0 blanks and 1 valid
5.0452 	DEBUG 	TextBox2 loaded 1 chars with 0 blanks and 1 valid
5.0462 	DEBUG 	TextBox2 loaded 1 chars with 0 blanks and 1 valid
5.0471 	DEBUG 	TextBox2 loaded 1 chars with 0 blanks and 1 valid
5.0477 	DEBUG 	TextBox2 loaded 1 chars with 0 blanks and 1 valid
5.0485 	DEBUG 	TextBox2 loaded 1 chars with 0 blanks and 1 valid
5.0495 	DEBUG 	TextBox2 loaded 1 chars with 0 blanks and 1 valid
5.0499 	DEBUG 	TextBox2 loaded 1 chars with 0 blanks and 1 valid
5.0504 	DEBUG 	TextBox2 loaded 1 chars with 0 blanks and 1 valid
5.0512 	DEBUG 	TextBox2 loaded 1 chars with 0 blanks and 1 valid
5.0520 	DEBUG 	TextBox2 loaded 1 chars with 0 blanks and 1 valid
5.0527 	DEBUG 	TextBox2 loaded 1 chars with 0 blanks and 1 valid
5.0535 	DEBUG 	TextBox2 loaded 1 chars with 0 blanks and 1 valid
5.0542 	DEBUG 	TextBox2 loaded 1 chars with 0 blanks and 1 valid
5.0550 	DEBUG 	TextBox2 loaded 1 chars with 0 blanks and 1 valid
5.0557 	DEBUG 	TextBox2 loaded 1 chars with 0 blanks and 1 valid
5.0561 	DEBUG 	TextBox2 loaded 1 chars with 0 blanks and 1 valid
5.0566 	DEBUG 	TextBox2 loaded 1 chars with 0 blanks and 1 valid
5.0576 	DEBUG 	TextBox2 loaded 1 chars with 0 blanks and 1 valid
5.0581 	DEBUG 	TextBox2 loaded 1 chars with 0 blanks and 1 valid
5.0583 	DEBUG 	Uploading Texture Font fontname to graphics card
5.0618 	DEBUG 	Upload of Texture Font fontname complete
5.0677 	DEBUG 	TextBox2 loaded 1 chars with 0 blanks and 1 valid
5.0688 	DEBUG 	TextBox2 loaded 1 chars with 0 blanks and 1 valid
5.0698 	DEBUG 	TextBox2 loaded 1 chars with 0 blanks and 1 valid
5.0699 	DEBUG 	Uploading Texture Font fontname to graphics card
5.0720 	DEBUG 	Upload of Texture Font fontname complete
5.0736 	EXP 	window1: Attempting to measure frame rate of screen (0) ...
5.0736 	EXP 	window1: recordFrameIntervals = False
5.2591 	EXP 	window1: recordFrameIntervals = True
6.0939 	WARNING 	Couldn't measure a consistent frame rate!
  - Is your graphics card set to sync to vertical blank?
  - Are you running other processes on your computer?

6.1040 	DEBUG 	TextBox2 loaded 1 chars with 0 blanks and 1 valid
6.1052 	DEBUG 	TextBox2 loaded 1 chars with 0 blanks and 1 valid
6.1068 	DEBUG 	TextBox2 loaded 1 chars with 0 blanks and 1 valid
6.1088 	DEBUG 	TextBox2 loaded 1 chars with 0 blanks and 1 valid
6.1107 	DEBUG 	TextBox2 loaded 1 chars with 0 blanks and 1 valid
6.1127 	DEBUG 	TextBox2 loaded 1 chars with 0 blanks and 1 valid
6.1136 	DEBUG 	TextBox2 loaded 1 chars with 0 blanks and 1 valid
6.1153 	DEBUG 	TextBox2 loaded 1 chars with 0 blanks and 1 valid
6.1171 	DEBUG 	TextBox2 loaded 1 chars with 0 blanks and 1 valid
6.1188 	DEBUG 	TextBox2 loaded 1 chars with 0 blanks and 1 valid
6.1193 	DEBUG 	Uploading Texture Font fontname to graphics card
6.1234 	DEBUG 	Upload of Texture Font fontname complete
6.1486 	WARNING 	launchHubServer: If using the iohub mouse or eyetracker devices, fullScr should be True.
9.7322 	INFO 	keyboard.Keyboard is using iohub backend.
9.7323 	INFO 	keyboard.Keyboard is using iohub backend.
9.7323 	INFO 	keyboard.Keyboard is using iohub backend.
9.7323 	INFO 	keyboard.Keyboard is using iohub backend.
9.7323 	INFO 	keyboard.Keyboard is using iohub backend.
9.7324 	INFO 	keyboard.Keyboard is using iohub backend.
9.7324 	INFO 	keyboard.Keyboard is using iohub backend.
9.7324 	INFO 	keyboard.Keyboard is using iohub backend.
9.7324 	INFO 	keyboard.Keyboard is using iohub backend.
9.7324 	INFO 	keyboard.Keyboard is using iohub backend.
9.7324 	EXP 	tilt_staircase: status = STARTED
9.7780 	EXP 	Created text_5 = TextStim(__class__=<class 'psychopy.visual.text.TextStim'>, alignHoriz=method-wrapper(...), alignText='center', alignVert=method-wrapper(...), anchorHoriz='center', anchorVert='center', antialias=True, autoDraw=False, autoLog=True, bold=False, color=array([1., 1., 1.]), colorSpace='rgb', contrast=1.0, depth=0.0, draggable=False, flipHoriz=False, flipVert=False, font='Arial', fontFiles=[], height=0.05, italic=False, languageStyle='LTR', name='text_5', opacity=1, ori=0.0, pos=array([0., 0.]), rgb=UNKNOWN, text=str(...), units='height', win=Window(...), wrapWidth=1)
9.7849 	EXP 	Created text_6 = TextStim(__class__=<class 'psychopy.visual.text.TextStim'>, alignHoriz=method-wrapper(...), alignText='center', alignVert=method-wrapper(...), anchorHoriz='center', anchorVert='center', antialias=True, autoDraw=False, autoLog=True, bold=False, color=array([1., 1., 1.]), colorSpace='rgb', contrast=1.0, depth=0.0, draggable=False, flipHoriz=False, flipVert=False, font='Arial', fontFiles=[], height=0.05, italic=False, languageStyle='LTR', name='text_6', opacity=1, ori=0.0, pos=array([0., 0.]), rgb=UNKNOWN, text=str(...), units='height', win=Window(...), wrapWidth=1)
9.7870 	EXP 	Created surround_practice_3 = GratingStim(__class__=<class 'psychopy.visual.grating.GratingStim'>, anchor='center', autoDraw=False, autoLog=True, blendmode='avg', color=array([0.5, 0.5, 0.5]), colorSpace='rgb', contrast=0.5, depth=0.0, draggable=False, interpolate=True, mask='circle', maskParams=None, name='surround_practice_3', opacity=1, ori=30.0, phase=array([0., 0.]), pos=array([0., 0.]), rgbPedestal=array([0., 0., 0.]), sf=array([9., 9.]), size=array([0.8, 0.8]), tex='sin', texRes=128.0, units='height', win=Window(...))
9.7884 	EXP 	Created center_practice_3 = GratingStim(__class__=<class 'psychopy.visual.grating.GratingStim'>, anchor='center', autoDraw=False, autoLog=True, blendmode='avg', color=array([0.5, 0.5, 0.5]), colorSpace='rgb', contrast=0.5, depth=-1.0, draggable=False, interpolate=True, mask='circle', maskParams=None, name='center_practice_3', opacity=1, ori=0.0, phase=array([0., 0.]), pos=array([0., 0.]), rgbPedestal=array([0., 0., 0.]), sf=array([4., 4.]), size=array([0.25, 0.25]), tex='sin', texRes=128.0, units='height', win=Window(...))
9.7899 	EXP 	Created surround_practice = GratingStim(__class__=<class 'psychopy.visual.grating.GratingStim'>, anchor='center', autoDraw=False, autoLog=True, blendmode='avg', color=array([1., 1., 1.]), colorSpace='rgb', contrast=1.0, depth=0.0, draggable=False, interpolate=True, mask='circle', maskParams=None, name='surround_practice', opacity=1, ori=1.0, phase=array([0., 0.]), pos=array([0., 0.]), rgbPedestal=array([0., 0., 0.]), sf=array([8.5, 8.5]), size=array([5., 5.]), tex='sin', texRes=128.0, units='deg', win=Window(...))
9.7912 	EXP 	Created center_practice = GratingStim(__class__=<class 'psychopy.visual.grating.GratingStim'>, anchor='center', autoDraw=False, autoLog=True, blendmode='avg', color=array([1., 1., 1.]), colorSpace='rgb', contrast=1.0, depth=-1.0, draggable=False, interpolate=True, mask='circle', maskParams=None, name='center_practice', opacity=1, ori=1.0, phase=array([0., 0.]), pos=array([0., 0.]), rgbPedestal=array([0., 0., 0.]), sf=array([4., 4.]), size=array([2., 2.]), tex='sin', texRes=128.0, units='deg', win=Window(...))
9.7929 	EXP 	Created text_9 = TextStim(__class__=<class 'psychopy.visual.text.TextStim'>, alignHoriz=method-wrapper(...), alignText='center', alignVert=method-wrapper(...), anchorHoriz='center', anchorVert='center', antialias=True, autoDraw=False, autoLog=True, bold=False, color=array([1., 1., 1.]), colorSpace='rgb', contrast=1.0, depth=-3.0, draggable=False, flipHoriz=False, flipVert=False, font='Arial', fontFiles=[], height=0.05, italic=False, languageStyle='LTR', name='text_9', opacity=1, ori=0.0, pos=array([0., 0.]), rgb=UNKNOWN, text='+', units='height', win=Window(...), wrapWidth=1)
9.7963 	EXP 	Created text_11 = TextStim(__class__=<class 'psychopy.visual.text.TextStim'>, alignHoriz=method-wrapper(...), alignText='center', alignVert=method-wrapper(...), anchorHoriz='center', anchorVert='center', antialias=True, autoDraw=False, autoLog=True, bold=False, color=array([1., 1., 1.]), colorSpace='rgb', contrast=1.0, depth=-4.0, draggable=False, flipHoriz=False, flipVert=False, font='Arial', fontFiles=[], height=0.05, italic=False, languageStyle='LTR', name='text_11', opacity=1, ori=0.0, pos=array([0., 0.]), rgb=UNKNOWN, text=str(...), units='height', win=Window(...), wrapWidth=1)
9.7968 	EXP 	Created text_7 = TextStim(__class__=<class 'psychopy.visual.text.TextStim'>, alignHoriz=method-wrapper(...), alignText='center', alignVert=method-wrapper(...), anchorHoriz='center', anchorVert='center', antialias=True, autoDraw=False, autoLog=True, bold=False, color=array([1., 1., 1.]), colorSpace='rgb', contrast=1.0, depth=-1.0, draggable=False, flipHoriz=False, flipVert=False, font='Arial', fontFiles=[], height=0.05, italic=False, languageStyle='LTR', name='text_7', opacity=1, ori=0.0, pos=array([0., 0.]), rgb=UNKNOWN, text='', units='height', win=Window(...), wrapWidth=1)
9.8036 	EXP 	Created text_8 = TextStim(__class__=<class 'psychopy.visual.text.TextStim'>, alignHoriz=method-wrapper(...), alignText='center', alignVert=method-wrapper(...), anchorHoriz='center', anchorVert='center', antialias=True, autoDraw=False, autoLog=True, bold=False, color=array([1., 1., 1.]), colorSpace='rgb', contrast=1.0, depth=0.0, draggable=False, flipHoriz=False, flipVert=False, font='Arial', fontFiles=[], height=0.05, italic=False, languageStyle='LTR', name='text_8', opacity=1, ori=0.0, pos=array([0., 0.]), rgb=UNKNOWN, text=str(...), units='height', win=Window(...), wrapWidth=1)
9.8051 	EXP 	Created surround_practice_2 = GratingStim(__class__=<class 'psychopy.visual.grating.GratingStim'>, anchor='center', autoDraw=False, autoLog=True, blendmode='avg', color=array([1., 1., 1.]), colorSpace='rgb', contrast=1.0, depth=0.0, draggable=False, interpolate=True, mask='circle', maskParams=None, name='surround_practice_2', opacity=1.0, ori=1.0, phase=array([0., 0.]), pos=array([0., 0.]), rgbPedestal=array([0., 0., 0.]), sf=array([8.5, 8.5]), size=array([0.8, 0.8]), tex='sin', texRes=128.0, units='height', win=Window(...))
9.8065 	EXP 	Created center_practice_2 = GratingStim(__class__=<class 'psychopy.visual.grating.GratingStim'>, anchor='center', autoDraw=False, autoLog=True, blendmode='avg', color=array([1., 1., 1.]), colorSpace='rgb', contrast=1.0, depth=-1.0, draggable=False, interpolate=True, mask='circle', maskParams=None, name='center_practice_2', opacity=1, ori=1.0, phase=array([0., 0.]), pos=array([0., 0.]), rgbPedestal=array([0., 0., 0.]), sf=array([4., 4.]), size=array([0.25, 0.25]), tex='sin', texRes=128.0, units='height', win=Window(...))
9.8077 	EXP 	Created text_10 = TextStim(__class__=<class 'psychopy.visual.text.TextStim'>, alignHoriz=method-wrapper(...), alignText='center', alignVert=method-wrapper(...), anchorHoriz='center', anchorVert='center', antialias=True, autoDraw=False, autoLog=True, bold=False, color=array([1., 1., 1.]), colorSpace='rgb', contrast=1.0, depth=-3.0, draggable=False, flipHoriz=False, flipVert=False, font='Arial', fontFiles=[], height=0.05, italic=False, languageStyle='LTR', name='text_10', opacity=1, ori=0.0, pos=array([0., 0.]), rgb=UNKNOWN, text='+', units='height', win=Window(...), wrapWidth=1)
9.8100 	EXP 	Created text_12 = TextStim(__class__=<class 'psychopy.visual.text.TextStim'>, alignHoriz=method-wrapper(...), alignText='center', alignVert=method-wrapper(...), anchorHoriz='center', anchorVert='center', antialias=True, autoDraw=False, autoLog=True, bold=False, color=array([1., 1., 1.]), colorSpace='rgb', contrast=1.0, depth=-4.0, draggable=False, flipHoriz=False, flipVert=False, font='Arial', fontFiles=[], height=0.05, italic=False, languageStyle='LTR', name='text_12', opacity=1, ori=0.0, pos=array([0., 0.]), rgb=UNKNOWN, text=str(...), units='height', win=Window(...), wrapWidth=1)
9.8105 	EXP 	Created text_7 = TextStim(__class__=<class 'psychopy.visual.text.TextStim'>, alignHoriz=method-wrapper(...), alignText='center', alignVert=method-wrapper(...), anchorHoriz='center', anchorVert='center', antialias=True, autoDraw=False, autoLog=True, bold=False, color=array([1., 1., 1.]), colorSpace='rgb', contrast=1.0, depth=-1.0, draggable=False, flipHoriz=False, flipVert=False, font='Arial', fontFiles=[], height=0.05, italic=False, languageStyle='LTR', name='text_7', opacity=1, ori=0.0, pos=array([0., 0.]), rgb=UNKNOWN, text='', units='height', win=Window(...), wrapWidth=1)
9.8151 	EXP 	Created text_13 = TextStim(__class__=<class 'psychopy.visual.text.TextStim'>, alignHoriz=method-wrapper(...), alignText='center', alignVert=method-wrapper(...), anchorHoriz='center', anchorVert='center', antialias=True, autoDraw=False, autoLog=True, bold=False, color=array([1., 1., 1.]), colorSpace='rgb', contrast=1.0, depth=0.0, draggable=False, flipHoriz=False, flipVert=False, font='Arial', fontFiles=[], height=0.05, italic=False, languageStyle='LTR', name='text_13', opacity=1, ori=0.0, pos=array([0., 0.]), rgb=UNKNOWN, text=str(...), units='height', win=Window(...), wrapWidth=1)
9.8165 	EXP 	Created surround_grating = GratingStim(__class__=<class 'psychopy.visual.grating.GratingStim'>, anchor='center', autoDraw=False, autoLog=True, blendmode='avg', color=array([1., 1., 1.]), colorSpace='rgb', contrast=1.0, depth=-1.0, draggable=False, interpolate=True, mask='circle', maskParams=None, name='surround_grating', opacity=1.0, ori=1.0, phase=array([0., 0.]), pos=array([0., 0.]), rgbPedestal=array([0., 0., 0.]), sf=array([8.5, 8.5]), size=array([0.8, 0.8]), tex='sin', texRes=128.0, units='height', win=Window(...))
9.8179 	EXP 	Created center_grating = GratingStim(__class__=<class 'psychopy.visual.grating.GratingStim'>, anchor='center', autoDraw=False, autoLog=True, blendmode='avg', color=array([1., 1., 1.]), colorSpace='rgb', contrast=1.0, depth=-2.0, draggable=False, interpolate=True, mask='circle', maskParams=None, name='center_grating', opacity=1, ori=1.0, phase=array([0., 0.]), pos=array([0., 0.]), rgbPedestal=array([0., 0., 0.]), sf=array([4., 4.]), size=array([0.25, 0.25]), tex='sin', texRes=128.0, units='height', win=Window(...))
9.8190 	EXP 	Created text_2 = TextStim(__class__=<class 'psychopy.visual.text.TextStim'>, alignHoriz=method-wrapper(...), alignText='center', alignVert=method-wrapper(...), anchorHoriz='center', anchorVert='center', antialias=True, autoDraw=False, autoLog=True, bold=False, color=array([1., 1., 1.]), colorSpace='rgb', contrast=1.0, depth=-4.0, draggable=False, flipHoriz=False, flipVert=False, font='Arial', fontFiles=[], height=0.05, italic=False, languageStyle='LTR', name='text_2', opacity=1, ori=0.0, pos=array([0., 0.]), rgb=UNKNOWN, text='+', units='height', win=Window(...), wrapWidth=1)
9.8213 	EXP 	Created text_3 = TextStim(__class__=<class 'psychopy.visual.text.TextStim'>, alignHoriz=method-wrapper(...), alignText='center', alignVert=method-wrapper(...), anchorHoriz='center', anchorVert='center', antialias=True, autoDraw=False, autoLog=True, bold=False, color=array([1., 1., 1.]), colorSpace='rgb', contrast=1.0, depth=-5.0, draggable=False, flipHoriz=False, flipVert=False, font='Arial', fontFiles=[], height=0.05, italic=False, languageStyle='LTR', name='text_3', opacity=1, ori=0.0, pos=array([0., 0.]), rgb=UNKNOWN, text=str(...), units='height', win=Window(...), wrapWidth=1)
9.8238 	EXP 	Created text_4 = TextStim(__class__=<class 'psychopy.visual.text.TextStim'>, alignHoriz=method-wrapper(...), alignText='center', alignVert=method-wrapper(...), anchorHoriz='center', anchorVert='center', antialias=True, autoDraw=False, autoLog=True, bold=False, color=array([1., 1., 1.]), colorSpace='rgb', contrast=1.0, depth=0.0, draggable=False, flipHoriz=False, flipVert=False, font='Arial', fontFiles=[], height=0.05, italic=False, languageStyle='LTR', name='text_4', opacity=1, ori=0.0, pos=array([0., 0.]), rgb=UNKNOWN, text='thank you and have a pleasant day ', units='height', win=Window(...), wrapWidth=1)
0.0255 	INFO 	Keyboard events cleared
0.0251 	WARNING 	t of last frame was 20.30ms (=1/49)
0.0251 	EXP 	text_5: autoDraw = True
0.6396 	DATA 	Keypress: space
0.6431 	INFO 	Keyboard events cleared
0.6427 	WARNING 	t of last frame was 43.18ms (=1/23)
0.6427 	EXP 	text_5: autoDraw = False
0.6427 	EXP 	text_6: autoDraw = True
0.9285 	DATA 	Keypress: space
0.9313 	INFO 	Keyboard events cleared
0.9310 	EXP 	text_6: autoDraw = False
0.9310 	EXP 	surround_practice_3: autoDraw = True
0.9310 	EXP 	center_practice_3: autoDraw = True
0.9310 	EXP 	surround_practice_3: tex = 'sin'
0.9310 	EXP 	center_practice_3: tex = 'sin'
1.6256 	DEBUG 	Read csv file with pandas: tilt_practice_1.csv
1.6288 	DEBUG 	Clearing unnamed columns from tilt_practice_1.csv
1.6294 	EXP 	Imported tilt_practice_1.csv as conditions, 4 conditions, 3 params
1.6301 	EXP 	New trial (rep=0, index=0): <Trial 0 (0 in rep 0) data={'center': 30, 'surround': 0, 'correct': 'right', 'thisN': 0, 'thisTrialN': 0, 'thisRepN': 0}>
1.6392 	DATA 	Keypress: space
1.6426 	INFO 	Keyboard events cleared
1.6423 	WARNING 	t of last frame was 42.70ms (=1/23)
1.6423 	EXP 	surround_practice_3: autoDraw = False
1.6423 	EXP 	center_practice_3: autoDraw = False
1.6423 	EXP 	surround_practice: ori = 0.0
1.6423 	EXP 	center_practice: ori = 30.0
1.6423 	EXP 	text_9: autoDraw = True
2.0987 	EXP 	surround_practice: autoDraw = True
2.0987 	EXP 	center_practice: autoDraw = True
2.0987 	EXP 	surround_practice: tex = 'sin'
2.0987 	EXP 	center_practice: tex = 'sin'
2.1388 	EXP 	text_9: autoDraw = False
3.0885 	EXP 	surround_practice: autoDraw = False
3.0885 	EXP 	center_practice: autoDraw = False
3.0995 	EXP 	text_11: autoDraw = True
3.6377 	DATA 	Keypress: escape
3.6407 	WARNING 	t of last frame was 35.29ms (=1/28)
3.7347 	EXP 	tilt_staircase: status = STOPPED
3.7371 	EXP 	text_11: autoDraw = False
3.7388 	EXP 	tilt_staircase: status = STOPPED
3.7413 	INFO 	saved data to '/Users/bwinsto2/Downloads/data/252426_tilt_staircase_2025-08-14_16h05.00.832.csv'
3.7423 	INFO 	saved data to /Users/bwinsto2/Downloads/data/252426_tilt_staircase_2025-08-14_16h05.00.832.psydat
4.1585 	DEBUG 	Saving data for tilt_staircase ExperimentHandler
