5.9004 	INFO 	Loaded monitor calibration from ['2025_08_13 14:32']
6.1582 	EXP 	Created window1 = Window(allowGUI=True, allowStencil=False, autoLog=True, backendConf=UNKNOWN, backgroundFit=<method-wrapper '__getattribute__' of attributeSetter object at 0x7f96caa51bb0>, backgroundImage=<method-wrapper '__getattribute__' of attributeSetter object at 0x7f96caa51ac0>, bitsMode=UNKNOWN, blendMode='avg', bpc=(8, 8, 8), color=array([0, 0, 0]), colorSpace='rgb', depthBits=8, fullscr=False, gamma=None, gammaErrorPolicy='raise', infoMsg=UNKNOWN, lms=UNKNOWN, monitor=<psychopy.monitors.calibTools.Monitor object at 0x7f96ca51e4f0>, multiSample=False, name='window1', numSamples=2, pos=[320.0, 150.0], screen=0, size=array([1600, 1200]), stencilBits=0, stereo=False, title='PsychoPy', units='height', useFBO=True, useRetina=True, viewOri=0.0, viewPos=None, viewScale=None, waitBlanking=True, winType='pyglet')
6.1583 	EXP 	window1: backgroundImage = ''
6.1583 	EXP 	window1: backgroundFit = 'none'
6.1672 	DEBUG 	TextBox2 loaded 1 chars with 0 blanks and 1 valid
6.1680 	DEBUG 	TextBox2 loaded 1 chars with 0 blanks and 1 valid
6.1688 	DEBUG 	TextBox2 loaded 1 chars with 0 blanks and 1 valid
6.1698 	DEBUG 	TextBox2 loaded 1 chars with 0 blanks and 1 valid
6.1707 	DEBUG 	TextBox2 loaded 1 chars with 0 blanks and 1 valid
6.1712 	DEBUG 	TextBox2 loaded 1 chars with 0 blanks and 1 valid
6.1720 	DEBUG 	TextBox2 loaded 1 chars with 0 blanks and 1 valid
6.1730 	DEBUG 	TextBox2 loaded 1 chars with 0 blanks and 1 valid
6.1733 	DEBUG 	TextBox2 loaded 1 chars with 0 blanks and 1 valid
6.1737 	DEBUG 	TextBox2 loaded 1 chars with 0 blanks and 1 valid
6.1745 	DEBUG 	TextBox2 loaded 1 chars with 0 blanks and 1 valid
6.1754 	DEBUG 	TextBox2 loaded 1 chars with 0 blanks and 1 valid
6.1761 	DEBUG 	TextBox2 loaded 1 chars with 0 blanks and 1 valid
6.1768 	DEBUG 	TextBox2 loaded 1 chars with 0 blanks and 1 valid
6.1775 	DEBUG 	TextBox2 loaded 1 chars with 0 blanks and 1 valid
6.1782 	DEBUG 	TextBox2 loaded 1 chars with 0 blanks and 1 valid
6.1789 	DEBUG 	TextBox2 loaded 1 chars with 0 blanks and 1 valid
6.1794 	DEBUG 	TextBox2 loaded 1 chars with 0 blanks and 1 valid
6.1798 	DEBUG 	TextBox2 loaded 1 chars with 0 blanks and 1 valid
6.1807 	DEBUG 	TextBox2 loaded 1 chars with 0 blanks and 1 valid
6.1811 	DEBUG 	TextBox2 loaded 1 chars with 0 blanks and 1 valid
6.1813 	DEBUG 	Uploading Texture Font fontname to graphics card
6.1855 	DEBUG 	Upload of Texture Font fontname complete
6.1914 	DEBUG 	TextBox2 loaded 1 chars with 0 blanks and 1 valid
6.1925 	DEBUG 	TextBox2 loaded 1 chars with 0 blanks and 1 valid
6.1935 	DEBUG 	TextBox2 loaded 1 chars with 0 blanks and 1 valid
6.1937 	DEBUG 	Uploading Texture Font fontname to graphics card
6.1960 	DEBUG 	Upload of Texture Font fontname complete
6.1977 	EXP 	window1: Attempting to measure frame rate of screen (0) ...
6.1977 	EXP 	window1: recordFrameIntervals = False
6.4492 	EXP 	window1: recordFrameIntervals = True
7.2102 	WARNING 	t of last frame was 27.80ms (=1/35)
7.3018 	WARNING 	Couldn't measure a consistent frame rate!
  - Is your graphics card set to sync to vertical blank?
  - Are you running other processes on your computer?

7.3068 	DEBUG 	TextBox2 loaded 1 chars with 0 blanks and 1 valid
7.3074 	DEBUG 	TextBox2 loaded 1 chars with 0 blanks and 1 valid
7.3082 	DEBUG 	TextBox2 loaded 1 chars with 0 blanks and 1 valid
7.3093 	DEBUG 	TextBox2 loaded 1 chars with 0 blanks and 1 valid
7.3102 	DEBUG 	TextBox2 loaded 1 chars with 0 blanks and 1 valid
7.3111 	DEBUG 	TextBox2 loaded 1 chars with 0 blanks and 1 valid
7.3117 	DEBUG 	TextBox2 loaded 1 chars with 0 blanks and 1 valid
7.3126 	DEBUG 	TextBox2 loaded 1 chars with 0 blanks and 1 valid
7.3136 	DEBUG 	TextBox2 loaded 1 chars with 0 blanks and 1 valid
7.3145 	DEBUG 	TextBox2 loaded 1 chars with 0 blanks and 1 valid
7.3147 	DEBUG 	Uploading Texture Font fontname to graphics card
7.3170 	DEBUG 	Upload of Texture Font fontname complete
7.3330 	WARNING 	launchHubServer: If using the iohub mouse or eyetracker devices, fullScr should be True.
10.9939 	INFO 	keyboard.Keyboard is using iohub backend.
10.9939 	INFO 	keyboard.Keyboard is using iohub backend.
10.9940 	INFO 	keyboard.Keyboard is using iohub backend.
10.9940 	INFO 	keyboard.Keyboard is using iohub backend.
10.9940 	INFO 	keyboard.Keyboard is using iohub backend.
10.9940 	INFO 	keyboard.Keyboard is using iohub backend.
10.9940 	INFO 	keyboard.Keyboard is using iohub backend.
10.9941 	INFO 	keyboard.Keyboard is using iohub backend.
10.9941 	INFO 	keyboard.Keyboard is using iohub backend.
10.9941 	INFO 	keyboard.Keyboard is using iohub backend.
10.9941 	EXP 	tilt_staircase: status = STARTED
11.0496 	EXP 	Created text_5 = TextStim(__class__=<class 'psychopy.visual.text.TextStim'>, alignHoriz=method-wrapper(...), alignText='center', alignVert=method-wrapper(...), anchorHoriz='center', anchorVert='center', antialias=True, autoDraw=False, autoLog=True, bold=False, color=array([1., 1., 1.]), colorSpace='rgb', contrast=1.0, depth=0.0, draggable=False, flipHoriz=False, flipVert=False, font='Arial', fontFiles=[], height=0.05, italic=False, languageStyle='LTR', name='text_5', opacity=1, ori=0.0, pos=array([0., 0.]), rgb=UNKNOWN, text=str(...), units='height', win=Window(...), wrapWidth=1)
11.0574 	EXP 	Created text_6 = TextStim(__class__=<class 'psychopy.visual.text.TextStim'>, alignHoriz=method-wrapper(...), alignText='center', alignVert=method-wrapper(...), anchorHoriz='center', anchorVert='center', antialias=True, autoDraw=False, autoLog=True, bold=False, color=array([1., 1., 1.]), colorSpace='rgb', contrast=1.0, depth=0.0, draggable=False, flipHoriz=False, flipVert=False, font='Arial', fontFiles=[], height=0.05, italic=False, languageStyle='LTR', name='text_6', opacity=1, ori=0.0, pos=array([0., 0.]), rgb=UNKNOWN, text=str(...), units='height', win=Window(...), wrapWidth=1)
11.0608 	EXP 	Created surround_practice = GratingStim(__class__=<class 'psychopy.visual.grating.GratingStim'>, anchor='center', autoDraw=False, autoLog=True, blendmode='avg', color=array([1., 1., 1.]), colorSpace='rgb', contrast=1.0, depth=0.0, draggable=False, interpolate=True, mask='circle', maskParams=None, name='surround_practice', opacity=1, ori=1.0, phase=array([0., 0.]), pos=array([0., 0.]), rgbPedestal=array([0., 0., 0.]), sf=array([1.5, 1.5]), size=array([6., 6.]), tex='sin', texRes=128.0, units='deg', win=Window(...))
11.0627 	EXP 	Created center_practice = GratingStim(__class__=<class 'psychopy.visual.grating.GratingStim'>, anchor='center', autoDraw=False, autoLog=True, blendmode='avg', color=array([1., 1., 1.]), colorSpace='rgb', contrast=1.0, depth=-1.0, draggable=False, interpolate=True, mask='circle', maskParams=None, name='center_practice', opacity=1, ori=1.0, phase=array([0., 0.]), pos=array([0., 0.]), rgbPedestal=array([0., 0., 0.]), sf=array([1.5, 1.5]), size=array([2., 2.]), tex='sin', texRes=128.0, units='deg', win=Window(...))
11.0646 	EXP 	Created text_9 = TextStim(__class__=<class 'psychopy.visual.text.TextStim'>, alignHoriz=method-wrapper(...), alignText='center', alignVert=method-wrapper(...), anchorHoriz='center', anchorVert='center', antialias=True, autoDraw=False, autoLog=True, bold=False, color=array([1., 1., 1.]), colorSpace='rgb', contrast=1.0, depth=-3.0, draggable=False, flipHoriz=False, flipVert=False, font='Arial', fontFiles=[], height=0.05, italic=False, languageStyle='LTR', name='text_9', opacity=1, ori=0.0, pos=array([0., 0.]), rgb=UNKNOWN, text='+', units='height', win=Window(...), wrapWidth=1)
11.0682 	EXP 	Created text_11 = TextStim(__class__=<class 'psychopy.visual.text.TextStim'>, alignHoriz=method-wrapper(...), alignText='center', alignVert=method-wrapper(...), anchorHoriz='center', anchorVert='center', antialias=True, autoDraw=False, autoLog=True, bold=False, color=array([1., 1., 1.]), colorSpace='rgb', contrast=1.0, depth=-4.0, draggable=False, flipHoriz=False, flipVert=False, font='Arial', fontFiles=[], height=0.05, italic=False, languageStyle='LTR', name='text_11', opacity=1, ori=0.0, pos=array([0., 0.]), rgb=UNKNOWN, text=str(...), units='height', win=Window(...), wrapWidth=1)
11.0688 	EXP 	Created text_7 = TextStim(__class__=<class 'psychopy.visual.text.TextStim'>, alignHoriz=method-wrapper(...), alignText='center', alignVert=method-wrapper(...), anchorHoriz='center', anchorVert='center', antialias=True, autoDraw=False, autoLog=True, bold=False, color=array([1., 1., 1.]), colorSpace='rgb', contrast=1.0, depth=-1.0, draggable=False, flipHoriz=False, flipVert=False, font='Arial', fontFiles=[], height=0.05, italic=False, languageStyle='LTR', name='text_7', opacity=1, ori=0.0, pos=array([0., 0.]), rgb=UNKNOWN, text='', units='height', win=Window(...), wrapWidth=1)
11.0694 	EXP 	Created text_14 = TextStim(__class__=<class 'psychopy.visual.text.TextStim'>, alignHoriz=method-wrapper(...), alignText='center', alignVert=method-wrapper(...), anchorHoriz='center', anchorVert='center', antialias=True, autoDraw=False, autoLog=True, bold=False, color=array([1., 1., 1.]), colorSpace='rgb', contrast=1.0, depth=-3.0, draggable=False, flipHoriz=False, flipVert=False, font='Arial', fontFiles=[], height=0.05, italic=False, languageStyle='LTR', name='text_14', opacity=1, ori=0.0, pos=array([ 0.  , -0.25]), rgb=UNKNOWN, text='', units='height', win=Window(...), wrapWidth=1)
11.0740 	EXP 	Created text_8 = TextStim(__class__=<class 'psychopy.visual.text.TextStim'>, alignHoriz=method-wrapper(...), alignText='center', alignVert=method-wrapper(...), anchorHoriz='center', anchorVert='center', antialias=True, autoDraw=False, autoLog=True, bold=False, color=array([1., 1., 1.]), colorSpace='rgb', contrast=1.0, depth=0.0, draggable=False, flipHoriz=False, flipVert=False, font='Arial', fontFiles=[], height=0.05, italic=False, languageStyle='LTR', name='text_8', opacity=1, ori=0.0, pos=array([0., 0.]), rgb=UNKNOWN, text=str(...), units='height', win=Window(...), wrapWidth=1)
11.0757 	EXP 	Created surround_practice_2 = GratingStim(__class__=<class 'psychopy.visual.grating.GratingStim'>, anchor='center', autoDraw=False, autoLog=True, blendmode='avg', color=array([1., 1., 1.]), colorSpace='rgb', contrast=1.0, depth=0.0, draggable=False, interpolate=True, mask='circle', maskParams=None, name='surround_practice_2', opacity=1, ori=1.0, phase=array([0., 0.]), pos=array([0., 0.]), rgbPedestal=array([0., 0., 0.]), sf=array([1.5, 1.5]), size=array([6., 6.]), tex='sin', texRes=128.0, units='deg', win=Window(...))
11.0773 	EXP 	Created center_practice_2 = GratingStim(__class__=<class 'psychopy.visual.grating.GratingStim'>, anchor='center', autoDraw=False, autoLog=True, blendmode='avg', color=array([1., 1., 1.]), colorSpace='rgb', contrast=1.0, depth=-1.0, draggable=False, interpolate=True, mask='circle', maskParams=None, name='center_practice_2', opacity=1, ori=1.0, phase=array([0., 0.]), pos=array([0., 0.]), rgbPedestal=array([0., 0., 0.]), sf=array([1.5, 1.5]), size=array([2., 2.]), tex='sin', texRes=128.0, units='deg', win=Window(...))
11.0786 	EXP 	Created text_10 = TextStim(__class__=<class 'psychopy.visual.text.TextStim'>, alignHoriz=method-wrapper(...), alignText='center', alignVert=method-wrapper(...), anchorHoriz='center', anchorVert='center', antialias=True, autoDraw=False, autoLog=True, bold=False, color=array([1., 1., 1.]), colorSpace='rgb', contrast=1.0, depth=-3.0, draggable=False, flipHoriz=False, flipVert=False, font='Arial', fontFiles=[], height=0.05, italic=False, languageStyle='LTR', name='text_10', opacity=1, ori=0.0, pos=array([0., 0.]), rgb=UNKNOWN, text='+', units='height', win=Window(...), wrapWidth=1)
11.0814 	EXP 	Created text_12 = TextStim(__class__=<class 'psychopy.visual.text.TextStim'>, alignHoriz=method-wrapper(...), alignText='center', alignVert=method-wrapper(...), anchorHoriz='center', anchorVert='center', antialias=True, autoDraw=False, autoLog=True, bold=False, color=array([1., 1., 1.]), colorSpace='rgb', contrast=1.0, depth=-4.0, draggable=False, flipHoriz=False, flipVert=False, font='Arial', fontFiles=[], height=0.05, italic=False, languageStyle='LTR', name='text_12', opacity=1, ori=0.0, pos=array([0., 0.]), rgb=UNKNOWN, text=str(...), units='height', win=Window(...), wrapWidth=1)
11.0819 	EXP 	Created text_7 = TextStim(__class__=<class 'psychopy.visual.text.TextStim'>, alignHoriz=method-wrapper(...), alignText='center', alignVert=method-wrapper(...), anchorHoriz='center', anchorVert='center', antialias=True, autoDraw=False, autoLog=True, bold=False, color=array([1., 1., 1.]), colorSpace='rgb', contrast=1.0, depth=-1.0, draggable=False, flipHoriz=False, flipVert=False, font='Arial', fontFiles=[], height=0.05, italic=False, languageStyle='LTR', name='text_7', opacity=1, ori=0.0, pos=array([0., 0.]), rgb=UNKNOWN, text='', units='height', win=Window(...), wrapWidth=1)
11.0825 	EXP 	Created text_14 = TextStim(__class__=<class 'psychopy.visual.text.TextStim'>, alignHoriz=method-wrapper(...), alignText='center', alignVert=method-wrapper(...), anchorHoriz='center', anchorVert='center', antialias=True, autoDraw=False, autoLog=True, bold=False, color=array([1., 1., 1.]), colorSpace='rgb', contrast=1.0, depth=-3.0, draggable=False, flipHoriz=False, flipVert=False, font='Arial', fontFiles=[], height=0.05, italic=False, languageStyle='LTR', name='text_14', opacity=1, ori=0.0, pos=array([ 0.  , -0.25]), rgb=UNKNOWN, text='', units='height', win=Window(...), wrapWidth=1)
11.0876 	EXP 	Created text_13 = TextStim(__class__=<class 'psychopy.visual.text.TextStim'>, alignHoriz=method-wrapper(...), alignText='center', alignVert=method-wrapper(...), anchorHoriz='center', anchorVert='center', antialias=True, autoDraw=False, autoLog=True, bold=False, color=array([1., 1., 1.]), colorSpace='rgb', contrast=1.0, depth=0.0, draggable=False, flipHoriz=False, flipVert=False, font='Arial', fontFiles=[], height=0.05, italic=False, languageStyle='LTR', name='text_13', opacity=1, ori=0.0, pos=array([0., 0.]), rgb=UNKNOWN, text=str(...), units='height', win=Window(...), wrapWidth=1)
11.0894 	EXP 	Created surround_grating = GratingStim(__class__=<class 'psychopy.visual.grating.GratingStim'>, anchor='center', autoDraw=False, autoLog=True, blendmode='avg', color=array([1., 1., 1.]), colorSpace='rgb', contrast=1.0, depth=-1.0, draggable=False, interpolate=True, mask='circle', maskParams=None, name='surround_grating', opacity=1, ori=1.0, phase=array([0., 0.]), pos=array([0., 0.]), rgbPedestal=array([0., 0., 0.]), sf=array([1.5, 1.5]), size=array([6., 6.]), tex='sin', texRes=128.0, units='deg', win=Window(...))
11.0910 	EXP 	Created center_grating = GratingStim(__class__=<class 'psychopy.visual.grating.GratingStim'>, anchor='center', autoDraw=False, autoLog=True, blendmode='avg', color=array([1., 1., 1.]), colorSpace='rgb', contrast=1.0, depth=-2.0, draggable=False, interpolate=True, mask='circle', maskParams=None, name='center_grating', opacity=1, ori=1.0, phase=array([0., 0.]), pos=array([0., 0.]), rgbPedestal=array([0., 0., 0.]), sf=array([1.5, 1.5]), size=array([2., 2.]), tex='sin', texRes=128.0, units='deg', win=Window(...))
11.0924 	EXP 	Created text_2 = TextStim(__class__=<class 'psychopy.visual.text.TextStim'>, alignHoriz=method-wrapper(...), alignText='center', alignVert=method-wrapper(...), anchorHoriz='center', anchorVert='center', antialias=True, autoDraw=False, autoLog=True, bold=False, color=array([1., 1., 1.]), colorSpace='rgb', contrast=1.0, depth=-4.0, draggable=False, flipHoriz=False, flipVert=False, font='Arial', fontFiles=[], height=0.05, italic=False, languageStyle='LTR', name='text_2', opacity=1, ori=0.0, pos=array([0., 0.]), rgb=UNKNOWN, text='+', units='height', win=Window(...), wrapWidth=1)
11.0953 	EXP 	Created text_3 = TextStim(__class__=<class 'psychopy.visual.text.TextStim'>, alignHoriz=method-wrapper(...), alignText='center', alignVert=method-wrapper(...), anchorHoriz='center', anchorVert='center', antialias=True, autoDraw=False, autoLog=True, bold=False, color=array([1., 1., 1.]), colorSpace='rgb', contrast=1.0, depth=-5.0, draggable=False, flipHoriz=False, flipVert=False, font='Arial', fontFiles=[], height=0.05, italic=False, languageStyle='LTR', name='text_3', opacity=1, ori=0.0, pos=array([0., 0.]), rgb=UNKNOWN, text=str(...), units='height', win=Window(...), wrapWidth=1)
11.0973 	EXP 	Created text_4 = TextStim(__class__=<class 'psychopy.visual.text.TextStim'>, alignHoriz=method-wrapper(...), alignText='center', alignVert=method-wrapper(...), anchorHoriz='center', anchorVert='center', antialias=True, autoDraw=False, autoLog=True, bold=False, color=array([1., 1., 1.]), colorSpace='rgb', contrast=1.0, depth=0.0, draggable=False, flipHoriz=False, flipVert=False, font='Arial', fontFiles=[], height=0.05, italic=False, languageStyle='LTR', name='text_4', opacity=1, ori=0.0, pos=array([0., 0.]), rgb=UNKNOWN, text='thank you and have a pleasant day ', units='height', win=Window(...), wrapWidth=1)
0.0488 	INFO 	Keyboard events cleared
0.0484 	EXP 	text_5: autoDraw = True
0.6647 	DATA 	Keypress: space
0.6683 	INFO 	Keyboard events cleared
0.6679 	WARNING 	t of last frame was 42.18ms (=1/23)
0.6679 	EXP 	text_5: autoDraw = False
0.6679 	EXP 	text_6: autoDraw = True
0.6882 	WARNING 	t of last frame was 20.23ms (=1/49)
0.9672 	DEBUG 	Read csv file with pandas: tilt_practice_1.csv
0.9700 	DEBUG 	Clearing unnamed columns from tilt_practice_1.csv
0.9704 	EXP 	Imported tilt_practice_1.csv as conditions, 4 conditions, 4 params
0.9711 	EXP 	New trial (rep=0, index=0): <Trial 0 (0 in rep 0) data={'center': 30, 'surround': 0, 'corrAns': 'right', 'enzymes': 1, 'thisN': 0, 'thisTrialN': 0, 'thisRepN': 0}>
0.9821 	DATA 	Keypress: space
0.9850 	INFO 	Keyboard events cleared
0.9847 	WARNING 	t of last frame was 29.70ms (=1/33)
0.9847 	EXP 	text_6: autoDraw = False
0.9847 	EXP 	surround_practice: ori = 0.0
0.9847 	EXP 	center_practice: ori = 30.0
0.9847 	EXP 	text_9: autoDraw = True
1.0050 	WARNING 	Multiple dropped frames have occurred - I'll stop bothering you about them!
1.4552 	EXP 	surround_practice: autoDraw = True
1.4552 	EXP 	center_practice: autoDraw = True
1.4552 	EXP 	surround_practice: tex = 'sin'
1.4552 	EXP 	center_practice: tex = 'sin'
1.4759 	EXP 	text_9: autoDraw = False
2.4432 	EXP 	surround_practice: autoDraw = False
2.4432 	EXP 	center_practice: autoDraw = False
2.4556 	EXP 	text_11: autoDraw = True
3.3824 	DATA 	Keypress: right
3.3995 	INFO 	Keyboard events cleared
3.3992 	EXP 	surround_practice: autoDraw = False
3.3992 	EXP 	center_practice: autoDraw = False
3.3992 	EXP 	text_9: autoDraw = False
3.3992 	EXP 	text_11: autoDraw = False
3.3992 	EXP 	text_7: height = 0.05
3.3992 	EXP 	text_7: height = 0.05
3.3992 	EXP 	text_7: height = 0.05
3.3992 	EXP 	text_7: text = 'Correct. Press Spacebar.'
3.3992 	EXP 	text_14: height = 0.05
3.3992 	EXP 	text_14: height = 0.05
3.3992 	EXP 	text_14: height = 0.05
3.3992 	EXP 	text_14: text = 'right'
3.3992 	EXP 	text_7: autoDraw = True
3.3992 	EXP 	text_14: autoDraw = True
4.7642 	EXP 	New trial (rep=0, index=1): <Trial 1 (1 in rep 0) data={'center': -30, 'surround': 0, 'corrAns': 'left', 'enzymes': 2, 'thisN': 1, 'thisTrialN': 1, 'thisRepN': 0}>
4.7659 	DATA 	Keypress: space
4.7735 	INFO 	Keyboard events cleared
4.7732 	EXP 	text_7: autoDraw = False
4.7732 	EXP 	text_14: autoDraw = False
4.7732 	EXP 	surround_practice: ori = 0.0
4.7732 	EXP 	center_practice: ori = -30.0
4.7732 	EXP 	text_9: autoDraw = True
5.2614 	EXP 	surround_practice: autoDraw = True
5.2614 	EXP 	center_practice: autoDraw = True
5.2614 	EXP 	text_9: autoDraw = False
5.9969 	DATA 	Keypress: left
5.9995 	INFO 	Keyboard events cleared
5.9992 	EXP 	surround_practice: autoDraw = False
5.9992 	EXP 	center_practice: autoDraw = False
5.9992 	EXP 	text_9: autoDraw = False
5.9992 	EXP 	text_11: autoDraw = False
5.9992 	EXP 	text_7: height = 0.05
5.9992 	EXP 	text_7: height = 0.05
5.9992 	EXP 	text_7: height = 0.05
5.9992 	EXP 	text_7: text = 'Incorrect. Press Spacebar.'
5.9992 	EXP 	text_14: text = 'right'
5.9992 	EXP 	text_7: autoDraw = True
5.9992 	EXP 	text_14: autoDraw = True
9.6322 	EXP 	New trial (rep=0, index=2): <Trial 2 (2 in rep 0) data={'center': 30, 'surround': 60, 'corrAns': 'right', 'enzymes': 3, 'thisN': 2, 'thisTrialN': 2, 'thisRepN': 0}>
9.6340 	DATA 	Keypress: space
9.6424 	INFO 	Keyboard events cleared
9.6421 	EXP 	text_7: autoDraw = False
9.6421 	EXP 	text_14: autoDraw = False
9.6421 	EXP 	surround_practice: ori = 60.0
9.6421 	EXP 	center_practice: ori = 30.0
9.6421 	EXP 	text_9: autoDraw = True
10.1304 	EXP 	surround_practice: autoDraw = True
10.1304 	EXP 	center_practice: autoDraw = True
10.1304 	EXP 	text_9: autoDraw = False
11.1261 	EXP 	surround_practice: autoDraw = False
11.1261 	EXP 	center_practice: autoDraw = False
11.1303 	EXP 	text_11: autoDraw = True
11.2332 	DATA 	Keypress: right
11.2357 	INFO 	Keyboard events cleared
11.2355 	EXP 	surround_practice: autoDraw = False
11.2355 	EXP 	center_practice: autoDraw = False
11.2355 	EXP 	text_9: autoDraw = False
11.2355 	EXP 	text_11: autoDraw = False
11.2355 	EXP 	text_7: height = 0.05
11.2355 	EXP 	text_7: height = 0.05
11.2355 	EXP 	text_7: height = 0.05
11.2355 	EXP 	text_7: text = 'Correct. Press Spacebar.'
11.2355 	EXP 	text_14: text = 'right'
11.2355 	EXP 	text_7: autoDraw = True
11.2355 	EXP 	text_14: autoDraw = True
13.5679 	EXP 	New trial (rep=0, index=3): <Trial 3 (3 in rep 0) data={'center': -30, 'surround': -60, 'corrAns': 'left', 'enzymes': 4, 'thisN': 3, 'thisTrialN': 3, 'thisRepN': 0}>
13.5697 	DATA 	Keypress: space
13.5775 	INFO 	Keyboard events cleared
13.5772 	EXP 	text_7: autoDraw = False
13.5772 	EXP 	text_14: autoDraw = False
13.5772 	EXP 	surround_practice: ori = -60.0
13.5772 	EXP 	center_practice: ori = -30.0
13.5772 	EXP 	text_9: autoDraw = True
14.0655 	EXP 	surround_practice: autoDraw = True
14.0655 	EXP 	center_practice: autoDraw = True
14.0655 	EXP 	text_9: autoDraw = False
15.0614 	EXP 	surround_practice: autoDraw = False
15.0614 	EXP 	center_practice: autoDraw = False
15.0662 	EXP 	text_11: autoDraw = True
16.7700 	DATA 	Keypress: left
16.7728 	INFO 	Keyboard events cleared
16.7724 	EXP 	surround_practice: autoDraw = False
16.7724 	EXP 	center_practice: autoDraw = False
16.7724 	EXP 	text_9: autoDraw = False
16.7724 	EXP 	text_11: autoDraw = False
16.7724 	EXP 	text_7: height = 0.05
16.7724 	EXP 	text_7: height = 0.05
16.7724 	EXP 	text_7: height = 0.05
16.7724 	EXP 	text_7: text = 'Incorrect. Press Spacebar.'
16.7724 	EXP 	text_14: text = 'right'
16.7724 	EXP 	text_7: autoDraw = True
16.7724 	EXP 	text_14: autoDraw = True
20.4360 	DATA 	Keypress: space
20.4388 	INFO 	Keyboard events cleared
20.4386 	EXP 	text_7: autoDraw = False
20.4386 	EXP 	text_14: autoDraw = False
20.4386 	EXP 	text_8: autoDraw = True
21.3900 	DATA 	Keypress: space
21.4143 	DEBUG 	Read csv file with pandas: tilt_practice_2.csv
21.4179 	DEBUG 	Clearing unnamed columns from tilt_practice_2.csv
21.4185 	EXP 	Imported tilt_practice_2.csv as conditions, 4 conditions, 3 params
21.4188 	EXP 	New trial (rep=0, index=0): <Trial 0 (0 in rep 0) data={'center': -30, 'surround': -60, 'corrAns': '"right"', 'thisN': 0, 'thisTrialN': 0, 'thisRepN': 0}>
21.4222 	INFO 	Keyboard events cleared
21.4220 	EXP 	text_8: autoDraw = False
21.4220 	EXP 	surround_practice_2: ori = -60.0
21.4220 	EXP 	center_practice_2: ori = -30.0
21.4220 	EXP 	text_10: autoDraw = True
21.8977 	EXP 	surround_practice_2: autoDraw = True
21.8977 	EXP 	center_practice_2: autoDraw = True
21.8977 	EXP 	surround_practice_2: tex = 'sin'
21.8977 	EXP 	center_practice_2: tex = 'sin'
21.9191 	EXP 	text_10: autoDraw = False
21.9691 	EXP 	surround_practice_2: autoDraw = False
21.9691 	EXP 	center_practice_2: autoDraw = False
21.9691 	EXP 	text_12: autoDraw = True
23.5859 	DATA 	Keypress: right
23.5885 	INFO 	Keyboard events cleared
23.5882 	EXP 	surround_practice_2: autoDraw = False
23.5882 	EXP 	center_practice_2: autoDraw = False
23.5882 	EXP 	text_10: autoDraw = False
23.5882 	EXP 	text_12: autoDraw = False
23.5882 	EXP 	text_7: text = 'Incorrect. Press Spacebar.'
23.5882 	EXP 	text_14: text = 'right'
23.5882 	EXP 	text_7: autoDraw = True
23.5882 	EXP 	text_14: autoDraw = True
31.7265 	EXP 	New trial (rep=0, index=1): <Trial 1 (1 in rep 0) data={'center': -30, 'surround': 0, 'corrAns': '"left"', 'thisN': 1, 'thisTrialN': 1, 'thisRepN': 0}>
31.7284 	DATA 	Keypress: space
31.7357 	INFO 	Keyboard events cleared
31.7355 	EXP 	text_7: autoDraw = False
31.7355 	EXP 	text_14: autoDraw = False
31.7355 	EXP 	surround_practice_2: ori = 0.0
31.7355 	EXP 	center_practice_2: ori = -30.0
31.7355 	EXP 	text_10: autoDraw = True
32.2236 	EXP 	surround_practice_2: autoDraw = True
32.2236 	EXP 	center_practice_2: autoDraw = True
32.2236 	EXP 	text_10: autoDraw = False
32.3023 	EXP 	surround_practice_2: autoDraw = False
32.3023 	EXP 	center_practice_2: autoDraw = False
32.3023 	EXP 	text_12: autoDraw = True
33.0911 	DATA 	Keypress: left
33.0943 	INFO 	Keyboard events cleared
33.0938 	EXP 	surround_practice_2: autoDraw = False
33.0938 	EXP 	center_practice_2: autoDraw = False
33.0938 	EXP 	text_10: autoDraw = False
33.0938 	EXP 	text_12: autoDraw = False
33.0938 	EXP 	text_7: text = 'Incorrect. Press Spacebar.'
33.0938 	EXP 	text_14: text = 'right'
33.0938 	EXP 	text_7: autoDraw = True
33.0938 	EXP 	text_14: autoDraw = True
36.7739 	EXP 	New trial (rep=0, index=2): <Trial 2 (2 in rep 0) data={'center': 30, 'surround': 60, 'corrAns': '"left"', 'thisN': 2, 'thisTrialN': 2, 'thisRepN': 0}>
36.7757 	DATA 	Keypress: space
36.7784 	INFO 	Keyboard events cleared
36.7782 	EXP 	text_7: autoDraw = False
36.7782 	EXP 	text_14: autoDraw = False
36.7782 	EXP 	surround_practice_2: ori = 60.0
36.7782 	EXP 	center_practice_2: ori = 30.0
36.7782 	EXP 	text_10: autoDraw = True
37.2713 	EXP 	surround_practice_2: autoDraw = True
37.2713 	EXP 	center_practice_2: autoDraw = True
37.2761 	EXP 	text_10: autoDraw = False
37.3426 	EXP 	surround_practice_2: autoDraw = False
37.3426 	EXP 	center_practice_2: autoDraw = False
37.3426 	EXP 	text_12: autoDraw = True
38.7095 	DATA 	Keypress: right
38.7120 	INFO 	Keyboard events cleared
38.7118 	EXP 	surround_practice_2: autoDraw = False
38.7118 	EXP 	center_practice_2: autoDraw = False
38.7118 	EXP 	text_10: autoDraw = False
38.7118 	EXP 	text_12: autoDraw = False
38.7118 	EXP 	text_7: text = 'Incorrect. Press Spacebar.'
38.7118 	EXP 	text_14: text = 'right'
38.7118 	EXP 	text_7: autoDraw = True
38.7118 	EXP 	text_14: autoDraw = True
42.9959 	DATA 	Keypress: escape
43.1776 	DATA 	Keypress: escape
43.2433 	EXP 	tilt_staircase: status = STOPPED
43.2457 	EXP 	text_7: autoDraw = False
43.2457 	EXP 	text_14: autoDraw = False
43.2473 	EXP 	tilt_staircase: status = STOPPED
43.2540 	INFO 	saved data to '/Users/bwinsto2/Downloads/data/282187_tilt_staircase_2025-08-13_17h06.48.775.csv'
43.2559 	INFO 	saved data to /Users/bwinsto2/Downloads/data/282187_tilt_staircase_2025-08-13_17h06.48.775.psydat
43.6042 	DEBUG 	Saving data for tilt_staircase ExperimentHandler
