5.0211 	INFO 	Loaded monitor calibration from ['2025_08_13 14:32']
5.2157 	EXP 	Created window1 = Window(allowGUI=True, allowStencil=False, autoLog=True, backendConf=UNKNOWN, backgroundFit=<method-wrapper '__getattribute__' of attributeSetter object at 0x7fe352530c10>, backgroundImage=<method-wrapper '__getattribute__' of attributeSetter object at 0x7fe352530b20>, bitsMode=UNKNOWN, blendMode='avg', bpc=(8, 8, 8), color=array([0, 0, 0]), colorSpace='rgb', depthBits=8, fullscr=False, gamma=None, gammaErrorPolicy='raise', infoMsg=UNKNOWN, lms=UNKNOWN, monitor=<psychopy.monitors.calibTools.Monitor object at 0x7fe361d2c580>, multiSample=False, name='window1', numSamples=2, pos=[320.0, 150.0], screen=0, size=array([1600, 1200]), stencilBits=0, stereo=False, title='PsychoPy', units='height', useFBO=True, useRetina=True, viewOri=0.0, viewPos=None, viewScale=None, waitBlanking=True, winType='pyglet')
5.2158 	EXP 	window1: backgroundImage = ''
5.2158 	EXP 	window1: backgroundFit = 'none'
5.2243 	DEBUG 	TextBox2 loaded 1 chars with 0 blanks and 1 valid
5.2252 	DEBUG 	TextBox2 loaded 1 chars with 0 blanks and 1 valid
5.2260 	DEBUG 	TextBox2 loaded 1 chars with 0 blanks and 1 valid
5.2270 	DEBUG 	TextBox2 loaded 1 chars with 0 blanks and 1 valid
5.2280 	DEBUG 	TextBox2 loaded 1 chars with 0 blanks and 1 valid
5.2287 	DEBUG 	TextBox2 loaded 1 chars with 0 blanks and 1 valid
5.2294 	DEBUG 	TextBox2 loaded 1 chars with 0 blanks and 1 valid
5.2304 	DEBUG 	TextBox2 loaded 1 chars with 0 blanks and 1 valid
5.2314 	DEBUG 	TextBox2 loaded 1 chars with 0 blanks and 1 valid
5.2329 	DEBUG 	TextBox2 loaded 1 chars with 0 blanks and 1 valid
5.2337 	DEBUG 	TextBox2 loaded 1 chars with 0 blanks and 1 valid
5.2349 	DEBUG 	TextBox2 loaded 1 chars with 0 blanks and 1 valid
5.2356 	DEBUG 	TextBox2 loaded 1 chars with 0 blanks and 1 valid
5.2364 	DEBUG 	TextBox2 loaded 1 chars with 0 blanks and 1 valid
5.2371 	DEBUG 	TextBox2 loaded 1 chars with 0 blanks and 1 valid
5.2379 	DEBUG 	TextBox2 loaded 1 chars with 0 blanks and 1 valid
5.2387 	DEBUG 	TextBox2 loaded 1 chars with 0 blanks and 1 valid
5.2392 	DEBUG 	TextBox2 loaded 1 chars with 0 blanks and 1 valid
5.2397 	DEBUG 	TextBox2 loaded 1 chars with 0 blanks and 1 valid
5.2406 	DEBUG 	TextBox2 loaded 1 chars with 0 blanks and 1 valid
5.2420 	DEBUG 	TextBox2 loaded 1 chars with 0 blanks and 1 valid
5.2422 	DEBUG 	Uploading Texture Font fontname to graphics card
5.2460 	DEBUG 	Upload of Texture Font fontname complete
5.2522 	DEBUG 	TextBox2 loaded 1 chars with 0 blanks and 1 valid
5.2533 	DEBUG 	TextBox2 loaded 1 chars with 0 blanks and 1 valid
5.2542 	DEBUG 	TextBox2 loaded 1 chars with 0 blanks and 1 valid
5.2544 	DEBUG 	Uploading Texture Font fontname to graphics card
5.2564 	DEBUG 	Upload of Texture Font fontname complete
5.2580 	EXP 	window1: Attempting to measure frame rate of screen (0) ...
5.2580 	EXP 	window1: recordFrameIntervals = False
5.4458 	EXP 	window1: recordFrameIntervals = True
6.2801 	WARNING 	Couldn't measure a consistent frame rate!
  - Is your graphics card set to sync to vertical blank?
  - Are you running other processes on your computer?

6.2896 	DEBUG 	TextBox2 loaded 1 chars with 0 blanks and 1 valid
6.2908 	DEBUG 	TextBox2 loaded 1 chars with 0 blanks and 1 valid
6.2924 	DEBUG 	TextBox2 loaded 1 chars with 0 blanks and 1 valid
6.2942 	DEBUG 	TextBox2 loaded 1 chars with 0 blanks and 1 valid
6.2960 	DEBUG 	TextBox2 loaded 1 chars with 0 blanks and 1 valid
6.2976 	DEBUG 	TextBox2 loaded 1 chars with 0 blanks and 1 valid
6.2986 	DEBUG 	TextBox2 loaded 1 chars with 0 blanks and 1 valid
6.3001 	DEBUG 	TextBox2 loaded 1 chars with 0 blanks and 1 valid
6.3018 	DEBUG 	TextBox2 loaded 1 chars with 0 blanks and 1 valid
6.3033 	DEBUG 	TextBox2 loaded 1 chars with 0 blanks and 1 valid
6.3037 	DEBUG 	Uploading Texture Font fontname to graphics card
6.3072 	DEBUG 	Upload of Texture Font fontname complete
6.3321 	WARNING 	launchHubServer: If using the iohub mouse or eyetracker devices, fullScr should be True.
10.1227 	INFO 	keyboard.Keyboard is using iohub backend.
10.1227 	INFO 	keyboard.Keyboard is using iohub backend.
10.1227 	INFO 	keyboard.Keyboard is using iohub backend.
10.1228 	INFO 	keyboard.Keyboard is using iohub backend.
10.1228 	INFO 	keyboard.Keyboard is using iohub backend.
10.1228 	INFO 	keyboard.Keyboard is using iohub backend.
10.1228 	INFO 	keyboard.Keyboard is using iohub backend.
10.1228 	INFO 	keyboard.Keyboard is using iohub backend.
10.1228 	INFO 	keyboard.Keyboard is using iohub backend.
10.1229 	INFO 	keyboard.Keyboard is using iohub backend.
10.1229 	EXP 	tilt_staircase: status = STARTED
10.1686 	EXP 	Created text_5 = TextStim(__class__=<class 'psychopy.visual.text.TextStim'>, alignHoriz=method-wrapper(...), alignText='center', alignVert=method-wrapper(...), anchorHoriz='center', anchorVert='center', antialias=True, autoDraw=False, autoLog=True, bold=False, color=array([1., 1., 1.]), colorSpace='rgb', contrast=1.0, depth=0.0, draggable=False, flipHoriz=False, flipVert=False, font='Arial', fontFiles=[], height=0.05, italic=False, languageStyle='LTR', name='text_5', opacity=1, ori=0.0, pos=array([0., 0.]), rgb=UNKNOWN, text=str(...), units='height', win=Window(...), wrapWidth=1)
10.1756 	EXP 	Created text_6 = TextStim(__class__=<class 'psychopy.visual.text.TextStim'>, alignHoriz=method-wrapper(...), alignText='center', alignVert=method-wrapper(...), anchorHoriz='center', anchorVert='center', antialias=True, autoDraw=False, autoLog=True, bold=False, color=array([1., 1., 1.]), colorSpace='rgb', contrast=1.0, depth=0.0, draggable=False, flipHoriz=False, flipVert=False, font='Arial', fontFiles=[], height=0.05, italic=False, languageStyle='LTR', name='text_6', opacity=1, ori=0.0, pos=array([0., 0.]), rgb=UNKNOWN, text=str(...), units='height', win=Window(...), wrapWidth=1)
10.1778 	EXP 	Created surround_practice = GratingStim(__class__=<class 'psychopy.visual.grating.GratingStim'>, anchor='center', autoDraw=False, autoLog=True, blendmode='avg', color=array([1., 1., 1.]), colorSpace='rgb', contrast=1.0, depth=0.0, draggable=False, interpolate=True, mask='circle', maskParams=None, name='surround_practice', opacity=1, ori=1.0, phase=array([0., 0.]), pos=array([0., 0.]), rgbPedestal=array([0., 0., 0.]), sf=array([1.5, 1.5]), size=array([6., 6.]), tex='sin', texRes=128.0, units='cm', win=Window(...))
10.1793 	EXP 	Created center_practice = GratingStim(__class__=<class 'psychopy.visual.grating.GratingStim'>, anchor='center', autoDraw=False, autoLog=True, blendmode='avg', color=array([1., 1., 1.]), colorSpace='rgb', contrast=1.0, depth=-1.0, draggable=False, interpolate=True, mask='circle', maskParams=None, name='center_practice', opacity=1, ori=1.0, phase=array([0., 0.]), pos=array([0., 0.]), rgbPedestal=array([0., 0., 0.]), sf=array([1.5, 1.5]), size=array([1.25, 1.25]), tex='sin', texRes=128.0, units='cm', win=Window(...))
10.1810 	EXP 	Created text_9 = TextStim(__class__=<class 'psychopy.visual.text.TextStim'>, alignHoriz=method-wrapper(...), alignText='center', alignVert=method-wrapper(...), anchorHoriz='center', anchorVert='center', antialias=True, autoDraw=False, autoLog=True, bold=False, color=array([1., 1., 1.]), colorSpace='rgb', contrast=1.0, depth=-3.0, draggable=False, flipHoriz=False, flipVert=False, font='Arial', fontFiles=[], height=0.05, italic=False, languageStyle='LTR', name='text_9', opacity=1, ori=0.0, pos=array([0., 0.]), rgb=UNKNOWN, text='+', units='height', win=Window(...), wrapWidth=1)
10.1846 	EXP 	Created text_11 = TextStim(__class__=<class 'psychopy.visual.text.TextStim'>, alignHoriz=method-wrapper(...), alignText='center', alignVert=method-wrapper(...), anchorHoriz='center', anchorVert='center', antialias=True, autoDraw=False, autoLog=True, bold=False, color=array([1., 1., 1.]), colorSpace='rgb', contrast=1.0, depth=-4.0, draggable=False, flipHoriz=False, flipVert=False, font='Arial', fontFiles=[], height=0.05, italic=False, languageStyle='LTR', name='text_11', opacity=1, ori=0.0, pos=array([0., 0.]), rgb=UNKNOWN, text=str(...), units='height', win=Window(...), wrapWidth=1)
10.1851 	EXP 	Created text_7 = TextStim(__class__=<class 'psychopy.visual.text.TextStim'>, alignHoriz=method-wrapper(...), alignText='center', alignVert=method-wrapper(...), anchorHoriz='center', anchorVert='center', antialias=True, autoDraw=False, autoLog=True, bold=False, color=array([1., 1., 1.]), colorSpace='rgb', contrast=1.0, depth=-1.0, draggable=False, flipHoriz=False, flipVert=False, font='Arial', fontFiles=[], height=0.05, italic=False, languageStyle='LTR', name='text_7', opacity=1, ori=0.0, pos=array([0., 0.]), rgb=UNKNOWN, text='', units='height', win=Window(...), wrapWidth=1)
10.1890 	EXP 	Created text_8 = TextStim(__class__=<class 'psychopy.visual.text.TextStim'>, alignHoriz=method-wrapper(...), alignText='center', alignVert=method-wrapper(...), anchorHoriz='center', anchorVert='center', antialias=True, autoDraw=False, autoLog=True, bold=False, color=array([1., 1., 1.]), colorSpace='rgb', contrast=1.0, depth=0.0, draggable=False, flipHoriz=False, flipVert=False, font='Arial', fontFiles=[], height=0.05, italic=False, languageStyle='LTR', name='text_8', opacity=1, ori=0.0, pos=array([0., 0.]), rgb=UNKNOWN, text=str(...), units='height', win=Window(...), wrapWidth=1)
10.1906 	EXP 	Created surround_practice_2 = GratingStim(__class__=<class 'psychopy.visual.grating.GratingStim'>, anchor='center', autoDraw=False, autoLog=True, blendmode='avg', color=array([1., 1., 1.]), colorSpace='rgb', contrast=1.0, depth=0.0, draggable=False, interpolate=True, mask='circle', maskParams=None, name='surround_practice_2', opacity=1, ori=1.0, phase=array([0., 0.]), pos=array([0., 0.]), rgbPedestal=array([0., 0., 0.]), sf=array([1.5, 1.5]), size=array([6., 6.]), tex='sin', texRes=128.0, units='deg', win=Window(...))
10.1920 	EXP 	Created center_practice_2 = GratingStim(__class__=<class 'psychopy.visual.grating.GratingStim'>, anchor='center', autoDraw=False, autoLog=True, blendmode='avg', color=array([1., 1., 1.]), colorSpace='rgb', contrast=1.0, depth=-1.0, draggable=False, interpolate=True, mask='circle', maskParams=None, name='center_practice_2', opacity=1, ori=1.0, phase=array([0., 0.]), pos=array([0., 0.]), rgbPedestal=array([0., 0., 0.]), sf=array([1.5, 1.5]), size=array([1.25, 1.25]), tex='sin', texRes=128.0, units='cm', win=Window(...))
10.1932 	EXP 	Created text_10 = TextStim(__class__=<class 'psychopy.visual.text.TextStim'>, alignHoriz=method-wrapper(...), alignText='center', alignVert=method-wrapper(...), anchorHoriz='center', anchorVert='center', antialias=True, autoDraw=False, autoLog=True, bold=False, color=array([1., 1., 1.]), colorSpace='rgb', contrast=1.0, depth=-3.0, draggable=False, flipHoriz=False, flipVert=False, font='Arial', fontFiles=[], height=0.05, italic=False, languageStyle='LTR', name='text_10', opacity=1, ori=0.0, pos=array([0., 0.]), rgb=UNKNOWN, text='+', units='height', win=Window(...), wrapWidth=1)
10.1956 	EXP 	Created text_12 = TextStim(__class__=<class 'psychopy.visual.text.TextStim'>, alignHoriz=method-wrapper(...), alignText='center', alignVert=method-wrapper(...), anchorHoriz='center', anchorVert='center', antialias=True, autoDraw=False, autoLog=True, bold=False, color=array([1., 1., 1.]), colorSpace='rgb', contrast=1.0, depth=-4.0, draggable=False, flipHoriz=False, flipVert=False, font='Arial', fontFiles=[], height=0.05, italic=False, languageStyle='LTR', name='text_12', opacity=1, ori=0.0, pos=array([0., 0.]), rgb=UNKNOWN, text=str(...), units='height', win=Window(...), wrapWidth=1)
10.1961 	EXP 	Created text_7 = TextStim(__class__=<class 'psychopy.visual.text.TextStim'>, alignHoriz=method-wrapper(...), alignText='center', alignVert=method-wrapper(...), anchorHoriz='center', anchorVert='center', antialias=True, autoDraw=False, autoLog=True, bold=False, color=array([1., 1., 1.]), colorSpace='rgb', contrast=1.0, depth=-1.0, draggable=False, flipHoriz=False, flipVert=False, font='Arial', fontFiles=[], height=0.05, italic=False, languageStyle='LTR', name='text_7', opacity=1, ori=0.0, pos=array([0., 0.]), rgb=UNKNOWN, text='', units='height', win=Window(...), wrapWidth=1)
10.2006 	EXP 	Created text_13 = TextStim(__class__=<class 'psychopy.visual.text.TextStim'>, alignHoriz=method-wrapper(...), alignText='center', alignVert=method-wrapper(...), anchorHoriz='center', anchorVert='center', antialias=True, autoDraw=False, autoLog=True, bold=False, color=array([1., 1., 1.]), colorSpace='rgb', contrast=1.0, depth=0.0, draggable=False, flipHoriz=False, flipVert=False, font='Arial', fontFiles=[], height=0.05, italic=False, languageStyle='LTR', name='text_13', opacity=1, ori=0.0, pos=array([0., 0.]), rgb=UNKNOWN, text=str(...), units='height', win=Window(...), wrapWidth=1)
10.2021 	EXP 	Created surround_grating = GratingStim(__class__=<class 'psychopy.visual.grating.GratingStim'>, anchor='center', autoDraw=False, autoLog=True, blendmode='avg', color=array([1., 1., 1.]), colorSpace='rgb', contrast=1.0, depth=-1.0, draggable=False, interpolate=True, mask='circle', maskParams=None, name='surround_grating', opacity=1, ori=1.0, phase=array([0., 0.]), pos=array([0., 0.]), rgbPedestal=array([0., 0., 0.]), sf=array([1.5, 1.5]), size=array([6., 6.]), tex='sin', texRes=128.0, units='deg', win=Window(...))
10.2035 	EXP 	Created center_grating = GratingStim(__class__=<class 'psychopy.visual.grating.GratingStim'>, anchor='center', autoDraw=False, autoLog=True, blendmode='avg', color=array([1., 1., 1.]), colorSpace='rgb', contrast=1.0, depth=-2.0, draggable=False, interpolate=True, mask='circle', maskParams=None, name='center_grating', opacity=1, ori=1.0, phase=array([0., 0.]), pos=array([0., 0.]), rgbPedestal=array([0., 0., 0.]), sf=array([1.5, 1.5]), size=array([1.25, 1.25]), tex='sin', texRes=128.0, units='cm', win=Window(...))
10.2047 	EXP 	Created text_2 = TextStim(__class__=<class 'psychopy.visual.text.TextStim'>, alignHoriz=method-wrapper(...), alignText='center', alignVert=method-wrapper(...), anchorHoriz='center', anchorVert='center', antialias=True, autoDraw=False, autoLog=True, bold=False, color=array([1., 1., 1.]), colorSpace='rgb', contrast=1.0, depth=-4.0, draggable=False, flipHoriz=False, flipVert=False, font='Arial', fontFiles=[], height=0.05, italic=False, languageStyle='LTR', name='text_2', opacity=1, ori=0.0, pos=array([0., 0.]), rgb=UNKNOWN, text='+', units='height', win=Window(...), wrapWidth=1)
10.2070 	EXP 	Created text_3 = TextStim(__class__=<class 'psychopy.visual.text.TextStim'>, alignHoriz=method-wrapper(...), alignText='center', alignVert=method-wrapper(...), anchorHoriz='center', anchorVert='center', antialias=True, autoDraw=False, autoLog=True, bold=False, color=array([1., 1., 1.]), colorSpace='rgb', contrast=1.0, depth=-5.0, draggable=False, flipHoriz=False, flipVert=False, font='Arial', fontFiles=[], height=0.05, italic=False, languageStyle='LTR', name='text_3', opacity=1, ori=0.0, pos=array([0., 0.]), rgb=UNKNOWN, text=str(...), units='height', win=Window(...), wrapWidth=1)
10.2089 	EXP 	Created text_4 = TextStim(__class__=<class 'psychopy.visual.text.TextStim'>, alignHoriz=method-wrapper(...), alignText='center', alignVert=method-wrapper(...), anchorHoriz='center', anchorVert='center', antialias=True, autoDraw=False, autoLog=True, bold=False, color=array([1., 1., 1.]), colorSpace='rgb', contrast=1.0, depth=0.0, draggable=False, flipHoriz=False, flipVert=False, font='Arial', fontFiles=[], height=0.05, italic=False, languageStyle='LTR', name='text_4', opacity=1, ori=0.0, pos=array([0., 0.]), rgb=UNKNOWN, text='thank you and have a pleasant day ', units='height', win=Window(...), wrapWidth=1)
0.0489 	INFO 	Keyboard events cleared
0.0485 	WARNING 	t of last frame was 33.43ms (=1/29)
0.0485 	EXP 	text_5: autoDraw = True
0.1230 	WARNING 	t of last frame was 52.87ms (=1/18)
0.6119 	DATA 	Keypress: space
0.6156 	INFO 	Keyboard events cleared
0.6153 	WARNING 	t of last frame was 39.22ms (=1/25)
0.6153 	EXP 	text_5: autoDraw = False
0.6153 	EXP 	text_6: autoDraw = True
1.0321 	DEBUG 	Read csv file with pandas: tilt_practice_1.csv
1.0331 	DEBUG 	Clearing unnamed columns from tilt_practice_1.csv
1.0343 	EXP 	Imported tilt_practice_1.csv as conditions, 4 conditions, 3 params
1.0346 	EXP 	New trial (rep=0, index=0): <Trial 0 (0 in rep 0) data={'center': 30, 'surround': 0, 'correct': 'right', 'thisN': 0, 'thisTrialN': 0, 'thisRepN': 0}>
1.0418 	DATA 	Keypress: space
1.0452 	INFO 	Keyboard events cleared
1.0448 	EXP 	text_6: autoDraw = False
1.0448 	EXP 	surround_practice: ori = 0.0
1.0448 	EXP 	center_practice: ori = 30.0
1.0448 	EXP 	text_9: autoDraw = True
1.5292 	EXP 	surround_practice: autoDraw = True
1.5292 	EXP 	center_practice: autoDraw = True
1.5292 	EXP 	surround_practice: tex = 'sin'
1.5292 	EXP 	center_practice: tex = 'sin'
1.5368 	EXP 	text_9: autoDraw = False
2.5252 	EXP 	surround_practice: autoDraw = False
2.5252 	EXP 	center_practice: autoDraw = False
2.5252 	EXP 	text_11: autoDraw = True
3.3835 	DATA 	Keypress: escape
3.3973 	WARNING 	t of last frame was 43.81ms (=1/22)
3.4392 	EXP 	tilt_staircase: status = STOPPED
3.4415 	EXP 	text_11: autoDraw = False
3.4430 	EXP 	tilt_staircase: status = STOPPED
3.4450 	INFO 	saved data to '/Users/bwinsto2/Downloads/data/319043_tilt_staircase_2025-08-14_11h56.52.512.csv'
3.4470 	INFO 	saved data to /Users/bwinsto2/Downloads/data/319043_tilt_staircase_2025-08-14_11h56.52.512.psydat
3.6199 	DEBUG 	Saving data for tilt_staircase ExperimentHandler
