16.4036 	DEBUG 	Fullscreen settings ignored as running in pilot mode.
16.4111 	INFO 	Loaded monitor calibration from ['2025_01_25 22:17']
16.7111 	EXP 	Created window1 = Window(allowGUI=False, allowStencil=False, autoLog=True, backendConf=UNKNOWN, backgroundFit=<method-wrapper '__getattribute__' of attributeSetter object at 0x7fe2abbb4d30>, backgroundImage=<method-wrapper '__getattribute__' of attributeSetter object at 0x7fe2abbb4c40>, bitsMode=UNKNOWN, blendMode='avg', bpc=(8, 8, 8), color=array([0, 0, 0]), colorSpace='rgb', depthBits=8, fullscr=False, gamma=None, gammaErrorPolicy='raise', infoMsg=UNKNOWN, lms=UNKNOWN, monitor=<psychopy.monitors.calibTools.Monitor object at 0x7fe2abbe07c0>, multiSample=False, name='window1', numSamples=2, pos=[1320.0, 420.0], screen=1, size=array([800, 600]), stencilBits=0, stereo=False, title='PsychoPy', units='height', useFBO=True, useRetina=False, viewOri=0.0, viewPos=None, viewScale=None, waitBlanking=True, winType='pyglet')
16.7111 	EXP 	window1: backgroundImage = ''
16.7111 	EXP 	window1: backgroundFit = 'none'
16.7286 	DEBUG 	TextBox2 loaded 1 chars with 0 blanks and 1 valid
16.7295 	DEBUG 	TextBox2 loaded 1 chars with 0 blanks and 1 valid
16.7303 	DEBUG 	TextBox2 loaded 1 chars with 0 blanks and 1 valid
16.7312 	DEBUG 	TextBox2 loaded 1 chars with 0 blanks and 1 valid
16.7321 	DEBUG 	TextBox2 loaded 1 chars with 0 blanks and 1 valid
16.7325 	DEBUG 	TextBox2 loaded 1 chars with 0 blanks and 1 valid
16.7332 	DEBUG 	TextBox2 loaded 1 chars with 0 blanks and 1 valid
16.7341 	DEBUG 	TextBox2 loaded 1 chars with 0 blanks and 1 valid
16.7344 	DEBUG 	TextBox2 loaded 1 chars with 0 blanks and 1 valid
16.7348 	DEBUG 	TextBox2 loaded 1 chars with 0 blanks and 1 valid
16.7354 	DEBUG 	TextBox2 loaded 1 chars with 0 blanks and 1 valid
16.7361 	DEBUG 	TextBox2 loaded 1 chars with 0 blanks and 1 valid
16.7367 	DEBUG 	TextBox2 loaded 1 chars with 0 blanks and 1 valid
16.7374 	DEBUG 	TextBox2 loaded 1 chars with 0 blanks and 1 valid
16.7380 	DEBUG 	TextBox2 loaded 1 chars with 0 blanks and 1 valid
16.7387 	DEBUG 	TextBox2 loaded 1 chars with 0 blanks and 1 valid
16.7394 	DEBUG 	TextBox2 loaded 1 chars with 0 blanks and 1 valid
16.7398 	DEBUG 	TextBox2 loaded 1 chars with 0 blanks and 1 valid
16.7402 	DEBUG 	TextBox2 loaded 1 chars with 0 blanks and 1 valid
16.7411 	DEBUG 	TextBox2 loaded 1 chars with 0 blanks and 1 valid
16.7415 	DEBUG 	TextBox2 loaded 1 chars with 0 blanks and 1 valid
16.7417 	DEBUG 	Uploading Texture Font fontname to graphics card
16.7453 	DEBUG 	Upload of Texture Font fontname complete
16.7505 	DEBUG 	TextBox2 loaded 1 chars with 0 blanks and 1 valid
16.7514 	DEBUG 	TextBox2 loaded 1 chars with 0 blanks and 1 valid
16.7522 	DEBUG 	TextBox2 loaded 1 chars with 0 blanks and 1 valid
16.7524 	DEBUG 	Uploading Texture Font fontname to graphics card
16.7542 	DEBUG 	Upload of Texture Font fontname complete
16.7557 	EXP 	window1: Attempting to measure frame rate of screen (1) ...
16.7558 	EXP 	window1: recordFrameIntervals = False
16.9984 	EXP 	window1: recordFrameIntervals = True
17.8327 	WARNING 	Couldn't measure a consistent frame rate!
  - Is your graphics card set to sync to vertical blank?
  - Are you running other processes on your computer?

17.8438 	DEBUG 	TextBox2 loaded 1 chars with 0 blanks and 1 valid
17.8450 	DEBUG 	TextBox2 loaded 1 chars with 0 blanks and 1 valid
17.8466 	DEBUG 	TextBox2 loaded 1 chars with 0 blanks and 1 valid
17.8486 	DEBUG 	TextBox2 loaded 1 chars with 0 blanks and 1 valid
17.8504 	DEBUG 	TextBox2 loaded 1 chars with 0 blanks and 1 valid
17.8523 	DEBUG 	TextBox2 loaded 1 chars with 0 blanks and 1 valid
17.8533 	DEBUG 	TextBox2 loaded 1 chars with 0 blanks and 1 valid
17.8550 	DEBUG 	TextBox2 loaded 1 chars with 0 blanks and 1 valid
17.8568 	DEBUG 	TextBox2 loaded 1 chars with 0 blanks and 1 valid
17.8585 	DEBUG 	TextBox2 loaded 1 chars with 0 blanks and 1 valid
17.8589 	DEBUG 	Uploading Texture Font fontname to graphics card
17.8636 	DEBUG 	Upload of Texture Font fontname complete
17.9438 	WARNING 	launchHubServer: If using the iohub mouse or eyetracker devices, fullScr should be True.
26.4281 	INFO 	keyboard.Keyboard is using iohub backend.
26.4281 	INFO 	keyboard.Keyboard is using iohub backend.
26.4282 	EXP 	tilt_staircase: status = STARTED
26.4345 	EXP 	Created surround = GratingStim(__class__=<class 'psychopy.visual.grating.GratingStim'>, anchor='center', autoDraw=False, autoLog=True, blendmode='avg', color=array([1., 1., 1.]), colorSpace='rgb', contrast=1.0, depth=-1.0, draggable=False, interpolate=True, mask='circle', maskParams=None, name='surround', opacity=1, ori=1.0, phase=array([0., 0.]), pos=array([0., 0.]), rgbPedestal=array([0., 0., 0.]), sf=array([7., 7.]), size=array([0.75, 0.75]), tex='sin', texRes=128.0, units='height', win=Window(...))
26.4360 	EXP 	Created center = GratingStim(__class__=<class 'psychopy.visual.grating.GratingStim'>, anchor='center', autoDraw=False, autoLog=True, blendmode='avg', color=array([1., 1., 1.]), colorSpace='rgb', contrast=1.0, depth=-2.0, draggable=False, interpolate=True, mask='circle', maskParams=None, name='center', opacity=1, ori=1.0, phase=array([0., 0.]), pos=array([0., 0.]), rgbPedestal=array([0., 0., 0.]), sf=array([2., 2.]), size=array([0.3, 0.3]), tex='sin', texRes=128.0, units='height', win=Window(...))
26.4484 	EXP 	Created text = TextStim(__class__=<class 'psychopy.visual.text.TextStim'>, alignHoriz=method-wrapper(...), alignText='center', alignVert=method-wrapper(...), anchorHoriz='center', anchorVert='center', antialias=True, autoDraw=False, autoLog=True, bold=False, color=array([ 1., -1., -1.]), colorSpace='rgb', contrast=1.0, depth=-3.0, draggable=False, flipHoriz=False, flipVert=False, font='Arial', fontFiles=[], height=0.05, italic=False, languageStyle='LTR', name='text', opacity=1, ori=0.0, pos=array([0., 0.]), rgb=UNKNOWN, text='', units='height', win=Window(...), wrapWidth=1)
26.4629 	DEBUG 	Saving data for tilt_staircase ExperimentHandler
26.4635 	INFO 	saved data to /Users/bwinsto2/Downloads/data/322350_tilt_staircase_2025-08-11_11h55.34.181.psydat
26.4638 	INFO 	saved data to '/Users/bwinsto2/Downloads/data/322350_tilt_staircase_2025-08-11_11h55.34.181.csv'
