6.8253 	INFO 	Loaded monitor calibration from ['2025_08_13 14:32']
7.0704 	EXP 	Created window1 = Window(allowGUI=True, allowStencil=False, autoLog=True, backendConf=UNKNOWN, backgroundFit=<method-wrapper '__getattribute__' of attributeSetter object at 0x7f7ce2e88be0>, backgroundImage=<method-wrapper '__getattribute__' of attributeSetter object at 0x7f7ce2e88af0>, bitsMode=UNKNOWN, blendMode='avg', bpc=(8, 8, 8), color=array([0, 0, 0]), colorSpace='rgb', depthBits=8, fullscr=False, gamma=None, gammaErrorPolicy='raise', infoMsg=UNKNOWN, lms=UNKNOWN, monitor=<psychopy.monitors.calibTools.Monitor object at 0x7f7ce2bcd580>, multiSample=False, name='window1', numSamples=2, pos=[320.0, 150.0], screen=0, size=array([1600, 1200]), stencilBits=0, stereo=False, title='PsychoPy', units='height', useFBO=True, useRetina=True, viewOri=0.0, viewPos=None, viewScale=None, waitBlanking=True, winType='pyglet')
7.0705 	EXP 	window1: backgroundImage = ''
7.0705 	EXP 	window1: backgroundFit = 'none'
7.0838 	DEBUG 	TextBox2 loaded 1 chars with 0 blanks and 1 valid
7.0848 	DEBUG 	TextBox2 loaded 1 chars with 0 blanks and 1 valid
7.0856 	DEBUG 	TextBox2 loaded 1 chars with 0 blanks and 1 valid
7.0866 	DEBUG 	TextBox2 loaded 1 chars with 0 blanks and 1 valid
7.0875 	DEBUG 	TextBox2 loaded 1 chars with 0 blanks and 1 valid
7.0881 	DEBUG 	TextBox2 loaded 1 chars with 0 blanks and 1 valid
7.0888 	DEBUG 	TextBox2 loaded 1 chars with 0 blanks and 1 valid
7.0898 	DEBUG 	TextBox2 loaded 1 chars with 0 blanks and 1 valid
7.0905 	DEBUG 	TextBox2 loaded 1 chars with 0 blanks and 1 valid
7.0909 	DEBUG 	TextBox2 loaded 1 chars with 0 blanks and 1 valid
7.0917 	DEBUG 	TextBox2 loaded 1 chars with 0 blanks and 1 valid
7.0925 	DEBUG 	TextBox2 loaded 1 chars with 0 blanks and 1 valid
7.0932 	DEBUG 	TextBox2 loaded 1 chars with 0 blanks and 1 valid
7.0940 	DEBUG 	TextBox2 loaded 1 chars with 0 blanks and 1 valid
7.0947 	DEBUG 	TextBox2 loaded 1 chars with 0 blanks and 1 valid
7.0955 	DEBUG 	TextBox2 loaded 1 chars with 0 blanks and 1 valid
7.0962 	DEBUG 	TextBox2 loaded 1 chars with 0 blanks and 1 valid
7.0968 	DEBUG 	TextBox2 loaded 1 chars with 0 blanks and 1 valid
7.0974 	DEBUG 	TextBox2 loaded 1 chars with 0 blanks and 1 valid
7.0985 	DEBUG 	TextBox2 loaded 1 chars with 0 blanks and 1 valid
7.0990 	DEBUG 	TextBox2 loaded 1 chars with 0 blanks and 1 valid
7.0992 	DEBUG 	Uploading Texture Font fontname to graphics card
7.1032 	DEBUG 	Upload of Texture Font fontname complete
7.1088 	DEBUG 	TextBox2 loaded 1 chars with 0 blanks and 1 valid
7.1098 	DEBUG 	TextBox2 loaded 1 chars with 0 blanks and 1 valid
7.1108 	DEBUG 	TextBox2 loaded 1 chars with 0 blanks and 1 valid
7.1109 	DEBUG 	Uploading Texture Font fontname to graphics card
7.1133 	DEBUG 	Upload of Texture Font fontname complete
7.1150 	EXP 	window1: Attempting to measure frame rate of screen (0) ...
7.1150 	EXP 	window1: recordFrameIntervals = False
7.3300 	EXP 	window1: recordFrameIntervals = True
8.1640 	WARNING 	Couldn't measure a consistent frame rate!
  - Is your graphics card set to sync to vertical blank?
  - Are you running other processes on your computer?

8.1727 	DEBUG 	TextBox2 loaded 1 chars with 0 blanks and 1 valid
8.1737 	DEBUG 	TextBox2 loaded 1 chars with 0 blanks and 1 valid
8.1751 	DEBUG 	TextBox2 loaded 1 chars with 0 blanks and 1 valid
8.1767 	DEBUG 	TextBox2 loaded 1 chars with 0 blanks and 1 valid
8.1783 	DEBUG 	TextBox2 loaded 1 chars with 0 blanks and 1 valid
8.1798 	DEBUG 	TextBox2 loaded 1 chars with 0 blanks and 1 valid
8.1806 	DEBUG 	TextBox2 loaded 1 chars with 0 blanks and 1 valid
8.1819 	DEBUG 	TextBox2 loaded 1 chars with 0 blanks and 1 valid
8.1834 	DEBUG 	TextBox2 loaded 1 chars with 0 blanks and 1 valid
8.1847 	DEBUG 	TextBox2 loaded 1 chars with 0 blanks and 1 valid
8.1850 	DEBUG 	Uploading Texture Font fontname to graphics card
8.1883 	DEBUG 	Upload of Texture Font fontname complete
8.2102 	WARNING 	launchHubServer: If using the iohub mouse or eyetracker devices, fullScr should be True.
11.8879 	INFO 	keyboard.Keyboard is using iohub backend.
11.8879 	INFO 	keyboard.Keyboard is using iohub backend.
11.8880 	INFO 	keyboard.Keyboard is using iohub backend.
11.8880 	INFO 	keyboard.Keyboard is using iohub backend.
11.8880 	INFO 	keyboard.Keyboard is using iohub backend.
11.8880 	INFO 	keyboard.Keyboard is using iohub backend.
11.8880 	INFO 	keyboard.Keyboard is using iohub backend.
11.8881 	INFO 	keyboard.Keyboard is using iohub backend.
11.8881 	INFO 	keyboard.Keyboard is using iohub backend.
11.8881 	INFO 	keyboard.Keyboard is using iohub backend.
11.8881 	EXP 	tilt_staircase: status = STARTED
11.9597 	EXP 	Created text_5 = TextStim(__class__=<class 'psychopy.visual.text.TextStim'>, alignHoriz=method-wrapper(...), alignText='center', alignVert=method-wrapper(...), anchorHoriz='center', anchorVert='center', antialias=True, autoDraw=False, autoLog=True, bold=False, color=array([1., 1., 1.]), colorSpace='rgb', contrast=1.0, depth=0.0, draggable=False, flipHoriz=False, flipVert=False, font='Arial', fontFiles=[], height=0.05, italic=False, languageStyle='LTR', name='text_5', opacity=1, ori=0.0, pos=array([0., 0.]), rgb=UNKNOWN, text=str(...), units='height', win=Window(...), wrapWidth=1)
11.9694 	EXP 	Created text_6 = TextStim(__class__=<class 'psychopy.visual.text.TextStim'>, alignHoriz=method-wrapper(...), alignText='center', alignVert=method-wrapper(...), anchorHoriz='center', anchorVert='center', antialias=True, autoDraw=False, autoLog=True, bold=False, color=array([1., 1., 1.]), colorSpace='rgb', contrast=1.0, depth=0.0, draggable=False, flipHoriz=False, flipVert=False, font='Arial', fontFiles=[], height=0.05, italic=False, languageStyle='LTR', name='text_6', opacity=1, ori=0.0, pos=array([0., 0.]), rgb=UNKNOWN, text=str(...), units='height', win=Window(...), wrapWidth=1)
11.9722 	EXP 	Created surround_practice = GratingStim(__class__=<class 'psychopy.visual.grating.GratingStim'>, anchor='center', autoDraw=False, autoLog=True, blendmode='avg', color=array([1., 1., 1.]), colorSpace='rgb', contrast=1.0, depth=0.0, draggable=False, interpolate=True, mask='circle', maskParams=None, name='surround_practice', opacity=1, ori=1.0, phase=array([0., 0.]), pos=array([0., 0.]), rgbPedestal=array([0., 0., 0.]), sf=array([2.5, 2.5]), size=array([5., 5.]), tex='sin', texRes=128.0, units='cm', win=Window(...))
11.9738 	EXP 	Created center_practice = GratingStim(__class__=<class 'psychopy.visual.grating.GratingStim'>, anchor='center', autoDraw=False, autoLog=True, blendmode='avg', color=array([1., 1., 1.]), colorSpace='rgb', contrast=1.0, depth=-1.0, draggable=False, interpolate=True, mask='circle', maskParams=None, name='center_practice', opacity=1, ori=1.0, phase=array([0., 0.]), pos=array([0., 0.]), rgbPedestal=array([0., 0., 0.]), sf=array([2.5, 2.5]), size=array([1.25, 1.25]), tex='sin', texRes=128.0, units='cm', win=Window(...))
11.9763 	EXP 	Created text_9 = TextStim(__class__=<class 'psychopy.visual.text.TextStim'>, alignHoriz=method-wrapper(...), alignText='center', alignVert=method-wrapper(...), anchorHoriz='center', anchorVert='center', antialias=True, autoDraw=False, autoLog=True, bold=False, color=array([1., 1., 1.]), colorSpace='rgb', contrast=1.0, depth=-3.0, draggable=False, flipHoriz=False, flipVert=False, font='Arial', fontFiles=[], height=0.05, italic=False, languageStyle='LTR', name='text_9', opacity=1, ori=0.0, pos=array([0., 0.]), rgb=UNKNOWN, text='+', units='height', win=Window(...), wrapWidth=1)
11.9804 	EXP 	Created text_11 = TextStim(__class__=<class 'psychopy.visual.text.TextStim'>, alignHoriz=method-wrapper(...), alignText='center', alignVert=method-wrapper(...), anchorHoriz='center', anchorVert='center', antialias=True, autoDraw=False, autoLog=True, bold=False, color=array([1., 1., 1.]), colorSpace='rgb', contrast=1.0, depth=-4.0, draggable=False, flipHoriz=False, flipVert=False, font='Arial', fontFiles=[], height=0.05, italic=False, languageStyle='LTR', name='text_11', opacity=1, ori=0.0, pos=array([0., 0.]), rgb=UNKNOWN, text=str(...), units='height', win=Window(...), wrapWidth=1)
11.9810 	EXP 	Created text_7 = TextStim(__class__=<class 'psychopy.visual.text.TextStim'>, alignHoriz=method-wrapper(...), alignText='center', alignVert=method-wrapper(...), anchorHoriz='center', anchorVert='center', antialias=True, autoDraw=False, autoLog=True, bold=False, color=array([1., 1., 1.]), colorSpace='rgb', contrast=1.0, depth=-1.0, draggable=False, flipHoriz=False, flipVert=False, font='Arial', fontFiles=[], height=0.05, italic=False, languageStyle='LTR', name='text_7', opacity=1, ori=0.0, pos=array([0., 0.]), rgb=UNKNOWN, text='', units='height', win=Window(...), wrapWidth=1)
11.9850 	EXP 	Created text_8 = TextStim(__class__=<class 'psychopy.visual.text.TextStim'>, alignHoriz=method-wrapper(...), alignText='center', alignVert=method-wrapper(...), anchorHoriz='center', anchorVert='center', antialias=True, autoDraw=False, autoLog=True, bold=False, color=array([1., 1., 1.]), colorSpace='rgb', contrast=1.0, depth=0.0, draggable=False, flipHoriz=False, flipVert=False, font='Arial', fontFiles=[], height=0.05, italic=False, languageStyle='LTR', name='text_8', opacity=1, ori=0.0, pos=array([0., 0.]), rgb=UNKNOWN, text=str(...), units='height', win=Window(...), wrapWidth=1)
11.9868 	EXP 	Created surround_practice_2 = GratingStim(__class__=<class 'psychopy.visual.grating.GratingStim'>, anchor='center', autoDraw=False, autoLog=True, blendmode='avg', color=array([1., 1., 1.]), colorSpace='rgb', contrast=1.0, depth=0.0, draggable=False, interpolate=True, mask='circle', maskParams=None, name='surround_practice_2', opacity=1, ori=1.0, phase=array([0., 0.]), pos=array([0., 0.]), rgbPedestal=array([0., 0., 0.]), sf=array([2.5, 2.5]), size=array([6., 6.]), tex='sin', texRes=128.0, units='deg', win=Window(...))
11.9882 	EXP 	Created center_practice_2 = GratingStim(__class__=<class 'psychopy.visual.grating.GratingStim'>, anchor='center', autoDraw=False, autoLog=True, blendmode='avg', color=array([1., 1., 1.]), colorSpace='rgb', contrast=1.0, depth=-1.0, draggable=False, interpolate=True, mask='circle', maskParams=None, name='center_practice_2', opacity=1, ori=1.0, phase=array([0., 0.]), pos=array([0., 0.]), rgbPedestal=array([0., 0., 0.]), sf=array([2.5, 2.5]), size=array([1.25, 1.25]), tex='sin', texRes=128.0, units='cm', win=Window(...))
11.9894 	EXP 	Created text_10 = TextStim(__class__=<class 'psychopy.visual.text.TextStim'>, alignHoriz=method-wrapper(...), alignText='center', alignVert=method-wrapper(...), anchorHoriz='center', anchorVert='center', antialias=True, autoDraw=False, autoLog=True, bold=False, color=array([1., 1., 1.]), colorSpace='rgb', contrast=1.0, depth=-3.0, draggable=False, flipHoriz=False, flipVert=False, font='Arial', fontFiles=[], height=0.05, italic=False, languageStyle='LTR', name='text_10', opacity=1, ori=0.0, pos=array([0., 0.]), rgb=UNKNOWN, text='+', units='height', win=Window(...), wrapWidth=1)
11.9919 	EXP 	Created text_12 = TextStim(__class__=<class 'psychopy.visual.text.TextStim'>, alignHoriz=method-wrapper(...), alignText='center', alignVert=method-wrapper(...), anchorHoriz='center', anchorVert='center', antialias=True, autoDraw=False, autoLog=True, bold=False, color=array([1., 1., 1.]), colorSpace='rgb', contrast=1.0, depth=-4.0, draggable=False, flipHoriz=False, flipVert=False, font='Arial', fontFiles=[], height=0.05, italic=False, languageStyle='LTR', name='text_12', opacity=1, ori=0.0, pos=array([0., 0.]), rgb=UNKNOWN, text=str(...), units='height', win=Window(...), wrapWidth=1)
11.9924 	EXP 	Created text_7 = TextStim(__class__=<class 'psychopy.visual.text.TextStim'>, alignHoriz=method-wrapper(...), alignText='center', alignVert=method-wrapper(...), anchorHoriz='center', anchorVert='center', antialias=True, autoDraw=False, autoLog=True, bold=False, color=array([1., 1., 1.]), colorSpace='rgb', contrast=1.0, depth=-1.0, draggable=False, flipHoriz=False, flipVert=False, font='Arial', fontFiles=[], height=0.05, italic=False, languageStyle='LTR', name='text_7', opacity=1, ori=0.0, pos=array([0., 0.]), rgb=UNKNOWN, text='', units='height', win=Window(...), wrapWidth=1)
11.9969 	EXP 	Created text_13 = TextStim(__class__=<class 'psychopy.visual.text.TextStim'>, alignHoriz=method-wrapper(...), alignText='center', alignVert=method-wrapper(...), anchorHoriz='center', anchorVert='center', antialias=True, autoDraw=False, autoLog=True, bold=False, color=array([1., 1., 1.]), colorSpace='rgb', contrast=1.0, depth=0.0, draggable=False, flipHoriz=False, flipVert=False, font='Arial', fontFiles=[], height=0.05, italic=False, languageStyle='LTR', name='text_13', opacity=1, ori=0.0, pos=array([0., 0.]), rgb=UNKNOWN, text=str(...), units='height', win=Window(...), wrapWidth=1)
11.9986 	EXP 	Created surround_grating = GratingStim(__class__=<class 'psychopy.visual.grating.GratingStim'>, anchor='center', autoDraw=False, autoLog=True, blendmode='avg', color=array([1., 1., 1.]), colorSpace='rgb', contrast=1.0, depth=-1.0, draggable=False, interpolate=True, mask='circle', maskParams=None, name='surround_grating', opacity=1.0, ori=1.0, phase=array([0., 0.]), pos=array([0., 0.]), rgbPedestal=array([0., 0., 0.]), sf=array([2.5, 2.5]), size=array([6., 6.]), tex='sin', texRes=128.0, units='deg', win=Window(...))
12.0001 	EXP 	Created center_grating = GratingStim(__class__=<class 'psychopy.visual.grating.GratingStim'>, anchor='center', autoDraw=False, autoLog=True, blendmode='avg', color=array([1., 1., 1.]), colorSpace='rgb', contrast=1.0, depth=-2.0, draggable=False, interpolate=True, mask='circle', maskParams=None, name='center_grating', opacity=1, ori=1.0, phase=array([0., 0.]), pos=array([0., 0.]), rgbPedestal=array([0., 0., 0.]), sf=array([2.5, 2.5]), size=array([1.25, 1.25]), tex='sin', texRes=128.0, units='cm', win=Window(...))
12.0014 	EXP 	Created text_2 = TextStim(__class__=<class 'psychopy.visual.text.TextStim'>, alignHoriz=method-wrapper(...), alignText='center', alignVert=method-wrapper(...), anchorHoriz='center', anchorVert='center', antialias=True, autoDraw=False, autoLog=True, bold=False, color=array([1., 1., 1.]), colorSpace='rgb', contrast=1.0, depth=-4.0, draggable=False, flipHoriz=False, flipVert=False, font='Arial', fontFiles=[], height=0.05, italic=False, languageStyle='LTR', name='text_2', opacity=1, ori=0.0, pos=array([0., 0.]), rgb=UNKNOWN, text='+', units='height', win=Window(...), wrapWidth=1)
12.0039 	EXP 	Created text_3 = TextStim(__class__=<class 'psychopy.visual.text.TextStim'>, alignHoriz=method-wrapper(...), alignText='center', alignVert=method-wrapper(...), anchorHoriz='center', anchorVert='center', antialias=True, autoDraw=False, autoLog=True, bold=False, color=array([1., 1., 1.]), colorSpace='rgb', contrast=1.0, depth=-5.0, draggable=False, flipHoriz=False, flipVert=False, font='Arial', fontFiles=[], height=0.05, italic=False, languageStyle='LTR', name='text_3', opacity=1, ori=0.0, pos=array([0., 0.]), rgb=UNKNOWN, text=str(...), units='height', win=Window(...), wrapWidth=1)
12.0057 	EXP 	Created text_4 = TextStim(__class__=<class 'psychopy.visual.text.TextStim'>, alignHoriz=method-wrapper(...), alignText='center', alignVert=method-wrapper(...), anchorHoriz='center', anchorVert='center', antialias=True, autoDraw=False, autoLog=True, bold=False, color=array([1., 1., 1.]), colorSpace='rgb', contrast=1.0, depth=0.0, draggable=False, flipHoriz=False, flipVert=False, font='Arial', fontFiles=[], height=0.05, italic=False, languageStyle='LTR', name='text_4', opacity=1, ori=0.0, pos=array([0., 0.]), rgb=UNKNOWN, text='thank you and have a pleasant day ', units='height', win=Window(...), wrapWidth=1)
0.0313 	DATA 	Keypress: s
0.0543 	INFO 	Keyboard events cleared
0.0541 	EXP 	text_5: autoDraw = True
0.0743 	WARNING 	t of last frame was 20.26ms (=1/49)
0.0778 	DATA 	Keypress: e
0.1607 	DATA 	Keypress: n
2.4909 	WARNING 	t of last frame was 20.11ms (=1/49)
4.9145 	DATA 	Keypress: space
4.9174 	INFO 	Keyboard events cleared
4.9171 	EXP 	text_5: autoDraw = False
4.9171 	EXP 	text_6: autoDraw = True
5.3979 	DEBUG 	Read csv file with pandas: tilt_practice_1.csv
5.3989 	DEBUG 	Clearing unnamed columns from tilt_practice_1.csv
5.3993 	EXP 	Imported tilt_practice_1.csv as conditions, 4 conditions, 3 params
5.3997 	EXP 	New trial (rep=0, index=0): <Trial 0 (0 in rep 0) data={'center': 30, 'surround': 0, 'correct': 'right', 'thisN': 0, 'thisTrialN': 0, 'thisRepN': 0}>
5.4062 	DATA 	Keypress: space
5.4090 	INFO 	Keyboard events cleared
5.4088 	EXP 	text_6: autoDraw = False
5.4088 	EXP 	surround_practice: ori = 0.0
5.4088 	EXP 	center_practice: ori = 30.0
5.4088 	EXP 	text_9: autoDraw = True
5.8908 	EXP 	surround_practice: autoDraw = True
5.8908 	EXP 	center_practice: autoDraw = True
5.8908 	EXP 	surround_practice: tex = 'sin'
5.8908 	EXP 	center_practice: tex = 'sin'
5.9075 	EXP 	text_9: autoDraw = False
6.5272 	DATA 	Keypress: right
6.5385 	INFO 	Keyboard events cleared
6.5382 	WARNING 	t of last frame was 59.30ms (=1/16)
6.5382 	EXP 	surround_practice: autoDraw = False
6.5382 	EXP 	center_practice: autoDraw = False
6.5382 	EXP 	text_9: autoDraw = False
6.5382 	EXP 	text_11: autoDraw = False
6.5382 	EXP 	text_7: height = 0.05
6.5382 	EXP 	text_7: height = 0.05
6.5382 	EXP 	text_7: height = 0.05
6.5382 	EXP 	text_7: text = 'Correct. Press Spacebar.'
6.5382 	EXP 	text_7: autoDraw = True
6.8433 	EXP 	New trial (rep=0, index=1): <Trial 1 (1 in rep 0) data={'center': -30, 'surround': 0, 'correct': 'left', 'thisN': 1, 'thisTrialN': 1, 'thisRepN': 0}>
6.8450 	DATA 	Keypress: space
6.8476 	INFO 	Keyboard events cleared
6.8474 	EXP 	text_7: autoDraw = False
6.8474 	EXP 	surround_practice: ori = 0.0
6.8474 	EXP 	center_practice: ori = -30.0
6.8474 	EXP 	text_9: autoDraw = True
7.3409 	EXP 	surround_practice: autoDraw = True
7.3409 	EXP 	center_practice: autoDraw = True
7.3456 	EXP 	text_9: autoDraw = False
7.7287 	DATA 	Keypress: left
7.7312 	INFO 	Keyboard events cleared
7.7310 	EXP 	surround_practice: autoDraw = False
7.7310 	EXP 	center_practice: autoDraw = False
7.7310 	EXP 	text_9: autoDraw = False
7.7310 	EXP 	text_11: autoDraw = False
7.7310 	EXP 	text_7: text = 'Correct. Press Spacebar.'
7.7310 	EXP 	text_7: autoDraw = True
7.8481 	EXP 	New trial (rep=0, index=2): <Trial 2 (2 in rep 0) data={'center': 30, 'surround': 60, 'correct': 'right', 'thisN': 2, 'thisTrialN': 2, 'thisRepN': 0}>
7.8496 	DATA 	Keypress: space
7.8577 	INFO 	Keyboard events cleared
7.8575 	EXP 	text_7: autoDraw = False
7.8575 	EXP 	surround_practice: ori = 60.0
7.8575 	EXP 	center_practice: ori = 30.0
7.8575 	EXP 	text_9: autoDraw = True
8.3458 	EXP 	surround_practice: autoDraw = True
8.3458 	EXP 	center_practice: autoDraw = True
8.3458 	EXP 	text_9: autoDraw = False
8.6959 	DATA 	Keypress: right
8.6986 	INFO 	Keyboard events cleared
8.6983 	EXP 	surround_practice: autoDraw = False
8.6983 	EXP 	center_practice: autoDraw = False
8.6983 	EXP 	text_9: autoDraw = False
8.6983 	EXP 	text_11: autoDraw = False
8.6983 	EXP 	text_7: text = 'Correct. Press Spacebar.'
8.6983 	EXP 	text_7: autoDraw = True
8.8268 	EXP 	New trial (rep=0, index=3): <Trial 3 (3 in rep 0) data={'center': -30, 'surround': -60, 'correct': 'left', 'thisN': 3, 'thisTrialN': 3, 'thisRepN': 0}>
8.8286 	DATA 	Keypress: space
8.8313 	INFO 	Keyboard events cleared
8.8310 	EXP 	text_7: autoDraw = False
8.8310 	EXP 	surround_practice: ori = -60.0
8.8310 	EXP 	center_practice: ori = -30.0
8.8310 	EXP 	text_9: autoDraw = True
9.3241 	EXP 	surround_practice: autoDraw = True
9.3241 	EXP 	center_practice: autoDraw = True
9.3288 	EXP 	text_9: autoDraw = False
9.6336 	DATA 	Keypress: left
9.6410 	INFO 	Keyboard events cleared
9.6407 	EXP 	surround_practice: autoDraw = False
9.6407 	EXP 	center_practice: autoDraw = False
9.6407 	EXP 	text_9: autoDraw = False
9.6407 	EXP 	text_11: autoDraw = False
9.6407 	EXP 	text_7: text = 'Correct. Press Spacebar.'
9.6407 	EXP 	text_7: autoDraw = True
9.7663 	DATA 	Keypress: space
9.7743 	INFO 	Keyboard events cleared
9.7740 	EXP 	text_7: autoDraw = False
9.7740 	EXP 	text_8: autoDraw = True
10.4006 	DEBUG 	Read csv file with pandas: tilt_practice_2.csv
10.4010 	DEBUG 	Clearing unnamed columns from tilt_practice_2.csv
10.4013 	EXP 	Imported tilt_practice_2.csv as conditions, 4 conditions, 3 params
10.4015 	EXP 	New trial (rep=0, index=0): <Trial 0 (0 in rep 0) data={'center': -30, 'surround': -60, 'correct': 'left', 'thisN': 0, 'thisTrialN': 0, 'thisRepN': 0}>
10.4039 	DATA 	Keypress: space
10.4076 	INFO 	Keyboard events cleared
10.4074 	EXP 	text_8: autoDraw = False
10.4074 	EXP 	surround_practice_2: ori = -60.0
10.4074 	EXP 	center_practice_2: ori = -30.0
10.4074 	EXP 	text_10: autoDraw = True
10.8975 	EXP 	surround_practice_2: autoDraw = True
10.8975 	EXP 	center_practice_2: autoDraw = True
10.8975 	EXP 	text_10: autoDraw = False
10.8975 	EXP 	surround_practice_2: tex = 'sin'
10.8975 	EXP 	center_practice_2: tex = 'sin'
10.9742 	EXP 	surround_practice_2: autoDraw = False
10.9742 	EXP 	center_practice_2: autoDraw = False
10.9742 	EXP 	text_12: autoDraw = True
11.3465 	INFO 	Keyboard events cleared
11.3462 	EXP 	surround_practice_2: autoDraw = False
11.3462 	EXP 	center_practice_2: autoDraw = False
11.3462 	EXP 	text_10: autoDraw = False
11.3462 	EXP 	text_12: autoDraw = False
11.3462 	EXP 	text_7: text = 'Correct. Press Spacebar.'
11.3462 	EXP 	text_7: autoDraw = True
11.3498 	DATA 	Keypress: left
11.4769 	EXP 	New trial (rep=0, index=1): <Trial 1 (1 in rep 0) data={'center': -30, 'surround': 0, 'correct': 'left', 'thisN': 1, 'thisTrialN': 1, 'thisRepN': 0}>
11.4788 	DATA 	Keypress: space
11.4815 	INFO 	Keyboard events cleared
11.4812 	EXP 	text_7: autoDraw = False
11.4812 	EXP 	surround_practice_2: ori = 0.0
11.4812 	EXP 	center_practice_2: ori = -30.0
11.4812 	EXP 	text_10: autoDraw = True
11.9742 	EXP 	surround_practice_2: autoDraw = True
11.9742 	EXP 	center_practice_2: autoDraw = True
11.9786 	EXP 	text_10: autoDraw = False
12.0450 	EXP 	surround_practice_2: autoDraw = False
12.0450 	EXP 	center_practice_2: autoDraw = False
12.0450 	EXP 	text_12: autoDraw = True
12.4137 	INFO 	Keyboard events cleared
12.4134 	EXP 	surround_practice_2: autoDraw = False
12.4134 	EXP 	center_practice_2: autoDraw = False
12.4134 	EXP 	text_10: autoDraw = False
12.4134 	EXP 	text_12: autoDraw = False
12.4134 	EXP 	text_7: text = 'Correct. Press Spacebar.'
12.4134 	EXP 	text_7: autoDraw = True
12.4173 	DATA 	Keypress: left
12.5146 	EXP 	New trial (rep=0, index=2): <Trial 2 (2 in rep 0) data={'center': 30, 'surround': 60, 'correct': 'right', 'thisN': 2, 'thisTrialN': 2, 'thisRepN': 0}>
12.5162 	DATA 	Keypress: space
12.5244 	INFO 	Keyboard events cleared
12.5241 	EXP 	text_7: autoDraw = False
12.5241 	EXP 	surround_practice_2: ori = 60.0
12.5241 	EXP 	center_practice_2: ori = 30.0
12.5241 	EXP 	text_10: autoDraw = True
13.0121 	EXP 	surround_practice_2: autoDraw = True
13.0121 	EXP 	center_practice_2: autoDraw = True
13.0121 	EXP 	text_10: autoDraw = False
13.0909 	EXP 	surround_practice_2: autoDraw = False
13.0909 	EXP 	center_practice_2: autoDraw = False
13.0909 	EXP 	text_12: autoDraw = True
13.3995 	DATA 	Keypress: right
13.4077 	INFO 	Keyboard events cleared
13.4074 	EXP 	surround_practice_2: autoDraw = False
13.4074 	EXP 	center_practice_2: autoDraw = False
13.4074 	EXP 	text_10: autoDraw = False
13.4074 	EXP 	text_12: autoDraw = False
13.4074 	EXP 	text_7: text = 'Correct. Press Spacebar.'
13.4074 	EXP 	text_7: autoDraw = True
13.5144 	EXP 	New trial (rep=0, index=3): <Trial 3 (3 in rep 0) data={'center': 30, 'surround': 0, 'correct': 'right', 'thisN': 3, 'thisTrialN': 3, 'thisRepN': 0}>
13.5160 	DATA 	Keypress: space
13.5244 	INFO 	Keyboard events cleared
13.5242 	EXP 	text_7: autoDraw = False
13.5242 	EXP 	surround_practice_2: ori = 0.0
13.5242 	EXP 	center_practice_2: ori = 30.0
13.5242 	EXP 	text_10: autoDraw = True
14.0126 	EXP 	surround_practice_2: autoDraw = True
14.0126 	EXP 	center_practice_2: autoDraw = True
14.0126 	EXP 	text_10: autoDraw = False
14.0909 	EXP 	surround_practice_2: autoDraw = False
14.0909 	EXP 	center_practice_2: autoDraw = False
14.0909 	EXP 	text_12: autoDraw = True
14.4782 	DATA 	Keypress: right
14.4808 	INFO 	Keyboard events cleared
14.4805 	EXP 	surround_practice_2: autoDraw = False
14.4805 	EXP 	center_practice_2: autoDraw = False
14.4805 	EXP 	text_10: autoDraw = False
14.4805 	EXP 	text_12: autoDraw = False
14.4805 	EXP 	text_7: text = 'Correct. Press Spacebar.'
14.4805 	EXP 	text_7: autoDraw = True
14.6122 	DATA 	Keypress: space
14.6149 	INFO 	Keyboard events cleared
14.6147 	EXP 	text_7: autoDraw = False
14.6147 	EXP 	text_13: autoDraw = True
34.0626 	DEBUG 	Read csv file with pandas: tilt_staircase.csv
34.0631 	DEBUG 	Clearing unnamed columns from tilt_staircase.csv
34.0642 	EXP 	Imported tilt_staircase.csv as conditions, 6 conditions, 10 params
34.1555 	DEBUG 	Using /Applications/PsychoPy.app/Contents/Resources/lib/python3.8/psychopy/data/staircase.py as origin file
34.1557 	DEBUG 	Using /Applications/PsychoPy.app/Contents/Resources/lib/python3.8/psychopy/data/staircase.py as origin file
34.1559 	DEBUG 	Using /Applications/PsychoPy.app/Contents/Resources/lib/python3.8/psychopy/data/staircase.py as origin file
34.1560 	DEBUG 	Using /Applications/PsychoPy.app/Contents/Resources/lib/python3.8/psychopy/data/staircase.py as origin file
34.1562 	DEBUG 	Using /Applications/PsychoPy.app/Contents/Resources/lib/python3.8/psychopy/data/staircase.py as origin file
34.1563 	DEBUG 	Using /Applications/PsychoPy.app/Contents/Resources/lib/python3.8/psychopy/data/staircase.py as origin file
34.1590 	DATA 	Keypress: space
34.1620 	INFO 	Keyboard events cleared
34.1618 	WARNING 	t of last frame was 104.34ms (=1/9)
34.1618 	EXP 	text_13: autoDraw = False
34.1618 	EXP 	surround_grating: ori = 30.0
34.1618 	EXP 	center_grating: ori = -15.0
34.1618 	EXP 	text_2: autoDraw = True
34.2398 	WARNING 	Multiple dropped frames have occurred - I'll stop bothering you about them!
34.5575 	EXP 	surround_grating: autoDraw = True
34.5575 	EXP 	center_grating: autoDraw = True
34.5575 	EXP 	surround_grating: tex = 'sin'
34.5575 	EXP 	center_grating: tex = 'sin'
34.6295 	EXP 	surround_grating: autoDraw = False
34.6295 	EXP 	center_grating: autoDraw = False
34.6295 	EXP 	text_3: autoDraw = True
34.6574 	EXP 	text_2: autoDraw = False
35.0620 	DATA 	Keypress: right
35.0646 	INFO 	Keyboard events cleared
35.0643 	EXP 	surround_grating: autoDraw = False
35.0643 	EXP 	center_grating: autoDraw = False
35.0643 	EXP 	text_2: autoDraw = False
35.0643 	EXP 	text_3: autoDraw = False
35.0643 	EXP 	surround_grating: ori = 69.0
35.0643 	EXP 	center_grating: ori = -15.0
35.0643 	EXP 	text_2: autoDraw = True
35.5575 	EXP 	surround_grating: autoDraw = True
35.5575 	EXP 	center_grating: autoDraw = True
35.5621 	EXP 	text_2: autoDraw = False
35.6287 	EXP 	surround_grating: autoDraw = False
35.6287 	EXP 	center_grating: autoDraw = False
35.6287 	EXP 	text_3: autoDraw = True
36.0991 	DATA 	Keypress: escape
36.2777 	DATA 	Keypress: escape
36.3480 	EXP 	tilt_staircase: status = STOPPED
36.3575 	EXP 	text_3: autoDraw = False
36.3594 	EXP 	tilt_staircase: status = STOPPED
36.3660 	INFO 	saved data to '/Users/bwinsto2/Downloads/data/332744_tilt_staircase_2025-08-14_13h24.18.457.csv'
36.3678 	INFO 	saved data to /Users/bwinsto2/Downloads/data/332744_tilt_staircase_2025-08-14_13h24.18.457.psydat
36.6311 	DEBUG 	Saving data for tilt_staircase ExperimentHandler
