9.8705 	DEBUG 	Fullscreen settings ignored as running in pilot mode.
9.8726 	INFO 	Loaded monitor calibration from ['2025_01_25 22:17']
10.0757 	EXP 	Created window1 = Window(allowGUI=False, allowStencil=False, autoLog=True, backendConf=UNKNOWN, backgroundFit=<method-wrapper '__getattribute__' of attributeSetter object at 0x7fb9c0ef5b80>, backgroundImage=<method-wrapper '__getattribute__' of attributeSetter object at 0x7fb9c0ef5a90>, bitsMode=UNKNOWN, blendMode='avg', bpc=(8, 8, 8), color=array([0, 0, 0]), colorSpace='rgb', depthBits=8, fullscr=False, gamma=None, gammaErrorPolicy='raise', infoMsg=UNKNOWN, lms=UNKNOWN, monitor=<psychopy.monitors.calibTools.Monitor object at 0x7fb9c0f21580>, multiSample=False, name='window1', numSamples=2, pos=[1320.0, 420.0], screen=1, size=array([800, 600]), stencilBits=0, stereo=False, title='PsychoPy', units='height', useFBO=True, useRetina=False, viewOri=0.0, viewPos=None, viewScale=None, waitBlanking=True, winType='pyglet')
10.0759 	EXP 	window1: backgroundImage = ''
10.0760 	EXP 	window1: backgroundFit = 'none'
10.0902 	DEBUG 	TextBox2 loaded 1 chars with 0 blanks and 1 valid
10.0910 	DEBUG 	TextBox2 loaded 1 chars with 0 blanks and 1 valid
10.0919 	DEBUG 	TextBox2 loaded 1 chars with 0 blanks and 1 valid
10.0928 	DEBUG 	TextBox2 loaded 1 chars with 0 blanks and 1 valid
10.0938 	DEBUG 	TextBox2 loaded 1 chars with 0 blanks and 1 valid
10.0943 	DEBUG 	TextBox2 loaded 1 chars with 0 blanks and 1 valid
10.0951 	DEBUG 	TextBox2 loaded 1 chars with 0 blanks and 1 valid
10.0961 	DEBUG 	TextBox2 loaded 1 chars with 0 blanks and 1 valid
10.0965 	DEBUG 	TextBox2 loaded 1 chars with 0 blanks and 1 valid
10.0969 	DEBUG 	TextBox2 loaded 1 chars with 0 blanks and 1 valid
10.0976 	DEBUG 	TextBox2 loaded 1 chars with 0 blanks and 1 valid
10.0982 	DEBUG 	TextBox2 loaded 1 chars with 0 blanks and 1 valid
10.0990 	DEBUG 	TextBox2 loaded 1 chars with 0 blanks and 1 valid
10.0998 	DEBUG 	TextBox2 loaded 1 chars with 0 blanks and 1 valid
10.1004 	DEBUG 	TextBox2 loaded 1 chars with 0 blanks and 1 valid
10.1013 	DEBUG 	TextBox2 loaded 1 chars with 0 blanks and 1 valid
10.1021 	DEBUG 	TextBox2 loaded 1 chars with 0 blanks and 1 valid
10.1026 	DEBUG 	TextBox2 loaded 1 chars with 0 blanks and 1 valid
10.1031 	DEBUG 	TextBox2 loaded 1 chars with 0 blanks and 1 valid
10.1041 	DEBUG 	TextBox2 loaded 1 chars with 0 blanks and 1 valid
10.1046 	DEBUG 	TextBox2 loaded 1 chars with 0 blanks and 1 valid
10.1048 	DEBUG 	Uploading Texture Font fontname to graphics card
10.1084 	DEBUG 	Upload of Texture Font fontname complete
10.1139 	DEBUG 	TextBox2 loaded 1 chars with 0 blanks and 1 valid
10.1149 	DEBUG 	TextBox2 loaded 1 chars with 0 blanks and 1 valid
10.1158 	DEBUG 	TextBox2 loaded 1 chars with 0 blanks and 1 valid
10.1160 	DEBUG 	Uploading Texture Font fontname to graphics card
10.1179 	DEBUG 	Upload of Texture Font fontname complete
10.1196 	EXP 	window1: Attempting to measure frame rate of screen (1) ...
10.1196 	EXP 	window1: recordFrameIntervals = False
10.3307 	EXP 	window1: recordFrameIntervals = True
11.1651 	WARNING 	Couldn't measure a consistent frame rate!
  - Is your graphics card set to sync to vertical blank?
  - Are you running other processes on your computer?

11.1746 	DEBUG 	TextBox2 loaded 1 chars with 0 blanks and 1 valid
11.1755 	DEBUG 	TextBox2 loaded 1 chars with 0 blanks and 1 valid
11.1769 	DEBUG 	TextBox2 loaded 1 chars with 0 blanks and 1 valid
11.1785 	DEBUG 	TextBox2 loaded 1 chars with 0 blanks and 1 valid
11.1800 	DEBUG 	TextBox2 loaded 1 chars with 0 blanks and 1 valid
11.1816 	DEBUG 	TextBox2 loaded 1 chars with 0 blanks and 1 valid
11.1824 	DEBUG 	TextBox2 loaded 1 chars with 0 blanks and 1 valid
11.1837 	DEBUG 	TextBox2 loaded 1 chars with 0 blanks and 1 valid
11.1852 	DEBUG 	TextBox2 loaded 1 chars with 0 blanks and 1 valid
11.1866 	DEBUG 	TextBox2 loaded 1 chars with 0 blanks and 1 valid
11.1869 	DEBUG 	Uploading Texture Font fontname to graphics card
11.1902 	DEBUG 	Upload of Texture Font fontname complete
11.2123 	WARNING 	launchHubServer: If using the iohub mouse or eyetracker devices, fullScr should be True.
14.8191 	INFO 	keyboard.Keyboard is using iohub backend.
14.8191 	INFO 	keyboard.Keyboard is using iohub backend.
14.8191 	EXP 	tilt_staircase: status = STARTED
14.8247 	EXP 	Created surround = GratingStim(__class__=<class 'psychopy.visual.grating.GratingStim'>, anchor='center', autoDraw=False, autoLog=True, blendmode='avg', color=array([1., 1., 1.]), colorSpace='rgb', contrast=1.0, depth=-1.0, draggable=False, interpolate=True, mask='circle', maskParams=None, name='surround', opacity=1, ori=1.0, phase=array([0., 0.]), pos=array([0., 0.]), rgbPedestal=array([0., 0., 0.]), sf=array([7., 7.]), size=array([0.75, 0.75]), tex='sin', texRes=128.0, units='height', win=Window(...))
14.8261 	EXP 	Created center = GratingStim(__class__=<class 'psychopy.visual.grating.GratingStim'>, anchor='center', autoDraw=False, autoLog=True, blendmode='avg', color=array([1., 1., 1.]), colorSpace='rgb', contrast=1.0, depth=-2.0, draggable=False, interpolate=True, mask='circle', maskParams=None, name='center', opacity=1, ori=1.0, phase=array([0., 0.]), pos=array([0., 0.]), rgbPedestal=array([0., 0., 0.]), sf=array([2., 2.]), size=array([0.3, 0.3]), tex='sin', texRes=128.0, units='height', win=Window(...))
14.8511 	EXP 	Created text_2 = TextStim(__class__=<class 'psychopy.visual.text.TextStim'>, alignHoriz=method-wrapper(...), alignText='center', alignVert=method-wrapper(...), anchorHoriz='center', anchorVert='center', antialias=True, autoDraw=False, autoLog=True, bold=False, color=array([1., 1., 1.]), colorSpace='rgb', contrast=1.0, depth=-4.0, draggable=False, flipHoriz=False, flipVert=False, font='Arial', fontFiles=[], height=0.05, italic=False, languageStyle='LTR', name='text_2', opacity=1, ori=0.0, pos=array([0., 0.]), rgb=UNKNOWN, text='+', units='height', win=Window(...), wrapWidth=1)
14.8576 	EXP 	Created text_3 = TextStim(__class__=<class 'psychopy.visual.text.TextStim'>, alignHoriz=method-wrapper(...), alignText='center', alignVert=method-wrapper(...), anchorHoriz='center', anchorVert='center', antialias=True, autoDraw=False, autoLog=True, bold=False, color=array([1., 1., 1.]), colorSpace='rgb', contrast=1.0, depth=-5.0, draggable=False, flipHoriz=False, flipVert=False, font='Arial', fontFiles=[], height=0.05, italic=False, languageStyle='LTR', name='text_3', opacity=1, ori=0.0, pos=array([ 0., -2.]), rgb=UNKNOWN, text=str(...), units='height', win=Window(...), wrapWidth=1)
0.0159 	DEBUG 	Read csv file with pandas: tilt_staircase.csv
0.0175 	DEBUG 	Clearing unnamed columns from tilt_staircase.csv
0.0182 	EXP 	Imported tilt_staircase.csv as conditions, 2 conditions, 10 params
0.1030 	DEBUG 	Using /Applications/PsychoPy.app/Contents/Resources/lib/python3.8/psychopy/data/staircase.py as origin file
0.1033 	DEBUG 	Using /Applications/PsychoPy.app/Contents/Resources/lib/python3.8/psychopy/data/staircase.py as origin file
0.1086 	INFO 	Keyboard events cleared
0.1083 	WARNING 	t of last frame was 104.49ms (=1/9)
0.1083 	EXP 	surround: ori = 50.0
0.1083 	EXP 	center: ori = 20.0
0.1083 	EXP 	text_2: autoDraw = True
0.5004 	EXP 	surround: autoDraw = True
0.5004 	EXP 	center: autoDraw = True
0.5004 	EXP 	surround: tex = 'sin'
0.5004 	EXP 	center: tex = 'sin'
0.5960 	EXP 	surround: autoDraw = False
0.5960 	EXP 	center: autoDraw = False
0.5960 	EXP 	text_2: autoDraw = False
0.5960 	EXP 	text_3: autoDraw = True
2.7916 	DATA 	Keypress: escape
2.7940 	WARNING 	t of last frame was 50.86ms (=1/19)
2.7964 	EXP 	tilt_staircase: status = STOPPED
2.8098 	EXP 	text_3: autoDraw = False
2.8113 	EXP 	tilt_staircase: status = STOPPED
2.8130 	INFO 	saved data to '/Users/bwinsto2/Downloads/data/350122_tilt_staircase_2025-08-11_14h24.18.258.csv'
2.8140 	INFO 	saved data to /Users/bwinsto2/Downloads/data/350122_tilt_staircase_2025-08-11_14h24.18.258.psydat
3.2374 	DEBUG 	Saving data for tilt_staircase ExperimentHandler
