5.0026 	INFO 	Loaded monitor calibration from ['2025_08_13 14:32']
5.2190 	EXP 	Created window1 = Window(allowGUI=True, allowStencil=False, autoLog=True, backendConf=UNKNOWN, backgroundFit=<method-wrapper '__getattribute__' of attributeSetter object at 0x7fd672382cd0>, backgroundImage=<method-wrapper '__getattribute__' of attributeSetter object at 0x7fd672382bb0>, bitsMode=UNKNOWN, blendMode='avg', bpc=(8, 8, 8), color=array([0, 0, 0]), colorSpace='rgb', depthBits=8, fullscr=False, gamma=None, gammaErrorPolicy='raise', infoMsg=UNKNOWN, lms=UNKNOWN, monitor=<psychopy.monitors.calibTools.Monitor object at 0x7fd6720f1610>, multiSample=False, name='window1', numSamples=2, pos=[320.0, 150.0], screen=0, size=array([1600, 1200]), stencilBits=0, stereo=False, title='PsychoPy', units='height', useFBO=True, useRetina=True, viewOri=0.0, viewPos=None, viewScale=None, waitBlanking=True, winType='pyglet')
5.2191 	EXP 	window1: backgroundImage = ''
5.2191 	EXP 	window1: backgroundFit = 'none'
5.2279 	DEBUG 	TextBox2 loaded 1 chars with 0 blanks and 1 valid
5.2286 	DEBUG 	TextBox2 loaded 1 chars with 0 blanks and 1 valid
5.2294 	DEBUG 	TextBox2 loaded 1 chars with 0 blanks and 1 valid
5.2304 	DEBUG 	TextBox2 loaded 1 chars with 0 blanks and 1 valid
5.2314 	DEBUG 	TextBox2 loaded 1 chars with 0 blanks and 1 valid
5.2319 	DEBUG 	TextBox2 loaded 1 chars with 0 blanks and 1 valid
5.2327 	DEBUG 	TextBox2 loaded 1 chars with 0 blanks and 1 valid
5.2338 	DEBUG 	TextBox2 loaded 1 chars with 0 blanks and 1 valid
5.2342 	DEBUG 	TextBox2 loaded 1 chars with 0 blanks and 1 valid
5.2346 	DEBUG 	TextBox2 loaded 1 chars with 0 blanks and 1 valid
5.2354 	DEBUG 	TextBox2 loaded 1 chars with 0 blanks and 1 valid
5.2362 	DEBUG 	TextBox2 loaded 1 chars with 0 blanks and 1 valid
5.2369 	DEBUG 	TextBox2 loaded 1 chars with 0 blanks and 1 valid
5.2377 	DEBUG 	TextBox2 loaded 1 chars with 0 blanks and 1 valid
5.2384 	DEBUG 	TextBox2 loaded 1 chars with 0 blanks and 1 valid
5.2393 	DEBUG 	TextBox2 loaded 1 chars with 0 blanks and 1 valid
5.2401 	DEBUG 	TextBox2 loaded 1 chars with 0 blanks and 1 valid
5.2406 	DEBUG 	TextBox2 loaded 1 chars with 0 blanks and 1 valid
5.2411 	DEBUG 	TextBox2 loaded 1 chars with 0 blanks and 1 valid
5.2421 	DEBUG 	TextBox2 loaded 1 chars with 0 blanks and 1 valid
5.2426 	DEBUG 	TextBox2 loaded 1 chars with 0 blanks and 1 valid
5.2428 	DEBUG 	Uploading Texture Font fontname to graphics card
5.2463 	DEBUG 	Upload of Texture Font fontname complete
5.2516 	DEBUG 	TextBox2 loaded 1 chars with 0 blanks and 1 valid
5.2527 	DEBUG 	TextBox2 loaded 1 chars with 0 blanks and 1 valid
5.2536 	DEBUG 	TextBox2 loaded 1 chars with 0 blanks and 1 valid
5.2538 	DEBUG 	Uploading Texture Font fontname to graphics card
5.2557 	DEBUG 	Upload of Texture Font fontname complete
5.2573 	EXP 	window1: Attempting to measure frame rate of screen (0) ...
5.2573 	EXP 	window1: recordFrameIntervals = False
5.4547 	EXP 	window1: recordFrameIntervals = True
6.2886 	WARNING 	Couldn't measure a consistent frame rate!
  - Is your graphics card set to sync to vertical blank?
  - Are you running other processes on your computer?

6.2957 	DEBUG 	TextBox2 loaded 1 chars with 0 blanks and 1 valid
6.2964 	DEBUG 	TextBox2 loaded 1 chars with 0 blanks and 1 valid
6.2974 	DEBUG 	TextBox2 loaded 1 chars with 0 blanks and 1 valid
6.2986 	DEBUG 	TextBox2 loaded 1 chars with 0 blanks and 1 valid
6.2997 	DEBUG 	TextBox2 loaded 1 chars with 0 blanks and 1 valid
6.3007 	DEBUG 	TextBox2 loaded 1 chars with 0 blanks and 1 valid
6.3014 	DEBUG 	TextBox2 loaded 1 chars with 0 blanks and 1 valid
6.3024 	DEBUG 	TextBox2 loaded 1 chars with 0 blanks and 1 valid
6.3035 	DEBUG 	TextBox2 loaded 1 chars with 0 blanks and 1 valid
6.3046 	DEBUG 	TextBox2 loaded 1 chars with 0 blanks and 1 valid
6.3049 	DEBUG 	Uploading Texture Font fontname to graphics card
6.3073 	DEBUG 	Upload of Texture Font fontname complete
6.3244 	WARNING 	launchHubServer: If using the iohub mouse or eyetracker devices, fullScr should be True.
9.9292 	INFO 	keyboard.Keyboard is using iohub backend.
9.9293 	INFO 	keyboard.Keyboard is using iohub backend.
9.9293 	INFO 	keyboard.Keyboard is using iohub backend.
9.9293 	INFO 	keyboard.Keyboard is using iohub backend.
9.9293 	INFO 	keyboard.Keyboard is using iohub backend.
9.9293 	INFO 	keyboard.Keyboard is using iohub backend.
9.9294 	INFO 	keyboard.Keyboard is using iohub backend.
9.9294 	INFO 	keyboard.Keyboard is using iohub backend.
9.9294 	EXP 	tilt_staircase: status = STARTED
9.9728 	EXP 	Created text_5 = TextStim(__class__=<class 'psychopy.visual.text.TextStim'>, alignHoriz=method-wrapper(...), alignText='center', alignVert=method-wrapper(...), anchorHoriz='center', anchorVert='center', antialias=True, autoDraw=False, autoLog=True, bold=False, color=array([1., 1., 1.]), colorSpace='rgb', contrast=1.0, depth=0.0, draggable=False, flipHoriz=False, flipVert=False, font='Arial', fontFiles=[], height=0.05, italic=False, languageStyle='LTR', name='text_5', opacity=1, ori=0.0, pos=array([0., 0.]), rgb=UNKNOWN, text=str(...), units='height', win=Window(...), wrapWidth=1)
9.9799 	EXP 	Created text_6 = TextStim(__class__=<class 'psychopy.visual.text.TextStim'>, alignHoriz=method-wrapper(...), alignText='center', alignVert=method-wrapper(...), anchorHoriz='center', anchorVert='center', antialias=True, autoDraw=False, autoLog=True, bold=False, color=array([1., 1., 1.]), colorSpace='rgb', contrast=1.0, depth=0.0, draggable=False, flipHoriz=False, flipVert=False, font='Arial', fontFiles=[], height=0.05, italic=False, languageStyle='LTR', name='text_6', opacity=1, ori=0.0, pos=array([0., 0.]), rgb=UNKNOWN, text=str(...), units='height', win=Window(...), wrapWidth=1)
9.9821 	EXP 	Created surround_practice = GratingStim(__class__=<class 'psychopy.visual.grating.GratingStim'>, anchor='center', autoDraw=False, autoLog=True, blendmode='avg', color=array([1., 1., 1.]), colorSpace='rgb', contrast=1.0, depth=0.0, draggable=False, interpolate=True, mask='circle', maskParams=None, name='surround_practice', opacity=1, ori=1.0, phase=array([0., 0.]), pos=array([0., 0.]), rgbPedestal=array([0., 0., 0.]), sf=array([1.5, 1.5]), size=array([5., 5.]), tex='sin', texRes=128.0, units='deg', win=Window(...))
9.9835 	EXP 	Created center_practice = GratingStim(__class__=<class 'psychopy.visual.grating.GratingStim'>, anchor='center', autoDraw=False, autoLog=True, blendmode='avg', color=array([1., 1., 1.]), colorSpace='rgb', contrast=1.0, depth=-1.0, draggable=False, interpolate=True, mask='circle', maskParams=None, name='center_practice', opacity=1, ori=1.0, phase=array([0., 0.]), pos=array([0., 0.]), rgbPedestal=array([0., 0., 0.]), sf=array([1.5, 1.5]), size=array([2., 2.]), tex='sin', texRes=128.0, units='deg', win=Window(...))
9.9852 	EXP 	Created text_9 = TextStim(__class__=<class 'psychopy.visual.text.TextStim'>, alignHoriz=method-wrapper(...), alignText='center', alignVert=method-wrapper(...), anchorHoriz='center', anchorVert='center', antialias=True, autoDraw=False, autoLog=True, bold=False, color=array([1., 1., 1.]), colorSpace='rgb', contrast=1.0, depth=-3.0, draggable=False, flipHoriz=False, flipVert=False, font='Arial', fontFiles=[], height=0.05, italic=False, languageStyle='LTR', name='text_9', opacity=1, ori=0.0, pos=array([0., 0.]), rgb=UNKNOWN, text='+', units='height', win=Window(...), wrapWidth=1)
9.9868 	EXP 	Created text_7 = TextStim(__class__=<class 'psychopy.visual.text.TextStim'>, alignHoriz=method-wrapper(...), alignText='center', alignVert=method-wrapper(...), anchorHoriz='center', anchorVert='center', antialias=True, autoDraw=False, autoLog=True, bold=False, color=array([1., 1., 1.]), colorSpace='rgb', contrast=1.0, depth=-1.0, draggable=False, flipHoriz=False, flipVert=False, font='Arial', fontFiles=[], height=0.05, italic=False, languageStyle='LTR', name='text_7', opacity=1, ori=0.0, pos=array([0., 0.]), rgb=UNKNOWN, text='msg didnt load', units='height', win=Window(...), wrapWidth=1)
9.9906 	EXP 	Created text_8 = TextStim(__class__=<class 'psychopy.visual.text.TextStim'>, alignHoriz=method-wrapper(...), alignText='center', alignVert=method-wrapper(...), anchorHoriz='center', anchorVert='center', antialias=True, autoDraw=False, autoLog=True, bold=False, color=array([1., 1., 1.]), colorSpace='rgb', contrast=1.0, depth=0.0, draggable=False, flipHoriz=False, flipVert=False, font='Arial', fontFiles=[], height=0.05, italic=False, languageStyle='LTR', name='text_8', opacity=1, ori=0.0, pos=array([0., 0.]), rgb=UNKNOWN, text=str(...), units='height', win=Window(...), wrapWidth=1)
9.9921 	EXP 	Created surround_practice_2 = GratingStim(__class__=<class 'psychopy.visual.grating.GratingStim'>, anchor='center', autoDraw=False, autoLog=True, blendmode='avg', color=array([1., 1., 1.]), colorSpace='rgb', contrast=1.0, depth=0.0, draggable=False, interpolate=True, mask='circle', maskParams=None, name='surround_practice_2', opacity=1, ori=1.0, phase=array([0., 0.]), pos=array([0., 0.]), rgbPedestal=array([0., 0., 0.]), sf=array([1.5, 1.5]), size=array([5., 5.]), tex='sin', texRes=128.0, units='deg', win=Window(...))
9.9935 	EXP 	Created center_practice_2 = GratingStim(__class__=<class 'psychopy.visual.grating.GratingStim'>, anchor='center', autoDraw=False, autoLog=True, blendmode='avg', color=array([1., 1., 1.]), colorSpace='rgb', contrast=1.0, depth=-1.0, draggable=False, interpolate=True, mask='circle', maskParams=None, name='center_practice_2', opacity=1, ori=1.0, phase=array([0., 0.]), pos=array([0., 0.]), rgbPedestal=array([0., 0., 0.]), sf=array([1.5, 1.5]), size=array([2., 2.]), tex='sin', texRes=128.0, units='deg', win=Window(...))
9.9947 	EXP 	Created text_10 = TextStim(__class__=<class 'psychopy.visual.text.TextStim'>, alignHoriz=method-wrapper(...), alignText='center', alignVert=method-wrapper(...), anchorHoriz='center', anchorVert='center', antialias=True, autoDraw=False, autoLog=True, bold=False, color=array([1., 1., 1.]), colorSpace='rgb', contrast=1.0, depth=-3.0, draggable=False, flipHoriz=False, flipVert=False, font='Arial', fontFiles=[], height=0.05, italic=False, languageStyle='LTR', name='text_10', opacity=1, ori=0.0, pos=array([0., 0.]), rgb=UNKNOWN, text='+', units='height', win=Window(...), wrapWidth=1)
9.9962 	EXP 	Created text_7 = TextStim(__class__=<class 'psychopy.visual.text.TextStim'>, alignHoriz=method-wrapper(...), alignText='center', alignVert=method-wrapper(...), anchorHoriz='center', anchorVert='center', antialias=True, autoDraw=False, autoLog=True, bold=False, color=array([1., 1., 1.]), colorSpace='rgb', contrast=1.0, depth=-1.0, draggable=False, flipHoriz=False, flipVert=False, font='Arial', fontFiles=[], height=0.05, italic=False, languageStyle='LTR', name='text_7', opacity=1, ori=0.0, pos=array([0., 0.]), rgb=UNKNOWN, text='msg didnt load', units='height', win=Window(...), wrapWidth=1)
9.9976 	EXP 	Created surround_grating = GratingStim(__class__=<class 'psychopy.visual.grating.GratingStim'>, anchor='center', autoDraw=False, autoLog=True, blendmode='avg', color=array([1., 1., 1.]), colorSpace='rgb', contrast=1.0, depth=-1.0, draggable=False, interpolate=True, mask='circle', maskParams=None, name='surround_grating', opacity=1, ori=1.0, phase=array([0., 0.]), pos=array([0., 0.]), rgbPedestal=array([0., 0., 0.]), sf=array([1.5, 1.5]), size=array([15., 15.]), tex='sin', texRes=128.0, units='deg', win=Window(...))
9.9990 	EXP 	Created center_grating = GratingStim(__class__=<class 'psychopy.visual.grating.GratingStim'>, anchor='center', autoDraw=False, autoLog=True, blendmode='avg', color=array([1., 1., 1.]), colorSpace='rgb', contrast=1.0, depth=-2.0, draggable=False, interpolate=True, mask='circle', maskParams=None, name='center_grating', opacity=1, ori=1.0, phase=array([0., 0.]), pos=array([0., 0.]), rgbPedestal=array([0., 0., 0.]), sf=array([1.5, 1.5]), size=array([3., 3.]), tex='sin', texRes=128.0, units='deg', win=Window(...))
10.0001 	EXP 	Created text_2 = TextStim(__class__=<class 'psychopy.visual.text.TextStim'>, alignHoriz=method-wrapper(...), alignText='center', alignVert=method-wrapper(...), anchorHoriz='center', anchorVert='center', antialias=True, autoDraw=False, autoLog=True, bold=False, color=array([1., 1., 1.]), colorSpace='rgb', contrast=1.0, depth=-4.0, draggable=False, flipHoriz=False, flipVert=False, font='Arial', fontFiles=[], height=0.05, italic=False, languageStyle='LTR', name='text_2', opacity=1, ori=0.0, pos=array([0., 0.]), rgb=UNKNOWN, text='+', units='height', win=Window(...), wrapWidth=1)
10.0036 	EXP 	Created text_3 = TextStim(__class__=<class 'psychopy.visual.text.TextStim'>, alignHoriz=method-wrapper(...), alignText='center', alignVert=method-wrapper(...), anchorHoriz='center', anchorVert='center', antialias=True, autoDraw=False, autoLog=True, bold=False, color=array([1., 1., 1.]), colorSpace='rgb', contrast=1.0, depth=-5.0, draggable=False, flipHoriz=False, flipVert=False, font='Arial', fontFiles=[], height=0.05, italic=False, languageStyle='LTR', name='text_3', opacity=1, ori=0.0, pos=array([0., 0.]), rgb=UNKNOWN, text=str(...), units='height', win=Window(...), wrapWidth=1)
10.0054 	EXP 	Created text_4 = TextStim(__class__=<class 'psychopy.visual.text.TextStim'>, alignHoriz=method-wrapper(...), alignText='center', alignVert=method-wrapper(...), anchorHoriz='center', anchorVert='center', antialias=True, autoDraw=False, autoLog=True, bold=False, color=array([1., 1., 1.]), colorSpace='rgb', contrast=1.0, depth=0.0, draggable=False, flipHoriz=False, flipVert=False, font='Arial', fontFiles=[], height=0.05, italic=False, languageStyle='LTR', name='text_4', opacity=1, ori=0.0, pos=array([0., 0.]), rgb=UNKNOWN, text='thank you and have a pleasant day ', units='height', win=Window(...), wrapWidth=1)
0.0234 	INFO 	Keyboard events cleared
0.0231 	EXP 	text_5: autoDraw = True
1.1576 	DATA 	Mouse: Left button down, pos=(418,382)
1.1737 	DATA 	Mouse:  Left button up, pos=(418,382)
1.6151 	DATA 	Keypress: space
1.6189 	INFO 	Keyboard events cleared
1.6187 	WARNING 	t of last frame was 45.91ms (=1/21)
1.6187 	EXP 	text_5: autoDraw = False
1.6187 	EXP 	text_6: autoDraw = True
2.4929 	DEBUG 	Read csv file with pandas: tilt_practice.csv
2.4944 	DEBUG 	Clearing unnamed columns from tilt_practice.csv
2.4949 	EXP 	Imported tilt_practice.csv as conditions, 7 conditions, 3 params
2.4953 	EXP 	New trial (rep=0, index=0): <Trial 0 (0 in rep 0) data={'center': 30.0, 'surround': 0.0, 'corrAns': '"right"', 'thisN': 0, 'thisTrialN': 0, 'thisRepN': 0}>
2.5045 	DATA 	Keypress: space
2.5084 	INFO 	Keyboard events cleared
2.5081 	WARNING 	t of last frame was 24.85ms (=1/40)
2.5081 	EXP 	text_6: autoDraw = False
2.5081 	EXP 	surround_practice: ori = 0.0
2.5081 	EXP 	center_practice: ori = 30.0
2.5081 	EXP 	text_9: autoDraw = True
2.9864 	EXP 	surround_practice: autoDraw = True
2.9864 	EXP 	center_practice: autoDraw = True
2.9864 	EXP 	surround_practice: tex = 'sin'
2.9864 	EXP 	center_practice: tex = 'sin'
3.0035 	EXP 	text_9: autoDraw = False
3.9836 	EXP 	surround_practice: autoDraw = False
3.9836 	EXP 	center_practice: autoDraw = False
6.9619 	DATA 	Keypress: right
6.9874 	WARNING 	t of last frame was 148.73ms (=1/6)
6.9874 	EXP 	surround_practice: autoDraw = False
6.9874 	EXP 	center_practice: autoDraw = False
6.9874 	EXP 	text_9: autoDraw = False
6.9874 	EXP 	text_7: autoDraw = True
12.6723 	DATA 	Keypress: space
14.1946 	DATA 	Keypress: space
15.0772 	DATA 	Keypress: escape
15.1414 	EXP 	tilt_staircase: status = STOPPED
15.1502 	EXP 	text_7: autoDraw = False
15.1522 	EXP 	tilt_staircase: status = STOPPED
15.1560 	INFO 	saved data to '/Users/bwinsto2/Downloads/data/363579_tilt_staircase_2025-08-13_16h28.40.030.csv'
15.1577 	INFO 	saved data to /Users/bwinsto2/Downloads/data/363579_tilt_staircase_2025-08-13_16h28.40.030.psydat
15.6868 	DEBUG 	Saving data for tilt_staircase ExperimentHandler
