7.4179 	DEBUG 	Fullscreen settings ignored as running in pilot mode.
7.4196 	INFO 	Loaded monitor calibration from ['2025_08_13 14:32']
7.6691 	EXP 	Created window1 = Window(allowGUI=False, allowStencil=False, autoLog=True, backendConf=UNKNOWN, backgroundFit=<method-wrapper '__getattribute__' of attributeSetter object at 0x7fd112e27c40>, backgroundImage=<method-wrapper '__getattribute__' of attributeSetter object at 0x7fd112e27b50>, bitsMode=UNKNOWN, blendMode='avg', bpc=(8, 8, 8), color=array([0, 0, 0]), colorSpace='rgb', depthBits=8, fullscr=False, gamma=None, gammaErrorPolicy='raise', infoMsg=UNKNOWN, lms=UNKNOWN, monitor=<psychopy.monitors.calibTools.Monitor object at 0x7fd112a95610>, multiSample=False, name='window1', numSamples=2, pos=[320.0, 150.0], screen=0, size=array([1600, 1200]), stencilBits=0, stereo=False, title='PsychoPy', units='height', useFBO=True, useRetina=True, viewOri=0.0, viewPos=None, viewScale=None, waitBlanking=True, winType='pyglet')
7.6692 	EXP 	window1: backgroundImage = ''
7.6692 	EXP 	window1: backgroundFit = 'none'
7.6828 	DEBUG 	TextBox2 loaded 1 chars with 0 blanks and 1 valid
7.6838 	DEBUG 	TextBox2 loaded 1 chars with 0 blanks and 1 valid
7.6846 	DEBUG 	TextBox2 loaded 1 chars with 0 blanks and 1 valid
7.6861 	DEBUG 	TextBox2 loaded 1 chars with 0 blanks and 1 valid
7.6871 	DEBUG 	TextBox2 loaded 1 chars with 0 blanks and 1 valid
7.6877 	DEBUG 	TextBox2 loaded 1 chars with 0 blanks and 1 valid
7.6885 	DEBUG 	TextBox2 loaded 1 chars with 0 blanks and 1 valid
7.6895 	DEBUG 	TextBox2 loaded 1 chars with 0 blanks and 1 valid
7.6901 	DEBUG 	TextBox2 loaded 1 chars with 0 blanks and 1 valid
7.6905 	DEBUG 	TextBox2 loaded 1 chars with 0 blanks and 1 valid
7.6914 	DEBUG 	TextBox2 loaded 1 chars with 0 blanks and 1 valid
7.6922 	DEBUG 	TextBox2 loaded 1 chars with 0 blanks and 1 valid
7.6929 	DEBUG 	TextBox2 loaded 1 chars with 0 blanks and 1 valid
7.6936 	DEBUG 	TextBox2 loaded 1 chars with 0 blanks and 1 valid
7.6944 	DEBUG 	TextBox2 loaded 1 chars with 0 blanks and 1 valid
7.6952 	DEBUG 	TextBox2 loaded 1 chars with 0 blanks and 1 valid
7.6960 	DEBUG 	TextBox2 loaded 1 chars with 0 blanks and 1 valid
7.6965 	DEBUG 	TextBox2 loaded 1 chars with 0 blanks and 1 valid
7.6970 	DEBUG 	TextBox2 loaded 1 chars with 0 blanks and 1 valid
7.6981 	DEBUG 	TextBox2 loaded 1 chars with 0 blanks and 1 valid
7.6986 	DEBUG 	TextBox2 loaded 1 chars with 0 blanks and 1 valid
7.6992 	DEBUG 	Uploading Texture Font fontname to graphics card
7.7035 	DEBUG 	Upload of Texture Font fontname complete
7.7093 	DEBUG 	TextBox2 loaded 1 chars with 0 blanks and 1 valid
7.7103 	DEBUG 	TextBox2 loaded 1 chars with 0 blanks and 1 valid
7.7117 	DEBUG 	TextBox2 loaded 1 chars with 0 blanks and 1 valid
7.7119 	DEBUG 	Uploading Texture Font fontname to graphics card
7.7139 	DEBUG 	Upload of Texture Font fontname complete
7.7156 	EXP 	window1: Attempting to measure frame rate of screen (0) ...
7.7156 	EXP 	window1: recordFrameIntervals = False
7.9726 	EXP 	window1: recordFrameIntervals = True
8.8067 	WARNING 	Couldn't measure a consistent frame rate!
  - Is your graphics card set to sync to vertical blank?
  - Are you running other processes on your computer?

8.8170 	DEBUG 	TextBox2 loaded 1 chars with 0 blanks and 1 valid
8.8180 	DEBUG 	TextBox2 loaded 1 chars with 0 blanks and 1 valid
8.8195 	DEBUG 	TextBox2 loaded 1 chars with 0 blanks and 1 valid
8.8215 	DEBUG 	TextBox2 loaded 1 chars with 0 blanks and 1 valid
8.8233 	DEBUG 	TextBox2 loaded 1 chars with 0 blanks and 1 valid
8.8249 	DEBUG 	TextBox2 loaded 1 chars with 0 blanks and 1 valid
8.8257 	DEBUG 	TextBox2 loaded 1 chars with 0 blanks and 1 valid
8.8271 	DEBUG 	TextBox2 loaded 1 chars with 0 blanks and 1 valid
8.8287 	DEBUG 	TextBox2 loaded 1 chars with 0 blanks and 1 valid
8.8302 	DEBUG 	TextBox2 loaded 1 chars with 0 blanks and 1 valid
8.8306 	DEBUG 	Uploading Texture Font fontname to graphics card
8.8341 	DEBUG 	Upload of Texture Font fontname complete
8.8553 	WARNING 	launchHubServer: If using the iohub mouse or eyetracker devices, fullScr should be True.
12.3158 	INFO 	keyboard.Keyboard is using iohub backend.
12.3159 	INFO 	keyboard.Keyboard is using iohub backend.
12.3159 	INFO 	keyboard.Keyboard is using iohub backend.
12.3159 	INFO 	keyboard.Keyboard is using iohub backend.
12.3159 	INFO 	keyboard.Keyboard is using iohub backend.
12.3160 	INFO 	keyboard.Keyboard is using iohub backend.
12.3160 	INFO 	keyboard.Keyboard is using iohub backend.
12.3160 	INFO 	keyboard.Keyboard is using iohub backend.
12.3160 	INFO 	keyboard.Keyboard is using iohub backend.
12.3160 	INFO 	keyboard.Keyboard is using iohub backend.
12.3161 	EXP 	tilt_staircase: status = STARTED
12.3713 	EXP 	Created text_5 = TextStim(__class__=<class 'psychopy.visual.text.TextStim'>, alignHoriz=method-wrapper(...), alignText='center', alignVert=method-wrapper(...), anchorHoriz='center', anchorVert='center', antialias=True, autoDraw=False, autoLog=True, bold=False, color=array([1., 1., 1.]), colorSpace='rgb', contrast=1.0, depth=0.0, draggable=False, flipHoriz=False, flipVert=False, font='Arial', fontFiles=[], height=0.05, italic=False, languageStyle='LTR', name='text_5', opacity=1, ori=0.0, pos=array([0., 0.]), rgb=UNKNOWN, text=str(...), units='height', win=Window(...), wrapWidth=1)
12.3793 	EXP 	Created text_6 = TextStim(__class__=<class 'psychopy.visual.text.TextStim'>, alignHoriz=method-wrapper(...), alignText='center', alignVert=method-wrapper(...), anchorHoriz='center', anchorVert='center', antialias=True, autoDraw=False, autoLog=True, bold=False, color=array([1., 1., 1.]), colorSpace='rgb', contrast=1.0, depth=0.0, draggable=False, flipHoriz=False, flipVert=False, font='Arial', fontFiles=[], height=0.05, italic=False, languageStyle='LTR', name='text_6', opacity=1, ori=0.0, pos=array([0., 0.]), rgb=UNKNOWN, text=str(...), units='height', win=Window(...), wrapWidth=1)
12.3825 	EXP 	Created surround_practice_3 = GratingStim(__class__=<class 'psychopy.visual.grating.GratingStim'>, anchor='center', autoDraw=False, autoLog=True, blendmode='avg', color=array([0.5, 0.5, 0.5]), colorSpace='rgb', contrast=0.5, depth=-1.0, draggable=False, interpolate=True, mask='circle', maskParams=None, name='surround_practice_3', opacity=1, ori=30.0, phase=array([1., 1.]), pos=array([0., 0.]), rgbPedestal=array([0., 0., 0.]), sf=array([2.5, 2.5]), size=array([6., 6.]), tex='sin', texRes=128.0, units='deg', win=Window(...))
12.3842 	EXP 	Created center_practice_3 = GratingStim(__class__=<class 'psychopy.visual.grating.GratingStim'>, anchor='center', autoDraw=False, autoLog=True, blendmode='avg', color=array([0.5, 0.5, 0.5]), colorSpace='rgb', contrast=0.5, depth=-2.0, draggable=False, interpolate=True, mask='circle', maskParams=None, name='center_practice_3', opacity=1, ori=0.0, phase=array([1., 1.]), pos=array([0., 0.]), rgbPedestal=array([0., 0., 0.]), sf=array([2.5, 2.5]), size=array([2., 2.]), tex='sin', texRes=128.0, units='deg', win=Window(...))
12.3857 	EXP 	Created surround_practice = GratingStim(__class__=<class 'psychopy.visual.grating.GratingStim'>, anchor='center', autoDraw=False, autoLog=True, blendmode='avg', color=array([0.4, 0.4, 0.4]), colorSpace='rgb', contrast=0.4, depth=0.0, draggable=False, interpolate=True, mask='circle', maskParams=None, name='surround_practice', opacity=1, ori=1.0, phase=array([1., 1.]), pos=array([0., 0.]), rgbPedestal=array([0., 0., 0.]), sf=array([2.5, 2.5]), size=array([6., 6.]), tex='sin', texRes=128.0, units='deg', win=Window(...))
12.3872 	EXP 	Created center_practice = GratingStim(__class__=<class 'psychopy.visual.grating.GratingStim'>, anchor='center', autoDraw=False, autoLog=True, blendmode='avg', color=array([1., 1., 1.]), colorSpace='rgb', contrast=1.0, depth=-1.0, draggable=False, interpolate=True, mask='circle', maskParams=None, name='center_practice', opacity=1, ori=1.0, phase=array([1., 1.]), pos=array([0., 0.]), rgbPedestal=array([0., 0., 0.]), sf=array([2.5, 2.5]), size=array([2., 2.]), tex='sin', texRes=128.0, units='deg', win=Window(...))
12.3891 	EXP 	Created text_9 = TextStim(__class__=<class 'psychopy.visual.text.TextStim'>, alignHoriz=method-wrapper(...), alignText='center', alignVert=method-wrapper(...), anchorHoriz='center', anchorVert='center', antialias=True, autoDraw=False, autoLog=True, bold=False, color=array([1., 1., 1.]), colorSpace='rgb', contrast=1.0, depth=-3.0, draggable=False, flipHoriz=False, flipVert=False, font='Arial', fontFiles=[], height=0.05, italic=False, languageStyle='LTR', name='text_9', opacity=1, ori=0.0, pos=array([0., 0.]), rgb=UNKNOWN, text='+', units='height', win=Window(...), wrapWidth=1)
12.3930 	EXP 	Created text_11 = TextStim(__class__=<class 'psychopy.visual.text.TextStim'>, alignHoriz=method-wrapper(...), alignText='center', alignVert=method-wrapper(...), anchorHoriz='center', anchorVert='center', antialias=True, autoDraw=False, autoLog=True, bold=False, color=array([1., 1., 1.]), colorSpace='rgb', contrast=1.0, depth=-4.0, draggable=False, flipHoriz=False, flipVert=False, font='Arial', fontFiles=[], height=0.05, italic=False, languageStyle='LTR', name='text_11', opacity=1, ori=0.0, pos=array([0., 0.]), rgb=UNKNOWN, text=str(...), units='height', win=Window(...), wrapWidth=1)
12.3935 	EXP 	Created text_7 = TextStim(__class__=<class 'psychopy.visual.text.TextStim'>, alignHoriz=method-wrapper(...), alignText='center', alignVert=method-wrapper(...), anchorHoriz='center', anchorVert='center', antialias=True, autoDraw=False, autoLog=True, bold=False, color=array([1., 1., 1.]), colorSpace='rgb', contrast=1.0, depth=-1.0, draggable=False, flipHoriz=False, flipVert=False, font='Arial', fontFiles=[], height=0.05, italic=False, languageStyle='LTR', name='text_7', opacity=1, ori=0.0, pos=array([0., 0.]), rgb=UNKNOWN, text='', units='height', win=Window(...), wrapWidth=1)
12.4013 	EXP 	Created text_8 = TextStim(__class__=<class 'psychopy.visual.text.TextStim'>, alignHoriz=method-wrapper(...), alignText='center', alignVert=method-wrapper(...), anchorHoriz='center', anchorVert='center', antialias=True, autoDraw=False, autoLog=True, bold=False, color=array([1., 1., 1.]), colorSpace='rgb', contrast=1.0, depth=0.0, draggable=False, flipHoriz=False, flipVert=False, font='Arial', fontFiles=[], height=0.05, italic=False, languageStyle='LTR', name='text_8', opacity=1, ori=0.0, pos=array([0., 0.]), rgb=UNKNOWN, text=str(...), units='height', win=Window(...), wrapWidth=1)
12.4032 	EXP 	Created surround_practice_2 = GratingStim(__class__=<class 'psychopy.visual.grating.GratingStim'>, anchor='center', autoDraw=False, autoLog=True, blendmode='avg', color=array([0.4, 0.4, 0.4]), colorSpace='rgb', contrast=0.4, depth=0.0, draggable=False, interpolate=True, mask='circle', maskParams=None, name='surround_practice_2', opacity=1.0, ori=1.0, phase=array([0., 0.]), pos=array([0., 0.]), rgbPedestal=array([0., 0., 0.]), sf=array([2.5, 2.5]), size=array([6., 6.]), tex='sin', texRes=128.0, units='deg', win=Window(...))
12.4048 	EXP 	Created center_practice_2 = GratingStim(__class__=<class 'psychopy.visual.grating.GratingStim'>, anchor='center', autoDraw=False, autoLog=True, blendmode='avg', color=array([0.4, 0.4, 0.4]), colorSpace='rgb', contrast=0.4, depth=-1.0, draggable=False, interpolate=True, mask='circle', maskParams=None, name='center_practice_2', opacity=1, ori=1.0, phase=array([0., 0.]), pos=array([0., 0.]), rgbPedestal=array([0., 0., 0.]), sf=array([2.5, 2.5]), size=array([2., 2.]), tex='sin', texRes=128.0, units='deg', win=Window(...))
12.4062 	EXP 	Created text_10 = TextStim(__class__=<class 'psychopy.visual.text.TextStim'>, alignHoriz=method-wrapper(...), alignText='center', alignVert=method-wrapper(...), anchorHoriz='center', anchorVert='center', antialias=True, autoDraw=False, autoLog=True, bold=False, color=array([1., 1., 1.]), colorSpace='rgb', contrast=1.0, depth=-3.0, draggable=False, flipHoriz=False, flipVert=False, font='Arial', fontFiles=[], height=0.05, italic=False, languageStyle='LTR', name='text_10', opacity=1, ori=0.0, pos=array([0., 0.]), rgb=UNKNOWN, text='+', units='height', win=Window(...), wrapWidth=1)
12.4091 	EXP 	Created text_12 = TextStim(__class__=<class 'psychopy.visual.text.TextStim'>, alignHoriz=method-wrapper(...), alignText='center', alignVert=method-wrapper(...), anchorHoriz='center', anchorVert='center', antialias=True, autoDraw=False, autoLog=True, bold=False, color=array([1., 1., 1.]), colorSpace='rgb', contrast=1.0, depth=-4.0, draggable=False, flipHoriz=False, flipVert=False, font='Arial', fontFiles=[], height=0.05, italic=False, languageStyle='LTR', name='text_12', opacity=1, ori=0.0, pos=array([0., 0.]), rgb=UNKNOWN, text=str(...), units='height', win=Window(...), wrapWidth=1)
12.4096 	EXP 	Created text_7 = TextStim(__class__=<class 'psychopy.visual.text.TextStim'>, alignHoriz=method-wrapper(...), alignText='center', alignVert=method-wrapper(...), anchorHoriz='center', anchorVert='center', antialias=True, autoDraw=False, autoLog=True, bold=False, color=array([1., 1., 1.]), colorSpace='rgb', contrast=1.0, depth=-1.0, draggable=False, flipHoriz=False, flipVert=False, font='Arial', fontFiles=[], height=0.05, italic=False, languageStyle='LTR', name='text_7', opacity=1, ori=0.0, pos=array([0., 0.]), rgb=UNKNOWN, text='', units='height', win=Window(...), wrapWidth=1)
12.4147 	EXP 	Created text_13 = TextStim(__class__=<class 'psychopy.visual.text.TextStim'>, alignHoriz=method-wrapper(...), alignText='center', alignVert=method-wrapper(...), anchorHoriz='center', anchorVert='center', antialias=True, autoDraw=False, autoLog=True, bold=False, color=array([1., 1., 1.]), colorSpace='rgb', contrast=1.0, depth=0.0, draggable=False, flipHoriz=False, flipVert=False, font='Arial', fontFiles=[], height=0.05, italic=False, languageStyle='LTR', name='text_13', opacity=1, ori=0.0, pos=array([0., 0.]), rgb=UNKNOWN, text=str(...), units='height', win=Window(...), wrapWidth=1)
12.4164 	EXP 	Created surround_grating = GratingStim(__class__=<class 'psychopy.visual.grating.GratingStim'>, anchor='center', autoDraw=False, autoLog=True, blendmode='avg', color=array([0.4, 0.4, 0.4]), colorSpace='rgb', contrast=0.4, depth=-2.0, draggable=False, interpolate=True, mask='circle', maskParams=None, name='surround_grating', opacity=1.0, ori=1.0, phase=array([1., 1.]), pos=array([0., 0.]), rgbPedestal=array([0., 0., 0.]), sf=array([2.5, 2.5]), size=array([6., 6.]), tex='sin', texRes=128.0, units='deg', win=Window(...))
12.4179 	EXP 	Created center_grating = GratingStim(__class__=<class 'psychopy.visual.grating.GratingStim'>, anchor='center', autoDraw=False, autoLog=True, blendmode='avg', color=array([0.4, 0.4, 0.4]), colorSpace='rgb', contrast=0.4, depth=-3.0, draggable=False, interpolate=True, mask='circle', maskParams=None, name='center_grating', opacity=1, ori=1.0, phase=array([1., 1.]), pos=array([0., 0.]), rgbPedestal=array([0., 0., 0.]), sf=array([2.5, 2.5]), size=array([2., 2.]), tex='sin', texRes=128.0, units='deg', win=Window(...))
12.4191 	EXP 	Created text_2 = TextStim(__class__=<class 'psychopy.visual.text.TextStim'>, alignHoriz=method-wrapper(...), alignText='center', alignVert=method-wrapper(...), anchorHoriz='center', anchorVert='center', antialias=True, autoDraw=False, autoLog=True, bold=False, color=array([1., 1., 1.]), colorSpace='rgb', contrast=1.0, depth=-5.0, draggable=False, flipHoriz=False, flipVert=False, font='Arial', fontFiles=[], height=0.05, italic=False, languageStyle='LTR', name='text_2', opacity=1, ori=0.0, pos=array([0., 0.]), rgb=UNKNOWN, text='+', units='height', win=Window(...), wrapWidth=1)
12.4218 	EXP 	Created text_3 = TextStim(__class__=<class 'psychopy.visual.text.TextStim'>, alignHoriz=method-wrapper(...), alignText='center', alignVert=method-wrapper(...), anchorHoriz='center', anchorVert='center', antialias=True, autoDraw=False, autoLog=True, bold=False, color=array([1., 1., 1.]), colorSpace='rgb', contrast=1.0, depth=-6.0, draggable=False, flipHoriz=False, flipVert=False, font='Arial', fontFiles=[], height=0.05, italic=False, languageStyle='LTR', name='text_3', opacity=1, ori=0.0, pos=array([0., 0.]), rgb=UNKNOWN, text=str(...), units='height', win=Window(...), wrapWidth=1)
12.4247 	EXP 	Created text_4 = TextStim(__class__=<class 'psychopy.visual.text.TextStim'>, alignHoriz=method-wrapper(...), alignText='center', alignVert=method-wrapper(...), anchorHoriz='center', anchorVert='center', antialias=True, autoDraw=False, autoLog=True, bold=False, color=array([1., 1., 1.]), colorSpace='rgb', contrast=1.0, depth=0.0, draggable=False, flipHoriz=False, flipVert=False, font='Arial', fontFiles=[], height=0.05, italic=False, languageStyle='LTR', name='text_4', opacity=1, ori=0.0, pos=array([0., 0.]), rgb=UNKNOWN, text='thank you and have a pleasant day ', units='height', win=Window(...), wrapWidth=1)
0.0229 	INFO 	Keyboard events cleared
0.0226 	EXP 	text_5: autoDraw = True
0.7755 	DATA 	Keypress: space
0.7796 	INFO 	Keyboard events cleared
0.7793 	WARNING 	t of last frame was 47.57ms (=1/21)
0.7793 	EXP 	text_5: autoDraw = False
0.7793 	EXP 	text_6: autoDraw = True
1.0693 	DATA 	Keypress: space
1.0723 	INFO 	Keyboard events cleared
1.0720 	EXP 	text_6: autoDraw = False
1.0720 	EXP 	surround_practice_3: phase = array([0.03584595, 0.03584595])
1.0720 	EXP 	center_practice_3: phase = array([0.25604006, 0.25604006])
1.0720 	EXP 	surround_practice_3: autoDraw = True
1.0720 	EXP 	center_practice_3: autoDraw = True
1.0720 	EXP 	surround_practice_3: tex = 'sin'
1.0720 	EXP 	center_practice_3: tex = 'sin'
16.5148 	WARNING 	t of last frame was 29.27ms (=1/34)
18.0142 	WARNING 	t of last frame was 45.23ms (=1/22)
18.3146 	WARNING 	t of last frame was 24.77ms (=1/40)
18.5915 	WARNING 	Multiple dropped frames have occurred - I'll stop bothering you about them!
55.1714 	DATA 	Keypress: escape
55.2401 	EXP 	tilt_staircase: status = STOPPED
55.2477 	EXP 	surround_practice_3: autoDraw = False
55.2477 	EXP 	center_practice_3: autoDraw = False
55.2492 	EXP 	tilt_staircase: status = STOPPED
55.2567 	INFO 	saved data to '/Users/bwinsto2/Downloads/data/367575_tilt_staircase_2025-08-14_16h31.10.447.csv'
55.2584 	INFO 	saved data to /Users/bwinsto2/Downloads/data/367575_tilt_staircase_2025-08-14_16h31.10.447.psydat
55.5919 	DEBUG 	Saving data for tilt_staircase ExperimentHandler
