4.8137 	DEBUG 	Fullscreen settings ignored as running in pilot mode.
4.8151 	INFO 	Loaded monitor calibration from ['2025_01_25 22:17']
5.0034 	EXP 	Created window1 = Window(allowGUI=False, allowStencil=False, autoLog=True, backendConf=UNKNOWN, backgroundFit=<method-wrapper '__getattribute__' of attributeSetter object at 0x7f7e13fb6970>, backgroundImage=<method-wrapper '__getattribute__' of attributeSetter object at 0x7f7e13fb6880>, bitsMode=UNKNOWN, blendMode='avg', bpc=(8, 8, 8), color=array([0, 0, 0]), colorSpace='rgb', depthBits=8, fullscr=False, gamma=None, gammaErrorPolicy='raise', infoMsg=UNKNOWN, lms=UNKNOWN, monitor=<psychopy.monitors.calibTools.Monitor object at 0x7f7e13fe23a0>, multiSample=False, name='window1', numSamples=2, pos=[1320.0, 420.0], screen=1, size=array([800, 600]), stencilBits=0, stereo=False, title='PsychoPy', units='height', useFBO=True, useRetina=False, viewOri=0.0, viewPos=None, viewScale=None, waitBlanking=True, winType='pyglet')
5.0034 	EXP 	window1: backgroundImage = ''
5.0034 	EXP 	window1: backgroundFit = 'none'
5.0120 	DEBUG 	TextBox2 loaded 1 chars with 0 blanks and 1 valid
5.0127 	DEBUG 	TextBox2 loaded 1 chars with 0 blanks and 1 valid
5.0134 	DEBUG 	TextBox2 loaded 1 chars with 0 blanks and 1 valid
5.0144 	DEBUG 	TextBox2 loaded 1 chars with 0 blanks and 1 valid
5.0153 	DEBUG 	TextBox2 loaded 1 chars with 0 blanks and 1 valid
5.0157 	DEBUG 	TextBox2 loaded 1 chars with 0 blanks and 1 valid
5.0165 	DEBUG 	TextBox2 loaded 1 chars with 0 blanks and 1 valid
5.0174 	DEBUG 	TextBox2 loaded 1 chars with 0 blanks and 1 valid
5.0177 	DEBUG 	TextBox2 loaded 1 chars with 0 blanks and 1 valid
5.0182 	DEBUG 	TextBox2 loaded 1 chars with 0 blanks and 1 valid
5.0189 	DEBUG 	TextBox2 loaded 1 chars with 0 blanks and 1 valid
5.0197 	DEBUG 	TextBox2 loaded 1 chars with 0 blanks and 1 valid
5.0204 	DEBUG 	TextBox2 loaded 1 chars with 0 blanks and 1 valid
5.0212 	DEBUG 	TextBox2 loaded 1 chars with 0 blanks and 1 valid
5.0218 	DEBUG 	TextBox2 loaded 1 chars with 0 blanks and 1 valid
5.0226 	DEBUG 	TextBox2 loaded 1 chars with 0 blanks and 1 valid
5.0233 	DEBUG 	TextBox2 loaded 1 chars with 0 blanks and 1 valid
5.0239 	DEBUG 	TextBox2 loaded 1 chars with 0 blanks and 1 valid
5.0244 	DEBUG 	TextBox2 loaded 1 chars with 0 blanks and 1 valid
5.0253 	DEBUG 	TextBox2 loaded 1 chars with 0 blanks and 1 valid
5.0258 	DEBUG 	TextBox2 loaded 1 chars with 0 blanks and 1 valid
5.0260 	DEBUG 	Uploading Texture Font fontname to graphics card
5.0296 	DEBUG 	Upload of Texture Font fontname complete
5.0350 	DEBUG 	TextBox2 loaded 1 chars with 0 blanks and 1 valid
5.0361 	DEBUG 	TextBox2 loaded 1 chars with 0 blanks and 1 valid
5.0370 	DEBUG 	TextBox2 loaded 1 chars with 0 blanks and 1 valid
5.0372 	DEBUG 	Uploading Texture Font fontname to graphics card
5.0394 	DEBUG 	Upload of Texture Font fontname complete
5.0410 	EXP 	window1: Attempting to measure frame rate of screen (1) ...
5.0410 	EXP 	window1: recordFrameIntervals = False
5.2489 	EXP 	window1: recordFrameIntervals = True
6.1142 	WARNING 	Couldn't measure a consistent frame rate!
  - Is your graphics card set to sync to vertical blank?
  - Are you running other processes on your computer?

6.1252 	DEBUG 	TextBox2 loaded 1 chars with 0 blanks and 1 valid
6.1277 	DEBUG 	TextBox2 loaded 1 chars with 0 blanks and 1 valid
6.1293 	DEBUG 	TextBox2 loaded 1 chars with 0 blanks and 1 valid
6.1313 	DEBUG 	TextBox2 loaded 1 chars with 0 blanks and 1 valid
6.1331 	DEBUG 	TextBox2 loaded 1 chars with 0 blanks and 1 valid
6.1351 	DEBUG 	TextBox2 loaded 1 chars with 0 blanks and 1 valid
6.1361 	DEBUG 	TextBox2 loaded 1 chars with 0 blanks and 1 valid
6.1377 	DEBUG 	TextBox2 loaded 1 chars with 0 blanks and 1 valid
6.1395 	DEBUG 	TextBox2 loaded 1 chars with 0 blanks and 1 valid
6.1412 	DEBUG 	TextBox2 loaded 1 chars with 0 blanks and 1 valid
6.1417 	DEBUG 	Uploading Texture Font fontname to graphics card
6.1462 	DEBUG 	Upload of Texture Font fontname complete
6.1707 	WARNING 	launchHubServer: If using the iohub mouse or eyetracker devices, fullScr should be True.
9.9654 	INFO 	keyboard.Keyboard is using iohub backend.
9.9655 	INFO 	keyboard.Keyboard is using iohub backend.
9.9655 	EXP 	tilt_staircase: status = STARTED
9.9772 	EXP 	Created surround = GratingStim(__class__=<class 'psychopy.visual.grating.GratingStim'>, anchor='center', autoDraw=False, autoLog=True, blendmode='avg', color=array([1., 1., 1.]), colorSpace='rgb', contrast=1.0, depth=0.0, draggable=False, interpolate=True, mask='circle', maskParams=None, name='surround', opacity=1, ori=1.0, phase=array([0., 0.]), pos=array([0., 0.]), rgbPedestal=array([0., 0., 0.]), sf=array([7., 7.]), size=array([0.75, 0.75]), tex='sin', texRes=128.0, units='height', win=Window(...))
9.9787 	EXP 	Created center = GratingStim(__class__=<class 'psychopy.visual.grating.GratingStim'>, anchor='center', autoDraw=False, autoLog=True, blendmode='avg', color=array([1., 1., 1.]), colorSpace='rgb', contrast=1.0, depth=-1.0, draggable=False, interpolate=True, mask='circle', maskParams=None, name='center', opacity=1, ori=1.0, phase=array([0., 0.]), pos=array([0., 0.]), rgbPedestal=array([0., 0., 0.]), sf=array([2., 2.]), size=array([0.3, 0.3]), tex='sin', texRes=128.0, units='height', win=Window(...))
9.9848 	EXP 	Created text = TextStim(__class__=<class 'psychopy.visual.text.TextStim'>, alignHoriz=method-wrapper(...), alignText='center', alignVert=method-wrapper(...), anchorHoriz='center', anchorVert='center', antialias=True, autoDraw=False, autoLog=True, bold=False, color=array([ 1., -1., -1.]), colorSpace='rgb', contrast=1.0, depth=-3.0, draggable=False, flipHoriz=False, flipVert=False, font='Arial', fontFiles=[], height=0.05, italic=False, languageStyle='LTR', name='text', opacity=1, ori=0.0, pos=array([0., 0.]), rgb=UNKNOWN, text='', units='height', win=Window(...), wrapWidth=1)
9.9854 	EXP 	Created text_2 = TextStim(__class__=<class 'psychopy.visual.text.TextStim'>, alignHoriz=method-wrapper(...), alignText='center', alignVert=method-wrapper(...), anchorHoriz='center', anchorVert='center', antialias=True, autoDraw=False, autoLog=True, bold=False, color=array([1., 1., 1.]), colorSpace='rgb', contrast=1.0, depth=-4.0, draggable=False, flipHoriz=False, flipVert=False, font='Arial', fontFiles=[], height=0.05, italic=False, languageStyle='LTR', name='text_2', opacity=1, ori=0.0, pos=array([ 0., -1.]), rgb=UNKNOWN, text='', units='height', win=Window(...), wrapWidth=1)
0.0639 	DEBUG 	Saving data for tilt_staircase ExperimentHandler
0.0646 	INFO 	saved data to /Users/bwinsto2/Downloads/data/389141_tilt_staircase_2025-08-11_12h47.00.715.psydat
0.0649 	INFO 	saved data to '/Users/bwinsto2/Downloads/data/389141_tilt_staircase_2025-08-11_12h47.00.715.csv'
