17.5816 	DEBUG 	Fullscreen settings ignored as running in pilot mode.
17.5886 	INFO 	Loaded monitor calibration from ['2025_01_25 22:17']
17.8901 	EXP 	Created window1 = Window(allowGUI=False, allowStencil=False, autoLog=True, backendConf=UNKNOWN, backgroundFit=<method-wrapper '__getattribute__' of attributeSetter object at 0x7fcc9411ea90>, backgroundImage=<method-wrapper '__getattribute__' of attributeSetter object at 0x7fcc9411e9a0>, bitsMode=UNKNOWN, blendMode='avg', bpc=(8, 8, 8), color=array([0, 0, 0]), colorSpace='rgb', depthBits=8, fullscr=False, gamma=None, gammaErrorPolicy='raise', infoMsg=UNKNOWN, lms=UNKNOWN, monitor=<psychopy.monitors.calibTools.Monitor object at 0x7fcc9414b490>, multiSample=False, name='window1', numSamples=2, pos=[1320.0, 420.0], screen=1, size=array([800, 600]), stencilBits=0, stereo=False, title='PsychoPy', units='height', useFBO=True, useRetina=False, viewOri=0.0, viewPos=None, viewScale=None, waitBlanking=True, winType='pyglet')
17.8902 	EXP 	window1: backgroundImage = ''
17.8902 	EXP 	window1: backgroundFit = 'none'
17.9101 	DEBUG 	TextBox2 loaded 1 chars with 0 blanks and 1 valid
17.9109 	DEBUG 	TextBox2 loaded 1 chars with 0 blanks and 1 valid
17.9117 	DEBUG 	TextBox2 loaded 1 chars with 0 blanks and 1 valid
17.9127 	DEBUG 	TextBox2 loaded 1 chars with 0 blanks and 1 valid
17.9136 	DEBUG 	TextBox2 loaded 1 chars with 0 blanks and 1 valid
17.9141 	DEBUG 	TextBox2 loaded 1 chars with 0 blanks and 1 valid
17.9148 	DEBUG 	TextBox2 loaded 1 chars with 0 blanks and 1 valid
17.9159 	DEBUG 	TextBox2 loaded 1 chars with 0 blanks and 1 valid
17.9163 	DEBUG 	TextBox2 loaded 1 chars with 0 blanks and 1 valid
17.9167 	DEBUG 	TextBox2 loaded 1 chars with 0 blanks and 1 valid
17.9174 	DEBUG 	TextBox2 loaded 1 chars with 0 blanks and 1 valid
17.9182 	DEBUG 	TextBox2 loaded 1 chars with 0 blanks and 1 valid
17.9189 	DEBUG 	TextBox2 loaded 1 chars with 0 blanks and 1 valid
17.9196 	DEBUG 	TextBox2 loaded 1 chars with 0 blanks and 1 valid
17.9203 	DEBUG 	TextBox2 loaded 1 chars with 0 blanks and 1 valid
17.9212 	DEBUG 	TextBox2 loaded 1 chars with 0 blanks and 1 valid
17.9220 	DEBUG 	TextBox2 loaded 1 chars with 0 blanks and 1 valid
17.9225 	DEBUG 	TextBox2 loaded 1 chars with 0 blanks and 1 valid
17.9231 	DEBUG 	TextBox2 loaded 1 chars with 0 blanks and 1 valid
17.9241 	DEBUG 	TextBox2 loaded 1 chars with 0 blanks and 1 valid
17.9246 	DEBUG 	TextBox2 loaded 1 chars with 0 blanks and 1 valid
17.9248 	DEBUG 	Uploading Texture Font fontname to graphics card
17.9287 	DEBUG 	Upload of Texture Font fontname complete
17.9344 	DEBUG 	TextBox2 loaded 1 chars with 0 blanks and 1 valid
17.9355 	DEBUG 	TextBox2 loaded 1 chars with 0 blanks and 1 valid
17.9364 	DEBUG 	TextBox2 loaded 1 chars with 0 blanks and 1 valid
17.9366 	DEBUG 	Uploading Texture Font fontname to graphics card
17.9387 	DEBUG 	Upload of Texture Font fontname complete
17.9403 	EXP 	window1: Attempting to measure frame rate of screen (1) ...
17.9403 	EXP 	window1: recordFrameIntervals = False
18.1883 	EXP 	window1: recordFrameIntervals = True
18.9390 	WARNING 	t of last frame was 29.45ms (=1/33)
19.0432 	WARNING 	Couldn't measure a consistent frame rate!
  - Is your graphics card set to sync to vertical blank?
  - Are you running other processes on your computer?

19.0536 	DEBUG 	TextBox2 loaded 1 chars with 0 blanks and 1 valid
19.0547 	DEBUG 	TextBox2 loaded 1 chars with 0 blanks and 1 valid
19.0564 	DEBUG 	TextBox2 loaded 1 chars with 0 blanks and 1 valid
19.0585 	DEBUG 	TextBox2 loaded 1 chars with 0 blanks and 1 valid
19.0605 	DEBUG 	TextBox2 loaded 1 chars with 0 blanks and 1 valid
19.0624 	DEBUG 	TextBox2 loaded 1 chars with 0 blanks and 1 valid
19.0634 	DEBUG 	TextBox2 loaded 1 chars with 0 blanks and 1 valid
19.0650 	DEBUG 	TextBox2 loaded 1 chars with 0 blanks and 1 valid
19.0669 	DEBUG 	TextBox2 loaded 1 chars with 0 blanks and 1 valid
19.0685 	DEBUG 	TextBox2 loaded 1 chars with 0 blanks and 1 valid
19.0690 	DEBUG 	Uploading Texture Font fontname to graphics card
19.0733 	DEBUG 	Upload of Texture Font fontname complete
19.1513 	WARNING 	launchHubServer: If using the iohub mouse or eyetracker devices, fullScr should be True.
27.9118 	INFO 	keyboard.Keyboard is using iohub backend.
27.9119 	INFO 	keyboard.Keyboard is using iohub backend.
27.9119 	EXP 	tilt_staircase: status = STARTED
27.9168 	EXP 	Created surround = GratingStim(__class__=<class 'psychopy.visual.grating.GratingStim'>, anchor='center', autoDraw=False, autoLog=True, blendmode='avg', color=array([1., 1., 1.]), colorSpace='rgb', contrast=1.0, depth=0.0, draggable=False, interpolate=True, mask='circle', maskParams=None, name='surround', opacity=1, ori=1.0, phase=array([0., 0.]), pos=array([0., 0.]), rgbPedestal=array([0., 0., 0.]), sf=array([7., 7.]), size=array([0.75, 0.75]), tex='sin', texRes=128.0, units='height', win=Window(...))
27.9183 	EXP 	Created center = GratingStim(__class__=<class 'psychopy.visual.grating.GratingStim'>, anchor='center', autoDraw=False, autoLog=True, blendmode='avg', color=array([1., 1., 1.]), colorSpace='rgb', contrast=1.0, depth=-1.0, draggable=False, interpolate=True, mask='circle', maskParams=None, name='center', opacity=1, ori=1.0, phase=array([0., 0.]), pos=array([0., 0.]), rgbPedestal=array([0., 0., 0.]), sf=array([2., 2.]), size=array([0.3, 0.3]), tex='sin', texRes=128.0, units='height', win=Window(...))
27.9305 	EXP 	Created text = TextStim(__class__=<class 'psychopy.visual.text.TextStim'>, alignHoriz=method-wrapper(...), alignText='center', alignVert=method-wrapper(...), anchorHoriz='center', anchorVert='center', antialias=True, autoDraw=False, autoLog=True, bold=False, color=array([ 1., -1., -1.]), colorSpace='rgb', contrast=1.0, depth=-3.0, draggable=False, flipHoriz=False, flipVert=False, font='Arial', fontFiles=[], height=0.05, italic=False, languageStyle='LTR', name='text', opacity=1, ori=0.0, pos=array([0., 0.]), rgb=UNKNOWN, text='', units='height', win=Window(...), wrapWidth=1)
0.0698 	INFO 	Keyboard events cleared
0.0695 	WARNING 	t of last frame was 63.44ms (=1/15)
0.0695 	EXP 	surround: ori = 50.0
0.0695 	EXP 	center: ori = 20.0
0.0695 	EXP 	text: height = 0.05
0.0695 	EXP 	text: height = 0.05
0.0695 	EXP 	text: height = 0.05
0.0695 	EXP 	text: text = 20.0
0.0695 	EXP 	surround: autoDraw = True
0.0695 	EXP 	center: autoDraw = True
0.0695 	EXP 	text: autoDraw = True
0.0695 	EXP 	surround: tex = 'sin'
0.0695 	EXP 	center: tex = 'sin'
1.7672 	DATA 	Keypress: left
1.7701 	INFO 	Keyboard events cleared
1.7698 	WARNING 	t of last frame was 123.49ms (=1/8)
1.7698 	EXP 	surround: autoDraw = False
1.7698 	EXP 	center: autoDraw = False
1.7698 	EXP 	text: autoDraw = False
1.7698 	EXP 	surround: ori = 55.0
1.7698 	EXP 	center: ori = 25.0
1.7698 	EXP 	text: height = 0.05
1.7698 	EXP 	text: height = 0.05
1.7698 	EXP 	text: height = 0.05
1.7698 	EXP 	text: text = 25.0
1.7698 	EXP 	surround: autoDraw = True
1.7698 	EXP 	center: autoDraw = True
1.7698 	EXP 	text: autoDraw = True
3.1543 	DATA 	Keypress: right
3.1556 	INFO 	Keyboard events cleared
3.1554 	EXP 	surround: autoDraw = False
3.1554 	EXP 	center: autoDraw = False
3.1554 	EXP 	text: autoDraw = False
3.1554 	EXP 	surround: ori = 53.0
3.1554 	EXP 	center: ori = 23.0
3.1554 	EXP 	text: height = 0.05
3.1554 	EXP 	text: height = 0.05
3.1554 	EXP 	text: height = 0.05
3.1554 	EXP 	text: text = 23.0
3.1554 	EXP 	surround: autoDraw = True
3.1554 	EXP 	center: autoDraw = True
3.1554 	EXP 	text: autoDraw = True
4.7015 	DATA 	Keypress: escape
4.7833 	EXP 	tilt_staircase: status = STOPPED
4.7850 	EXP 	surround: autoDraw = False
4.7850 	EXP 	center: autoDraw = False
4.7850 	EXP 	text: autoDraw = False
4.7866 	EXP 	tilt_staircase: status = STOPPED
4.7884 	INFO 	saved data to '/Users/bwinsto2/Downloads/data/405463_tilt_staircase_2025-08-11_13h22.37.583.csv'
4.7892 	INFO 	saved data to /Users/bwinsto2/Downloads/data/405463_tilt_staircase_2025-08-11_13h22.37.583.psydat
4.9795 	DEBUG 	Saving data for tilt_staircase ExperimentHandler
