4.9974 	DEBUG 	Fullscreen settings ignored as running in pilot mode.
4.9988 	INFO 	Loaded monitor calibration from ['2025_01_25 22:17']
5.1956 	EXP 	Created window1 = Window(allowGUI=False, allowStencil=False, autoLog=True, backendConf=UNKNOWN, backgroundFit=<method-wrapper '__getattribute__' of attributeSetter object at 0x7f7e4372f850>, backgroundImage=<method-wrapper '__getattribute__' of attributeSetter object at 0x7f7e4372f730>, bitsMode=UNKNOWN, blendMode='avg', bpc=(8, 8, 8), color=array([0, 0, 0]), colorSpace='rgb', depthBits=8, fullscr=False, gamma=None, gammaErrorPolicy='raise', infoMsg=UNKNOWN, lms=UNKNOWN, monitor=<psychopy.monitors.calibTools.Monitor object at 0x7f7e4375e280>, multiSample=False, name='window1', numSamples=2, pos=[1320.0, 420.0], screen=1, size=array([800, 600]), stencilBits=0, stereo=False, title='PsychoPy', units='height', useFBO=True, useRetina=False, viewOri=0.0, viewPos=None, viewScale=None, waitBlanking=True, winType='pyglet')
5.1956 	EXP 	window1: backgroundImage = ''
5.1956 	EXP 	window1: backgroundFit = 'none'
5.2071 	DEBUG 	TextBox2 loaded 1 chars with 0 blanks and 1 valid
5.2082 	DEBUG 	TextBox2 loaded 1 chars with 0 blanks and 1 valid
5.2089 	DEBUG 	TextBox2 loaded 1 chars with 0 blanks and 1 valid
5.2098 	DEBUG 	TextBox2 loaded 1 chars with 0 blanks and 1 valid
5.2106 	DEBUG 	TextBox2 loaded 1 chars with 0 blanks and 1 valid
5.2111 	DEBUG 	TextBox2 loaded 1 chars with 0 blanks and 1 valid
5.2120 	DEBUG 	TextBox2 loaded 1 chars with 0 blanks and 1 valid
5.2130 	DEBUG 	TextBox2 loaded 1 chars with 0 blanks and 1 valid
5.2133 	DEBUG 	TextBox2 loaded 1 chars with 0 blanks and 1 valid
5.2138 	DEBUG 	TextBox2 loaded 1 chars with 0 blanks and 1 valid
5.2146 	DEBUG 	TextBox2 loaded 1 chars with 0 blanks and 1 valid
5.2153 	DEBUG 	TextBox2 loaded 1 chars with 0 blanks and 1 valid
5.2160 	DEBUG 	TextBox2 loaded 1 chars with 0 blanks and 1 valid
5.2168 	DEBUG 	TextBox2 loaded 1 chars with 0 blanks and 1 valid
5.2175 	DEBUG 	TextBox2 loaded 1 chars with 0 blanks and 1 valid
5.2183 	DEBUG 	TextBox2 loaded 1 chars with 0 blanks and 1 valid
5.2190 	DEBUG 	TextBox2 loaded 1 chars with 0 blanks and 1 valid
5.2194 	DEBUG 	TextBox2 loaded 1 chars with 0 blanks and 1 valid
5.2200 	DEBUG 	TextBox2 loaded 1 chars with 0 blanks and 1 valid
5.2210 	DEBUG 	TextBox2 loaded 1 chars with 0 blanks and 1 valid
5.2214 	DEBUG 	TextBox2 loaded 1 chars with 0 blanks and 1 valid
5.2216 	DEBUG 	Uploading Texture Font fontname to graphics card
5.2253 	DEBUG 	Upload of Texture Font fontname complete
5.2312 	DEBUG 	TextBox2 loaded 1 chars with 0 blanks and 1 valid
5.2336 	DEBUG 	TextBox2 loaded 1 chars with 0 blanks and 1 valid
5.2345 	DEBUG 	TextBox2 loaded 1 chars with 0 blanks and 1 valid
5.2346 	DEBUG 	Uploading Texture Font fontname to graphics card
5.2366 	DEBUG 	Upload of Texture Font fontname complete
5.2383 	EXP 	window1: Attempting to measure frame rate of screen (1) ...
5.2383 	EXP 	window1: recordFrameIntervals = False
5.4387 	EXP 	window1: recordFrameIntervals = True
6.2745 	WARNING 	Couldn't measure a consistent frame rate!
  - Is your graphics card set to sync to vertical blank?
  - Are you running other processes on your computer?

6.2843 	DEBUG 	TextBox2 loaded 1 chars with 0 blanks and 1 valid
6.2854 	DEBUG 	TextBox2 loaded 1 chars with 0 blanks and 1 valid
6.2868 	DEBUG 	TextBox2 loaded 1 chars with 0 blanks and 1 valid
6.2887 	DEBUG 	TextBox2 loaded 1 chars with 0 blanks and 1 valid
6.2904 	DEBUG 	TextBox2 loaded 1 chars with 0 blanks and 1 valid
6.2922 	DEBUG 	TextBox2 loaded 1 chars with 0 blanks and 1 valid
6.2931 	DEBUG 	TextBox2 loaded 1 chars with 0 blanks and 1 valid
6.2945 	DEBUG 	TextBox2 loaded 1 chars with 0 blanks and 1 valid
6.2961 	DEBUG 	TextBox2 loaded 1 chars with 0 blanks and 1 valid
6.2976 	DEBUG 	TextBox2 loaded 1 chars with 0 blanks and 1 valid
6.2980 	DEBUG 	Uploading Texture Font fontname to graphics card
6.3016 	DEBUG 	Upload of Texture Font fontname complete
6.3255 	WARNING 	launchHubServer: If using the iohub mouse or eyetracker devices, fullScr should be True.
7.6527 	INFO 	keyboard.Keyboard is using iohub backend.
7.6527 	INFO 	keyboard.Keyboard is using iohub backend.
7.6528 	EXP 	tilt_staircase: status = STARTED
7.6584 	EXP 	Created surround = GratingStim(__class__=<class 'psychopy.visual.grating.GratingStim'>, anchor='center', autoDraw=False, autoLog=True, blendmode='avg', color=array([1., 1., 1.]), colorSpace='rgb', contrast=1.0, depth=-1.0, draggable=False, interpolate=True, mask='circle', maskParams=None, name='surround', opacity=1, ori=1.0, phase=array([0., 0.]), pos=array([0., 0.]), rgbPedestal=array([0., 0., 0.]), sf=array([7., 7.]), size=array([0.75, 0.75]), tex='sin', texRes=128.0, units='height', win=Window(...))
7.6600 	EXP 	Created center = GratingStim(__class__=<class 'psychopy.visual.grating.GratingStim'>, anchor='center', autoDraw=False, autoLog=True, blendmode='avg', color=array([1., 1., 1.]), colorSpace='rgb', contrast=1.0, depth=-2.0, draggable=False, interpolate=True, mask='circle', maskParams=None, name='center', opacity=1, ori=1.0, phase=array([0., 0.]), pos=array([0., 0.]), rgbPedestal=array([0., 0., 0.]), sf=array([2., 2.]), size=array([0.3, 0.3]), tex='sin', texRes=128.0, units='height', win=Window(...))
7.6676 	EXP 	Created text = TextStim(__class__=<class 'psychopy.visual.text.TextStim'>, alignHoriz=method-wrapper(...), alignText='center', alignVert=method-wrapper(...), anchorHoriz='center', anchorVert='center', antialias=True, autoDraw=False, autoLog=True, bold=False, color=array([ 1., -1., -1.]), colorSpace='rgb', contrast=1.0, depth=-3.0, draggable=False, flipHoriz=False, flipVert=False, font='Arial', fontFiles=[], height=0.05, italic=False, languageStyle='LTR', name='text', opacity=1, ori=0.0, pos=array([0., 0.]), rgb=UNKNOWN, text='', units='height', win=Window(...), wrapWidth=1)
7.6767 	DEBUG 	Saving data for tilt_staircase ExperimentHandler
7.6773 	INFO 	saved data to /Users/bwinsto2/Downloads/data/434054_tilt_staircase_2025-08-11_11h57.33.399.psydat
7.6775 	INFO 	saved data to '/Users/bwinsto2/Downloads/data/434054_tilt_staircase_2025-08-11_11h57.33.399.csv'
