4.6426 	INFO 	Loaded monitor calibration from ['2025_08_13 14:32']
4.8322 	EXP 	Created window1 = Window(allowGUI=True, allowStencil=False, autoLog=True, backendConf=UNKNOWN, backgroundFit=<method-wrapper '__getattribute__' of attributeSetter object at 0x7ff611c68b50>, backgroundImage=<method-wrapper '__getattribute__' of attributeSetter object at 0x7ff611c68a90>, bitsMode=UNKNOWN, blendMode='avg', bpc=(8, 8, 8), color=array([0, 0, 0]), colorSpace='rgb', depthBits=8, fullscr=False, gamma=None, gammaErrorPolicy='raise', infoMsg=UNKNOWN, lms=UNKNOWN, monitor=<psychopy.monitors.calibTools.Monitor object at 0x7ff610c3d4f0>, multiSample=False, name='window1', numSamples=2, pos=[320.0, 150.0], screen=0, size=array([1600, 1200]), stencilBits=0, stereo=False, title='PsychoPy', units='height', useFBO=True, useRetina=True, viewOri=0.0, viewPos=None, viewScale=None, waitBlanking=True, winType='pyglet')
4.8322 	EXP 	window1: backgroundImage = ''
4.8322 	EXP 	window1: backgroundFit = 'none'
4.8402 	DEBUG 	TextBox2 loaded 1 chars with 0 blanks and 1 valid
4.8410 	DEBUG 	TextBox2 loaded 1 chars with 0 blanks and 1 valid
4.8418 	DEBUG 	TextBox2 loaded 1 chars with 0 blanks and 1 valid
4.8427 	DEBUG 	TextBox2 loaded 1 chars with 0 blanks and 1 valid
4.8437 	DEBUG 	TextBox2 loaded 1 chars with 0 blanks and 1 valid
4.8442 	DEBUG 	TextBox2 loaded 1 chars with 0 blanks and 1 valid
4.8450 	DEBUG 	TextBox2 loaded 1 chars with 0 blanks and 1 valid
4.8459 	DEBUG 	TextBox2 loaded 1 chars with 0 blanks and 1 valid
4.8463 	DEBUG 	TextBox2 loaded 1 chars with 0 blanks and 1 valid
4.8468 	DEBUG 	TextBox2 loaded 1 chars with 0 blanks and 1 valid
4.8476 	DEBUG 	TextBox2 loaded 1 chars with 0 blanks and 1 valid
4.8483 	DEBUG 	TextBox2 loaded 1 chars with 0 blanks and 1 valid
4.8490 	DEBUG 	TextBox2 loaded 1 chars with 0 blanks and 1 valid
4.8498 	DEBUG 	TextBox2 loaded 1 chars with 0 blanks and 1 valid
4.8505 	DEBUG 	TextBox2 loaded 1 chars with 0 blanks and 1 valid
4.8513 	DEBUG 	TextBox2 loaded 1 chars with 0 blanks and 1 valid
4.8520 	DEBUG 	TextBox2 loaded 1 chars with 0 blanks and 1 valid
4.8525 	DEBUG 	TextBox2 loaded 1 chars with 0 blanks and 1 valid
4.8531 	DEBUG 	TextBox2 loaded 1 chars with 0 blanks and 1 valid
4.8540 	DEBUG 	TextBox2 loaded 1 chars with 0 blanks and 1 valid
4.8545 	DEBUG 	TextBox2 loaded 1 chars with 0 blanks and 1 valid
4.8547 	DEBUG 	Uploading Texture Font fontname to graphics card
4.8583 	DEBUG 	Upload of Texture Font fontname complete
4.8649 	DEBUG 	TextBox2 loaded 1 chars with 0 blanks and 1 valid
4.8659 	DEBUG 	TextBox2 loaded 1 chars with 0 blanks and 1 valid
4.8668 	DEBUG 	TextBox2 loaded 1 chars with 0 blanks and 1 valid
4.8670 	DEBUG 	Uploading Texture Font fontname to graphics card
4.8692 	DEBUG 	Upload of Texture Font fontname complete
4.8707 	EXP 	window1: Attempting to measure frame rate of screen (0) ...
4.8708 	EXP 	window1: recordFrameIntervals = False
5.0616 	EXP 	window1: recordFrameIntervals = True
5.2673 	DATA 	Keypress: space
5.8971 	WARNING 	Couldn't measure a consistent frame rate!
  - Is your graphics card set to sync to vertical blank?
  - Are you running other processes on your computer?

5.9073 	DEBUG 	TextBox2 loaded 1 chars with 0 blanks and 1 valid
5.9085 	DEBUG 	TextBox2 loaded 1 chars with 0 blanks and 1 valid
5.9100 	DEBUG 	TextBox2 loaded 1 chars with 0 blanks and 1 valid
5.9120 	DEBUG 	TextBox2 loaded 1 chars with 0 blanks and 1 valid
5.9138 	DEBUG 	TextBox2 loaded 1 chars with 0 blanks and 1 valid
5.9157 	DEBUG 	TextBox2 loaded 1 chars with 0 blanks and 1 valid
5.9167 	DEBUG 	TextBox2 loaded 1 chars with 0 blanks and 1 valid
5.9183 	DEBUG 	TextBox2 loaded 1 chars with 0 blanks and 1 valid
5.9202 	DEBUG 	TextBox2 loaded 1 chars with 0 blanks and 1 valid
5.9219 	DEBUG 	TextBox2 loaded 1 chars with 0 blanks and 1 valid
5.9223 	DEBUG 	Uploading Texture Font fontname to graphics card
5.9266 	DEBUG 	Upload of Texture Font fontname complete
5.9506 	WARNING 	launchHubServer: If using the iohub mouse or eyetracker devices, fullScr should be True.
9.0808 	INFO 	keyboard.Keyboard is using iohub backend.
9.0809 	INFO 	keyboard.Keyboard is using iohub backend.
9.0809 	INFO 	keyboard.Keyboard is using iohub backend.
9.0809 	INFO 	keyboard.Keyboard is using iohub backend.
9.0809 	INFO 	keyboard.Keyboard is using iohub backend.
9.0809 	INFO 	keyboard.Keyboard is using iohub backend.
9.0809 	INFO 	keyboard.Keyboard is using iohub backend.
9.0810 	INFO 	keyboard.Keyboard is using iohub backend.
9.0810 	INFO 	keyboard.Keyboard is using iohub backend.
9.0810 	INFO 	keyboard.Keyboard is using iohub backend.
9.0810 	EXP 	tilt_staircase: status = STARTED
9.1247 	EXP 	Created text_5 = TextStim(__class__=<class 'psychopy.visual.text.TextStim'>, alignHoriz=method-wrapper(...), alignText='center', alignVert=method-wrapper(...), anchorHoriz='center', anchorVert='center', antialias=True, autoDraw=False, autoLog=True, bold=False, color=array([1., 1., 1.]), colorSpace='rgb', contrast=1.0, depth=0.0, draggable=False, flipHoriz=False, flipVert=False, font='Arial', fontFiles=[], height=0.05, italic=False, languageStyle='LTR', name='text_5', opacity=1, ori=0.0, pos=array([0., 0.]), rgb=UNKNOWN, text=str(...), units='height', win=Window(...), wrapWidth=1)
9.1324 	EXP 	Created text_6 = TextStim(__class__=<class 'psychopy.visual.text.TextStim'>, alignHoriz=method-wrapper(...), alignText='center', alignVert=method-wrapper(...), anchorHoriz='center', anchorVert='center', antialias=True, autoDraw=False, autoLog=True, bold=False, color=array([1., 1., 1.]), colorSpace='rgb', contrast=1.0, depth=0.0, draggable=False, flipHoriz=False, flipVert=False, font='Arial', fontFiles=[], height=0.05, italic=False, languageStyle='LTR', name='text_6', opacity=1, ori=0.0, pos=array([0., 0.]), rgb=UNKNOWN, text=str(...), units='height', win=Window(...), wrapWidth=1)
9.1346 	EXP 	Created surround_practice = GratingStim(__class__=<class 'psychopy.visual.grating.GratingStim'>, anchor='center', autoDraw=False, autoLog=True, blendmode='avg', color=array([1., 1., 1.]), colorSpace='rgb', contrast=1.0, depth=0.0, draggable=False, interpolate=True, mask='circle', maskParams=None, name='surround_practice', opacity=1, ori=1.0, phase=array([0., 0.]), pos=array([0., 0.]), rgbPedestal=array([0., 0., 0.]), sf=array([4., 4.]), size=array([0.8, 0.8]), tex='sin', texRes=128.0, units='height', win=Window(...))
9.1360 	EXP 	Created center_practice = GratingStim(__class__=<class 'psychopy.visual.grating.GratingStim'>, anchor='center', autoDraw=False, autoLog=True, blendmode='avg', color=array([1., 1., 1.]), colorSpace='rgb', contrast=1.0, depth=-1.0, draggable=False, interpolate=True, mask='circle', maskParams=None, name='center_practice', opacity=1, ori=1.0, phase=array([0., 0.]), pos=array([0., 0.]), rgbPedestal=array([0., 0., 0.]), sf=array([7., 7.]), size=array([0.25, 0.25]), tex='sin', texRes=128.0, units='height', win=Window(...))
9.1377 	EXP 	Created text_9 = TextStim(__class__=<class 'psychopy.visual.text.TextStim'>, alignHoriz=method-wrapper(...), alignText='center', alignVert=method-wrapper(...), anchorHoriz='center', anchorVert='center', antialias=True, autoDraw=False, autoLog=True, bold=False, color=array([1., 1., 1.]), colorSpace='rgb', contrast=1.0, depth=-3.0, draggable=False, flipHoriz=False, flipVert=False, font='Arial', fontFiles=[], height=0.05, italic=False, languageStyle='LTR', name='text_9', opacity=1, ori=0.0, pos=array([0., 0.]), rgb=UNKNOWN, text='+', units='height', win=Window(...), wrapWidth=1)
9.1411 	EXP 	Created text_11 = TextStim(__class__=<class 'psychopy.visual.text.TextStim'>, alignHoriz=method-wrapper(...), alignText='center', alignVert=method-wrapper(...), anchorHoriz='center', anchorVert='center', antialias=True, autoDraw=False, autoLog=True, bold=False, color=array([1., 1., 1.]), colorSpace='rgb', contrast=1.0, depth=-4.0, draggable=False, flipHoriz=False, flipVert=False, font='Arial', fontFiles=[], height=0.05, italic=False, languageStyle='LTR', name='text_11', opacity=1, ori=0.0, pos=array([0., 0.]), rgb=UNKNOWN, text=str(...), units='height', win=Window(...), wrapWidth=1)
9.1416 	EXP 	Created text_7 = TextStim(__class__=<class 'psychopy.visual.text.TextStim'>, alignHoriz=method-wrapper(...), alignText='center', alignVert=method-wrapper(...), anchorHoriz='center', anchorVert='center', antialias=True, autoDraw=False, autoLog=True, bold=False, color=array([1., 1., 1.]), colorSpace='rgb', contrast=1.0, depth=-1.0, draggable=False, flipHoriz=False, flipVert=False, font='Arial', fontFiles=[], height=0.05, italic=False, languageStyle='LTR', name='text_7', opacity=1, ori=0.0, pos=array([0., 0.]), rgb=UNKNOWN, text='', units='height', win=Window(...), wrapWidth=1)
9.1485 	EXP 	Created text_8 = TextStim(__class__=<class 'psychopy.visual.text.TextStim'>, alignHoriz=method-wrapper(...), alignText='center', alignVert=method-wrapper(...), anchorHoriz='center', anchorVert='center', antialias=True, autoDraw=False, autoLog=True, bold=False, color=array([1., 1., 1.]), colorSpace='rgb', contrast=1.0, depth=0.0, draggable=False, flipHoriz=False, flipVert=False, font='Arial', fontFiles=[], height=0.05, italic=False, languageStyle='LTR', name='text_8', opacity=1, ori=0.0, pos=array([0., 0.]), rgb=UNKNOWN, text=str(...), units='height', win=Window(...), wrapWidth=1)
9.1500 	EXP 	Created surround_practice_2 = GratingStim(__class__=<class 'psychopy.visual.grating.GratingStim'>, anchor='center', autoDraw=False, autoLog=True, blendmode='avg', color=array([1., 1., 1.]), colorSpace='rgb', contrast=1.0, depth=0.0, draggable=False, interpolate=True, mask='circle', maskParams=None, name='surround_practice_2', opacity=1.0, ori=1.0, phase=array([0., 0.]), pos=array([0., 0.]), rgbPedestal=array([0., 0., 0.]), sf=array([2.5, 2.5]), size=array([5., 5.]), tex='sin', texRes=128.0, units='cm', win=Window(...))
9.1513 	EXP 	Created center_practice_2 = GratingStim(__class__=<class 'psychopy.visual.grating.GratingStim'>, anchor='center', autoDraw=False, autoLog=True, blendmode='avg', color=array([1., 1., 1.]), colorSpace='rgb', contrast=1.0, depth=-1.0, draggable=False, interpolate=True, mask='circle', maskParams=None, name='center_practice_2', opacity=1, ori=1.0, phase=array([0., 0.]), pos=array([0., 0.]), rgbPedestal=array([0., 0., 0.]), sf=array([2.5, 2.5]), size=array([1.25, 1.25]), tex='sin', texRes=128.0, units='height', win=Window(...))
9.1525 	EXP 	Created text_10 = TextStim(__class__=<class 'psychopy.visual.text.TextStim'>, alignHoriz=method-wrapper(...), alignText='center', alignVert=method-wrapper(...), anchorHoriz='center', anchorVert='center', antialias=True, autoDraw=False, autoLog=True, bold=False, color=array([1., 1., 1.]), colorSpace='rgb', contrast=1.0, depth=-3.0, draggable=False, flipHoriz=False, flipVert=False, font='Arial', fontFiles=[], height=0.05, italic=False, languageStyle='LTR', name='text_10', opacity=1, ori=0.0, pos=array([0., 0.]), rgb=UNKNOWN, text='+', units='height', win=Window(...), wrapWidth=1)
9.1549 	EXP 	Created text_12 = TextStim(__class__=<class 'psychopy.visual.text.TextStim'>, alignHoriz=method-wrapper(...), alignText='center', alignVert=method-wrapper(...), anchorHoriz='center', anchorVert='center', antialias=True, autoDraw=False, autoLog=True, bold=False, color=array([1., 1., 1.]), colorSpace='rgb', contrast=1.0, depth=-4.0, draggable=False, flipHoriz=False, flipVert=False, font='Arial', fontFiles=[], height=0.05, italic=False, languageStyle='LTR', name='text_12', opacity=1, ori=0.0, pos=array([0., 0.]), rgb=UNKNOWN, text=str(...), units='height', win=Window(...), wrapWidth=1)
9.1553 	EXP 	Created text_7 = TextStim(__class__=<class 'psychopy.visual.text.TextStim'>, alignHoriz=method-wrapper(...), alignText='center', alignVert=method-wrapper(...), anchorHoriz='center', anchorVert='center', antialias=True, autoDraw=False, autoLog=True, bold=False, color=array([1., 1., 1.]), colorSpace='rgb', contrast=1.0, depth=-1.0, draggable=False, flipHoriz=False, flipVert=False, font='Arial', fontFiles=[], height=0.05, italic=False, languageStyle='LTR', name='text_7', opacity=1, ori=0.0, pos=array([0., 0.]), rgb=UNKNOWN, text='', units='height', win=Window(...), wrapWidth=1)
9.1597 	EXP 	Created text_13 = TextStim(__class__=<class 'psychopy.visual.text.TextStim'>, alignHoriz=method-wrapper(...), alignText='center', alignVert=method-wrapper(...), anchorHoriz='center', anchorVert='center', antialias=True, autoDraw=False, autoLog=True, bold=False, color=array([1., 1., 1.]), colorSpace='rgb', contrast=1.0, depth=0.0, draggable=False, flipHoriz=False, flipVert=False, font='Arial', fontFiles=[], height=0.05, italic=False, languageStyle='LTR', name='text_13', opacity=1, ori=0.0, pos=array([0., 0.]), rgb=UNKNOWN, text=str(...), units='height', win=Window(...), wrapWidth=1)
9.1612 	EXP 	Created surround_grating = GratingStim(__class__=<class 'psychopy.visual.grating.GratingStim'>, anchor='center', autoDraw=False, autoLog=True, blendmode='avg', color=array([1., 1., 1.]), colorSpace='rgb', contrast=1.0, depth=-1.0, draggable=False, interpolate=True, mask='circle', maskParams=None, name='surround_grating', opacity=1.0, ori=1.0, phase=array([0., 0.]), pos=array([0., 0.]), rgbPedestal=array([0., 0., 0.]), sf=array([2.5, 2.5]), size=array([5., 5.]), tex='sin', texRes=128.0, units='cm', win=Window(...))
9.1626 	EXP 	Created center_grating = GratingStim(__class__=<class 'psychopy.visual.grating.GratingStim'>, anchor='center', autoDraw=False, autoLog=True, blendmode='avg', color=array([1., 1., 1.]), colorSpace='rgb', contrast=1.0, depth=-2.0, draggable=False, interpolate=True, mask='circle', maskParams=None, name='center_grating', opacity=1, ori=1.0, phase=array([0., 0.]), pos=array([0., 0.]), rgbPedestal=array([0., 0., 0.]), sf=array([2.5, 2.5]), size=array([1.25, 1.25]), tex='sin', texRes=128.0, units='cm', win=Window(...))
9.1637 	EXP 	Created text_2 = TextStim(__class__=<class 'psychopy.visual.text.TextStim'>, alignHoriz=method-wrapper(...), alignText='center', alignVert=method-wrapper(...), anchorHoriz='center', anchorVert='center', antialias=True, autoDraw=False, autoLog=True, bold=False, color=array([1., 1., 1.]), colorSpace='rgb', contrast=1.0, depth=-4.0, draggable=False, flipHoriz=False, flipVert=False, font='Arial', fontFiles=[], height=0.05, italic=False, languageStyle='LTR', name='text_2', opacity=1, ori=0.0, pos=array([0., 0.]), rgb=UNKNOWN, text='+', units='height', win=Window(...), wrapWidth=1)
9.1660 	EXP 	Created text_3 = TextStim(__class__=<class 'psychopy.visual.text.TextStim'>, alignHoriz=method-wrapper(...), alignText='center', alignVert=method-wrapper(...), anchorHoriz='center', anchorVert='center', antialias=True, autoDraw=False, autoLog=True, bold=False, color=array([1., 1., 1.]), colorSpace='rgb', contrast=1.0, depth=-5.0, draggable=False, flipHoriz=False, flipVert=False, font='Arial', fontFiles=[], height=0.05, italic=False, languageStyle='LTR', name='text_3', opacity=1, ori=0.0, pos=array([0., 0.]), rgb=UNKNOWN, text=str(...), units='height', win=Window(...), wrapWidth=1)
9.1678 	EXP 	Created text_4 = TextStim(__class__=<class 'psychopy.visual.text.TextStim'>, alignHoriz=method-wrapper(...), alignText='center', alignVert=method-wrapper(...), anchorHoriz='center', anchorVert='center', antialias=True, autoDraw=False, autoLog=True, bold=False, color=array([1., 1., 1.]), colorSpace='rgb', contrast=1.0, depth=0.0, draggable=False, flipHoriz=False, flipVert=False, font='Arial', fontFiles=[], height=0.05, italic=False, languageStyle='LTR', name='text_4', opacity=1, ori=0.0, pos=array([0., 0.]), rgb=UNKNOWN, text='thank you and have a pleasant day ', units='height', win=Window(...), wrapWidth=1)
0.0179 	INFO 	Keyboard events cleared
0.0176 	EXP 	text_5: autoDraw = True
0.4365 	DATA 	Keypress: space
0.4397 	INFO 	Keyboard events cleared
0.4394 	WARNING 	t of last frame was 28.84ms (=1/34)
0.4394 	EXP 	text_5: autoDraw = False
0.4394 	EXP 	text_6: autoDraw = True
0.6839 	DEBUG 	Read csv file with pandas: tilt_practice_1.csv
0.6848 	DEBUG 	Clearing unnamed columns from tilt_practice_1.csv
0.6860 	EXP 	Imported tilt_practice_1.csv as conditions, 4 conditions, 3 params
0.6863 	EXP 	New trial (rep=0, index=0): <Trial 0 (0 in rep 0) data={'center': 30, 'surround': 0, 'correct': 'right', 'thisN': 0, 'thisTrialN': 0, 'thisRepN': 0}>
0.6897 	DATA 	Keypress: space
0.6941 	INFO 	Keyboard events cleared
0.6939 	EXP 	text_6: autoDraw = False
0.6939 	EXP 	surround_practice: ori = 0.0
0.6939 	EXP 	center_practice: ori = 30.0
0.6939 	EXP 	text_9: autoDraw = True
1.1825 	EXP 	surround_practice: autoDraw = True
1.1825 	EXP 	center_practice: autoDraw = True
1.1825 	EXP 	surround_practice: tex = 'sin'
1.1825 	EXP 	center_practice: tex = 'sin'
1.1900 	EXP 	text_9: autoDraw = False
2.1785 	EXP 	surround_practice: autoDraw = False
2.1785 	EXP 	center_practice: autoDraw = False
2.1785 	EXP 	text_11: autoDraw = True
2.9170 	DATA 	Keypress: escape
2.9292 	WARNING 	t of last frame was 39.16ms (=1/25)
3.0134 	EXP 	tilt_staircase: status = STOPPED
3.0233 	EXP 	text_11: autoDraw = False
3.0249 	EXP 	tilt_staircase: status = STOPPED
3.0289 	INFO 	saved data to '/Users/bwinsto2/Downloads/data/476550_tilt_staircase_2025-08-14_14h36.32.677.csv'
3.0300 	INFO 	saved data to /Users/bwinsto2/Downloads/data/476550_tilt_staircase_2025-08-14_14h36.32.677.psydat
3.1568 	DEBUG 	Saving data for tilt_staircase ExperimentHandler
