13.1436 	DEBUG 	Fullscreen settings ignored as running in pilot mode.
13.1453 	INFO 	Loaded monitor calibration from ['2025_08_13 14:32']
13.3332 	EXP 	Created window1 = Window(allowGUI=False, allowStencil=False, autoLog=True, backendConf=UNKNOWN, backgroundFit=<method-wrapper '__getattribute__' of attributeSetter object at 0x7fc5d9d51970>, backgroundImage=<method-wrapper '__getattribute__' of attributeSetter object at 0x7fc5d9d51880>, bitsMode=UNKNOWN, blendMode='avg', bpc=(8, 8, 8), color=array([0, 0, 0]), colorSpace='rgb', depthBits=8, fullscr=False, gamma=None, gammaErrorPolicy='raise', infoMsg=UNKNOWN, lms=UNKNOWN, monitor=<psychopy.monitors.calibTools.Monitor object at 0x7fc5d8ced3a0>, multiSample=False, name='window1', numSamples=2, pos=[320.0, 150.0], screen=0, size=array([1600, 1200]), stencilBits=0, stereo=False, title='PsychoPy', units='height', useFBO=True, useRetina=True, viewOri=0.0, viewPos=None, viewScale=None, waitBlanking=True, winType='pyglet')
13.3333 	EXP 	window1: backgroundImage = ''
13.3333 	EXP 	window1: backgroundFit = 'none'
13.3418 	DEBUG 	TextBox2 loaded 1 chars with 0 blanks and 1 valid
13.3426 	DEBUG 	TextBox2 loaded 1 chars with 0 blanks and 1 valid
13.3434 	DEBUG 	TextBox2 loaded 1 chars with 0 blanks and 1 valid
13.3444 	DEBUG 	TextBox2 loaded 1 chars with 0 blanks and 1 valid
13.3453 	DEBUG 	TextBox2 loaded 1 chars with 0 blanks and 1 valid
13.3458 	DEBUG 	TextBox2 loaded 1 chars with 0 blanks and 1 valid
13.3466 	DEBUG 	TextBox2 loaded 1 chars with 0 blanks and 1 valid
13.3476 	DEBUG 	TextBox2 loaded 1 chars with 0 blanks and 1 valid
13.3480 	DEBUG 	TextBox2 loaded 1 chars with 0 blanks and 1 valid
13.3484 	DEBUG 	TextBox2 loaded 1 chars with 0 blanks and 1 valid
13.3492 	DEBUG 	TextBox2 loaded 1 chars with 0 blanks and 1 valid
13.3500 	DEBUG 	TextBox2 loaded 1 chars with 0 blanks and 1 valid
13.3507 	DEBUG 	TextBox2 loaded 1 chars with 0 blanks and 1 valid
13.3516 	DEBUG 	TextBox2 loaded 1 chars with 0 blanks and 1 valid
13.3525 	DEBUG 	TextBox2 loaded 1 chars with 0 blanks and 1 valid
13.3533 	DEBUG 	TextBox2 loaded 1 chars with 0 blanks and 1 valid
13.3542 	DEBUG 	TextBox2 loaded 1 chars with 0 blanks and 1 valid
13.3546 	DEBUG 	TextBox2 loaded 1 chars with 0 blanks and 1 valid
13.3551 	DEBUG 	TextBox2 loaded 1 chars with 0 blanks and 1 valid
13.3560 	DEBUG 	TextBox2 loaded 1 chars with 0 blanks and 1 valid
13.3565 	DEBUG 	TextBox2 loaded 1 chars with 0 blanks and 1 valid
13.3567 	DEBUG 	Uploading Texture Font fontname to graphics card
13.3602 	DEBUG 	Upload of Texture Font fontname complete
13.3655 	DEBUG 	TextBox2 loaded 1 chars with 0 blanks and 1 valid
13.3665 	DEBUG 	TextBox2 loaded 1 chars with 0 blanks and 1 valid
13.3674 	DEBUG 	TextBox2 loaded 1 chars with 0 blanks and 1 valid
13.3676 	DEBUG 	Uploading Texture Font fontname to graphics card
13.3695 	DEBUG 	Upload of Texture Font fontname complete
13.3710 	EXP 	window1: Attempting to measure frame rate of screen (0) ...
13.3711 	EXP 	window1: recordFrameIntervals = False
13.5532 	EXP 	window1: recordFrameIntervals = True
14.3895 	WARNING 	Couldn't measure a consistent frame rate!
  - Is your graphics card set to sync to vertical blank?
  - Are you running other processes on your computer?

14.4003 	DEBUG 	TextBox2 loaded 1 chars with 0 blanks and 1 valid
14.4015 	DEBUG 	TextBox2 loaded 1 chars with 0 blanks and 1 valid
14.4032 	DEBUG 	TextBox2 loaded 1 chars with 0 blanks and 1 valid
14.4052 	DEBUG 	TextBox2 loaded 1 chars with 0 blanks and 1 valid
14.4071 	DEBUG 	TextBox2 loaded 1 chars with 0 blanks and 1 valid
14.4090 	DEBUG 	TextBox2 loaded 1 chars with 0 blanks and 1 valid
14.4102 	DEBUG 	TextBox2 loaded 1 chars with 0 blanks and 1 valid
14.4118 	DEBUG 	TextBox2 loaded 1 chars with 0 blanks and 1 valid
14.4137 	DEBUG 	TextBox2 loaded 1 chars with 0 blanks and 1 valid
14.4154 	DEBUG 	TextBox2 loaded 1 chars with 0 blanks and 1 valid
14.4158 	DEBUG 	Uploading Texture Font fontname to graphics card
14.4208 	DEBUG 	Upload of Texture Font fontname complete
14.4469 	WARNING 	launchHubServer: If using the iohub mouse or eyetracker devices, fullScr should be True.
18.0386 	INFO 	keyboard.Keyboard is using iohub backend.
18.0387 	INFO 	keyboard.Keyboard is using iohub backend.
18.0387 	INFO 	keyboard.Keyboard is using iohub backend.
18.0387 	INFO 	keyboard.Keyboard is using iohub backend.
18.0387 	INFO 	keyboard.Keyboard is using iohub backend.
18.0387 	INFO 	keyboard.Keyboard is using iohub backend.
18.0388 	INFO 	keyboard.Keyboard is using iohub backend.
18.0388 	INFO 	keyboard.Keyboard is using iohub backend.
18.0388 	INFO 	keyboard.Keyboard is using iohub backend.
18.0388 	INFO 	keyboard.Keyboard is using iohub backend.
18.0388 	EXP 	tilt_staircase: status = STARTED
18.0857 	EXP 	Created text_5 = TextStim(__class__=<class 'psychopy.visual.text.TextStim'>, alignHoriz=method-wrapper(...), alignText='center', alignVert=method-wrapper(...), anchorHoriz='center', anchorVert='center', antialias=True, autoDraw=False, autoLog=True, bold=False, color=array([1., 1., 1.]), colorSpace='rgb', contrast=1.0, depth=0.0, draggable=False, flipHoriz=False, flipVert=False, font='Arial', fontFiles=[], height=0.05, italic=False, languageStyle='LTR', name='text_5', opacity=1, ori=0.0, pos=array([0., 0.]), rgb=UNKNOWN, text=str(...), units='height', win=Window(...), wrapWidth=1)
18.0928 	EXP 	Created text_6 = TextStim(__class__=<class 'psychopy.visual.text.TextStim'>, alignHoriz=method-wrapper(...), alignText='center', alignVert=method-wrapper(...), anchorHoriz='center', anchorVert='center', antialias=True, autoDraw=False, autoLog=True, bold=False, color=array([1., 1., 1.]), colorSpace='rgb', contrast=1.0, depth=0.0, draggable=False, flipHoriz=False, flipVert=False, font='Arial', fontFiles=[], height=0.05, italic=False, languageStyle='LTR', name='text_6', opacity=1, ori=0.0, pos=array([0., 0.]), rgb=UNKNOWN, text=str(...), units='height', win=Window(...), wrapWidth=1)
18.0956 	EXP 	Created surround_practice_3 = GratingStim(__class__=<class 'psychopy.visual.grating.GratingStim'>, anchor='center', autoDraw=False, autoLog=True, blendmode='avg', color=array([0.5, 0.5, 0.5]), colorSpace='rgb', contrast=0.5, depth=0.0, draggable=False, interpolate=True, mask='circle', maskParams=None, name='surround_practice_3', opacity=1, ori=30.0, phase=array([0., 0.]), pos=array([0., 0.]), rgbPedestal=array([0., 0., 0.]), sf=array([8.5, 8.5]), size=array([0.8, 0.8]), tex='sin', texRes=128.0, units='height', win=Window(...))
18.0971 	EXP 	Created center_practice_3 = GratingStim(__class__=<class 'psychopy.visual.grating.GratingStim'>, anchor='center', autoDraw=False, autoLog=True, blendmode='avg', color=array([0.5, 0.5, 0.5]), colorSpace='rgb', contrast=0.5, depth=-1.0, draggable=False, interpolate=True, mask='circle', maskParams=None, name='center_practice_3', opacity=1, ori=0.0, phase=array([0., 0.]), pos=array([0., 0.]), rgbPedestal=array([0., 0., 0.]), sf=array([4., 4.]), size=array([0.25, 0.25]), tex='sin', texRes=128.0, units='height', win=Window(...))
18.0985 	EXP 	Created surround_practice = GratingStim(__class__=<class 'psychopy.visual.grating.GratingStim'>, anchor='center', autoDraw=False, autoLog=True, blendmode='avg', color=array([1., 1., 1.]), colorSpace='rgb', contrast=1.0, depth=0.0, draggable=False, interpolate=True, mask='circle', maskParams=None, name='surround_practice', opacity=1, ori=1.0, phase=array([0., 0.]), pos=array([0., 0.]), rgbPedestal=array([0., 0., 0.]), sf=array([8.5, 8.5]), size=array([0.8, 0.8]), tex='sin', texRes=128.0, units='height', win=Window(...))
18.0998 	EXP 	Created center_practice = GratingStim(__class__=<class 'psychopy.visual.grating.GratingStim'>, anchor='center', autoDraw=False, autoLog=True, blendmode='avg', color=array([1., 1., 1.]), colorSpace='rgb', contrast=1.0, depth=-1.0, draggable=False, interpolate=True, mask='circle', maskParams=None, name='center_practice', opacity=1, ori=1.0, phase=array([0., 0.]), pos=array([0., 0.]), rgbPedestal=array([0., 0., 0.]), sf=array([4., 4.]), size=array([0.25, 0.25]), tex='sin', texRes=128.0, units='height', win=Window(...))
18.1016 	EXP 	Created text_9 = TextStim(__class__=<class 'psychopy.visual.text.TextStim'>, alignHoriz=method-wrapper(...), alignText='center', alignVert=method-wrapper(...), anchorHoriz='center', anchorVert='center', antialias=True, autoDraw=False, autoLog=True, bold=False, color=array([1., 1., 1.]), colorSpace='rgb', contrast=1.0, depth=-3.0, draggable=False, flipHoriz=False, flipVert=False, font='Arial', fontFiles=[], height=0.05, italic=False, languageStyle='LTR', name='text_9', opacity=1, ori=0.0, pos=array([0., 0.]), rgb=UNKNOWN, text='+', units='height', win=Window(...), wrapWidth=1)
18.1052 	EXP 	Created text_11 = TextStim(__class__=<class 'psychopy.visual.text.TextStim'>, alignHoriz=method-wrapper(...), alignText='center', alignVert=method-wrapper(...), anchorHoriz='center', anchorVert='center', antialias=True, autoDraw=False, autoLog=True, bold=False, color=array([1., 1., 1.]), colorSpace='rgb', contrast=1.0, depth=-4.0, draggable=False, flipHoriz=False, flipVert=False, font='Arial', fontFiles=[], height=0.05, italic=False, languageStyle='LTR', name='text_11', opacity=1, ori=0.0, pos=array([0., 0.]), rgb=UNKNOWN, text=str(...), units='height', win=Window(...), wrapWidth=1)
18.1057 	EXP 	Created text_7 = TextStim(__class__=<class 'psychopy.visual.text.TextStim'>, alignHoriz=method-wrapper(...), alignText='center', alignVert=method-wrapper(...), anchorHoriz='center', anchorVert='center', antialias=True, autoDraw=False, autoLog=True, bold=False, color=array([1., 1., 1.]), colorSpace='rgb', contrast=1.0, depth=-1.0, draggable=False, flipHoriz=False, flipVert=False, font='Arial', fontFiles=[], height=0.05, italic=False, languageStyle='LTR', name='text_7', opacity=1, ori=0.0, pos=array([0., 0.]), rgb=UNKNOWN, text='', units='height', win=Window(...), wrapWidth=1)
18.1129 	EXP 	Created text_8 = TextStim(__class__=<class 'psychopy.visual.text.TextStim'>, alignHoriz=method-wrapper(...), alignText='center', alignVert=method-wrapper(...), anchorHoriz='center', anchorVert='center', antialias=True, autoDraw=False, autoLog=True, bold=False, color=array([1., 1., 1.]), colorSpace='rgb', contrast=1.0, depth=0.0, draggable=False, flipHoriz=False, flipVert=False, font='Arial', fontFiles=[], height=0.05, italic=False, languageStyle='LTR', name='text_8', opacity=1, ori=0.0, pos=array([0., 0.]), rgb=UNKNOWN, text=str(...), units='height', win=Window(...), wrapWidth=1)
18.1144 	EXP 	Created surround_practice_2 = GratingStim(__class__=<class 'psychopy.visual.grating.GratingStim'>, anchor='center', autoDraw=False, autoLog=True, blendmode='avg', color=array([1., 1., 1.]), colorSpace='rgb', contrast=1.0, depth=0.0, draggable=False, interpolate=True, mask='circle', maskParams=None, name='surround_practice_2', opacity=1.0, ori=1.0, phase=array([0., 0.]), pos=array([0., 0.]), rgbPedestal=array([0., 0., 0.]), sf=array([8.5, 8.5]), size=array([0.8, 0.8]), tex='sin', texRes=128.0, units='height', win=Window(...))
18.1158 	EXP 	Created center_practice_2 = GratingStim(__class__=<class 'psychopy.visual.grating.GratingStim'>, anchor='center', autoDraw=False, autoLog=True, blendmode='avg', color=array([1., 1., 1.]), colorSpace='rgb', contrast=1.0, depth=-1.0, draggable=False, interpolate=True, mask='circle', maskParams=None, name='center_practice_2', opacity=1, ori=1.0, phase=array([0., 0.]), pos=array([0., 0.]), rgbPedestal=array([0., 0., 0.]), sf=array([4., 4.]), size=array([0.25, 0.25]), tex='sin', texRes=128.0, units='height', win=Window(...))
18.1171 	EXP 	Created text_10 = TextStim(__class__=<class 'psychopy.visual.text.TextStim'>, alignHoriz=method-wrapper(...), alignText='center', alignVert=method-wrapper(...), anchorHoriz='center', anchorVert='center', antialias=True, autoDraw=False, autoLog=True, bold=False, color=array([1., 1., 1.]), colorSpace='rgb', contrast=1.0, depth=-3.0, draggable=False, flipHoriz=False, flipVert=False, font='Arial', fontFiles=[], height=0.05, italic=False, languageStyle='LTR', name='text_10', opacity=1, ori=0.0, pos=array([0., 0.]), rgb=UNKNOWN, text='+', units='height', win=Window(...), wrapWidth=1)
18.1196 	EXP 	Created text_12 = TextStim(__class__=<class 'psychopy.visual.text.TextStim'>, alignHoriz=method-wrapper(...), alignText='center', alignVert=method-wrapper(...), anchorHoriz='center', anchorVert='center', antialias=True, autoDraw=False, autoLog=True, bold=False, color=array([1., 1., 1.]), colorSpace='rgb', contrast=1.0, depth=-4.0, draggable=False, flipHoriz=False, flipVert=False, font='Arial', fontFiles=[], height=0.05, italic=False, languageStyle='LTR', name='text_12', opacity=1, ori=0.0, pos=array([0., 0.]), rgb=UNKNOWN, text=str(...), units='height', win=Window(...), wrapWidth=1)
18.1201 	EXP 	Created text_7 = TextStim(__class__=<class 'psychopy.visual.text.TextStim'>, alignHoriz=method-wrapper(...), alignText='center', alignVert=method-wrapper(...), anchorHoriz='center', anchorVert='center', antialias=True, autoDraw=False, autoLog=True, bold=False, color=array([1., 1., 1.]), colorSpace='rgb', contrast=1.0, depth=-1.0, draggable=False, flipHoriz=False, flipVert=False, font='Arial', fontFiles=[], height=0.05, italic=False, languageStyle='LTR', name='text_7', opacity=1, ori=0.0, pos=array([0., 0.]), rgb=UNKNOWN, text='', units='height', win=Window(...), wrapWidth=1)
18.1248 	EXP 	Created text_13 = TextStim(__class__=<class 'psychopy.visual.text.TextStim'>, alignHoriz=method-wrapper(...), alignText='center', alignVert=method-wrapper(...), anchorHoriz='center', anchorVert='center', antialias=True, autoDraw=False, autoLog=True, bold=False, color=array([1., 1., 1.]), colorSpace='rgb', contrast=1.0, depth=0.0, draggable=False, flipHoriz=False, flipVert=False, font='Arial', fontFiles=[], height=0.05, italic=False, languageStyle='LTR', name='text_13', opacity=1, ori=0.0, pos=array([0., 0.]), rgb=UNKNOWN, text=str(...), units='height', win=Window(...), wrapWidth=1)
18.1263 	EXP 	Created surround_grating = GratingStim(__class__=<class 'psychopy.visual.grating.GratingStim'>, anchor='center', autoDraw=False, autoLog=True, blendmode='avg', color=array([1., 1., 1.]), colorSpace='rgb', contrast=1.0, depth=-1.0, draggable=False, interpolate=True, mask='circle', maskParams=None, name='surround_grating', opacity=1.0, ori=1.0, phase=array([0., 0.]), pos=array([0., 0.]), rgbPedestal=array([0., 0., 0.]), sf=array([8.5, 8.5]), size=array([0.8, 0.8]), tex='sin', texRes=128.0, units='height', win=Window(...))
18.1277 	EXP 	Created center_grating = GratingStim(__class__=<class 'psychopy.visual.grating.GratingStim'>, anchor='center', autoDraw=False, autoLog=True, blendmode='avg', color=array([1., 1., 1.]), colorSpace='rgb', contrast=1.0, depth=-2.0, draggable=False, interpolate=True, mask='circle', maskParams=None, name='center_grating', opacity=1, ori=1.0, phase=array([0., 0.]), pos=array([0., 0.]), rgbPedestal=array([0., 0., 0.]), sf=array([4., 4.]), size=array([0.25, 0.25]), tex='sin', texRes=128.0, units='height', win=Window(...))
18.1289 	EXP 	Created text_2 = TextStim(__class__=<class 'psychopy.visual.text.TextStim'>, alignHoriz=method-wrapper(...), alignText='center', alignVert=method-wrapper(...), anchorHoriz='center', anchorVert='center', antialias=True, autoDraw=False, autoLog=True, bold=False, color=array([1., 1., 1.]), colorSpace='rgb', contrast=1.0, depth=-4.0, draggable=False, flipHoriz=False, flipVert=False, font='Arial', fontFiles=[], height=0.05, italic=False, languageStyle='LTR', name='text_2', opacity=1, ori=0.0, pos=array([0., 0.]), rgb=UNKNOWN, text='+', units='height', win=Window(...), wrapWidth=1)
18.1312 	EXP 	Created text_3 = TextStim(__class__=<class 'psychopy.visual.text.TextStim'>, alignHoriz=method-wrapper(...), alignText='center', alignVert=method-wrapper(...), anchorHoriz='center', anchorVert='center', antialias=True, autoDraw=False, autoLog=True, bold=False, color=array([1., 1., 1.]), colorSpace='rgb', contrast=1.0, depth=-5.0, draggable=False, flipHoriz=False, flipVert=False, font='Arial', fontFiles=[], height=0.05, italic=False, languageStyle='LTR', name='text_3', opacity=1, ori=0.0, pos=array([0., 0.]), rgb=UNKNOWN, text=str(...), units='height', win=Window(...), wrapWidth=1)
18.1331 	EXP 	Created text_4 = TextStim(__class__=<class 'psychopy.visual.text.TextStim'>, alignHoriz=method-wrapper(...), alignText='center', alignVert=method-wrapper(...), anchorHoriz='center', anchorVert='center', antialias=True, autoDraw=False, autoLog=True, bold=False, color=array([1., 1., 1.]), colorSpace='rgb', contrast=1.0, depth=0.0, draggable=False, flipHoriz=False, flipVert=False, font='Arial', fontFiles=[], height=0.05, italic=False, languageStyle='LTR', name='text_4', opacity=1, ori=0.0, pos=array([0., 0.]), rgb=UNKNOWN, text='thank you and have a pleasant day ', units='height', win=Window(...), wrapWidth=1)
0.0179 	INFO 	Keyboard events cleared
0.0176 	EXP 	text_5: autoDraw = True
0.9238 	DATA 	Keypress: space
0.9277 	INFO 	Keyboard events cleared
0.9273 	WARNING 	t of last frame was 35.99ms (=1/27)
0.9273 	EXP 	text_5: autoDraw = False
0.9273 	EXP 	text_6: autoDraw = True
1.0177 	DATA 	Keypress: space
1.0214 	INFO 	Keyboard events cleared
1.0211 	EXP 	text_6: autoDraw = False
1.0211 	EXP 	surround_practice_3: autoDraw = True
1.0211 	EXP 	center_practice_3: autoDraw = True
1.0211 	EXP 	surround_practice_3: tex = 'sin'
1.0211 	EXP 	center_practice_3: tex = 'sin'
28.2507 	WARNING 	t of last frame was 25.37ms (=1/39)
70.2481 	WARNING 	t of last frame was 23.55ms (=1/42)
73.1022 	WARNING 	t of last frame was 61.81ms (=1/16)
73.1840 	WARNING 	Multiple dropped frames have occurred - I'll stop bothering you about them!
320.5267 	DATA 	Keypress: escape
320.5743 	EXP 	tilt_staircase: status = STOPPED
320.5835 	EXP 	surround_practice_3: autoDraw = False
320.5835 	EXP 	center_practice_3: autoDraw = False
320.5853 	EXP 	tilt_staircase: status = STOPPED
320.5900 	INFO 	saved data to '/Users/bwinsto2/Downloads/data/482824_tilt_staircase_2025-08-14_15h57.17.450.csv'
320.5909 	INFO 	saved data to /Users/bwinsto2/Downloads/data/482824_tilt_staircase_2025-08-14_15h57.17.450.psydat
320.7488 	DEBUG 	Saving data for tilt_staircase ExperimentHandler
