5.2682 	DEBUG 	Fullscreen settings ignored as running in pilot mode.
5.2697 	INFO 	Loaded monitor calibration from ['2025_08_13 14:32']
5.4596 	EXP 	Created window1 = Window(allowGUI=False, allowStencil=False, autoLog=True, backendConf=UNKNOWN, backgroundFit=<method-wrapper '__getattribute__' of attributeSetter object at 0x7fdf82469b50>, backgroundImage=<method-wrapper '__getattribute__' of attributeSetter object at 0x7fdf82469a60>, bitsMode=UNKNOWN, blendMode='avg', bpc=(8, 8, 8), color=array([0, 0, 0]), colorSpace='rgb', depthBits=8, fullscr=False, gamma=None, gammaErrorPolicy='raise', infoMsg=UNKNOWN, lms=UNKNOWN, monitor=<psychopy.monitors.calibTools.Monitor object at 0x7fdf8212c580>, multiSample=False, name='window1', numSamples=2, pos=[320.0, 150.0], screen=0, size=array([1600, 1200]), stencilBits=0, stereo=False, title='PsychoPy', units='height', useFBO=True, useRetina=True, viewOri=0.0, viewPos=None, viewScale=None, waitBlanking=True, winType='pyglet')
5.4597 	EXP 	window1: backgroundImage = ''
5.4597 	EXP 	window1: backgroundFit = 'none'
5.4676 	DEBUG 	TextBox2 loaded 1 chars with 0 blanks and 1 valid
5.4684 	DEBUG 	TextBox2 loaded 1 chars with 0 blanks and 1 valid
5.4692 	DEBUG 	TextBox2 loaded 1 chars with 0 blanks and 1 valid
5.4702 	DEBUG 	TextBox2 loaded 1 chars with 0 blanks and 1 valid
5.4711 	DEBUG 	TextBox2 loaded 1 chars with 0 blanks and 1 valid
5.4716 	DEBUG 	TextBox2 loaded 1 chars with 0 blanks and 1 valid
5.4723 	DEBUG 	TextBox2 loaded 1 chars with 0 blanks and 1 valid
5.4733 	DEBUG 	TextBox2 loaded 1 chars with 0 blanks and 1 valid
5.4737 	DEBUG 	TextBox2 loaded 1 chars with 0 blanks and 1 valid
5.4742 	DEBUG 	TextBox2 loaded 1 chars with 0 blanks and 1 valid
5.4749 	DEBUG 	TextBox2 loaded 1 chars with 0 blanks and 1 valid
5.4757 	DEBUG 	TextBox2 loaded 1 chars with 0 blanks and 1 valid
5.4764 	DEBUG 	TextBox2 loaded 1 chars with 0 blanks and 1 valid
5.4772 	DEBUG 	TextBox2 loaded 1 chars with 0 blanks and 1 valid
5.4779 	DEBUG 	TextBox2 loaded 1 chars with 0 blanks and 1 valid
5.4787 	DEBUG 	TextBox2 loaded 1 chars with 0 blanks and 1 valid
5.4794 	DEBUG 	TextBox2 loaded 1 chars with 0 blanks and 1 valid
5.4799 	DEBUG 	TextBox2 loaded 1 chars with 0 blanks and 1 valid
5.4804 	DEBUG 	TextBox2 loaded 1 chars with 0 blanks and 1 valid
5.4815 	DEBUG 	TextBox2 loaded 1 chars with 0 blanks and 1 valid
5.4820 	DEBUG 	TextBox2 loaded 1 chars with 0 blanks and 1 valid
5.4821 	DEBUG 	Uploading Texture Font fontname to graphics card
5.4856 	DEBUG 	Upload of Texture Font fontname complete
5.4908 	DEBUG 	TextBox2 loaded 1 chars with 0 blanks and 1 valid
5.4918 	DEBUG 	TextBox2 loaded 1 chars with 0 blanks and 1 valid
5.4928 	DEBUG 	TextBox2 loaded 1 chars with 0 blanks and 1 valid
5.4929 	DEBUG 	Uploading Texture Font fontname to graphics card
5.4948 	DEBUG 	Upload of Texture Font fontname complete
5.4964 	EXP 	window1: Attempting to measure frame rate of screen (0) ...
5.4964 	EXP 	window1: recordFrameIntervals = False
5.6771 	EXP 	window1: recordFrameIntervals = True
6.5114 	WARNING 	Couldn't measure a consistent frame rate!
  - Is your graphics card set to sync to vertical blank?
  - Are you running other processes on your computer?

6.5228 	DEBUG 	TextBox2 loaded 1 chars with 0 blanks and 1 valid
6.5240 	DEBUG 	TextBox2 loaded 1 chars with 0 blanks and 1 valid
6.5256 	DEBUG 	TextBox2 loaded 1 chars with 0 blanks and 1 valid
6.5277 	DEBUG 	TextBox2 loaded 1 chars with 0 blanks and 1 valid
6.5296 	DEBUG 	TextBox2 loaded 1 chars with 0 blanks and 1 valid
6.5314 	DEBUG 	TextBox2 loaded 1 chars with 0 blanks and 1 valid
6.5324 	DEBUG 	TextBox2 loaded 1 chars with 0 blanks and 1 valid
6.5340 	DEBUG 	TextBox2 loaded 1 chars with 0 blanks and 1 valid
6.5359 	DEBUG 	TextBox2 loaded 1 chars with 0 blanks and 1 valid
6.5376 	DEBUG 	TextBox2 loaded 1 chars with 0 blanks and 1 valid
6.5380 	DEBUG 	Uploading Texture Font fontname to graphics card
6.5432 	DEBUG 	Upload of Texture Font fontname complete
6.5693 	WARNING 	launchHubServer: If using the iohub mouse or eyetracker devices, fullScr should be True.
10.3702 	INFO 	keyboard.Keyboard is using iohub backend.
10.3702 	INFO 	keyboard.Keyboard is using iohub backend.
10.3702 	INFO 	keyboard.Keyboard is using iohub backend.
10.3702 	INFO 	keyboard.Keyboard is using iohub backend.
10.3703 	INFO 	keyboard.Keyboard is using iohub backend.
10.3703 	INFO 	keyboard.Keyboard is using iohub backend.
10.3703 	INFO 	keyboard.Keyboard is using iohub backend.
10.3703 	INFO 	keyboard.Keyboard is using iohub backend.
10.3703 	INFO 	keyboard.Keyboard is using iohub backend.
10.3703 	INFO 	keyboard.Keyboard is using iohub backend.
10.3704 	EXP 	tilt_staircase: status = STARTED
10.4148 	EXP 	Created text_5 = TextStim(__class__=<class 'psychopy.visual.text.TextStim'>, alignHoriz=method-wrapper(...), alignText='center', alignVert=method-wrapper(...), anchorHoriz='center', anchorVert='center', antialias=True, autoDraw=False, autoLog=True, bold=False, color=array([1., 1., 1.]), colorSpace='rgb', contrast=1.0, depth=0.0, draggable=False, flipHoriz=False, flipVert=False, font='Arial', fontFiles=[], height=0.05, italic=False, languageStyle='LTR', name='text_5', opacity=1, ori=0.0, pos=array([0., 0.]), rgb=UNKNOWN, text=str(...), units='height', win=Window(...), wrapWidth=1)
10.4217 	EXP 	Created text_6 = TextStim(__class__=<class 'psychopy.visual.text.TextStim'>, alignHoriz=method-wrapper(...), alignText='center', alignVert=method-wrapper(...), anchorHoriz='center', anchorVert='center', antialias=True, autoDraw=False, autoLog=True, bold=False, color=array([1., 1., 1.]), colorSpace='rgb', contrast=1.0, depth=0.0, draggable=False, flipHoriz=False, flipVert=False, font='Arial', fontFiles=[], height=0.05, italic=False, languageStyle='LTR', name='text_6', opacity=1, ori=0.0, pos=array([0., 0.]), rgb=UNKNOWN, text=str(...), units='height', win=Window(...), wrapWidth=1)
10.4238 	EXP 	Created surround_practice_3 = GratingStim(__class__=<class 'psychopy.visual.grating.GratingStim'>, anchor='center', autoDraw=False, autoLog=True, blendmode='avg', color=array([0.75, 0.75, 0.75]), colorSpace='rgb', contrast=0.75, depth=0.0, draggable=False, interpolate=True, mask='circle', maskParams=None, name='surround_practice_3', opacity=1, ori=30.0, phase=array([0., 0.]), pos=array([0., 0.]), rgbPedestal=array([0., 0., 0.]), sf=array([8.5, 8.5]), size=array([0.8, 0.8]), tex='sin', texRes=128.0, units='height', win=Window(...))
10.4253 	EXP 	Created center_practice_3 = GratingStim(__class__=<class 'psychopy.visual.grating.GratingStim'>, anchor='center', autoDraw=False, autoLog=True, blendmode='avg', color=array([0.75, 0.75, 0.75]), colorSpace='rgb', contrast=0.75, depth=-1.0, draggable=False, interpolate=True, mask='circle', maskParams=None, name='center_practice_3', opacity=1, ori=0.0, phase=array([0., 0.]), pos=array([0., 0.]), rgbPedestal=array([0., 0., 0.]), sf=array([4., 4.]), size=array([0.25, 0.25]), tex='sin', texRes=128.0, units='height', win=Window(...))
10.4266 	EXP 	Created surround_practice = GratingStim(__class__=<class 'psychopy.visual.grating.GratingStim'>, anchor='center', autoDraw=False, autoLog=True, blendmode='avg', color=array([1., 1., 1.]), colorSpace='rgb', contrast=1.0, depth=0.0, draggable=False, interpolate=True, mask='circle', maskParams=None, name='surround_practice', opacity=1, ori=1.0, phase=array([0., 0.]), pos=array([0., 0.]), rgbPedestal=array([0., 0., 0.]), sf=array([8.5, 8.5]), size=array([0.8, 0.8]), tex='sin', texRes=128.0, units='height', win=Window(...))
10.4280 	EXP 	Created center_practice = GratingStim(__class__=<class 'psychopy.visual.grating.GratingStim'>, anchor='center', autoDraw=False, autoLog=True, blendmode='avg', color=array([1., 1., 1.]), colorSpace='rgb', contrast=1.0, depth=-1.0, draggable=False, interpolate=True, mask='circle', maskParams=None, name='center_practice', opacity=1, ori=1.0, phase=array([0., 0.]), pos=array([0., 0.]), rgbPedestal=array([0., 0., 0.]), sf=array([4., 4.]), size=array([0.25, 0.25]), tex='sin', texRes=128.0, units='height', win=Window(...))
10.4296 	EXP 	Created text_9 = TextStim(__class__=<class 'psychopy.visual.text.TextStim'>, alignHoriz=method-wrapper(...), alignText='center', alignVert=method-wrapper(...), anchorHoriz='center', anchorVert='center', antialias=True, autoDraw=False, autoLog=True, bold=False, color=array([1., 1., 1.]), colorSpace='rgb', contrast=1.0, depth=-3.0, draggable=False, flipHoriz=False, flipVert=False, font='Arial', fontFiles=[], height=0.05, italic=False, languageStyle='LTR', name='text_9', opacity=1, ori=0.0, pos=array([0., 0.]), rgb=UNKNOWN, text='+', units='height', win=Window(...), wrapWidth=1)
10.4330 	EXP 	Created text_11 = TextStim(__class__=<class 'psychopy.visual.text.TextStim'>, alignHoriz=method-wrapper(...), alignText='center', alignVert=method-wrapper(...), anchorHoriz='center', anchorVert='center', antialias=True, autoDraw=False, autoLog=True, bold=False, color=array([1., 1., 1.]), colorSpace='rgb', contrast=1.0, depth=-4.0, draggable=False, flipHoriz=False, flipVert=False, font='Arial', fontFiles=[], height=0.05, italic=False, languageStyle='LTR', name='text_11', opacity=1, ori=0.0, pos=array([0., 0.]), rgb=UNKNOWN, text=str(...), units='height', win=Window(...), wrapWidth=1)
10.4335 	EXP 	Created text_7 = TextStim(__class__=<class 'psychopy.visual.text.TextStim'>, alignHoriz=method-wrapper(...), alignText='center', alignVert=method-wrapper(...), anchorHoriz='center', anchorVert='center', antialias=True, autoDraw=False, autoLog=True, bold=False, color=array([1., 1., 1.]), colorSpace='rgb', contrast=1.0, depth=-1.0, draggable=False, flipHoriz=False, flipVert=False, font='Arial', fontFiles=[], height=0.05, italic=False, languageStyle='LTR', name='text_7', opacity=1, ori=0.0, pos=array([0., 0.]), rgb=UNKNOWN, text='', units='height', win=Window(...), wrapWidth=1)
10.4403 	EXP 	Created text_8 = TextStim(__class__=<class 'psychopy.visual.text.TextStim'>, alignHoriz=method-wrapper(...), alignText='center', alignVert=method-wrapper(...), anchorHoriz='center', anchorVert='center', antialias=True, autoDraw=False, autoLog=True, bold=False, color=array([1., 1., 1.]), colorSpace='rgb', contrast=1.0, depth=0.0, draggable=False, flipHoriz=False, flipVert=False, font='Arial', fontFiles=[], height=0.05, italic=False, languageStyle='LTR', name='text_8', opacity=1, ori=0.0, pos=array([0., 0.]), rgb=UNKNOWN, text=str(...), units='height', win=Window(...), wrapWidth=1)
10.4418 	EXP 	Created surround_practice_2 = GratingStim(__class__=<class 'psychopy.visual.grating.GratingStim'>, anchor='center', autoDraw=False, autoLog=True, blendmode='avg', color=array([1., 1., 1.]), colorSpace='rgb', contrast=1.0, depth=0.0, draggable=False, interpolate=True, mask='circle', maskParams=None, name='surround_practice_2', opacity=1.0, ori=1.0, phase=array([0., 0.]), pos=array([0., 0.]), rgbPedestal=array([0., 0., 0.]), sf=array([8.5, 8.5]), size=array([0.8, 0.8]), tex='sin', texRes=128.0, units='height', win=Window(...))
10.4431 	EXP 	Created center_practice_2 = GratingStim(__class__=<class 'psychopy.visual.grating.GratingStim'>, anchor='center', autoDraw=False, autoLog=True, blendmode='avg', color=array([1., 1., 1.]), colorSpace='rgb', contrast=1.0, depth=-1.0, draggable=False, interpolate=True, mask='circle', maskParams=None, name='center_practice_2', opacity=1, ori=1.0, phase=array([0., 0.]), pos=array([0., 0.]), rgbPedestal=array([0., 0., 0.]), sf=array([4., 4.]), size=array([0.25, 0.25]), tex='sin', texRes=128.0, units='height', win=Window(...))
10.4443 	EXP 	Created text_10 = TextStim(__class__=<class 'psychopy.visual.text.TextStim'>, alignHoriz=method-wrapper(...), alignText='center', alignVert=method-wrapper(...), anchorHoriz='center', anchorVert='center', antialias=True, autoDraw=False, autoLog=True, bold=False, color=array([1., 1., 1.]), colorSpace='rgb', contrast=1.0, depth=-3.0, draggable=False, flipHoriz=False, flipVert=False, font='Arial', fontFiles=[], height=0.05, italic=False, languageStyle='LTR', name='text_10', opacity=1, ori=0.0, pos=array([0., 0.]), rgb=UNKNOWN, text='+', units='height', win=Window(...), wrapWidth=1)
10.4467 	EXP 	Created text_12 = TextStim(__class__=<class 'psychopy.visual.text.TextStim'>, alignHoriz=method-wrapper(...), alignText='center', alignVert=method-wrapper(...), anchorHoriz='center', anchorVert='center', antialias=True, autoDraw=False, autoLog=True, bold=False, color=array([1., 1., 1.]), colorSpace='rgb', contrast=1.0, depth=-4.0, draggable=False, flipHoriz=False, flipVert=False, font='Arial', fontFiles=[], height=0.05, italic=False, languageStyle='LTR', name='text_12', opacity=1, ori=0.0, pos=array([0., 0.]), rgb=UNKNOWN, text=str(...), units='height', win=Window(...), wrapWidth=1)
10.4472 	EXP 	Created text_7 = TextStim(__class__=<class 'psychopy.visual.text.TextStim'>, alignHoriz=method-wrapper(...), alignText='center', alignVert=method-wrapper(...), anchorHoriz='center', anchorVert='center', antialias=True, autoDraw=False, autoLog=True, bold=False, color=array([1., 1., 1.]), colorSpace='rgb', contrast=1.0, depth=-1.0, draggable=False, flipHoriz=False, flipVert=False, font='Arial', fontFiles=[], height=0.05, italic=False, languageStyle='LTR', name='text_7', opacity=1, ori=0.0, pos=array([0., 0.]), rgb=UNKNOWN, text='', units='height', win=Window(...), wrapWidth=1)
10.4515 	EXP 	Created text_13 = TextStim(__class__=<class 'psychopy.visual.text.TextStim'>, alignHoriz=method-wrapper(...), alignText='center', alignVert=method-wrapper(...), anchorHoriz='center', anchorVert='center', antialias=True, autoDraw=False, autoLog=True, bold=False, color=array([1., 1., 1.]), colorSpace='rgb', contrast=1.0, depth=0.0, draggable=False, flipHoriz=False, flipVert=False, font='Arial', fontFiles=[], height=0.05, italic=False, languageStyle='LTR', name='text_13', opacity=1, ori=0.0, pos=array([0., 0.]), rgb=UNKNOWN, text=str(...), units='height', win=Window(...), wrapWidth=1)
10.4530 	EXP 	Created surround_grating = GratingStim(__class__=<class 'psychopy.visual.grating.GratingStim'>, anchor='center', autoDraw=False, autoLog=True, blendmode='avg', color=array([1., 1., 1.]), colorSpace='rgb', contrast=1.0, depth=-1.0, draggable=False, interpolate=True, mask='circle', maskParams=None, name='surround_grating', opacity=1.0, ori=1.0, phase=array([0., 0.]), pos=array([0., 0.]), rgbPedestal=array([0., 0., 0.]), sf=array([8.5, 8.5]), size=array([0.8, 0.8]), tex='sin', texRes=128.0, units='height', win=Window(...))
10.4543 	EXP 	Created center_grating = GratingStim(__class__=<class 'psychopy.visual.grating.GratingStim'>, anchor='center', autoDraw=False, autoLog=True, blendmode='avg', color=array([1., 1., 1.]), colorSpace='rgb', contrast=1.0, depth=-2.0, draggable=False, interpolate=True, mask='circle', maskParams=None, name='center_grating', opacity=1, ori=1.0, phase=array([0., 0.]), pos=array([0., 0.]), rgbPedestal=array([0., 0., 0.]), sf=array([4., 4.]), size=array([0.25, 0.25]), tex='sin', texRes=128.0, units='height', win=Window(...))
10.4555 	EXP 	Created text_2 = TextStim(__class__=<class 'psychopy.visual.text.TextStim'>, alignHoriz=method-wrapper(...), alignText='center', alignVert=method-wrapper(...), anchorHoriz='center', anchorVert='center', antialias=True, autoDraw=False, autoLog=True, bold=False, color=array([1., 1., 1.]), colorSpace='rgb', contrast=1.0, depth=-4.0, draggable=False, flipHoriz=False, flipVert=False, font='Arial', fontFiles=[], height=0.05, italic=False, languageStyle='LTR', name='text_2', opacity=1, ori=0.0, pos=array([0., 0.]), rgb=UNKNOWN, text='+', units='height', win=Window(...), wrapWidth=1)
10.4578 	EXP 	Created text_3 = TextStim(__class__=<class 'psychopy.visual.text.TextStim'>, alignHoriz=method-wrapper(...), alignText='center', alignVert=method-wrapper(...), anchorHoriz='center', anchorVert='center', antialias=True, autoDraw=False, autoLog=True, bold=False, color=array([1., 1., 1.]), colorSpace='rgb', contrast=1.0, depth=-5.0, draggable=False, flipHoriz=False, flipVert=False, font='Arial', fontFiles=[], height=0.05, italic=False, languageStyle='LTR', name='text_3', opacity=1, ori=0.0, pos=array([0., 0.]), rgb=UNKNOWN, text=str(...), units='height', win=Window(...), wrapWidth=1)
10.4596 	EXP 	Created text_4 = TextStim(__class__=<class 'psychopy.visual.text.TextStim'>, alignHoriz=method-wrapper(...), alignText='center', alignVert=method-wrapper(...), anchorHoriz='center', anchorVert='center', antialias=True, autoDraw=False, autoLog=True, bold=False, color=array([1., 1., 1.]), colorSpace='rgb', contrast=1.0, depth=0.0, draggable=False, flipHoriz=False, flipVert=False, font='Arial', fontFiles=[], height=0.05, italic=False, languageStyle='LTR', name='text_4', opacity=1, ori=0.0, pos=array([0., 0.]), rgb=UNKNOWN, text='thank you and have a pleasant day ', units='height', win=Window(...), wrapWidth=1)
0.0168 	INFO 	Keyboard events cleared
0.0165 	EXP 	text_5: autoDraw = True
0.0900 	WARNING 	t of last frame was 22.63ms (=1/44)
0.5987 	DATA 	Keypress: space
0.6023 	INFO 	Keyboard events cleared
0.6021 	WARNING 	t of last frame was 44.24ms (=1/22)
0.6021 	EXP 	text_5: autoDraw = False
0.6021 	EXP 	text_6: autoDraw = True
0.9665 	DATA 	Keypress: space
0.9694 	INFO 	Keyboard events cleared
0.9690 	EXP 	text_6: autoDraw = False
0.9690 	EXP 	surround_practice_3: autoDraw = True
0.9690 	EXP 	center_practice_3: autoDraw = True
0.9690 	EXP 	surround_practice_3: tex = 'sin'
0.9690 	EXP 	center_practice_3: tex = 'sin'
3.1178 	WARNING 	t of last frame was 28.22ms (=1/35)
3.1587 	WARNING 	t of last frame was 24.39ms (=1/41)
3.2968 	WARNING 	Multiple dropped frames have occurred - I'll stop bothering you about them!
452.2146 	DATA 	Keypress: escape
452.2407 	EXP 	tilt_staircase: status = STOPPED
452.2449 	DATA 	Keypress: escape
452.2501 	EXP 	surround_practice_3: autoDraw = False
452.2501 	EXP 	center_practice_3: autoDraw = False
452.2518 	EXP 	tilt_staircase: status = STOPPED
452.2629 	INFO 	saved data to '/Users/bwinsto2/Downloads/data/501704_tilt_staircase_2025-08-14_15h12.37.811.csv'
452.2647 	INFO 	saved data to /Users/bwinsto2/Downloads/data/501704_tilt_staircase_2025-08-14_15h12.37.811.psydat
452.9970 	DEBUG 	Saving data for tilt_staircase ExperimentHandler
