39.7276 	DEBUG 	Fullscreen settings ignored as running in pilot mode.
39.7293 	INFO 	Loaded monitor calibration from ['2025_01_25 22:17']
40.1195 	EXP 	Created window1 = Window(allowGUI=False, allowStencil=False, autoLog=True, backendConf=UNKNOWN, backgroundFit=<method-wrapper '__getattribute__' of attributeSetter object at 0x7f9aec29dbb0>, backgroundImage=<method-wrapper '__getattribute__' of attributeSetter object at 0x7f9aec29da90>, bitsMode=UNKNOWN, blendMode='avg', bpc=(8, 8, 8), color=array([0, 0, 0]), colorSpace='rgb', depthBits=8, fullscr=False, gamma=None, gammaErrorPolicy='raise', infoMsg=UNKNOWN, lms=UNKNOWN, monitor=<psychopy.monitors.calibTools.Monitor object at 0x7f9aec2ca430>, multiSample=False, name='window1', numSamples=2, pos=[1320.0, 420.0], screen=1, size=array([800, 600]), stencilBits=0, stereo=False, title='PsychoPy', units='height', useFBO=True, useRetina=False, viewOri=0.0, viewPos=None, viewScale=None, waitBlanking=True, winType='pyglet')
40.1195 	EXP 	window1: backgroundImage = ''
40.1196 	EXP 	window1: backgroundFit = 'none'
40.1457 	DEBUG 	TextBox2 loaded 1 chars with 0 blanks and 1 valid
40.1466 	DEBUG 	TextBox2 loaded 1 chars with 0 blanks and 1 valid
40.1474 	DEBUG 	TextBox2 loaded 1 chars with 0 blanks and 1 valid
40.1484 	DEBUG 	TextBox2 loaded 1 chars with 0 blanks and 1 valid
40.1493 	DEBUG 	TextBox2 loaded 1 chars with 0 blanks and 1 valid
40.1497 	DEBUG 	TextBox2 loaded 1 chars with 0 blanks and 1 valid
40.1504 	DEBUG 	TextBox2 loaded 1 chars with 0 blanks and 1 valid
40.1513 	DEBUG 	TextBox2 loaded 1 chars with 0 blanks and 1 valid
40.1518 	DEBUG 	TextBox2 loaded 1 chars with 0 blanks and 1 valid
40.1522 	DEBUG 	TextBox2 loaded 1 chars with 0 blanks and 1 valid
40.1528 	DEBUG 	TextBox2 loaded 1 chars with 0 blanks and 1 valid
40.1535 	DEBUG 	TextBox2 loaded 1 chars with 0 blanks and 1 valid
40.1542 	DEBUG 	TextBox2 loaded 1 chars with 0 blanks and 1 valid
40.1548 	DEBUG 	TextBox2 loaded 1 chars with 0 blanks and 1 valid
40.1554 	DEBUG 	TextBox2 loaded 1 chars with 0 blanks and 1 valid
40.1561 	DEBUG 	TextBox2 loaded 1 chars with 0 blanks and 1 valid
40.1568 	DEBUG 	TextBox2 loaded 1 chars with 0 blanks and 1 valid
40.1572 	DEBUG 	TextBox2 loaded 1 chars with 0 blanks and 1 valid
40.1578 	DEBUG 	TextBox2 loaded 1 chars with 0 blanks and 1 valid
40.1587 	DEBUG 	TextBox2 loaded 1 chars with 0 blanks and 1 valid
40.1591 	DEBUG 	TextBox2 loaded 1 chars with 0 blanks and 1 valid
40.1597 	DEBUG 	Uploading Texture Font fontname to graphics card
40.1638 	DEBUG 	Upload of Texture Font fontname complete
40.1693 	DEBUG 	TextBox2 loaded 1 chars with 0 blanks and 1 valid
40.1704 	DEBUG 	TextBox2 loaded 1 chars with 0 blanks and 1 valid
40.1713 	DEBUG 	TextBox2 loaded 1 chars with 0 blanks and 1 valid
40.1715 	DEBUG 	Uploading Texture Font fontname to graphics card
40.1733 	DEBUG 	Upload of Texture Font fontname complete
40.1750 	EXP 	window1: Attempting to measure frame rate of screen (1) ...
40.1750 	EXP 	window1: recordFrameIntervals = False
40.4891 	EXP 	window1: recordFrameIntervals = True
41.3395 	WARNING 	Couldn't measure a consistent frame rate!
  - Is your graphics card set to sync to vertical blank?
  - Are you running other processes on your computer?

41.3470 	DEBUG 	TextBox2 loaded 1 chars with 0 blanks and 1 valid
41.3479 	DEBUG 	TextBox2 loaded 1 chars with 0 blanks and 1 valid
41.3491 	DEBUG 	TextBox2 loaded 1 chars with 0 blanks and 1 valid
41.3507 	DEBUG 	TextBox2 loaded 1 chars with 0 blanks and 1 valid
41.3522 	DEBUG 	TextBox2 loaded 1 chars with 0 blanks and 1 valid
41.3536 	DEBUG 	TextBox2 loaded 1 chars with 0 blanks and 1 valid
41.3545 	DEBUG 	TextBox2 loaded 1 chars with 0 blanks and 1 valid
41.3558 	DEBUG 	TextBox2 loaded 1 chars with 0 blanks and 1 valid
41.3573 	DEBUG 	TextBox2 loaded 1 chars with 0 blanks and 1 valid
41.3587 	DEBUG 	TextBox2 loaded 1 chars with 0 blanks and 1 valid
41.3590 	DEBUG 	Uploading Texture Font fontname to graphics card
41.3626 	DEBUG 	Upload of Texture Font fontname complete
41.4306 	WARNING 	launchHubServer: If using the iohub mouse or eyetracker devices, fullScr should be True.
46.3331 	INFO 	keyboard.Keyboard is using iohub backend.
46.3332 	INFO 	keyboard.Keyboard is using iohub backend.
46.3332 	EXP 	tilt_staircase: status = STARTED
46.3406 	EXP 	Created surround = GratingStim(__class__=<class 'psychopy.visual.grating.GratingStim'>, anchor='center', autoDraw=False, autoLog=True, blendmode='avg', color=array([1., 1., 1.]), colorSpace='rgb', contrast=1.0, depth=-1.0, draggable=False, interpolate=True, mask='circle', maskParams=None, name='surround', opacity=1, ori=1.0, phase=array([0., 0.]), pos=array([0., 0.]), rgbPedestal=array([0., 0., 0.]), sf=array([7., 7.]), size=array([0.75, 0.75]), tex='sin', texRes=128.0, units='height', win=Window(...))
46.3423 	EXP 	Created center = GratingStim(__class__=<class 'psychopy.visual.grating.GratingStim'>, anchor='center', autoDraw=False, autoLog=True, blendmode='avg', color=array([1., 1., 1.]), colorSpace='rgb', contrast=1.0, depth=-2.0, draggable=False, interpolate=True, mask='circle', maskParams=None, name='center', opacity=1, ori=1.0, phase=array([0., 0.]), pos=array([0., 0.]), rgbPedestal=array([0., 0., 0.]), sf=array([2., 2.]), size=array([0.3, 0.3]), tex='sin', texRes=128.0, units='height', win=Window(...))
46.3669 	EXP 	Created text = TextStim(__class__=<class 'psychopy.visual.text.TextStim'>, alignHoriz=method-wrapper(...), alignText='center', alignVert=method-wrapper(...), anchorHoriz='center', anchorVert='center', antialias=True, autoDraw=False, autoLog=True, bold=False, color=array([ 1., -1., -1.]), colorSpace='rgb', contrast=1.0, depth=-4.0, draggable=False, flipHoriz=False, flipVert=False, font='Arial', fontFiles=[], height=0.05, italic=False, languageStyle='LTR', name='text', opacity=1, ori=0.0, pos=array([0., 0.]), rgb=UNKNOWN, text='', units='height', win=Window(...), wrapWidth=1)
46.3861 	DEBUG 	Saving data for tilt_staircase ExperimentHandler
46.3869 	INFO 	saved data to /Users/bwinsto2/Downloads/data/507307_tilt_staircase_2025-08-11_12h33.49.573.psydat
46.3874 	INFO 	saved data to '/Users/bwinsto2/Downloads/data/507307_tilt_staircase_2025-08-11_12h33.49.573.csv'
