5.9686 	DEBUG 	Fullscreen settings ignored as running in pilot mode.
5.9700 	INFO 	Loaded monitor calibration from ['2025_01_25 22:17']
6.2064 	EXP 	Created window1 = Window(allowGUI=False, allowStencil=False, autoLog=True, backendConf=UNKNOWN, backgroundFit=<method-wrapper '__getattribute__' of attributeSetter object at 0x7fa2d2527700>, backgroundImage=<method-wrapper '__getattribute__' of attributeSetter object at 0x7fa2d2527610>, bitsMode=UNKNOWN, blendMode='avg', bpc=(8, 8, 8), color=array([0, 0, 0]), colorSpace='rgb', depthBits=8, fullscr=False, gamma=None, gammaErrorPolicy='raise', infoMsg=UNKNOWN, lms=UNKNOWN, monitor=<psychopy.monitors.calibTools.Monitor object at 0x7fa2d2555100>, multiSample=False, name='window1', numSamples=2, pos=[320.0, 150.0], screen=0, size=array([1600, 1200]), stencilBits=0, stereo=False, title='PsychoPy', units='height', useFBO=True, useRetina=True, viewOri=0.0, viewPos=None, viewScale=None, waitBlanking=True, winType='pyglet')
6.2065 	EXP 	window1: backgroundImage = ''
6.2065 	EXP 	window1: backgroundFit = 'none'
6.2200 	DEBUG 	TextBox2 loaded 1 chars with 0 blanks and 1 valid
6.2211 	DEBUG 	TextBox2 loaded 1 chars with 0 blanks and 1 valid
6.2219 	DEBUG 	TextBox2 loaded 1 chars with 0 blanks and 1 valid
6.2229 	DEBUG 	TextBox2 loaded 1 chars with 0 blanks and 1 valid
6.2237 	DEBUG 	TextBox2 loaded 1 chars with 0 blanks and 1 valid
6.2242 	DEBUG 	TextBox2 loaded 1 chars with 0 blanks and 1 valid
6.2249 	DEBUG 	TextBox2 loaded 1 chars with 0 blanks and 1 valid
6.2257 	DEBUG 	TextBox2 loaded 1 chars with 0 blanks and 1 valid
6.2262 	DEBUG 	TextBox2 loaded 1 chars with 0 blanks and 1 valid
6.2265 	DEBUG 	TextBox2 loaded 1 chars with 0 blanks and 1 valid
6.2272 	DEBUG 	TextBox2 loaded 1 chars with 0 blanks and 1 valid
6.2279 	DEBUG 	TextBox2 loaded 1 chars with 0 blanks and 1 valid
6.2285 	DEBUG 	TextBox2 loaded 1 chars with 0 blanks and 1 valid
6.2293 	DEBUG 	TextBox2 loaded 1 chars with 0 blanks and 1 valid
6.2299 	DEBUG 	TextBox2 loaded 1 chars with 0 blanks and 1 valid
6.2307 	DEBUG 	TextBox2 loaded 1 chars with 0 blanks and 1 valid
6.2315 	DEBUG 	TextBox2 loaded 1 chars with 0 blanks and 1 valid
6.2320 	DEBUG 	TextBox2 loaded 1 chars with 0 blanks and 1 valid
6.2325 	DEBUG 	TextBox2 loaded 1 chars with 0 blanks and 1 valid
6.2335 	DEBUG 	TextBox2 loaded 1 chars with 0 blanks and 1 valid
6.2340 	DEBUG 	TextBox2 loaded 1 chars with 0 blanks and 1 valid
6.2343 	DEBUG 	Uploading Texture Font fontname to graphics card
6.2384 	DEBUG 	Upload of Texture Font fontname complete
6.2438 	DEBUG 	TextBox2 loaded 1 chars with 0 blanks and 1 valid
6.2448 	DEBUG 	TextBox2 loaded 1 chars with 0 blanks and 1 valid
6.2457 	DEBUG 	TextBox2 loaded 1 chars with 0 blanks and 1 valid
6.2459 	DEBUG 	Uploading Texture Font fontname to graphics card
6.2478 	DEBUG 	Upload of Texture Font fontname complete
6.2494 	EXP 	window1: Attempting to measure frame rate of screen (0) ...
6.2494 	EXP 	window1: recordFrameIntervals = False
6.4861 	EXP 	window1: recordFrameIntervals = True
7.3203 	WARNING 	Couldn't measure a consistent frame rate!
  - Is your graphics card set to sync to vertical blank?
  - Are you running other processes on your computer?

7.3314 	DEBUG 	TextBox2 loaded 1 chars with 0 blanks and 1 valid
7.3326 	DEBUG 	TextBox2 loaded 1 chars with 0 blanks and 1 valid
7.3343 	DEBUG 	TextBox2 loaded 1 chars with 0 blanks and 1 valid
7.3363 	DEBUG 	TextBox2 loaded 1 chars with 0 blanks and 1 valid
7.3381 	DEBUG 	TextBox2 loaded 1 chars with 0 blanks and 1 valid
7.3400 	DEBUG 	TextBox2 loaded 1 chars with 0 blanks and 1 valid
7.3410 	DEBUG 	TextBox2 loaded 1 chars with 0 blanks and 1 valid
7.3426 	DEBUG 	TextBox2 loaded 1 chars with 0 blanks and 1 valid
7.3444 	DEBUG 	TextBox2 loaded 1 chars with 0 blanks and 1 valid
7.3461 	DEBUG 	TextBox2 loaded 1 chars with 0 blanks and 1 valid
7.3465 	DEBUG 	Uploading Texture Font fontname to graphics card
7.3514 	DEBUG 	Upload of Texture Font fontname complete
7.3778 	WARNING 	launchHubServer: If using the iohub mouse or eyetracker devices, fullScr should be True.
10.9907 	INFO 	keyboard.Keyboard is using iohub backend.
10.9907 	INFO 	keyboard.Keyboard is using iohub backend.
10.9907 	EXP 	tilt_staircase: status = STARTED
10.9976 	EXP 	Created center = GratingStim(__class__=<class 'psychopy.visual.grating.GratingStim'>, anchor='center', autoDraw=False, autoLog=True, blendmode='avg', color=array([1., 1., 1.]), colorSpace='rgb', contrast=1.0, depth=0.0, draggable=False, interpolate=True, mask='circle', maskParams=None, name='center', opacity=1, ori=1.0, phase=array([0., 0.]), pos=array([-0.2,  0.1]), rgbPedestal=array([0., 0., 0.]), sf=array([2., 2.]), size=array([0.3, 0.3]), tex='sin', texRes=128.0, units='height', win=Window(...))
10.9991 	EXP 	Created surround = GratingStim(__class__=<class 'psychopy.visual.grating.GratingStim'>, anchor='center', autoDraw=False, autoLog=True, blendmode='avg', color=array([1., 1., 1.]), colorSpace='rgb', contrast=1.0, depth=-1.0, draggable=False, interpolate=True, mask='circle', maskParams=None, name='surround', opacity=1, ori=1.0, phase=array([0., 0.]), pos=array([-0.2,  0.1]), rgbPedestal=array([0., 0., 0.]), sf=array([7., 7.]), size=array([0.75, 0.75]), tex='sin', texRes=128.0, units='height', win=Window(...))
11.0059 	EXP 	Created text = TextStim(__class__=<class 'psychopy.visual.text.TextStim'>, alignHoriz=method-wrapper(...), alignText='center', alignVert=method-wrapper(...), anchorHoriz='center', anchorVert='center', antialias=True, autoDraw=False, autoLog=True, bold=False, color=array([ 1., -1., -1.]), colorSpace='rgb', contrast=1.0, depth=-2.0, draggable=False, flipHoriz=False, flipVert=False, font='Arial', fontFiles=[], height=0.05, italic=False, languageStyle='LTR', name='text', opacity=1, ori=0.0, pos=array([0., 0.]), rgb=UNKNOWN, text='', units='height', win=Window(...), wrapWidth=1)
0.0194 	DEBUG 	Read csv file with pandas: tilt_staircase.csv
0.0219 	DEBUG 	Clearing unnamed columns from tilt_staircase.csv
0.0225 	EXP 	Imported tilt_staircase.csv as conditions, 2 conditions, 10 params
0.1007 	DEBUG 	Using /Applications/PsychoPy.app/Contents/Resources/lib/python3.8/psychopy/data/staircase.py as origin file
0.1009 	DEBUG 	Using /Applications/PsychoPy.app/Contents/Resources/lib/python3.8/psychopy/data/staircase.py as origin file
0.1161 	DEBUG 	Saving data for tilt_staircase ExperimentHandler
0.1178 	INFO 	saved data to /Users/bwinsto2/Downloads/data/535038_tilt_staircase_2025-08-11_11h35.10.938.psydat
0.1182 	INFO 	saved data to '/Users/bwinsto2/Downloads/data/535038_tilt_staircase_2025-08-11_11h35.10.938.csv'
