4.7167 	INFO 	Loaded monitor calibration from ['2025_08_13 14:32']
4.9079 	EXP 	Created window1 = Window(allowGUI=True, allowStencil=False, autoLog=True, backendConf=UNKNOWN, backgroundFit=<method-wrapper '__getattribute__' of attributeSetter object at 0x7f95627f6d60>, backgroundImage=<method-wrapper '__getattribute__' of attributeSetter object at 0x7f95627f6c70>, bitsMode=UNKNOWN, blendMode='avg', bpc=(8, 8, 8), color=array([0, 0, 0]), colorSpace='rgb', depthBits=8, fullscr=False, gamma=None, gammaErrorPolicy='raise', infoMsg=UNKNOWN, lms=UNKNOWN, monitor=<psychopy.monitors.calibTools.Monitor object at 0x7f95622d46a0>, multiSample=False, name='window1', numSamples=2, pos=[320.0, 150.0], screen=0, size=array([1600, 1200]), stencilBits=0, stereo=False, title='PsychoPy', units='height', useFBO=True, useRetina=True, viewOri=0.0, viewPos=None, viewScale=None, waitBlanking=True, winType='pyglet')
4.9079 	EXP 	window1: backgroundImage = ''
4.9079 	EXP 	window1: backgroundFit = 'none'
4.9160 	DEBUG 	TextBox2 loaded 1 chars with 0 blanks and 1 valid
4.9168 	DEBUG 	TextBox2 loaded 1 chars with 0 blanks and 1 valid
4.9175 	DEBUG 	TextBox2 loaded 1 chars with 0 blanks and 1 valid
4.9185 	DEBUG 	TextBox2 loaded 1 chars with 0 blanks and 1 valid
4.9194 	DEBUG 	TextBox2 loaded 1 chars with 0 blanks and 1 valid
4.9199 	DEBUG 	TextBox2 loaded 1 chars with 0 blanks and 1 valid
4.9207 	DEBUG 	TextBox2 loaded 1 chars with 0 blanks and 1 valid
4.9217 	DEBUG 	TextBox2 loaded 1 chars with 0 blanks and 1 valid
4.9221 	DEBUG 	TextBox2 loaded 1 chars with 0 blanks and 1 valid
4.9226 	DEBUG 	TextBox2 loaded 1 chars with 0 blanks and 1 valid
4.9233 	DEBUG 	TextBox2 loaded 1 chars with 0 blanks and 1 valid
4.9241 	DEBUG 	TextBox2 loaded 1 chars with 0 blanks and 1 valid
4.9248 	DEBUG 	TextBox2 loaded 1 chars with 0 blanks and 1 valid
4.9256 	DEBUG 	TextBox2 loaded 1 chars with 0 blanks and 1 valid
4.9263 	DEBUG 	TextBox2 loaded 1 chars with 0 blanks and 1 valid
4.9271 	DEBUG 	TextBox2 loaded 1 chars with 0 blanks and 1 valid
4.9278 	DEBUG 	TextBox2 loaded 1 chars with 0 blanks and 1 valid
4.9283 	DEBUG 	TextBox2 loaded 1 chars with 0 blanks and 1 valid
4.9289 	DEBUG 	TextBox2 loaded 1 chars with 0 blanks and 1 valid
4.9299 	DEBUG 	TextBox2 loaded 1 chars with 0 blanks and 1 valid
4.9304 	DEBUG 	TextBox2 loaded 1 chars with 0 blanks and 1 valid
4.9306 	DEBUG 	Uploading Texture Font fontname to graphics card
4.9341 	DEBUG 	Upload of Texture Font fontname complete
4.9402 	DEBUG 	TextBox2 loaded 1 chars with 0 blanks and 1 valid
4.9413 	DEBUG 	TextBox2 loaded 1 chars with 0 blanks and 1 valid
4.9422 	DEBUG 	TextBox2 loaded 1 chars with 0 blanks and 1 valid
4.9424 	DEBUG 	Uploading Texture Font fontname to graphics card
4.9446 	DEBUG 	Upload of Texture Font fontname complete
4.9462 	EXP 	window1: Attempting to measure frame rate of screen (0) ...
4.9462 	EXP 	window1: recordFrameIntervals = False
5.1324 	EXP 	window1: recordFrameIntervals = True
5.4263 	DATA 	Keypress: space
5.9713 	WARNING 	Couldn't measure a consistent frame rate!
  - Is your graphics card set to sync to vertical blank?
  - Are you running other processes on your computer?

5.9812 	DEBUG 	TextBox2 loaded 1 chars with 0 blanks and 1 valid
5.9824 	DEBUG 	TextBox2 loaded 1 chars with 0 blanks and 1 valid
5.9839 	DEBUG 	TextBox2 loaded 1 chars with 0 blanks and 1 valid
5.9857 	DEBUG 	TextBox2 loaded 1 chars with 0 blanks and 1 valid
5.9873 	DEBUG 	TextBox2 loaded 1 chars with 0 blanks and 1 valid
5.9890 	DEBUG 	TextBox2 loaded 1 chars with 0 blanks and 1 valid
5.9899 	DEBUG 	TextBox2 loaded 1 chars with 0 blanks and 1 valid
5.9914 	DEBUG 	TextBox2 loaded 1 chars with 0 blanks and 1 valid
5.9930 	DEBUG 	TextBox2 loaded 1 chars with 0 blanks and 1 valid
5.9945 	DEBUG 	TextBox2 loaded 1 chars with 0 blanks and 1 valid
5.9949 	DEBUG 	Uploading Texture Font fontname to graphics card
5.9983 	DEBUG 	Upload of Texture Font fontname complete
6.0214 	WARNING 	launchHubServer: If using the iohub mouse or eyetracker devices, fullScr should be True.
9.1342 	INFO 	keyboard.Keyboard is using iohub backend.
9.1343 	INFO 	keyboard.Keyboard is using iohub backend.
9.1343 	INFO 	keyboard.Keyboard is using iohub backend.
9.1343 	INFO 	keyboard.Keyboard is using iohub backend.
9.1343 	INFO 	keyboard.Keyboard is using iohub backend.
9.1344 	INFO 	keyboard.Keyboard is using iohub backend.
9.1344 	INFO 	keyboard.Keyboard is using iohub backend.
9.1344 	INFO 	keyboard.Keyboard is using iohub backend.
9.1344 	INFO 	keyboard.Keyboard is using iohub backend.
9.1344 	INFO 	keyboard.Keyboard is using iohub backend.
9.1345 	EXP 	tilt_staircase: status = STARTED
9.1791 	EXP 	Created text_5 = TextStim(__class__=<class 'psychopy.visual.text.TextStim'>, alignHoriz=method-wrapper(...), alignText='center', alignVert=method-wrapper(...), anchorHoriz='center', anchorVert='center', antialias=True, autoDraw=False, autoLog=True, bold=False, color=array([1., 1., 1.]), colorSpace='rgb', contrast=1.0, depth=0.0, draggable=False, flipHoriz=False, flipVert=False, font='Arial', fontFiles=[], height=0.05, italic=False, languageStyle='LTR', name='text_5', opacity=1, ori=0.0, pos=array([0., 0.]), rgb=UNKNOWN, text=str(...), units='height', win=Window(...), wrapWidth=1)
9.1858 	EXP 	Created text_6 = TextStim(__class__=<class 'psychopy.visual.text.TextStim'>, alignHoriz=method-wrapper(...), alignText='center', alignVert=method-wrapper(...), anchorHoriz='center', anchorVert='center', antialias=True, autoDraw=False, autoLog=True, bold=False, color=array([1., 1., 1.]), colorSpace='rgb', contrast=1.0, depth=0.0, draggable=False, flipHoriz=False, flipVert=False, font='Arial', fontFiles=[], height=0.05, italic=False, languageStyle='LTR', name='text_6', opacity=1, ori=0.0, pos=array([0., 0.]), rgb=UNKNOWN, text=str(...), units='height', win=Window(...), wrapWidth=1)
9.1880 	EXP 	Created surround_practice = GratingStim(__class__=<class 'psychopy.visual.grating.GratingStim'>, anchor='center', autoDraw=False, autoLog=True, blendmode='avg', color=array([1., 1., 1.]), colorSpace='rgb', contrast=1.0, depth=0.0, draggable=False, interpolate=True, mask='circle', maskParams=None, name='surround_practice', opacity=1, ori=1.0, phase=array([0., 0.]), pos=array([0., 0.]), rgbPedestal=array([0., 0., 0.]), sf=array([2.5, 2.5]), size=array([1., 1.]), tex='sin', texRes=128.0, units='norm', win=Window(...))
9.1893 	EXP 	Created center_practice = GratingStim(__class__=<class 'psychopy.visual.grating.GratingStim'>, anchor='center', autoDraw=False, autoLog=True, blendmode='avg', color=array([1., 1., 1.]), colorSpace='rgb', contrast=1.0, depth=-1.0, draggable=False, interpolate=True, mask='circle', maskParams=None, name='center_practice', opacity=1, ori=1.0, phase=array([0., 0.]), pos=array([0., 0.]), rgbPedestal=array([0., 0., 0.]), sf=array([2.5, 2.5]), size=array([0.2, 0.2]), tex='sin', texRes=128.0, units='cm', win=Window(...))
9.1909 	EXP 	Created text_9 = TextStim(__class__=<class 'psychopy.visual.text.TextStim'>, alignHoriz=method-wrapper(...), alignText='center', alignVert=method-wrapper(...), anchorHoriz='center', anchorVert='center', antialias=True, autoDraw=False, autoLog=True, bold=False, color=array([1., 1., 1.]), colorSpace='rgb', contrast=1.0, depth=-3.0, draggable=False, flipHoriz=False, flipVert=False, font='Arial', fontFiles=[], height=0.05, italic=False, languageStyle='LTR', name='text_9', opacity=1, ori=0.0, pos=array([0., 0.]), rgb=UNKNOWN, text='+', units='height', win=Window(...), wrapWidth=1)
9.1943 	EXP 	Created text_11 = TextStim(__class__=<class 'psychopy.visual.text.TextStim'>, alignHoriz=method-wrapper(...), alignText='center', alignVert=method-wrapper(...), anchorHoriz='center', anchorVert='center', antialias=True, autoDraw=False, autoLog=True, bold=False, color=array([1., 1., 1.]), colorSpace='rgb', contrast=1.0, depth=-4.0, draggable=False, flipHoriz=False, flipVert=False, font='Arial', fontFiles=[], height=0.05, italic=False, languageStyle='LTR', name='text_11', opacity=1, ori=0.0, pos=array([0., 0.]), rgb=UNKNOWN, text=str(...), units='height', win=Window(...), wrapWidth=1)
9.1948 	EXP 	Created text_7 = TextStim(__class__=<class 'psychopy.visual.text.TextStim'>, alignHoriz=method-wrapper(...), alignText='center', alignVert=method-wrapper(...), anchorHoriz='center', anchorVert='center', antialias=True, autoDraw=False, autoLog=True, bold=False, color=array([1., 1., 1.]), colorSpace='rgb', contrast=1.0, depth=-1.0, draggable=False, flipHoriz=False, flipVert=False, font='Arial', fontFiles=[], height=0.05, italic=False, languageStyle='LTR', name='text_7', opacity=1, ori=0.0, pos=array([0., 0.]), rgb=UNKNOWN, text='', units='height', win=Window(...), wrapWidth=1)
9.2016 	EXP 	Created text_8 = TextStim(__class__=<class 'psychopy.visual.text.TextStim'>, alignHoriz=method-wrapper(...), alignText='center', alignVert=method-wrapper(...), anchorHoriz='center', anchorVert='center', antialias=True, autoDraw=False, autoLog=True, bold=False, color=array([1., 1., 1.]), colorSpace='rgb', contrast=1.0, depth=0.0, draggable=False, flipHoriz=False, flipVert=False, font='Arial', fontFiles=[], height=0.05, italic=False, languageStyle='LTR', name='text_8', opacity=1, ori=0.0, pos=array([0., 0.]), rgb=UNKNOWN, text=str(...), units='height', win=Window(...), wrapWidth=1)
9.2031 	EXP 	Created surround_practice_2 = GratingStim(__class__=<class 'psychopy.visual.grating.GratingStim'>, anchor='center', autoDraw=False, autoLog=True, blendmode='avg', color=array([1., 1., 1.]), colorSpace='rgb', contrast=1.0, depth=0.0, draggable=False, interpolate=True, mask='circle', maskParams=None, name='surround_practice_2', opacity=1.0, ori=1.0, phase=array([0., 0.]), pos=array([0., 0.]), rgbPedestal=array([0., 0., 0.]), sf=array([2.5, 2.5]), size=array([5., 5.]), tex='sin', texRes=128.0, units='cm', win=Window(...))
9.2044 	EXP 	Created center_practice_2 = GratingStim(__class__=<class 'psychopy.visual.grating.GratingStim'>, anchor='center', autoDraw=False, autoLog=True, blendmode='avg', color=array([1., 1., 1.]), colorSpace='rgb', contrast=1.0, depth=-1.0, draggable=False, interpolate=True, mask='circle', maskParams=None, name='center_practice_2', opacity=1, ori=1.0, phase=array([0., 0.]), pos=array([0., 0.]), rgbPedestal=array([0., 0., 0.]), sf=array([2.5, 2.5]), size=array([1.25, 1.25]), tex='sin', texRes=128.0, units='height', win=Window(...))
9.2056 	EXP 	Created text_10 = TextStim(__class__=<class 'psychopy.visual.text.TextStim'>, alignHoriz=method-wrapper(...), alignText='center', alignVert=method-wrapper(...), anchorHoriz='center', anchorVert='center', antialias=True, autoDraw=False, autoLog=True, bold=False, color=array([1., 1., 1.]), colorSpace='rgb', contrast=1.0, depth=-3.0, draggable=False, flipHoriz=False, flipVert=False, font='Arial', fontFiles=[], height=0.05, italic=False, languageStyle='LTR', name='text_10', opacity=1, ori=0.0, pos=array([0., 0.]), rgb=UNKNOWN, text='+', units='height', win=Window(...), wrapWidth=1)
9.2080 	EXP 	Created text_12 = TextStim(__class__=<class 'psychopy.visual.text.TextStim'>, alignHoriz=method-wrapper(...), alignText='center', alignVert=method-wrapper(...), anchorHoriz='center', anchorVert='center', antialias=True, autoDraw=False, autoLog=True, bold=False, color=array([1., 1., 1.]), colorSpace='rgb', contrast=1.0, depth=-4.0, draggable=False, flipHoriz=False, flipVert=False, font='Arial', fontFiles=[], height=0.05, italic=False, languageStyle='LTR', name='text_12', opacity=1, ori=0.0, pos=array([0., 0.]), rgb=UNKNOWN, text=str(...), units='height', win=Window(...), wrapWidth=1)
9.2085 	EXP 	Created text_7 = TextStim(__class__=<class 'psychopy.visual.text.TextStim'>, alignHoriz=method-wrapper(...), alignText='center', alignVert=method-wrapper(...), anchorHoriz='center', anchorVert='center', antialias=True, autoDraw=False, autoLog=True, bold=False, color=array([1., 1., 1.]), colorSpace='rgb', contrast=1.0, depth=-1.0, draggable=False, flipHoriz=False, flipVert=False, font='Arial', fontFiles=[], height=0.05, italic=False, languageStyle='LTR', name='text_7', opacity=1, ori=0.0, pos=array([0., 0.]), rgb=UNKNOWN, text='', units='height', win=Window(...), wrapWidth=1)
9.2130 	EXP 	Created text_13 = TextStim(__class__=<class 'psychopy.visual.text.TextStim'>, alignHoriz=method-wrapper(...), alignText='center', alignVert=method-wrapper(...), anchorHoriz='center', anchorVert='center', antialias=True, autoDraw=False, autoLog=True, bold=False, color=array([1., 1., 1.]), colorSpace='rgb', contrast=1.0, depth=0.0, draggable=False, flipHoriz=False, flipVert=False, font='Arial', fontFiles=[], height=0.05, italic=False, languageStyle='LTR', name='text_13', opacity=1, ori=0.0, pos=array([0., 0.]), rgb=UNKNOWN, text=str(...), units='height', win=Window(...), wrapWidth=1)
9.2144 	EXP 	Created surround_grating = GratingStim(__class__=<class 'psychopy.visual.grating.GratingStim'>, anchor='center', autoDraw=False, autoLog=True, blendmode='avg', color=array([1., 1., 1.]), colorSpace='rgb', contrast=1.0, depth=-1.0, draggable=False, interpolate=True, mask='circle', maskParams=None, name='surround_grating', opacity=1.0, ori=1.0, phase=array([0., 0.]), pos=array([0., 0.]), rgbPedestal=array([0., 0., 0.]), sf=array([2.5, 2.5]), size=array([5., 5.]), tex='sin', texRes=128.0, units='cm', win=Window(...))
9.2159 	EXP 	Created center_grating = GratingStim(__class__=<class 'psychopy.visual.grating.GratingStim'>, anchor='center', autoDraw=False, autoLog=True, blendmode='avg', color=array([1., 1., 1.]), colorSpace='rgb', contrast=1.0, depth=-2.0, draggable=False, interpolate=True, mask='circle', maskParams=None, name='center_grating', opacity=1, ori=1.0, phase=array([0., 0.]), pos=array([0., 0.]), rgbPedestal=array([0., 0., 0.]), sf=array([2.5, 2.5]), size=array([1.25, 1.25]), tex='sin', texRes=128.0, units='cm', win=Window(...))
9.2170 	EXP 	Created text_2 = TextStim(__class__=<class 'psychopy.visual.text.TextStim'>, alignHoriz=method-wrapper(...), alignText='center', alignVert=method-wrapper(...), anchorHoriz='center', anchorVert='center', antialias=True, autoDraw=False, autoLog=True, bold=False, color=array([1., 1., 1.]), colorSpace='rgb', contrast=1.0, depth=-4.0, draggable=False, flipHoriz=False, flipVert=False, font='Arial', fontFiles=[], height=0.05, italic=False, languageStyle='LTR', name='text_2', opacity=1, ori=0.0, pos=array([0., 0.]), rgb=UNKNOWN, text='+', units='height', win=Window(...), wrapWidth=1)
9.2194 	EXP 	Created text_3 = TextStim(__class__=<class 'psychopy.visual.text.TextStim'>, alignHoriz=method-wrapper(...), alignText='center', alignVert=method-wrapper(...), anchorHoriz='center', anchorVert='center', antialias=True, autoDraw=False, autoLog=True, bold=False, color=array([1., 1., 1.]), colorSpace='rgb', contrast=1.0, depth=-5.0, draggable=False, flipHoriz=False, flipVert=False, font='Arial', fontFiles=[], height=0.05, italic=False, languageStyle='LTR', name='text_3', opacity=1, ori=0.0, pos=array([0., 0.]), rgb=UNKNOWN, text=str(...), units='height', win=Window(...), wrapWidth=1)
9.2212 	EXP 	Created text_4 = TextStim(__class__=<class 'psychopy.visual.text.TextStim'>, alignHoriz=method-wrapper(...), alignText='center', alignVert=method-wrapper(...), anchorHoriz='center', anchorVert='center', antialias=True, autoDraw=False, autoLog=True, bold=False, color=array([1., 1., 1.]), colorSpace='rgb', contrast=1.0, depth=0.0, draggable=False, flipHoriz=False, flipVert=False, font='Arial', fontFiles=[], height=0.05, italic=False, languageStyle='LTR', name='text_4', opacity=1, ori=0.0, pos=array([0., 0.]), rgb=UNKNOWN, text='thank you and have a pleasant day ', units='height', win=Window(...), wrapWidth=1)
0.0181 	INFO 	Keyboard events cleared
0.0178 	EXP 	text_5: autoDraw = True
0.6210 	DATA 	Keypress: space
0.6243 	INFO 	Keyboard events cleared
0.6240 	WARNING 	t of last frame was 42.03ms (=1/23)
0.6240 	EXP 	text_5: autoDraw = False
0.6240 	EXP 	text_6: autoDraw = True
0.6446 	WARNING 	t of last frame was 20.58ms (=1/48)
0.8677 	DEBUG 	Read csv file with pandas: tilt_practice_1.csv
0.8686 	DEBUG 	Clearing unnamed columns from tilt_practice_1.csv
0.8690 	EXP 	Imported tilt_practice_1.csv as conditions, 4 conditions, 3 params
0.8693 	EXP 	New trial (rep=0, index=0): <Trial 0 (0 in rep 0) data={'center': 30, 'surround': 0, 'correct': 'right', 'thisN': 0, 'thisTrialN': 0, 'thisRepN': 0}>
0.8724 	DATA 	Keypress: space
0.8751 	INFO 	Keyboard events cleared
0.8749 	EXP 	text_6: autoDraw = False
0.8749 	EXP 	surround_practice: ori = 0.0
0.8749 	EXP 	center_practice: ori = 30.0
0.8749 	EXP 	text_9: autoDraw = True
1.3612 	EXP 	surround_practice: autoDraw = True
1.3612 	EXP 	center_practice: autoDraw = True
1.3612 	EXP 	surround_practice: tex = 'sin'
1.3612 	EXP 	center_practice: tex = 'sin'
1.3661 	EXP 	text_9: autoDraw = False
2.3490 	EXP 	surround_practice: autoDraw = False
2.3490 	EXP 	center_practice: autoDraw = False
2.3613 	EXP 	text_11: autoDraw = True
5.7962 	WARNING 	t of last frame was 23.21ms (=1/43)
6.2396 	WARNING 	t of last frame was 40.75ms (=1/24)
6.7670 	WARNING 	Multiple dropped frames have occurred - I'll stop bothering you about them!
16.2120 	DATA 	Keypress: escape
16.2505 	EXP 	tilt_staircase: status = STOPPED
16.2610 	EXP 	text_11: autoDraw = False
16.2628 	EXP 	tilt_staircase: status = STOPPED
16.2653 	INFO 	saved data to '/Users/bwinsto2/Downloads/data/580362_tilt_staircase_2025-08-14_14h34.27.412.csv'
16.2660 	INFO 	saved data to /Users/bwinsto2/Downloads/data/580362_tilt_staircase_2025-08-14_14h34.27.412.psydat
16.7339 	DEBUG 	Saving data for tilt_staircase ExperimentHandler
