4.8273 	INFO 	Loaded monitor calibration from ['2025_08_13 14:32']
5.0217 	EXP 	Created window1 = Window(allowGUI=True, allowStencil=False, autoLog=True, backendConf=UNKNOWN, backgroundFit=<method-wrapper '__getattribute__' of attributeSetter object at 0x7fdc02587d60>, backgroundImage=<method-wrapper '__getattribute__' of attributeSetter object at 0x7fdc02587c70>, bitsMode=UNKNOWN, blendMode='avg', bpc=(8, 8, 8), color=array([0, 0, 0]), colorSpace='rgb', depthBits=8, fullscr=False, gamma=None, gammaErrorPolicy='raise', infoMsg=UNKNOWN, lms=UNKNOWN, monitor=<psychopy.monitors.calibTools.Monitor object at 0x7fdc021ad6a0>, multiSample=False, name='window1', numSamples=2, pos=[320.0, 150.0], screen=0, size=array([1600, 1200]), stencilBits=0, stereo=False, title='PsychoPy', units='height', useFBO=True, useRetina=True, viewOri=0.0, viewPos=None, viewScale=None, waitBlanking=True, winType='pyglet')
5.0218 	EXP 	window1: backgroundImage = ''
5.0218 	EXP 	window1: backgroundFit = 'none'
5.0299 	DEBUG 	TextBox2 loaded 1 chars with 0 blanks and 1 valid
5.0308 	DEBUG 	TextBox2 loaded 1 chars with 0 blanks and 1 valid
5.0316 	DEBUG 	TextBox2 loaded 1 chars with 0 blanks and 1 valid
5.0327 	DEBUG 	TextBox2 loaded 1 chars with 0 blanks and 1 valid
5.0336 	DEBUG 	TextBox2 loaded 1 chars with 0 blanks and 1 valid
5.0342 	DEBUG 	TextBox2 loaded 1 chars with 0 blanks and 1 valid
5.0350 	DEBUG 	TextBox2 loaded 1 chars with 0 blanks and 1 valid
5.0360 	DEBUG 	TextBox2 loaded 1 chars with 0 blanks and 1 valid
5.0365 	DEBUG 	TextBox2 loaded 1 chars with 0 blanks and 1 valid
5.0370 	DEBUG 	TextBox2 loaded 1 chars with 0 blanks and 1 valid
5.0378 	DEBUG 	TextBox2 loaded 1 chars with 0 blanks and 1 valid
5.0386 	DEBUG 	TextBox2 loaded 1 chars with 0 blanks and 1 valid
5.0393 	DEBUG 	TextBox2 loaded 1 chars with 0 blanks and 1 valid
5.0402 	DEBUG 	TextBox2 loaded 1 chars with 0 blanks and 1 valid
5.0409 	DEBUG 	TextBox2 loaded 1 chars with 0 blanks and 1 valid
5.0417 	DEBUG 	TextBox2 loaded 1 chars with 0 blanks and 1 valid
5.0425 	DEBUG 	TextBox2 loaded 1 chars with 0 blanks and 1 valid
5.0431 	DEBUG 	TextBox2 loaded 1 chars with 0 blanks and 1 valid
5.0436 	DEBUG 	TextBox2 loaded 1 chars with 0 blanks and 1 valid
5.0447 	DEBUG 	TextBox2 loaded 1 chars with 0 blanks and 1 valid
5.0452 	DEBUG 	TextBox2 loaded 1 chars with 0 blanks and 1 valid
5.0454 	DEBUG 	Uploading Texture Font fontname to graphics card
5.0490 	DEBUG 	Upload of Texture Font fontname complete
5.0551 	DEBUG 	TextBox2 loaded 1 chars with 0 blanks and 1 valid
5.0562 	DEBUG 	TextBox2 loaded 1 chars with 0 blanks and 1 valid
5.0572 	DEBUG 	TextBox2 loaded 1 chars with 0 blanks and 1 valid
5.0574 	DEBUG 	Uploading Texture Font fontname to graphics card
5.0595 	DEBUG 	Upload of Texture Font fontname complete
5.0612 	EXP 	window1: Attempting to measure frame rate of screen (0) ...
5.0612 	EXP 	window1: recordFrameIntervals = False
5.2616 	EXP 	window1: recordFrameIntervals = True
6.0949 	WARNING 	Couldn't measure a consistent frame rate!
  - Is your graphics card set to sync to vertical blank?
  - Are you running other processes on your computer?

6.1010 	DEBUG 	TextBox2 loaded 1 chars with 0 blanks and 1 valid
6.1018 	DEBUG 	TextBox2 loaded 1 chars with 0 blanks and 1 valid
6.1029 	DEBUG 	TextBox2 loaded 1 chars with 0 blanks and 1 valid
6.1042 	DEBUG 	TextBox2 loaded 1 chars with 0 blanks and 1 valid
6.1055 	DEBUG 	TextBox2 loaded 1 chars with 0 blanks and 1 valid
6.1066 	DEBUG 	TextBox2 loaded 1 chars with 0 blanks and 1 valid
6.1073 	DEBUG 	TextBox2 loaded 1 chars with 0 blanks and 1 valid
6.1083 	DEBUG 	TextBox2 loaded 1 chars with 0 blanks and 1 valid
6.1094 	DEBUG 	TextBox2 loaded 1 chars with 0 blanks and 1 valid
6.1104 	DEBUG 	TextBox2 loaded 1 chars with 0 blanks and 1 valid
6.1107 	DEBUG 	Uploading Texture Font fontname to graphics card
6.1130 	DEBUG 	Upload of Texture Font fontname complete
6.1306 	WARNING 	launchHubServer: If using the iohub mouse or eyetracker devices, fullScr should be True.
9.2550 	INFO 	keyboard.Keyboard is using iohub backend.
9.2550 	INFO 	keyboard.Keyboard is using iohub backend.
9.2550 	INFO 	keyboard.Keyboard is using iohub backend.
9.2551 	INFO 	keyboard.Keyboard is using iohub backend.
9.2551 	INFO 	keyboard.Keyboard is using iohub backend.
9.2551 	INFO 	keyboard.Keyboard is using iohub backend.
9.2551 	INFO 	keyboard.Keyboard is using iohub backend.
9.2551 	INFO 	keyboard.Keyboard is using iohub backend.
9.2552 	INFO 	keyboard.Keyboard is using iohub backend.
9.2552 	INFO 	keyboard.Keyboard is using iohub backend.
9.2552 	EXP 	tilt_staircase: status = STARTED
9.2997 	EXP 	Created text_5 = TextStim(__class__=<class 'psychopy.visual.text.TextStim'>, alignHoriz=method-wrapper(...), alignText='center', alignVert=method-wrapper(...), anchorHoriz='center', anchorVert='center', antialias=True, autoDraw=False, autoLog=True, bold=False, color=array([1., 1., 1.]), colorSpace='rgb', contrast=1.0, depth=0.0, draggable=False, flipHoriz=False, flipVert=False, font='Arial', fontFiles=[], height=0.05, italic=False, languageStyle='LTR', name='text_5', opacity=1, ori=0.0, pos=array([0., 0.]), rgb=UNKNOWN, text=str(...), units='height', win=Window(...), wrapWidth=1)
9.3065 	EXP 	Created text_6 = TextStim(__class__=<class 'psychopy.visual.text.TextStim'>, alignHoriz=method-wrapper(...), alignText='center', alignVert=method-wrapper(...), anchorHoriz='center', anchorVert='center', antialias=True, autoDraw=False, autoLog=True, bold=False, color=array([1., 1., 1.]), colorSpace='rgb', contrast=1.0, depth=0.0, draggable=False, flipHoriz=False, flipVert=False, font='Arial', fontFiles=[], height=0.05, italic=False, languageStyle='LTR', name='text_6', opacity=1, ori=0.0, pos=array([0., 0.]), rgb=UNKNOWN, text=str(...), units='height', win=Window(...), wrapWidth=1)
9.3087 	EXP 	Created surround_practice = GratingStim(__class__=<class 'psychopy.visual.grating.GratingStim'>, anchor='center', autoDraw=False, autoLog=True, blendmode='avg', color=array([1., 1., 1.]), colorSpace='rgb', contrast=1.0, depth=0.0, draggable=False, interpolate=True, mask='circle', maskParams=None, name='surround_practice', opacity=1, ori=1.0, phase=array([0., 0.]), pos=array([0., 0.]), rgbPedestal=array([0., 0., 0.]), sf=array([7., 7.]), size=array([0.8, 0.8]), tex='sin', texRes=128.0, units='height', win=Window(...))
9.3101 	EXP 	Created center_practice = GratingStim(__class__=<class 'psychopy.visual.grating.GratingStim'>, anchor='center', autoDraw=False, autoLog=True, blendmode='avg', color=array([1., 1., 1.]), colorSpace='rgb', contrast=1.0, depth=-1.0, draggable=False, interpolate=True, mask='circle', maskParams=None, name='center_practice', opacity=1, ori=1.0, phase=array([0., 0.]), pos=array([0., 0.]), rgbPedestal=array([0., 0., 0.]), sf=array([4., 4.]), size=array([0.25, 0.25]), tex='sin', texRes=128.0, units='height', win=Window(...))
9.3118 	EXP 	Created text_9 = TextStim(__class__=<class 'psychopy.visual.text.TextStim'>, alignHoriz=method-wrapper(...), alignText='center', alignVert=method-wrapper(...), anchorHoriz='center', anchorVert='center', antialias=True, autoDraw=False, autoLog=True, bold=False, color=array([1., 1., 1.]), colorSpace='rgb', contrast=1.0, depth=-3.0, draggable=False, flipHoriz=False, flipVert=False, font='Arial', fontFiles=[], height=0.05, italic=False, languageStyle='LTR', name='text_9', opacity=1, ori=0.0, pos=array([0., 0.]), rgb=UNKNOWN, text='+', units='height', win=Window(...), wrapWidth=1)
9.3152 	EXP 	Created text_11 = TextStim(__class__=<class 'psychopy.visual.text.TextStim'>, alignHoriz=method-wrapper(...), alignText='center', alignVert=method-wrapper(...), anchorHoriz='center', anchorVert='center', antialias=True, autoDraw=False, autoLog=True, bold=False, color=array([1., 1., 1.]), colorSpace='rgb', contrast=1.0, depth=-4.0, draggable=False, flipHoriz=False, flipVert=False, font='Arial', fontFiles=[], height=0.05, italic=False, languageStyle='LTR', name='text_11', opacity=1, ori=0.0, pos=array([0., 0.]), rgb=UNKNOWN, text=str(...), units='height', win=Window(...), wrapWidth=1)
9.3157 	EXP 	Created text_7 = TextStim(__class__=<class 'psychopy.visual.text.TextStim'>, alignHoriz=method-wrapper(...), alignText='center', alignVert=method-wrapper(...), anchorHoriz='center', anchorVert='center', antialias=True, autoDraw=False, autoLog=True, bold=False, color=array([1., 1., 1.]), colorSpace='rgb', contrast=1.0, depth=-1.0, draggable=False, flipHoriz=False, flipVert=False, font='Arial', fontFiles=[], height=0.05, italic=False, languageStyle='LTR', name='text_7', opacity=1, ori=0.0, pos=array([0., 0.]), rgb=UNKNOWN, text='', units='height', win=Window(...), wrapWidth=1)
9.3225 	EXP 	Created text_8 = TextStim(__class__=<class 'psychopy.visual.text.TextStim'>, alignHoriz=method-wrapper(...), alignText='center', alignVert=method-wrapper(...), anchorHoriz='center', anchorVert='center', antialias=True, autoDraw=False, autoLog=True, bold=False, color=array([1., 1., 1.]), colorSpace='rgb', contrast=1.0, depth=0.0, draggable=False, flipHoriz=False, flipVert=False, font='Arial', fontFiles=[], height=0.05, italic=False, languageStyle='LTR', name='text_8', opacity=1, ori=0.0, pos=array([0., 0.]), rgb=UNKNOWN, text=str(...), units='height', win=Window(...), wrapWidth=1)
9.3242 	EXP 	Created surround_practice_2 = GratingStim(__class__=<class 'psychopy.visual.grating.GratingStim'>, anchor='center', autoDraw=False, autoLog=True, blendmode='avg', color=array([1., 1., 1.]), colorSpace='rgb', contrast=1.0, depth=0.0, draggable=False, interpolate=True, mask='circle', maskParams=None, name='surround_practice_2', opacity=1.0, ori=1.0, phase=array([0., 0.]), pos=array([0., 0.]), rgbPedestal=array([0., 0., 0.]), sf=array([2.5, 2.5]), size=array([5., 5.]), tex='sin', texRes=128.0, units='cm', win=Window(...))
9.3255 	EXP 	Created center_practice_2 = GratingStim(__class__=<class 'psychopy.visual.grating.GratingStim'>, anchor='center', autoDraw=False, autoLog=True, blendmode='avg', color=array([1., 1., 1.]), colorSpace='rgb', contrast=1.0, depth=-1.0, draggable=False, interpolate=True, mask='circle', maskParams=None, name='center_practice_2', opacity=1, ori=1.0, phase=array([0., 0.]), pos=array([0., 0.]), rgbPedestal=array([0., 0., 0.]), sf=array([2.5, 2.5]), size=array([1.25, 1.25]), tex='sin', texRes=128.0, units='height', win=Window(...))
9.3267 	EXP 	Created text_10 = TextStim(__class__=<class 'psychopy.visual.text.TextStim'>, alignHoriz=method-wrapper(...), alignText='center', alignVert=method-wrapper(...), anchorHoriz='center', anchorVert='center', antialias=True, autoDraw=False, autoLog=True, bold=False, color=array([1., 1., 1.]), colorSpace='rgb', contrast=1.0, depth=-3.0, draggable=False, flipHoriz=False, flipVert=False, font='Arial', fontFiles=[], height=0.05, italic=False, languageStyle='LTR', name='text_10', opacity=1, ori=0.0, pos=array([0., 0.]), rgb=UNKNOWN, text='+', units='height', win=Window(...), wrapWidth=1)
9.3291 	EXP 	Created text_12 = TextStim(__class__=<class 'psychopy.visual.text.TextStim'>, alignHoriz=method-wrapper(...), alignText='center', alignVert=method-wrapper(...), anchorHoriz='center', anchorVert='center', antialias=True, autoDraw=False, autoLog=True, bold=False, color=array([1., 1., 1.]), colorSpace='rgb', contrast=1.0, depth=-4.0, draggable=False, flipHoriz=False, flipVert=False, font='Arial', fontFiles=[], height=0.05, italic=False, languageStyle='LTR', name='text_12', opacity=1, ori=0.0, pos=array([0., 0.]), rgb=UNKNOWN, text=str(...), units='height', win=Window(...), wrapWidth=1)
9.3295 	EXP 	Created text_7 = TextStim(__class__=<class 'psychopy.visual.text.TextStim'>, alignHoriz=method-wrapper(...), alignText='center', alignVert=method-wrapper(...), anchorHoriz='center', anchorVert='center', antialias=True, autoDraw=False, autoLog=True, bold=False, color=array([1., 1., 1.]), colorSpace='rgb', contrast=1.0, depth=-1.0, draggable=False, flipHoriz=False, flipVert=False, font='Arial', fontFiles=[], height=0.05, italic=False, languageStyle='LTR', name='text_7', opacity=1, ori=0.0, pos=array([0., 0.]), rgb=UNKNOWN, text='', units='height', win=Window(...), wrapWidth=1)
9.3340 	EXP 	Created text_13 = TextStim(__class__=<class 'psychopy.visual.text.TextStim'>, alignHoriz=method-wrapper(...), alignText='center', alignVert=method-wrapper(...), anchorHoriz='center', anchorVert='center', antialias=True, autoDraw=False, autoLog=True, bold=False, color=array([1., 1., 1.]), colorSpace='rgb', contrast=1.0, depth=0.0, draggable=False, flipHoriz=False, flipVert=False, font='Arial', fontFiles=[], height=0.05, italic=False, languageStyle='LTR', name='text_13', opacity=1, ori=0.0, pos=array([0., 0.]), rgb=UNKNOWN, text=str(...), units='height', win=Window(...), wrapWidth=1)
9.3355 	EXP 	Created surround_grating = GratingStim(__class__=<class 'psychopy.visual.grating.GratingStim'>, anchor='center', autoDraw=False, autoLog=True, blendmode='avg', color=array([1., 1., 1.]), colorSpace='rgb', contrast=1.0, depth=-1.0, draggable=False, interpolate=True, mask='circle', maskParams=None, name='surround_grating', opacity=1.0, ori=1.0, phase=array([0., 0.]), pos=array([0., 0.]), rgbPedestal=array([0., 0., 0.]), sf=array([2.5, 2.5]), size=array([5., 5.]), tex='sin', texRes=128.0, units='cm', win=Window(...))
9.3369 	EXP 	Created center_grating = GratingStim(__class__=<class 'psychopy.visual.grating.GratingStim'>, anchor='center', autoDraw=False, autoLog=True, blendmode='avg', color=array([1., 1., 1.]), colorSpace='rgb', contrast=1.0, depth=-2.0, draggable=False, interpolate=True, mask='circle', maskParams=None, name='center_grating', opacity=1, ori=1.0, phase=array([0., 0.]), pos=array([0., 0.]), rgbPedestal=array([0., 0., 0.]), sf=array([2.5, 2.5]), size=array([1.25, 1.25]), tex='sin', texRes=128.0, units='cm', win=Window(...))
9.3381 	EXP 	Created text_2 = TextStim(__class__=<class 'psychopy.visual.text.TextStim'>, alignHoriz=method-wrapper(...), alignText='center', alignVert=method-wrapper(...), anchorHoriz='center', anchorVert='center', antialias=True, autoDraw=False, autoLog=True, bold=False, color=array([1., 1., 1.]), colorSpace='rgb', contrast=1.0, depth=-4.0, draggable=False, flipHoriz=False, flipVert=False, font='Arial', fontFiles=[], height=0.05, italic=False, languageStyle='LTR', name='text_2', opacity=1, ori=0.0, pos=array([0., 0.]), rgb=UNKNOWN, text='+', units='height', win=Window(...), wrapWidth=1)
9.3404 	EXP 	Created text_3 = TextStim(__class__=<class 'psychopy.visual.text.TextStim'>, alignHoriz=method-wrapper(...), alignText='center', alignVert=method-wrapper(...), anchorHoriz='center', anchorVert='center', antialias=True, autoDraw=False, autoLog=True, bold=False, color=array([1., 1., 1.]), colorSpace='rgb', contrast=1.0, depth=-5.0, draggable=False, flipHoriz=False, flipVert=False, font='Arial', fontFiles=[], height=0.05, italic=False, languageStyle='LTR', name='text_3', opacity=1, ori=0.0, pos=array([0., 0.]), rgb=UNKNOWN, text=str(...), units='height', win=Window(...), wrapWidth=1)
9.3422 	EXP 	Created text_4 = TextStim(__class__=<class 'psychopy.visual.text.TextStim'>, alignHoriz=method-wrapper(...), alignText='center', alignVert=method-wrapper(...), anchorHoriz='center', anchorVert='center', antialias=True, autoDraw=False, autoLog=True, bold=False, color=array([1., 1., 1.]), colorSpace='rgb', contrast=1.0, depth=0.0, draggable=False, flipHoriz=False, flipVert=False, font='Arial', fontFiles=[], height=0.05, italic=False, languageStyle='LTR', name='text_4', opacity=1, ori=0.0, pos=array([0., 0.]), rgb=UNKNOWN, text='thank you and have a pleasant day ', units='height', win=Window(...), wrapWidth=1)
0.0031 	DATA 	Mouse: Left button down, pos=(460,87)
0.0040 	DATA 	Mouse:  Left button up, pos=(460,87)
0.0265 	INFO 	Keyboard events cleared
0.0262 	EXP 	text_5: autoDraw = True
0.6291 	DATA 	Keypress: space
0.6326 	INFO 	Keyboard events cleared
0.6323 	WARNING 	t of last frame was 29.50ms (=1/33)
0.6323 	EXP 	text_5: autoDraw = False
0.6323 	EXP 	text_6: autoDraw = True
0.6526 	WARNING 	t of last frame was 20.35ms (=1/49)
0.8429 	DEBUG 	Read csv file with pandas: tilt_practice_1.csv
0.8438 	DEBUG 	Clearing unnamed columns from tilt_practice_1.csv
0.8442 	EXP 	Imported tilt_practice_1.csv as conditions, 4 conditions, 3 params
0.8445 	EXP 	New trial (rep=0, index=0): <Trial 0 (0 in rep 0) data={'center': 30, 'surround': 0, 'correct': 'right', 'thisN': 0, 'thisTrialN': 0, 'thisRepN': 0}>
0.8521 	DATA 	Keypress: space
0.8549 	INFO 	Keyboard events cleared
0.8546 	EXP 	text_6: autoDraw = False
0.8546 	EXP 	surround_practice: ori = 0.0
0.8546 	EXP 	center_practice: ori = 30.0
0.8546 	EXP 	text_9: autoDraw = True
1.3361 	EXP 	surround_practice: autoDraw = True
1.3361 	EXP 	center_practice: autoDraw = True
1.3361 	EXP 	surround_practice: tex = 'sin'
1.3361 	EXP 	center_practice: tex = 'sin'
1.3526 	EXP 	text_9: autoDraw = False
2.3239 	EXP 	surround_practice: autoDraw = False
2.3239 	EXP 	center_practice: autoDraw = False
2.3360 	EXP 	text_11: autoDraw = True
4.7357 	DATA 	Keypress: escape
4.7467 	WARNING 	t of last frame was 39.74ms (=1/25)
4.8047 	EXP 	tilt_staircase: status = STOPPED
4.8071 	EXP 	text_11: autoDraw = False
4.8085 	EXP 	tilt_staircase: status = STOPPED
4.8106 	INFO 	saved data to '/Users/bwinsto2/Downloads/data/597497_tilt_staircase_2025-08-14_14h42.58.520.csv'
4.8111 	INFO 	saved data to /Users/bwinsto2/Downloads/data/597497_tilt_staircase_2025-08-14_14h42.58.520.psydat
5.2410 	DEBUG 	Saving data for tilt_staircase ExperimentHandler
