9.1919 	INFO 	Loaded monitor calibration from ['2025_08_13 14:32']
9.4362 	EXP 	Created window1 = Window(allowGUI=True, allowStencil=False, autoLog=True, backendConf=UNKNOWN, backgroundFit=<method-wrapper '__getattribute__' of attributeSetter object at 0x7fd159c519d0>, backgroundImage=<method-wrapper '__getattribute__' of attributeSetter object at 0x7fd159c518e0>, bitsMode=UNKNOWN, blendMode='avg', bpc=(8, 8, 8), color=array([0, 0, 0]), colorSpace='rgb', depthBits=8, fullscr=False, gamma=None, gammaErrorPolicy='raise', infoMsg=UNKNOWN, lms=UNKNOWN, monitor=<psychopy.monitors.calibTools.Monitor object at 0x7fd158cd9370>, multiSample=False, name='window1', numSamples=2, pos=[320.0, 150.0], screen=0, size=array([1600, 1200]), stencilBits=0, stereo=False, title='PsychoPy', units='height', useFBO=True, useRetina=True, viewOri=0.0, viewPos=None, viewScale=None, waitBlanking=True, winType='pyglet')
9.4363 	EXP 	window1: backgroundImage = ''
9.4363 	EXP 	window1: backgroundFit = 'none'
9.4500 	DEBUG 	TextBox2 loaded 1 chars with 0 blanks and 1 valid
9.4509 	DEBUG 	TextBox2 loaded 1 chars with 0 blanks and 1 valid
9.4517 	DEBUG 	TextBox2 loaded 1 chars with 0 blanks and 1 valid
9.4527 	DEBUG 	TextBox2 loaded 1 chars with 0 blanks and 1 valid
9.4536 	DEBUG 	TextBox2 loaded 1 chars with 0 blanks and 1 valid
9.4541 	DEBUG 	TextBox2 loaded 1 chars with 0 blanks and 1 valid
9.4549 	DEBUG 	TextBox2 loaded 1 chars with 0 blanks and 1 valid
9.4559 	DEBUG 	TextBox2 loaded 1 chars with 0 blanks and 1 valid
9.4565 	DEBUG 	TextBox2 loaded 1 chars with 0 blanks and 1 valid
9.4569 	DEBUG 	TextBox2 loaded 1 chars with 0 blanks and 1 valid
9.4577 	DEBUG 	TextBox2 loaded 1 chars with 0 blanks and 1 valid
9.4585 	DEBUG 	TextBox2 loaded 1 chars with 0 blanks and 1 valid
9.4592 	DEBUG 	TextBox2 loaded 1 chars with 0 blanks and 1 valid
9.4600 	DEBUG 	TextBox2 loaded 1 chars with 0 blanks and 1 valid
9.4606 	DEBUG 	TextBox2 loaded 1 chars with 0 blanks and 1 valid
9.4614 	DEBUG 	TextBox2 loaded 1 chars with 0 blanks and 1 valid
9.4622 	DEBUG 	TextBox2 loaded 1 chars with 0 blanks and 1 valid
9.4627 	DEBUG 	TextBox2 loaded 1 chars with 0 blanks and 1 valid
9.4632 	DEBUG 	TextBox2 loaded 1 chars with 0 blanks and 1 valid
9.4642 	DEBUG 	TextBox2 loaded 1 chars with 0 blanks and 1 valid
9.4647 	DEBUG 	TextBox2 loaded 1 chars with 0 blanks and 1 valid
9.4650 	DEBUG 	Uploading Texture Font fontname to graphics card
9.4688 	DEBUG 	Upload of Texture Font fontname complete
9.4743 	DEBUG 	TextBox2 loaded 1 chars with 0 blanks and 1 valid
9.4753 	DEBUG 	TextBox2 loaded 1 chars with 0 blanks and 1 valid
9.4763 	DEBUG 	TextBox2 loaded 1 chars with 0 blanks and 1 valid
9.4764 	DEBUG 	Uploading Texture Font fontname to graphics card
9.4784 	DEBUG 	Upload of Texture Font fontname complete
9.4800 	EXP 	window1: Attempting to measure frame rate of screen (0) ...
9.4800 	EXP 	window1: recordFrameIntervals = False
9.7373 	EXP 	window1: recordFrameIntervals = True
10.5716 	WARNING 	Couldn't measure a consistent frame rate!
  - Is your graphics card set to sync to vertical blank?
  - Are you running other processes on your computer?

10.5840 	DEBUG 	TextBox2 loaded 1 chars with 0 blanks and 1 valid
10.5852 	DEBUG 	TextBox2 loaded 1 chars with 0 blanks and 1 valid
10.5868 	DEBUG 	TextBox2 loaded 1 chars with 0 blanks and 1 valid
10.5888 	DEBUG 	TextBox2 loaded 1 chars with 0 blanks and 1 valid
10.5906 	DEBUG 	TextBox2 loaded 1 chars with 0 blanks and 1 valid
10.5925 	DEBUG 	TextBox2 loaded 1 chars with 0 blanks and 1 valid
10.5935 	DEBUG 	TextBox2 loaded 1 chars with 0 blanks and 1 valid
10.5951 	DEBUG 	TextBox2 loaded 1 chars with 0 blanks and 1 valid
10.5970 	DEBUG 	TextBox2 loaded 1 chars with 0 blanks and 1 valid
10.5987 	DEBUG 	TextBox2 loaded 1 chars with 0 blanks and 1 valid
10.5991 	DEBUG 	Uploading Texture Font fontname to graphics card
10.6039 	DEBUG 	Upload of Texture Font fontname complete
10.6301 	WARNING 	launchHubServer: If using the iohub mouse or eyetracker devices, fullScr should be True.
14.0466 	INFO 	keyboard.Keyboard is using iohub backend.
14.0466 	INFO 	keyboard.Keyboard is using iohub backend.
14.0466 	INFO 	keyboard.Keyboard is using iohub backend.
14.0467 	INFO 	keyboard.Keyboard is using iohub backend.
14.0467 	INFO 	keyboard.Keyboard is using iohub backend.
14.0467 	INFO 	keyboard.Keyboard is using iohub backend.
14.0467 	INFO 	keyboard.Keyboard is using iohub backend.
14.0467 	EXP 	tilt_staircase: status = STARTED
14.0928 	EXP 	Created text_5 = TextStim(__class__=<class 'psychopy.visual.text.TextStim'>, alignHoriz=method-wrapper(...), alignText='center', alignVert=method-wrapper(...), anchorHoriz='center', anchorVert='center', antialias=True, autoDraw=False, autoLog=True, bold=False, color=array([1., 1., 1.]), colorSpace='rgb', contrast=1.0, depth=0.0, draggable=False, flipHoriz=False, flipVert=False, font='Arial', fontFiles=[], height=0.05, italic=False, languageStyle='LTR', name='text_5', opacity=1, ori=0.0, pos=array([0., 0.]), rgb=UNKNOWN, text=str(...), units='height', win=Window(...), wrapWidth=1)
14.1003 	EXP 	Created text_6 = TextStim(__class__=<class 'psychopy.visual.text.TextStim'>, alignHoriz=method-wrapper(...), alignText='center', alignVert=method-wrapper(...), anchorHoriz='center', anchorVert='center', antialias=True, autoDraw=False, autoLog=True, bold=False, color=array([1., 1., 1.]), colorSpace='rgb', contrast=1.0, depth=0.0, draggable=False, flipHoriz=False, flipVert=False, font='Arial', fontFiles=[], height=0.05, italic=False, languageStyle='LTR', name='text_6', opacity=1, ori=0.0, pos=array([0., 0.]), rgb=UNKNOWN, text=str(...), units='height', win=Window(...), wrapWidth=1)
14.1026 	EXP 	Created surround_practice = GratingStim(__class__=<class 'psychopy.visual.grating.GratingStim'>, anchor='center', autoDraw=False, autoLog=True, blendmode='avg', color=array([1., 1., 1.]), colorSpace='rgb', contrast=1.0, depth=0.0, draggable=False, interpolate=True, mask='circle', maskParams=None, name='surround_practice', opacity=1, ori=1.0, phase=array([0., 0.]), pos=array([0., 0.]), rgbPedestal=array([0., 0., 0.]), sf=array([1.5, 1.5]), size=array([5., 5.]), tex='sin', texRes=128.0, units='deg', win=Window(...))
14.1041 	EXP 	Created center_practice = GratingStim(__class__=<class 'psychopy.visual.grating.GratingStim'>, anchor='center', autoDraw=False, autoLog=True, blendmode='avg', color=array([1., 1., 1.]), colorSpace='rgb', contrast=1.0, depth=-1.0, draggable=False, interpolate=True, mask='circle', maskParams=None, name='center_practice', opacity=1, ori=1.0, phase=array([0., 0.]), pos=array([0., 0.]), rgbPedestal=array([0., 0., 0.]), sf=array([1.5, 1.5]), size=array([2., 2.]), tex='sin', texRes=128.0, units='deg', win=Window(...))
14.1058 	EXP 	Created text_9 = TextStim(__class__=<class 'psychopy.visual.text.TextStim'>, alignHoriz=method-wrapper(...), alignText='center', alignVert=method-wrapper(...), anchorHoriz='center', anchorVert='center', antialias=True, autoDraw=False, autoLog=True, bold=False, color=array([1., 1., 1.]), colorSpace='rgb', contrast=1.0, depth=-3.0, draggable=False, flipHoriz=False, flipVert=False, font='Arial', fontFiles=[], height=0.05, italic=False, languageStyle='LTR', name='text_9', opacity=1, ori=0.0, pos=array([0., 0.]), rgb=UNKNOWN, text='+', units='height', win=Window(...), wrapWidth=1)
14.1177 	DEBUG 	Saving data for tilt_staircase ExperimentHandler
14.1186 	INFO 	saved data to /Users/bwinsto2/Downloads/data/641292_tilt_staircase_2025-08-13_16h11.53.577.psydat
14.1188 	INFO 	saved data to '/Users/bwinsto2/Downloads/data/641292_tilt_staircase_2025-08-13_16h11.53.577.csv'
