5.0102 	DEBUG 	Fullscreen settings ignored as running in pilot mode.
5.0118 	INFO 	Loaded monitor calibration from ['2025_01_25 22:17']
5.2033 	EXP 	Created window1 = Window(allowGUI=False, allowStencil=False, autoLog=True, backendConf=UNKNOWN, backgroundFit=<method-wrapper '__getattribute__' of attributeSetter object at 0x7fd7b274ebb0>, backgroundImage=<method-wrapper '__getattribute__' of attributeSetter object at 0x7fd7b274ea90>, bitsMode=UNKNOWN, blendMode='avg', bpc=(8, 8, 8), color=array([0, 0, 0]), colorSpace='rgb', depthBits=8, fullscr=False, gamma=None, gammaErrorPolicy='raise', infoMsg=UNKNOWN, lms=UNKNOWN, monitor=<psychopy.monitors.calibTools.Monitor object at 0x7fd7b2779640>, multiSample=False, name='window1', numSamples=2, pos=[1320.0, 420.0], screen=1, size=array([800, 600]), stencilBits=0, stereo=False, title='PsychoPy', units='height', useFBO=True, useRetina=False, viewOri=0.0, viewPos=None, viewScale=None, waitBlanking=True, winType='pyglet')
5.2034 	EXP 	window1: backgroundImage = ''
5.2034 	EXP 	window1: backgroundFit = 'none'
5.2117 	DEBUG 	TextBox2 loaded 1 chars with 0 blanks and 1 valid
5.2126 	DEBUG 	TextBox2 loaded 1 chars with 0 blanks and 1 valid
5.2135 	DEBUG 	TextBox2 loaded 1 chars with 0 blanks and 1 valid
5.2145 	DEBUG 	TextBox2 loaded 1 chars with 0 blanks and 1 valid
5.2155 	DEBUG 	TextBox2 loaded 1 chars with 0 blanks and 1 valid
5.2161 	DEBUG 	TextBox2 loaded 1 chars with 0 blanks and 1 valid
5.2168 	DEBUG 	TextBox2 loaded 1 chars with 0 blanks and 1 valid
5.2178 	DEBUG 	TextBox2 loaded 1 chars with 0 blanks and 1 valid
5.2183 	DEBUG 	TextBox2 loaded 1 chars with 0 blanks and 1 valid
5.2188 	DEBUG 	TextBox2 loaded 1 chars with 0 blanks and 1 valid
5.2196 	DEBUG 	TextBox2 loaded 1 chars with 0 blanks and 1 valid
5.2203 	DEBUG 	TextBox2 loaded 1 chars with 0 blanks and 1 valid
5.2211 	DEBUG 	TextBox2 loaded 1 chars with 0 blanks and 1 valid
5.2219 	DEBUG 	TextBox2 loaded 1 chars with 0 blanks and 1 valid
5.2231 	DEBUG 	TextBox2 loaded 1 chars with 0 blanks and 1 valid
5.2239 	DEBUG 	TextBox2 loaded 1 chars with 0 blanks and 1 valid
5.2247 	DEBUG 	TextBox2 loaded 1 chars with 0 blanks and 1 valid
5.2253 	DEBUG 	TextBox2 loaded 1 chars with 0 blanks and 1 valid
5.2258 	DEBUG 	TextBox2 loaded 1 chars with 0 blanks and 1 valid
5.2268 	DEBUG 	TextBox2 loaded 1 chars with 0 blanks and 1 valid
5.2273 	DEBUG 	TextBox2 loaded 1 chars with 0 blanks and 1 valid
5.2275 	DEBUG 	Uploading Texture Font fontname to graphics card
5.2310 	DEBUG 	Upload of Texture Font fontname complete
5.2365 	DEBUG 	TextBox2 loaded 1 chars with 0 blanks and 1 valid
5.2376 	DEBUG 	TextBox2 loaded 1 chars with 0 blanks and 1 valid
5.2386 	DEBUG 	TextBox2 loaded 1 chars with 0 blanks and 1 valid
5.2388 	DEBUG 	Uploading Texture Font fontname to graphics card
5.2407 	DEBUG 	Upload of Texture Font fontname complete
5.2422 	EXP 	window1: Attempting to measure frame rate of screen (1) ...
5.2422 	EXP 	window1: recordFrameIntervals = False
5.4418 	EXP 	window1: recordFrameIntervals = True
6.2766 	WARNING 	Couldn't measure a consistent frame rate!
  - Is your graphics card set to sync to vertical blank?
  - Are you running other processes on your computer?

6.2866 	DEBUG 	TextBox2 loaded 1 chars with 0 blanks and 1 valid
6.2876 	DEBUG 	TextBox2 loaded 1 chars with 0 blanks and 1 valid
6.2891 	DEBUG 	TextBox2 loaded 1 chars with 0 blanks and 1 valid
6.2909 	DEBUG 	TextBox2 loaded 1 chars with 0 blanks and 1 valid
6.2926 	DEBUG 	TextBox2 loaded 1 chars with 0 blanks and 1 valid
6.2944 	DEBUG 	TextBox2 loaded 1 chars with 0 blanks and 1 valid
6.2953 	DEBUG 	TextBox2 loaded 1 chars with 0 blanks and 1 valid
6.2967 	DEBUG 	TextBox2 loaded 1 chars with 0 blanks and 1 valid
6.2984 	DEBUG 	TextBox2 loaded 1 chars with 0 blanks and 1 valid
6.3000 	DEBUG 	TextBox2 loaded 1 chars with 0 blanks and 1 valid
6.3004 	DEBUG 	Uploading Texture Font fontname to graphics card
6.3042 	DEBUG 	Upload of Texture Font fontname complete
6.3271 	WARNING 	launchHubServer: If using the iohub mouse or eyetracker devices, fullScr should be True.
9.6861 	INFO 	keyboard.Keyboard is using iohub backend.
9.6862 	INFO 	keyboard.Keyboard is using iohub backend.
9.6862 	EXP 	tilt_staircase: status = STARTED
9.6916 	EXP 	Created surround = GratingStim(__class__=<class 'psychopy.visual.grating.GratingStim'>, anchor='center', autoDraw=False, autoLog=True, blendmode='avg', color=array([1., 1., 1.]), colorSpace='rgb', contrast=1.0, depth=0.0, draggable=False, interpolate=True, mask='circle', maskParams=None, name='surround', opacity=1, ori=1.0, phase=array([0., 0.]), pos=array([0., 0.]), rgbPedestal=array([0., 0., 0.]), sf=array([7., 7.]), size=array([0.75, 0.75]), tex='sin', texRes=128.0, units='height', win=Window(...))
9.6930 	EXP 	Created center = GratingStim(__class__=<class 'psychopy.visual.grating.GratingStim'>, anchor='center', autoDraw=False, autoLog=True, blendmode='avg', color=array([1., 1., 1.]), colorSpace='rgb', contrast=1.0, depth=-1.0, draggable=False, interpolate=True, mask='circle', maskParams=None, name='center', opacity=1, ori=1.0, phase=array([0., 0.]), pos=array([0., 0.]), rgbPedestal=array([0., 0., 0.]), sf=array([2., 2.]), size=array([0.3, 0.3]), tex='sin', texRes=128.0, units='height', win=Window(...))
9.6989 	EXP 	Created text = TextStim(__class__=<class 'psychopy.visual.text.TextStim'>, alignHoriz=method-wrapper(...), alignText='center', alignVert=method-wrapper(...), anchorHoriz='center', anchorVert='center', antialias=True, autoDraw=False, autoLog=True, bold=False, color=array([ 1., -1., -1.]), colorSpace='rgb', contrast=1.0, depth=-2.0, draggable=False, flipHoriz=False, flipVert=False, font='Arial', fontFiles=[], height=0.05, italic=False, languageStyle='LTR', name='text', opacity=1, ori=0.0, pos=array([0., 0.]), rgb=UNKNOWN, text='', units='height', win=Window(...), wrapWidth=1)
0.0121 	DEBUG 	Read csv file with pandas: tilt_staircase.csv
0.0129 	DEBUG 	Clearing unnamed columns from tilt_staircase.csv
0.0135 	EXP 	Imported tilt_staircase.csv as conditions, 2 conditions, 10 params
0.0960 	DEBUG 	Using /Applications/PsychoPy.app/Contents/Resources/lib/python3.8/psychopy/data/staircase.py as origin file
0.0963 	DEBUG 	Using /Applications/PsychoPy.app/Contents/Resources/lib/python3.8/psychopy/data/staircase.py as origin file
0.1265 	INFO 	Keyboard events cleared
0.1263 	WARNING 	t of last frame was 123.26ms (=1/8)
0.1263 	EXP 	surround: ori = 10.0
0.1263 	EXP 	center: ori = -20.0
0.1263 	EXP 	text: height = 0.05
0.1263 	EXP 	text: height = 0.05
0.1263 	EXP 	text: height = 0.05
0.1263 	EXP 	text: text = -20
0.1263 	EXP 	surround: autoDraw = True
0.1263 	EXP 	center: autoDraw = True
0.1263 	EXP 	text: autoDraw = True
0.1263 	EXP 	surround: tex = 'sin'
0.1263 	EXP 	center: tex = 'sin'
9.4195 	DATA 	Keypress: escape
9.4219 	WARNING 	t of last frame was 59.81ms (=1/16)
9.5481 	EXP 	tilt_staircase: status = STOPPED
9.5495 	EXP 	surround: autoDraw = False
9.5495 	EXP 	center: autoDraw = False
9.5495 	EXP 	text: autoDraw = False
9.5510 	EXP 	tilt_staircase: status = STOPPED
9.5528 	INFO 	saved data to '/Users/bwinsto2/Downloads/data/665572_tilt_staircase_2025-08-11_11h47.00.153.csv'
9.5537 	INFO 	saved data to /Users/bwinsto2/Downloads/data/665572_tilt_staircase_2025-08-11_11h47.00.153.psydat
9.8064 	DEBUG 	Saving data for tilt_staircase ExperimentHandler
