17.9630 	DEBUG 	Fullscreen settings ignored as running in pilot mode.
17.9646 	INFO 	Loaded monitor calibration from ['2025_01_25 22:17']
18.3162 	EXP 	Created window1 = Window(allowGUI=False, allowStencil=False, autoLog=True, backendConf=UNKNOWN, backgroundFit=<method-wrapper '__getattribute__' of attributeSetter object at 0x7fb3d40c0a90>, backgroundImage=<method-wrapper '__getattribute__' of attributeSetter object at 0x7fb3d40c09a0>, bitsMode=UNKNOWN, blendMode='avg', bpc=(8, 8, 8), color=array([0, 0, 0]), colorSpace='rgb', depthBits=8, fullscr=False, gamma=None, gammaErrorPolicy='raise', infoMsg=UNKNOWN, lms=UNKNOWN, monitor=<psychopy.monitors.calibTools.Monitor object at 0x7fb3d40ec550>, multiSample=False, name='window1', numSamples=2, pos=[320.0, 150.0], screen=0, size=array([1600, 1200]), stencilBits=0, stereo=False, title='PsychoPy', units='height', useFBO=True, useRetina=True, viewOri=0.0, viewPos=None, viewScale=None, waitBlanking=True, winType='pyglet')
18.3163 	EXP 	window1: backgroundImage = ''
18.3163 	EXP 	window1: backgroundFit = 'none'
18.3385 	DEBUG 	TextBox2 loaded 1 chars with 0 blanks and 1 valid
18.3395 	DEBUG 	TextBox2 loaded 1 chars with 0 blanks and 1 valid
18.3402 	DEBUG 	TextBox2 loaded 1 chars with 0 blanks and 1 valid
18.3411 	DEBUG 	TextBox2 loaded 1 chars with 0 blanks and 1 valid
18.3420 	DEBUG 	TextBox2 loaded 1 chars with 0 blanks and 1 valid
18.3425 	DEBUG 	TextBox2 loaded 1 chars with 0 blanks and 1 valid
18.3431 	DEBUG 	TextBox2 loaded 1 chars with 0 blanks and 1 valid
18.3440 	DEBUG 	TextBox2 loaded 1 chars with 0 blanks and 1 valid
18.3446 	DEBUG 	TextBox2 loaded 1 chars with 0 blanks and 1 valid
18.3449 	DEBUG 	TextBox2 loaded 1 chars with 0 blanks and 1 valid
18.3457 	DEBUG 	TextBox2 loaded 1 chars with 0 blanks and 1 valid
18.3465 	DEBUG 	TextBox2 loaded 1 chars with 0 blanks and 1 valid
18.3472 	DEBUG 	TextBox2 loaded 1 chars with 0 blanks and 1 valid
18.3478 	DEBUG 	TextBox2 loaded 1 chars with 0 blanks and 1 valid
18.3484 	DEBUG 	TextBox2 loaded 1 chars with 0 blanks and 1 valid
18.3492 	DEBUG 	TextBox2 loaded 1 chars with 0 blanks and 1 valid
18.3499 	DEBUG 	TextBox2 loaded 1 chars with 0 blanks and 1 valid
18.3502 	DEBUG 	TextBox2 loaded 1 chars with 0 blanks and 1 valid
18.3507 	DEBUG 	TextBox2 loaded 1 chars with 0 blanks and 1 valid
18.3516 	DEBUG 	TextBox2 loaded 1 chars with 0 blanks and 1 valid
18.3521 	DEBUG 	TextBox2 loaded 1 chars with 0 blanks and 1 valid
18.3524 	DEBUG 	Uploading Texture Font fontname to graphics card
18.3570 	DEBUG 	Upload of Texture Font fontname complete
18.3634 	DEBUG 	TextBox2 loaded 1 chars with 0 blanks and 1 valid
18.3644 	DEBUG 	TextBox2 loaded 1 chars with 0 blanks and 1 valid
18.3654 	DEBUG 	TextBox2 loaded 1 chars with 0 blanks and 1 valid
18.3656 	DEBUG 	Uploading Texture Font fontname to graphics card
18.3679 	DEBUG 	Upload of Texture Font fontname complete
18.3697 	EXP 	window1: Attempting to measure frame rate of screen (0) ...
18.3697 	EXP 	window1: recordFrameIntervals = False
18.6855 	EXP 	window1: recordFrameIntervals = True
19.5225 	WARNING 	Couldn't measure a consistent frame rate!
  - Is your graphics card set to sync to vertical blank?
  - Are you running other processes on your computer?

19.5339 	DEBUG 	TextBox2 loaded 1 chars with 0 blanks and 1 valid
19.5352 	DEBUG 	TextBox2 loaded 1 chars with 0 blanks and 1 valid
19.5368 	DEBUG 	TextBox2 loaded 1 chars with 0 blanks and 1 valid
19.5388 	DEBUG 	TextBox2 loaded 1 chars with 0 blanks and 1 valid
19.5406 	DEBUG 	TextBox2 loaded 1 chars with 0 blanks and 1 valid
19.5426 	DEBUG 	TextBox2 loaded 1 chars with 0 blanks and 1 valid
19.5435 	DEBUG 	TextBox2 loaded 1 chars with 0 blanks and 1 valid
19.5452 	DEBUG 	TextBox2 loaded 1 chars with 0 blanks and 1 valid
19.5470 	DEBUG 	TextBox2 loaded 1 chars with 0 blanks and 1 valid
19.5488 	DEBUG 	TextBox2 loaded 1 chars with 0 blanks and 1 valid
19.5492 	DEBUG 	Uploading Texture Font fontname to graphics card
19.5533 	DEBUG 	Upload of Texture Font fontname complete
19.6301 	WARNING 	launchHubServer: If using the iohub mouse or eyetracker devices, fullScr should be True.
27.8161 	INFO 	keyboard.Keyboard is using iohub backend.
27.8162 	INFO 	keyboard.Keyboard is using iohub backend.
27.8162 	EXP 	tilt_staircase: status = STARTED
27.8237 	EXP 	Created center = GratingStim(__class__=<class 'psychopy.visual.grating.GratingStim'>, anchor='center', autoDraw=False, autoLog=True, blendmode='avg', color=array([1., 1., 1.]), colorSpace='rgb', contrast=1.0, depth=0.0, draggable=False, interpolate=True, mask='circle', maskParams=None, name='center', opacity=1, ori=1.0, phase=array([0., 0.]), pos=array([-0.2,  0.1]), rgbPedestal=array([0., 0., 0.]), sf=array([2., 2.]), size=array([0.3, 0.3]), tex='sin', texRes=128.0, units='height', win=Window(...))
27.8254 	EXP 	Created surround = GratingStim(__class__=<class 'psychopy.visual.grating.GratingStim'>, anchor='center', autoDraw=False, autoLog=True, blendmode='avg', color=array([1., 1., 1.]), colorSpace='rgb', contrast=1.0, depth=-1.0, draggable=False, interpolate=True, mask='circle', maskParams=None, name='surround', opacity=1, ori=1.0, phase=array([0., 0.]), pos=array([-0.2,  0.1]), rgbPedestal=array([0., 0., 0.]), sf=array([7., 7.]), size=array([0.75, 0.75]), tex='sin', texRes=128.0, units='height', win=Window(...))
27.8524 	EXP 	Created text = TextStim(__class__=<class 'psychopy.visual.text.TextStim'>, alignHoriz=method-wrapper(...), alignText='center', alignVert=method-wrapper(...), anchorHoriz='center', anchorVert='center', antialias=True, autoDraw=False, autoLog=True, bold=False, color=array([ 1., -1., -1.]), colorSpace='rgb', contrast=1.0, depth=-2.0, draggable=False, flipHoriz=False, flipVert=False, font='Arial', fontFiles=[], height=0.05, italic=False, languageStyle='LTR', name='text', opacity=1, ori=0.0, pos=array([0., 0.]), rgb=UNKNOWN, text='', units='height', win=Window(...), wrapWidth=1)
0.0547 	DEBUG 	Read csv file with pandas: tilt_staircase.csv
0.0555 	DEBUG 	Clearing unnamed columns from tilt_staircase.csv
0.0561 	EXP 	Imported tilt_staircase.csv as conditions, 2 conditions, 10 params
0.1359 	DEBUG 	Using /Applications/PsychoPy.app/Contents/Resources/lib/python3.8/psychopy/data/staircase.py as origin file
0.1361 	DEBUG 	Using /Applications/PsychoPy.app/Contents/Resources/lib/python3.8/psychopy/data/staircase.py as origin file
0.1512 	DEBUG 	Saving data for tilt_staircase ExperimentHandler
0.1528 	INFO 	saved data to /Users/bwinsto2/Downloads/data/698142_tilt_staircase_2025-08-11_11h32.37.801.psydat
0.1532 	INFO 	saved data to '/Users/bwinsto2/Downloads/data/698142_tilt_staircase_2025-08-11_11h32.37.801.csv'
