4.5672 	INFO 	Loaded monitor calibration from ['2025_08_13 14:32']
4.7664 	EXP 	Created window1 = Window(allowGUI=True, allowStencil=False, autoLog=True, backendConf=UNKNOWN, backgroundFit=<method-wrapper '__getattribute__' of attributeSetter object at 0x7fbb9a85fcd0>, backgroundImage=<method-wrapper '__getattribute__' of attributeSetter object at 0x7fbb9a85fbe0>, bitsMode=UNKNOWN, blendMode='avg', bpc=(8, 8, 8), color=array([0, 0, 0]), colorSpace='rgb', depthBits=8, fullscr=False, gamma=None, gammaErrorPolicy='raise', infoMsg=UNKNOWN, lms=UNKNOWN, monitor=<psychopy.monitors.calibTools.Monitor object at 0x7fbb9a54d610>, multiSample=False, name='window1', numSamples=2, pos=[320.0, 150.0], screen=0, size=array([1600, 1200]), stencilBits=0, stereo=False, title='PsychoPy', units='height', useFBO=True, useRetina=True, viewOri=0.0, viewPos=None, viewScale=None, waitBlanking=True, winType='pyglet')
4.7664 	EXP 	window1: backgroundImage = ''
4.7664 	EXP 	window1: backgroundFit = 'none'
4.7747 	DEBUG 	TextBox2 loaded 1 chars with 0 blanks and 1 valid
4.7755 	DEBUG 	TextBox2 loaded 1 chars with 0 blanks and 1 valid
4.7763 	DEBUG 	TextBox2 loaded 1 chars with 0 blanks and 1 valid
4.7773 	DEBUG 	TextBox2 loaded 1 chars with 0 blanks and 1 valid
4.7783 	DEBUG 	TextBox2 loaded 1 chars with 0 blanks and 1 valid
4.7789 	DEBUG 	TextBox2 loaded 1 chars with 0 blanks and 1 valid
4.7797 	DEBUG 	TextBox2 loaded 1 chars with 0 blanks and 1 valid
4.7807 	DEBUG 	TextBox2 loaded 1 chars with 0 blanks and 1 valid
4.7812 	DEBUG 	TextBox2 loaded 1 chars with 0 blanks and 1 valid
4.7816 	DEBUG 	TextBox2 loaded 1 chars with 0 blanks and 1 valid
4.7824 	DEBUG 	TextBox2 loaded 1 chars with 0 blanks and 1 valid
4.7832 	DEBUG 	TextBox2 loaded 1 chars with 0 blanks and 1 valid
4.7839 	DEBUG 	TextBox2 loaded 1 chars with 0 blanks and 1 valid
4.7847 	DEBUG 	TextBox2 loaded 1 chars with 0 blanks and 1 valid
4.7854 	DEBUG 	TextBox2 loaded 1 chars with 0 blanks and 1 valid
4.7862 	DEBUG 	TextBox2 loaded 1 chars with 0 blanks and 1 valid
4.7869 	DEBUG 	TextBox2 loaded 1 chars with 0 blanks and 1 valid
4.7874 	DEBUG 	TextBox2 loaded 1 chars with 0 blanks and 1 valid
4.7880 	DEBUG 	TextBox2 loaded 1 chars with 0 blanks and 1 valid
4.7890 	DEBUG 	TextBox2 loaded 1 chars with 0 blanks and 1 valid
4.7895 	DEBUG 	TextBox2 loaded 1 chars with 0 blanks and 1 valid
4.7897 	DEBUG 	Uploading Texture Font fontname to graphics card
4.7932 	DEBUG 	Upload of Texture Font fontname complete
4.7985 	DEBUG 	TextBox2 loaded 1 chars with 0 blanks and 1 valid
4.7996 	DEBUG 	TextBox2 loaded 1 chars with 0 blanks and 1 valid
4.8006 	DEBUG 	TextBox2 loaded 1 chars with 0 blanks and 1 valid
4.8008 	DEBUG 	Uploading Texture Font fontname to graphics card
4.8027 	DEBUG 	Upload of Texture Font fontname complete
4.8043 	EXP 	window1: Attempting to measure frame rate of screen (0) ...
4.8043 	EXP 	window1: recordFrameIntervals = False
4.9857 	EXP 	window1: recordFrameIntervals = True
5.8207 	WARNING 	Couldn't measure a consistent frame rate!
  - Is your graphics card set to sync to vertical blank?
  - Are you running other processes on your computer?

5.8300 	DEBUG 	TextBox2 loaded 1 chars with 0 blanks and 1 valid
5.8310 	DEBUG 	TextBox2 loaded 1 chars with 0 blanks and 1 valid
5.8325 	DEBUG 	TextBox2 loaded 1 chars with 0 blanks and 1 valid
5.8342 	DEBUG 	TextBox2 loaded 1 chars with 0 blanks and 1 valid
5.8358 	DEBUG 	TextBox2 loaded 1 chars with 0 blanks and 1 valid
5.8374 	DEBUG 	TextBox2 loaded 1 chars with 0 blanks and 1 valid
5.8383 	DEBUG 	TextBox2 loaded 1 chars with 0 blanks and 1 valid
5.8397 	DEBUG 	TextBox2 loaded 1 chars with 0 blanks and 1 valid
5.8413 	DEBUG 	TextBox2 loaded 1 chars with 0 blanks and 1 valid
5.8428 	DEBUG 	TextBox2 loaded 1 chars with 0 blanks and 1 valid
5.8432 	DEBUG 	Uploading Texture Font fontname to graphics card
5.8471 	DEBUG 	Upload of Texture Font fontname complete
5.8701 	WARNING 	launchHubServer: If using the iohub mouse or eyetracker devices, fullScr should be True.
8.9736 	INFO 	keyboard.Keyboard is using iohub backend.
8.9736 	INFO 	keyboard.Keyboard is using iohub backend.
8.9736 	INFO 	keyboard.Keyboard is using iohub backend.
8.9737 	INFO 	keyboard.Keyboard is using iohub backend.
8.9737 	INFO 	keyboard.Keyboard is using iohub backend.
8.9737 	INFO 	keyboard.Keyboard is using iohub backend.
8.9737 	INFO 	keyboard.Keyboard is using iohub backend.
8.9737 	INFO 	keyboard.Keyboard is using iohub backend.
8.9737 	INFO 	keyboard.Keyboard is using iohub backend.
8.9738 	INFO 	keyboard.Keyboard is using iohub backend.
8.9738 	EXP 	tilt_staircase: status = STARTED
9.0170 	EXP 	Created text_5 = TextStim(__class__=<class 'psychopy.visual.text.TextStim'>, alignHoriz=method-wrapper(...), alignText='center', alignVert=method-wrapper(...), anchorHoriz='center', anchorVert='center', antialias=True, autoDraw=False, autoLog=True, bold=False, color=array([1., 1., 1.]), colorSpace='rgb', contrast=1.0, depth=0.0, draggable=False, flipHoriz=False, flipVert=False, font='Arial', fontFiles=[], height=0.05, italic=False, languageStyle='LTR', name='text_5', opacity=1, ori=0.0, pos=array([0., 0.]), rgb=UNKNOWN, text=str(...), units='height', win=Window(...), wrapWidth=1)
9.0239 	EXP 	Created text_6 = TextStim(__class__=<class 'psychopy.visual.text.TextStim'>, alignHoriz=method-wrapper(...), alignText='center', alignVert=method-wrapper(...), anchorHoriz='center', anchorVert='center', antialias=True, autoDraw=False, autoLog=True, bold=False, color=array([1., 1., 1.]), colorSpace='rgb', contrast=1.0, depth=0.0, draggable=False, flipHoriz=False, flipVert=False, font='Arial', fontFiles=[], height=0.05, italic=False, languageStyle='LTR', name='text_6', opacity=1, ori=0.0, pos=array([0., 0.]), rgb=UNKNOWN, text=str(...), units='height', win=Window(...), wrapWidth=1)
9.0259 	EXP 	Created surround_practice = GratingStim(__class__=<class 'psychopy.visual.grating.GratingStim'>, anchor='center', autoDraw=False, autoLog=True, blendmode='avg', color=array([1., 1., 1.]), colorSpace='rgb', contrast=1.0, depth=0.0, draggable=False, interpolate=True, mask='circle', maskParams=None, name='surround_practice', opacity=1, ori=1.0, phase=array([0., 0.]), pos=array([0., 0.]), rgbPedestal=array([0., 0., 0.]), sf=array([1.5, 1.5]), size=array([6., 6.]), tex='sin', texRes=128.0, units='deg', win=Window(...))
9.0274 	EXP 	Created center_practice = GratingStim(__class__=<class 'psychopy.visual.grating.GratingStim'>, anchor='center', autoDraw=False, autoLog=True, blendmode='avg', color=array([1., 1., 1.]), colorSpace='rgb', contrast=1.0, depth=-1.0, draggable=False, interpolate=True, mask='circle', maskParams=None, name='center_practice', opacity=1, ori=1.0, phase=array([0., 0.]), pos=array([0., 0.]), rgbPedestal=array([0., 0., 0.]), sf=array([1.5, 1.5]), size=array([2., 2.]), tex='sin', texRes=128.0, units='deg', win=Window(...))
9.0290 	EXP 	Created text_9 = TextStim(__class__=<class 'psychopy.visual.text.TextStim'>, alignHoriz=method-wrapper(...), alignText='center', alignVert=method-wrapper(...), anchorHoriz='center', anchorVert='center', antialias=True, autoDraw=False, autoLog=True, bold=False, color=array([1., 1., 1.]), colorSpace='rgb', contrast=1.0, depth=-3.0, draggable=False, flipHoriz=False, flipVert=False, font='Arial', fontFiles=[], height=0.05, italic=False, languageStyle='LTR', name='text_9', opacity=1, ori=0.0, pos=array([0., 0.]), rgb=UNKNOWN, text='+', units='height', win=Window(...), wrapWidth=1)
9.0324 	EXP 	Created text_11 = TextStim(__class__=<class 'psychopy.visual.text.TextStim'>, alignHoriz=method-wrapper(...), alignText='center', alignVert=method-wrapper(...), anchorHoriz='center', anchorVert='center', antialias=True, autoDraw=False, autoLog=True, bold=False, color=array([1., 1., 1.]), colorSpace='rgb', contrast=1.0, depth=-4.0, draggable=False, flipHoriz=False, flipVert=False, font='Arial', fontFiles=[], height=0.05, italic=False, languageStyle='LTR', name='text_11', opacity=1, ori=0.0, pos=array([0., 0.]), rgb=UNKNOWN, text=str(...), units='height', win=Window(...), wrapWidth=1)
9.0329 	EXP 	Created text_7 = TextStim(__class__=<class 'psychopy.visual.text.TextStim'>, alignHoriz=method-wrapper(...), alignText='center', alignVert=method-wrapper(...), anchorHoriz='center', anchorVert='center', antialias=True, autoDraw=False, autoLog=True, bold=False, color=array([1., 1., 1.]), colorSpace='rgb', contrast=1.0, depth=-1.0, draggable=False, flipHoriz=False, flipVert=False, font='Arial', fontFiles=[], height=0.05, italic=False, languageStyle='LTR', name='text_7', opacity=1, ori=0.0, pos=array([0., 0.]), rgb=UNKNOWN, text='', units='height', win=Window(...), wrapWidth=1)
9.0343 	EXP 	Created text_14 = TextStim(__class__=<class 'psychopy.visual.text.TextStim'>, alignHoriz=method-wrapper(...), alignText='center', alignVert=method-wrapper(...), anchorHoriz='center', anchorVert='center', antialias=True, autoDraw=False, autoLog=True, bold=False, color=array([1., 1., 1.]), colorSpace='rgb', contrast=1.0, depth=-3.0, draggable=False, flipHoriz=False, flipVert=False, font='Arial', fontFiles=[], height=0.05, italic=False, languageStyle='LTR', name='text_14', opacity=1, ori=0.0, pos=array([ 0. , -0.5]), rgb=UNKNOWN, text='penis', units='height', win=Window(...), wrapWidth=1)
9.0380 	EXP 	Created text_8 = TextStim(__class__=<class 'psychopy.visual.text.TextStim'>, alignHoriz=method-wrapper(...), alignText='center', alignVert=method-wrapper(...), anchorHoriz='center', anchorVert='center', antialias=True, autoDraw=False, autoLog=True, bold=False, color=array([1., 1., 1.]), colorSpace='rgb', contrast=1.0, depth=0.0, draggable=False, flipHoriz=False, flipVert=False, font='Arial', fontFiles=[], height=0.05, italic=False, languageStyle='LTR', name='text_8', opacity=1, ori=0.0, pos=array([0., 0.]), rgb=UNKNOWN, text=str(...), units='height', win=Window(...), wrapWidth=1)
9.0396 	EXP 	Created surround_practice_2 = GratingStim(__class__=<class 'psychopy.visual.grating.GratingStim'>, anchor='center', autoDraw=False, autoLog=True, blendmode='avg', color=array([1., 1., 1.]), colorSpace='rgb', contrast=1.0, depth=0.0, draggable=False, interpolate=True, mask='circle', maskParams=None, name='surround_practice_2', opacity=1, ori=1.0, phase=array([0., 0.]), pos=array([0., 0.]), rgbPedestal=array([0., 0., 0.]), sf=array([1.5, 1.5]), size=array([6., 6.]), tex='sin', texRes=128.0, units='deg', win=Window(...))
9.0410 	EXP 	Created center_practice_2 = GratingStim(__class__=<class 'psychopy.visual.grating.GratingStim'>, anchor='center', autoDraw=False, autoLog=True, blendmode='avg', color=array([1., 1., 1.]), colorSpace='rgb', contrast=1.0, depth=-1.0, draggable=False, interpolate=True, mask='circle', maskParams=None, name='center_practice_2', opacity=1, ori=1.0, phase=array([0., 0.]), pos=array([0., 0.]), rgbPedestal=array([0., 0., 0.]), sf=array([1.5, 1.5]), size=array([2., 2.]), tex='sin', texRes=128.0, units='deg', win=Window(...))
9.0421 	EXP 	Created text_10 = TextStim(__class__=<class 'psychopy.visual.text.TextStim'>, alignHoriz=method-wrapper(...), alignText='center', alignVert=method-wrapper(...), anchorHoriz='center', anchorVert='center', antialias=True, autoDraw=False, autoLog=True, bold=False, color=array([1., 1., 1.]), colorSpace='rgb', contrast=1.0, depth=-3.0, draggable=False, flipHoriz=False, flipVert=False, font='Arial', fontFiles=[], height=0.05, italic=False, languageStyle='LTR', name='text_10', opacity=1, ori=0.0, pos=array([0., 0.]), rgb=UNKNOWN, text='+', units='height', win=Window(...), wrapWidth=1)
9.0445 	EXP 	Created text_12 = TextStim(__class__=<class 'psychopy.visual.text.TextStim'>, alignHoriz=method-wrapper(...), alignText='center', alignVert=method-wrapper(...), anchorHoriz='center', anchorVert='center', antialias=True, autoDraw=False, autoLog=True, bold=False, color=array([1., 1., 1.]), colorSpace='rgb', contrast=1.0, depth=-4.0, draggable=False, flipHoriz=False, flipVert=False, font='Arial', fontFiles=[], height=0.05, italic=False, languageStyle='LTR', name='text_12', opacity=1, ori=0.0, pos=array([0., 0.]), rgb=UNKNOWN, text=str(...), units='height', win=Window(...), wrapWidth=1)
9.0450 	EXP 	Created text_7 = TextStim(__class__=<class 'psychopy.visual.text.TextStim'>, alignHoriz=method-wrapper(...), alignText='center', alignVert=method-wrapper(...), anchorHoriz='center', anchorVert='center', antialias=True, autoDraw=False, autoLog=True, bold=False, color=array([1., 1., 1.]), colorSpace='rgb', contrast=1.0, depth=-1.0, draggable=False, flipHoriz=False, flipVert=False, font='Arial', fontFiles=[], height=0.05, italic=False, languageStyle='LTR', name='text_7', opacity=1, ori=0.0, pos=array([0., 0.]), rgb=UNKNOWN, text='', units='height', win=Window(...), wrapWidth=1)
9.0462 	EXP 	Created text_14 = TextStim(__class__=<class 'psychopy.visual.text.TextStim'>, alignHoriz=method-wrapper(...), alignText='center', alignVert=method-wrapper(...), anchorHoriz='center', anchorVert='center', antialias=True, autoDraw=False, autoLog=True, bold=False, color=array([1., 1., 1.]), colorSpace='rgb', contrast=1.0, depth=-3.0, draggable=False, flipHoriz=False, flipVert=False, font='Arial', fontFiles=[], height=0.05, italic=False, languageStyle='LTR', name='text_14', opacity=1, ori=0.0, pos=array([ 0. , -0.5]), rgb=UNKNOWN, text='penis', units='height', win=Window(...), wrapWidth=1)
9.0507 	EXP 	Created text_13 = TextStim(__class__=<class 'psychopy.visual.text.TextStim'>, alignHoriz=method-wrapper(...), alignText='center', alignVert=method-wrapper(...), anchorHoriz='center', anchorVert='center', antialias=True, autoDraw=False, autoLog=True, bold=False, color=array([1., 1., 1.]), colorSpace='rgb', contrast=1.0, depth=0.0, draggable=False, flipHoriz=False, flipVert=False, font='Arial', fontFiles=[], height=0.05, italic=False, languageStyle='LTR', name='text_13', opacity=1, ori=0.0, pos=array([0., 0.]), rgb=UNKNOWN, text=str(...), units='height', win=Window(...), wrapWidth=1)
9.0522 	EXP 	Created surround_grating = GratingStim(__class__=<class 'psychopy.visual.grating.GratingStim'>, anchor='center', autoDraw=False, autoLog=True, blendmode='avg', color=array([1., 1., 1.]), colorSpace='rgb', contrast=1.0, depth=-1.0, draggable=False, interpolate=True, mask='circle', maskParams=None, name='surround_grating', opacity=1, ori=1.0, phase=array([0., 0.]), pos=array([0., 0.]), rgbPedestal=array([0., 0., 0.]), sf=array([1.5, 1.5]), size=array([6., 6.]), tex='sin', texRes=128.0, units='deg', win=Window(...))
9.0536 	EXP 	Created center_grating = GratingStim(__class__=<class 'psychopy.visual.grating.GratingStim'>, anchor='center', autoDraw=False, autoLog=True, blendmode='avg', color=array([1., 1., 1.]), colorSpace='rgb', contrast=1.0, depth=-2.0, draggable=False, interpolate=True, mask='circle', maskParams=None, name='center_grating', opacity=1, ori=1.0, phase=array([0., 0.]), pos=array([0., 0.]), rgbPedestal=array([0., 0., 0.]), sf=array([1.5, 1.5]), size=array([2., 2.]), tex='sin', texRes=128.0, units='deg', win=Window(...))
9.0548 	EXP 	Created text_2 = TextStim(__class__=<class 'psychopy.visual.text.TextStim'>, alignHoriz=method-wrapper(...), alignText='center', alignVert=method-wrapper(...), anchorHoriz='center', anchorVert='center', antialias=True, autoDraw=False, autoLog=True, bold=False, color=array([1., 1., 1.]), colorSpace='rgb', contrast=1.0, depth=-4.0, draggable=False, flipHoriz=False, flipVert=False, font='Arial', fontFiles=[], height=0.05, italic=False, languageStyle='LTR', name='text_2', opacity=1, ori=0.0, pos=array([0., 0.]), rgb=UNKNOWN, text='+', units='height', win=Window(...), wrapWidth=1)
9.0571 	EXP 	Created text_3 = TextStim(__class__=<class 'psychopy.visual.text.TextStim'>, alignHoriz=method-wrapper(...), alignText='center', alignVert=method-wrapper(...), anchorHoriz='center', anchorVert='center', antialias=True, autoDraw=False, autoLog=True, bold=False, color=array([1., 1., 1.]), colorSpace='rgb', contrast=1.0, depth=-5.0, draggable=False, flipHoriz=False, flipVert=False, font='Arial', fontFiles=[], height=0.05, italic=False, languageStyle='LTR', name='text_3', opacity=1, ori=0.0, pos=array([0., 0.]), rgb=UNKNOWN, text=str(...), units='height', win=Window(...), wrapWidth=1)
9.0589 	EXP 	Created text_4 = TextStim(__class__=<class 'psychopy.visual.text.TextStim'>, alignHoriz=method-wrapper(...), alignText='center', alignVert=method-wrapper(...), anchorHoriz='center', anchorVert='center', antialias=True, autoDraw=False, autoLog=True, bold=False, color=array([1., 1., 1.]), colorSpace='rgb', contrast=1.0, depth=0.0, draggable=False, flipHoriz=False, flipVert=False, font='Arial', fontFiles=[], height=0.05, italic=False, languageStyle='LTR', name='text_4', opacity=1, ori=0.0, pos=array([0., 0.]), rgb=UNKNOWN, text='thank you and have a pleasant day ', units='height', win=Window(...), wrapWidth=1)
0.0392 	INFO 	Keyboard events cleared
0.0389 	EXP 	text_5: autoDraw = True
0.6550 	DATA 	Keypress: space
0.6584 	INFO 	Keyboard events cleared
0.6581 	WARNING 	t of last frame was 35.86ms (=1/27)
0.6581 	EXP 	text_5: autoDraw = False
0.6581 	EXP 	text_6: autoDraw = True
0.8290 	DEBUG 	Read csv file with pandas: tilt_practice_1.csv
0.8299 	DEBUG 	Clearing unnamed columns from tilt_practice_1.csv
0.8303 	EXP 	Imported tilt_practice_1.csv as conditions, 4 conditions, 4 params
0.8306 	EXP 	New trial (rep=0, index=0): <Trial 0 (0 in rep 0) data={'center': 30, 'surround': 0, 'corrAns': 'right', 'enzymes': 1, 'thisN': 0, 'thisTrialN': 0, 'thisRepN': 0}>
0.8374 	DATA 	Keypress: space
0.8401 	INFO 	Keyboard events cleared
0.8398 	EXP 	text_6: autoDraw = False
0.8398 	EXP 	surround_practice: ori = 0.0
0.8398 	EXP 	center_practice: ori = 30.0
0.8398 	EXP 	text_9: autoDraw = True
1.0089 	DATA 	Keypress: space
1.3260 	EXP 	surround_practice: autoDraw = True
1.3260 	EXP 	center_practice: autoDraw = True
1.3260 	EXP 	surround_practice: tex = 'sin'
1.3260 	EXP 	center_practice: tex = 'sin'
1.3346 	EXP 	text_9: autoDraw = False
2.3237 	EXP 	surround_practice: autoDraw = False
2.3237 	EXP 	center_practice: autoDraw = False
2.3237 	EXP 	text_11: autoDraw = True
4.0882 	DATA 	Keypress: right
4.1008 	INFO 	Keyboard events cleared
4.1005 	WARNING 	t of last frame was 63.90ms (=1/15)
4.1005 	EXP 	surround_practice: autoDraw = False
4.1005 	EXP 	center_practice: autoDraw = False
4.1005 	EXP 	text_9: autoDraw = False
4.1005 	EXP 	text_11: autoDraw = False
4.1005 	EXP 	text_7: height = 0.05
4.1005 	EXP 	text_7: height = 0.05
4.1005 	EXP 	text_7: height = 0.05
4.1005 	EXP 	text_7: text = 'Correct. Press Spacebar.'
4.1005 	EXP 	text_7: autoDraw = True
4.1005 	EXP 	text_14: autoDraw = True
8.5917 	DATA 	Keypress: escape
8.6615 	EXP 	tilt_staircase: status = STOPPED
8.6712 	EXP 	text_7: autoDraw = False
8.6712 	EXP 	text_14: autoDraw = False
8.6730 	EXP 	tilt_staircase: status = STOPPED
8.6763 	INFO 	saved data to '/Users/bwinsto2/Downloads/data/721184_tilt_staircase_2025-08-13_17h04.38.287.csv'
8.6770 	INFO 	saved data to /Users/bwinsto2/Downloads/data/721184_tilt_staircase_2025-08-13_17h04.38.287.psydat
8.7715 	DEBUG 	Saving data for tilt_staircase ExperimentHandler
