17.7828 	DEBUG 	Fullscreen settings ignored as running in pilot mode.
17.7844 	INFO 	Loaded monitor calibration from ['2025_08_13 14:32']
17.9855 	EXP 	Created window1 = Window(allowGUI=False, allowStencil=False, autoLog=True, backendConf=UNKNOWN, backgroundFit=<method-wrapper '__getattribute__' of attributeSetter object at 0x7f8742062d90>, backgroundImage=<method-wrapper '__getattribute__' of attributeSetter object at 0x7f8742062ca0>, bitsMode=UNKNOWN, blendMode='avg', bpc=(8, 8, 8), color=array([0, 0, 0]), colorSpace='rgb', depthBits=8, fullscr=False, gamma=None, gammaErrorPolicy='raise', infoMsg=UNKNOWN, lms=UNKNOWN, monitor=<psychopy.monitors.calibTools.Monitor object at 0x7f87236e6760>, multiSample=False, name='window1', numSamples=2, pos=[320.0, 150.0], screen=0, size=array([1600, 1200]), stencilBits=0, stereo=False, title='PsychoPy', units='height', useFBO=True, useRetina=True, viewOri=0.0, viewPos=None, viewScale=None, waitBlanking=True, winType='pyglet')
17.9855 	EXP 	window1: backgroundImage = ''
17.9855 	EXP 	window1: backgroundFit = 'none'
17.9945 	DEBUG 	TextBox2 loaded 1 chars with 0 blanks and 1 valid
17.9954 	DEBUG 	TextBox2 loaded 1 chars with 0 blanks and 1 valid
17.9961 	DEBUG 	TextBox2 loaded 1 chars with 0 blanks and 1 valid
17.9971 	DEBUG 	TextBox2 loaded 1 chars with 0 blanks and 1 valid
17.9980 	DEBUG 	TextBox2 loaded 1 chars with 0 blanks and 1 valid
17.9985 	DEBUG 	TextBox2 loaded 1 chars with 0 blanks and 1 valid
17.9993 	DEBUG 	TextBox2 loaded 1 chars with 0 blanks and 1 valid
18.0003 	DEBUG 	TextBox2 loaded 1 chars with 0 blanks and 1 valid
18.0007 	DEBUG 	TextBox2 loaded 1 chars with 0 blanks and 1 valid
18.0012 	DEBUG 	TextBox2 loaded 1 chars with 0 blanks and 1 valid
18.0020 	DEBUG 	TextBox2 loaded 1 chars with 0 blanks and 1 valid
18.0028 	DEBUG 	TextBox2 loaded 1 chars with 0 blanks and 1 valid
18.0035 	DEBUG 	TextBox2 loaded 1 chars with 0 blanks and 1 valid
18.0042 	DEBUG 	TextBox2 loaded 1 chars with 0 blanks and 1 valid
18.0049 	DEBUG 	TextBox2 loaded 1 chars with 0 blanks and 1 valid
18.0056 	DEBUG 	TextBox2 loaded 1 chars with 0 blanks and 1 valid
18.0064 	DEBUG 	TextBox2 loaded 1 chars with 0 blanks and 1 valid
18.0069 	DEBUG 	TextBox2 loaded 1 chars with 0 blanks and 1 valid
18.0074 	DEBUG 	TextBox2 loaded 1 chars with 0 blanks and 1 valid
18.0084 	DEBUG 	TextBox2 loaded 1 chars with 0 blanks and 1 valid
18.0088 	DEBUG 	TextBox2 loaded 1 chars with 0 blanks and 1 valid
18.0090 	DEBUG 	Uploading Texture Font fontname to graphics card
18.0126 	DEBUG 	Upload of Texture Font fontname complete
18.0179 	DEBUG 	TextBox2 loaded 1 chars with 0 blanks and 1 valid
18.0190 	DEBUG 	TextBox2 loaded 1 chars with 0 blanks and 1 valid
18.0200 	DEBUG 	TextBox2 loaded 1 chars with 0 blanks and 1 valid
18.0201 	DEBUG 	Uploading Texture Font fontname to graphics card
18.0220 	DEBUG 	Upload of Texture Font fontname complete
18.0236 	EXP 	window1: Attempting to measure frame rate of screen (0) ...
18.0236 	EXP 	window1: recordFrameIntervals = False
18.2255 	EXP 	window1: recordFrameIntervals = True
19.0597 	WARNING 	Couldn't measure a consistent frame rate!
  - Is your graphics card set to sync to vertical blank?
  - Are you running other processes on your computer?

19.0717 	DEBUG 	TextBox2 loaded 1 chars with 0 blanks and 1 valid
19.0729 	DEBUG 	TextBox2 loaded 1 chars with 0 blanks and 1 valid
19.0745 	DEBUG 	TextBox2 loaded 1 chars with 0 blanks and 1 valid
19.0766 	DEBUG 	TextBox2 loaded 1 chars with 0 blanks and 1 valid
19.0784 	DEBUG 	TextBox2 loaded 1 chars with 0 blanks and 1 valid
19.0803 	DEBUG 	TextBox2 loaded 1 chars with 0 blanks and 1 valid
19.0814 	DEBUG 	TextBox2 loaded 1 chars with 0 blanks and 1 valid
19.0830 	DEBUG 	TextBox2 loaded 1 chars with 0 blanks and 1 valid
19.0849 	DEBUG 	TextBox2 loaded 1 chars with 0 blanks and 1 valid
19.0866 	DEBUG 	TextBox2 loaded 1 chars with 0 blanks and 1 valid
19.0870 	DEBUG 	Uploading Texture Font fontname to graphics card
19.0913 	DEBUG 	Upload of Texture Font fontname complete
19.1183 	WARNING 	launchHubServer: If using the iohub mouse or eyetracker devices, fullScr should be True.
22.6975 	INFO 	keyboard.Keyboard is using iohub backend.
22.6975 	INFO 	keyboard.Keyboard is using iohub backend.
22.6975 	INFO 	keyboard.Keyboard is using iohub backend.
22.6975 	INFO 	keyboard.Keyboard is using iohub backend.
22.6976 	INFO 	keyboard.Keyboard is using iohub backend.
22.6976 	INFO 	keyboard.Keyboard is using iohub backend.
22.6976 	INFO 	keyboard.Keyboard is using iohub backend.
22.6976 	INFO 	keyboard.Keyboard is using iohub backend.
22.6976 	INFO 	keyboard.Keyboard is using iohub backend.
22.6976 	INFO 	keyboard.Keyboard is using iohub backend.
22.6977 	EXP 	tilt_staircase: status = STARTED
22.7421 	EXP 	Created text_5 = TextStim(__class__=<class 'psychopy.visual.text.TextStim'>, alignHoriz=method-wrapper(...), alignText='center', alignVert=method-wrapper(...), anchorHoriz='center', anchorVert='center', antialias=True, autoDraw=False, autoLog=True, bold=False, color=array([1., 1., 1.]), colorSpace='rgb', contrast=1.0, depth=0.0, draggable=False, flipHoriz=False, flipVert=False, font='Arial', fontFiles=[], height=0.05, italic=False, languageStyle='LTR', name='text_5', opacity=1, ori=0.0, pos=array([0., 0.]), rgb=UNKNOWN, text=str(...), units='height', win=Window(...), wrapWidth=1)
22.7490 	EXP 	Created text_6 = TextStim(__class__=<class 'psychopy.visual.text.TextStim'>, alignHoriz=method-wrapper(...), alignText='center', alignVert=method-wrapper(...), anchorHoriz='center', anchorVert='center', antialias=True, autoDraw=False, autoLog=True, bold=False, color=array([1., 1., 1.]), colorSpace='rgb', contrast=1.0, depth=0.0, draggable=False, flipHoriz=False, flipVert=False, font='Arial', fontFiles=[], height=0.05, italic=False, languageStyle='LTR', name='text_6', opacity=1, ori=0.0, pos=array([0., 0.]), rgb=UNKNOWN, text=str(...), units='height', win=Window(...), wrapWidth=1)
22.7511 	EXP 	Created surround_practice_3 = GratingStim(__class__=<class 'psychopy.visual.grating.GratingStim'>, anchor='center', autoDraw=False, autoLog=True, blendmode='avg', color=array([1., 1., 1.]), colorSpace='rgb', contrast=1.0, depth=0.0, draggable=False, interpolate=True, mask='circle', maskParams=None, name='surround_practice_3', opacity=1, ori=30.0, phase=array([0., 0.]), pos=array([0., 0.]), rgbPedestal=array([0., 0., 0.]), sf=array([8.5, 8.5]), size=array([0.8, 0.8]), tex='sin', texRes=128.0, units='height', win=Window(...))
22.7525 	EXP 	Created center_practice_3 = GratingStim(__class__=<class 'psychopy.visual.grating.GratingStim'>, anchor='center', autoDraw=False, autoLog=True, blendmode='avg', color=array([1., 1., 1.]), colorSpace='rgb', contrast=1.0, depth=-1.0, draggable=False, interpolate=True, mask='circle', maskParams=None, name='center_practice_3', opacity=1, ori=0.0, phase=array([0., 0.]), pos=array([0., 0.]), rgbPedestal=array([0., 0., 0.]), sf=array([4., 4.]), size=array([0.25, 0.25]), tex='sin', texRes=128.0, units='height', win=Window(...))
22.7539 	EXP 	Created surround_practice = GratingStim(__class__=<class 'psychopy.visual.grating.GratingStim'>, anchor='center', autoDraw=False, autoLog=True, blendmode='avg', color=array([1., 1., 1.]), colorSpace='rgb', contrast=1.0, depth=0.0, draggable=False, interpolate=True, mask='circle', maskParams=None, name='surround_practice', opacity=1, ori=1.0, phase=array([0., 0.]), pos=array([0., 0.]), rgbPedestal=array([0., 0., 0.]), sf=array([8.5, 8.5]), size=array([0.8, 0.8]), tex='sin', texRes=128.0, units='height', win=Window(...))
22.7552 	EXP 	Created center_practice = GratingStim(__class__=<class 'psychopy.visual.grating.GratingStim'>, anchor='center', autoDraw=False, autoLog=True, blendmode='avg', color=array([1., 1., 1.]), colorSpace='rgb', contrast=1.0, depth=-1.0, draggable=False, interpolate=True, mask='circle', maskParams=None, name='center_practice', opacity=1, ori=1.0, phase=array([0., 0.]), pos=array([0., 0.]), rgbPedestal=array([0., 0., 0.]), sf=array([4., 4.]), size=array([0.25, 0.25]), tex='sin', texRes=128.0, units='height', win=Window(...))
22.7569 	EXP 	Created text_9 = TextStim(__class__=<class 'psychopy.visual.text.TextStim'>, alignHoriz=method-wrapper(...), alignText='center', alignVert=method-wrapper(...), anchorHoriz='center', anchorVert='center', antialias=True, autoDraw=False, autoLog=True, bold=False, color=array([1., 1., 1.]), colorSpace='rgb', contrast=1.0, depth=-3.0, draggable=False, flipHoriz=False, flipVert=False, font='Arial', fontFiles=[], height=0.05, italic=False, languageStyle='LTR', name='text_9', opacity=1, ori=0.0, pos=array([0., 0.]), rgb=UNKNOWN, text='+', units='height', win=Window(...), wrapWidth=1)
22.7603 	EXP 	Created text_11 = TextStim(__class__=<class 'psychopy.visual.text.TextStim'>, alignHoriz=method-wrapper(...), alignText='center', alignVert=method-wrapper(...), anchorHoriz='center', anchorVert='center', antialias=True, autoDraw=False, autoLog=True, bold=False, color=array([1., 1., 1.]), colorSpace='rgb', contrast=1.0, depth=-4.0, draggable=False, flipHoriz=False, flipVert=False, font='Arial', fontFiles=[], height=0.05, italic=False, languageStyle='LTR', name='text_11', opacity=1, ori=0.0, pos=array([0., 0.]), rgb=UNKNOWN, text=str(...), units='height', win=Window(...), wrapWidth=1)
22.7608 	EXP 	Created text_7 = TextStim(__class__=<class 'psychopy.visual.text.TextStim'>, alignHoriz=method-wrapper(...), alignText='center', alignVert=method-wrapper(...), anchorHoriz='center', anchorVert='center', antialias=True, autoDraw=False, autoLog=True, bold=False, color=array([1., 1., 1.]), colorSpace='rgb', contrast=1.0, depth=-1.0, draggable=False, flipHoriz=False, flipVert=False, font='Arial', fontFiles=[], height=0.05, italic=False, languageStyle='LTR', name='text_7', opacity=1, ori=0.0, pos=array([0., 0.]), rgb=UNKNOWN, text='', units='height', win=Window(...), wrapWidth=1)
22.7675 	EXP 	Created text_8 = TextStim(__class__=<class 'psychopy.visual.text.TextStim'>, alignHoriz=method-wrapper(...), alignText='center', alignVert=method-wrapper(...), anchorHoriz='center', anchorVert='center', antialias=True, autoDraw=False, autoLog=True, bold=False, color=array([1., 1., 1.]), colorSpace='rgb', contrast=1.0, depth=0.0, draggable=False, flipHoriz=False, flipVert=False, font='Arial', fontFiles=[], height=0.05, italic=False, languageStyle='LTR', name='text_8', opacity=1, ori=0.0, pos=array([0., 0.]), rgb=UNKNOWN, text=str(...), units='height', win=Window(...), wrapWidth=1)
22.7691 	EXP 	Created surround_practice_2 = GratingStim(__class__=<class 'psychopy.visual.grating.GratingStim'>, anchor='center', autoDraw=False, autoLog=True, blendmode='avg', color=array([1., 1., 1.]), colorSpace='rgb', contrast=1.0, depth=0.0, draggable=False, interpolate=True, mask='circle', maskParams=None, name='surround_practice_2', opacity=1.0, ori=1.0, phase=array([0., 0.]), pos=array([0., 0.]), rgbPedestal=array([0., 0., 0.]), sf=array([8.5, 8.5]), size=array([0.8, 0.8]), tex='sin', texRes=128.0, units='height', win=Window(...))
22.7706 	EXP 	Created center_practice_2 = GratingStim(__class__=<class 'psychopy.visual.grating.GratingStim'>, anchor='center', autoDraw=False, autoLog=True, blendmode='avg', color=array([1., 1., 1.]), colorSpace='rgb', contrast=1.0, depth=-1.0, draggable=False, interpolate=True, mask='circle', maskParams=None, name='center_practice_2', opacity=1, ori=1.0, phase=array([0., 0.]), pos=array([0., 0.]), rgbPedestal=array([0., 0., 0.]), sf=array([4., 4.]), size=array([0.25, 0.25]), tex='sin', texRes=128.0, units='height', win=Window(...))
22.7719 	EXP 	Created text_10 = TextStim(__class__=<class 'psychopy.visual.text.TextStim'>, alignHoriz=method-wrapper(...), alignText='center', alignVert=method-wrapper(...), anchorHoriz='center', anchorVert='center', antialias=True, autoDraw=False, autoLog=True, bold=False, color=array([1., 1., 1.]), colorSpace='rgb', contrast=1.0, depth=-3.0, draggable=False, flipHoriz=False, flipVert=False, font='Arial', fontFiles=[], height=0.05, italic=False, languageStyle='LTR', name='text_10', opacity=1, ori=0.0, pos=array([0., 0.]), rgb=UNKNOWN, text='+', units='height', win=Window(...), wrapWidth=1)
22.7743 	EXP 	Created text_12 = TextStim(__class__=<class 'psychopy.visual.text.TextStim'>, alignHoriz=method-wrapper(...), alignText='center', alignVert=method-wrapper(...), anchorHoriz='center', anchorVert='center', antialias=True, autoDraw=False, autoLog=True, bold=False, color=array([1., 1., 1.]), colorSpace='rgb', contrast=1.0, depth=-4.0, draggable=False, flipHoriz=False, flipVert=False, font='Arial', fontFiles=[], height=0.05, italic=False, languageStyle='LTR', name='text_12', opacity=1, ori=0.0, pos=array([0., 0.]), rgb=UNKNOWN, text=str(...), units='height', win=Window(...), wrapWidth=1)
22.7749 	EXP 	Created text_7 = TextStim(__class__=<class 'psychopy.visual.text.TextStim'>, alignHoriz=method-wrapper(...), alignText='center', alignVert=method-wrapper(...), anchorHoriz='center', anchorVert='center', antialias=True, autoDraw=False, autoLog=True, bold=False, color=array([1., 1., 1.]), colorSpace='rgb', contrast=1.0, depth=-1.0, draggable=False, flipHoriz=False, flipVert=False, font='Arial', fontFiles=[], height=0.05, italic=False, languageStyle='LTR', name='text_7', opacity=1, ori=0.0, pos=array([0., 0.]), rgb=UNKNOWN, text='', units='height', win=Window(...), wrapWidth=1)
22.7793 	EXP 	Created text_13 = TextStim(__class__=<class 'psychopy.visual.text.TextStim'>, alignHoriz=method-wrapper(...), alignText='center', alignVert=method-wrapper(...), anchorHoriz='center', anchorVert='center', antialias=True, autoDraw=False, autoLog=True, bold=False, color=array([1., 1., 1.]), colorSpace='rgb', contrast=1.0, depth=0.0, draggable=False, flipHoriz=False, flipVert=False, font='Arial', fontFiles=[], height=0.05, italic=False, languageStyle='LTR', name='text_13', opacity=1, ori=0.0, pos=array([0., 0.]), rgb=UNKNOWN, text=str(...), units='height', win=Window(...), wrapWidth=1)
22.7807 	EXP 	Created surround_grating = GratingStim(__class__=<class 'psychopy.visual.grating.GratingStim'>, anchor='center', autoDraw=False, autoLog=True, blendmode='avg', color=array([1., 1., 1.]), colorSpace='rgb', contrast=1.0, depth=-1.0, draggable=False, interpolate=True, mask='circle', maskParams=None, name='surround_grating', opacity=1.0, ori=1.0, phase=array([0., 0.]), pos=array([0., 0.]), rgbPedestal=array([0., 0., 0.]), sf=array([8.5, 8.5]), size=array([0.8, 0.8]), tex='sin', texRes=128.0, units='height', win=Window(...))
22.7821 	EXP 	Created center_grating = GratingStim(__class__=<class 'psychopy.visual.grating.GratingStim'>, anchor='center', autoDraw=False, autoLog=True, blendmode='avg', color=array([1., 1., 1.]), colorSpace='rgb', contrast=1.0, depth=-2.0, draggable=False, interpolate=True, mask='circle', maskParams=None, name='center_grating', opacity=1, ori=1.0, phase=array([0., 0.]), pos=array([0., 0.]), rgbPedestal=array([0., 0., 0.]), sf=array([4., 4.]), size=array([0.25, 0.25]), tex='sin', texRes=128.0, units='height', win=Window(...))
22.7833 	EXP 	Created text_2 = TextStim(__class__=<class 'psychopy.visual.text.TextStim'>, alignHoriz=method-wrapper(...), alignText='center', alignVert=method-wrapper(...), anchorHoriz='center', anchorVert='center', antialias=True, autoDraw=False, autoLog=True, bold=False, color=array([1., 1., 1.]), colorSpace='rgb', contrast=1.0, depth=-4.0, draggable=False, flipHoriz=False, flipVert=False, font='Arial', fontFiles=[], height=0.05, italic=False, languageStyle='LTR', name='text_2', opacity=1, ori=0.0, pos=array([0., 0.]), rgb=UNKNOWN, text='+', units='height', win=Window(...), wrapWidth=1)
22.7856 	EXP 	Created text_3 = TextStim(__class__=<class 'psychopy.visual.text.TextStim'>, alignHoriz=method-wrapper(...), alignText='center', alignVert=method-wrapper(...), anchorHoriz='center', anchorVert='center', antialias=True, autoDraw=False, autoLog=True, bold=False, color=array([1., 1., 1.]), colorSpace='rgb', contrast=1.0, depth=-5.0, draggable=False, flipHoriz=False, flipVert=False, font='Arial', fontFiles=[], height=0.05, italic=False, languageStyle='LTR', name='text_3', opacity=1, ori=0.0, pos=array([0., 0.]), rgb=UNKNOWN, text=str(...), units='height', win=Window(...), wrapWidth=1)
22.7874 	EXP 	Created text_4 = TextStim(__class__=<class 'psychopy.visual.text.TextStim'>, alignHoriz=method-wrapper(...), alignText='center', alignVert=method-wrapper(...), anchorHoriz='center', anchorVert='center', antialias=True, autoDraw=False, autoLog=True, bold=False, color=array([1., 1., 1.]), colorSpace='rgb', contrast=1.0, depth=0.0, draggable=False, flipHoriz=False, flipVert=False, font='Arial', fontFiles=[], height=0.05, italic=False, languageStyle='LTR', name='text_4', opacity=1, ori=0.0, pos=array([0., 0.]), rgb=UNKNOWN, text='thank you and have a pleasant day ', units='height', win=Window(...), wrapWidth=1)
0.0157 	INFO 	Keyboard events cleared
0.0154 	EXP 	text_5: autoDraw = True
0.8808 	DATA 	Keypress: space
0.8840 	WARNING 	t of last frame was 41.64ms (=1/24)
0.8917 	INFO 	Keyboard events cleared
0.8914 	EXP 	text_5: autoDraw = False
0.8914 	EXP 	text_6: autoDraw = True
1.2189 	DATA 	Keypress: space
1.2218 	INFO 	Keyboard events cleared
1.2215 	EXP 	text_6: autoDraw = False
1.2215 	EXP 	surround_practice_3: autoDraw = True
1.2215 	EXP 	center_practice_3: autoDraw = True
1.2215 	EXP 	surround_practice_3: tex = 'sin'
1.2215 	EXP 	center_practice_3: tex = 'sin'
3.4009 	WARNING 	t of last frame was 29.72ms (=1/33)
4.3073 	WARNING 	t of last frame was 35.54ms (=1/28)
4.4836 	WARNING 	t of last frame was 24.79ms (=1/40)
10.0837 	WARNING 	Multiple dropped frames have occurred - I'll stop bothering you about them!
33.1464 	DATA 	Keypress: escape
33.2907 	EXP 	tilt_staircase: status = STOPPED
33.2931 	EXP 	surround_practice_3: autoDraw = False
33.2931 	EXP 	center_practice_3: autoDraw = False
33.2949 	EXP 	tilt_staircase: status = STOPPED
33.2991 	INFO 	saved data to '/Users/bwinsto2/Downloads/data/722927_tilt_staircase_2025-08-14_15h10.45.981.csv'
33.2997 	INFO 	saved data to /Users/bwinsto2/Downloads/data/722927_tilt_staircase_2025-08-14_15h10.45.981.psydat
33.6551 	DEBUG 	Saving data for tilt_staircase ExperimentHandler
