23.1297 	INFO 	Loaded monitor calibration from ['2025_08_13 14:32']
23.3377 	EXP 	Created window1 = Window(allowGUI=True, allowStencil=False, autoLog=True, backendConf=UNKNOWN, backgroundFit=<method-wrapper '__getattribute__' of attributeSetter object at 0x7f77ea171cd0>, backgroundImage=<method-wrapper '__getattribute__' of attributeSetter object at 0x7f77ea171bb0>, bitsMode=UNKNOWN, blendMode='avg', bpc=(8, 8, 8), color=array([0, 0, 0]), colorSpace='rgb', depthBits=8, fullscr=False, gamma=None, gammaErrorPolicy='raise', infoMsg=UNKNOWN, lms=UNKNOWN, monitor=<psychopy.monitors.calibTools.Monitor object at 0x7f77ea19b6d0>, multiSample=False, name='window1', numSamples=2, pos=[320.0, 150.0], screen=0, size=array([1600, 1200]), stencilBits=0, stereo=False, title='PsychoPy', units='deg', useFBO=True, useRetina=True, viewOri=0.0, viewPos=None, viewScale=None, waitBlanking=True, winType='pyglet')
23.3377 	EXP 	window1: backgroundImage = ''
23.3377 	EXP 	window1: backgroundFit = 'none'
23.3466 	DEBUG 	TextBox2 loaded 1 chars with 0 blanks and 1 valid
23.3474 	DEBUG 	TextBox2 loaded 1 chars with 0 blanks and 1 valid
23.3481 	DEBUG 	TextBox2 loaded 1 chars with 0 blanks and 1 valid
23.3491 	DEBUG 	TextBox2 loaded 1 chars with 0 blanks and 1 valid
23.3500 	DEBUG 	TextBox2 loaded 1 chars with 0 blanks and 1 valid
23.3506 	DEBUG 	TextBox2 loaded 1 chars with 0 blanks and 1 valid
23.3513 	DEBUG 	TextBox2 loaded 1 chars with 0 blanks and 1 valid
23.3523 	DEBUG 	TextBox2 loaded 1 chars with 0 blanks and 1 valid
23.3527 	DEBUG 	TextBox2 loaded 1 chars with 0 blanks and 1 valid
23.3531 	DEBUG 	TextBox2 loaded 1 chars with 0 blanks and 1 valid
23.3539 	DEBUG 	TextBox2 loaded 1 chars with 0 blanks and 1 valid
23.3546 	DEBUG 	TextBox2 loaded 1 chars with 0 blanks and 1 valid
23.3553 	DEBUG 	TextBox2 loaded 1 chars with 0 blanks and 1 valid
23.3561 	DEBUG 	TextBox2 loaded 1 chars with 0 blanks and 1 valid
23.3568 	DEBUG 	TextBox2 loaded 1 chars with 0 blanks and 1 valid
23.3576 	DEBUG 	TextBox2 loaded 1 chars with 0 blanks and 1 valid
23.3584 	DEBUG 	TextBox2 loaded 1 chars with 0 blanks and 1 valid
23.3589 	DEBUG 	TextBox2 loaded 1 chars with 0 blanks and 1 valid
23.3594 	DEBUG 	TextBox2 loaded 1 chars with 0 blanks and 1 valid
23.3604 	DEBUG 	TextBox2 loaded 1 chars with 0 blanks and 1 valid
23.3609 	DEBUG 	TextBox2 loaded 1 chars with 0 blanks and 1 valid
23.3611 	DEBUG 	Uploading Texture Font fontname to graphics card
23.3647 	DEBUG 	Upload of Texture Font fontname complete
23.3712 	DEBUG 	TextBox2 loaded 1 chars with 0 blanks and 1 valid
23.3722 	DEBUG 	TextBox2 loaded 1 chars with 0 blanks and 1 valid
23.3732 	DEBUG 	TextBox2 loaded 1 chars with 0 blanks and 1 valid
23.3734 	DEBUG 	Uploading Texture Font fontname to graphics card
23.3753 	DEBUG 	Upload of Texture Font fontname complete
23.3768 	EXP 	window1: Attempting to measure frame rate of screen (0) ...
23.3768 	EXP 	window1: recordFrameIntervals = False
23.5543 	EXP 	window1: recordFrameIntervals = True
24.3911 	WARNING 	Couldn't measure a consistent frame rate!
  - Is your graphics card set to sync to vertical blank?
  - Are you running other processes on your computer?

24.4010 	DEBUG 	TextBox2 loaded 1 chars with 0 blanks and 1 valid
24.4021 	DEBUG 	TextBox2 loaded 1 chars with 0 blanks and 1 valid
24.4037 	DEBUG 	TextBox2 loaded 1 chars with 0 blanks and 1 valid
24.4055 	DEBUG 	TextBox2 loaded 1 chars with 0 blanks and 1 valid
24.4072 	DEBUG 	TextBox2 loaded 1 chars with 0 blanks and 1 valid
24.4090 	DEBUG 	TextBox2 loaded 1 chars with 0 blanks and 1 valid
24.4099 	DEBUG 	TextBox2 loaded 1 chars with 0 blanks and 1 valid
24.4112 	DEBUG 	TextBox2 loaded 1 chars with 0 blanks and 1 valid
24.4129 	DEBUG 	TextBox2 loaded 1 chars with 0 blanks and 1 valid
24.4145 	DEBUG 	TextBox2 loaded 1 chars with 0 blanks and 1 valid
24.4149 	DEBUG 	Uploading Texture Font fontname to graphics card
24.4188 	DEBUG 	Upload of Texture Font fontname complete
24.4427 	WARNING 	launchHubServer: If using the iohub mouse or eyetracker devices, fullScr should be True.
28.0226 	INFO 	keyboard.Keyboard is using iohub backend.
28.0226 	INFO 	keyboard.Keyboard is using iohub backend.
28.0226 	INFO 	keyboard.Keyboard is using iohub backend.
28.0227 	EXP 	tilt_staircase: status = STARTED
28.0281 	EXP 	Created surround = GratingStim(__class__=<class 'psychopy.visual.grating.GratingStim'>, anchor='center', autoDraw=False, autoLog=True, blendmode='avg', color=array([1., 1., 1.]), colorSpace='rgb', contrast=1.0, depth=-1.0, draggable=False, interpolate=True, mask='circle', maskParams=None, name='surround', opacity=1, ori=1.0, phase=array([0., 0.]), pos=array([0., 0.]), rgbPedestal=array([0., 0., 0.]), sf=array([1.5, 1.5]), size=array([5., 5.]), tex='sin', texRes=128.0, units='deg', win=Window(...))
28.0295 	EXP 	Created center = GratingStim(__class__=<class 'psychopy.visual.grating.GratingStim'>, anchor='center', autoDraw=False, autoLog=True, blendmode='avg', color=array([1., 1., 1.]), colorSpace='rgb', contrast=1.0, depth=-2.0, draggable=False, interpolate=True, mask='circle', maskParams=None, name='center', opacity=1, ori=1.0, phase=array([0., 0.]), pos=array([0., 0.]), rgbPedestal=array([0., 0., 0.]), sf=array([1.5, 1.5]), size=array([2., 2.]), tex='sin', texRes=128.0, units='deg', win=Window(...))
28.0538 	EXP 	Created text_2 = TextStim(__class__=<class 'psychopy.visual.text.TextStim'>, alignHoriz=method-wrapper(...), alignText='center', alignVert=method-wrapper(...), anchorHoriz='center', anchorVert='center', antialias=True, autoDraw=False, autoLog=True, bold=False, color=array([1., 1., 1.]), colorSpace='rgb', contrast=1.0, depth=-4.0, draggable=False, flipHoriz=False, flipVert=False, font='Arial', fontFiles=[], height=0.05, italic=False, languageStyle='LTR', name='text_2', opacity=1, ori=0.0, pos=array([0., 0.]), rgb=UNKNOWN, text='+', units='deg', win=Window(...), wrapWidth=15.0)
28.0602 	EXP 	Created text_3 = TextStim(__class__=<class 'psychopy.visual.text.TextStim'>, alignHoriz=method-wrapper(...), alignText='center', alignVert=method-wrapper(...), anchorHoriz='center', anchorVert='center', antialias=True, autoDraw=False, autoLog=True, bold=False, color=array([1., 1., 1.]), colorSpace='rgb', contrast=1.0, depth=-5.0, draggable=False, flipHoriz=False, flipVert=False, font='Arial', fontFiles=[], height=0.05, italic=False, languageStyle='LTR', name='text_3', opacity=1, ori=0.0, pos=array([0., 0.]), rgb=UNKNOWN, text=str(...), units='deg', win=Window(...), wrapWidth=15.0)
28.0646 	EXP 	Created text_4 = TextStim(__class__=<class 'psychopy.visual.text.TextStim'>, alignHoriz=method-wrapper(...), alignText='center', alignVert=method-wrapper(...), anchorHoriz='center', anchorVert='center', antialias=True, autoDraw=False, autoLog=True, bold=False, color=array([1., 1., 1.]), colorSpace='rgb', contrast=1.0, depth=0.0, draggable=False, flipHoriz=False, flipVert=False, font='Arial', fontFiles=[], height=0.05, italic=False, languageStyle='LTR', name='text_4', opacity=1, ori=0.0, pos=array([0., 0.]), rgb=UNKNOWN, text='thank you and have a pleasant day ', units='deg', win=Window(...), wrapWidth=15.0)
0.0175 	DEBUG 	Read csv file with pandas: tilt_staircase.csv
0.0186 	DEBUG 	Clearing unnamed columns from tilt_staircase.csv
0.0194 	EXP 	Imported tilt_staircase.csv as conditions, 2 conditions, 10 params
0.1078 	DEBUG 	Using /Applications/PsychoPy.app/Contents/Resources/lib/python3.8/psychopy/data/staircase.py as origin file
0.1080 	DEBUG 	Using /Applications/PsychoPy.app/Contents/Resources/lib/python3.8/psychopy/data/staircase.py as origin file
0.1139 	INFO 	Keyboard events cleared
0.1136 	WARNING 	t of last frame was 107.20ms (=1/9)
0.1136 	EXP 	surround: ori = 10.0
0.1136 	EXP 	center: ori = -20.0
0.1136 	EXP 	text_2: autoDraw = True
0.4967 	EXP 	surround: autoDraw = True
0.4967 	EXP 	center: autoDraw = True
0.4967 	EXP 	surround: tex = 'sin'
0.4967 	EXP 	center: tex = 'sin'
0.5755 	EXP 	surround: autoDraw = False
0.5755 	EXP 	center: autoDraw = False
0.5755 	EXP 	text_3: autoDraw = True
0.6081 	EXP 	text_2: autoDraw = False
2.9050 	WARNING 	t of last frame was 50.93ms (=1/19)
4.3900 	WARNING 	t of last frame was 33.83ms (=1/29)
5.1111 	DATA 	Keypress: escape
5.1255 	WARNING 	t of last frame was 71.89ms (=1/13)
5.1280 	EXP 	tilt_staircase: status = STOPPED
5.1303 	EXP 	text_3: autoDraw = False
5.1318 	EXP 	tilt_staircase: status = STOPPED
5.1332 	INFO 	saved data to '/Users/bwinsto2/Downloads/data/736555_tilt_staircase_2025-08-13_14h50.18.687.csv'
5.1340 	INFO 	saved data to /Users/bwinsto2/Downloads/data/736555_tilt_staircase_2025-08-13_14h50.18.687.psydat
5.4204 	DEBUG 	Saving data for tilt_staircase ExperimentHandler
