117.3501 	DEBUG 	Fullscreen settings ignored as running in pilot mode.
117.3517 	INFO 	Loaded monitor calibration from ['2025_08_13 14:32']
117.5574 	EXP 	Created window1 = Window(allowGUI=False, allowStencil=False, autoLog=True, backendConf=UNKNOWN, backgroundFit=<method-wrapper '__getattribute__' of attributeSetter object at 0x7fd8720e0df0>, backgroundImage=<method-wrapper '__getattribute__' of attributeSetter object at 0x7fd8720e0d00>, bitsMode=UNKNOWN, blendMode='avg', bpc=(8, 8, 8), color=array([0, 0, 0]), colorSpace='rgb', depthBits=8, fullscr=False, gamma=None, gammaErrorPolicy='raise', infoMsg=UNKNOWN, lms=UNKNOWN, monitor=<psychopy.monitors.calibTools.Monitor object at 0x7fd871c247c0>, multiSample=False, name='window1', numSamples=2, pos=[320.0, 150.0], screen=0, size=array([1600, 1200]), stencilBits=0, stereo=False, title='PsychoPy', units='height', useFBO=True, useRetina=True, viewOri=0.0, viewPos=None, viewScale=None, waitBlanking=True, winType='pyglet')
117.5575 	EXP 	window1: backgroundImage = ''
117.5575 	EXP 	window1: backgroundFit = 'none'
117.5675 	DEBUG 	TextBox2 loaded 1 chars with 0 blanks and 1 valid
117.5683 	DEBUG 	TextBox2 loaded 1 chars with 0 blanks and 1 valid
117.5691 	DEBUG 	TextBox2 loaded 1 chars with 0 blanks and 1 valid
117.5701 	DEBUG 	TextBox2 loaded 1 chars with 0 blanks and 1 valid
117.5711 	DEBUG 	TextBox2 loaded 1 chars with 0 blanks and 1 valid
117.5716 	DEBUG 	TextBox2 loaded 1 chars with 0 blanks and 1 valid
117.5723 	DEBUG 	TextBox2 loaded 1 chars with 0 blanks and 1 valid
117.5733 	DEBUG 	TextBox2 loaded 1 chars with 0 blanks and 1 valid
117.5737 	DEBUG 	TextBox2 loaded 1 chars with 0 blanks and 1 valid
117.5741 	DEBUG 	TextBox2 loaded 1 chars with 0 blanks and 1 valid
117.5747 	DEBUG 	TextBox2 loaded 1 chars with 0 blanks and 1 valid
117.5755 	DEBUG 	TextBox2 loaded 1 chars with 0 blanks and 1 valid
117.5765 	DEBUG 	TextBox2 loaded 1 chars with 0 blanks and 1 valid
117.5773 	DEBUG 	TextBox2 loaded 1 chars with 0 blanks and 1 valid
117.5781 	DEBUG 	TextBox2 loaded 1 chars with 0 blanks and 1 valid
117.5790 	DEBUG 	TextBox2 loaded 1 chars with 0 blanks and 1 valid
117.5798 	DEBUG 	TextBox2 loaded 1 chars with 0 blanks and 1 valid
117.5804 	DEBUG 	TextBox2 loaded 1 chars with 0 blanks and 1 valid
117.5815 	DEBUG 	TextBox2 loaded 1 chars with 0 blanks and 1 valid
117.5825 	DEBUG 	TextBox2 loaded 1 chars with 0 blanks and 1 valid
117.5831 	DEBUG 	TextBox2 loaded 1 chars with 0 blanks and 1 valid
117.5833 	DEBUG 	Uploading Texture Font fontname to graphics card
117.5869 	DEBUG 	Upload of Texture Font fontname complete
117.5929 	DEBUG 	TextBox2 loaded 1 chars with 0 blanks and 1 valid
117.5940 	DEBUG 	TextBox2 loaded 1 chars with 0 blanks and 1 valid
117.5950 	DEBUG 	TextBox2 loaded 1 chars with 0 blanks and 1 valid
117.5952 	DEBUG 	Uploading Texture Font fontname to graphics card
117.5973 	DEBUG 	Upload of Texture Font fontname complete
117.5988 	EXP 	window1: Attempting to measure frame rate of screen (0) ...
117.5989 	EXP 	window1: recordFrameIntervals = False
117.8057 	EXP 	window1: recordFrameIntervals = True
118.6401 	WARNING 	Couldn't measure a consistent frame rate!
  - Is your graphics card set to sync to vertical blank?
  - Are you running other processes on your computer?

118.6515 	DEBUG 	TextBox2 loaded 1 chars with 0 blanks and 1 valid
118.6529 	DEBUG 	TextBox2 loaded 1 chars with 0 blanks and 1 valid
118.6547 	DEBUG 	TextBox2 loaded 1 chars with 0 blanks and 1 valid
118.6571 	DEBUG 	TextBox2 loaded 1 chars with 0 blanks and 1 valid
118.6590 	DEBUG 	TextBox2 loaded 1 chars with 0 blanks and 1 valid
118.6608 	DEBUG 	TextBox2 loaded 1 chars with 0 blanks and 1 valid
118.6620 	DEBUG 	TextBox2 loaded 1 chars with 0 blanks and 1 valid
118.6636 	DEBUG 	TextBox2 loaded 1 chars with 0 blanks and 1 valid
118.6655 	DEBUG 	TextBox2 loaded 1 chars with 0 blanks and 1 valid
118.6672 	DEBUG 	TextBox2 loaded 1 chars with 0 blanks and 1 valid
118.6677 	DEBUG 	Uploading Texture Font fontname to graphics card
118.6723 	DEBUG 	Upload of Texture Font fontname complete
118.7002 	WARNING 	launchHubServer: If using the iohub mouse or eyetracker devices, fullScr should be True.
121.8076 	INFO 	keyboard.Keyboard is using iohub backend.
121.8077 	INFO 	keyboard.Keyboard is using iohub backend.
121.8077 	INFO 	keyboard.Keyboard is using iohub backend.
121.8077 	INFO 	keyboard.Keyboard is using iohub backend.
121.8077 	INFO 	keyboard.Keyboard is using iohub backend.
121.8077 	INFO 	keyboard.Keyboard is using iohub backend.
121.8078 	INFO 	keyboard.Keyboard is using iohub backend.
121.8078 	INFO 	keyboard.Keyboard is using iohub backend.
121.8078 	INFO 	keyboard.Keyboard is using iohub backend.
121.8078 	INFO 	keyboard.Keyboard is using iohub backend.
121.8078 	EXP 	tilt_staircase: status = STARTED
121.8514 	EXP 	Created text_5 = TextStim(__class__=<class 'psychopy.visual.text.TextStim'>, alignHoriz=method-wrapper(...), alignText='center', alignVert=method-wrapper(...), anchorHoriz='center', anchorVert='center', antialias=True, autoDraw=False, autoLog=True, bold=False, color=array([1., 1., 1.]), colorSpace='rgb', contrast=1.0, depth=0.0, draggable=False, flipHoriz=False, flipVert=False, font='Arial', fontFiles=[], height=0.05, italic=False, languageStyle='LTR', name='text_5', opacity=1, ori=0.0, pos=array([0., 0.]), rgb=UNKNOWN, text=str(...), units='height', win=Window(...), wrapWidth=1)
121.8581 	EXP 	Created text_6 = TextStim(__class__=<class 'psychopy.visual.text.TextStim'>, alignHoriz=method-wrapper(...), alignText='center', alignVert=method-wrapper(...), anchorHoriz='center', anchorVert='center', antialias=True, autoDraw=False, autoLog=True, bold=False, color=array([1., 1., 1.]), colorSpace='rgb', contrast=1.0, depth=0.0, draggable=False, flipHoriz=False, flipVert=False, font='Arial', fontFiles=[], height=0.05, italic=False, languageStyle='LTR', name='text_6', opacity=1, ori=0.0, pos=array([0., 0.]), rgb=UNKNOWN, text=str(...), units='height', win=Window(...), wrapWidth=1)
121.8602 	EXP 	Created surround_practice_3 = GratingStim(__class__=<class 'psychopy.visual.grating.GratingStim'>, anchor='center', autoDraw=False, autoLog=True, blendmode='avg', color=array([0.3, 0.3, 0.3]), colorSpace='rgb', contrast=0.3, depth=0.0, draggable=False, interpolate=True, mask='circle', maskParams=None, name='surround_practice_3', opacity=1, ori=30.0, phase=array([0., 0.]), pos=array([0., 0.]), rgbPedestal=array([0., 0., 0.]), sf=array([8.5, 8.5]), size=array([0.8, 0.8]), tex='sin', texRes=128.0, units='height', win=Window(...))
121.8618 	EXP 	Created center_practice_3 = GratingStim(__class__=<class 'psychopy.visual.grating.GratingStim'>, anchor='center', autoDraw=False, autoLog=True, blendmode='avg', color=array([0.3, 0.3, 0.3]), colorSpace='rgb', contrast=0.3, depth=-1.0, draggable=False, interpolate=True, mask='circle', maskParams=None, name='center_practice_3', opacity=1, ori=0.0, phase=array([0., 0.]), pos=array([0., 0.]), rgbPedestal=array([0., 0., 0.]), sf=array([4., 4.]), size=array([0.25, 0.25]), tex='sin', texRes=128.0, units='height', win=Window(...))
121.8632 	EXP 	Created surround_practice = GratingStim(__class__=<class 'psychopy.visual.grating.GratingStim'>, anchor='center', autoDraw=False, autoLog=True, blendmode='avg', color=array([1., 1., 1.]), colorSpace='rgb', contrast=1.0, depth=0.0, draggable=False, interpolate=True, mask='circle', maskParams=None, name='surround_practice', opacity=1, ori=1.0, phase=array([0., 0.]), pos=array([0., 0.]), rgbPedestal=array([0., 0., 0.]), sf=array([8.5, 8.5]), size=array([0.8, 0.8]), tex='sin', texRes=128.0, units='height', win=Window(...))
121.8646 	EXP 	Created center_practice = GratingStim(__class__=<class 'psychopy.visual.grating.GratingStim'>, anchor='center', autoDraw=False, autoLog=True, blendmode='avg', color=array([1., 1., 1.]), colorSpace='rgb', contrast=1.0, depth=-1.0, draggable=False, interpolate=True, mask='circle', maskParams=None, name='center_practice', opacity=1, ori=1.0, phase=array([0., 0.]), pos=array([0., 0.]), rgbPedestal=array([0., 0., 0.]), sf=array([4., 4.]), size=array([0.25, 0.25]), tex='sin', texRes=128.0, units='height', win=Window(...))
121.8662 	EXP 	Created text_9 = TextStim(__class__=<class 'psychopy.visual.text.TextStim'>, alignHoriz=method-wrapper(...), alignText='center', alignVert=method-wrapper(...), anchorHoriz='center', anchorVert='center', antialias=True, autoDraw=False, autoLog=True, bold=False, color=array([1., 1., 1.]), colorSpace='rgb', contrast=1.0, depth=-3.0, draggable=False, flipHoriz=False, flipVert=False, font='Arial', fontFiles=[], height=0.05, italic=False, languageStyle='LTR', name='text_9', opacity=1, ori=0.0, pos=array([0., 0.]), rgb=UNKNOWN, text='+', units='height', win=Window(...), wrapWidth=1)
121.8697 	EXP 	Created text_11 = TextStim(__class__=<class 'psychopy.visual.text.TextStim'>, alignHoriz=method-wrapper(...), alignText='center', alignVert=method-wrapper(...), anchorHoriz='center', anchorVert='center', antialias=True, autoDraw=False, autoLog=True, bold=False, color=array([1., 1., 1.]), colorSpace='rgb', contrast=1.0, depth=-4.0, draggable=False, flipHoriz=False, flipVert=False, font='Arial', fontFiles=[], height=0.05, italic=False, languageStyle='LTR', name='text_11', opacity=1, ori=0.0, pos=array([0., 0.]), rgb=UNKNOWN, text=str(...), units='height', win=Window(...), wrapWidth=1)
121.8702 	EXP 	Created text_7 = TextStim(__class__=<class 'psychopy.visual.text.TextStim'>, alignHoriz=method-wrapper(...), alignText='center', alignVert=method-wrapper(...), anchorHoriz='center', anchorVert='center', antialias=True, autoDraw=False, autoLog=True, bold=False, color=array([1., 1., 1.]), colorSpace='rgb', contrast=1.0, depth=-1.0, draggable=False, flipHoriz=False, flipVert=False, font='Arial', fontFiles=[], height=0.05, italic=False, languageStyle='LTR', name='text_7', opacity=1, ori=0.0, pos=array([0., 0.]), rgb=UNKNOWN, text='', units='height', win=Window(...), wrapWidth=1)
121.8772 	EXP 	Created text_8 = TextStim(__class__=<class 'psychopy.visual.text.TextStim'>, alignHoriz=method-wrapper(...), alignText='center', alignVert=method-wrapper(...), anchorHoriz='center', anchorVert='center', antialias=True, autoDraw=False, autoLog=True, bold=False, color=array([1., 1., 1.]), colorSpace='rgb', contrast=1.0, depth=0.0, draggable=False, flipHoriz=False, flipVert=False, font='Arial', fontFiles=[], height=0.05, italic=False, languageStyle='LTR', name='text_8', opacity=1, ori=0.0, pos=array([0., 0.]), rgb=UNKNOWN, text=str(...), units='height', win=Window(...), wrapWidth=1)
121.8787 	EXP 	Created surround_practice_2 = GratingStim(__class__=<class 'psychopy.visual.grating.GratingStim'>, anchor='center', autoDraw=False, autoLog=True, blendmode='avg', color=array([1., 1., 1.]), colorSpace='rgb', contrast=1.0, depth=0.0, draggable=False, interpolate=True, mask='circle', maskParams=None, name='surround_practice_2', opacity=1.0, ori=1.0, phase=array([0., 0.]), pos=array([0., 0.]), rgbPedestal=array([0., 0., 0.]), sf=array([8.5, 8.5]), size=array([0.8, 0.8]), tex='sin', texRes=128.0, units='height', win=Window(...))
121.8801 	EXP 	Created center_practice_2 = GratingStim(__class__=<class 'psychopy.visual.grating.GratingStim'>, anchor='center', autoDraw=False, autoLog=True, blendmode='avg', color=array([1., 1., 1.]), colorSpace='rgb', contrast=1.0, depth=-1.0, draggable=False, interpolate=True, mask='circle', maskParams=None, name='center_practice_2', opacity=1, ori=1.0, phase=array([0., 0.]), pos=array([0., 0.]), rgbPedestal=array([0., 0., 0.]), sf=array([4., 4.]), size=array([0.25, 0.25]), tex='sin', texRes=128.0, units='height', win=Window(...))
121.8813 	EXP 	Created text_10 = TextStim(__class__=<class 'psychopy.visual.text.TextStim'>, alignHoriz=method-wrapper(...), alignText='center', alignVert=method-wrapper(...), anchorHoriz='center', anchorVert='center', antialias=True, autoDraw=False, autoLog=True, bold=False, color=array([1., 1., 1.]), colorSpace='rgb', contrast=1.0, depth=-3.0, draggable=False, flipHoriz=False, flipVert=False, font='Arial', fontFiles=[], height=0.05, italic=False, languageStyle='LTR', name='text_10', opacity=1, ori=0.0, pos=array([0., 0.]), rgb=UNKNOWN, text='+', units='height', win=Window(...), wrapWidth=1)
121.8837 	EXP 	Created text_12 = TextStim(__class__=<class 'psychopy.visual.text.TextStim'>, alignHoriz=method-wrapper(...), alignText='center', alignVert=method-wrapper(...), anchorHoriz='center', anchorVert='center', antialias=True, autoDraw=False, autoLog=True, bold=False, color=array([1., 1., 1.]), colorSpace='rgb', contrast=1.0, depth=-4.0, draggable=False, flipHoriz=False, flipVert=False, font='Arial', fontFiles=[], height=0.05, italic=False, languageStyle='LTR', name='text_12', opacity=1, ori=0.0, pos=array([0., 0.]), rgb=UNKNOWN, text=str(...), units='height', win=Window(...), wrapWidth=1)
121.8842 	EXP 	Created text_7 = TextStim(__class__=<class 'psychopy.visual.text.TextStim'>, alignHoriz=method-wrapper(...), alignText='center', alignVert=method-wrapper(...), anchorHoriz='center', anchorVert='center', antialias=True, autoDraw=False, autoLog=True, bold=False, color=array([1., 1., 1.]), colorSpace='rgb', contrast=1.0, depth=-1.0, draggable=False, flipHoriz=False, flipVert=False, font='Arial', fontFiles=[], height=0.05, italic=False, languageStyle='LTR', name='text_7', opacity=1, ori=0.0, pos=array([0., 0.]), rgb=UNKNOWN, text='', units='height', win=Window(...), wrapWidth=1)
121.8888 	EXP 	Created text_13 = TextStim(__class__=<class 'psychopy.visual.text.TextStim'>, alignHoriz=method-wrapper(...), alignText='center', alignVert=method-wrapper(...), anchorHoriz='center', anchorVert='center', antialias=True, autoDraw=False, autoLog=True, bold=False, color=array([1., 1., 1.]), colorSpace='rgb', contrast=1.0, depth=0.0, draggable=False, flipHoriz=False, flipVert=False, font='Arial', fontFiles=[], height=0.05, italic=False, languageStyle='LTR', name='text_13', opacity=1, ori=0.0, pos=array([0., 0.]), rgb=UNKNOWN, text=str(...), units='height', win=Window(...), wrapWidth=1)
121.8902 	EXP 	Created surround_grating = GratingStim(__class__=<class 'psychopy.visual.grating.GratingStim'>, anchor='center', autoDraw=False, autoLog=True, blendmode='avg', color=array([1., 1., 1.]), colorSpace='rgb', contrast=1.0, depth=-1.0, draggable=False, interpolate=True, mask='circle', maskParams=None, name='surround_grating', opacity=1.0, ori=1.0, phase=array([0., 0.]), pos=array([0., 0.]), rgbPedestal=array([0., 0., 0.]), sf=array([8.5, 8.5]), size=array([0.8, 0.8]), tex='sin', texRes=128.0, units='height', win=Window(...))
121.8916 	EXP 	Created center_grating = GratingStim(__class__=<class 'psychopy.visual.grating.GratingStim'>, anchor='center', autoDraw=False, autoLog=True, blendmode='avg', color=array([1., 1., 1.]), colorSpace='rgb', contrast=1.0, depth=-2.0, draggable=False, interpolate=True, mask='circle', maskParams=None, name='center_grating', opacity=1, ori=1.0, phase=array([0., 0.]), pos=array([0., 0.]), rgbPedestal=array([0., 0., 0.]), sf=array([4., 4.]), size=array([0.25, 0.25]), tex='sin', texRes=128.0, units='height', win=Window(...))
121.8928 	EXP 	Created text_2 = TextStim(__class__=<class 'psychopy.visual.text.TextStim'>, alignHoriz=method-wrapper(...), alignText='center', alignVert=method-wrapper(...), anchorHoriz='center', anchorVert='center', antialias=True, autoDraw=False, autoLog=True, bold=False, color=array([1., 1., 1.]), colorSpace='rgb', contrast=1.0, depth=-4.0, draggable=False, flipHoriz=False, flipVert=False, font='Arial', fontFiles=[], height=0.05, italic=False, languageStyle='LTR', name='text_2', opacity=1, ori=0.0, pos=array([0., 0.]), rgb=UNKNOWN, text='+', units='height', win=Window(...), wrapWidth=1)
121.8951 	EXP 	Created text_3 = TextStim(__class__=<class 'psychopy.visual.text.TextStim'>, alignHoriz=method-wrapper(...), alignText='center', alignVert=method-wrapper(...), anchorHoriz='center', anchorVert='center', antialias=True, autoDraw=False, autoLog=True, bold=False, color=array([1., 1., 1.]), colorSpace='rgb', contrast=1.0, depth=-5.0, draggable=False, flipHoriz=False, flipVert=False, font='Arial', fontFiles=[], height=0.05, italic=False, languageStyle='LTR', name='text_3', opacity=1, ori=0.0, pos=array([0., 0.]), rgb=UNKNOWN, text=str(...), units='height', win=Window(...), wrapWidth=1)
121.8969 	EXP 	Created text_4 = TextStim(__class__=<class 'psychopy.visual.text.TextStim'>, alignHoriz=method-wrapper(...), alignText='center', alignVert=method-wrapper(...), anchorHoriz='center', anchorVert='center', antialias=True, autoDraw=False, autoLog=True, bold=False, color=array([1., 1., 1.]), colorSpace='rgb', contrast=1.0, depth=0.0, draggable=False, flipHoriz=False, flipVert=False, font='Arial', fontFiles=[], height=0.05, italic=False, languageStyle='LTR', name='text_4', opacity=1, ori=0.0, pos=array([0., 0.]), rgb=UNKNOWN, text='thank you and have a pleasant day ', units='height', win=Window(...), wrapWidth=1)
0.0169 	INFO 	Keyboard events cleared
0.0166 	EXP 	text_5: autoDraw = True
1.0812 	DATA 	Keypress: space
1.0848 	INFO 	Keyboard events cleared
1.0845 	WARNING 	t of last frame was 41.47ms (=1/24)
1.0845 	EXP 	text_5: autoDraw = False
1.0845 	EXP 	text_6: autoDraw = True
1.2433 	DATA 	Keypress: space
1.2461 	INFO 	Keyboard events cleared
1.2458 	EXP 	text_6: autoDraw = False
1.2458 	EXP 	surround_practice_3: autoDraw = True
1.2458 	EXP 	center_practice_3: autoDraw = True
1.2458 	EXP 	surround_practice_3: tex = 'sin'
1.2458 	EXP 	center_practice_3: tex = 'sin'
3.9945 	DEBUG 	Read csv file with pandas: tilt_practice_1.csv
3.9984 	DEBUG 	Clearing unnamed columns from tilt_practice_1.csv
3.9988 	EXP 	Imported tilt_practice_1.csv as conditions, 4 conditions, 3 params
3.9994 	EXP 	New trial (rep=0, index=0): <Trial 0 (0 in rep 0) data={'center': 30, 'surround': 0, 'correct': 'right', 'thisN': 0, 'thisTrialN': 0, 'thisRepN': 0}>
4.0477 	DATA 	Keypress: left
4.0513 	INFO 	Keyboard events cleared
4.0510 	WARNING 	t of last frame was 75.38ms (=1/13)
4.0510 	EXP 	surround_practice_3: autoDraw = False
4.0510 	EXP 	center_practice_3: autoDraw = False
4.0510 	EXP 	surround_practice: ori = 0.0
4.0510 	EXP 	center_practice: ori = 30.0
4.0510 	EXP 	text_9: autoDraw = True
4.4757 	EXP 	surround_practice: autoDraw = True
4.4757 	EXP 	center_practice: autoDraw = True
4.4757 	EXP 	surround_practice: tex = 'sin'
4.4757 	EXP 	center_practice: tex = 'sin'
4.5472 	EXP 	text_9: autoDraw = False
5.4651 	EXP 	surround_practice: autoDraw = False
5.4651 	EXP 	center_practice: autoDraw = False
5.4755 	EXP 	text_11: autoDraw = True
6.3699 	DATA 	Keypress: escape
6.4514 	EXP 	tilt_staircase: status = STOPPED
6.4596 	EXP 	text_11: autoDraw = False
6.4616 	EXP 	tilt_staircase: status = STOPPED
6.4657 	INFO 	saved data to '/Users/bwinsto2/Downloads/data/824804_tilt_staircase_2025-08-14_15h22.40.754.csv'
6.4671 	INFO 	saved data to /Users/bwinsto2/Downloads/data/824804_tilt_staircase_2025-08-14_15h22.40.754.psydat
6.6706 	DEBUG 	Saving data for tilt_staircase ExperimentHandler
