5.6433 	DEBUG 	Fullscreen settings ignored as running in pilot mode.
5.6448 	INFO 	Loaded monitor calibration from ['2025_01_25 22:17']
5.8495 	EXP 	Created window1 = Window(allowGUI=False, allowStencil=False, autoLog=True, backendConf=UNKNOWN, backgroundFit=<method-wrapper '__getattribute__' of attributeSetter object at 0x7f8bf2126ac0>, backgroundImage=<method-wrapper '__getattribute__' of attributeSetter object at 0x7f8bf2126970>, bitsMode=UNKNOWN, blendMode='avg', bpc=(8, 8, 8), color=array([0, 0, 0]), colorSpace='rgb', depthBits=8, fullscr=False, gamma=None, gammaErrorPolicy='raise', infoMsg=UNKNOWN, lms=UNKNOWN, monitor=<psychopy.monitors.calibTools.Monitor object at 0x7f8bf2152490>, multiSample=False, name='window1', numSamples=2, pos=[1320.0, 420.0], screen=1, size=array([800, 600]), stencilBits=0, stereo=False, title='PsychoPy', units='height', useFBO=True, useRetina=False, viewOri=0.0, viewPos=None, viewScale=None, waitBlanking=True, winType='pyglet')
5.8495 	EXP 	window1: backgroundImage = ''
5.8495 	EXP 	window1: backgroundFit = 'none'
5.8606 	DEBUG 	TextBox2 loaded 1 chars with 0 blanks and 1 valid
5.8614 	DEBUG 	TextBox2 loaded 1 chars with 0 blanks and 1 valid
5.8620 	DEBUG 	TextBox2 loaded 1 chars with 0 blanks and 1 valid
5.8631 	DEBUG 	TextBox2 loaded 1 chars with 0 blanks and 1 valid
5.8639 	DEBUG 	TextBox2 loaded 1 chars with 0 blanks and 1 valid
5.8644 	DEBUG 	TextBox2 loaded 1 chars with 0 blanks and 1 valid
5.8650 	DEBUG 	TextBox2 loaded 1 chars with 0 blanks and 1 valid
5.8660 	DEBUG 	TextBox2 loaded 1 chars with 0 blanks and 1 valid
5.8663 	DEBUG 	TextBox2 loaded 1 chars with 0 blanks and 1 valid
5.8667 	DEBUG 	TextBox2 loaded 1 chars with 0 blanks and 1 valid
5.8675 	DEBUG 	TextBox2 loaded 1 chars with 0 blanks and 1 valid
5.8681 	DEBUG 	TextBox2 loaded 1 chars with 0 blanks and 1 valid
5.8688 	DEBUG 	TextBox2 loaded 1 chars with 0 blanks and 1 valid
5.8697 	DEBUG 	TextBox2 loaded 1 chars with 0 blanks and 1 valid
5.8704 	DEBUG 	TextBox2 loaded 1 chars with 0 blanks and 1 valid
5.8711 	DEBUG 	TextBox2 loaded 1 chars with 0 blanks and 1 valid
5.8719 	DEBUG 	TextBox2 loaded 1 chars with 0 blanks and 1 valid
5.8723 	DEBUG 	TextBox2 loaded 1 chars with 0 blanks and 1 valid
5.8727 	DEBUG 	TextBox2 loaded 1 chars with 0 blanks and 1 valid
5.8736 	DEBUG 	TextBox2 loaded 1 chars with 0 blanks and 1 valid
5.8740 	DEBUG 	TextBox2 loaded 1 chars with 0 blanks and 1 valid
5.8742 	DEBUG 	Uploading Texture Font fontname to graphics card
5.8779 	DEBUG 	Upload of Texture Font fontname complete
5.8834 	DEBUG 	TextBox2 loaded 1 chars with 0 blanks and 1 valid
5.8845 	DEBUG 	TextBox2 loaded 1 chars with 0 blanks and 1 valid
5.8853 	DEBUG 	TextBox2 loaded 1 chars with 0 blanks and 1 valid
5.8855 	DEBUG 	Uploading Texture Font fontname to graphics card
5.8875 	DEBUG 	Upload of Texture Font fontname complete
5.8892 	EXP 	window1: Attempting to measure frame rate of screen (1) ...
5.8892 	EXP 	window1: recordFrameIntervals = False
6.1463 	EXP 	window1: recordFrameIntervals = True
6.5473 	WARNING 	t of last frame was 30.35ms (=1/32)
6.5984 	WARNING 	t of last frame was 31.53ms (=1/31)
6.6630 	WARNING 	t of last frame was 31.00ms (=1/32)
6.8457 	WARNING 	t of last frame was 30.11ms (=1/33)
6.8667 	WARNING 	Multiple dropped frames have occurred - I'll stop bothering you about them!
7.7624 	WARNING 	Couldn't measure a consistent frame rate!
  - Is your graphics card set to sync to vertical blank?
  - Are you running other processes on your computer?

7.7831 	DEBUG 	TextBox2 loaded 1 chars with 0 blanks and 1 valid
7.7844 	DEBUG 	TextBox2 loaded 1 chars with 0 blanks and 1 valid
7.7865 	DEBUG 	TextBox2 loaded 1 chars with 0 blanks and 1 valid
7.7894 	DEBUG 	TextBox2 loaded 1 chars with 0 blanks and 1 valid
7.7917 	DEBUG 	TextBox2 loaded 1 chars with 0 blanks and 1 valid
7.7941 	DEBUG 	TextBox2 loaded 1 chars with 0 blanks and 1 valid
7.7955 	DEBUG 	TextBox2 loaded 1 chars with 0 blanks and 1 valid
7.7975 	DEBUG 	TextBox2 loaded 1 chars with 0 blanks and 1 valid
7.7998 	DEBUG 	TextBox2 loaded 1 chars with 0 blanks and 1 valid
7.8020 	DEBUG 	TextBox2 loaded 1 chars with 0 blanks and 1 valid
7.8027 	DEBUG 	Uploading Texture Font fontname to graphics card
7.8089 	DEBUG 	Upload of Texture Font fontname complete
7.8443 	WARNING 	launchHubServer: If using the iohub mouse or eyetracker devices, fullScr should be True.
8.7747 	INFO 	keyboard.Keyboard is using iohub backend.
8.7747 	INFO 	keyboard.Keyboard is using iohub backend.
8.7748 	EXP 	tilt_staircase: status = STARTED
8.7982 	EXP 	Created surround = GratingStim(__class__=<class 'psychopy.visual.grating.GratingStim'>, anchor='center', autoDraw=False, autoLog=True, blendmode='avg', color=array([1., 1., 1.]), colorSpace='rgb', contrast=1.0, depth=-1.0, draggable=False, interpolate=True, mask='circle', maskParams=None, name='surround', opacity=1, ori=1.0, phase=array([0., 0.]), pos=array([0., 0.]), rgbPedestal=array([0., 0., 0.]), sf=array([7., 7.]), size=array([0.75, 0.75]), tex='sin', texRes=128.0, units='height', win=Window(...))
8.8023 	EXP 	Created center = GratingStim(__class__=<class 'psychopy.visual.grating.GratingStim'>, anchor='center', autoDraw=False, autoLog=True, blendmode='avg', color=array([1., 1., 1.]), colorSpace='rgb', contrast=1.0, depth=-2.0, draggable=False, interpolate=True, mask='circle', maskParams=None, name='center', opacity=1, ori=1.0, phase=array([0., 0.]), pos=array([0., 0.]), rgbPedestal=array([0., 0., 0.]), sf=array([2., 2.]), size=array([0.3, 0.3]), tex='sin', texRes=128.0, units='height', win=Window(...))
8.8187 	EXP 	Created text = TextStim(__class__=<class 'psychopy.visual.text.TextStim'>, alignHoriz=method-wrapper(...), alignText='center', alignVert=method-wrapper(...), anchorHoriz='center', anchorVert='center', antialias=True, autoDraw=False, autoLog=True, bold=False, color=array([ 1., -1., -1.]), colorSpace='rgb', contrast=1.0, depth=-4.0, draggable=False, flipHoriz=False, flipVert=False, font='Arial', fontFiles=[], height=0.05, italic=False, languageStyle='LTR', name='text', opacity=1, ori=0.0, pos=array([0., 0.]), rgb=UNKNOWN, text='', units='height', win=Window(...), wrapWidth=1)
8.8196 	EXP 	Created text_2 = TextStim(__class__=<class 'psychopy.visual.text.TextStim'>, alignHoriz=method-wrapper(...), alignText='center', alignVert=method-wrapper(...), anchorHoriz='center', anchorVert='center', antialias=True, autoDraw=False, autoLog=True, bold=False, color=array([1., 1., 1.]), colorSpace='rgb', contrast=1.0, depth=-5.0, draggable=False, flipHoriz=False, flipVert=False, font='Arial', fontFiles=[], height=0.05, italic=False, languageStyle='LTR', name='text_2', opacity=1, ori=0.0, pos=array([ 0., -1.]), rgb=UNKNOWN, text='', units='height', win=Window(...), wrapWidth=1)
0.1371 	DEBUG 	Saving data for tilt_staircase ExperimentHandler
0.1395 	INFO 	saved data to /Users/bwinsto2/Downloads/data/829687_tilt_staircase_2025-08-11_12h58.31.341.psydat
0.1399 	INFO 	saved data to '/Users/bwinsto2/Downloads/data/829687_tilt_staircase_2025-08-11_12h58.31.341.csv'
