5.5603 	INFO 	Loaded monitor calibration from ['2025_08_13 14:32']
5.7480 	EXP 	Created window1 = Window(allowGUI=True, allowStencil=False, autoLog=True, backendConf=UNKNOWN, backgroundFit=<method-wrapper '__getattribute__' of attributeSetter object at 0x7fb0c2089c10>, backgroundImage=<method-wrapper '__getattribute__' of attributeSetter object at 0x7fb0c2089b20>, bitsMode=UNKNOWN, blendMode='avg', bpc=(8, 8, 8), color=array([0, 0, 0]), colorSpace='rgb', depthBits=8, fullscr=False, gamma=None, gammaErrorPolicy='raise', infoMsg=UNKNOWN, lms=UNKNOWN, monitor=<psychopy.monitors.calibTools.Monitor object at 0x7fb0c1cf6550>, multiSample=False, name='window1', numSamples=2, pos=[320.0, 150.0], screen=0, size=array([1600, 1200]), stencilBits=0, stereo=False, title='PsychoPy', units='height', useFBO=True, useRetina=True, viewOri=0.0, viewPos=None, viewScale=None, waitBlanking=True, winType='pyglet')
5.7481 	EXP 	window1: backgroundImage = ''
5.7481 	EXP 	window1: backgroundFit = 'none'
5.7561 	DEBUG 	TextBox2 loaded 1 chars with 0 blanks and 1 valid
5.7569 	DEBUG 	TextBox2 loaded 1 chars with 0 blanks and 1 valid
5.7577 	DEBUG 	TextBox2 loaded 1 chars with 0 blanks and 1 valid
5.7586 	DEBUG 	TextBox2 loaded 1 chars with 0 blanks and 1 valid
5.7596 	DEBUG 	TextBox2 loaded 1 chars with 0 blanks and 1 valid
5.7601 	DEBUG 	TextBox2 loaded 1 chars with 0 blanks and 1 valid
5.7609 	DEBUG 	TextBox2 loaded 1 chars with 0 blanks and 1 valid
5.7619 	DEBUG 	TextBox2 loaded 1 chars with 0 blanks and 1 valid
5.7622 	DEBUG 	TextBox2 loaded 1 chars with 0 blanks and 1 valid
5.7627 	DEBUG 	TextBox2 loaded 1 chars with 0 blanks and 1 valid
5.7635 	DEBUG 	TextBox2 loaded 1 chars with 0 blanks and 1 valid
5.7642 	DEBUG 	TextBox2 loaded 1 chars with 0 blanks and 1 valid
5.7649 	DEBUG 	TextBox2 loaded 1 chars with 0 blanks and 1 valid
5.7657 	DEBUG 	TextBox2 loaded 1 chars with 0 blanks and 1 valid
5.7664 	DEBUG 	TextBox2 loaded 1 chars with 0 blanks and 1 valid
5.7671 	DEBUG 	TextBox2 loaded 1 chars with 0 blanks and 1 valid
5.7679 	DEBUG 	TextBox2 loaded 1 chars with 0 blanks and 1 valid
5.7685 	DEBUG 	TextBox2 loaded 1 chars with 0 blanks and 1 valid
5.7691 	DEBUG 	TextBox2 loaded 1 chars with 0 blanks and 1 valid
5.7701 	DEBUG 	TextBox2 loaded 1 chars with 0 blanks and 1 valid
5.7706 	DEBUG 	TextBox2 loaded 1 chars with 0 blanks and 1 valid
5.7707 	DEBUG 	Uploading Texture Font fontname to graphics card
5.7742 	DEBUG 	Upload of Texture Font fontname complete
5.7794 	DEBUG 	TextBox2 loaded 1 chars with 0 blanks and 1 valid
5.7804 	DEBUG 	TextBox2 loaded 1 chars with 0 blanks and 1 valid
5.7814 	DEBUG 	TextBox2 loaded 1 chars with 0 blanks and 1 valid
5.7815 	DEBUG 	Uploading Texture Font fontname to graphics card
5.7838 	DEBUG 	Upload of Texture Font fontname complete
5.7854 	EXP 	window1: Attempting to measure frame rate of screen (0) ...
5.7854 	EXP 	window1: recordFrameIntervals = False
5.9626 	EXP 	window1: recordFrameIntervals = True
6.7997 	WARNING 	Couldn't measure a consistent frame rate!
  - Is your graphics card set to sync to vertical blank?
  - Are you running other processes on your computer?

6.8102 	DEBUG 	TextBox2 loaded 1 chars with 0 blanks and 1 valid
6.8114 	DEBUG 	TextBox2 loaded 1 chars with 0 blanks and 1 valid
6.8135 	DEBUG 	TextBox2 loaded 1 chars with 0 blanks and 1 valid
6.8158 	DEBUG 	TextBox2 loaded 1 chars with 0 blanks and 1 valid
6.8178 	DEBUG 	TextBox2 loaded 1 chars with 0 blanks and 1 valid
6.8197 	DEBUG 	TextBox2 loaded 1 chars with 0 blanks and 1 valid
6.8209 	DEBUG 	TextBox2 loaded 1 chars with 0 blanks and 1 valid
6.8225 	DEBUG 	TextBox2 loaded 1 chars with 0 blanks and 1 valid
6.8245 	DEBUG 	TextBox2 loaded 1 chars with 0 blanks and 1 valid
6.8263 	DEBUG 	TextBox2 loaded 1 chars with 0 blanks and 1 valid
6.8268 	DEBUG 	Uploading Texture Font fontname to graphics card
6.8312 	DEBUG 	Upload of Texture Font fontname complete
6.8576 	WARNING 	launchHubServer: If using the iohub mouse or eyetracker devices, fullScr should be True.
10.2159 	INFO 	keyboard.Keyboard is using iohub backend.
10.2160 	INFO 	keyboard.Keyboard is using iohub backend.
10.2160 	INFO 	keyboard.Keyboard is using iohub backend.
10.2160 	INFO 	keyboard.Keyboard is using iohub backend.
10.2160 	INFO 	keyboard.Keyboard is using iohub backend.
10.2160 	INFO 	keyboard.Keyboard is using iohub backend.
10.2161 	INFO 	keyboard.Keyboard is using iohub backend.
10.2161 	INFO 	keyboard.Keyboard is using iohub backend.
10.2161 	INFO 	keyboard.Keyboard is using iohub backend.
10.2161 	INFO 	keyboard.Keyboard is using iohub backend.
10.2161 	EXP 	tilt_staircase: status = STARTED
10.2647 	EXP 	Created text_5 = TextStim(__class__=<class 'psychopy.visual.text.TextStim'>, alignHoriz=method-wrapper(...), alignText='center', alignVert=method-wrapper(...), anchorHoriz='center', anchorVert='center', antialias=True, autoDraw=False, autoLog=True, bold=False, color=array([1., 1., 1.]), colorSpace='rgb', contrast=1.0, depth=0.0, draggable=False, flipHoriz=False, flipVert=False, font='Arial', fontFiles=[], height=0.05, italic=False, languageStyle='LTR', name='text_5', opacity=1, ori=0.0, pos=array([0., 0.]), rgb=UNKNOWN, text=str(...), units='height', win=Window(...), wrapWidth=1)
10.2721 	EXP 	Created text_6 = TextStim(__class__=<class 'psychopy.visual.text.TextStim'>, alignHoriz=method-wrapper(...), alignText='center', alignVert=method-wrapper(...), anchorHoriz='center', anchorVert='center', antialias=True, autoDraw=False, autoLog=True, bold=False, color=array([1., 1., 1.]), colorSpace='rgb', contrast=1.0, depth=0.0, draggable=False, flipHoriz=False, flipVert=False, font='Arial', fontFiles=[], height=0.05, italic=False, languageStyle='LTR', name='text_6', opacity=1, ori=0.0, pos=array([0., 0.]), rgb=UNKNOWN, text=str(...), units='height', win=Window(...), wrapWidth=1)
10.2748 	EXP 	Created surround_practice = GratingStim(__class__=<class 'psychopy.visual.grating.GratingStim'>, anchor='center', autoDraw=False, autoLog=True, blendmode='avg', color=array([1., 1., 1.]), colorSpace='rgb', contrast=1.0, depth=0.0, draggable=False, interpolate=True, mask='circle', maskParams=None, name='surround_practice', opacity=1, ori=1.0, phase=array([0., 0.]), pos=array([0., 0.]), rgbPedestal=array([0., 0., 0.]), sf=array([1.5, 1.5]), size=array([6., 6.]), tex='sin', texRes=128.0, units='deg', win=Window(...))
10.2767 	EXP 	Created center_practice = GratingStim(__class__=<class 'psychopy.visual.grating.GratingStim'>, anchor='center', autoDraw=False, autoLog=True, blendmode='avg', color=array([1., 1., 1.]), colorSpace='rgb', contrast=1.0, depth=-1.0, draggable=False, interpolate=True, mask='circle', maskParams=None, name='center_practice', opacity=1, ori=1.0, phase=array([0., 0.]), pos=array([0., 0.]), rgbPedestal=array([0., 0., 0.]), sf=array([1.5, 1.5]), size=array([2., 2.]), tex='sin', texRes=128.0, units='deg', win=Window(...))
10.2785 	EXP 	Created text_9 = TextStim(__class__=<class 'psychopy.visual.text.TextStim'>, alignHoriz=method-wrapper(...), alignText='center', alignVert=method-wrapper(...), anchorHoriz='center', anchorVert='center', antialias=True, autoDraw=False, autoLog=True, bold=False, color=array([1., 1., 1.]), colorSpace='rgb', contrast=1.0, depth=-3.0, draggable=False, flipHoriz=False, flipVert=False, font='Arial', fontFiles=[], height=0.05, italic=False, languageStyle='LTR', name='text_9', opacity=1, ori=0.0, pos=array([0., 0.]), rgb=UNKNOWN, text='+', units='height', win=Window(...), wrapWidth=1)
10.2821 	EXP 	Created text_11 = TextStim(__class__=<class 'psychopy.visual.text.TextStim'>, alignHoriz=method-wrapper(...), alignText='center', alignVert=method-wrapper(...), anchorHoriz='center', anchorVert='center', antialias=True, autoDraw=False, autoLog=True, bold=False, color=array([1., 1., 1.]), colorSpace='rgb', contrast=1.0, depth=-4.0, draggable=False, flipHoriz=False, flipVert=False, font='Arial', fontFiles=[], height=0.05, italic=False, languageStyle='LTR', name='text_11', opacity=1, ori=0.0, pos=array([0., 0.]), rgb=UNKNOWN, text=str(...), units='height', win=Window(...), wrapWidth=1)
10.2826 	EXP 	Created text_7 = TextStim(__class__=<class 'psychopy.visual.text.TextStim'>, alignHoriz=method-wrapper(...), alignText='center', alignVert=method-wrapper(...), anchorHoriz='center', anchorVert='center', antialias=True, autoDraw=False, autoLog=True, bold=False, color=array([1., 1., 1.]), colorSpace='rgb', contrast=1.0, depth=-1.0, draggable=False, flipHoriz=False, flipVert=False, font='Arial', fontFiles=[], height=0.05, italic=False, languageStyle='LTR', name='text_7', opacity=1, ori=0.0, pos=array([0., 0.]), rgb=UNKNOWN, text='', units='height', win=Window(...), wrapWidth=1)
10.2945 	DEBUG 	Saving data for tilt_staircase ExperimentHandler
10.2953 	INFO 	saved data to /Users/bwinsto2/Downloads/data/890789_tilt_staircase_2025-08-13_17h03.51.965.psydat
10.2957 	INFO 	saved data to '/Users/bwinsto2/Downloads/data/890789_tilt_staircase_2025-08-13_17h03.51.965.csv'
