4.6251 	INFO 	Loaded monitor calibration from ['2025_08_13 14:32']
4.8159 	EXP 	Created window1 = Window(allowGUI=True, allowStencil=False, autoLog=True, backendConf=UNKNOWN, backgroundFit=<method-wrapper '__getattribute__' of attributeSetter object at 0x7fe66b0e8b50>, backgroundImage=<method-wrapper '__getattribute__' of attributeSetter object at 0x7fe66b0e8a60>, bitsMode=UNKNOWN, blendMode='avg', bpc=(8, 8, 8), color=array([0, 0, 0]), colorSpace='rgb', depthBits=8, fullscr=False, gamma=None, gammaErrorPolicy='raise', infoMsg=UNKNOWN, lms=UNKNOWN, monitor=<psychopy.monitors.calibTools.Monitor object at 0x7fe698e3d4c0>, multiSample=False, name='window1', numSamples=2, pos=[320.0, 150.0], screen=0, size=array([1600, 1200]), stencilBits=0, stereo=False, title='PsychoPy', units='height', useFBO=True, useRetina=True, viewOri=0.0, viewPos=None, viewScale=None, waitBlanking=True, winType='pyglet')
4.8160 	EXP 	window1: backgroundImage = ''
4.8160 	EXP 	window1: backgroundFit = 'none'
4.8244 	DEBUG 	TextBox2 loaded 1 chars with 0 blanks and 1 valid
4.8252 	DEBUG 	TextBox2 loaded 1 chars with 0 blanks and 1 valid
4.8261 	DEBUG 	TextBox2 loaded 1 chars with 0 blanks and 1 valid
4.8271 	DEBUG 	TextBox2 loaded 1 chars with 0 blanks and 1 valid
4.8280 	DEBUG 	TextBox2 loaded 1 chars with 0 blanks and 1 valid
4.8288 	DEBUG 	TextBox2 loaded 1 chars with 0 blanks and 1 valid
4.8295 	DEBUG 	TextBox2 loaded 1 chars with 0 blanks and 1 valid
4.8305 	DEBUG 	TextBox2 loaded 1 chars with 0 blanks and 1 valid
4.8309 	DEBUG 	TextBox2 loaded 1 chars with 0 blanks and 1 valid
4.8314 	DEBUG 	TextBox2 loaded 1 chars with 0 blanks and 1 valid
4.8322 	DEBUG 	TextBox2 loaded 1 chars with 0 blanks and 1 valid
4.8330 	DEBUG 	TextBox2 loaded 1 chars with 0 blanks and 1 valid
4.8337 	DEBUG 	TextBox2 loaded 1 chars with 0 blanks and 1 valid
4.8345 	DEBUG 	TextBox2 loaded 1 chars with 0 blanks and 1 valid
4.8352 	DEBUG 	TextBox2 loaded 1 chars with 0 blanks and 1 valid
4.8360 	DEBUG 	TextBox2 loaded 1 chars with 0 blanks and 1 valid
4.8368 	DEBUG 	TextBox2 loaded 1 chars with 0 blanks and 1 valid
4.8372 	DEBUG 	TextBox2 loaded 1 chars with 0 blanks and 1 valid
4.8378 	DEBUG 	TextBox2 loaded 1 chars with 0 blanks and 1 valid
4.8388 	DEBUG 	TextBox2 loaded 1 chars with 0 blanks and 1 valid
4.8393 	DEBUG 	TextBox2 loaded 1 chars with 0 blanks and 1 valid
4.8395 	DEBUG 	Uploading Texture Font fontname to graphics card
4.8430 	DEBUG 	Upload of Texture Font fontname complete
4.8483 	DEBUG 	TextBox2 loaded 1 chars with 0 blanks and 1 valid
4.8494 	DEBUG 	TextBox2 loaded 1 chars with 0 blanks and 1 valid
4.8503 	DEBUG 	TextBox2 loaded 1 chars with 0 blanks and 1 valid
4.8505 	DEBUG 	Uploading Texture Font fontname to graphics card
4.8524 	DEBUG 	Upload of Texture Font fontname complete
4.8540 	EXP 	window1: Attempting to measure frame rate of screen (0) ...
4.8540 	EXP 	window1: recordFrameIntervals = False
5.0243 	EXP 	window1: recordFrameIntervals = True
5.8602 	WARNING 	Couldn't measure a consistent frame rate!
  - Is your graphics card set to sync to vertical blank?
  - Are you running other processes on your computer?

5.8702 	DEBUG 	TextBox2 loaded 1 chars with 0 blanks and 1 valid
5.8714 	DEBUG 	TextBox2 loaded 1 chars with 0 blanks and 1 valid
5.8733 	DEBUG 	TextBox2 loaded 1 chars with 0 blanks and 1 valid
5.8755 	DEBUG 	TextBox2 loaded 1 chars with 0 blanks and 1 valid
5.8773 	DEBUG 	TextBox2 loaded 1 chars with 0 blanks and 1 valid
5.8791 	DEBUG 	TextBox2 loaded 1 chars with 0 blanks and 1 valid
5.8801 	DEBUG 	TextBox2 loaded 1 chars with 0 blanks and 1 valid
5.8817 	DEBUG 	TextBox2 loaded 1 chars with 0 blanks and 1 valid
5.8834 	DEBUG 	TextBox2 loaded 1 chars with 0 blanks and 1 valid
5.8849 	DEBUG 	TextBox2 loaded 1 chars with 0 blanks and 1 valid
5.8853 	DEBUG 	Uploading Texture Font fontname to graphics card
5.8897 	DEBUG 	Upload of Texture Font fontname complete
5.9116 	WARNING 	launchHubServer: If using the iohub mouse or eyetracker devices, fullScr should be True.
9.0365 	INFO 	keyboard.Keyboard is using iohub backend.
9.0365 	INFO 	keyboard.Keyboard is using iohub backend.
9.0365 	INFO 	keyboard.Keyboard is using iohub backend.
9.0366 	INFO 	keyboard.Keyboard is using iohub backend.
9.0366 	INFO 	keyboard.Keyboard is using iohub backend.
9.0366 	INFO 	keyboard.Keyboard is using iohub backend.
9.0366 	INFO 	keyboard.Keyboard is using iohub backend.
9.0366 	INFO 	keyboard.Keyboard is using iohub backend.
9.0367 	INFO 	keyboard.Keyboard is using iohub backend.
9.0367 	INFO 	keyboard.Keyboard is using iohub backend.
9.0367 	EXP 	tilt_staircase: status = STARTED
9.0807 	EXP 	Created text_5 = TextStim(__class__=<class 'psychopy.visual.text.TextStim'>, alignHoriz=method-wrapper(...), alignText='center', alignVert=method-wrapper(...), anchorHoriz='center', anchorVert='center', antialias=True, autoDraw=False, autoLog=True, bold=False, color=array([1., 1., 1.]), colorSpace='rgb', contrast=1.0, depth=0.0, draggable=False, flipHoriz=False, flipVert=False, font='Arial', fontFiles=[], height=0.05, italic=False, languageStyle='LTR', name='text_5', opacity=1, ori=0.0, pos=array([0., 0.]), rgb=UNKNOWN, text=str(...), units='height', win=Window(...), wrapWidth=1)
9.0875 	EXP 	Created text_6 = TextStim(__class__=<class 'psychopy.visual.text.TextStim'>, alignHoriz=method-wrapper(...), alignText='center', alignVert=method-wrapper(...), anchorHoriz='center', anchorVert='center', antialias=True, autoDraw=False, autoLog=True, bold=False, color=array([1., 1., 1.]), colorSpace='rgb', contrast=1.0, depth=0.0, draggable=False, flipHoriz=False, flipVert=False, font='Arial', fontFiles=[], height=0.05, italic=False, languageStyle='LTR', name='text_6', opacity=1, ori=0.0, pos=array([0., 0.]), rgb=UNKNOWN, text=str(...), units='height', win=Window(...), wrapWidth=1)
9.0896 	EXP 	Created surround_practice = GratingStim(__class__=<class 'psychopy.visual.grating.GratingStim'>, anchor='center', autoDraw=False, autoLog=True, blendmode='avg', color=array([1., 1., 1.]), colorSpace='rgb', contrast=1.0, depth=0.0, draggable=False, interpolate=True, mask='circle', maskParams=None, name='surround_practice', opacity=1, ori=1.0, phase=array([0., 0.]), pos=array([0., 0.]), rgbPedestal=array([0., 0., 0.]), sf=array([5., 5.]), size=array([0.8, 0.8]), tex='sin', texRes=128.0, units='height', win=Window(...))
9.0911 	EXP 	Created center_practice = GratingStim(__class__=<class 'psychopy.visual.grating.GratingStim'>, anchor='center', autoDraw=False, autoLog=True, blendmode='avg', color=array([1., 1., 1.]), colorSpace='rgb', contrast=1.0, depth=-1.0, draggable=False, interpolate=True, mask='circle', maskParams=None, name='center_practice', opacity=1, ori=1.0, phase=array([0., 0.]), pos=array([0., 0.]), rgbPedestal=array([0., 0., 0.]), sf=array([5., 5.]), size=array([0.25, 0.25]), tex='sin', texRes=128.0, units='height', win=Window(...))
9.0927 	EXP 	Created text_9 = TextStim(__class__=<class 'psychopy.visual.text.TextStim'>, alignHoriz=method-wrapper(...), alignText='center', alignVert=method-wrapper(...), anchorHoriz='center', anchorVert='center', antialias=True, autoDraw=False, autoLog=True, bold=False, color=array([1., 1., 1.]), colorSpace='rgb', contrast=1.0, depth=-3.0, draggable=False, flipHoriz=False, flipVert=False, font='Arial', fontFiles=[], height=0.05, italic=False, languageStyle='LTR', name='text_9', opacity=1, ori=0.0, pos=array([0., 0.]), rgb=UNKNOWN, text='+', units='height', win=Window(...), wrapWidth=1)
9.0962 	EXP 	Created text_11 = TextStim(__class__=<class 'psychopy.visual.text.TextStim'>, alignHoriz=method-wrapper(...), alignText='center', alignVert=method-wrapper(...), anchorHoriz='center', anchorVert='center', antialias=True, autoDraw=False, autoLog=True, bold=False, color=array([1., 1., 1.]), colorSpace='rgb', contrast=1.0, depth=-4.0, draggable=False, flipHoriz=False, flipVert=False, font='Arial', fontFiles=[], height=0.05, italic=False, languageStyle='LTR', name='text_11', opacity=1, ori=0.0, pos=array([0., 0.]), rgb=UNKNOWN, text=str(...), units='height', win=Window(...), wrapWidth=1)
9.0968 	EXP 	Created text_7 = TextStim(__class__=<class 'psychopy.visual.text.TextStim'>, alignHoriz=method-wrapper(...), alignText='center', alignVert=method-wrapper(...), anchorHoriz='center', anchorVert='center', antialias=True, autoDraw=False, autoLog=True, bold=False, color=array([1., 1., 1.]), colorSpace='rgb', contrast=1.0, depth=-1.0, draggable=False, flipHoriz=False, flipVert=False, font='Arial', fontFiles=[], height=0.05, italic=False, languageStyle='LTR', name='text_7', opacity=1, ori=0.0, pos=array([0., 0.]), rgb=UNKNOWN, text='', units='height', win=Window(...), wrapWidth=1)
9.1040 	EXP 	Created text_8 = TextStim(__class__=<class 'psychopy.visual.text.TextStim'>, alignHoriz=method-wrapper(...), alignText='center', alignVert=method-wrapper(...), anchorHoriz='center', anchorVert='center', antialias=True, autoDraw=False, autoLog=True, bold=False, color=array([1., 1., 1.]), colorSpace='rgb', contrast=1.0, depth=0.0, draggable=False, flipHoriz=False, flipVert=False, font='Arial', fontFiles=[], height=0.05, italic=False, languageStyle='LTR', name='text_8', opacity=1, ori=0.0, pos=array([0., 0.]), rgb=UNKNOWN, text=str(...), units='height', win=Window(...), wrapWidth=1)
9.1057 	EXP 	Created surround_practice_2 = GratingStim(__class__=<class 'psychopy.visual.grating.GratingStim'>, anchor='center', autoDraw=False, autoLog=True, blendmode='avg', color=array([1., 1., 1.]), colorSpace='rgb', contrast=1.0, depth=0.0, draggable=False, interpolate=True, mask='circle', maskParams=None, name='surround_practice_2', opacity=1.0, ori=1.0, phase=array([0., 0.]), pos=array([0., 0.]), rgbPedestal=array([0., 0., 0.]), sf=array([2.5, 2.5]), size=array([5., 5.]), tex='sin', texRes=128.0, units='cm', win=Window(...))
9.1071 	EXP 	Created center_practice_2 = GratingStim(__class__=<class 'psychopy.visual.grating.GratingStim'>, anchor='center', autoDraw=False, autoLog=True, blendmode='avg', color=array([1., 1., 1.]), colorSpace='rgb', contrast=1.0, depth=-1.0, draggable=False, interpolate=True, mask='circle', maskParams=None, name='center_practice_2', opacity=1, ori=1.0, phase=array([0., 0.]), pos=array([0., 0.]), rgbPedestal=array([0., 0., 0.]), sf=array([2.5, 2.5]), size=array([1.25, 1.25]), tex='sin', texRes=128.0, units='height', win=Window(...))
9.1083 	EXP 	Created text_10 = TextStim(__class__=<class 'psychopy.visual.text.TextStim'>, alignHoriz=method-wrapper(...), alignText='center', alignVert=method-wrapper(...), anchorHoriz='center', anchorVert='center', antialias=True, autoDraw=False, autoLog=True, bold=False, color=array([1., 1., 1.]), colorSpace='rgb', contrast=1.0, depth=-3.0, draggable=False, flipHoriz=False, flipVert=False, font='Arial', fontFiles=[], height=0.05, italic=False, languageStyle='LTR', name='text_10', opacity=1, ori=0.0, pos=array([0., 0.]), rgb=UNKNOWN, text='+', units='height', win=Window(...), wrapWidth=1)
9.1107 	EXP 	Created text_12 = TextStim(__class__=<class 'psychopy.visual.text.TextStim'>, alignHoriz=method-wrapper(...), alignText='center', alignVert=method-wrapper(...), anchorHoriz='center', anchorVert='center', antialias=True, autoDraw=False, autoLog=True, bold=False, color=array([1., 1., 1.]), colorSpace='rgb', contrast=1.0, depth=-4.0, draggable=False, flipHoriz=False, flipVert=False, font='Arial', fontFiles=[], height=0.05, italic=False, languageStyle='LTR', name='text_12', opacity=1, ori=0.0, pos=array([0., 0.]), rgb=UNKNOWN, text=str(...), units='height', win=Window(...), wrapWidth=1)
9.1112 	EXP 	Created text_7 = TextStim(__class__=<class 'psychopy.visual.text.TextStim'>, alignHoriz=method-wrapper(...), alignText='center', alignVert=method-wrapper(...), anchorHoriz='center', anchorVert='center', antialias=True, autoDraw=False, autoLog=True, bold=False, color=array([1., 1., 1.]), colorSpace='rgb', contrast=1.0, depth=-1.0, draggable=False, flipHoriz=False, flipVert=False, font='Arial', fontFiles=[], height=0.05, italic=False, languageStyle='LTR', name='text_7', opacity=1, ori=0.0, pos=array([0., 0.]), rgb=UNKNOWN, text='', units='height', win=Window(...), wrapWidth=1)
9.1157 	EXP 	Created text_13 = TextStim(__class__=<class 'psychopy.visual.text.TextStim'>, alignHoriz=method-wrapper(...), alignText='center', alignVert=method-wrapper(...), anchorHoriz='center', anchorVert='center', antialias=True, autoDraw=False, autoLog=True, bold=False, color=array([1., 1., 1.]), colorSpace='rgb', contrast=1.0, depth=0.0, draggable=False, flipHoriz=False, flipVert=False, font='Arial', fontFiles=[], height=0.05, italic=False, languageStyle='LTR', name='text_13', opacity=1, ori=0.0, pos=array([0., 0.]), rgb=UNKNOWN, text=str(...), units='height', win=Window(...), wrapWidth=1)
9.1171 	EXP 	Created surround_grating = GratingStim(__class__=<class 'psychopy.visual.grating.GratingStim'>, anchor='center', autoDraw=False, autoLog=True, blendmode='avg', color=array([1., 1., 1.]), colorSpace='rgb', contrast=1.0, depth=-1.0, draggable=False, interpolate=True, mask='circle', maskParams=None, name='surround_grating', opacity=1.0, ori=1.0, phase=array([0., 0.]), pos=array([0., 0.]), rgbPedestal=array([0., 0., 0.]), sf=array([2.5, 2.5]), size=array([5., 5.]), tex='sin', texRes=128.0, units='cm', win=Window(...))
9.1185 	EXP 	Created center_grating = GratingStim(__class__=<class 'psychopy.visual.grating.GratingStim'>, anchor='center', autoDraw=False, autoLog=True, blendmode='avg', color=array([1., 1., 1.]), colorSpace='rgb', contrast=1.0, depth=-2.0, draggable=False, interpolate=True, mask='circle', maskParams=None, name='center_grating', opacity=1, ori=1.0, phase=array([0., 0.]), pos=array([0., 0.]), rgbPedestal=array([0., 0., 0.]), sf=array([2.5, 2.5]), size=array([1.25, 1.25]), tex='sin', texRes=128.0, units='cm', win=Window(...))
9.1198 	EXP 	Created text_2 = TextStim(__class__=<class 'psychopy.visual.text.TextStim'>, alignHoriz=method-wrapper(...), alignText='center', alignVert=method-wrapper(...), anchorHoriz='center', anchorVert='center', antialias=True, autoDraw=False, autoLog=True, bold=False, color=array([1., 1., 1.]), colorSpace='rgb', contrast=1.0, depth=-4.0, draggable=False, flipHoriz=False, flipVert=False, font='Arial', fontFiles=[], height=0.05, italic=False, languageStyle='LTR', name='text_2', opacity=1, ori=0.0, pos=array([0., 0.]), rgb=UNKNOWN, text='+', units='height', win=Window(...), wrapWidth=1)
9.1221 	EXP 	Created text_3 = TextStim(__class__=<class 'psychopy.visual.text.TextStim'>, alignHoriz=method-wrapper(...), alignText='center', alignVert=method-wrapper(...), anchorHoriz='center', anchorVert='center', antialias=True, autoDraw=False, autoLog=True, bold=False, color=array([1., 1., 1.]), colorSpace='rgb', contrast=1.0, depth=-5.0, draggable=False, flipHoriz=False, flipVert=False, font='Arial', fontFiles=[], height=0.05, italic=False, languageStyle='LTR', name='text_3', opacity=1, ori=0.0, pos=array([0., 0.]), rgb=UNKNOWN, text=str(...), units='height', win=Window(...), wrapWidth=1)
9.1239 	EXP 	Created text_4 = TextStim(__class__=<class 'psychopy.visual.text.TextStim'>, alignHoriz=method-wrapper(...), alignText='center', alignVert=method-wrapper(...), anchorHoriz='center', anchorVert='center', antialias=True, autoDraw=False, autoLog=True, bold=False, color=array([1., 1., 1.]), colorSpace='rgb', contrast=1.0, depth=0.0, draggable=False, flipHoriz=False, flipVert=False, font='Arial', fontFiles=[], height=0.05, italic=False, languageStyle='LTR', name='text_4', opacity=1, ori=0.0, pos=array([0., 0.]), rgb=UNKNOWN, text='thank you and have a pleasant day ', units='height', win=Window(...), wrapWidth=1)
0.0237 	INFO 	Keyboard events cleared
0.0234 	EXP 	text_5: autoDraw = True
0.4439 	DATA 	Keypress: space
0.4476 	INFO 	Keyboard events cleared
0.4473 	WARNING 	t of last frame was 28.44ms (=1/35)
0.4473 	EXP 	text_5: autoDraw = False
0.4473 	EXP 	text_6: autoDraw = True
0.7037 	DEBUG 	Read csv file with pandas: tilt_practice_1.csv
0.7047 	DEBUG 	Clearing unnamed columns from tilt_practice_1.csv
0.7051 	EXP 	Imported tilt_practice_1.csv as conditions, 4 conditions, 3 params
0.7054 	EXP 	New trial (rep=0, index=0): <Trial 0 (0 in rep 0) data={'center': 30, 'surround': 0, 'correct': 'right', 'thisN': 0, 'thisTrialN': 0, 'thisRepN': 0}>
0.7127 	DATA 	Keypress: space
0.7155 	INFO 	Keyboard events cleared
0.7152 	EXP 	text_6: autoDraw = False
0.7152 	EXP 	surround_practice: ori = 0.0
0.7152 	EXP 	center_practice: ori = 30.0
0.7152 	EXP 	text_9: autoDraw = True
1.1973 	EXP 	surround_practice: autoDraw = True
1.1973 	EXP 	center_practice: autoDraw = True
1.1973 	EXP 	surround_practice: tex = 'sin'
1.1973 	EXP 	center_practice: tex = 'sin'
1.2139 	EXP 	text_9: autoDraw = False
2.1858 	EXP 	surround_practice: autoDraw = False
2.1858 	EXP 	center_practice: autoDraw = False
2.1979 	EXP 	text_11: autoDraw = True
4.6248 	DATA 	Keypress: escape
4.6365 	WARNING 	t of last frame was 39.14ms (=1/25)
4.7497 	EXP 	tilt_staircase: status = STOPPED
4.7518 	EXP 	text_11: autoDraw = False
4.7534 	EXP 	tilt_staircase: status = STOPPED
4.7557 	INFO 	saved data to '/Users/bwinsto2/Downloads/data/920787_tilt_staircase_2025-08-14_14h37.00.444.csv'
4.7572 	INFO 	saved data to /Users/bwinsto2/Downloads/data/920787_tilt_staircase_2025-08-14_14h37.00.444.psydat
5.1438 	DEBUG 	Saving data for tilt_staircase ExperimentHandler
