4.8225 	DEBUG 	Fullscreen settings ignored as running in pilot mode.
4.8234 	INFO 	Loaded monitor calibration from ['2025_01_25 22:17']
5.0200 	EXP 	Created window1 = Window(allowGUI=False, allowStencil=False, autoLog=True, backendConf=UNKNOWN, backgroundFit=<method-wrapper '__getattribute__' of attributeSetter object at 0x7fbd7a4f7b20>, backgroundImage=<method-wrapper '__getattribute__' of attributeSetter object at 0x7fbd7a4f7a00>, bitsMode=UNKNOWN, blendMode='avg', bpc=(8, 8, 8), color=array([0, 0, 0]), colorSpace='rgb', depthBits=8, fullscr=False, gamma=None, gammaErrorPolicy='raise', infoMsg=UNKNOWN, lms=UNKNOWN, monitor=<psychopy.monitors.calibTools.Monitor object at 0x7fbd7a523520>, multiSample=False, name='window1', numSamples=2, pos=[1320.0, 420.0], screen=1, size=array([800, 600]), stencilBits=0, stereo=False, title='PsychoPy', units='height', useFBO=True, useRetina=False, viewOri=0.0, viewPos=None, viewScale=None, waitBlanking=True, winType='pyglet')
5.0201 	EXP 	window1: backgroundImage = ''
5.0201 	EXP 	window1: backgroundFit = 'none'
5.0300 	DEBUG 	TextBox2 loaded 1 chars with 0 blanks and 1 valid
5.0307 	DEBUG 	TextBox2 loaded 1 chars with 0 blanks and 1 valid
5.0316 	DEBUG 	TextBox2 loaded 1 chars with 0 blanks and 1 valid
5.0326 	DEBUG 	TextBox2 loaded 1 chars with 0 blanks and 1 valid
5.0335 	DEBUG 	TextBox2 loaded 1 chars with 0 blanks and 1 valid
5.0340 	DEBUG 	TextBox2 loaded 1 chars with 0 blanks and 1 valid
5.0347 	DEBUG 	TextBox2 loaded 1 chars with 0 blanks and 1 valid
5.0356 	DEBUG 	TextBox2 loaded 1 chars with 0 blanks and 1 valid
5.0360 	DEBUG 	TextBox2 loaded 1 chars with 0 blanks and 1 valid
5.0364 	DEBUG 	TextBox2 loaded 1 chars with 0 blanks and 1 valid
5.0371 	DEBUG 	TextBox2 loaded 1 chars with 0 blanks and 1 valid
5.0378 	DEBUG 	TextBox2 loaded 1 chars with 0 blanks and 1 valid
5.0384 	DEBUG 	TextBox2 loaded 1 chars with 0 blanks and 1 valid
5.0392 	DEBUG 	TextBox2 loaded 1 chars with 0 blanks and 1 valid
5.0398 	DEBUG 	TextBox2 loaded 1 chars with 0 blanks and 1 valid
5.0405 	DEBUG 	TextBox2 loaded 1 chars with 0 blanks and 1 valid
5.0413 	DEBUG 	TextBox2 loaded 1 chars with 0 blanks and 1 valid
5.0417 	DEBUG 	TextBox2 loaded 1 chars with 0 blanks and 1 valid
5.0422 	DEBUG 	TextBox2 loaded 1 chars with 0 blanks and 1 valid
5.0431 	DEBUG 	TextBox2 loaded 1 chars with 0 blanks and 1 valid
5.0435 	DEBUG 	TextBox2 loaded 1 chars with 0 blanks and 1 valid
5.0438 	DEBUG 	Uploading Texture Font fontname to graphics card
5.0480 	DEBUG 	Upload of Texture Font fontname complete
5.0540 	DEBUG 	TextBox2 loaded 1 chars with 0 blanks and 1 valid
5.0549 	DEBUG 	TextBox2 loaded 1 chars with 0 blanks and 1 valid
5.0558 	DEBUG 	TextBox2 loaded 1 chars with 0 blanks and 1 valid
5.0560 	DEBUG 	Uploading Texture Font fontname to graphics card
5.0582 	DEBUG 	Upload of Texture Font fontname complete
5.0599 	EXP 	window1: Attempting to measure frame rate of screen (1) ...
5.0600 	EXP 	window1: recordFrameIntervals = False
5.2977 	EXP 	window1: recordFrameIntervals = True
6.2107 	WARNING 	Couldn't measure a consistent frame rate!
  - Is your graphics card set to sync to vertical blank?
  - Are you running other processes on your computer?

6.2169 	DEBUG 	TextBox2 loaded 1 chars with 0 blanks and 1 valid
6.2179 	DEBUG 	TextBox2 loaded 1 chars with 0 blanks and 1 valid
6.2193 	DEBUG 	TextBox2 loaded 1 chars with 0 blanks and 1 valid
6.2205 	DEBUG 	TextBox2 loaded 1 chars with 0 blanks and 1 valid
6.2215 	DEBUG 	TextBox2 loaded 1 chars with 0 blanks and 1 valid
6.2227 	DEBUG 	TextBox2 loaded 1 chars with 0 blanks and 1 valid
6.2233 	DEBUG 	TextBox2 loaded 1 chars with 0 blanks and 1 valid
6.2247 	DEBUG 	TextBox2 loaded 1 chars with 0 blanks and 1 valid
6.2261 	DEBUG 	TextBox2 loaded 1 chars with 0 blanks and 1 valid
6.2271 	DEBUG 	TextBox2 loaded 1 chars with 0 blanks and 1 valid
6.2274 	DEBUG 	Uploading Texture Font fontname to graphics card
6.2300 	DEBUG 	Upload of Texture Font fontname complete
6.2537 	WARNING 	launchHubServer: If using the iohub mouse or eyetracker devices, fullScr should be True.
9.6197 	INFO 	keyboard.Keyboard is using iohub backend.
9.6198 	INFO 	keyboard.Keyboard is using iohub backend.
9.6198 	EXP 	tilt_staircase: status = STARTED
9.6249 	EXP 	Created surround = GratingStim(__class__=<class 'psychopy.visual.grating.GratingStim'>, anchor='center', autoDraw=False, autoLog=True, blendmode='avg', color=array([1., 1., 1.]), colorSpace='rgb', contrast=1.0, depth=-1.0, draggable=False, interpolate=True, mask='circle', maskParams=None, name='surround', opacity=1, ori=1.0, phase=array([0., 0.]), pos=array([0., 0.]), rgbPedestal=array([0., 0., 0.]), sf=array([7., 7.]), size=array([0.75, 0.75]), tex='sin', texRes=128.0, units='height', win=Window(...))
9.6263 	EXP 	Created center = GratingStim(__class__=<class 'psychopy.visual.grating.GratingStim'>, anchor='center', autoDraw=False, autoLog=True, blendmode='avg', color=array([1., 1., 1.]), colorSpace='rgb', contrast=1.0, depth=-2.0, draggable=False, interpolate=True, mask='circle', maskParams=None, name='center', opacity=1, ori=1.0, phase=array([0., 0.]), pos=array([0., 0.]), rgbPedestal=array([0., 0., 0.]), sf=array([2., 2.]), size=array([0.3, 0.3]), tex='sin', texRes=128.0, units='height', win=Window(...))
9.6487 	EXP 	Created text_2 = TextStim(__class__=<class 'psychopy.visual.text.TextStim'>, alignHoriz=method-wrapper(...), alignText='center', alignVert=method-wrapper(...), anchorHoriz='center', anchorVert='center', antialias=True, autoDraw=False, autoLog=True, bold=False, color=array([1., 1., 1.]), colorSpace='rgb', contrast=1.0, depth=-4.0, draggable=False, flipHoriz=False, flipVert=False, font='Arial', fontFiles=[], height=0.05, italic=False, languageStyle='LTR', name='text_2', opacity=1, ori=0.0, pos=array([0., 0.]), rgb=UNKNOWN, text='+', units='height', win=Window(...), wrapWidth=1)
9.6552 	EXP 	Created text_3 = TextStim(__class__=<class 'psychopy.visual.text.TextStim'>, alignHoriz=method-wrapper(...), alignText='center', alignVert=method-wrapper(...), anchorHoriz='center', anchorVert='center', antialias=True, autoDraw=False, autoLog=True, bold=False, color=array([1., 1., 1.]), colorSpace='rgb', contrast=1.0, depth=-5.0, draggable=False, flipHoriz=False, flipVert=False, font='Arial', fontFiles=[], height=0.05, italic=False, languageStyle='LTR', name='text_3', opacity=1, ori=0.0, pos=array([0., 0.]), rgb=UNKNOWN, text=str(...), units='height', win=Window(...), wrapWidth=1)
0.0132 	DEBUG 	Read csv file with pandas: tilt_staircase.csv
0.0143 	DEBUG 	Clearing unnamed columns from tilt_staircase.csv
0.0149 	EXP 	Imported tilt_staircase.csv as conditions, 2 conditions, 10 params
0.0955 	DEBUG 	Using /Applications/PsychoPy.app/Contents/Resources/lib/python3.8/psychopy/data/staircase.py as origin file
0.0957 	DEBUG 	Using /Applications/PsychoPy.app/Contents/Resources/lib/python3.8/psychopy/data/staircase.py as origin file
0.1009 	INFO 	Keyboard events cleared
0.1007 	WARNING 	t of last frame was 97.70ms (=1/10)
0.1007 	EXP 	surround: ori = 50.0
0.1007 	EXP 	center: ori = 20.0
0.1007 	EXP 	text_2: autoDraw = True
0.4948 	EXP 	surround: autoDraw = True
0.4948 	EXP 	center: autoDraw = True
0.4948 	EXP 	surround: tex = 'sin'
0.4948 	EXP 	center: tex = 'sin'
0.5906 	EXP 	surround: autoDraw = False
0.5906 	EXP 	center: autoDraw = False
0.5906 	EXP 	text_2: autoDraw = False
0.5906 	EXP 	text_3: autoDraw = True
1.8330 	DATA 	Keypress: right
1.8377 	INFO 	Keyboard events cleared
1.8374 	WARNING 	t of last frame was 63.84ms (=1/15)
1.8374 	EXP 	surround: autoDraw = False
1.8374 	EXP 	center: autoDraw = False
1.8374 	EXP 	text_2: autoDraw = False
1.8374 	EXP 	text_3: autoDraw = False
1.8374 	EXP 	surround: ori = 10.0
1.8374 	EXP 	center: ori = -20.0
1.8374 	EXP 	text_2: autoDraw = True
2.2913 	EXP 	surround: autoDraw = True
2.2913 	EXP 	center: autoDraw = True
2.3242 	EXP 	text_2: autoDraw = False
2.3877 	EXP 	surround: autoDraw = False
2.3877 	EXP 	center: autoDraw = False
2.3907 	EXP 	text_3: autoDraw = True
3.8130 	DATA 	Keypress: left
3.8219 	INFO 	Keyboard events cleared
3.8217 	EXP 	surround: autoDraw = False
3.8217 	EXP 	center: autoDraw = False
3.8217 	EXP 	text_2: autoDraw = False
3.8217 	EXP 	text_3: autoDraw = False
3.8217 	EXP 	surround: ori = 15.0
3.8217 	EXP 	center: ori = -15.0
3.8217 	EXP 	text_2: autoDraw = True
4.3088 	EXP 	surround: autoDraw = True
4.3088 	EXP 	center: autoDraw = True
4.3088 	EXP 	text_2: autoDraw = False
4.4053 	EXP 	surround: autoDraw = False
4.4053 	EXP 	center: autoDraw = False
4.4089 	EXP 	text_3: autoDraw = True
5.7480 	DATA 	Keypress: left
5.7494 	INFO 	Keyboard events cleared
5.7492 	EXP 	surround: autoDraw = False
5.7492 	EXP 	center: autoDraw = False
5.7492 	EXP 	text_2: autoDraw = False
5.7492 	EXP 	text_3: autoDraw = False
5.7492 	EXP 	surround: ori = 45.0
5.7492 	EXP 	center: ori = 15.0
5.7492 	EXP 	text_2: autoDraw = True
6.2394 	EXP 	surround: autoDraw = True
6.2394 	EXP 	center: autoDraw = True
6.2430 	EXP 	text_2: autoDraw = False
6.3258 	EXP 	surround: autoDraw = False
6.3258 	EXP 	center: autoDraw = False
6.3395 	EXP 	text_3: autoDraw = True
7.4942 	DATA 	Keypress: right
7.4955 	INFO 	Keyboard events cleared
7.4953 	EXP 	surround: autoDraw = False
7.4953 	EXP 	center: autoDraw = False
7.4953 	EXP 	text_2: autoDraw = False
7.4953 	EXP 	text_3: autoDraw = False
7.4953 	EXP 	surround: ori = 20.0
7.4953 	EXP 	center: ori = -10.0
7.4953 	EXP 	text_2: autoDraw = True
7.9902 	EXP 	surround: autoDraw = True
7.9902 	EXP 	center: autoDraw = True
7.9936 	EXP 	text_2: autoDraw = False
8.0771 	EXP 	surround: autoDraw = False
8.0771 	EXP 	center: autoDraw = False
8.0903 	EXP 	text_3: autoDraw = True
8.9785 	DATA 	Keypress: left
8.9799 	INFO 	Keyboard events cleared
8.9797 	EXP 	surround: autoDraw = False
8.9797 	EXP 	center: autoDraw = False
8.9797 	EXP 	text_2: autoDraw = False
8.9797 	EXP 	text_3: autoDraw = False
8.9797 	EXP 	surround: ori = 40.0
8.9797 	EXP 	center: ori = 10.0
8.9797 	EXP 	text_2: autoDraw = True
9.4742 	EXP 	surround: autoDraw = True
9.4742 	EXP 	center: autoDraw = True
9.4776 	EXP 	text_2: autoDraw = False
9.5606 	EXP 	surround: autoDraw = False
9.5606 	EXP 	center: autoDraw = False
9.5743 	EXP 	text_3: autoDraw = True
10.3824 	DATA 	Keypress: right
10.3953 	INFO 	Keyboard events cleared
10.3951 	EXP 	surround: autoDraw = False
10.3951 	EXP 	center: autoDraw = False
10.3951 	EXP 	text_2: autoDraw = False
10.3951 	EXP 	text_3: autoDraw = False
10.3951 	EXP 	surround: ori = 25.0
10.3951 	EXP 	center: ori = -5.0
10.3951 	EXP 	text_2: autoDraw = True
10.8916 	EXP 	surround: autoDraw = True
10.8916 	EXP 	center: autoDraw = True
10.8916 	EXP 	text_2: autoDraw = False
10.9785 	EXP 	surround: autoDraw = False
10.9785 	EXP 	center: autoDraw = False
10.9916 	EXP 	text_3: autoDraw = True
11.1654 	WARNING 	t of last frame was 20.29ms (=1/49)
16.0157 	DATA 	Keypress: left
16.0172 	INFO 	Keyboard events cleared
16.0170 	EXP 	surround: autoDraw = False
16.0170 	EXP 	center: autoDraw = False
16.0170 	EXP 	text_2: autoDraw = False
16.0170 	EXP 	text_3: autoDraw = False
16.0170 	EXP 	surround: ori = 35.0
16.0170 	EXP 	center: ori = 5.0
16.0170 	EXP 	text_2: autoDraw = True
16.5108 	EXP 	surround: autoDraw = True
16.5108 	EXP 	center: autoDraw = True
16.5143 	EXP 	text_2: autoDraw = False
16.5980 	EXP 	surround: autoDraw = False
16.5980 	EXP 	center: autoDraw = False
16.6108 	EXP 	text_3: autoDraw = True
18.0189 	DATA 	Keypress: right
18.0283 	INFO 	Keyboard events cleared
18.0281 	EXP 	surround: autoDraw = False
18.0281 	EXP 	center: autoDraw = False
18.0281 	EXP 	text_2: autoDraw = False
18.0281 	EXP 	text_3: autoDraw = False
18.0281 	EXP 	surround: ori = 30.0
18.0281 	EXP 	center: ori = 0.0
18.0281 	EXP 	text_2: autoDraw = True
18.5156 	EXP 	surround: autoDraw = True
18.5156 	EXP 	center: autoDraw = True
18.5156 	EXP 	text_2: autoDraw = False
18.6118 	EXP 	surround: autoDraw = False
18.6118 	EXP 	center: autoDraw = False
18.6118 	EXP 	text_3: autoDraw = True
22.2505 	DATA 	Keypress: right
22.2519 	INFO 	Keyboard events cleared
22.2517 	EXP 	surround: autoDraw = False
22.2517 	EXP 	center: autoDraw = False
22.2517 	EXP 	text_2: autoDraw = False
22.2517 	EXP 	text_3: autoDraw = False
22.2517 	EXP 	surround: ori = 30.0
22.2517 	EXP 	center: ori = 0.0
22.2517 	EXP 	text_2: autoDraw = True
22.7468 	EXP 	surround: autoDraw = True
22.7468 	EXP 	center: autoDraw = True
22.7495 	EXP 	text_2: autoDraw = False
22.8329 	EXP 	surround: autoDraw = False
22.8329 	EXP 	center: autoDraw = False
22.8470 	EXP 	text_3: autoDraw = True
24.0545 	DATA 	Keypress: left
24.0643 	INFO 	Keyboard events cleared
24.0641 	EXP 	surround: autoDraw = False
24.0641 	EXP 	center: autoDraw = False
24.0641 	EXP 	text_2: autoDraw = False
24.0641 	EXP 	text_3: autoDraw = False
24.0641 	EXP 	surround: ori = 32.0
24.0641 	EXP 	center: ori = 2.0
24.0641 	EXP 	text_2: autoDraw = True
24.5507 	EXP 	surround: autoDraw = True
24.5507 	EXP 	center: autoDraw = True
24.5507 	EXP 	text_2: autoDraw = False
24.6477 	EXP 	surround: autoDraw = False
24.6477 	EXP 	center: autoDraw = False
24.6504 	EXP 	text_3: autoDraw = True
25.8360 	DATA 	Keypress: right
25.8373 	INFO 	Keyboard events cleared
25.8371 	EXP 	surround: autoDraw = False
25.8371 	EXP 	center: autoDraw = False
25.8371 	EXP 	text_2: autoDraw = False
25.8371 	EXP 	text_3: autoDraw = False
25.8371 	EXP 	surround: ori = 28.0
25.8371 	EXP 	center: ori = -2.0
25.8371 	EXP 	text_2: autoDraw = True
26.3318 	EXP 	surround: autoDraw = True
26.3318 	EXP 	center: autoDraw = True
26.3349 	EXP 	text_2: autoDraw = False
26.4185 	EXP 	surround: autoDraw = False
26.4185 	EXP 	center: autoDraw = False
26.4319 	EXP 	text_3: autoDraw = True
27.5202 	DATA 	Keypress: left
27.5216 	INFO 	Keyboard events cleared
27.5214 	EXP 	surround: autoDraw = False
27.5214 	EXP 	center: autoDraw = False
27.5214 	EXP 	text_2: autoDraw = False
27.5214 	EXP 	text_3: autoDraw = False
27.5214 	EXP 	surround: ori = 29.0
27.5214 	EXP 	center: ori = -1.0
27.5214 	EXP 	text_2: autoDraw = True
28.0159 	EXP 	surround: autoDraw = True
28.0159 	EXP 	center: autoDraw = True
28.0191 	EXP 	text_2: autoDraw = False
28.1025 	EXP 	surround: autoDraw = False
28.1025 	EXP 	center: autoDraw = False
28.1160 	EXP 	text_3: autoDraw = True
29.2447 	DATA 	Keypress: left
29.2500 	INFO 	Keyboard events cleared
29.2498 	EXP 	surround: autoDraw = False
29.2498 	EXP 	center: autoDraw = False
29.2498 	EXP 	text_2: autoDraw = False
29.2498 	EXP 	text_3: autoDraw = False
29.2498 	EXP 	surround: ori = 31.0
29.2498 	EXP 	center: ori = 1.0
29.2498 	EXP 	text_2: autoDraw = True
29.7373 	EXP 	surround: autoDraw = True
29.7373 	EXP 	center: autoDraw = True
29.7373 	EXP 	text_2: autoDraw = False
29.8335 	EXP 	surround: autoDraw = False
29.8335 	EXP 	center: autoDraw = False
29.8382 	EXP 	text_3: autoDraw = True
33.5062 	DATA 	Keypress: right
33.5075 	INFO 	Keyboard events cleared
33.5073 	EXP 	surround: autoDraw = False
33.5073 	EXP 	center: autoDraw = False
33.5073 	EXP 	text_2: autoDraw = False
33.5073 	EXP 	text_3: autoDraw = False
33.5073 	EXP 	surround: ori = 30.0
33.5073 	EXP 	center: ori = 0.0
33.5073 	EXP 	text_2: autoDraw = True
34.0020 	EXP 	surround: autoDraw = True
34.0020 	EXP 	center: autoDraw = True
34.0053 	EXP 	text_2: autoDraw = False
34.0886 	EXP 	surround: autoDraw = False
34.0886 	EXP 	center: autoDraw = False
34.1020 	EXP 	text_3: autoDraw = True
35.1234 	DATA 	Keypress: left
35.1248 	INFO 	Keyboard events cleared
35.1246 	EXP 	surround: autoDraw = False
35.1246 	EXP 	center: autoDraw = False
35.1246 	EXP 	text_2: autoDraw = False
35.1246 	EXP 	text_3: autoDraw = False
35.1246 	EXP 	surround: ori = 30.0
35.1246 	EXP 	center: ori = 0.0
35.1246 	EXP 	text_2: autoDraw = True
35.1973 	WARNING 	t of last frame was 25.22ms (=1/39)
35.6194 	EXP 	surround: autoDraw = True
35.6194 	EXP 	center: autoDraw = True
35.6228 	EXP 	text_2: autoDraw = False
35.7060 	EXP 	surround: autoDraw = False
35.7060 	EXP 	center: autoDraw = False
35.7195 	EXP 	text_3: autoDraw = True
36.7576 	DATA 	Keypress: left
36.7701 	INFO 	Keyboard events cleared
36.7699 	EXP 	surround: autoDraw = False
36.7699 	EXP 	center: autoDraw = False
36.7699 	EXP 	text_2: autoDraw = False
36.7699 	EXP 	text_3: autoDraw = False
36.7699 	EXP 	surround: ori = 31.0
36.7699 	EXP 	center: ori = 1.0
36.7699 	EXP 	text_2: autoDraw = True
37.2569 	EXP 	surround: autoDraw = True
37.2569 	EXP 	center: autoDraw = True
37.2569 	EXP 	text_2: autoDraw = False
37.3535 	EXP 	surround: autoDraw = False
37.3535 	EXP 	center: autoDraw = False
37.3570 	EXP 	text_3: autoDraw = True
38.3278 	DATA 	Keypress: left
38.3375 	INFO 	Keyboard events cleared
38.3373 	EXP 	surround: autoDraw = False
38.3373 	EXP 	center: autoDraw = False
38.3373 	EXP 	text_2: autoDraw = False
38.3373 	EXP 	text_3: autoDraw = False
38.3373 	EXP 	surround: ori = 30.5
38.3373 	EXP 	center: ori = 0.5
38.3373 	EXP 	text_2: autoDraw = True
38.8244 	EXP 	surround: autoDraw = True
38.8244 	EXP 	center: autoDraw = True
38.8244 	EXP 	text_2: autoDraw = False
38.9208 	EXP 	surround: autoDraw = False
38.9208 	EXP 	center: autoDraw = False
38.9243 	EXP 	text_3: autoDraw = True
40.5421 	DATA 	Keypress: left
40.5434 	INFO 	Keyboard events cleared
40.5432 	EXP 	surround: autoDraw = False
40.5432 	EXP 	center: autoDraw = False
40.5432 	EXP 	text_2: autoDraw = False
40.5432 	EXP 	text_3: autoDraw = False
40.5432 	EXP 	surround: ori = 31.0
40.5432 	EXP 	center: ori = 1.0
40.5432 	EXP 	text_2: autoDraw = True
41.0385 	EXP 	surround: autoDraw = True
41.0385 	EXP 	center: autoDraw = True
41.0417 	EXP 	text_2: autoDraw = False
41.1251 	EXP 	surround: autoDraw = False
41.1251 	EXP 	center: autoDraw = False
41.1385 	EXP 	text_3: autoDraw = True
42.5968 	DATA 	Keypress: right
42.6060 	INFO 	Keyboard events cleared
42.6059 	EXP 	surround: autoDraw = False
42.6059 	EXP 	center: autoDraw = False
42.6059 	EXP 	text_2: autoDraw = False
42.6059 	EXP 	text_3: autoDraw = False
42.6059 	EXP 	surround: ori = 32.0
42.6059 	EXP 	center: ori = 2.0
42.6059 	EXP 	text_2: autoDraw = True
43.0933 	EXP 	surround: autoDraw = True
43.0933 	EXP 	center: autoDraw = True
43.0933 	EXP 	text_2: autoDraw = False
43.1895 	EXP 	surround: autoDraw = False
43.1895 	EXP 	center: autoDraw = False
43.1930 	EXP 	text_3: autoDraw = True
43.9808 	DATA 	Keypress: right
43.9900 	INFO 	Keyboard events cleared
43.9898 	EXP 	surround: autoDraw = False
43.9898 	EXP 	center: autoDraw = False
43.9898 	EXP 	text_2: autoDraw = False
43.9898 	EXP 	text_3: autoDraw = False
43.9898 	EXP 	surround: ori = 31.5
43.9898 	EXP 	center: ori = 1.5
43.9898 	EXP 	text_2: autoDraw = True
44.4773 	EXP 	surround: autoDraw = True
44.4773 	EXP 	center: autoDraw = True
44.4773 	EXP 	text_2: autoDraw = False
44.5734 	EXP 	surround: autoDraw = False
44.5734 	EXP 	center: autoDraw = False
44.5768 	EXP 	text_3: autoDraw = True
45.5646 	DATA 	Keypress: right
45.5741 	INFO 	Keyboard events cleared
45.5739 	EXP 	surround: autoDraw = False
45.5739 	EXP 	center: autoDraw = False
45.5739 	EXP 	text_2: autoDraw = False
45.5739 	EXP 	text_3: autoDraw = False
45.5739 	EXP 	surround: ori = 30.75
45.5739 	EXP 	center: ori = 0.75
45.5739 	EXP 	text_2: autoDraw = True
46.0610 	EXP 	surround: autoDraw = True
46.0610 	EXP 	center: autoDraw = True
46.0610 	EXP 	text_2: autoDraw = False
46.1600 	EXP 	surround: autoDraw = False
46.1600 	EXP 	center: autoDraw = False
46.1741 	EXP 	text_3: autoDraw = True
47.8654 	DATA 	Keypress: right
47.8751 	INFO 	Keyboard events cleared
47.8749 	EXP 	surround: autoDraw = False
47.8749 	EXP 	center: autoDraw = False
47.8749 	EXP 	text_2: autoDraw = False
47.8749 	EXP 	text_3: autoDraw = False
47.8749 	EXP 	surround: ori = 31.0
47.8749 	EXP 	center: ori = 1.0
47.8749 	EXP 	text_2: autoDraw = True
48.3620 	EXP 	surround: autoDraw = True
48.3620 	EXP 	center: autoDraw = True
48.3620 	EXP 	text_2: autoDraw = False
48.4585 	EXP 	surround: autoDraw = False
48.4585 	EXP 	center: autoDraw = False
48.4620 	EXP 	text_3: autoDraw = True
49.3964 	DATA 	Keypress: right
49.3978 	INFO 	Keyboard events cleared
49.3976 	EXP 	surround: autoDraw = False
49.3976 	EXP 	center: autoDraw = False
49.3976 	EXP 	text_2: autoDraw = False
49.3976 	EXP 	text_3: autoDraw = False
49.3976 	EXP 	surround: ori = 30.5
49.3976 	EXP 	center: ori = 0.5
49.3976 	EXP 	text_2: autoDraw = True
49.8925 	EXP 	surround: autoDraw = True
49.8925 	EXP 	center: autoDraw = True
49.8958 	EXP 	text_2: autoDraw = False
49.9792 	EXP 	surround: autoDraw = False
49.9792 	EXP 	center: autoDraw = False
49.9926 	EXP 	text_3: autoDraw = True
50.7167 	DATA 	Keypress: left
50.7264 	INFO 	Keyboard events cleared
50.7262 	EXP 	surround: autoDraw = False
50.7262 	EXP 	center: autoDraw = False
50.7262 	EXP 	text_2: autoDraw = False
50.7262 	EXP 	text_3: autoDraw = False
50.7262 	EXP 	surround: ori = 30.5
50.7262 	EXP 	center: ori = 0.5
50.7262 	EXP 	text_2: autoDraw = True
51.2135 	EXP 	surround: autoDraw = True
51.2135 	EXP 	center: autoDraw = True
51.2135 	EXP 	text_2: autoDraw = False
51.3098 	EXP 	surround: autoDraw = False
51.3098 	EXP 	center: autoDraw = False
51.3131 	EXP 	text_3: autoDraw = True
51.9477 	DATA 	Keypress: left
51.9490 	INFO 	Keyboard events cleared
51.9488 	EXP 	surround: autoDraw = False
51.9488 	EXP 	center: autoDraw = False
51.9488 	EXP 	text_2: autoDraw = False
51.9488 	EXP 	text_3: autoDraw = False
51.9488 	EXP 	surround: ori = 30.6
51.9488 	EXP 	center: ori = 0.6
51.9488 	EXP 	text_2: autoDraw = True
52.4436 	EXP 	surround: autoDraw = True
52.4436 	EXP 	center: autoDraw = True
52.4472 	EXP 	text_2: autoDraw = False
52.5303 	EXP 	surround: autoDraw = False
52.5303 	EXP 	center: autoDraw = False
52.5436 	EXP 	text_3: autoDraw = True
53.1315 	DATA 	Keypress: left
53.1328 	INFO 	Keyboard events cleared
53.1327 	EXP 	surround: autoDraw = False
53.1327 	EXP 	center: autoDraw = False
53.1327 	EXP 	text_2: autoDraw = False
53.1327 	EXP 	text_3: autoDraw = False
53.1327 	EXP 	surround: ori = 30.7
53.1327 	EXP 	center: ori = 0.7
53.1327 	EXP 	text_2: autoDraw = True
53.6275 	EXP 	surround: autoDraw = True
53.6275 	EXP 	center: autoDraw = True
53.6310 	EXP 	text_2: autoDraw = False
53.7143 	EXP 	surround: autoDraw = False
53.7143 	EXP 	center: autoDraw = False
53.7276 	EXP 	text_3: autoDraw = True
55.5997 	DATA 	Keypress: left
55.6011 	INFO 	Keyboard events cleared
55.6008 	EXP 	surround: autoDraw = False
55.6008 	EXP 	center: autoDraw = False
55.6008 	EXP 	text_2: autoDraw = False
55.6008 	EXP 	text_3: autoDraw = False
55.6008 	EXP 	surround: ori = 30.75
55.6008 	EXP 	center: ori = 0.75
55.6008 	EXP 	text_2: autoDraw = True
56.0953 	EXP 	surround: autoDraw = True
56.0953 	EXP 	center: autoDraw = True
56.0985 	EXP 	text_2: autoDraw = False
56.1818 	EXP 	surround: autoDraw = False
56.1818 	EXP 	center: autoDraw = False
56.1953 	EXP 	text_3: autoDraw = True
57.1999 	DATA 	Keypress: left
57.2013 	INFO 	Keyboard events cleared
57.2011 	EXP 	surround: autoDraw = False
57.2011 	EXP 	center: autoDraw = False
57.2011 	EXP 	text_2: autoDraw = False
57.2011 	EXP 	text_3: autoDraw = False
57.2011 	EXP 	surround: ori = 31.0
57.2011 	EXP 	center: ori = 1.0
57.2011 	EXP 	text_2: autoDraw = True
57.6960 	EXP 	surround: autoDraw = True
57.6960 	EXP 	center: autoDraw = True
57.6995 	EXP 	text_2: autoDraw = False
57.7825 	EXP 	surround: autoDraw = False
57.7825 	EXP 	center: autoDraw = False
57.7960 	EXP 	text_3: autoDraw = True
59.7517 	DATA 	Keypress: left
59.7530 	INFO 	Keyboard events cleared
59.7528 	EXP 	surround: autoDraw = False
59.7528 	EXP 	center: autoDraw = False
59.7528 	EXP 	text_2: autoDraw = False
59.7528 	EXP 	text_3: autoDraw = False
59.7528 	EXP 	surround: ori = 30.8
59.7528 	EXP 	center: ori = 0.7999999999999999
59.7528 	EXP 	text_2: autoDraw = True
60.2471 	EXP 	surround: autoDraw = True
60.2471 	EXP 	center: autoDraw = True
60.2503 	EXP 	text_2: autoDraw = False
60.3333 	EXP 	surround: autoDraw = False
60.3333 	EXP 	center: autoDraw = False
60.3472 	EXP 	text_3: autoDraw = True
61.0185 	DATA 	Keypress: left
61.0198 	INFO 	Keyboard events cleared
61.0197 	EXP 	surround: autoDraw = False
61.0197 	EXP 	center: autoDraw = False
61.0197 	EXP 	text_2: autoDraw = False
61.0197 	EXP 	text_3: autoDraw = False
61.0197 	EXP 	surround: ori = 31.25
61.0197 	EXP 	center: ori = 1.25
61.0197 	EXP 	text_2: autoDraw = True
61.5144 	EXP 	surround: autoDraw = True
61.5144 	EXP 	center: autoDraw = True
61.5177 	EXP 	text_2: autoDraw = False
61.6009 	EXP 	surround: autoDraw = False
61.6009 	EXP 	center: autoDraw = False
61.6144 	EXP 	text_3: autoDraw = True
62.5525 	DATA 	Keypress: right
62.5539 	INFO 	Keyboard events cleared
62.5537 	EXP 	surround: autoDraw = False
62.5537 	EXP 	center: autoDraw = False
62.5537 	EXP 	text_2: autoDraw = False
62.5537 	EXP 	text_3: autoDraw = False
62.5537 	EXP 	surround: ori = 30.9
62.5537 	EXP 	center: ori = 0.8999999999999999
62.5537 	EXP 	text_2: autoDraw = True
63.0484 	EXP 	surround: autoDraw = True
63.0484 	EXP 	center: autoDraw = True
63.0518 	EXP 	text_2: autoDraw = False
63.1350 	EXP 	surround: autoDraw = False
63.1350 	EXP 	center: autoDraw = False
63.1485 	EXP 	text_3: autoDraw = True
64.4568 	DATA 	Keypress: right
64.4660 	INFO 	Keyboard events cleared
64.4657 	EXP 	surround: autoDraw = False
64.4657 	EXP 	center: autoDraw = False
64.4657 	EXP 	text_2: autoDraw = False
64.4657 	EXP 	text_3: autoDraw = False
64.4657 	EXP 	surround: ori = 30.8
64.4657 	EXP 	center: ori = 0.7999999999999999
64.4657 	EXP 	text_2: autoDraw = True
64.9533 	EXP 	surround: autoDraw = True
64.9533 	EXP 	center: autoDraw = True
64.9533 	EXP 	text_2: autoDraw = False
65.0493 	EXP 	surround: autoDraw = False
65.0493 	EXP 	center: autoDraw = False
65.0526 	EXP 	text_3: autoDraw = True
66.0069 	DATA 	Keypress: right
66.0167 	INFO 	Keyboard events cleared
66.0165 	EXP 	surround: autoDraw = False
66.0165 	EXP 	center: autoDraw = False
66.0165 	EXP 	text_2: autoDraw = False
66.0165 	EXP 	text_3: autoDraw = False
66.0165 	EXP 	surround: ori = 31.15
66.0165 	EXP 	center: ori = 1.15
66.0165 	EXP 	text_2: autoDraw = True
66.5035 	EXP 	surround: autoDraw = True
66.5035 	EXP 	center: autoDraw = True
66.5035 	EXP 	text_2: autoDraw = False
66.6000 	EXP 	surround: autoDraw = False
66.6000 	EXP 	center: autoDraw = False
66.6035 	EXP 	text_3: autoDraw = True
67.2878 	DATA 	Keypress: right
67.2891 	INFO 	Keyboard events cleared
67.2889 	EXP 	surround: autoDraw = False
67.2889 	EXP 	center: autoDraw = False
67.2889 	EXP 	text_2: autoDraw = False
67.2889 	EXP 	text_3: autoDraw = False
67.2889 	EXP 	surround: ori = 31.05
67.2889 	EXP 	center: ori = 1.0499999999999998
67.2889 	EXP 	text_2: autoDraw = True
67.7839 	EXP 	surround: autoDraw = True
67.7839 	EXP 	center: autoDraw = True
67.7876 	EXP 	text_2: autoDraw = False
67.8708 	EXP 	surround: autoDraw = False
67.8708 	EXP 	center: autoDraw = False
67.8840 	EXP 	text_3: autoDraw = True
68.8386 	DATA 	Keypress: right
68.8400 	INFO 	Keyboard events cleared
68.8398 	EXP 	surround: autoDraw = False
68.8398 	EXP 	center: autoDraw = False
68.8398 	EXP 	text_2: autoDraw = False
68.8398 	EXP 	text_3: autoDraw = False
68.8398 	EXP 	surround: ori = 30.7
68.8398 	EXP 	center: ori = 0.7
68.8398 	EXP 	text_2: autoDraw = True
69.3382 	EXP 	surround: autoDraw = True
69.3382 	EXP 	center: autoDraw = True
69.3382 	EXP 	text_2: autoDraw = False
69.4346 	EXP 	surround: autoDraw = False
69.4346 	EXP 	center: autoDraw = False
69.4346 	EXP 	text_3: autoDraw = True
70.5924 	DATA 	Keypress: right
70.6020 	INFO 	Keyboard events cleared
70.6018 	EXP 	surround: autoDraw = False
70.6018 	EXP 	center: autoDraw = False
70.6018 	EXP 	text_2: autoDraw = False
70.6018 	EXP 	text_3: autoDraw = False
70.6018 	EXP 	surround: ori = 30.6
70.6018 	EXP 	center: ori = 0.6
70.6018 	EXP 	text_2: autoDraw = True
71.0891 	EXP 	surround: autoDraw = True
71.0891 	EXP 	center: autoDraw = True
71.0891 	EXP 	text_2: autoDraw = False
71.1896 	EXP 	surround: autoDraw = False
71.1896 	EXP 	center: autoDraw = False
71.2020 	EXP 	text_3: autoDraw = True
71.8733 	DATA 	Keypress: right
71.8746 	INFO 	Keyboard events cleared
71.8745 	EXP 	surround: autoDraw = False
71.8745 	EXP 	center: autoDraw = False
71.8745 	EXP 	text_2: autoDraw = False
71.8745 	EXP 	text_3: autoDraw = False
71.8745 	EXP 	surround: ori = 30.95
71.8745 	EXP 	center: ori = 0.9499999999999998
71.8745 	EXP 	text_2: autoDraw = True
72.3693 	EXP 	surround: autoDraw = True
72.3693 	EXP 	center: autoDraw = True
72.3725 	EXP 	text_2: autoDraw = False
72.4555 	EXP 	surround: autoDraw = False
72.4555 	EXP 	center: autoDraw = False
72.4693 	EXP 	text_3: autoDraw = True
73.2239 	DATA 	Keypress: right
73.2251 	INFO 	Keyboard events cleared
73.2250 	EXP 	surround: autoDraw = False
73.2250 	EXP 	center: autoDraw = False
73.2250 	EXP 	text_2: autoDraw = False
73.2250 	EXP 	text_3: autoDraw = False
73.2250 	EXP 	surround: ori = 30.5
73.2250 	EXP 	center: ori = 0.5
73.2250 	EXP 	text_2: autoDraw = True
73.7199 	EXP 	surround: autoDraw = True
73.7199 	EXP 	center: autoDraw = True
73.7236 	EXP 	text_2: autoDraw = False
73.8200 	EXP 	surround: autoDraw = False
73.8200 	EXP 	center: autoDraw = False
73.8200 	EXP 	text_3: autoDraw = True
74.9914 	DATA 	Keypress: right
74.9928 	INFO 	Keyboard events cleared
74.9926 	EXP 	surround: autoDraw = False
74.9926 	EXP 	center: autoDraw = False
74.9926 	EXP 	text_2: autoDraw = False
74.9926 	EXP 	text_3: autoDraw = False
74.9926 	EXP 	surround: ori = 30.85
74.9926 	EXP 	center: ori = 0.8499999999999999
74.9926 	EXP 	text_2: autoDraw = True
75.4873 	EXP 	surround: autoDraw = True
75.4873 	EXP 	center: autoDraw = True
75.4907 	EXP 	text_2: autoDraw = False
75.5741 	EXP 	surround: autoDraw = False
75.5741 	EXP 	center: autoDraw = False
75.5874 	EXP 	text_3: autoDraw = True
76.3753 	DATA 	Keypress: right
76.3767 	INFO 	Keyboard events cleared
76.3764 	EXP 	surround: autoDraw = False
76.3764 	EXP 	center: autoDraw = False
76.3764 	EXP 	text_2: autoDraw = False
76.3764 	EXP 	text_3: autoDraw = False
76.3764 	EXP 	surround: ori = 30.75
76.3764 	EXP 	center: ori = 0.7499999999999999
76.3764 	EXP 	text_2: autoDraw = True
76.8714 	EXP 	surround: autoDraw = True
76.8714 	EXP 	center: autoDraw = True
76.8747 	EXP 	text_2: autoDraw = False
76.9579 	EXP 	surround: autoDraw = False
76.9579 	EXP 	center: autoDraw = False
76.9714 	EXP 	text_3: autoDraw = True
78.9934 	DATA 	Keypress: right
78.9948 	INFO 	Keyboard events cleared
78.9946 	EXP 	surround: autoDraw = False
78.9946 	EXP 	center: autoDraw = False
78.9946 	EXP 	text_2: autoDraw = False
78.9946 	EXP 	text_3: autoDraw = False
78.9946 	EXP 	surround: ori = 30.4
78.9946 	EXP 	center: ori = 0.4
78.9946 	EXP 	text_2: autoDraw = True
79.4892 	EXP 	surround: autoDraw = True
79.4892 	EXP 	center: autoDraw = True
79.4928 	EXP 	text_2: autoDraw = False
79.5759 	EXP 	surround: autoDraw = False
79.5759 	EXP 	center: autoDraw = False
79.5892 	EXP 	text_3: autoDraw = True
80.6610 	DATA 	Keypress: right
80.6623 	INFO 	Keyboard events cleared
80.6621 	EXP 	surround: autoDraw = False
80.6621 	EXP 	center: autoDraw = False
80.6621 	EXP 	text_2: autoDraw = False
80.6621 	EXP 	text_3: autoDraw = False
80.6621 	EXP 	surround: ori = 30.65
80.6621 	EXP 	center: ori = 0.6499999999999999
80.6621 	EXP 	text_2: autoDraw = True
81.1602 	EXP 	surround: autoDraw = True
81.1602 	EXP 	center: autoDraw = True
81.1733 	EXP 	text_2: autoDraw = False
81.2566 	EXP 	surround: autoDraw = False
81.2566 	EXP 	center: autoDraw = False
81.2566 	EXP 	text_3: autoDraw = True
83.3955 	DATA 	Keypress: right
83.3969 	INFO 	Keyboard events cleared
83.3966 	EXP 	surround: autoDraw = False
83.3966 	EXP 	center: autoDraw = False
83.3966 	EXP 	text_2: autoDraw = False
83.3966 	EXP 	text_3: autoDraw = False
83.3966 	EXP 	surround: ori = 30.3
83.3966 	EXP 	center: ori = 0.30000000000000004
83.3966 	EXP 	text_2: autoDraw = True
83.8910 	EXP 	surround: autoDraw = True
83.8910 	EXP 	center: autoDraw = True
83.8943 	EXP 	text_2: autoDraw = False
83.9779 	EXP 	surround: autoDraw = False
83.9779 	EXP 	center: autoDraw = False
83.9912 	EXP 	text_3: autoDraw = True
85.1628 	DATA 	Keypress: right
85.1641 	INFO 	Keyboard events cleared
85.1640 	EXP 	surround: autoDraw = False
85.1640 	EXP 	center: autoDraw = False
85.1640 	EXP 	text_2: autoDraw = False
85.1640 	EXP 	text_3: autoDraw = False
85.1640 	EXP 	surround: ori = 30.55
85.1640 	EXP 	center: ori = 0.5499999999999999
85.1640 	EXP 	text_2: autoDraw = True
85.6586 	EXP 	surround: autoDraw = True
85.6586 	EXP 	center: autoDraw = True
85.6623 	EXP 	text_2: autoDraw = False
85.7455 	EXP 	surround: autoDraw = False
85.7455 	EXP 	center: autoDraw = False
85.7587 	EXP 	text_3: autoDraw = True
86.0610 	WARNING 	Multiple dropped frames have occurred - I'll stop bothering you about them!
86.6168 	DATA 	Keypress: right
86.6260 	INFO 	Keyboard events cleared
86.6258 	EXP 	surround: autoDraw = False
86.6258 	EXP 	center: autoDraw = False
86.6258 	EXP 	text_2: autoDraw = False
86.6258 	EXP 	text_3: autoDraw = False
86.6258 	EXP 	surround: ori = 30.2
86.6258 	EXP 	center: ori = 0.20000000000000004
86.6258 	EXP 	text_2: autoDraw = True
87.1129 	EXP 	surround: autoDraw = True
87.1129 	EXP 	center: autoDraw = True
87.1129 	EXP 	text_2: autoDraw = False
87.2093 	EXP 	surround: autoDraw = False
87.2093 	EXP 	center: autoDraw = False
87.2129 	EXP 	text_3: autoDraw = True
88.2975 	DATA 	Keypress: left
88.2989 	INFO 	Keyboard events cleared
88.2987 	EXP 	surround: autoDraw = False
88.2987 	EXP 	center: autoDraw = False
88.2987 	EXP 	text_2: autoDraw = False
88.2987 	EXP 	text_3: autoDraw = False
88.2987 	EXP 	surround: ori = 30.45
88.2987 	EXP 	center: ori = 0.44999999999999996
88.2987 	EXP 	text_2: autoDraw = True
88.7934 	EXP 	surround: autoDraw = True
88.7934 	EXP 	center: autoDraw = True
88.7967 	EXP 	text_2: autoDraw = False
88.8800 	EXP 	surround: autoDraw = False
88.8800 	EXP 	center: autoDraw = False
88.8934 	EXP 	text_3: autoDraw = True
90.5654 	DATA 	Keypress: left
90.5667 	INFO 	Keyboard events cleared
90.5665 	EXP 	surround: autoDraw = False
90.5665 	EXP 	center: autoDraw = False
90.5665 	EXP 	text_2: autoDraw = False
90.5665 	EXP 	text_3: autoDraw = False
90.5665 	EXP 	surround: ori = 30.3
90.5665 	EXP 	center: ori = 0.30000000000000004
90.5665 	EXP 	text_2: autoDraw = True
91.0611 	EXP 	surround: autoDraw = True
91.0611 	EXP 	center: autoDraw = True
91.0646 	EXP 	text_2: autoDraw = False
91.1477 	EXP 	surround: autoDraw = False
91.1477 	EXP 	center: autoDraw = False
91.1611 	EXP 	text_3: autoDraw = True
91.7489 	DATA 	Keypress: left
91.7502 	INFO 	Keyboard events cleared
91.7500 	EXP 	surround: autoDraw = False
91.7500 	EXP 	center: autoDraw = False
91.7500 	EXP 	text_2: autoDraw = False
91.7500 	EXP 	text_3: autoDraw = False
91.7500 	EXP 	surround: ori = 30.4
91.7500 	EXP 	center: ori = 0.4
91.7500 	EXP 	text_2: autoDraw = True
92.2449 	EXP 	surround: autoDraw = True
92.2449 	EXP 	center: autoDraw = True
92.2480 	EXP 	text_2: autoDraw = False
92.3316 	EXP 	surround: autoDraw = False
92.3316 	EXP 	center: autoDraw = False
92.3449 	EXP 	text_3: autoDraw = True
92.8161 	DATA 	Keypress: left
92.8174 	INFO 	Keyboard events cleared
92.8172 	EXP 	surround: autoDraw = False
92.8172 	EXP 	center: autoDraw = False
92.8172 	EXP 	text_2: autoDraw = False
92.8172 	EXP 	text_3: autoDraw = False
92.8172 	EXP 	surround: ori = 30.55
92.8172 	EXP 	center: ori = 0.5499999999999999
92.8172 	EXP 	text_2: autoDraw = True
93.3121 	EXP 	surround: autoDraw = True
93.3121 	EXP 	center: autoDraw = True
93.3152 	EXP 	text_2: autoDraw = False
93.3986 	EXP 	surround: autoDraw = False
93.3986 	EXP 	center: autoDraw = False
93.4121 	EXP 	text_3: autoDraw = True
93.8195 	DATA 	Keypress: left
93.8292 	INFO 	Keyboard events cleared
93.8290 	EXP 	surround: autoDraw = False
93.8290 	EXP 	center: autoDraw = False
93.8290 	EXP 	text_2: autoDraw = False
93.8290 	EXP 	text_3: autoDraw = False
93.8290 	EXP 	surround: ori = 30.5
93.8290 	EXP 	center: ori = 0.5
93.8290 	EXP 	text_2: autoDraw = True
94.3157 	EXP 	surround: autoDraw = True
94.3157 	EXP 	center: autoDraw = True
94.3157 	EXP 	text_2: autoDraw = False
94.4126 	EXP 	surround: autoDraw = False
94.4126 	EXP 	center: autoDraw = False
94.4161 	EXP 	text_3: autoDraw = True
94.9004 	DATA 	Keypress: left
94.9018 	INFO 	Keyboard events cleared
94.9016 	EXP 	surround: autoDraw = False
94.9016 	EXP 	center: autoDraw = False
94.9016 	EXP 	text_2: autoDraw = False
94.9016 	EXP 	text_3: autoDraw = False
94.9016 	EXP 	surround: ori = 30.65
94.9016 	EXP 	center: ori = 0.6499999999999999
94.9016 	EXP 	text_2: autoDraw = True
95.3964 	EXP 	surround: autoDraw = True
95.3964 	EXP 	center: autoDraw = True
95.3995 	EXP 	text_2: autoDraw = False
95.4829 	EXP 	surround: autoDraw = False
95.4829 	EXP 	center: autoDraw = False
95.4964 	EXP 	text_3: autoDraw = True
96.0509 	DATA 	Keypress: right
96.0522 	INFO 	Keyboard events cleared
96.0520 	EXP 	surround: autoDraw = False
96.0520 	EXP 	center: autoDraw = False
96.0520 	EXP 	text_2: autoDraw = False
96.0520 	EXP 	text_3: autoDraw = False
96.0520 	EXP 	surround: ori = 30.6
96.0520 	EXP 	center: ori = 0.6
96.0520 	EXP 	text_2: autoDraw = True
96.5469 	EXP 	surround: autoDraw = True
96.5469 	EXP 	center: autoDraw = True
96.5502 	EXP 	text_2: autoDraw = False
96.6338 	EXP 	surround: autoDraw = False
96.6338 	EXP 	center: autoDraw = False
96.6469 	EXP 	text_3: autoDraw = True
97.1045 	DATA 	Keypress: left
97.1140 	INFO 	Keyboard events cleared
97.1138 	EXP 	surround: autoDraw = False
97.1138 	EXP 	center: autoDraw = False
97.1138 	EXP 	text_2: autoDraw = False
97.1138 	EXP 	text_3: autoDraw = False
97.1138 	EXP 	surround: ori = 30.55
97.1138 	EXP 	center: ori = 0.5499999999999999
97.1138 	EXP 	text_2: autoDraw = True
97.2176 	DATA 	Keypress: right
97.2189 	INFO 	Keyboard events cleared
97.2186 	EXP 	surround: autoDraw = False
97.2186 	EXP 	center: autoDraw = False
97.2186 	EXP 	text_2: autoDraw = False
97.2186 	EXP 	text_3: autoDraw = False
97.2186 	EXP 	surround: ori = 30.7
97.2186 	EXP 	center: ori = 0.7
97.2186 	EXP 	text_2: autoDraw = True
97.3512 	DATA 	Keypress: left
97.3524 	INFO 	Keyboard events cleared
97.3522 	EXP 	surround: autoDraw = False
97.3522 	EXP 	center: autoDraw = False
97.3522 	EXP 	text_2: autoDraw = False
97.3522 	EXP 	text_3: autoDraw = False
97.3522 	EXP 	surround: ori = 30.45
97.3522 	EXP 	center: ori = 0.44999999999999996
97.3522 	EXP 	text_2: autoDraw = True
97.4349 	DATA 	Keypress: right
97.4361 	INFO 	Keyboard events cleared
97.4360 	EXP 	surround: autoDraw = False
97.4360 	EXP 	center: autoDraw = False
97.4360 	EXP 	text_2: autoDraw = False
97.4360 	EXP 	text_3: autoDraw = False
97.4360 	EXP 	surround: ori = 30.8
97.4360 	EXP 	center: ori = 0.7999999999999999
97.4360 	EXP 	text_2: autoDraw = True
97.5848 	DATA 	Keypress: left
97.5860 	INFO 	Keyboard events cleared
97.5858 	EXP 	surround: autoDraw = False
97.5858 	EXP 	center: autoDraw = False
97.5858 	EXP 	text_2: autoDraw = False
97.5858 	EXP 	text_3: autoDraw = False
97.5858 	EXP 	surround: ori = 30.35
97.5858 	EXP 	center: ori = 0.35
97.5858 	EXP 	text_2: autoDraw = True
98.0810 	EXP 	surround: autoDraw = True
98.0810 	EXP 	center: autoDraw = True
98.0843 	EXP 	text_2: autoDraw = False
98.1672 	EXP 	surround: autoDraw = False
98.1672 	EXP 	center: autoDraw = False
98.1809 	EXP 	text_3: autoDraw = True
98.7021 	DATA 	Keypress: left
98.7033 	INFO 	Keyboard events cleared
98.7031 	EXP 	surround: autoDraw = False
98.7031 	EXP 	center: autoDraw = False
98.7031 	EXP 	text_2: autoDraw = False
98.7031 	EXP 	text_3: autoDraw = False
98.7031 	EXP 	surround: ori = 30.9
98.7031 	EXP 	center: ori = 0.8999999999999999
98.7031 	EXP 	text_2: autoDraw = True
99.1981 	EXP 	surround: autoDraw = True
99.1981 	EXP 	center: autoDraw = True
99.2013 	EXP 	text_2: autoDraw = False
99.2844 	EXP 	surround: autoDraw = False
99.2844 	EXP 	center: autoDraw = False
99.2981 	EXP 	text_3: autoDraw = True
99.7688 	DATA 	Keypress: left
99.7700 	INFO 	Keyboard events cleared
99.7698 	EXP 	surround: autoDraw = False
99.7698 	EXP 	center: autoDraw = False
99.7698 	EXP 	text_2: autoDraw = False
99.7698 	EXP 	text_3: autoDraw = False
99.7698 	EXP 	surround: ori = 30.45
99.7698 	EXP 	center: ori = 0.44999999999999996
99.7698 	EXP 	text_2: autoDraw = True
100.2652 	EXP 	surround: autoDraw = True
100.2652 	EXP 	center: autoDraw = True
100.2680 	EXP 	text_2: autoDraw = False
100.3520 	EXP 	surround: autoDraw = False
100.3520 	EXP 	center: autoDraw = False
100.3654 	EXP 	text_3: autoDraw = True
101.0535 	DATA 	Keypress: left
101.0549 	INFO 	Keyboard events cleared
101.0547 	EXP 	surround: autoDraw = False
101.0547 	EXP 	center: autoDraw = False
101.0547 	EXP 	text_2: autoDraw = False
101.0547 	EXP 	text_3: autoDraw = False
101.0547 	EXP 	surround: ori = 31.0
101.0547 	EXP 	center: ori = 0.9999999999999999
101.0547 	EXP 	text_2: autoDraw = True
101.5492 	EXP 	surround: autoDraw = True
101.5492 	EXP 	center: autoDraw = True
101.5528 	EXP 	text_2: autoDraw = False
101.6358 	EXP 	surround: autoDraw = False
101.6358 	EXP 	center: autoDraw = False
101.6492 	EXP 	text_3: autoDraw = True
102.4537 	DATA 	Keypress: left
102.4551 	INFO 	Keyboard events cleared
102.4548 	EXP 	surround: autoDraw = False
102.4548 	EXP 	center: autoDraw = False
102.4548 	EXP 	text_2: autoDraw = False
102.4548 	EXP 	text_3: autoDraw = False
102.4548 	EXP 	surround: ori = 30.55
102.4548 	EXP 	center: ori = 0.5499999999999999
102.4548 	EXP 	text_2: autoDraw = True
102.9498 	EXP 	surround: autoDraw = True
102.9498 	EXP 	center: autoDraw = True
102.9542 	EXP 	text_2: autoDraw = False
103.0363 	EXP 	surround: autoDraw = False
103.0363 	EXP 	center: autoDraw = False
103.0498 	EXP 	text_3: autoDraw = True
103.6542 	DATA 	Keypress: right
103.6555 	INFO 	Keyboard events cleared
103.6553 	EXP 	surround: autoDraw = False
103.6553 	EXP 	center: autoDraw = False
103.6553 	EXP 	text_2: autoDraw = False
103.6553 	EXP 	text_3: autoDraw = False
103.6553 	EXP 	surround: ori = 31.1
103.6553 	EXP 	center: ori = 1.0999999999999999
103.6553 	EXP 	text_2: autoDraw = True
104.1503 	EXP 	surround: autoDraw = True
104.1503 	EXP 	center: autoDraw = True
104.1554 	EXP 	text_2: autoDraw = False
104.2382 	EXP 	surround: autoDraw = False
104.2382 	EXP 	center: autoDraw = False
104.2504 	EXP 	text_3: autoDraw = True
104.6216 	DATA 	Keypress: left
104.6229 	INFO 	Keyboard events cleared
104.6227 	EXP 	surround: autoDraw = False
104.6227 	EXP 	center: autoDraw = False
104.6227 	EXP 	text_2: autoDraw = False
104.6227 	EXP 	text_3: autoDraw = False
104.6227 	EXP 	surround: ori = 30.45
104.6227 	EXP 	center: ori = 0.44999999999999996
104.6227 	EXP 	text_2: autoDraw = True
105.1174 	EXP 	surround: autoDraw = True
105.1174 	EXP 	center: autoDraw = True
105.1210 	EXP 	text_2: autoDraw = False
105.2038 	EXP 	surround: autoDraw = False
105.2038 	EXP 	center: autoDraw = False
105.2175 	EXP 	text_3: autoDraw = True
105.4216 	DATA 	Keypress: right
105.4229 	INFO 	Keyboard events cleared
105.4227 	EXP 	surround: autoDraw = False
105.4227 	EXP 	center: autoDraw = False
105.4227 	EXP 	text_2: autoDraw = False
105.4227 	EXP 	text_3: autoDraw = False
105.4227 	EXP 	surround: ori = 31.2
105.4227 	EXP 	center: ori = 1.2
105.4227 	EXP 	text_2: autoDraw = True
105.9345 	EXP 	surround: autoDraw = True
105.9345 	EXP 	center: autoDraw = True
105.9345 	EXP 	text_2: autoDraw = False
106.0178 	EXP 	text_3: autoDraw = True
106.0214 	EXP 	surround: autoDraw = False
106.0214 	EXP 	center: autoDraw = False
106.2388 	DATA 	Keypress: left
106.2401 	INFO 	Keyboard events cleared
106.2399 	EXP 	surround: autoDraw = False
106.2399 	EXP 	center: autoDraw = False
106.2399 	EXP 	text_2: autoDraw = False
106.2399 	EXP 	text_3: autoDraw = False
106.2399 	EXP 	surround: ori = 30.35
106.2399 	EXP 	center: ori = 0.35
106.2399 	EXP 	text_2: autoDraw = True
106.7348 	EXP 	surround: autoDraw = True
106.7348 	EXP 	center: autoDraw = True
106.7383 	EXP 	text_2: autoDraw = False
106.8214 	EXP 	surround: autoDraw = False
106.8214 	EXP 	center: autoDraw = False
106.8382 	EXP 	text_3: autoDraw = True
106.9754 	DATA 	Keypress: right
106.9851 	INFO 	Keyboard events cleared
106.9850 	EXP 	surround: autoDraw = False
106.9850 	EXP 	center: autoDraw = False
106.9850 	EXP 	text_2: autoDraw = False
106.9850 	EXP 	text_3: autoDraw = False
106.9850 	EXP 	surround: ori = 31.3
106.9850 	EXP 	center: ori = 1.3
106.9850 	EXP 	text_2: autoDraw = True
107.4684 	EXP 	surround: autoDraw = True
107.4684 	EXP 	center: autoDraw = True
107.4716 	EXP 	text_2: autoDraw = False
107.5551 	EXP 	surround: autoDraw = False
107.5551 	EXP 	center: autoDraw = False
107.5715 	EXP 	text_3: autoDraw = True
107.7260 	DATA 	Keypress: left
107.7355 	INFO 	Keyboard events cleared
107.7353 	EXP 	surround: autoDraw = False
107.7353 	EXP 	center: autoDraw = False
107.7353 	EXP 	text_2: autoDraw = False
107.7353 	EXP 	text_3: autoDraw = False
107.7353 	EXP 	surround: ori = 30.25
107.7353 	EXP 	center: ori = 0.24999999999999997
107.7353 	EXP 	text_2: autoDraw = True
108.2227 	EXP 	surround: autoDraw = True
108.2227 	EXP 	center: autoDraw = True
108.2227 	EXP 	text_2: autoDraw = False
108.3090 	EXP 	surround: autoDraw = False
108.3090 	EXP 	center: autoDraw = False
108.3188 	EXP 	text_3: autoDraw = True
108.4901 	DATA 	Keypress: right
108.4914 	INFO 	Keyboard events cleared
108.4912 	EXP 	surround: autoDraw = False
108.4912 	EXP 	center: autoDraw = False
108.4912 	EXP 	text_2: autoDraw = False
108.4912 	EXP 	text_3: autoDraw = False
108.4912 	EXP 	surround: ori = 31.4
108.4912 	EXP 	center: ori = 1.4000000000000001
108.4912 	EXP 	text_2: autoDraw = True
108.9858 	EXP 	surround: autoDraw = True
108.9858 	EXP 	center: autoDraw = True
108.9894 	EXP 	text_2: autoDraw = False
109.0726 	EXP 	surround: autoDraw = False
109.0726 	EXP 	center: autoDraw = False
109.0859 	EXP 	text_3: autoDraw = True
109.2233 	DATA 	Keypress: left
109.2246 	INFO 	Keyboard events cleared
109.2245 	EXP 	surround: autoDraw = False
109.2245 	EXP 	center: autoDraw = False
109.2245 	EXP 	text_2: autoDraw = False
109.2245 	EXP 	text_3: autoDraw = False
109.2245 	EXP 	surround: ori = 30.15
109.2245 	EXP 	center: ori = 0.14999999999999997
109.2245 	EXP 	text_2: autoDraw = True
109.7195 	EXP 	surround: autoDraw = True
109.7195 	EXP 	center: autoDraw = True
109.7228 	EXP 	text_2: autoDraw = False
109.8196 	EXP 	surround: autoDraw = False
109.8196 	EXP 	center: autoDraw = False
109.8196 	EXP 	text_3: autoDraw = True
109.9599 	DATA 	Keypress: right
109.9699 	INFO 	Keyboard events cleared
109.9697 	EXP 	surround: autoDraw = False
109.9697 	EXP 	center: autoDraw = False
109.9697 	EXP 	text_2: autoDraw = False
109.9697 	EXP 	text_3: autoDraw = False
109.9697 	EXP 	surround: ori = 30.05
109.9697 	EXP 	center: ori = 0.04999999999999996
109.9697 	EXP 	text_2: autoDraw = True
110.4570 	EXP 	surround: autoDraw = True
110.4570 	EXP 	center: autoDraw = True
110.4570 	EXP 	text_2: autoDraw = False
110.5532 	EXP 	surround: autoDraw = False
110.5532 	EXP 	center: autoDraw = False
110.5566 	EXP 	text_3: autoDraw = True
110.7269 	DATA 	Keypress: left
110.7368 	INFO 	Keyboard events cleared
110.7367 	EXP 	surround: autoDraw = False
110.7367 	EXP 	center: autoDraw = False
110.7367 	EXP 	text_2: autoDraw = False
110.7367 	EXP 	text_3: autoDraw = False
110.7367 	EXP 	surround: ori = 31.5
110.7367 	EXP 	center: ori = 1.5000000000000002
110.7367 	EXP 	text_2: autoDraw = True
111.2238 	EXP 	surround: autoDraw = True
111.2238 	EXP 	center: autoDraw = True
111.2238 	EXP 	text_2: autoDraw = False
111.3202 	EXP 	surround: autoDraw = False
111.3202 	EXP 	center: autoDraw = False
111.3235 	EXP 	text_3: autoDraw = True
111.5244 	DATA 	Keypress: right
111.5258 	INFO 	Keyboard events cleared
111.5256 	EXP 	surround: autoDraw = False
111.5256 	EXP 	center: autoDraw = False
111.5256 	EXP 	text_2: autoDraw = False
111.5256 	EXP 	text_3: autoDraw = False
111.5256 	EXP 	surround: ori = 31.4
111.5256 	EXP 	center: ori = 1.4000000000000001
111.5256 	EXP 	text_2: autoDraw = True
112.0205 	EXP 	surround: autoDraw = True
112.0205 	EXP 	center: autoDraw = True
112.0242 	EXP 	text_2: autoDraw = False
112.1073 	EXP 	surround: autoDraw = False
112.1073 	EXP 	center: autoDraw = False
112.1206 	EXP 	text_3: autoDraw = True
112.3579 	DATA 	Keypress: left
112.3592 	INFO 	Keyboard events cleared
112.3590 	EXP 	surround: autoDraw = False
112.3590 	EXP 	center: autoDraw = False
112.3590 	EXP 	text_2: autoDraw = False
112.3590 	EXP 	text_3: autoDraw = False
112.3590 	EXP 	surround: ori = 30.15
112.3590 	EXP 	center: ori = 0.14999999999999997
112.3590 	EXP 	text_2: autoDraw = True
112.8543 	EXP 	surround: autoDraw = True
112.8543 	EXP 	center: autoDraw = True
112.8575 	EXP 	text_2: autoDraw = False
112.9407 	EXP 	surround: autoDraw = False
112.9407 	EXP 	center: autoDraw = False
112.9543 	EXP 	text_3: autoDraw = True
113.1251 	DATA 	Keypress: right
113.1264 	INFO 	Keyboard events cleared
113.1262 	EXP 	surround: autoDraw = False
113.1262 	EXP 	center: autoDraw = False
113.1262 	EXP 	text_2: autoDraw = False
113.1262 	EXP 	text_3: autoDraw = False
113.1262 	EXP 	surround: ori = 30.05
113.1262 	EXP 	center: ori = 0.04999999999999996
113.1262 	EXP 	text_2: autoDraw = True
113.6213 	EXP 	surround: autoDraw = True
113.6213 	EXP 	center: autoDraw = True
113.6246 	EXP 	text_2: autoDraw = False
113.7079 	EXP 	surround: autoDraw = False
113.7079 	EXP 	center: autoDraw = False
113.7213 	EXP 	text_3: autoDraw = True
113.8922 	DATA 	Keypress: left
113.8935 	INFO 	Keyboard events cleared
113.8933 	EXP 	surround: autoDraw = False
113.8933 	EXP 	center: autoDraw = False
113.8933 	EXP 	text_2: autoDraw = False
113.8933 	EXP 	text_3: autoDraw = False
113.8933 	EXP 	surround: ori = 31.5
113.8933 	EXP 	center: ori = 1.5000000000000002
113.8933 	EXP 	text_2: autoDraw = True
114.3882 	EXP 	surround: autoDraw = True
114.3882 	EXP 	center: autoDraw = True
114.3917 	EXP 	text_2: autoDraw = False
114.4747 	EXP 	surround: autoDraw = False
114.4747 	EXP 	center: autoDraw = False
114.4883 	EXP 	text_3: autoDraw = True
114.6261 	DATA 	Keypress: right
114.6274 	INFO 	Keyboard events cleared
114.6272 	EXP 	surround: autoDraw = False
114.6272 	EXP 	center: autoDraw = False
114.6272 	EXP 	text_2: autoDraw = False
114.6272 	EXP 	text_3: autoDraw = False
114.6272 	EXP 	surround: ori = 30.15
114.6272 	EXP 	center: ori = 0.14999999999999997
114.6272 	EXP 	text_2: autoDraw = True
115.1220 	EXP 	surround: autoDraw = True
115.1220 	EXP 	center: autoDraw = True
115.1253 	EXP 	text_2: autoDraw = False
115.2085 	EXP 	surround: autoDraw = False
115.2085 	EXP 	center: autoDraw = False
115.2220 	EXP 	text_3: autoDraw = True
115.3626 	DATA 	Keypress: left
115.3722 	INFO 	Keyboard events cleared
115.3720 	EXP 	surround: autoDraw = False
115.3720 	EXP 	center: autoDraw = False
115.3720 	EXP 	text_2: autoDraw = False
115.3720 	EXP 	text_3: autoDraw = False
115.3720 	EXP 	surround: ori = 31.4
115.3720 	EXP 	center: ori = 1.4000000000000001
115.3720 	EXP 	text_2: autoDraw = True
115.8592 	EXP 	surround: autoDraw = True
115.8592 	EXP 	center: autoDraw = True
115.8592 	EXP 	text_2: autoDraw = False
115.9597 	EXP 	surround: autoDraw = False
115.9597 	EXP 	center: autoDraw = False
115.9723 	EXP 	text_3: autoDraw = True
116.8267 	DATA 	Keypress: escape
116.8783 	EXP 	tilt_staircase: status = STOPPED
116.8894 	EXP 	text_3: autoDraw = False
116.8909 	EXP 	tilt_staircase: status = STOPPED
116.9045 	INFO 	saved data to '/Users/bwinsto2/Downloads/data/931715_tilt_staircase_2025-08-11_14h25.18.860.csv'
116.9062 	INFO 	saved data to /Users/bwinsto2/Downloads/data/931715_tilt_staircase_2025-08-11_14h25.18.860.psydat
117.3700 	DEBUG 	Saving data for tilt_staircase ExperimentHandler
