12.4372 	INFO 	Loaded monitor calibration from ['2025_08_13 14:32']
12.6353 	EXP 	Created window1 = Window(allowGUI=True, allowStencil=False, autoLog=True, backendConf=UNKNOWN, backgroundFit=<method-wrapper '__getattribute__' of attributeSetter object at 0x7f9d59fb2880>, backgroundImage=<method-wrapper '__getattribute__' of attributeSetter object at 0x7f9d59fb2790>, bitsMode=UNKNOWN, blendMode='avg', bpc=(8, 8, 8), color=array([0, 0, 0]), colorSpace='rgb', depthBits=8, fullscr=False, gamma=None, gammaErrorPolicy='raise', infoMsg=UNKNOWN, lms=UNKNOWN, monitor=<psychopy.monitors.calibTools.Monitor object at 0x7f9d59cde1c0>, multiSample=False, name='window1', numSamples=2, pos=[320.0, 150.0], screen=0, size=array([1600, 1200]), stencilBits=0, stereo=False, title='PsychoPy', units='height', useFBO=True, useRetina=True, viewOri=0.0, viewPos=None, viewScale=None, waitBlanking=True, winType='pyglet')
12.6354 	EXP 	window1: backgroundImage = ''
12.6354 	EXP 	window1: backgroundFit = 'none'
12.6435 	DEBUG 	TextBox2 loaded 1 chars with 0 blanks and 1 valid
12.6444 	DEBUG 	TextBox2 loaded 1 chars with 0 blanks and 1 valid
12.6452 	DEBUG 	TextBox2 loaded 1 chars with 0 blanks and 1 valid
12.6462 	DEBUG 	TextBox2 loaded 1 chars with 0 blanks and 1 valid
12.6471 	DEBUG 	TextBox2 loaded 1 chars with 0 blanks and 1 valid
12.6477 	DEBUG 	TextBox2 loaded 1 chars with 0 blanks and 1 valid
12.6485 	DEBUG 	TextBox2 loaded 1 chars with 0 blanks and 1 valid
12.6495 	DEBUG 	TextBox2 loaded 1 chars with 0 blanks and 1 valid
12.6499 	DEBUG 	TextBox2 loaded 1 chars with 0 blanks and 1 valid
12.6504 	DEBUG 	TextBox2 loaded 1 chars with 0 blanks and 1 valid
12.6512 	DEBUG 	TextBox2 loaded 1 chars with 0 blanks and 1 valid
12.6519 	DEBUG 	TextBox2 loaded 1 chars with 0 blanks and 1 valid
12.6527 	DEBUG 	TextBox2 loaded 1 chars with 0 blanks and 1 valid
12.6539 	DEBUG 	TextBox2 loaded 1 chars with 0 blanks and 1 valid
12.6544 	DEBUG 	TextBox2 loaded 1 chars with 0 blanks and 1 valid
12.6551 	DEBUG 	TextBox2 loaded 1 chars with 0 blanks and 1 valid
12.6558 	DEBUG 	TextBox2 loaded 1 chars with 0 blanks and 1 valid
12.6562 	DEBUG 	TextBox2 loaded 1 chars with 0 blanks and 1 valid
12.6568 	DEBUG 	TextBox2 loaded 1 chars with 0 blanks and 1 valid
12.6578 	DEBUG 	TextBox2 loaded 1 chars with 0 blanks and 1 valid
12.6583 	DEBUG 	TextBox2 loaded 1 chars with 0 blanks and 1 valid
12.6585 	DEBUG 	Uploading Texture Font fontname to graphics card
12.6619 	DEBUG 	Upload of Texture Font fontname complete
12.6672 	DEBUG 	TextBox2 loaded 1 chars with 0 blanks and 1 valid
12.6682 	DEBUG 	TextBox2 loaded 1 chars with 0 blanks and 1 valid
12.6691 	DEBUG 	TextBox2 loaded 1 chars with 0 blanks and 1 valid
12.6693 	DEBUG 	Uploading Texture Font fontname to graphics card
12.6712 	DEBUG 	Upload of Texture Font fontname complete
12.6728 	EXP 	window1: Attempting to measure frame rate of screen (0) ...
12.6728 	EXP 	window1: recordFrameIntervals = False
12.8726 	EXP 	window1: recordFrameIntervals = True
13.7073 	WARNING 	Couldn't measure a consistent frame rate!
  - Is your graphics card set to sync to vertical blank?
  - Are you running other processes on your computer?

13.7160 	DEBUG 	TextBox2 loaded 1 chars with 0 blanks and 1 valid
13.7170 	DEBUG 	TextBox2 loaded 1 chars with 0 blanks and 1 valid
13.7184 	DEBUG 	TextBox2 loaded 1 chars with 0 blanks and 1 valid
13.7199 	DEBUG 	TextBox2 loaded 1 chars with 0 blanks and 1 valid
13.7213 	DEBUG 	TextBox2 loaded 1 chars with 0 blanks and 1 valid
13.7228 	DEBUG 	TextBox2 loaded 1 chars with 0 blanks and 1 valid
13.7236 	DEBUG 	TextBox2 loaded 1 chars with 0 blanks and 1 valid
13.7249 	DEBUG 	TextBox2 loaded 1 chars with 0 blanks and 1 valid
13.7264 	DEBUG 	TextBox2 loaded 1 chars with 0 blanks and 1 valid
13.7276 	DEBUG 	TextBox2 loaded 1 chars with 0 blanks and 1 valid
13.7279 	DEBUG 	Uploading Texture Font fontname to graphics card
13.7313 	DEBUG 	Upload of Texture Font fontname complete
13.7525 	WARNING 	launchHubServer: If using the iohub mouse or eyetracker devices, fullScr should be True.
16.8730 	INFO 	keyboard.Keyboard is using iohub backend.
16.8731 	INFO 	keyboard.Keyboard is using iohub backend.
16.8731 	INFO 	keyboard.Keyboard is using iohub backend.
16.8731 	INFO 	keyboard.Keyboard is using iohub backend.
16.8731 	INFO 	keyboard.Keyboard is using iohub backend.
16.8732 	INFO 	keyboard.Keyboard is using iohub backend.
16.8732 	INFO 	keyboard.Keyboard is using iohub backend.
16.8732 	INFO 	keyboard.Keyboard is using iohub backend.
16.8732 	INFO 	keyboard.Keyboard is using iohub backend.
16.8732 	INFO 	keyboard.Keyboard is using iohub backend.
16.8732 	EXP 	tilt_staircase: status = STARTED
16.9169 	EXP 	Created text_5 = TextStim(__class__=<class 'psychopy.visual.text.TextStim'>, alignHoriz=method-wrapper(...), alignText='center', alignVert=method-wrapper(...), anchorHoriz='center', anchorVert='center', antialias=True, autoDraw=False, autoLog=True, bold=False, color=array([1., 1., 1.]), colorSpace='rgb', contrast=1.0, depth=0.0, draggable=False, flipHoriz=False, flipVert=False, font='Arial', fontFiles=[], height=0.05, italic=False, languageStyle='LTR', name='text_5', opacity=1, ori=0.0, pos=array([0., 0.]), rgb=UNKNOWN, text=str(...), units='height', win=Window(...), wrapWidth=1)
16.9237 	EXP 	Created text_6 = TextStim(__class__=<class 'psychopy.visual.text.TextStim'>, alignHoriz=method-wrapper(...), alignText='center', alignVert=method-wrapper(...), anchorHoriz='center', anchorVert='center', antialias=True, autoDraw=False, autoLog=True, bold=False, color=array([1., 1., 1.]), colorSpace='rgb', contrast=1.0, depth=0.0, draggable=False, flipHoriz=False, flipVert=False, font='Arial', fontFiles=[], height=0.05, italic=False, languageStyle='LTR', name='text_6', opacity=1, ori=0.0, pos=array([0., 0.]), rgb=UNKNOWN, text=str(...), units='height', win=Window(...), wrapWidth=1)
16.9258 	EXP 	Created surround_practice = GratingStim(__class__=<class 'psychopy.visual.grating.GratingStim'>, anchor='center', autoDraw=False, autoLog=True, blendmode='avg', color=array([1., 1., 1.]), colorSpace='rgb', contrast=1.0, depth=0.0, draggable=False, interpolate=True, mask='circle', maskParams=None, name='surround_practice', opacity=1, ori=1.0, phase=array([0., 0.]), pos=array([0., 0.]), rgbPedestal=array([0., 0., 0.]), sf=array([2.5, 2.5]), size=array([0.5, 0.5]), tex='sin', texRes=128.0, units='height', win=Window(...))
16.9273 	EXP 	Created center_practice = GratingStim(__class__=<class 'psychopy.visual.grating.GratingStim'>, anchor='center', autoDraw=False, autoLog=True, blendmode='avg', color=array([1., 1., 1.]), colorSpace='rgb', contrast=1.0, depth=-1.0, draggable=False, interpolate=True, mask='circle', maskParams=None, name='center_practice', opacity=1, ori=1.0, phase=array([0., 0.]), pos=array([0., 0.]), rgbPedestal=array([0., 0., 0.]), sf=array([2.5, 2.5]), size=array([0.2, 0.2]), tex='sin', texRes=128.0, units='height', win=Window(...))
16.9289 	EXP 	Created text_9 = TextStim(__class__=<class 'psychopy.visual.text.TextStim'>, alignHoriz=method-wrapper(...), alignText='center', alignVert=method-wrapper(...), anchorHoriz='center', anchorVert='center', antialias=True, autoDraw=False, autoLog=True, bold=False, color=array([1., 1., 1.]), colorSpace='rgb', contrast=1.0, depth=-3.0, draggable=False, flipHoriz=False, flipVert=False, font='Arial', fontFiles=[], height=0.05, italic=False, languageStyle='LTR', name='text_9', opacity=1, ori=0.0, pos=array([0., 0.]), rgb=UNKNOWN, text='+', units='height', win=Window(...), wrapWidth=1)
16.9324 	EXP 	Created text_11 = TextStim(__class__=<class 'psychopy.visual.text.TextStim'>, alignHoriz=method-wrapper(...), alignText='center', alignVert=method-wrapper(...), anchorHoriz='center', anchorVert='center', antialias=True, autoDraw=False, autoLog=True, bold=False, color=array([1., 1., 1.]), colorSpace='rgb', contrast=1.0, depth=-4.0, draggable=False, flipHoriz=False, flipVert=False, font='Arial', fontFiles=[], height=0.05, italic=False, languageStyle='LTR', name='text_11', opacity=1, ori=0.0, pos=array([0., 0.]), rgb=UNKNOWN, text=str(...), units='height', win=Window(...), wrapWidth=1)
16.9329 	EXP 	Created text_7 = TextStim(__class__=<class 'psychopy.visual.text.TextStim'>, alignHoriz=method-wrapper(...), alignText='center', alignVert=method-wrapper(...), anchorHoriz='center', anchorVert='center', antialias=True, autoDraw=False, autoLog=True, bold=False, color=array([1., 1., 1.]), colorSpace='rgb', contrast=1.0, depth=-1.0, draggable=False, flipHoriz=False, flipVert=False, font='Arial', fontFiles=[], height=0.05, italic=False, languageStyle='LTR', name='text_7', opacity=1, ori=0.0, pos=array([0., 0.]), rgb=UNKNOWN, text='', units='height', win=Window(...), wrapWidth=1)
16.9398 	EXP 	Created text_8 = TextStim(__class__=<class 'psychopy.visual.text.TextStim'>, alignHoriz=method-wrapper(...), alignText='center', alignVert=method-wrapper(...), anchorHoriz='center', anchorVert='center', antialias=True, autoDraw=False, autoLog=True, bold=False, color=array([1., 1., 1.]), colorSpace='rgb', contrast=1.0, depth=0.0, draggable=False, flipHoriz=False, flipVert=False, font='Arial', fontFiles=[], height=0.05, italic=False, languageStyle='LTR', name='text_8', opacity=1, ori=0.0, pos=array([0., 0.]), rgb=UNKNOWN, text=str(...), units='height', win=Window(...), wrapWidth=1)
16.9413 	EXP 	Created surround_practice_2 = GratingStim(__class__=<class 'psychopy.visual.grating.GratingStim'>, anchor='center', autoDraw=False, autoLog=True, blendmode='avg', color=array([1., 1., 1.]), colorSpace='rgb', contrast=1.0, depth=0.0, draggable=False, interpolate=True, mask='circle', maskParams=None, name='surround_practice_2', opacity=1.0, ori=1.0, phase=array([0., 0.]), pos=array([0., 0.]), rgbPedestal=array([0., 0., 0.]), sf=array([2.5, 2.5]), size=array([5., 5.]), tex='sin', texRes=128.0, units='cm', win=Window(...))
16.9426 	EXP 	Created center_practice_2 = GratingStim(__class__=<class 'psychopy.visual.grating.GratingStim'>, anchor='center', autoDraw=False, autoLog=True, blendmode='avg', color=array([1., 1., 1.]), colorSpace='rgb', contrast=1.0, depth=-1.0, draggable=False, interpolate=True, mask='circle', maskParams=None, name='center_practice_2', opacity=1, ori=1.0, phase=array([0., 0.]), pos=array([0., 0.]), rgbPedestal=array([0., 0., 0.]), sf=array([2.5, 2.5]), size=array([1.25, 1.25]), tex='sin', texRes=128.0, units='height', win=Window(...))
16.9438 	EXP 	Created text_10 = TextStim(__class__=<class 'psychopy.visual.text.TextStim'>, alignHoriz=method-wrapper(...), alignText='center', alignVert=method-wrapper(...), anchorHoriz='center', anchorVert='center', antialias=True, autoDraw=False, autoLog=True, bold=False, color=array([1., 1., 1.]), colorSpace='rgb', contrast=1.0, depth=-3.0, draggable=False, flipHoriz=False, flipVert=False, font='Arial', fontFiles=[], height=0.05, italic=False, languageStyle='LTR', name='text_10', opacity=1, ori=0.0, pos=array([0., 0.]), rgb=UNKNOWN, text='+', units='height', win=Window(...), wrapWidth=1)
16.9462 	EXP 	Created text_12 = TextStim(__class__=<class 'psychopy.visual.text.TextStim'>, alignHoriz=method-wrapper(...), alignText='center', alignVert=method-wrapper(...), anchorHoriz='center', anchorVert='center', antialias=True, autoDraw=False, autoLog=True, bold=False, color=array([1., 1., 1.]), colorSpace='rgb', contrast=1.0, depth=-4.0, draggable=False, flipHoriz=False, flipVert=False, font='Arial', fontFiles=[], height=0.05, italic=False, languageStyle='LTR', name='text_12', opacity=1, ori=0.0, pos=array([0., 0.]), rgb=UNKNOWN, text=str(...), units='height', win=Window(...), wrapWidth=1)
16.9467 	EXP 	Created text_7 = TextStim(__class__=<class 'psychopy.visual.text.TextStim'>, alignHoriz=method-wrapper(...), alignText='center', alignVert=method-wrapper(...), anchorHoriz='center', anchorVert='center', antialias=True, autoDraw=False, autoLog=True, bold=False, color=array([1., 1., 1.]), colorSpace='rgb', contrast=1.0, depth=-1.0, draggable=False, flipHoriz=False, flipVert=False, font='Arial', fontFiles=[], height=0.05, italic=False, languageStyle='LTR', name='text_7', opacity=1, ori=0.0, pos=array([0., 0.]), rgb=UNKNOWN, text='', units='height', win=Window(...), wrapWidth=1)
16.9511 	EXP 	Created text_13 = TextStim(__class__=<class 'psychopy.visual.text.TextStim'>, alignHoriz=method-wrapper(...), alignText='center', alignVert=method-wrapper(...), anchorHoriz='center', anchorVert='center', antialias=True, autoDraw=False, autoLog=True, bold=False, color=array([1., 1., 1.]), colorSpace='rgb', contrast=1.0, depth=0.0, draggable=False, flipHoriz=False, flipVert=False, font='Arial', fontFiles=[], height=0.05, italic=False, languageStyle='LTR', name='text_13', opacity=1, ori=0.0, pos=array([0., 0.]), rgb=UNKNOWN, text=str(...), units='height', win=Window(...), wrapWidth=1)
16.9526 	EXP 	Created surround_grating = GratingStim(__class__=<class 'psychopy.visual.grating.GratingStim'>, anchor='center', autoDraw=False, autoLog=True, blendmode='avg', color=array([1., 1., 1.]), colorSpace='rgb', contrast=1.0, depth=-1.0, draggable=False, interpolate=True, mask='circle', maskParams=None, name='surround_grating', opacity=1.0, ori=1.0, phase=array([0., 0.]), pos=array([0., 0.]), rgbPedestal=array([0., 0., 0.]), sf=array([2.5, 2.5]), size=array([5., 5.]), tex='sin', texRes=128.0, units='cm', win=Window(...))
16.9539 	EXP 	Created center_grating = GratingStim(__class__=<class 'psychopy.visual.grating.GratingStim'>, anchor='center', autoDraw=False, autoLog=True, blendmode='avg', color=array([1., 1., 1.]), colorSpace='rgb', contrast=1.0, depth=-2.0, draggable=False, interpolate=True, mask='circle', maskParams=None, name='center_grating', opacity=1, ori=1.0, phase=array([0., 0.]), pos=array([0., 0.]), rgbPedestal=array([0., 0., 0.]), sf=array([2.5, 2.5]), size=array([1.25, 1.25]), tex='sin', texRes=128.0, units='cm', win=Window(...))
16.9552 	EXP 	Created text_2 = TextStim(__class__=<class 'psychopy.visual.text.TextStim'>, alignHoriz=method-wrapper(...), alignText='center', alignVert=method-wrapper(...), anchorHoriz='center', anchorVert='center', antialias=True, autoDraw=False, autoLog=True, bold=False, color=array([1., 1., 1.]), colorSpace='rgb', contrast=1.0, depth=-4.0, draggable=False, flipHoriz=False, flipVert=False, font='Arial', fontFiles=[], height=0.05, italic=False, languageStyle='LTR', name='text_2', opacity=1, ori=0.0, pos=array([0., 0.]), rgb=UNKNOWN, text='+', units='height', win=Window(...), wrapWidth=1)
16.9575 	EXP 	Created text_3 = TextStim(__class__=<class 'psychopy.visual.text.TextStim'>, alignHoriz=method-wrapper(...), alignText='center', alignVert=method-wrapper(...), anchorHoriz='center', anchorVert='center', antialias=True, autoDraw=False, autoLog=True, bold=False, color=array([1., 1., 1.]), colorSpace='rgb', contrast=1.0, depth=-5.0, draggable=False, flipHoriz=False, flipVert=False, font='Arial', fontFiles=[], height=0.05, italic=False, languageStyle='LTR', name='text_3', opacity=1, ori=0.0, pos=array([0., 0.]), rgb=UNKNOWN, text=str(...), units='height', win=Window(...), wrapWidth=1)
16.9593 	EXP 	Created text_4 = TextStim(__class__=<class 'psychopy.visual.text.TextStim'>, alignHoriz=method-wrapper(...), alignText='center', alignVert=method-wrapper(...), anchorHoriz='center', anchorVert='center', antialias=True, autoDraw=False, autoLog=True, bold=False, color=array([1., 1., 1.]), colorSpace='rgb', contrast=1.0, depth=0.0, draggable=False, flipHoriz=False, flipVert=False, font='Arial', fontFiles=[], height=0.05, italic=False, languageStyle='LTR', name='text_4', opacity=1, ori=0.0, pos=array([0., 0.]), rgb=UNKNOWN, text='thank you and have a pleasant day ', units='height', win=Window(...), wrapWidth=1)
0.0044 	DATA 	Keypress: space
0.0203 	INFO 	Keyboard events cleared
0.0201 	EXP 	text_5: autoDraw = True
0.7876 	DATA 	Keypress: space
0.7907 	INFO 	Keyboard events cleared
0.7905 	WARNING 	t of last frame was 31.00ms (=1/32)
0.7905 	EXP 	text_5: autoDraw = False
0.7905 	EXP 	text_6: autoDraw = True
1.7371 	DEBUG 	Read csv file with pandas: tilt_practice_1.csv
1.7380 	DEBUG 	Clearing unnamed columns from tilt_practice_1.csv
1.7385 	EXP 	Imported tilt_practice_1.csv as conditions, 4 conditions, 3 params
1.7387 	EXP 	New trial (rep=0, index=0): <Trial 0 (0 in rep 0) data={'center': 30, 'surround': 0, 'correct': 'right', 'thisN': 0, 'thisTrialN': 0, 'thisRepN': 0}>
1.7422 	DATA 	Keypress: space
1.7470 	INFO 	Keyboard events cleared
1.7467 	EXP 	text_6: autoDraw = False
1.7467 	EXP 	surround_practice: ori = 0.0
1.7467 	EXP 	center_practice: ori = 30.0
1.7467 	EXP 	text_9: autoDraw = True
2.2356 	EXP 	surround_practice: autoDraw = True
2.2356 	EXP 	center_practice: autoDraw = True
2.2356 	EXP 	surround_practice: tex = 'sin'
2.2356 	EXP 	center_practice: tex = 'sin'
2.2429 	EXP 	text_9: autoDraw = False
2.4265 	WARNING 	t of last frame was 23.10ms (=1/43)
3.2313 	EXP 	surround_practice: autoDraw = False
3.2313 	EXP 	center_practice: autoDraw = False
3.2313 	EXP 	text_11: autoDraw = True
5.2688 	DATA 	Keypress: escape
5.2809 	WARNING 	t of last frame was 50.06ms (=1/19)
5.3121 	EXP 	tilt_staircase: status = STOPPED
5.3145 	EXP 	text_11: autoDraw = False
5.3161 	EXP 	tilt_staircase: status = STOPPED
5.3184 	INFO 	saved data to '/Users/bwinsto2/Downloads/data/995490_tilt_staircase_2025-08-14_14h35.26.784.csv'
5.3191 	INFO 	saved data to /Users/bwinsto2/Downloads/data/995490_tilt_staircase_2025-08-14_14h35.26.784.psydat
5.7085 	DEBUG 	Saving data for tilt_staircase ExperimentHandler
