20.1619 	DEBUG 	Fullscreen settings ignored as running in pilot mode.
20.1634 	INFO 	Loaded monitor calibration from ['2025_01_25 22:17']
20.5101 	EXP 	Created window1 = Window(allowGUI=False, allowStencil=False, autoLog=True, backendConf=UNKNOWN, backgroundFit=<method-wrapper '__getattribute__' of attributeSetter object at 0x7f9f71fecbe0>, backgroundImage=<method-wrapper '__getattribute__' of attributeSetter object at 0x7f9f71fecaf0>, bitsMode=UNKNOWN, blendMode='avg', bpc=(8, 8, 8), color=array([0, 0, 0]), colorSpace='rgb', depthBits=8, fullscr=False, gamma=None, gammaErrorPolicy='raise', infoMsg=UNKNOWN, lms=UNKNOWN, monitor=<psychopy.monitors.calibTools.Monitor object at 0x7f9f72018610>, multiSample=False, name='window1', numSamples=2, pos=[1320.0, 420.0], screen=1, size=array([800, 600]), stencilBits=0, stereo=False, title='PsychoPy', units='height', useFBO=True, useRetina=False, viewOri=0.0, viewPos=None, viewScale=None, waitBlanking=True, winType='pyglet')
20.5102 	EXP 	window1: backgroundImage = ''
20.5102 	EXP 	window1: backgroundFit = 'none'
20.5371 	DEBUG 	TextBox2 loaded 1 chars with 0 blanks and 1 valid
20.5381 	DEBUG 	TextBox2 loaded 1 chars with 0 blanks and 1 valid
20.5388 	DEBUG 	TextBox2 loaded 1 chars with 0 blanks and 1 valid
20.5398 	DEBUG 	TextBox2 loaded 1 chars with 0 blanks and 1 valid
20.5407 	DEBUG 	TextBox2 loaded 1 chars with 0 blanks and 1 valid
20.5412 	DEBUG 	TextBox2 loaded 1 chars with 0 blanks and 1 valid
20.5419 	DEBUG 	TextBox2 loaded 1 chars with 0 blanks and 1 valid
20.5429 	DEBUG 	TextBox2 loaded 1 chars with 0 blanks and 1 valid
20.5436 	DEBUG 	TextBox2 loaded 1 chars with 0 blanks and 1 valid
20.5440 	DEBUG 	TextBox2 loaded 1 chars with 0 blanks and 1 valid
20.5447 	DEBUG 	TextBox2 loaded 1 chars with 0 blanks and 1 valid
20.5455 	DEBUG 	TextBox2 loaded 1 chars with 0 blanks and 1 valid
20.5461 	DEBUG 	TextBox2 loaded 1 chars with 0 blanks and 1 valid
20.5469 	DEBUG 	TextBox2 loaded 1 chars with 0 blanks and 1 valid
20.5475 	DEBUG 	TextBox2 loaded 1 chars with 0 blanks and 1 valid
20.5482 	DEBUG 	TextBox2 loaded 1 chars with 0 blanks and 1 valid
20.5490 	DEBUG 	TextBox2 loaded 1 chars with 0 blanks and 1 valid
20.5494 	DEBUG 	TextBox2 loaded 1 chars with 0 blanks and 1 valid
20.5499 	DEBUG 	TextBox2 loaded 1 chars with 0 blanks and 1 valid
20.5508 	DEBUG 	TextBox2 loaded 1 chars with 0 blanks and 1 valid
20.5512 	DEBUG 	TextBox2 loaded 1 chars with 0 blanks and 1 valid
20.5518 	DEBUG 	Uploading Texture Font fontname to graphics card
20.5561 	DEBUG 	Upload of Texture Font fontname complete
20.5618 	DEBUG 	TextBox2 loaded 1 chars with 0 blanks and 1 valid
20.5629 	DEBUG 	TextBox2 loaded 1 chars with 0 blanks and 1 valid
20.5638 	DEBUG 	TextBox2 loaded 1 chars with 0 blanks and 1 valid
20.5640 	DEBUG 	Uploading Texture Font fontname to graphics card
20.5661 	DEBUG 	Upload of Texture Font fontname complete
20.5677 	EXP 	window1: Attempting to measure frame rate of screen (1) ...
20.5677 	EXP 	window1: recordFrameIntervals = False
20.8317 	EXP 	window1: recordFrameIntervals = True
21.6660 	WARNING 	Couldn't measure a consistent frame rate!
  - Is your graphics card set to sync to vertical blank?
  - Are you running other processes on your computer?

21.6758 	DEBUG 	TextBox2 loaded 1 chars with 0 blanks and 1 valid
21.6768 	DEBUG 	TextBox2 loaded 1 chars with 0 blanks and 1 valid
21.6784 	DEBUG 	TextBox2 loaded 1 chars with 0 blanks and 1 valid
21.6803 	DEBUG 	TextBox2 loaded 1 chars with 0 blanks and 1 valid
21.6823 	DEBUG 	TextBox2 loaded 1 chars with 0 blanks and 1 valid
21.6842 	DEBUG 	TextBox2 loaded 1 chars with 0 blanks and 1 valid
21.6851 	DEBUG 	TextBox2 loaded 1 chars with 0 blanks and 1 valid
21.6866 	DEBUG 	TextBox2 loaded 1 chars with 0 blanks and 1 valid
21.6882 	DEBUG 	TextBox2 loaded 1 chars with 0 blanks and 1 valid
21.6897 	DEBUG 	TextBox2 loaded 1 chars with 0 blanks and 1 valid
21.6901 	DEBUG 	Uploading Texture Font fontname to graphics card
21.6935 	DEBUG 	Upload of Texture Font fontname complete
21.7863 	WARNING 	launchHubServer: If using the iohub mouse or eyetracker devices, fullScr should be True.
26.5460 	INFO 	keyboard.Keyboard is using iohub backend.
26.5460 	INFO 	keyboard.Keyboard is using iohub backend.
26.5461 	EXP 	tilt_staircase: status = STARTED
26.5537 	EXP 	Created surround = GratingStim(__class__=<class 'psychopy.visual.grating.GratingStim'>, anchor='center', autoDraw=False, autoLog=True, blendmode='avg', color=array([1., 1., 1.]), colorSpace='rgb', contrast=1.0, depth=-1.0, draggable=False, interpolate=True, mask='circle', maskParams=None, name='surround', opacity=1, ori=1.0, phase=array([0., 0.]), pos=array([0., 0.]), rgbPedestal=array([0., 0., 0.]), sf=array([7., 7.]), size=array([0.75, 0.75]), tex='sin', texRes=128.0, units='height', win=Window(...))
26.5553 	EXP 	Created center = GratingStim(__class__=<class 'psychopy.visual.grating.GratingStim'>, anchor='center', autoDraw=False, autoLog=True, blendmode='avg', color=array([1., 1., 1.]), colorSpace='rgb', contrast=1.0, depth=-2.0, draggable=False, interpolate=True, mask='circle', maskParams=None, name='center', opacity=1, ori=1.0, phase=array([0., 0.]), pos=array([0., 0.]), rgbPedestal=array([0., 0., 0.]), sf=array([2., 2.]), size=array([0.3, 0.3]), tex='sin', texRes=128.0, units='height', win=Window(...))
26.5874 	EXP 	Created text = TextStim(__class__=<class 'psychopy.visual.text.TextStim'>, alignHoriz=method-wrapper(...), alignText='center', alignVert=method-wrapper(...), anchorHoriz='center', anchorVert='center', antialias=True, autoDraw=False, autoLog=True, bold=False, color=array([ 1., -1., -1.]), colorSpace='rgb', contrast=1.0, depth=-4.0, draggable=False, flipHoriz=False, flipVert=False, font='Arial', fontFiles=[], height=0.05, italic=False, languageStyle='LTR', name='text', opacity=1, ori=0.0, pos=array([0., 0.]), rgb=UNKNOWN, text='', units='height', win=Window(...), wrapWidth=1)
26.5880 	EXP 	Created text_2 = TextStim(__class__=<class 'psychopy.visual.text.TextStim'>, alignHoriz=method-wrapper(...), alignText='center', alignVert=method-wrapper(...), anchorHoriz='center', anchorVert='center', antialias=True, autoDraw=False, autoLog=True, bold=False, color=array([1., 1., 1.]), colorSpace='rgb', contrast=1.0, depth=-5.0, draggable=False, flipHoriz=False, flipVert=False, font='Arial', fontFiles=[], height=0.05, italic=False, languageStyle='LTR', name='text_2', opacity=1, ori=0.0, pos=array([ 0., -1.]), rgb=UNKNOWN, text='', units='height', win=Window(...), wrapWidth=1)
0.0468 	DEBUG 	Saving data for tilt_staircase ExperimentHandler
0.0482 	INFO 	saved data to /Users/bwinsto2/Downloads/data/997753_tilt_staircase_2025-08-11_12h58.06.542.psydat
0.0486 	INFO 	saved data to '/Users/bwinsto2/Downloads/data/997753_tilt_staircase_2025-08-11_12h58.06.542.csv'
