6.7114 	INFO 	Loaded monitor calibration from ['2025_08_13 14:32']
6.9142 	EXP 	Created window1 = Window(allowGUI=False, allowStencil=False, autoLog=True, backendConf=UNKNOWN, backgroundFit=<method-wrapper '__getattribute__' of attributeSetter object at 0x7fa49297dbe0>, backgroundImage=<method-wrapper '__getattribute__' of attributeSetter object at 0x7fa49297daf0>, bitsMode=UNKNOWN, blendMode='avg', bpc=(8, 8, 8), color=array([0, 0, 0]), colorSpace='rgb', depthBits=8, fullscr=True, gamma=None, gammaErrorPolicy='raise', infoMsg=UNKNOWN, lms=UNKNOWN, monitor=<psychopy.monitors.calibTools.Monitor object at 0x7fa483138640>, multiSample=False, name='window1', numSamples=2, pos=[0.0, 0.0], screen=0, size=array([2880, 1800]), stencilBits=0, stereo=False, title='PsychoPy', units='height', useFBO=True, useRetina=True, viewOri=0.0, viewPos=None, viewScale=None, waitBlanking=True, winType='pyglet')
6.9143 	EXP 	window1: backgroundImage = ''
6.9143 	EXP 	window1: backgroundFit = 'none'
6.9637 	EXP 	window1: Attempting to measure frame rate of screen (0) ...
6.9638 	EXP 	window1: recordFrameIntervals = False
7.1960 	EXP 	window1: recordFrameIntervals = True
8.0301 	WARNING 	Couldn't measure a consistent frame rate!
  - Is your graphics card set to sync to vertical blank?
  - Are you running other processes on your computer?

11.1899 	INFO 	keyboard.Keyboard is using iohub backend.
11.1899 	INFO 	keyboard.Keyboard is using iohub backend.
11.1900 	INFO 	keyboard.Keyboard is using iohub backend.
11.1900 	INFO 	keyboard.Keyboard is using iohub backend.
11.1900 	INFO 	keyboard.Keyboard is using iohub backend.
11.1900 	INFO 	keyboard.Keyboard is using iohub backend.
11.1900 	INFO 	keyboard.Keyboard is using iohub backend.
11.1901 	INFO 	keyboard.Keyboard is using iohub backend.
11.1901 	INFO 	keyboard.Keyboard is using iohub backend.
11.1901 	INFO 	keyboard.Keyboard is using iohub backend.
11.1901 	EXP 	tilt_mocs: status = STARTED
11.5004 	EXP 	Created text_5 = TextStim(__class__=<class 'psychopy.visual.text.TextStim'>, alignHoriz=method-wrapper(...), alignText='center', alignVert=method-wrapper(...), anchorHoriz='center', anchorVert='center', antialias=True, autoDraw=False, autoLog=True, bold=False, color=array([1., 1., 1.]), colorSpace='rgb', contrast=1.0, depth=-1.0, draggable=False, flipHoriz=False, flipVert=False, font='Arial', fontFiles=[], height=0.05, italic=False, languageStyle='LTR', name='text_5', opacity=1, ori=0.0, pos=array([0., 0.]), rgb=UNKNOWN, text=str(...), units='height', win=Window(...), wrapWidth=1)
11.5082 	EXP 	Created text_6 = TextStim(__class__=<class 'psychopy.visual.text.TextStim'>, alignHoriz=method-wrapper(...), alignText='center', alignVert=method-wrapper(...), anchorHoriz='center', anchorVert='center', antialias=True, autoDraw=False, autoLog=True, bold=False, color=array([1., 1., 1.]), colorSpace='rgb', contrast=1.0, depth=0.0, draggable=False, flipHoriz=False, flipVert=False, font='Arial', fontFiles=[], height=0.05, italic=False, languageStyle='LTR', name='text_6', opacity=1, ori=0.0, pos=array([0., 0.]), rgb=UNKNOWN, text=str(...), units='height', win=Window(...), wrapWidth=1)
11.5102 	EXP 	Created surround_practice = GratingStim(__class__=<class 'psychopy.visual.grating.GratingStim'>, anchor='center', autoDraw=False, autoLog=True, blendmode='avg', color=array([0.2, 0.2, 0.2]), colorSpace='rgb', contrast=0.2, depth=-1.0, draggable=False, interpolate=True, mask='circle', maskParams=None, name='surround_practice', opacity=1, ori=1.0, phase=array([1., 1.]), pos=array([0., 0.]), rgbPedestal=array([0., 0., 0.]), sf=array([1., 1.]), size=array([1., 1.]), tex='sin', texRes=128.0, units='cm', win=Window(...))
11.5116 	EXP 	Created center_practice = GratingStim(__class__=<class 'psychopy.visual.grating.GratingStim'>, anchor='center', autoDraw=False, autoLog=True, blendmode='avg', color=array([1., 1., 1.]), colorSpace='rgb', contrast=1.0, depth=-2.0, draggable=False, interpolate=True, mask='circle', maskParams=None, name='center_practice', opacity=1, ori=1.0, phase=array([1., 1.]), pos=array([0., 0.]), rgbPedestal=array([0., 0., 0.]), sf=array([1., 1.]), size=array([1., 1.]), tex='sin', texRes=128.0, units='cm', win=Window(...))
11.5150 	EXP 	Created text_11 = TextStim(__class__=<class 'psychopy.visual.text.TextStim'>, alignHoriz=method-wrapper(...), alignText='center', alignVert=method-wrapper(...), anchorHoriz='center', anchorVert='center', antialias=True, autoDraw=False, autoLog=True, bold=False, color=array([1., 1., 1.]), colorSpace='rgb', contrast=1.0, depth=-4.0, draggable=False, flipHoriz=False, flipVert=False, font='Arial', fontFiles=[], height=0.05, italic=False, languageStyle='LTR', name='text_11', opacity=1, ori=0.0, pos=array([0., 0.]), rgb=UNKNOWN, text=str(...), units='height', win=Window(...), wrapWidth=1)
11.5156 	EXP 	Created text_7 = TextStim(__class__=<class 'psychopy.visual.text.TextStim'>, alignHoriz=method-wrapper(...), alignText='center', alignVert=method-wrapper(...), anchorHoriz='center', anchorVert='center', antialias=True, autoDraw=False, autoLog=True, bold=False, color=array([1., 1., 1.]), colorSpace='rgb', contrast=1.0, depth=-1.0, draggable=False, flipHoriz=False, flipVert=False, font='Arial', fontFiles=[], height=0.05, italic=False, languageStyle='LTR', name='text_7', opacity=1, ori=0.0, pos=array([0., 0.]), rgb=UNKNOWN, text='', units='height', win=Window(...), wrapWidth=1)
11.5227 	EXP 	Created text_8 = TextStim(__class__=<class 'psychopy.visual.text.TextStim'>, alignHoriz=method-wrapper(...), alignText='center', alignVert=method-wrapper(...), anchorHoriz='center', anchorVert='center', antialias=True, autoDraw=False, autoLog=True, bold=False, color=array([1., 1., 1.]), colorSpace='rgb', contrast=1.0, depth=0.0, draggable=False, flipHoriz=False, flipVert=False, font='Arial', fontFiles=[], height=0.05, italic=False, languageStyle='LTR', name='text_8', opacity=1, ori=0.0, pos=array([0., 0.]), rgb=UNKNOWN, text=str(...), units='height', win=Window(...), wrapWidth=1)
11.5242 	EXP 	Created surround_practice_2 = GratingStim(__class__=<class 'psychopy.visual.grating.GratingStim'>, anchor='center', autoDraw=False, autoLog=True, blendmode='avg', color=array([0.2, 0.2, 0.2]), colorSpace='rgb', contrast=0.2, depth=0.0, draggable=False, interpolate=True, mask='circle', maskParams=None, name='surround_practice_2', opacity=1.0, ori=1.0, phase=array([0., 0.]), pos=array([0., 0.]), rgbPedestal=array([0., 0., 0.]), sf=array([1., 1.]), size=array([1., 1.]), tex='sin', texRes=128.0, units='cm', win=Window(...))
11.5256 	EXP 	Created center_practice_2 = GratingStim(__class__=<class 'psychopy.visual.grating.GratingStim'>, anchor='center', autoDraw=False, autoLog=True, blendmode='avg', color=array([0.2, 0.2, 0.2]), colorSpace='rgb', contrast=0.2, depth=-1.0, draggable=False, interpolate=True, mask='circle', maskParams=None, name='center_practice_2', opacity=1, ori=1.0, phase=array([0., 0.]), pos=array([0., 0.]), rgbPedestal=array([0., 0., 0.]), sf=array([1., 1.]), size=array([2., 2.]), tex='sin', texRes=128.0, units='cm', win=Window(...))
11.5281 	EXP 	Created text_12 = TextStim(__class__=<class 'psychopy.visual.text.TextStim'>, alignHoriz=method-wrapper(...), alignText='center', alignVert=method-wrapper(...), anchorHoriz='center', anchorVert='center', antialias=True, autoDraw=False, autoLog=True, bold=False, color=array([1., 1., 1.]), colorSpace='rgb', contrast=1.0, depth=-3.0, draggable=False, flipHoriz=False, flipVert=False, font='Arial', fontFiles=[], height=0.05, italic=False, languageStyle='LTR', name='text_12', opacity=1, ori=0.0, pos=array([0., 0.]), rgb=UNKNOWN, text=str(...), units='height', win=Window(...), wrapWidth=1)
11.5286 	EXP 	Created text_7 = TextStim(__class__=<class 'psychopy.visual.text.TextStim'>, alignHoriz=method-wrapper(...), alignText='center', alignVert=method-wrapper(...), anchorHoriz='center', anchorVert='center', antialias=True, autoDraw=False, autoLog=True, bold=False, color=array([1., 1., 1.]), colorSpace='rgb', contrast=1.0, depth=-1.0, draggable=False, flipHoriz=False, flipVert=False, font='Arial', fontFiles=[], height=0.05, italic=False, languageStyle='LTR', name='text_7', opacity=1, ori=0.0, pos=array([0., 0.]), rgb=UNKNOWN, text='', units='height', win=Window(...), wrapWidth=1)
11.5331 	EXP 	Created text_13 = TextStim(__class__=<class 'psychopy.visual.text.TextStim'>, alignHoriz=method-wrapper(...), alignText='center', alignVert=method-wrapper(...), anchorHoriz='center', anchorVert='center', antialias=True, autoDraw=False, autoLog=True, bold=False, color=array([1., 1., 1.]), colorSpace='rgb', contrast=1.0, depth=0.0, draggable=False, flipHoriz=False, flipVert=False, font='Arial', fontFiles=[], height=0.05, italic=False, languageStyle='LTR', name='text_13', opacity=1, ori=0.0, pos=array([0., 0.]), rgb=UNKNOWN, text=str(...), units='height', win=Window(...), wrapWidth=1)
11.5346 	EXP 	Created surround_grating = GratingStim(__class__=<class 'psychopy.visual.grating.GratingStim'>, anchor='center', autoDraw=False, autoLog=True, blendmode='avg', color=array([0.2, 0.2, 0.2]), colorSpace='rgb', contrast=0.2, depth=-1.0, draggable=False, interpolate=True, mask='circle', maskParams=None, name='surround_grating', opacity=1.0, ori=1.0, phase=array([1., 1.]), pos=array([0., 0.]), rgbPedestal=array([0., 0., 0.]), sf=array([1., 1.]), size=array([1., 1.]), tex='sin', texRes=128.0, units='cm', win=Window(...))
11.5359 	EXP 	Created center_grating = GratingStim(__class__=<class 'psychopy.visual.grating.GratingStim'>, anchor='center', autoDraw=False, autoLog=True, blendmode='avg', color=array([0.2, 0.2, 0.2]), colorSpace='rgb', contrast=0.2, depth=-2.0, draggable=False, interpolate=True, mask='circle', maskParams=None, name='center_grating', opacity=1, ori=1.0, phase=array([1., 1.]), pos=array([0., 0.]), rgbPedestal=array([0., 0., 0.]), sf=array([1., 1.]), size=array([1., 1.]), tex='sin', texRes=128.0, units='cm', win=Window(...))
11.5384 	EXP 	Created text_4 = TextStim(__class__=<class 'psychopy.visual.text.TextStim'>, alignHoriz=method-wrapper(...), alignText='center', alignVert=method-wrapper(...), anchorHoriz='center', anchorVert='center', antialias=True, autoDraw=False, autoLog=True, bold=False, color=array([1., 1., 1.]), colorSpace='rgb', contrast=1.0, depth=-4.0, draggable=False, flipHoriz=False, flipVert=False, font='Arial', fontFiles=[], height=0.05, italic=False, languageStyle='LTR', name='text_4', opacity=1, ori=0.0, pos=array([0., 0.]), rgb=UNKNOWN, text=str(...), units='height', win=Window(...), wrapWidth=1)
11.5415 	EXP 	Created text_2 = TextStim(__class__=<class 'psychopy.visual.text.TextStim'>, alignHoriz=method-wrapper(...), alignText='center', alignVert=method-wrapper(...), anchorHoriz='center', anchorVert='center', antialias=True, autoDraw=False, autoLog=True, bold=False, color=array([1., 1., 1.]), colorSpace='rgb', contrast=1.0, depth=0.0, draggable=False, flipHoriz=False, flipVert=False, font='Arial', fontFiles=[], height=0.05, italic=False, languageStyle='LTR', name='text_2', opacity=1, ori=0.0, pos=array([0., 0.]), rgb=UNKNOWN, text=str(...), units='height', win=Window(...), wrapWidth=1)
11.5433 	EXP 	Created text_14 = TextStim(__class__=<class 'psychopy.visual.text.TextStim'>, alignHoriz=method-wrapper(...), alignText='center', alignVert=method-wrapper(...), anchorHoriz='center', anchorVert='center', antialias=True, autoDraw=False, autoLog=True, bold=False, color=array([1., 1., 1.]), colorSpace='rgb', contrast=1.0, depth=0.0, draggable=False, flipHoriz=False, flipVert=False, font='Arial', fontFiles=[], height=0.05, italic=False, languageStyle='LTR', name='text_14', opacity=1, ori=0.0, pos=array([0., 0.]), rgb=UNKNOWN, text='thank you and have a pleasant day ', units='height', win=Window(...), wrapWidth=1)
0.0186 	INFO 	Keyboard events cleared
0.0182 	EXP 	text_5: autoDraw = True
1.5796 	DATA 	Keypress: space
1.5870 	INFO 	Keyboard events cleared
1.5864 	WARNING 	t of last frame was 66.42ms (=1/15)
1.5864 	EXP 	text_5: autoDraw = False
1.5864 	EXP 	text_6: autoDraw = True
1.8513 	EXP 	Imported tilt_practice_1.csv as conditions, 4 conditions, 3 params
1.8565 	DATA 	Keypress: space
1.8619 	INFO 	Keyboard events cleared
1.8614 	WARNING 	t of last frame was 24.41ms (=1/40)
1.8614 	EXP 	text_6: autoDraw = False
1.8614 	EXP 	text_8: autoDraw = True
2.4671 	EXP 	Imported tilt_practice_2.csv as conditions, 6 conditions, 4 params
2.4717 	DATA 	Keypress: space
2.4762 	INFO 	Keyboard events cleared
2.4758 	EXP 	text_8: autoDraw = False
2.4758 	EXP 	text_13: autoDraw = True
3.3764 	DATA 	Keypress: space
3.4136 	EXP 	Imported ./baseline_stims/sub-brian/ses-0/sub-brian_ses-0_mocs_baseline_stims.csv as conditions, 700 conditions, 5 params
3.4183 	EXP 	New trial (rep=0, index=0): <Trial 0 (0 in rep 0) data={'center': -3.2222222222222228, 'surround': -15.0, 'type': 'm1', 'surr_type': 'negs', 'surr_opacity': 100, 'thisN': 0, 'thisTrialN': 0, 'thisRepN': 0}>
3.4226 	INFO 	Keyboard events cleared
3.4223 	WARNING 	t of last frame was 40.79ms (=1/24)
3.4223 	EXP 	text_13: autoDraw = False
3.4223 	EXP 	surround_grating: ori = -15.0
3.4223 	EXP 	surround_grating: sf = array([2.5, 2.5])
3.4223 	EXP 	surround_grating: phase = array([0.06815764, 0.06815764])
3.4223 	EXP 	center_grating: ori = -3.2222222222222228
3.4223 	EXP 	center_grating: sf = array([2.5, 2.5])
3.4223 	EXP 	center_grating: phase = array([0.10945013, 0.10945013])
3.8887 	EXP 	surround_grating: autoDraw = True
3.8887 	EXP 	center_grating: autoDraw = True
3.8887 	EXP 	surround_grating: tex = 'sin'
3.8887 	EXP 	center_grating: tex = 'sin'
3.9574 	EXP 	surround_grating: autoDraw = False
3.9574 	EXP 	center_grating: autoDraw = False
4.8637 	EXP 	New trial (rep=0, index=1): <Trial 1 (1 in rep 0) data={'center': -3.2222222222222228, 'surround': -15.0, 'type': 'm1', 'surr_type': 'negs', 'surr_opacity': 100, 'thisN': 1, 'thisTrialN': 1, 'thisRepN': 0}>
4.9261 	DATA 	Keypress: left
4.9307 	INFO 	Keyboard events cleared
4.9301 	WARNING 	t of last frame was 69.88ms (=1/14)
4.9301 	EXP 	surround_grating: autoDraw = False
4.9301 	EXP 	center_grating: autoDraw = False
4.9301 	EXP 	text_4: autoDraw = False
4.9301 	EXP 	text_2: autoDraw = False
4.9301 	EXP 	surround_grating: ori = -15.0
4.9301 	EXP 	surround_grating: sf = array([2.5, 2.5])
4.9301 	EXP 	surround_grating: phase = array([0.07420101, 0.07420101])
4.9301 	EXP 	center_grating: ori = -3.2222222222222228
4.9301 	EXP 	center_grating: sf = array([2.5, 2.5])
4.9301 	EXP 	center_grating: phase = array([0.99633101, 0.99633101])
5.3614 	EXP 	surround_grating: autoDraw = True
5.3614 	EXP 	center_grating: autoDraw = True
5.4369 	EXP 	surround_grating: autoDraw = False
5.4369 	EXP 	center_grating: autoDraw = False
7.0611 	DATA 	Keypress: escape
7.1404 	EXP 	tilt_mocs: status = STOPPED
7.1455 	EXP 	tilt_mocs: status = STOPPED
7.1513 	INFO 	saved data to '/Users/bwinsto2/Documents/Documents - BV-PCR-VPJVMF3/Github/tilt/tilt_mocs/data/sub-brian/ses-0/sub-brian_ses-0_exp-tiltmocs_2025-09-11_12h35.38.657.csv'
7.1629 	INFO 	saved data to /Users/bwinsto2/Documents/Documents - BV-PCR-VPJVMF3/Github/tilt/tilt_mocs/data/sub-brian/ses-0/sub-brian_ses-0_exp-tiltmocs_2025-09-11_12h35.38.657.psydat
7.1667 	WARNING 	Multiple dropped frames have occurred - I'll stop bothering you about them!
