21.4816 	DEBUG 	Fullscreen settings ignored as running in pilot mode.
21.4840 	INFO 	Loaded monitor calibration from ['2025_08_13 14:32']
21.8617 	EXP 	Created window1 = Window(allowGUI=False, allowStencil=False, autoLog=True, backendConf=UNKNOWN, backgroundFit=<method-wrapper '__getattribute__' of attributeSetter object at 0x7fa44b41dfd0>, backgroundImage=<method-wrapper '__getattribute__' of attributeSetter object at 0x7fa44b41dee0>, bitsMode=UNKNOWN, blendMode='avg', bpc=(8, 8, 8), color=array([0, 0, 0]), colorSpace='rgb', depthBits=8, fullscr=False, gamma=None, gammaErrorPolicy='raise', infoMsg=UNKNOWN, lms=UNKNOWN, monitor=<psychopy.monitors.calibTools.Monitor object at 0x7fa44b8a0a30>, multiSample=False, name='window1', numSamples=2, pos=[320.0, 150.0], screen=0, size=array([1600, 1200]), stencilBits=0, stereo=False, title='PsychoPy', units='height', useFBO=True, useRetina=True, viewOri=0.0, viewPos=None, viewScale=None, waitBlanking=True, winType='pyglet')
21.8618 	EXP 	window1: backgroundImage = ''
21.8618 	EXP 	window1: backgroundFit = 'none'
21.8888 	DEBUG 	TextBox2 loaded 1 chars with 0 blanks and 1 valid
21.8899 	DEBUG 	TextBox2 loaded 1 chars with 0 blanks and 1 valid
21.8909 	DEBUG 	TextBox2 loaded 1 chars with 0 blanks and 1 valid
21.8926 	DEBUG 	TextBox2 loaded 1 chars with 0 blanks and 1 valid
21.8935 	DEBUG 	TextBox2 loaded 1 chars with 0 blanks and 1 valid
21.8940 	DEBUG 	TextBox2 loaded 1 chars with 0 blanks and 1 valid
21.8947 	DEBUG 	TextBox2 loaded 1 chars with 0 blanks and 1 valid
21.8956 	DEBUG 	TextBox2 loaded 1 chars with 0 blanks and 1 valid
21.8963 	DEBUG 	TextBox2 loaded 1 chars with 0 blanks and 1 valid
21.8967 	DEBUG 	TextBox2 loaded 1 chars with 0 blanks and 1 valid
21.8975 	DEBUG 	TextBox2 loaded 1 chars with 0 blanks and 1 valid
21.8982 	DEBUG 	TextBox2 loaded 1 chars with 0 blanks and 1 valid
21.8990 	DEBUG 	TextBox2 loaded 1 chars with 0 blanks and 1 valid
21.8997 	DEBUG 	TextBox2 loaded 1 chars with 0 blanks and 1 valid
21.9004 	DEBUG 	TextBox2 loaded 1 chars with 0 blanks and 1 valid
21.9012 	DEBUG 	TextBox2 loaded 1 chars with 0 blanks and 1 valid
21.9020 	DEBUG 	TextBox2 loaded 1 chars with 0 blanks and 1 valid
21.9026 	DEBUG 	TextBox2 loaded 1 chars with 0 blanks and 1 valid
21.9031 	DEBUG 	TextBox2 loaded 1 chars with 0 blanks and 1 valid
21.9041 	DEBUG 	TextBox2 loaded 1 chars with 0 blanks and 1 valid
21.9046 	DEBUG 	TextBox2 loaded 1 chars with 0 blanks and 1 valid
21.9052 	DEBUG 	Uploading Texture Font fontname to graphics card
21.9097 	DEBUG 	Upload of Texture Font fontname complete
21.9152 	DEBUG 	TextBox2 loaded 1 chars with 0 blanks and 1 valid
21.9162 	DEBUG 	TextBox2 loaded 1 chars with 0 blanks and 1 valid
21.9171 	DEBUG 	TextBox2 loaded 1 chars with 0 blanks and 1 valid
21.9173 	DEBUG 	Uploading Texture Font fontname to graphics card
21.9193 	DEBUG 	Upload of Texture Font fontname complete
21.9209 	EXP 	window1: Attempting to measure frame rate of screen (0) ...
21.9209 	EXP 	window1: recordFrameIntervals = False
22.2397 	EXP 	window1: recordFrameIntervals = True
23.0740 	WARNING 	Couldn't measure a consistent frame rate!
  - Is your graphics card set to sync to vertical blank?
  - Are you running other processes on your computer?

23.0829 	DEBUG 	TextBox2 loaded 1 chars with 0 blanks and 1 valid
23.0839 	DEBUG 	TextBox2 loaded 1 chars with 0 blanks and 1 valid
23.0853 	DEBUG 	TextBox2 loaded 1 chars with 0 blanks and 1 valid
23.0871 	DEBUG 	TextBox2 loaded 1 chars with 0 blanks and 1 valid
23.0887 	DEBUG 	TextBox2 loaded 1 chars with 0 blanks and 1 valid
23.0904 	DEBUG 	TextBox2 loaded 1 chars with 0 blanks and 1 valid
23.0913 	DEBUG 	TextBox2 loaded 1 chars with 0 blanks and 1 valid
23.0927 	DEBUG 	TextBox2 loaded 1 chars with 0 blanks and 1 valid
23.0944 	DEBUG 	TextBox2 loaded 1 chars with 0 blanks and 1 valid
23.0959 	DEBUG 	TextBox2 loaded 1 chars with 0 blanks and 1 valid
23.0963 	DEBUG 	Uploading Texture Font fontname to graphics card
23.1004 	DEBUG 	Upload of Texture Font fontname complete
23.1794 	WARNING 	launchHubServer: If using the iohub mouse or eyetracker devices, fullScr should be True.
31.6067 	INFO 	keyboard.Keyboard is using iohub backend.
31.6068 	INFO 	keyboard.Keyboard is using iohub backend.
31.6068 	INFO 	keyboard.Keyboard is using iohub backend.
31.6068 	INFO 	keyboard.Keyboard is using iohub backend.
31.6068 	INFO 	keyboard.Keyboard is using iohub backend.
31.6069 	INFO 	keyboard.Keyboard is using iohub backend.
31.6069 	INFO 	keyboard.Keyboard is using iohub backend.
31.6069 	INFO 	keyboard.Keyboard is using iohub backend.
31.6069 	INFO 	keyboard.Keyboard is using iohub backend.
31.6069 	INFO 	keyboard.Keyboard is using iohub backend.
31.6070 	EXP 	tilt_mocs: status = STARTED
33.0468 	EXP 	Created text_5 = TextStim(__class__=<class 'psychopy.visual.text.TextStim'>, alignHoriz=method-wrapper(...), alignText='center', alignVert=method-wrapper(...), anchorHoriz='center', anchorVert='center', antialias=True, autoDraw=False, autoLog=True, bold=False, color=array([1., 1., 1.]), colorSpace='rgb', contrast=1.0, depth=-1.0, draggable=False, flipHoriz=False, flipVert=False, font='Arial', fontFiles=[], height=0.05, italic=False, languageStyle='LTR', name='text_5', opacity=1, ori=0.0, pos=array([0., 0.]), rgb=UNKNOWN, text=str(...), units='height', win=Window(...), wrapWidth=1)
33.0551 	EXP 	Created text_6 = TextStim(__class__=<class 'psychopy.visual.text.TextStim'>, alignHoriz=method-wrapper(...), alignText='center', alignVert=method-wrapper(...), anchorHoriz='center', anchorVert='center', antialias=True, autoDraw=False, autoLog=True, bold=False, color=array([1., 1., 1.]), colorSpace='rgb', contrast=1.0, depth=0.0, draggable=False, flipHoriz=False, flipVert=False, font='Arial', fontFiles=[], height=0.05, italic=False, languageStyle='LTR', name='text_6', opacity=1, ori=0.0, pos=array([0., 0.]), rgb=UNKNOWN, text=str(...), units='height', win=Window(...), wrapWidth=1)
33.0580 	EXP 	Created surround_practice = GratingStim(__class__=<class 'psychopy.visual.grating.GratingStim'>, anchor='center', autoDraw=False, autoLog=True, blendmode='avg', color=array([0.2, 0.2, 0.2]), colorSpace='rgb', contrast=0.2, depth=-1.0, draggable=False, interpolate=True, mask='circle', maskParams=None, name='surround_practice', opacity=1, ori=1.0, phase=array([1., 1.]), pos=array([0., 0.]), rgbPedestal=array([0., 0., 0.]), sf=array([1., 1.]), size=array([1., 1.]), tex='sin', texRes=128.0, units='cm', win=Window(...))
33.0596 	EXP 	Created center_practice = GratingStim(__class__=<class 'psychopy.visual.grating.GratingStim'>, anchor='center', autoDraw=False, autoLog=True, blendmode='avg', color=array([1., 1., 1.]), colorSpace='rgb', contrast=1.0, depth=-2.0, draggable=False, interpolate=True, mask='circle', maskParams=None, name='center_practice', opacity=1, ori=1.0, phase=array([1., 1.]), pos=array([0., 0.]), rgbPedestal=array([0., 0., 0.]), sf=array([1., 1.]), size=array([1., 1.]), tex='sin', texRes=128.0, units='cm', win=Window(...))
33.0637 	EXP 	Created text_11 = TextStim(__class__=<class 'psychopy.visual.text.TextStim'>, alignHoriz=method-wrapper(...), alignText='center', alignVert=method-wrapper(...), anchorHoriz='center', anchorVert='center', antialias=True, autoDraw=False, autoLog=True, bold=False, color=array([1., 1., 1.]), colorSpace='rgb', contrast=1.0, depth=-4.0, draggable=False, flipHoriz=False, flipVert=False, font='Arial', fontFiles=[], height=0.05, italic=False, languageStyle='LTR', name='text_11', opacity=1, ori=0.0, pos=array([0., 0.]), rgb=UNKNOWN, text=str(...), units='height', win=Window(...), wrapWidth=1)
33.0642 	EXP 	Created text_7 = TextStim(__class__=<class 'psychopy.visual.text.TextStim'>, alignHoriz=method-wrapper(...), alignText='center', alignVert=method-wrapper(...), anchorHoriz='center', anchorVert='center', antialias=True, autoDraw=False, autoLog=True, bold=False, color=array([1., 1., 1.]), colorSpace='rgb', contrast=1.0, depth=-1.0, draggable=False, flipHoriz=False, flipVert=False, font='Arial', fontFiles=[], height=0.05, italic=False, languageStyle='LTR', name='text_7', opacity=1, ori=0.0, pos=array([0., 0.]), rgb=UNKNOWN, text='', units='height', win=Window(...), wrapWidth=1)
33.0725 	EXP 	Created text_8 = TextStim(__class__=<class 'psychopy.visual.text.TextStim'>, alignHoriz=method-wrapper(...), alignText='center', alignVert=method-wrapper(...), anchorHoriz='center', anchorVert='center', antialias=True, autoDraw=False, autoLog=True, bold=False, color=array([1., 1., 1.]), colorSpace='rgb', contrast=1.0, depth=0.0, draggable=False, flipHoriz=False, flipVert=False, font='Arial', fontFiles=[], height=0.05, italic=False, languageStyle='LTR', name='text_8', opacity=1, ori=0.0, pos=array([0., 0.]), rgb=UNKNOWN, text=str(...), units='height', win=Window(...), wrapWidth=1)
33.0741 	EXP 	Created surround_practice_2 = GratingStim(__class__=<class 'psychopy.visual.grating.GratingStim'>, anchor='center', autoDraw=False, autoLog=True, blendmode='avg', color=array([0.2, 0.2, 0.2]), colorSpace='rgb', contrast=0.2, depth=0.0, draggable=False, interpolate=True, mask='circle', maskParams=None, name='surround_practice_2', opacity=1.0, ori=1.0, phase=array([0., 0.]), pos=array([0., 0.]), rgbPedestal=array([0., 0., 0.]), sf=array([1., 1.]), size=array([1., 1.]), tex='sin', texRes=128.0, units='cm', win=Window(...))
33.0756 	EXP 	Created center_practice_2 = GratingStim(__class__=<class 'psychopy.visual.grating.GratingStim'>, anchor='center', autoDraw=False, autoLog=True, blendmode='avg', color=array([0.2, 0.2, 0.2]), colorSpace='rgb', contrast=0.2, depth=-1.0, draggable=False, interpolate=True, mask='circle', maskParams=None, name='center_practice_2', opacity=1, ori=1.0, phase=array([0., 0.]), pos=array([0., 0.]), rgbPedestal=array([0., 0., 0.]), sf=array([1., 1.]), size=array([2., 2.]), tex='sin', texRes=128.0, units='cm', win=Window(...))
33.0782 	EXP 	Created text_12 = TextStim(__class__=<class 'psychopy.visual.text.TextStim'>, alignHoriz=method-wrapper(...), alignText='center', alignVert=method-wrapper(...), anchorHoriz='center', anchorVert='center', antialias=True, autoDraw=False, autoLog=True, bold=False, color=array([1., 1., 1.]), colorSpace='rgb', contrast=1.0, depth=-3.0, draggable=False, flipHoriz=False, flipVert=False, font='Arial', fontFiles=[], height=0.05, italic=False, languageStyle='LTR', name='text_12', opacity=1, ori=0.0, pos=array([0., 0.]), rgb=UNKNOWN, text=str(...), units='height', win=Window(...), wrapWidth=1)
33.0787 	EXP 	Created text_7 = TextStim(__class__=<class 'psychopy.visual.text.TextStim'>, alignHoriz=method-wrapper(...), alignText='center', alignVert=method-wrapper(...), anchorHoriz='center', anchorVert='center', antialias=True, autoDraw=False, autoLog=True, bold=False, color=array([1., 1., 1.]), colorSpace='rgb', contrast=1.0, depth=-1.0, draggable=False, flipHoriz=False, flipVert=False, font='Arial', fontFiles=[], height=0.05, italic=False, languageStyle='LTR', name='text_7', opacity=1, ori=0.0, pos=array([0., 0.]), rgb=UNKNOWN, text='', units='height', win=Window(...), wrapWidth=1)
33.0837 	EXP 	Created text_13 = TextStim(__class__=<class 'psychopy.visual.text.TextStim'>, alignHoriz=method-wrapper(...), alignText='center', alignVert=method-wrapper(...), anchorHoriz='center', anchorVert='center', antialias=True, autoDraw=False, autoLog=True, bold=False, color=array([1., 1., 1.]), colorSpace='rgb', contrast=1.0, depth=0.0, draggable=False, flipHoriz=False, flipVert=False, font='Arial', fontFiles=[], height=0.05, italic=False, languageStyle='LTR', name='text_13', opacity=1, ori=0.0, pos=array([0., 0.]), rgb=UNKNOWN, text=str(...), units='height', win=Window(...), wrapWidth=1)
33.0852 	EXP 	Created surround_grating = GratingStim(__class__=<class 'psychopy.visual.grating.GratingStim'>, anchor='center', autoDraw=False, autoLog=True, blendmode='avg', color=array([0.2, 0.2, 0.2]), colorSpace='rgb', contrast=0.2, depth=-1.0, draggable=False, interpolate=True, mask='circle', maskParams=None, name='surround_grating', opacity=1.0, ori=1.0, phase=array([1., 1.]), pos=array([0., 0.]), rgbPedestal=array([0., 0., 0.]), sf=array([1., 1.]), size=array([1., 1.]), tex='sin', texRes=128.0, units='cm', win=Window(...))
33.0866 	EXP 	Created center_grating = GratingStim(__class__=<class 'psychopy.visual.grating.GratingStim'>, anchor='center', autoDraw=False, autoLog=True, blendmode='avg', color=array([0.2, 0.2, 0.2]), colorSpace='rgb', contrast=0.2, depth=-2.0, draggable=False, interpolate=True, mask='circle', maskParams=None, name='center_grating', opacity=1, ori=1.0, phase=array([1., 1.]), pos=array([0., 0.]), rgbPedestal=array([0., 0., 0.]), sf=array([1., 1.]), size=array([1., 1.]), tex='sin', texRes=128.0, units='cm', win=Window(...))
33.0890 	EXP 	Created text_4 = TextStim(__class__=<class 'psychopy.visual.text.TextStim'>, alignHoriz=method-wrapper(...), alignText='center', alignVert=method-wrapper(...), anchorHoriz='center', anchorVert='center', antialias=True, autoDraw=False, autoLog=True, bold=False, color=array([1., 1., 1.]), colorSpace='rgb', contrast=1.0, depth=-4.0, draggable=False, flipHoriz=False, flipVert=False, font='Arial', fontFiles=[], height=0.05, italic=False, languageStyle='LTR', name='text_4', opacity=1, ori=0.0, pos=array([0., 0.]), rgb=UNKNOWN, text=str(...), units='height', win=Window(...), wrapWidth=1)
33.0929 	EXP 	Created text_2 = TextStim(__class__=<class 'psychopy.visual.text.TextStim'>, alignHoriz=method-wrapper(...), alignText='center', alignVert=method-wrapper(...), anchorHoriz='center', anchorVert='center', antialias=True, autoDraw=False, autoLog=True, bold=False, color=array([1., 1., 1.]), colorSpace='rgb', contrast=1.0, depth=0.0, draggable=False, flipHoriz=False, flipVert=False, font='Arial', fontFiles=[], height=0.05, italic=False, languageStyle='LTR', name='text_2', opacity=1, ori=0.0, pos=array([0., 0.]), rgb=UNKNOWN, text=str(...), units='height', win=Window(...), wrapWidth=1)
33.0947 	EXP 	Created text_14 = TextStim(__class__=<class 'psychopy.visual.text.TextStim'>, alignHoriz=method-wrapper(...), alignText='center', alignVert=method-wrapper(...), anchorHoriz='center', anchorVert='center', antialias=True, autoDraw=False, autoLog=True, bold=False, color=array([1., 1., 1.]), colorSpace='rgb', contrast=1.0, depth=0.0, draggable=False, flipHoriz=False, flipVert=False, font='Arial', fontFiles=[], height=0.05, italic=False, languageStyle='LTR', name='text_14', opacity=1, ori=0.0, pos=array([0., 0.]), rgb=UNKNOWN, text='thank you and have a pleasant day ', units='height', win=Window(...), wrapWidth=1)
0.0418 	INFO 	Keyboard events cleared
0.0416 	WARNING 	t of last frame was 35.59ms (=1/28)
0.0416 	EXP 	text_5: autoDraw = True
4.2748 	WARNING 	t of last frame was 29.89ms (=1/33)
6.8167 	DATA 	Keypress: space
6.8211 	INFO 	Keyboard events cleared
6.8208 	WARNING 	t of last frame was 42.55ms (=1/23)
6.8208 	EXP 	text_5: autoDraw = False
6.8208 	EXP 	text_6: autoDraw = True
8.0579 	DEBUG 	Read csv file with pandas: tilt_practice_1.csv
8.0586 	DEBUG 	Clearing unnamed columns from tilt_practice_1.csv
8.0590 	EXP 	Imported tilt_practice_1.csv as conditions, 4 conditions, 3 params
8.0623 	DATA 	Keypress: space
8.0651 	INFO 	Keyboard events cleared
8.0648 	EXP 	text_6: autoDraw = False
8.0648 	EXP 	text_8: autoDraw = True
9.4278 	DEBUG 	Read csv file with pandas: tilt_practice_2.csv
9.4283 	DEBUG 	Clearing unnamed columns from tilt_practice_2.csv
9.4286 	EXP 	Imported tilt_practice_2.csv as conditions, 6 conditions, 4 params
9.4310 	DATA 	Keypress: space
9.4337 	INFO 	Keyboard events cleared
9.4334 	EXP 	text_8: autoDraw = False
9.4334 	EXP 	text_13: autoDraw = True
10.7686 	DEBUG 	Saving data for tilt_mocs ExperimentHandler
10.7703 	INFO 	saved data to /Users/bwinsto2/Documents/Github/tilt/tilt_mocs/data/sub-brian/ses-0/sub-brian_ses-0_exp-tiltmocs_2025-08-21_16h01.03.038.psydat
10.7711 	INFO 	saved data to '/Users/bwinsto2/Documents/Github/tilt/tilt_mocs/data/sub-brian/ses-0/sub-brian_ses-0_exp-tiltmocs_2025-08-21_16h01.03.038.csv'
