18.9445 	DEBUG 	Fullscreen settings ignored as running in pilot mode.
18.9463 	INFO 	Loaded monitor calibration from ['2025_08_13 14:32']
19.3346 	EXP 	Created window1 = Window(allowGUI=False, allowStencil=False, autoLog=True, backendConf=UNKNOWN, backgroundFit=<method-wrapper '__getattribute__' of attributeSetter object at 0x7fa9cbbb5a90>, backgroundImage=<method-wrapper '__getattribute__' of attributeSetter object at 0x7fa9cbbb59a0>, bitsMode=UNKNOWN, blendMode='avg', bpc=(8, 8, 8), color=array([0, 0, 0]), colorSpace='rgb', depthBits=8, fullscr=False, gamma=None, gammaErrorPolicy='raise', infoMsg=UNKNOWN, lms=UNKNOWN, monitor=<psychopy.monitors.calibTools.Monitor object at 0x7fa9b9b9f520>, multiSample=False, name='window1', numSamples=2, pos=[320.0, 150.0], screen=0, size=array([1600, 1200]), stencilBits=0, stereo=False, title='PsychoPy', units='height', useFBO=True, useRetina=True, viewOri=0.0, viewPos=None, viewScale=None, waitBlanking=True, winType='pyglet')
19.3347 	EXP 	window1: backgroundImage = ''
19.3347 	EXP 	window1: backgroundFit = 'none'
19.3573 	DEBUG 	TextBox2 loaded 1 chars with 0 blanks and 1 valid
19.3583 	DEBUG 	TextBox2 loaded 1 chars with 0 blanks and 1 valid
19.3591 	DEBUG 	TextBox2 loaded 1 chars with 0 blanks and 1 valid
19.3601 	DEBUG 	TextBox2 loaded 1 chars with 0 blanks and 1 valid
19.3610 	DEBUG 	TextBox2 loaded 1 chars with 0 blanks and 1 valid
19.3615 	DEBUG 	TextBox2 loaded 1 chars with 0 blanks and 1 valid
19.3622 	DEBUG 	TextBox2 loaded 1 chars with 0 blanks and 1 valid
19.3632 	DEBUG 	TextBox2 loaded 1 chars with 0 blanks and 1 valid
19.3638 	DEBUG 	TextBox2 loaded 1 chars with 0 blanks and 1 valid
19.3641 	DEBUG 	TextBox2 loaded 1 chars with 0 blanks and 1 valid
19.3648 	DEBUG 	TextBox2 loaded 1 chars with 0 blanks and 1 valid
19.3655 	DEBUG 	TextBox2 loaded 1 chars with 0 blanks and 1 valid
19.3662 	DEBUG 	TextBox2 loaded 1 chars with 0 blanks and 1 valid
19.3669 	DEBUG 	TextBox2 loaded 1 chars with 0 blanks and 1 valid
19.3675 	DEBUG 	TextBox2 loaded 1 chars with 0 blanks and 1 valid
19.3683 	DEBUG 	TextBox2 loaded 1 chars with 0 blanks and 1 valid
19.3690 	DEBUG 	TextBox2 loaded 1 chars with 0 blanks and 1 valid
19.3695 	DEBUG 	TextBox2 loaded 1 chars with 0 blanks and 1 valid
19.3699 	DEBUG 	TextBox2 loaded 1 chars with 0 blanks and 1 valid
19.3709 	DEBUG 	TextBox2 loaded 1 chars with 0 blanks and 1 valid
19.3713 	DEBUG 	TextBox2 loaded 1 chars with 0 blanks and 1 valid
19.3718 	DEBUG 	Uploading Texture Font fontname to graphics card
19.3760 	DEBUG 	Upload of Texture Font fontname complete
19.3817 	DEBUG 	TextBox2 loaded 1 chars with 0 blanks and 1 valid
19.3827 	DEBUG 	TextBox2 loaded 1 chars with 0 blanks and 1 valid
19.3836 	DEBUG 	TextBox2 loaded 1 chars with 0 blanks and 1 valid
19.3837 	DEBUG 	Uploading Texture Font fontname to graphics card
19.3857 	DEBUG 	Upload of Texture Font fontname complete
19.3872 	EXP 	window1: Attempting to measure frame rate of screen (0) ...
19.3873 	EXP 	window1: recordFrameIntervals = False
19.6977 	EXP 	window1: recordFrameIntervals = True
20.5323 	WARNING 	Couldn't measure a consistent frame rate!
  - Is your graphics card set to sync to vertical blank?
  - Are you running other processes on your computer?

20.5438 	DEBUG 	TextBox2 loaded 1 chars with 0 blanks and 1 valid
20.5450 	DEBUG 	TextBox2 loaded 1 chars with 0 blanks and 1 valid
20.5466 	DEBUG 	TextBox2 loaded 1 chars with 0 blanks and 1 valid
20.5486 	DEBUG 	TextBox2 loaded 1 chars with 0 blanks and 1 valid
20.5505 	DEBUG 	TextBox2 loaded 1 chars with 0 blanks and 1 valid
20.5523 	DEBUG 	TextBox2 loaded 1 chars with 0 blanks and 1 valid
20.5533 	DEBUG 	TextBox2 loaded 1 chars with 0 blanks and 1 valid
20.5549 	DEBUG 	TextBox2 loaded 1 chars with 0 blanks and 1 valid
20.5568 	DEBUG 	TextBox2 loaded 1 chars with 0 blanks and 1 valid
20.5585 	DEBUG 	TextBox2 loaded 1 chars with 0 blanks and 1 valid
20.5589 	DEBUG 	Uploading Texture Font fontname to graphics card
20.5637 	DEBUG 	Upload of Texture Font fontname complete
20.6433 	WARNING 	launchHubServer: If using the iohub mouse or eyetracker devices, fullScr should be True.
25.5915 	INFO 	keyboard.Keyboard is using iohub backend.
25.5915 	INFO 	keyboard.Keyboard is using iohub backend.
25.5916 	INFO 	keyboard.Keyboard is using iohub backend.
25.5916 	INFO 	keyboard.Keyboard is using iohub backend.
25.5916 	INFO 	keyboard.Keyboard is using iohub backend.
25.5916 	INFO 	keyboard.Keyboard is using iohub backend.
25.5916 	INFO 	keyboard.Keyboard is using iohub backend.
25.5916 	INFO 	keyboard.Keyboard is using iohub backend.
25.5917 	INFO 	keyboard.Keyboard is using iohub backend.
25.5917 	INFO 	keyboard.Keyboard is using iohub backend.
25.5917 	EXP 	tilt_mocs: status = STARTED
26.4030 	EXP 	Created text_5 = TextStim(__class__=<class 'psychopy.visual.text.TextStim'>, alignHoriz=method-wrapper(...), alignText='center', alignVert=method-wrapper(...), anchorHoriz='center', anchorVert='center', antialias=True, autoDraw=False, autoLog=True, bold=False, color=array([1., 1., 1.]), colorSpace='rgb', contrast=1.0, depth=-1.0, draggable=False, flipHoriz=False, flipVert=False, font='Arial', fontFiles=[], height=0.05, italic=False, languageStyle='LTR', name='text_5', opacity=1, ori=0.0, pos=array([0., 0.]), rgb=UNKNOWN, text=str(...), units='height', win=Window(...), wrapWidth=1)
26.4102 	EXP 	Created text_6 = TextStim(__class__=<class 'psychopy.visual.text.TextStim'>, alignHoriz=method-wrapper(...), alignText='center', alignVert=method-wrapper(...), anchorHoriz='center', anchorVert='center', antialias=True, autoDraw=False, autoLog=True, bold=False, color=array([1., 1., 1.]), colorSpace='rgb', contrast=1.0, depth=0.0, draggable=False, flipHoriz=False, flipVert=False, font='Arial', fontFiles=[], height=0.05, italic=False, languageStyle='LTR', name='text_6', opacity=1, ori=0.0, pos=array([0., 0.]), rgb=UNKNOWN, text=str(...), units='height', win=Window(...), wrapWidth=1)
26.4130 	EXP 	Created surround_practice = GratingStim(__class__=<class 'psychopy.visual.grating.GratingStim'>, anchor='center', autoDraw=False, autoLog=True, blendmode='avg', color=array([0.2, 0.2, 0.2]), colorSpace='rgb', contrast=0.2, depth=-1.0, draggable=False, interpolate=True, mask='circle', maskParams=None, name='surround_practice', opacity=1, ori=1.0, phase=array([1., 1.]), pos=array([0., 0.]), rgbPedestal=array([0., 0., 0.]), sf=array([1., 1.]), size=array([1., 1.]), tex='sin', texRes=128.0, units='cm', win=Window(...))
26.4145 	EXP 	Created center_practice = GratingStim(__class__=<class 'psychopy.visual.grating.GratingStim'>, anchor='center', autoDraw=False, autoLog=True, blendmode='avg', color=array([1., 1., 1.]), colorSpace='rgb', contrast=1.0, depth=-2.0, draggable=False, interpolate=True, mask='circle', maskParams=None, name='center_practice', opacity=1, ori=1.0, phase=array([1., 1.]), pos=array([0., 0.]), rgbPedestal=array([0., 0., 0.]), sf=array([1., 1.]), size=array([1., 1.]), tex='sin', texRes=128.0, units='cm', win=Window(...))
26.4181 	EXP 	Created text_11 = TextStim(__class__=<class 'psychopy.visual.text.TextStim'>, alignHoriz=method-wrapper(...), alignText='center', alignVert=method-wrapper(...), anchorHoriz='center', anchorVert='center', antialias=True, autoDraw=False, autoLog=True, bold=False, color=array([1., 1., 1.]), colorSpace='rgb', contrast=1.0, depth=-4.0, draggable=False, flipHoriz=False, flipVert=False, font='Arial', fontFiles=[], height=0.05, italic=False, languageStyle='LTR', name='text_11', opacity=1, ori=0.0, pos=array([0., 0.]), rgb=UNKNOWN, text=str(...), units='height', win=Window(...), wrapWidth=1)
26.4187 	EXP 	Created text_7 = TextStim(__class__=<class 'psychopy.visual.text.TextStim'>, alignHoriz=method-wrapper(...), alignText='center', alignVert=method-wrapper(...), anchorHoriz='center', anchorVert='center', antialias=True, autoDraw=False, autoLog=True, bold=False, color=array([1., 1., 1.]), colorSpace='rgb', contrast=1.0, depth=-1.0, draggable=False, flipHoriz=False, flipVert=False, font='Arial', fontFiles=[], height=0.05, italic=False, languageStyle='LTR', name='text_7', opacity=1, ori=0.0, pos=array([0., 0.]), rgb=UNKNOWN, text='', units='height', win=Window(...), wrapWidth=1)
26.4257 	EXP 	Created text_8 = TextStim(__class__=<class 'psychopy.visual.text.TextStim'>, alignHoriz=method-wrapper(...), alignText='center', alignVert=method-wrapper(...), anchorHoriz='center', anchorVert='center', antialias=True, autoDraw=False, autoLog=True, bold=False, color=array([1., 1., 1.]), colorSpace='rgb', contrast=1.0, depth=0.0, draggable=False, flipHoriz=False, flipVert=False, font='Arial', fontFiles=[], height=0.05, italic=False, languageStyle='LTR', name='text_8', opacity=1, ori=0.0, pos=array([0., 0.]), rgb=UNKNOWN, text=str(...), units='height', win=Window(...), wrapWidth=1)
26.4274 	EXP 	Created surround_practice_2 = GratingStim(__class__=<class 'psychopy.visual.grating.GratingStim'>, anchor='center', autoDraw=False, autoLog=True, blendmode='avg', color=array([0.2, 0.2, 0.2]), colorSpace='rgb', contrast=0.2, depth=0.0, draggable=False, interpolate=True, mask='circle', maskParams=None, name='surround_practice_2', opacity=1.0, ori=1.0, phase=array([0., 0.]), pos=array([0., 0.]), rgbPedestal=array([0., 0., 0.]), sf=array([1., 1.]), size=array([1., 1.]), tex='sin', texRes=128.0, units='cm', win=Window(...))
26.4288 	EXP 	Created center_practice_2 = GratingStim(__class__=<class 'psychopy.visual.grating.GratingStim'>, anchor='center', autoDraw=False, autoLog=True, blendmode='avg', color=array([0.2, 0.2, 0.2]), colorSpace='rgb', contrast=0.2, depth=-1.0, draggable=False, interpolate=True, mask='circle', maskParams=None, name='center_practice_2', opacity=1, ori=1.0, phase=array([0., 0.]), pos=array([0., 0.]), rgbPedestal=array([0., 0., 0.]), sf=array([1., 1.]), size=array([2., 2.]), tex='sin', texRes=128.0, units='cm', win=Window(...))
26.4312 	EXP 	Created text_12 = TextStim(__class__=<class 'psychopy.visual.text.TextStim'>, alignHoriz=method-wrapper(...), alignText='center', alignVert=method-wrapper(...), anchorHoriz='center', anchorVert='center', antialias=True, autoDraw=False, autoLog=True, bold=False, color=array([1., 1., 1.]), colorSpace='rgb', contrast=1.0, depth=-3.0, draggable=False, flipHoriz=False, flipVert=False, font='Arial', fontFiles=[], height=0.05, italic=False, languageStyle='LTR', name='text_12', opacity=1, ori=0.0, pos=array([0., 0.]), rgb=UNKNOWN, text=str(...), units='height', win=Window(...), wrapWidth=1)
26.4318 	EXP 	Created text_7 = TextStim(__class__=<class 'psychopy.visual.text.TextStim'>, alignHoriz=method-wrapper(...), alignText='center', alignVert=method-wrapper(...), anchorHoriz='center', anchorVert='center', antialias=True, autoDraw=False, autoLog=True, bold=False, color=array([1., 1., 1.]), colorSpace='rgb', contrast=1.0, depth=-1.0, draggable=False, flipHoriz=False, flipVert=False, font='Arial', fontFiles=[], height=0.05, italic=False, languageStyle='LTR', name='text_7', opacity=1, ori=0.0, pos=array([0., 0.]), rgb=UNKNOWN, text='', units='height', win=Window(...), wrapWidth=1)
26.4367 	EXP 	Created text_13 = TextStim(__class__=<class 'psychopy.visual.text.TextStim'>, alignHoriz=method-wrapper(...), alignText='center', alignVert=method-wrapper(...), anchorHoriz='center', anchorVert='center', antialias=True, autoDraw=False, autoLog=True, bold=False, color=array([1., 1., 1.]), colorSpace='rgb', contrast=1.0, depth=0.0, draggable=False, flipHoriz=False, flipVert=False, font='Arial', fontFiles=[], height=0.05, italic=False, languageStyle='LTR', name='text_13', opacity=1, ori=0.0, pos=array([0., 0.]), rgb=UNKNOWN, text=str(...), units='height', win=Window(...), wrapWidth=1)
26.4382 	EXP 	Created surround_grating = GratingStim(__class__=<class 'psychopy.visual.grating.GratingStim'>, anchor='center', autoDraw=False, autoLog=True, blendmode='avg', color=array([0.2, 0.2, 0.2]), colorSpace='rgb', contrast=0.2, depth=-1.0, draggable=False, interpolate=True, mask='circle', maskParams=None, name='surround_grating', opacity=1.0, ori=1.0, phase=array([1., 1.]), pos=array([0., 0.]), rgbPedestal=array([0., 0., 0.]), sf=array([1., 1.]), size=array([1., 1.]), tex='sin', texRes=128.0, units='cm', win=Window(...))
26.4397 	EXP 	Created center_grating = GratingStim(__class__=<class 'psychopy.visual.grating.GratingStim'>, anchor='center', autoDraw=False, autoLog=True, blendmode='avg', color=array([0.2, 0.2, 0.2]), colorSpace='rgb', contrast=0.2, depth=-2.0, draggable=False, interpolate=True, mask='circle', maskParams=None, name='center_grating', opacity=1, ori=1.0, phase=array([1., 1.]), pos=array([0., 0.]), rgbPedestal=array([0., 0., 0.]), sf=array([1., 1.]), size=array([1., 1.]), tex='sin', texRes=128.0, units='cm', win=Window(...))
26.4421 	EXP 	Created text_4 = TextStim(__class__=<class 'psychopy.visual.text.TextStim'>, alignHoriz=method-wrapper(...), alignText='center', alignVert=method-wrapper(...), anchorHoriz='center', anchorVert='center', antialias=True, autoDraw=False, autoLog=True, bold=False, color=array([1., 1., 1.]), colorSpace='rgb', contrast=1.0, depth=-4.0, draggable=False, flipHoriz=False, flipVert=False, font='Arial', fontFiles=[], height=0.05, italic=False, languageStyle='LTR', name='text_4', opacity=1, ori=0.0, pos=array([0., 0.]), rgb=UNKNOWN, text=str(...), units='height', win=Window(...), wrapWidth=1)
26.4456 	EXP 	Created text_2 = TextStim(__class__=<class 'psychopy.visual.text.TextStim'>, alignHoriz=method-wrapper(...), alignText='center', alignVert=method-wrapper(...), anchorHoriz='center', anchorVert='center', antialias=True, autoDraw=False, autoLog=True, bold=False, color=array([1., 1., 1.]), colorSpace='rgb', contrast=1.0, depth=0.0, draggable=False, flipHoriz=False, flipVert=False, font='Arial', fontFiles=[], height=0.05, italic=False, languageStyle='LTR', name='text_2', opacity=1, ori=0.0, pos=array([0., 0.]), rgb=UNKNOWN, text=str(...), units='height', win=Window(...), wrapWidth=1)
26.4475 	EXP 	Created text_14 = TextStim(__class__=<class 'psychopy.visual.text.TextStim'>, alignHoriz=method-wrapper(...), alignText='center', alignVert=method-wrapper(...), anchorHoriz='center', anchorVert='center', antialias=True, autoDraw=False, autoLog=True, bold=False, color=array([1., 1., 1.]), colorSpace='rgb', contrast=1.0, depth=0.0, draggable=False, flipHoriz=False, flipVert=False, font='Arial', fontFiles=[], height=0.05, italic=False, languageStyle='LTR', name='text_14', opacity=1, ori=0.0, pos=array([0., 0.]), rgb=UNKNOWN, text='thank you and have a pleasant day ', units='height', win=Window(...), wrapWidth=1)
0.0332 	INFO 	Keyboard events cleared
0.0330 	WARNING 	t of last frame was 26.57ms (=1/37)
0.0330 	EXP 	text_5: autoDraw = True
0.4587 	WARNING 	t of last frame was 103.16ms (=1/9)
0.5007 	WARNING 	t of last frame was 27.30ms (=1/36)
0.9175 	WARNING 	t of last frame was 59.04ms (=1/16)
1.2169 	WARNING 	Multiple dropped frames have occurred - I'll stop bothering you about them!
155.4500 	DATA 	Keypress: space
155.4559 	INFO 	Keyboard events cleared
155.4553 	EXP 	text_5: autoDraw = False
155.4553 	EXP 	text_6: autoDraw = True
156.5653 	DEBUG 	Read csv file with pandas: tilt_practice_1.csv
156.5694 	DEBUG 	Clearing unnamed columns from tilt_practice_1.csv
156.5699 	EXP 	Imported tilt_practice_1.csv as conditions, 4 conditions, 3 params
156.5741 	DATA 	Keypress: space
156.5773 	INFO 	Keyboard events cleared
156.5769 	EXP 	text_6: autoDraw = False
156.5769 	EXP 	text_8: autoDraw = True
158.6262 	DEBUG 	Read csv file with pandas: tilt_practice_2.csv
158.6269 	DEBUG 	Clearing unnamed columns from tilt_practice_2.csv
158.6274 	EXP 	Imported tilt_practice_2.csv as conditions, 6 conditions, 4 params
158.6311 	DATA 	Keypress: space
158.6342 	INFO 	Keyboard events cleared
158.6340 	EXP 	text_8: autoDraw = False
158.6340 	EXP 	text_13: autoDraw = True
159.4369 	DEBUG 	Read csv file with pandas: ./baseline_stims/sub-brian/ses-0/sub-brian_ses-0_mocs_baseline_stims.csv
159.4378 	DEBUG 	Clearing unnamed columns from ./baseline_stims/sub-brian/ses-0/sub-brian_ses-0_mocs_baseline_stims.csv
159.4534 	EXP 	Imported ./baseline_stims/sub-brian/ses-0/sub-brian_ses-0_mocs_baseline_stims.csv as conditions, 700 conditions, 5 params
159.4584 	EXP 	New trial (rep=0, index=0): <Trial 0 (0 in rep 0) data={'center': 0.0, 'surround': 15.0, 'type': 'm2', 'surr_type': 'poss', 'surr_opacity': 100, 'thisN': 0, 'thisTrialN': 0, 'thisRepN': 0}>
159.4607 	DATA 	Keypress: space
159.4634 	INFO 	Keyboard events cleared
159.4631 	EXP 	text_13: autoDraw = False
159.4631 	EXP 	surround_grating: ori = 15.0
159.4631 	EXP 	surround_grating: sf = array([2.5, 2.5])
159.4631 	EXP 	surround_grating: phase = array([0.03172026, 0.03172026])
159.4631 	EXP 	center_grating: ori = 0.0
159.4631 	EXP 	center_grating: sf = array([2.5, 2.5])
159.4631 	EXP 	center_grating: phase = array([0.02411986, 0.02411986])
159.9570 	EXP 	surround_grating: autoDraw = True
159.9570 	EXP 	center_grating: autoDraw = True
159.9570 	EXP 	surround_grating: tex = 'sin'
159.9570 	EXP 	center_grating: tex = 'sin'
159.9999 	EXP 	text_4: autoDraw = True
160.0332 	EXP 	surround_grating: autoDraw = False
160.0332 	EXP 	center_grating: autoDraw = False
160.7885 	DEBUG 	Saving data for tilt_mocs ExperimentHandler
160.7944 	INFO 	saved data to /Users/bwinsto2/Documents/Github/tilt/tilt_mocs/data/sub-brian/ses-0/sub-brian_ses-0_exp-tiltmocs_2025-08-21_16h39.14.985.psydat
160.7953 	INFO 	saved data to '/Users/bwinsto2/Documents/Github/tilt/tilt_mocs/data/sub-brian/ses-0/sub-brian_ses-0_exp-tiltmocs_2025-08-21_16h39.14.985.csv'
