6.2307 	INFO 	Loaded monitor calibration from ['2025_08_13 14:32']
6.4437 	EXP 	Created window1 = Window(allowGUI=False, allowStencil=False, autoLog=True, backendConf=UNKNOWN, backgroundFit=<method-wrapper '__getattribute__' of attributeSetter object at 0x7f896a976f40>, backgroundImage=<method-wrapper '__getattribute__' of attributeSetter object at 0x7f896a976e80>, bitsMode=UNKNOWN, blendMode='avg', bpc=(8, 8, 8), color=array([0, 0, 0]), colorSpace='rgb', depthBits=8, fullscr=True, gamma=None, gammaErrorPolicy='raise', infoMsg=UNKNOWN, lms=UNKNOWN, monitor=<psychopy.monitors.calibTools.Monitor object at 0x7f896a8a6910>, multiSample=False, name='window1', numSamples=2, pos=[0.0, 0.0], screen=0, size=array([2880, 1800]), stencilBits=0, stereo=False, title='PsychoPy', units='height', useFBO=True, useRetina=True, viewOri=0.0, viewPos=None, viewScale=None, waitBlanking=True, winType='pyglet')
6.4437 	EXP 	window1: backgroundImage = ''
6.4438 	EXP 	window1: backgroundFit = 'none'
6.4909 	EXP 	window1: Attempting to measure frame rate of screen (0) ...
6.4909 	EXP 	window1: recordFrameIntervals = False
6.7138 	EXP 	window1: recordFrameIntervals = True
7.5482 	WARNING 	Couldn't measure a consistent frame rate!
  - Is your graphics card set to sync to vertical blank?
  - Are you running other processes on your computer?

11.1936 	INFO 	keyboard.Keyboard is using iohub backend.
11.1937 	INFO 	keyboard.Keyboard is using iohub backend.
11.1937 	INFO 	keyboard.Keyboard is using iohub backend.
11.1937 	INFO 	keyboard.Keyboard is using iohub backend.
11.1937 	INFO 	keyboard.Keyboard is using iohub backend.
11.1937 	INFO 	keyboard.Keyboard is using iohub backend.
11.1938 	INFO 	keyboard.Keyboard is using iohub backend.
11.1938 	INFO 	keyboard.Keyboard is using iohub backend.
11.1938 	INFO 	keyboard.Keyboard is using iohub backend.
11.1938 	INFO 	keyboard.Keyboard is using iohub backend.
11.1938 	EXP 	tilt_mocs: status = STARTED
11.5034 	EXP 	Created text_5 = TextStim(__class__=<class 'psychopy.visual.text.TextStim'>, alignHoriz=method-wrapper(...), alignText='center', alignVert=method-wrapper(...), anchorHoriz='center', anchorVert='center', antialias=True, autoDraw=False, autoLog=True, bold=False, color=array([1., 1., 1.]), colorSpace='rgb', contrast=1.0, depth=-1.0, draggable=False, flipHoriz=False, flipVert=False, font='Arial', fontFiles=[], height=0.05, italic=False, languageStyle='LTR', name='text_5', opacity=1, ori=0.0, pos=array([0., 0.]), rgb=UNKNOWN, text=str(...), units='height', win=Window(...), wrapWidth=1)
11.5102 	EXP 	Created text_6 = TextStim(__class__=<class 'psychopy.visual.text.TextStim'>, alignHoriz=method-wrapper(...), alignText='center', alignVert=method-wrapper(...), anchorHoriz='center', anchorVert='center', antialias=True, autoDraw=False, autoLog=True, bold=False, color=array([1., 1., 1.]), colorSpace='rgb', contrast=1.0, depth=0.0, draggable=False, flipHoriz=False, flipVert=False, font='Arial', fontFiles=[], height=0.05, italic=False, languageStyle='LTR', name='text_6', opacity=1, ori=0.0, pos=array([0., 0.]), rgb=UNKNOWN, text=str(...), units='height', win=Window(...), wrapWidth=1)
11.5123 	EXP 	Created surround_practice = GratingStim(__class__=<class 'psychopy.visual.grating.GratingStim'>, anchor='center', autoDraw=False, autoLog=True, blendmode='avg', color=array([0.2, 0.2, 0.2]), colorSpace='rgb', contrast=0.2, depth=-1.0, draggable=False, interpolate=True, mask='circle', maskParams=None, name='surround_practice', opacity=1, ori=1.0, phase=array([1., 1.]), pos=array([0., 0.]), rgbPedestal=array([0., 0., 0.]), sf=array([1., 1.]), size=array([1., 1.]), tex='sin', texRes=128.0, units='cm', win=Window(...))
11.5137 	EXP 	Created center_practice = GratingStim(__class__=<class 'psychopy.visual.grating.GratingStim'>, anchor='center', autoDraw=False, autoLog=True, blendmode='avg', color=array([1., 1., 1.]), colorSpace='rgb', contrast=1.0, depth=-2.0, draggable=False, interpolate=True, mask='circle', maskParams=None, name='center_practice', opacity=1, ori=1.0, phase=array([1., 1.]), pos=array([0., 0.]), rgbPedestal=array([0., 0., 0.]), sf=array([1., 1.]), size=array([1., 1.]), tex='sin', texRes=128.0, units='cm', win=Window(...))
11.5171 	EXP 	Created text_11 = TextStim(__class__=<class 'psychopy.visual.text.TextStim'>, alignHoriz=method-wrapper(...), alignText='center', alignVert=method-wrapper(...), anchorHoriz='center', anchorVert='center', antialias=True, autoDraw=False, autoLog=True, bold=False, color=array([1., 1., 1.]), colorSpace='rgb', contrast=1.0, depth=-4.0, draggable=False, flipHoriz=False, flipVert=False, font='Arial', fontFiles=[], height=0.05, italic=False, languageStyle='LTR', name='text_11', opacity=1, ori=0.0, pos=array([0., 0.]), rgb=UNKNOWN, text=str(...), units='height', win=Window(...), wrapWidth=1)
11.5176 	EXP 	Created text_7 = TextStim(__class__=<class 'psychopy.visual.text.TextStim'>, alignHoriz=method-wrapper(...), alignText='center', alignVert=method-wrapper(...), anchorHoriz='center', anchorVert='center', antialias=True, autoDraw=False, autoLog=True, bold=False, color=array([1., 1., 1.]), colorSpace='rgb', contrast=1.0, depth=-1.0, draggable=False, flipHoriz=False, flipVert=False, font='Arial', fontFiles=[], height=0.05, italic=False, languageStyle='LTR', name='text_7', opacity=1, ori=0.0, pos=array([0., 0.]), rgb=UNKNOWN, text='', units='height', win=Window(...), wrapWidth=1)
11.5247 	EXP 	Created text_8 = TextStim(__class__=<class 'psychopy.visual.text.TextStim'>, alignHoriz=method-wrapper(...), alignText='center', alignVert=method-wrapper(...), anchorHoriz='center', anchorVert='center', antialias=True, autoDraw=False, autoLog=True, bold=False, color=array([1., 1., 1.]), colorSpace='rgb', contrast=1.0, depth=0.0, draggable=False, flipHoriz=False, flipVert=False, font='Arial', fontFiles=[], height=0.05, italic=False, languageStyle='LTR', name='text_8', opacity=1, ori=0.0, pos=array([0., 0.]), rgb=UNKNOWN, text=str(...), units='height', win=Window(...), wrapWidth=1)
11.5262 	EXP 	Created surround_practice_2 = GratingStim(__class__=<class 'psychopy.visual.grating.GratingStim'>, anchor='center', autoDraw=False, autoLog=True, blendmode='avg', color=array([0.2, 0.2, 0.2]), colorSpace='rgb', contrast=0.2, depth=0.0, draggable=False, interpolate=True, mask='circle', maskParams=None, name='surround_practice_2', opacity=1.0, ori=1.0, phase=array([0., 0.]), pos=array([0., 0.]), rgbPedestal=array([0., 0., 0.]), sf=array([1., 1.]), size=array([1., 1.]), tex='sin', texRes=128.0, units='cm', win=Window(...))
11.5276 	EXP 	Created center_practice_2 = GratingStim(__class__=<class 'psychopy.visual.grating.GratingStim'>, anchor='center', autoDraw=False, autoLog=True, blendmode='avg', color=array([0.2, 0.2, 0.2]), colorSpace='rgb', contrast=0.2, depth=-1.0, draggable=False, interpolate=True, mask='circle', maskParams=None, name='center_practice_2', opacity=1, ori=1.0, phase=array([0., 0.]), pos=array([0., 0.]), rgbPedestal=array([0., 0., 0.]), sf=array([1., 1.]), size=array([2., 2.]), tex='sin', texRes=128.0, units='cm', win=Window(...))
11.5300 	EXP 	Created text_12 = TextStim(__class__=<class 'psychopy.visual.text.TextStim'>, alignHoriz=method-wrapper(...), alignText='center', alignVert=method-wrapper(...), anchorHoriz='center', anchorVert='center', antialias=True, autoDraw=False, autoLog=True, bold=False, color=array([1., 1., 1.]), colorSpace='rgb', contrast=1.0, depth=-3.0, draggable=False, flipHoriz=False, flipVert=False, font='Arial', fontFiles=[], height=0.05, italic=False, languageStyle='LTR', name='text_12', opacity=1, ori=0.0, pos=array([0., 0.]), rgb=UNKNOWN, text=str(...), units='height', win=Window(...), wrapWidth=1)
11.5305 	EXP 	Created text_7 = TextStim(__class__=<class 'psychopy.visual.text.TextStim'>, alignHoriz=method-wrapper(...), alignText='center', alignVert=method-wrapper(...), anchorHoriz='center', anchorVert='center', antialias=True, autoDraw=False, autoLog=True, bold=False, color=array([1., 1., 1.]), colorSpace='rgb', contrast=1.0, depth=-1.0, draggable=False, flipHoriz=False, flipVert=False, font='Arial', fontFiles=[], height=0.05, italic=False, languageStyle='LTR', name='text_7', opacity=1, ori=0.0, pos=array([0., 0.]), rgb=UNKNOWN, text='', units='height', win=Window(...), wrapWidth=1)
11.5350 	EXP 	Created text_13 = TextStim(__class__=<class 'psychopy.visual.text.TextStim'>, alignHoriz=method-wrapper(...), alignText='center', alignVert=method-wrapper(...), anchorHoriz='center', anchorVert='center', antialias=True, autoDraw=False, autoLog=True, bold=False, color=array([1., 1., 1.]), colorSpace='rgb', contrast=1.0, depth=0.0, draggable=False, flipHoriz=False, flipVert=False, font='Arial', fontFiles=[], height=0.05, italic=False, languageStyle='LTR', name='text_13', opacity=1, ori=0.0, pos=array([0., 0.]), rgb=UNKNOWN, text=str(...), units='height', win=Window(...), wrapWidth=1)
11.5364 	EXP 	Created surround_grating = GratingStim(__class__=<class 'psychopy.visual.grating.GratingStim'>, anchor='center', autoDraw=False, autoLog=True, blendmode='avg', color=array([0.2, 0.2, 0.2]), colorSpace='rgb', contrast=0.2, depth=-1.0, draggable=False, interpolate=True, mask='circle', maskParams=None, name='surround_grating', opacity=1.0, ori=1.0, phase=array([1., 1.]), pos=array([0., 0.]), rgbPedestal=array([0., 0., 0.]), sf=array([1., 1.]), size=array([1., 1.]), tex='sin', texRes=128.0, units='cm', win=Window(...))
11.5378 	EXP 	Created center_grating = GratingStim(__class__=<class 'psychopy.visual.grating.GratingStim'>, anchor='center', autoDraw=False, autoLog=True, blendmode='avg', color=array([0.2, 0.2, 0.2]), colorSpace='rgb', contrast=0.2, depth=-2.0, draggable=False, interpolate=True, mask='circle', maskParams=None, name='center_grating', opacity=1, ori=1.0, phase=array([1., 1.]), pos=array([0., 0.]), rgbPedestal=array([0., 0., 0.]), sf=array([1., 1.]), size=array([1., 1.]), tex='sin', texRes=128.0, units='cm', win=Window(...))
11.5402 	EXP 	Created text_4 = TextStim(__class__=<class 'psychopy.visual.text.TextStim'>, alignHoriz=method-wrapper(...), alignText='center', alignVert=method-wrapper(...), anchorHoriz='center', anchorVert='center', antialias=True, autoDraw=False, autoLog=True, bold=False, color=array([1., 1., 1.]), colorSpace='rgb', contrast=1.0, depth=-4.0, draggable=False, flipHoriz=False, flipVert=False, font='Arial', fontFiles=[], height=0.05, italic=False, languageStyle='LTR', name='text_4', opacity=1, ori=0.0, pos=array([ 0. , -0.7]), rgb=UNKNOWN, text=str(...), units='height', win=Window(...), wrapWidth=1)
11.5433 	EXP 	Created text_2 = TextStim(__class__=<class 'psychopy.visual.text.TextStim'>, alignHoriz=method-wrapper(...), alignText='center', alignVert=method-wrapper(...), anchorHoriz='center', anchorVert='center', antialias=True, autoDraw=False, autoLog=True, bold=False, color=array([1., 1., 1.]), colorSpace='rgb', contrast=1.0, depth=0.0, draggable=False, flipHoriz=False, flipVert=False, font='Arial', fontFiles=[], height=0.05, italic=False, languageStyle='LTR', name='text_2', opacity=1, ori=0.0, pos=array([0., 0.]), rgb=UNKNOWN, text=str(...), units='height', win=Window(...), wrapWidth=1)
11.5451 	EXP 	Created text_14 = TextStim(__class__=<class 'psychopy.visual.text.TextStim'>, alignHoriz=method-wrapper(...), alignText='center', alignVert=method-wrapper(...), anchorHoriz='center', anchorVert='center', antialias=True, autoDraw=False, autoLog=True, bold=False, color=array([1., 1., 1.]), colorSpace='rgb', contrast=1.0, depth=0.0, draggable=False, flipHoriz=False, flipVert=False, font='Arial', fontFiles=[], height=0.05, italic=False, languageStyle='LTR', name='text_14', opacity=1, ori=0.0, pos=array([0., 0.]), rgb=UNKNOWN, text='thank you and have a pleasant day ', units='height', win=Window(...), wrapWidth=1)
0.0187 	INFO 	Keyboard events cleared
0.0183 	EXP 	text_5: autoDraw = True
0.7298 	DATA 	Keypress: space
0.7367 	INFO 	Keyboard events cleared
0.7362 	WARNING 	t of last frame was 66.44ms (=1/15)
0.7362 	EXP 	text_5: autoDraw = False
0.7362 	EXP 	text_6: autoDraw = True
0.8669 	EXP 	Imported tilt_practice_1.csv as conditions, 4 conditions, 3 params
0.8713 	DATA 	Keypress: space
0.8762 	INFO 	Keyboard events cleared
0.8757 	EXP 	text_6: autoDraw = False
0.8757 	EXP 	text_8: autoDraw = True
1.0428 	EXP 	Imported tilt_practice_2.csv as conditions, 6 conditions, 4 params
1.0471 	DATA 	Keypress: space
1.0513 	INFO 	Keyboard events cleared
1.0508 	EXP 	text_8: autoDraw = False
1.0508 	EXP 	text_13: autoDraw = True
1.6034 	EXP 	Imported ./baseline_stims/sub-brian/ses-0/sub-brian_ses-0_mocs_baseline_stims.csv as conditions, 700 conditions, 5 params
1.6083 	EXP 	New trial (rep=0, index=0): <Trial 0 (0 in rep 0) data={'center': 1.0, 'surround': 15.0, 'type': 'PSE', 'surr_type': 'poss', 'surr_opacity': 100, 'thisN': 0, 'thisTrialN': 0, 'thisRepN': 0}>
1.6113 	DATA 	Keypress: space
1.6149 	INFO 	Keyboard events cleared
1.6145 	WARNING 	t of last frame was 44.53ms (=1/22)
1.6145 	EXP 	text_13: autoDraw = False
1.6145 	EXP 	surround_grating: ori = 15.0
1.6145 	EXP 	surround_grating: sf = array([2.5, 2.5])
1.6145 	EXP 	surround_grating: phase = array([0.76665628, 0.76665628])
1.6145 	EXP 	center_grating: ori = 1.0
1.6145 	EXP 	center_grating: sf = array([2.5, 2.5])
1.6145 	EXP 	center_grating: phase = array([0.07868726, 0.07868726])
2.0765 	EXP 	surround_grating: autoDraw = True
2.0765 	EXP 	center_grating: autoDraw = True
2.0765 	EXP 	surround_grating: tex = 'sin'
2.0765 	EXP 	center_grating: tex = 'sin'
2.1427 	EXP 	text_4: autoDraw = True
2.1530 	EXP 	surround_grating: autoDraw = False
2.1530 	EXP 	center_grating: autoDraw = False
3.2280 	DATA 	Keypress: left
3.2320 	WARNING 	t of last frame was 62.14ms (=1/16)
3.2331 	EXP 	New trial (rep=0, index=1): <Trial 1 (1 in rep 0) data={'center': -2.7222222222222228, 'surround': -15.0, 'type': 'PSE', 'surr_type': 'negs', 'surr_opacity': 100, 'thisN': 1, 'thisTrialN': 1, 'thisRepN': 0}>
3.2391 	INFO 	Keyboard events cleared
3.2388 	EXP 	surround_grating: autoDraw = False
3.2388 	EXP 	center_grating: autoDraw = False
3.2388 	EXP 	text_4: autoDraw = False
3.2388 	EXP 	text_2: autoDraw = False
3.2388 	EXP 	surround_grating: ori = -15.0
3.2388 	EXP 	surround_grating: sf = array([2.5, 2.5])
3.2388 	EXP 	surround_grating: phase = array([0.13161432, 0.13161432])
3.2388 	EXP 	center_grating: ori = -2.7222222222222228
3.2388 	EXP 	center_grating: sf = array([2.5, 2.5])
3.2388 	EXP 	center_grating: phase = array([0.89169838, 0.89169838])
3.7290 	EXP 	surround_grating: autoDraw = True
3.7290 	EXP 	center_grating: autoDraw = True
3.8094 	EXP 	surround_grating: autoDraw = False
3.8094 	EXP 	center_grating: autoDraw = False
3.8094 	EXP 	text_4: autoDraw = True
4.3390 	EXP 	New trial (rep=0, index=2): <Trial 2 (2 in rep 0) data={'center': 0.5, 'surround': 15.0, 'type': 'm3', 'surr_type': 'poss', 'surr_opacity': 100, 'thisN': 2, 'thisTrialN': 2, 'thisRepN': 0}>
4.3423 	DATA 	Keypress: right
4.3470 	INFO 	Keyboard events cleared
4.3465 	EXP 	surround_grating: autoDraw = False
4.3465 	EXP 	center_grating: autoDraw = False
4.3465 	EXP 	text_4: autoDraw = False
4.3465 	EXP 	text_2: autoDraw = False
4.3465 	EXP 	surround_grating: ori = 15.0
4.3465 	EXP 	surround_grating: sf = array([2.5, 2.5])
4.3465 	EXP 	surround_grating: phase = array([0.44260072, 0.44260072])
4.3465 	EXP 	center_grating: ori = 0.5
4.3465 	EXP 	center_grating: sf = array([2.5, 2.5])
4.3465 	EXP 	center_grating: phase = array([0.42928491, 0.42928491])
4.8351 	EXP 	surround_grating: autoDraw = True
4.8351 	EXP 	center_grating: autoDraw = True
4.9068 	EXP 	surround_grating: autoDraw = False
4.9068 	EXP 	center_grating: autoDraw = False
4.9068 	EXP 	text_4: autoDraw = True
5.2087 	DATA 	Keypress: escape
5.2743 	EXP 	tilt_mocs: status = STOPPED
5.2863 	EXP 	text_4: autoDraw = False
5.2863 	EXP 	tilt_mocs: status = STOPPED
5.2928 	INFO 	saved data to '/Users/bwinsto2/Documents/Documents - BV-PCR-VPJVMF3/Github/tilt/tilt_mocs/data/sub-brian/ses-0/sub-brian_ses-0_exp-tiltmocs_2025-09-11_12h37.05.617.csv'
5.3045 	INFO 	saved data to /Users/bwinsto2/Documents/Documents - BV-PCR-VPJVMF3/Github/tilt/tilt_mocs/data/sub-brian/ses-0/sub-brian_ses-0_exp-tiltmocs_2025-09-11_12h37.05.617.psydat
5.3082 	WARNING 	t of last frame was 21.93ms (=1/45)
