6.3573 	INFO 	Loaded monitor calibration from ['2025_08_13 14:32']
6.5694 	EXP 	Created window1 = Window(allowGUI=False, allowStencil=False, autoLog=True, backendConf=UNKNOWN, backgroundFit=<method-wrapper '__getattribute__' of attributeSetter object at 0x7fcd021f4d60>, backgroundImage=<method-wrapper '__getattribute__' of attributeSetter object at 0x7fcd021f4c70>, bitsMode=UNKNOWN, blendMode='avg', bpc=(8, 8, 8), color=array([0, 0, 0]), colorSpace='rgb', depthBits=8, fullscr=True, gamma=None, gammaErrorPolicy='raise', infoMsg=UNKNOWN, lms=UNKNOWN, monitor=<psychopy.monitors.calibTools.Monitor object at 0x7fcd01d98850>, multiSample=False, name='window1', numSamples=2, pos=[0.0, 0.0], screen=0, size=array([2880, 1800]), stencilBits=0, stereo=False, title='PsychoPy', units='height', useFBO=True, useRetina=True, viewOri=0.0, viewPos=None, viewScale=None, waitBlanking=True, winType='pyglet')
6.5695 	EXP 	window1: backgroundImage = ''
6.5695 	EXP 	window1: backgroundFit = 'none'
6.6176 	EXP 	window1: Attempting to measure frame rate of screen (0) ...
6.6176 	EXP 	window1: recordFrameIntervals = False
6.8500 	EXP 	window1: recordFrameIntervals = True
7.6867 	WARNING 	Couldn't measure a consistent frame rate!
  - Is your graphics card set to sync to vertical blank?
  - Are you running other processes on your computer?

11.0789 	INFO 	keyboard.Keyboard is using iohub backend.
11.0789 	INFO 	keyboard.Keyboard is using iohub backend.
11.0789 	INFO 	keyboard.Keyboard is using iohub backend.
11.0789 	INFO 	keyboard.Keyboard is using iohub backend.
11.0790 	INFO 	keyboard.Keyboard is using iohub backend.
11.0790 	INFO 	keyboard.Keyboard is using iohub backend.
11.0790 	INFO 	keyboard.Keyboard is using iohub backend.
11.0790 	INFO 	keyboard.Keyboard is using iohub backend.
11.0790 	INFO 	keyboard.Keyboard is using iohub backend.
11.0790 	INFO 	keyboard.Keyboard is using iohub backend.
11.0791 	EXP 	tilt_mocs: status = STARTED
11.3818 	EXP 	Created text_5 = TextStim(__class__=<class 'psychopy.visual.text.TextStim'>, alignHoriz=method-wrapper(...), alignText='center', alignVert=method-wrapper(...), anchorHoriz='center', anchorVert='center', antialias=True, autoDraw=False, autoLog=True, bold=False, color=array([1., 1., 1.]), colorSpace='rgb', contrast=1.0, depth=-1.0, draggable=False, flipHoriz=False, flipVert=False, font='Arial', fontFiles=[], height=0.05, italic=False, languageStyle='LTR', name='text_5', opacity=1, ori=0.0, pos=array([0., 0.]), rgb=UNKNOWN, text=str(...), units='height', win=Window(...), wrapWidth=1)
11.3886 	EXP 	Created text_6 = TextStim(__class__=<class 'psychopy.visual.text.TextStim'>, alignHoriz=method-wrapper(...), alignText='center', alignVert=method-wrapper(...), anchorHoriz='center', anchorVert='center', antialias=True, autoDraw=False, autoLog=True, bold=False, color=array([1., 1., 1.]), colorSpace='rgb', contrast=1.0, depth=0.0, draggable=False, flipHoriz=False, flipVert=False, font='Arial', fontFiles=[], height=0.05, italic=False, languageStyle='LTR', name='text_6', opacity=1, ori=0.0, pos=array([0., 0.]), rgb=UNKNOWN, text=str(...), units='height', win=Window(...), wrapWidth=1)
11.3906 	EXP 	Created surround_practice = GratingStim(__class__=<class 'psychopy.visual.grating.GratingStim'>, anchor='center', autoDraw=False, autoLog=True, blendmode='avg', color=array([0.2, 0.2, 0.2]), colorSpace='rgb', contrast=0.2, depth=-1.0, draggable=False, interpolate=True, mask='circle', maskParams=None, name='surround_practice', opacity=1, ori=1.0, phase=array([1., 1.]), pos=array([0., 0.]), rgbPedestal=array([0., 0., 0.]), sf=array([1., 1.]), size=array([1., 1.]), tex='sin', texRes=128.0, units='cm', win=Window(...))
11.3921 	EXP 	Created center_practice = GratingStim(__class__=<class 'psychopy.visual.grating.GratingStim'>, anchor='center', autoDraw=False, autoLog=True, blendmode='avg', color=array([1., 1., 1.]), colorSpace='rgb', contrast=1.0, depth=-2.0, draggable=False, interpolate=True, mask='circle', maskParams=None, name='center_practice', opacity=1, ori=1.0, phase=array([1., 1.]), pos=array([0., 0.]), rgbPedestal=array([0., 0., 0.]), sf=array([1., 1.]), size=array([1., 1.]), tex='sin', texRes=128.0, units='cm', win=Window(...))
11.3954 	EXP 	Created text_11 = TextStim(__class__=<class 'psychopy.visual.text.TextStim'>, alignHoriz=method-wrapper(...), alignText='center', alignVert=method-wrapper(...), anchorHoriz='center', anchorVert='center', antialias=True, autoDraw=False, autoLog=True, bold=False, color=array([1., 1., 1.]), colorSpace='rgb', contrast=1.0, depth=-4.0, draggable=False, flipHoriz=False, flipVert=False, font='Arial', fontFiles=[], height=0.05, italic=False, languageStyle='LTR', name='text_11', opacity=1, ori=0.0, pos=array([0., 0.]), rgb=UNKNOWN, text=str(...), units='height', win=Window(...), wrapWidth=1)
11.3960 	EXP 	Created text_7 = TextStim(__class__=<class 'psychopy.visual.text.TextStim'>, alignHoriz=method-wrapper(...), alignText='center', alignVert=method-wrapper(...), anchorHoriz='center', anchorVert='center', antialias=True, autoDraw=False, autoLog=True, bold=False, color=array([1., 1., 1.]), colorSpace='rgb', contrast=1.0, depth=-1.0, draggable=False, flipHoriz=False, flipVert=False, font='Arial', fontFiles=[], height=0.05, italic=False, languageStyle='LTR', name='text_7', opacity=1, ori=0.0, pos=array([0., 0.]), rgb=UNKNOWN, text='', units='height', win=Window(...), wrapWidth=1)
11.4031 	EXP 	Created text_8 = TextStim(__class__=<class 'psychopy.visual.text.TextStim'>, alignHoriz=method-wrapper(...), alignText='center', alignVert=method-wrapper(...), anchorHoriz='center', anchorVert='center', antialias=True, autoDraw=False, autoLog=True, bold=False, color=array([1., 1., 1.]), colorSpace='rgb', contrast=1.0, depth=0.0, draggable=False, flipHoriz=False, flipVert=False, font='Arial', fontFiles=[], height=0.05, italic=False, languageStyle='LTR', name='text_8', opacity=1, ori=0.0, pos=array([0., 0.]), rgb=UNKNOWN, text=str(...), units='height', win=Window(...), wrapWidth=1)
11.4045 	EXP 	Created surround_practice_2 = GratingStim(__class__=<class 'psychopy.visual.grating.GratingStim'>, anchor='center', autoDraw=False, autoLog=True, blendmode='avg', color=array([0.2, 0.2, 0.2]), colorSpace='rgb', contrast=0.2, depth=0.0, draggable=False, interpolate=True, mask='circle', maskParams=None, name='surround_practice_2', opacity=1.0, ori=1.0, phase=array([0., 0.]), pos=array([0., 0.]), rgbPedestal=array([0., 0., 0.]), sf=array([1., 1.]), size=array([1., 1.]), tex='sin', texRes=128.0, units='cm', win=Window(...))
11.4059 	EXP 	Created center_practice_2 = GratingStim(__class__=<class 'psychopy.visual.grating.GratingStim'>, anchor='center', autoDraw=False, autoLog=True, blendmode='avg', color=array([0.2, 0.2, 0.2]), colorSpace='rgb', contrast=0.2, depth=-1.0, draggable=False, interpolate=True, mask='circle', maskParams=None, name='center_practice_2', opacity=1, ori=1.0, phase=array([0., 0.]), pos=array([0., 0.]), rgbPedestal=array([0., 0., 0.]), sf=array([1., 1.]), size=array([2., 2.]), tex='sin', texRes=128.0, units='cm', win=Window(...))
11.4083 	EXP 	Created text_12 = TextStim(__class__=<class 'psychopy.visual.text.TextStim'>, alignHoriz=method-wrapper(...), alignText='center', alignVert=method-wrapper(...), anchorHoriz='center', anchorVert='center', antialias=True, autoDraw=False, autoLog=True, bold=False, color=array([1., 1., 1.]), colorSpace='rgb', contrast=1.0, depth=-3.0, draggable=False, flipHoriz=False, flipVert=False, font='Arial', fontFiles=[], height=0.05, italic=False, languageStyle='LTR', name='text_12', opacity=1, ori=0.0, pos=array([0., 0.]), rgb=UNKNOWN, text=str(...), units='height', win=Window(...), wrapWidth=1)
11.4088 	EXP 	Created text_7 = TextStim(__class__=<class 'psychopy.visual.text.TextStim'>, alignHoriz=method-wrapper(...), alignText='center', alignVert=method-wrapper(...), anchorHoriz='center', anchorVert='center', antialias=True, autoDraw=False, autoLog=True, bold=False, color=array([1., 1., 1.]), colorSpace='rgb', contrast=1.0, depth=-1.0, draggable=False, flipHoriz=False, flipVert=False, font='Arial', fontFiles=[], height=0.05, italic=False, languageStyle='LTR', name='text_7', opacity=1, ori=0.0, pos=array([0., 0.]), rgb=UNKNOWN, text='', units='height', win=Window(...), wrapWidth=1)
11.4133 	EXP 	Created text_13 = TextStim(__class__=<class 'psychopy.visual.text.TextStim'>, alignHoriz=method-wrapper(...), alignText='center', alignVert=method-wrapper(...), anchorHoriz='center', anchorVert='center', antialias=True, autoDraw=False, autoLog=True, bold=False, color=array([1., 1., 1.]), colorSpace='rgb', contrast=1.0, depth=0.0, draggable=False, flipHoriz=False, flipVert=False, font='Arial', fontFiles=[], height=0.05, italic=False, languageStyle='LTR', name='text_13', opacity=1, ori=0.0, pos=array([0., 0.]), rgb=UNKNOWN, text=str(...), units='height', win=Window(...), wrapWidth=1)
11.4147 	EXP 	Created surround_grating = GratingStim(__class__=<class 'psychopy.visual.grating.GratingStim'>, anchor='center', autoDraw=False, autoLog=True, blendmode='avg', color=array([0.2, 0.2, 0.2]), colorSpace='rgb', contrast=0.2, depth=-1.0, draggable=False, interpolate=True, mask='circle', maskParams=None, name='surround_grating', opacity=1.0, ori=1.0, phase=array([1., 1.]), pos=array([0., 0.]), rgbPedestal=array([0., 0., 0.]), sf=array([1., 1.]), size=array([1., 1.]), tex='sin', texRes=128.0, units='cm', win=Window(...))
11.4161 	EXP 	Created center_grating = GratingStim(__class__=<class 'psychopy.visual.grating.GratingStim'>, anchor='center', autoDraw=False, autoLog=True, blendmode='avg', color=array([0.2, 0.2, 0.2]), colorSpace='rgb', contrast=0.2, depth=-2.0, draggable=False, interpolate=True, mask='circle', maskParams=None, name='center_grating', opacity=1, ori=1.0, phase=array([1., 1.]), pos=array([0., 0.]), rgbPedestal=array([0., 0., 0.]), sf=array([1., 1.]), size=array([1., 1.]), tex='sin', texRes=128.0, units='cm', win=Window(...))
11.4186 	EXP 	Created text_4 = TextStim(__class__=<class 'psychopy.visual.text.TextStim'>, alignHoriz=method-wrapper(...), alignText='center', alignVert=method-wrapper(...), anchorHoriz='center', anchorVert='center', antialias=True, autoDraw=False, autoLog=True, bold=False, color=array([1., 1., 1.]), colorSpace='rgb', contrast=1.0, depth=-4.0, draggable=False, flipHoriz=False, flipVert=False, font='Arial', fontFiles=[], height=0.05, italic=False, languageStyle='LTR', name='text_4', opacity=1, ori=0.0, pos=array([ 0. , -0.1]), rgb=UNKNOWN, text=str(...), units='height', win=Window(...), wrapWidth=1)
11.4217 	EXP 	Created text_2 = TextStim(__class__=<class 'psychopy.visual.text.TextStim'>, alignHoriz=method-wrapper(...), alignText='center', alignVert=method-wrapper(...), anchorHoriz='center', anchorVert='center', antialias=True, autoDraw=False, autoLog=True, bold=False, color=array([1., 1., 1.]), colorSpace='rgb', contrast=1.0, depth=0.0, draggable=False, flipHoriz=False, flipVert=False, font='Arial', fontFiles=[], height=0.05, italic=False, languageStyle='LTR', name='text_2', opacity=1, ori=0.0, pos=array([0., 0.]), rgb=UNKNOWN, text=str(...), units='height', win=Window(...), wrapWidth=1)
11.4235 	EXP 	Created text_14 = TextStim(__class__=<class 'psychopy.visual.text.TextStim'>, alignHoriz=method-wrapper(...), alignText='center', alignVert=method-wrapper(...), anchorHoriz='center', anchorVert='center', antialias=True, autoDraw=False, autoLog=True, bold=False, color=array([1., 1., 1.]), colorSpace='rgb', contrast=1.0, depth=0.0, draggable=False, flipHoriz=False, flipVert=False, font='Arial', fontFiles=[], height=0.05, italic=False, languageStyle='LTR', name='text_14', opacity=1, ori=0.0, pos=array([0., 0.]), rgb=UNKNOWN, text='thank you and have a pleasant day ', units='height', win=Window(...), wrapWidth=1)
0.0184 	INFO 	Keyboard events cleared
0.0180 	EXP 	text_5: autoDraw = True
0.5708 	DATA 	Keypress: space
0.5780 	INFO 	Keyboard events cleared
0.5775 	WARNING 	t of last frame was 70.23ms (=1/14)
0.5775 	EXP 	text_5: autoDraw = False
0.5775 	EXP 	text_6: autoDraw = True
0.7895 	EXP 	Imported tilt_practice_1.csv as conditions, 4 conditions, 3 params
0.7946 	DATA 	Keypress: space
0.7998 	INFO 	Keyboard events cleared
0.7994 	WARNING 	t of last frame was 21.20ms (=1/47)
0.7994 	EXP 	text_6: autoDraw = False
0.7994 	EXP 	text_8: autoDraw = True
0.9994 	EXP 	Imported tilt_practice_2.csv as conditions, 6 conditions, 4 params
1.0039 	DATA 	Keypress: space
1.0090 	INFO 	Keyboard events cleared
1.0084 	EXP 	text_8: autoDraw = False
1.0084 	EXP 	text_13: autoDraw = True
1.7392 	EXP 	Imported ./baseline_stims/sub-brian/ses-0/sub-brian_ses-0_mocs_baseline_stims.csv as conditions, 700 conditions, 5 params
1.7439 	EXP 	New trial (rep=0, index=0): <Trial 0 (0 in rep 0) data={'center': -1.7222222222222228, 'surround': -15.0, 'type': 'p2', 'surr_type': 'negs', 'surr_opacity': 100, 'thisN': 0, 'thisTrialN': 0, 'thisRepN': 0}>
1.7465 	DATA 	Keypress: space
1.7500 	INFO 	Keyboard events cleared
1.7497 	WARNING 	t of last frame was 43.58ms (=1/22)
1.7497 	EXP 	text_13: autoDraw = False
1.7497 	EXP 	surround_grating: ori = -15.0
1.7497 	EXP 	surround_grating: sf = array([2.5, 2.5])
1.7497 	EXP 	surround_grating: phase = array([0.06309978, 0.06309978])
1.7497 	EXP 	center_grating: ori = -1.7222222222222228
1.7497 	EXP 	center_grating: sf = array([2.5, 2.5])
1.7497 	EXP 	center_grating: phase = array([0.46146954, 0.46146954])
2.2117 	EXP 	surround_grating: autoDraw = True
2.2117 	EXP 	center_grating: autoDraw = True
2.2117 	EXP 	surround_grating: tex = 'sin'
2.2117 	EXP 	center_grating: tex = 'sin'
2.2808 	EXP 	text_4: autoDraw = True
2.2897 	EXP 	surround_grating: autoDraw = False
2.2897 	EXP 	center_grating: autoDraw = False
3.6601 	DATA 	Keypress: escape
3.6638 	WARNING 	t of last frame was 24.70ms (=1/40)
3.7400 	EXP 	tilt_mocs: status = STOPPED
3.7429 	EXP 	text_4: autoDraw = False
3.7429 	EXP 	tilt_mocs: status = STOPPED
3.7452 	INFO 	saved data to '/Users/bwinsto2/Documents/Documents - BV-PCR-VPJVMF3/Github/tilt/tilt_mocs/data/sub-brian/ses-0/sub-brian_ses-0_exp-tiltmocs_2025-09-11_12h37.36.102.csv'
3.7503 	INFO 	saved data to /Users/bwinsto2/Documents/Documents - BV-PCR-VPJVMF3/Github/tilt/tilt_mocs/data/sub-brian/ses-0/sub-brian_ses-0_exp-tiltmocs_2025-09-11_12h37.36.102.psydat
