7.5111 	DEBUG 	Fullscreen settings ignored as running in pilot mode.
7.5122 	INFO 	Loaded monitor calibration from ['2025_08_13 14:32']
7.6980 	EXP 	Created window1 = Window(allowGUI=False, allowStencil=False, autoLog=True, backendConf=UNKNOWN, backgroundFit=<method-wrapper '__getattribute__' of attributeSetter object at 0x7fb572bfec70>, backgroundImage=<method-wrapper '__getattribute__' of attributeSetter object at 0x7fb572bfeb80>, bitsMode=UNKNOWN, blendMode='avg', bpc=(8, 8, 8), color=array([0, 0, 0]), colorSpace='rgb', depthBits=8, fullscr=False, gamma=None, gammaErrorPolicy='raise', infoMsg=UNKNOWN, lms=UNKNOWN, monitor=<psychopy.monitors.calibTools.Monitor object at 0x7fb57a52f6a0>, multiSample=False, name='window1', numSamples=2, pos=[320.0, 150.0], screen=0, size=array([1600, 1200]), stencilBits=0, stereo=False, title='PsychoPy', units='height', useFBO=True, useRetina=True, viewOri=0.0, viewPos=None, viewScale=None, waitBlanking=True, winType='pyglet')
7.6981 	EXP 	window1: backgroundImage = ''
7.6981 	EXP 	window1: backgroundFit = 'none'
7.7068 	DEBUG 	TextBox2 loaded 1 chars with 0 blanks and 1 valid
7.7075 	DEBUG 	TextBox2 loaded 1 chars with 0 blanks and 1 valid
7.7083 	DEBUG 	TextBox2 loaded 1 chars with 0 blanks and 1 valid
7.7091 	DEBUG 	TextBox2 loaded 1 chars with 0 blanks and 1 valid
7.7101 	DEBUG 	TextBox2 loaded 1 chars with 0 blanks and 1 valid
7.7105 	DEBUG 	TextBox2 loaded 1 chars with 0 blanks and 1 valid
7.7112 	DEBUG 	TextBox2 loaded 1 chars with 0 blanks and 1 valid
7.7121 	DEBUG 	TextBox2 loaded 1 chars with 0 blanks and 1 valid
7.7125 	DEBUG 	TextBox2 loaded 1 chars with 0 blanks and 1 valid
7.7128 	DEBUG 	TextBox2 loaded 1 chars with 0 blanks and 1 valid
7.7135 	DEBUG 	TextBox2 loaded 1 chars with 0 blanks and 1 valid
7.7142 	DEBUG 	TextBox2 loaded 1 chars with 0 blanks and 1 valid
7.7148 	DEBUG 	TextBox2 loaded 1 chars with 0 blanks and 1 valid
7.7156 	DEBUG 	TextBox2 loaded 1 chars with 0 blanks and 1 valid
7.7163 	DEBUG 	TextBox2 loaded 1 chars with 0 blanks and 1 valid
7.7173 	DEBUG 	TextBox2 loaded 1 chars with 0 blanks and 1 valid
7.7181 	DEBUG 	TextBox2 loaded 1 chars with 0 blanks and 1 valid
7.7186 	DEBUG 	TextBox2 loaded 1 chars with 0 blanks and 1 valid
7.7192 	DEBUG 	TextBox2 loaded 1 chars with 0 blanks and 1 valid
7.7201 	DEBUG 	TextBox2 loaded 1 chars with 0 blanks and 1 valid
7.7207 	DEBUG 	TextBox2 loaded 1 chars with 0 blanks and 1 valid
7.7209 	DEBUG 	Uploading Texture Font fontname to graphics card
7.7246 	DEBUG 	Upload of Texture Font fontname complete
7.7300 	DEBUG 	TextBox2 loaded 1 chars with 0 blanks and 1 valid
7.7311 	DEBUG 	TextBox2 loaded 1 chars with 0 blanks and 1 valid
7.7321 	DEBUG 	TextBox2 loaded 1 chars with 0 blanks and 1 valid
7.7323 	DEBUG 	Uploading Texture Font fontname to graphics card
7.7343 	DEBUG 	Upload of Texture Font fontname complete
7.7359 	EXP 	window1: Attempting to measure frame rate of screen (0) ...
7.7359 	EXP 	window1: recordFrameIntervals = False
7.9354 	EXP 	window1: recordFrameIntervals = True
8.8074 	WARNING 	Couldn't measure a consistent frame rate!
  - Is your graphics card set to sync to vertical blank?
  - Are you running other processes on your computer?

8.8166 	DEBUG 	TextBox2 loaded 1 chars with 0 blanks and 1 valid
8.8176 	DEBUG 	TextBox2 loaded 1 chars with 0 blanks and 1 valid
8.8191 	DEBUG 	TextBox2 loaded 1 chars with 0 blanks and 1 valid
8.8208 	DEBUG 	TextBox2 loaded 1 chars with 0 blanks and 1 valid
8.8224 	DEBUG 	TextBox2 loaded 1 chars with 0 blanks and 1 valid
8.8239 	DEBUG 	TextBox2 loaded 1 chars with 0 blanks and 1 valid
8.8247 	DEBUG 	TextBox2 loaded 1 chars with 0 blanks and 1 valid
8.8261 	DEBUG 	TextBox2 loaded 1 chars with 0 blanks and 1 valid
8.8277 	DEBUG 	TextBox2 loaded 1 chars with 0 blanks and 1 valid
8.8290 	DEBUG 	TextBox2 loaded 1 chars with 0 blanks and 1 valid
8.8294 	DEBUG 	Uploading Texture Font fontname to graphics card
8.8327 	DEBUG 	Upload of Texture Font fontname complete
8.8534 	WARNING 	launchHubServer: If using the iohub mouse or eyetracker devices, fullScr should be True.
11.9719 	INFO 	keyboard.Keyboard is using iohub backend.
11.9719 	INFO 	keyboard.Keyboard is using iohub backend.
11.9720 	INFO 	keyboard.Keyboard is using iohub backend.
11.9720 	INFO 	keyboard.Keyboard is using iohub backend.
11.9720 	INFO 	keyboard.Keyboard is using iohub backend.
11.9720 	INFO 	keyboard.Keyboard is using iohub backend.
11.9721 	INFO 	keyboard.Keyboard is using iohub backend.
11.9721 	INFO 	keyboard.Keyboard is using iohub backend.
11.9721 	INFO 	keyboard.Keyboard is using iohub backend.
11.9721 	EXP 	tilt_mocs: status = STARTED
12.2333 	DEBUG 	Saving data for tilt_mocs ExperimentHandler
12.2340 	INFO 	saved data to /Users/bwinsto2/Documents/Github/tilt/tilt_mocs/data/sub-brian/ses-0/sub-brian_ses-0_exp-tiltmocs_2025-08-21_15h08.46.387.psydat
12.2343 	INFO 	saved data to '/Users/bwinsto2/Documents/Github/tilt/tilt_mocs/data/sub-brian/ses-0/sub-brian_ses-0_exp-tiltmocs_2025-08-21_15h08.46.387.csv'
